   ------------------------------------------------------------------
  | Welcome to ROOT 6.28/04                        https://root.cern |
  | (c) 1995-2022, The ROOT Team; conception: R. Brun, F. Rademakers |
  | Built for linuxx8664gcc on Jul 28 2023, 13:59:00                 |
  | From tags/v6-28-04@v6-28-04                                      |
  | With c++ (GCC) 12.2.0                                            |
  | Try '.help'/'.?', '.demo', '.license', '.credits', '.quit'/'.q'  |
   ------------------------------------------------------------------


Processing Segmentation.C...
In file included from input_line_8:1:
In file included from /root/CNN_PID/ML/Segmentation.C:12:
In file included from /root/CNN_PID/ML/CkovTools.cpp:12:
/root/CNN_PID/ML/populate2.cpp:623:4: warning: treating Unicode character as whitespace [-Wunicode-whitespace]
                } 
                 ^
/root/CNN_PID/ML/populate2.cpp:873:4: warning: treating Unicode character as whitespace [-Wunicode-whitespace]
                } 
                 ^
/root/CNN_PID/ML/populate2.cpp:371:114: warning: format specifies type 'int' but the argument has type 'size_t' (aka 'unsigned long') [-Wformat]
                Printf("        checkCond() -->  kN %d | initValue %d | phiPhoton %.3f, phiP %.3f, phiC %.3f, phi2 %.3f, phi1 %.3f,", kN, initValue, phiPhoton, phiP, phiC, phi2, phi1);
                                                    ~~                                                                                ^~
                                                    %zu
/root/CNN_PID/ML/populate2.cpp:637:128: warning: format specifies type 'int' but the argument has type 'size_t' (aka 'unsigned long') [-Wformat]
                Printf("        checkOver(%s) -->  kN %d | initValue %d | phiPhoton %.3f, phiP %.3f, phiC %.3f, phi2 %.3f, phi1 %.3f,", hadronType, kN, initValue, phiPhoton, phiP, phiC, phi2, phi1);
                                                      ~~                                                                                            ^~
                                                      %zu
/root/CNN_PID/ML/populate2.cpp:878:25: warning: more '%' conversions than data arguments [-Wformat-insufficient-args]
                        Printf("        checkUnder(%s) -->  phi2 == 0, setting back to 1st elem in arr");
                                                   ~^
/root/CNN_PID/ML/populate2.cpp:887:129: warning: format specifies type 'int' but the argument has type 'size_t' (aka 'unsigned long') [-Wformat]
                Printf("        checkUnder(%s) -->  kN %d | initValue %d | phiPhoton %.3f, phiP %.3f, phiC %.3f, phi2 %.3f, phi1 %.3f,", hadronType, kN, initValue, phiPhoton, phiP, phiC, phi2, phi1);
                                                       ~~                                                                                            ^~
                                                       %zu
/root/CNN_PID/ML/populate2.cpp:1096:128: warning: format specifies type 'int' but the argument has type 'size_t' (aka 'unsigned long') [-Wformat]
                Printf("        checkOver(%s) -->  kN %d | initValue %d | phiPhoton %.3f, phiP %.3f, phiC %.3f, phi2 %.3f, phi1 %.3f,", hadronType, kN, initValue, phiPhoton, phiP, phiC, phi2, phi1);
                                                      ~~                                                                                            ^~
                                                      %zu
/root/CNN_PID/ML/populate2.cpp:1289:129: warning: format specifies type 'int' but the argument has type 'size_t' (aka 'unsigned long') [-Wformat]
                Printf("        checkUnder(%s) -->  kN %d | initValue %d | phiPhoton %.3f, phiP %.3f, phiC %.3f, phi2 %.3f, phi1 %.3f,", hadronType, kN, initValue, phiPhoton, phiP, phiC, phi2, phi1);
                                                       ~~                                                                                            ^~
                                                       %zu
In file included from input_line_8:1:
In file included from /root/CNN_PID/ML/Segmentation.C:12:
/root/CNN_PID/ML/CkovTools.cpp:585:25: warning: field 'nF' is uninitialized when used here [-Wuninitialized]
double refIndexes[3] = {nF, nQ, nG};
                        ^
/root/CNN_PID/ML/CkovTools.cpp:595:1: note: during field initialization in this constructor
CkovTools (double radParams[7], double refIndexes[3], double MIP[3],
^
/root/CNN_PID/ML/CkovTools.cpp:585:29: warning: field 'nQ' is uninitialized when used here [-Wuninitialized]
double refIndexes[3] = {nF, nQ, nG};
                            ^
/root/CNN_PID/ML/CkovTools.cpp:595:1: note: during field initialization in this constructor
CkovTools (double radParams[7], double refIndexes[3], double MIP[3],
^
/root/CNN_PID/ML/CkovTools.cpp:585:33: warning: field 'nG' is uninitialized when used here [-Wuninitialized]
double refIndexes[3] = {nF, nQ, nG};
                                ^
/root/CNN_PID/ML/CkovTools.cpp:595:1: note: during field initialization in this constructor
CkovTools (double radParams[7], double refIndexes[3], double MIP[3],
^
/root/CNN_PID/ML/CkovTools.cpp:695:1: warning: expression result unused [-Wunused-value]
trkDir; 
^~~~~~
/root/CNN_PID/ML/CkovTools.cpp:1357:112: warning: data argument not used by format string [-Wformat-extra-args]
                Printf("populate2Ptr->checkOver(posPhoton, rPhoton, phiPhoton, arrMinPion, getMaxCkovPion());",iPhotCount);
                       ~~~~~~~~~~~~~~~~~~~~~~~~~~~~~~~~~~~~~~~~~~~~~~~~~~~~~~~~~~~~~~~~~~~~~~~~~~~~~~~~~~~~~~~ ^
In file included from input_line_8:1:
/root/CNN_PID/ML/Segmentation.C:69:44: warning: '/*' within block comment [-Wcomment]
                     double xe, double ye, /*std::vector<Topology>* topologyVector,* /, int pdg, 
                                           ^
/root/CNN_PID/ML/Segmentation.C:72:11: warning: '/*' within block comment [-Wcomment]
          /*mTopologyVector(topologyVector),* / mPDG(pdg), mCandidateStatusVector(candidateStatusVector) {}
          ^
/root/CNN_PID/ML/Segmentation.C:78:5: warning: '/*' within block comment [-Wcomment]
    /*
    ^
/root/CNN_PID/ML/Segmentation.C:187:42: warning: format specifies type 'int' but the argument has type 'std::vector::size_type' (aka 'unsigned long') [-Wformat]
        Printf("tracksOneEvent size %d", tracksOneEvent->size());
                                    ~~   ^~~~~~~~~~~~~~~~~~~~~~
                                    %zu
/root/CNN_PID/ML/Segmentation.C:257:59: warning: format specifies type 'int' but the argument has type 'std::vector::size_type' (aka 'unsigned long') [-Wformat]
                  Printf("sortedTracks[iCh%d].size() %d", i, sortedTracks[i].size());
                                                     ~~      ^~~~~~~~~~~~~~~~~~~~~~
                                                     %zu
/root/CNN_PID/ML/Segmentation.C:275:59: warning: more '%' conversions than data arguments [-Wformat-insufficient-args]
                  Printf("TrackNumber%d track[iCh%d].size() %d", tNum++,i);
                                                            ~^
/root/CNN_PID/ML/Segmentation.C:355:103: warning: format specifies type 'int' but the argument has type 'double' [-Wformat]
        Printf(" Event%d Track%d  : ckovHyps = <%.3f, %.3f> | <%.3f, %.3f> | <%.3f, %.3f>", eventCnt, ckovTools.getMinCkovPion(),ckovTools.getMaxCkovPion(),ckovTools.getMinCkovKaon(), ckovTools.getMaxCkovKaon(),ckovTools.getMinCkovProton(), ckovTools.getMaxCkovProton(), eventCnt); 
                              ~~                                                                      ^~~~~~~~~~~~~~~~~~~~~~~~~~
                              %f
/root/CNN_PID/ML/Segmentation.C:355:272: warning: format specifies type 'double' but the argument has type 'int' [-Wformat]
        Printf(" Event%d Track%d  : ckovHyps = <%.3f, %.3f> | <%.3f, %.3f> | <%.3f, %.3f>", eventCnt, ckovTools.getMinCkovPion(),ckovTools.getMaxCkovPion(),ckovTools.getMinCkovKaon(), ckovTools.getMaxCkovKaon(),ckovTools.getMinCkovProton(), ckovTools.getMaxCkovProton(), eventCnt); 
                                                                                    ~~~~                                                                                                                                                                                       ^~~~~~~~
                                                                                    %.3d
warning: Failed to call `Segmentation()` to execute the macro.
Add this function or rename the macro. Falling back to `.L`.
