Running: TIME="#walltime %e" /usr/bin/time --output=hmpreco.log_time ./hmpreco.log_tmp.sh
[INFO] Initialising O2 Data Processing Layer. Driver PID: 97252.
[INFO] Driver listening on port: 15332
[INFO] Rate limiting set up at 500MB distributed over 1 readers
[INFO] O2 Data Processing Layer initialised. We brake for nobody.
[INFO] Optimised build. O2DEBUG / LOG(debug) / LOGF(debug) / assert statement will not be shown.
[INFO] Redeployment of configuration asked.
[INFO] Starting internal-dpl-clock on pid 97291
[INFO] Starting HMP-DigitReader on pid 97292
[INFO] Starting HMP-Clusterization on pid 97293
[INFO] Starting HMPClustersWriter on pid 97294
[INFO] Redeployment of configuration done.
[97291:internal-dpl-clock]: [INFO] Instrumenting crash signals
[97291:internal-dpl-clock]: [INFO] Spawing new device internal-dpl-clock in process with pid 97291
[97291:internal-dpl-clock]: [13:48:25][INFO] 
[97291:internal-dpl-clock]:       ______      _    _______  _________ 
[97291:internal-dpl-clock]:      / ____/___ _(_)_______   |/  /_  __ \    version 1.6.0
[97291:internal-dpl-clock]:     / /_  / __ `/ / ___/__  /|_/ /_  / / /    build RELWITHDEBINFO
[97291:internal-dpl-clock]:    / __/ / /_/ / / /    _  /  / / / /_/ /     https://github.com/FairRootGroup/FairMQ
[97291:internal-dpl-clock]:   /_/    \__,_/_/_/     /_/  /_/  \___\_\     LGPL-3.0  © 2012-2023 GSI
[97291:internal-dpl-clock]: 
[97291:internal-dpl-clock]: [13:48:25][STATE] Starting FairMQ state machine --> IDLE
[97291:internal-dpl-clock]: [13:48:25][STATE] IDLE ---> INITIALIZING DEVICE
[97291:internal-dpl-clock]: [13:48:25][STATE] INITIALIZING DEVICE ---> INITIALIZED
[97291:internal-dpl-clock]: [13:48:25][STATE] INITIALIZED ---> BINDING
[97291:internal-dpl-clock]: [13:48:25][STATE] BINDING ---> BOUND
[97291:internal-dpl-clock]: [13:48:25][STATE] BOUND ---> CONNECTING
[97291:internal-dpl-clock]: [13:48:25][STATE] CONNECTING ---> DEVICE READY
[97291:internal-dpl-clock]: [13:48:25][STATE] DEVICE READY ---> INITIALIZING TASK
[97291:internal-dpl-clock]: [13:48:25][STATE] INITIALIZING TASK ---> READY
[97291:internal-dpl-clock]: [13:48:25][STATE] READY ---> RUNNING
[97291:internal-dpl-clock]: [13:48:25][INFO] fair::mq::Device running...
[97291:internal-dpl-clock]: [13:48:25][INFO] LHCPeriod is not available, using current month AUG
[97293:HMP-Clusterization]: [INFO] Instrumenting crash signals
[97293:HMP-Clusterization]: [INFO] Spawing new device HMP-Clusterization in process with pid 97293
[97293:HMP-Clusterization]: [13:48:25][INFO] 
[97293:HMP-Clusterization]:       ______      _    _______  _________ 
[97293:HMP-Clusterization]:      / ____/___ _(_)_______   |/  /_  __ \    version 1.6.0
[97293:HMP-Clusterization]:     / /_  / __ `/ / ___/__  /|_/ /_  / / /    build RELWITHDEBINFO
[97293:HMP-Clusterization]:    / __/ / /_/ / / /    _  /  / / / /_/ /     https://github.com/FairRootGroup/FairMQ
[97293:HMP-Clusterization]:   /_/    \__,_/_/_/     /_/  /_/  \___\_\     LGPL-3.0  © 2012-2023 GSI
[97293:HMP-Clusterization]: 
[97293:HMP-Clusterization]: [13:48:25][STATE] Starting FairMQ state machine --> IDLE
[97293:HMP-Clusterization]: [13:48:25][STATE] IDLE ---> INITIALIZING DEVICE
[97293:HMP-Clusterization]: [13:48:25][STATE] INITIALIZING DEVICE ---> INITIALIZED
[97293:HMP-Clusterization]: [13:48:25][STATE] INITIALIZED ---> BINDING
[97293:HMP-Clusterization]: [13:48:25][STATE] BINDING ---> BOUND
[97293:HMP-Clusterization]: [13:48:25][STATE] BOUND ---> CONNECTING
[97293:HMP-Clusterization]: [13:48:25][STATE] CONNECTING ---> DEVICE READY
[97293:HMP-Clusterization]: [13:48:25][STATE] DEVICE READY ---> INITIALIZING TASK
[97293:HMP-Clusterization]: [13:48:25][STATE] INITIALIZING TASK ---> READY
[97293:HMP-Clusterization]: [13:48:25][STATE] READY ---> RUNNING
[97293:HMP-Clusterization]: [13:48:25][INFO] fair::mq::Device running...
[97293:HMP-Clusterization]: [13:48:25][INFO] LHCPeriod is not available, using current month AUG
[97293:HMP-Clusterization]: [13:48:25][INFO] Correctly handshaken websocket connection.
[97291:internal-dpl-clock]: [13:48:25][INFO] Correctly handshaken websocket connection.
[97292:HMP-DigitReader]: [INFO] Instrumenting crash signals
[97292:HMP-DigitReader]: [INFO] Spawing new device HMP-DigitReader in process with pid 97292
[97292:HMP-DigitReader]: [13:48:25][INFO] 
[97292:HMP-DigitReader]:       ______      _    _______  _________ 
[97292:HMP-DigitReader]:      / ____/___ _(_)_______   |/  /_  __ \    version 1.6.0
[97292:HMP-DigitReader]:     / /_  / __ `/ / ___/__  /|_/ /_  / / /    build RELWITHDEBINFO
[97292:HMP-DigitReader]:    / __/ / /_/ / / /    _  /  / / / /_/ /     https://github.com/FairRootGroup/FairMQ
[97292:HMP-DigitReader]:   /_/    \__,_/_/_/     /_/  /_/  \___\_\     LGPL-3.0  © 2012-2023 GSI
[97292:HMP-DigitReader]: 
[97292:HMP-DigitReader]: [13:48:25][STATE] Starting FairMQ state machine --> IDLE
[97292:HMP-DigitReader]: [13:48:25][STATE] IDLE ---> INITIALIZING DEVICE
[97294:HMPClustersWriter]: [INFO] Instrumenting crash signals
[97294:HMPClustersWriter]: [INFO] Spawing new device HMPClustersWriter in process with pid 97294
[97294:HMPClustersWriter]: [13:48:25][INFO] 
[97294:HMPClustersWriter]:       ______      _    _______  _________ 
[97294:HMPClustersWriter]:      / ____/___ _(_)_______   |/  /_  __ \    version 1.6.0
[97294:HMPClustersWriter]:     / /_  / __ `/ / ___/__  /|_/ /_  / / /    build RELWITHDEBINFO
[97294:HMPClustersWriter]:    / __/ / /_/ / / /    _  /  / / / /_/ /     https://github.com/FairRootGroup/FairMQ
[97294:HMPClustersWriter]:   /_/    \__,_/_/_/     /_/  /_/  \___\_\     LGPL-3.0  © 2012-2023 GSI
[97294:HMPClustersWriter]: 
[97294:HMPClustersWriter]: [13:48:25][STATE] Starting FairMQ state machine --> IDLE
[97294:HMPClustersWriter]: [13:48:25][STATE] IDLE ---> INITIALIZING DEVICE
[97294:HMPClustersWriter]: [13:48:25][INFO] 0: branch  HMPIDclusters set up
[97294:HMPClustersWriter]: [13:48:25][INFO] 1: branch  HMPIDDigitTopology set up
[97294:HMPClustersWriter]: [13:48:25][INFO] 2: branch  InteractionRecords set up
[97294:HMPClustersWriter]: [13:48:25][STATE] INITIALIZING DEVICE ---> INITIALIZED
[97294:HMPClustersWriter]: [13:48:25][STATE] INITIALIZED ---> BINDING
[97294:HMPClustersWriter]: [13:48:25][STATE] BINDING ---> BOUND
[97294:HMPClustersWriter]: [13:48:25][STATE] BOUND ---> CONNECTING
[97294:HMPClustersWriter]: [13:48:25][STATE] CONNECTING ---> DEVICE READY
[97294:HMPClustersWriter]: [13:48:25][STATE] DEVICE READY ---> INITIALIZING TASK
[97294:HMPClustersWriter]: [13:48:25][STATE] INITIALIZING TASK ---> READY
[97294:HMPClustersWriter]: [13:48:25][STATE] READY ---> RUNNING
[97294:HMPClustersWriter]: [13:48:25][INFO] fair::mq::Device running...
[97294:HMPClustersWriter]: [13:48:25][INFO] LHCPeriod is not available, using current month AUG
[97294:HMPClustersWriter]: [13:48:25][INFO] Correctly handshaken websocket connection.
[97292:HMP-DigitReader]: [13:48:25][INFO] HMPID DigitWriterSpec::init() : Trying to read File : /root/fullSim/segmentSim/run500pp/hmpiddigits.root
[97292:HMP-DigitReader]: [13:48:25][STATE] INITIALIZING DEVICE ---> INITIALIZED
[97292:HMP-DigitReader]: [13:48:25][STATE] INITIALIZED ---> BINDING
[97292:HMP-DigitReader]: [13:48:25][STATE] BINDING ---> BOUND
[97292:HMP-DigitReader]: [13:48:25][STATE] BOUND ---> CONNECTING
[97292:HMP-DigitReader]: [13:48:25][STATE] CONNECTING ---> DEVICE READY
[97292:HMP-DigitReader]: [13:48:25][STATE] DEVICE READY ---> INITIALIZING TASK
[97292:HMP-DigitReader]: [13:48:25][STATE] INITIALIZING TASK ---> READY
[97292:HMP-DigitReader]: [13:48:25][STATE] READY ---> RUNNING
[97292:HMP-DigitReader]: [13:48:25][INFO] fair::mq::Device running...
[97292:HMP-DigitReader]: [13:48:25][INFO] LHCPeriod is not available, using current month AUG
[97292:HMP-DigitReader]: [13:48:25][INFO] [HMPID DigitsReader - run() ] digits  = 2314
[97292:HMP-DigitReader]: [13:48:25][INFO] End DigitsReader !  digits = 2314 Execution time = 0.53
[97292:HMP-DigitReader]: [13:48:25][INFO] Sending end-of-stream message to channel from_HMP-DigitReader_to_HMP-Clusterization
[97292:HMP-DigitReader]: [13:48:25][INFO] Correctly handshaken websocket connection.
[97293:HMP-Clusterization]: [13:48:25][INFO] [HMPID DClusterization - run() ] Enter ...
[97293:HMP-Clusterization]: [13:48:25][INFO] [HMPID DClusterization - run() ] nObjects <<< calling clusterer->Dig2Clu229
[97293:HMP-Clusterization]: [13:48:25][INFO] [HMPID DClusterization - return from dig2clu
[97293:HMP-Clusterization]: [13:48:25][INFO] [HMPID DClusterization - run() ] nObjects <<< calling clusterer->Dig2Clu111
[97293:HMP-Clusterization]: [13:48:25][INFO] [HMPID DClusterization - return from dig2clu
[97293:HMP-Clusterization]: [13:48:25][INFO] [HMPID DClusterization - run() ] nObjects <<< calling clusterer->Dig2Clu179
[97293:HMP-Clusterization]: [13:48:25][INFO] [HMPID DClusterization - return from dig2clu
[97293:HMP-Clusterization]: [13:48:25][INFO] [HMPID DClusterization - run() ] nObjects <<< calling clusterer->Dig2Clu99
[97293:HMP-Clusterization]: [13:48:25][INFO] [HMPID DClusterization - return from dig2clu
[97293:HMP-Clusterization]: [13:48:25][INFO] [HMPID DClusterization - run() ] nObjects <<< calling clusterer->Dig2Clu91
[97293:HMP-Clusterization]: [13:48:25][INFO] [HMPID DClusterization - return from dig2clu
[97293:HMP-Clusterization]: [13:48:25][INFO] [HMPID DClusterization - run() ] nObjects <<< calling clusterer->Dig2Clu17
[97293:HMP-Clusterization]: [13:48:25][INFO] [HMPID DClusterization - return from dig2clu
[97293:HMP-Clusterization]: [13:48:25][INFO] [HMPID DClusterization - run() ] nObjects <<< calling clusterer->Dig2Clu146
[97293:HMP-Clusterization]: [13:48:26][INFO] [HMPID DClusterization - return from dig2clu
[97293:HMP-Clusterization]: [13:48:26][INFO] [HMPID DClusterization - run() ] nObjects <<< calling clusterer->Dig2Clu39
[97293:HMP-Clusterization]: [13:48:26][INFO] [HMPID DClusterization - return from dig2clu
[97293:HMP-Clusterization]: [13:48:26][INFO] [HMPID DClusterization - run() ] nObjects <<< calling clusterer->Dig2Clu10
[97293:HMP-Clusterization]: [13:48:26][INFO] [HMPID DClusterization - return from dig2clu
[97293:HMP-Clusterization]: [13:48:26][INFO] [HMPID DClusterization - run() ] nObjects <<< calling clusterer->Dig2Clu69
[97293:HMP-Clusterization]: [13:48:26][INFO] [HMPID DClusterization - return from dig2clu
[97293:HMP-Clusterization]: [13:48:26][INFO] [HMPID DClusterization - run() ] nObjects <<< calling clusterer->Dig2Clu118
[97293:HMP-Clusterization]: [13:48:26][INFO] [HMPID DClusterization - return from dig2clu
[97293:HMP-Clusterization]: [13:48:26][INFO] [HMPID DClusterization - run() ] nObjects <<< calling clusterer->Dig2Clu123
[97293:HMP-Clusterization]: [13:48:26][INFO] [HMPID DClusterization - return from dig2clu
[97293:HMP-Clusterization]: [13:48:26][INFO] [HMPID DClusterization - run() ] nObjects <<< calling clusterer->Dig2Clu47
[97293:HMP-Clusterization]: [13:48:26][INFO] [HMPID DClusterization - return from dig2clu
[97293:HMP-Clusterization]: [13:48:26][INFO] [HMPID DClusterization - run() ] nObjects <<< calling clusterer->Dig2Clu104
[97293:HMP-Clusterization]: [13:48:26][INFO] [HMPID DClusterization - return from dig2clu
[97293:HMP-Clusterization]: [13:48:26][INFO] [HMPID DClusterization - run() ] nObjects <<< calling clusterer->Dig2Clu39
[97293:HMP-Clusterization]: [13:48:26][INFO] [HMPID DClusterization - return from dig2clu
[97293:HMP-Clusterization]: [13:48:26][INFO] [HMPID DClusterization - run() ] nObjects <<< calling clusterer->Dig2Clu95
[97293:HMP-Clusterization]: [13:48:26][INFO] [HMPID DClusterization - return from dig2clu
[97293:HMP-Clusterization]: [13:48:26][INFO] [HMPID DClusterization - run() ] nObjects <<< calling clusterer->Dig2Clu109
[97293:HMP-Clusterization]: [13:48:26][INFO] [HMPID DClusterization - return from dig2clu
[97293:HMP-Clusterization]: [13:48:26][INFO] [HMPID DClusterization - run() ] nObjects <<< calling clusterer->Dig2Clu31
[97293:HMP-Clusterization]: [13:48:26][INFO] [HMPID DClusterization - return from dig2clu
[97293:HMP-Clusterization]: [13:48:26][INFO] [HMPID DClusterization - run() ] nObjects <<< calling clusterer->Dig2Clu201
[97293:HMP-Clusterization]: [13:48:26][INFO] [HMPID DClusterization - return from dig2clu
[97293:HMP-Clusterization]: [13:48:26][INFO] [HMPID DClusterization - run() ] nObjects <<< calling clusterer->Dig2Clu217
[97293:HMP-Clusterization]: [13:48:26][INFO] [HMPID DClusterization - return from dig2clu
[97293:HMP-Clusterization]: [13:48:26][INFO] [HMPID DClusterization - run() ] nObjects <<< calling clusterer->Dig2Clu120
[97293:HMP-Clusterization]: [13:48:26][INFO] [HMPID DClusterization - return from dig2clu
[97293:HMP-Clusterization]: [13:48:26][INFO] [HMPID DClusterization - run() ] nObjects <<< calling clusterer->Dig2Clu88
[97293:HMP-Clusterization]: [13:48:26][INFO] [HMPID DClusterization - return from dig2clu
[97293:HMP-Clusterization]: [13:48:26][INFO] [HMPID DClusterization - run() ] nObjects <<< calling clusterer->Dig2Clu23
[97293:HMP-Clusterization]: [13:48:26][INFO] [HMPID DClusterization - return from dig2clu
[97293:HMP-Clusterization]: [13:48:26][INFO] [HMPID DClusterization - run() ] nObjects <<< calling clusterer->Dig2Clu9
[97293:HMP-Clusterization]: [13:48:26][INFO] [HMPID DClusterization - return from dig2clu
[97293:HMP-Clusterization]: [13:48:26][INFO] Received 27 triggers with 2314 digits -> 24 triggers with 953 clusters
[97293:HMP-Clusterization]: [13:48:26][INFO] End Clusterization !  digits = 2314 Execution time = 0.62
[97293:HMP-Clusterization]: [13:48:26][INFO] Sending end-of-stream message to channel from_HMP-Clusterization_to_HMPClustersWriter
[INFO] Quitting
[INFO] QUIT_REQUESTED
[97292:HMP-DigitReader]: [13:48:26][INFO] Received device shutdown request (signal 15).
[97292:HMP-DigitReader]: [13:48:26][INFO] Waiting for graceful device shutdown. Hit Ctrl-C again to abort immediately.
[97292:HMP-DigitReader]: [13:48:26][INFO] New state requested. No timeout set, quitting immediately as per --completion-policy
[97292:HMP-DigitReader]: [13:48:26][STATE] RUNNING ---> READY
[97294:HMPClustersWriter]: [13:48:26][INFO] Received device shutdown request (signal 15).
[97294:HMPClustersWriter]: [13:48:26][INFO] Waiting for graceful device shutdown. Hit Ctrl-C again to abort immediately.
[97294:HMPClustersWriter]: [13:48:26][INFO] New state requested. No timeout set, quitting immediately as per --completion-policy
[97292:HMP-DigitReader]: [13:48:26][STATE] READY ---> RESETTING TASK
[97292:HMP-DigitReader]: [13:48:26][STATE] RESETTING TASK ---> DEVICE READY
[97292:HMP-DigitReader]: [13:48:26][STATE] DEVICE READY ---> RESETTING DEVICE
[97292:HMP-DigitReader]: [13:48:26][STATE] RESETTING DEVICE ---> IDLE
[97292:HMP-DigitReader]: [13:48:26][STATE] IDLE ---> EXITING
[97292:HMP-DigitReader]: [13:48:26][STATE] Exiting FairMQ state machine
[97291:internal-dpl-clock]: [13:48:26][INFO] Received device shutdown request (signal 15).
[97291:internal-dpl-clock]: [13:48:26][INFO] Waiting for graceful device shutdown. Hit Ctrl-C again to abort immediately.
[97293:HMP-Clusterization]: [13:48:26][INFO] Received device shutdown request (signal 15).
[97293:HMP-Clusterization]: [13:48:26][INFO] Waiting for graceful device shutdown. Hit Ctrl-C again to abort immediately.
[97291:internal-dpl-clock]: [13:48:26][INFO] New state requested. No timeout set, quitting immediately as per --completion-policy
[97291:internal-dpl-clock]: [13:48:26][STATE] RUNNING ---> READY
[97291:internal-dpl-clock]: [13:48:26][STATE] READY ---> RESETTING TASK
[97293:HMP-Clusterization]: [13:48:26][INFO] New state requested. No timeout set, quitting immediately as per --completion-policy
[97293:HMP-Clusterization]: [13:48:26][STATE] RUNNING ---> READY
[97291:internal-dpl-clock]: [13:48:26][STATE] RESETTING TASK ---> DEVICE READY
[97291:internal-dpl-clock]: [13:48:26][STATE] DEVICE READY ---> RESETTING DEVICE
[97293:HMP-Clusterization]: [13:48:26][STATE] READY ---> RESETTING TASK
[97293:HMP-Clusterization]: [13:48:26][STATE] RESETTING TASK ---> DEVICE READY
[97291:internal-dpl-clock]: [13:48:26][STATE] RESETTING DEVICE ---> IDLE
[97293:HMP-Clusterization]: [13:48:26][STATE] DEVICE READY ---> RESETTING DEVICE
[97291:internal-dpl-clock]: [13:48:26][STATE] IDLE ---> EXITING
[97293:HMP-Clusterization]: [13:48:26][STATE] RESETTING DEVICE ---> IDLE
[97291:internal-dpl-clock]: [13:48:26][STATE] Exiting FairMQ state machine
[97293:HMP-Clusterization]: [13:48:26][STATE] IDLE ---> EXITING
[97293:HMP-Clusterization]: [13:48:26][STATE] Exiting FairMQ state machine
[97294:HMPClustersWriter]: [13:48:26][STATE] RUNNING ---> READY
[97294:HMPClustersWriter]: [13:48:26][STATE] READY ---> RESETTING TASK
[97294:HMPClustersWriter]: [13:48:26][STATE] RESETTING TASK ---> DEVICE READY
[97294:HMPClustersWriter]: [13:48:26][STATE] DEVICE READY ---> RESETTING DEVICE
[97294:HMPClustersWriter]: [13:48:26][INFO] Cleaning up for shared memory id '9afad7a5'...
[97294:HMPClustersWriter]: [13:48:26][INFO] Found 0 unmanaged regions...
[97294:HMPClustersWriter]: [13:48:26][INFO] Found 1 managed segments...
[97294:HMPClustersWriter]: [13:48:26][INFO] Successfully removed 'fmq_9afad7a5_m_0'.
[97294:HMPClustersWriter]: [13:48:26][INFO] Successfully removed 'fmq_9afad7a5_mng'.
[97294:HMPClustersWriter]: [13:48:26][STATE] RESETTING DEVICE ---> IDLE
[97294:HMPClustersWriter]: [13:48:26][STATE] IDLE ---> EXITING
[97294:HMPClustersWriter]: [13:48:26][STATE] Exiting FairMQ state machine
[INFO] ## Processes completed. Run summary:
[INFO] ### Devices started: 4
[INFO]  - Device internal-dpl-clock: pid 97291 (exit 0)
[INFO]  - Device HMP-DigitReader: pid 97292 (exit 0)
[INFO]  - Device HMP-Clusterization: pid 97293 (exit 0)
[INFO]  - Device HMPClustersWriter: pid 97294 (exit 0)
[INFO] Dumping used configuration in dpl-config.json
TASK-EXIT-CODE: 0
