Running: TIME="#walltime %e" /usr/bin/time --output=cpvreco.log_time ./cpvreco.log_tmp.sh
[INFO] Initialising O2 Data Processing Layer. Driver PID: 156707.
[INFO] Driver listening on port: 14787
[INFO] Rate limiting set up at 500MB distributed over 1 readers
[INFO] O2 Data Processing Layer initialised. We brake for nobody.
[INFO] Optimised build. O2DEBUG / LOG(debug) / LOGF(debug) / assert statement will not be shown.
[INFO] Redeployment of configuration asked.
[INFO] Starting internal-dpl-clock on pid 156747
[INFO] Starting cpv-digit-reader on pid 156748
[INFO] Starting internal-dpl-ccdb-backend on pid 156749
[INFO] Starting CPVClusterizerSpec on pid 156750
[INFO] Starting cpv-cluster-writer on pid 156751
[INFO] Starting internal-dpl-injected-dummy-sink on pid 156752
[INFO] Redeployment of configuration done.
[156747:internal-dpl-clock]: [INFO] Instrumenting crash signals
[156747:internal-dpl-clock]: [INFO] Spawing new device internal-dpl-clock in process with pid 156747
[156747:internal-dpl-clock]: [22:08:09][INFO] 
[156747:internal-dpl-clock]:       ______      _    _______  _________ 
[156747:internal-dpl-clock]:      / ____/___ _(_)_______   |/  /_  __ \    version 1.6.0
[156747:internal-dpl-clock]:     / /_  / __ `/ / ___/__  /|_/ /_  / / /    build RELWITHDEBINFO
[156747:internal-dpl-clock]:    / __/ / /_/ / / /    _  /  / / / /_/ /     https://github.com/FairRootGroup/FairMQ
[156747:internal-dpl-clock]:   /_/    \__,_/_/_/     /_/  /_/  \___\_\     LGPL-3.0  © 2012-2023 GSI
[156747:internal-dpl-clock]: 
[156747:internal-dpl-clock]: [22:08:09][STATE] Starting FairMQ state machine --> IDLE
[156747:internal-dpl-clock]: [22:08:09][STATE] IDLE ---> INITIALIZING DEVICE
[156747:internal-dpl-clock]: [22:08:09][STATE] INITIALIZING DEVICE ---> INITIALIZED
[156747:internal-dpl-clock]: [22:08:09][STATE] INITIALIZED ---> BINDING
[156747:internal-dpl-clock]: [22:08:09][STATE] BINDING ---> BOUND
[156747:internal-dpl-clock]: [22:08:09][STATE] BOUND ---> CONNECTING
[156747:internal-dpl-clock]: [22:08:09][STATE] CONNECTING ---> DEVICE READY
[156747:internal-dpl-clock]: [22:08:09][STATE] DEVICE READY ---> INITIALIZING TASK
[156747:internal-dpl-clock]: [22:08:09][STATE] INITIALIZING TASK ---> READY
[156747:internal-dpl-clock]: [22:08:09][STATE] READY ---> RUNNING
[156747:internal-dpl-clock]: [22:08:09][INFO] fair::mq::Device running...
[156747:internal-dpl-clock]: [22:08:09][INFO] LHCPeriod is not available, using current month AUG
[156747:internal-dpl-clock]: [22:08:09][INFO] Correctly handshaken websocket connection.
[156750:CPVClusterizerSpec]: [INFO] Instrumenting crash signals
[156750:CPVClusterizerSpec]: [INFO] Spawing new device CPVClusterizerSpec in process with pid 156750
[156750:CPVClusterizerSpec]: [22:08:09][INFO] 
[156750:CPVClusterizerSpec]:       ______      _    _______  _________ 
[156750:CPVClusterizerSpec]:      / ____/___ _(_)_______   |/  /_  __ \    version 1.6.0
[156750:CPVClusterizerSpec]:     / /_  / __ `/ / ___/__  /|_/ /_  / / /    build RELWITHDEBINFO
[156750:CPVClusterizerSpec]:    / __/ / /_/ / / /    _  /  / / / /_/ /     https://github.com/FairRootGroup/FairMQ
[156750:CPVClusterizerSpec]:   /_/    \__,_/_/_/     /_/  /_/  \___\_\     LGPL-3.0  © 2012-2023 GSI
[156750:CPVClusterizerSpec]: 
[156750:CPVClusterizerSpec]: [22:08:09][STATE] Starting FairMQ state machine --> IDLE
[156750:CPVClusterizerSpec]: [22:08:09][STATE] IDLE ---> INITIALIZING DEVICE
[156750:CPVClusterizerSpec]: [22:08:09][STATE] INITIALIZING DEVICE ---> INITIALIZED
[156750:CPVClusterizerSpec]: [22:08:09][STATE] INITIALIZED ---> BINDING
[156750:CPVClusterizerSpec]: [22:08:09][STATE] BINDING ---> BOUND
[156750:CPVClusterizerSpec]: [22:08:09][STATE] BOUND ---> CONNECTING
[156750:CPVClusterizerSpec]: [22:08:09][STATE] CONNECTING ---> DEVICE READY
[156748:cpv-digit-reader]: [INFO] Instrumenting crash signals
[156750:CPVClusterizerSpec]: [22:08:09][STATE] DEVICE READY ---> INITIALIZING TASK
[156748:cpv-digit-reader]: [INFO] Spawing new device cpv-digit-reader in process with pid 156748
[156748:cpv-digit-reader]: [22:08:09][INFO] 
[156748:cpv-digit-reader]:       ______      _    _______  _________ 
[156748:cpv-digit-reader]:      / ____/___ _(_)_______   |/  /_  __ \    version 1.6.0
[156748:cpv-digit-reader]:     / /_  / __ `/ / ___/__  /|_/ /_  / / /    build RELWITHDEBINFO
[156748:cpv-digit-reader]:    / __/ / /_/ / / /    _  /  / / / /_/ /     https://github.com/FairRootGroup/FairMQ
[156748:cpv-digit-reader]:   /_/    \__,_/_/_/     /_/  /_/  \___\_\     LGPL-3.0  © 2012-2023 GSI
[156748:cpv-digit-reader]: 
[156748:cpv-digit-reader]: [22:08:09][STATE] Starting FairMQ state machine --> IDLE
[156750:CPVClusterizerSpec]: [22:08:09][STATE] INITIALIZING TASK ---> READY
[156750:CPVClusterizerSpec]: [22:08:09][STATE] READY ---> RUNNING
[156750:CPVClusterizerSpec]: [22:08:09][INFO] fair::mq::Device running...
[156750:CPVClusterizerSpec]: [22:08:09][INFO] LHCPeriod is not available, using current month AUG
[156750:CPVClusterizerSpec]: [22:08:09][INFO] Correctly handshaken websocket connection.
[156748:cpv-digit-reader]: [22:08:09][STATE] IDLE ---> INITIALIZING DEVICE
[156751:cpv-cluster-writer]: [INFO] Instrumenting crash signals
[156751:cpv-cluster-writer]: [INFO] Spawing new device cpv-cluster-writer in process with pid 156751
[156751:cpv-cluster-writer]: [22:08:09][INFO] 
[156751:cpv-cluster-writer]:       ______      _    _______  _________ 
[156751:cpv-cluster-writer]:      / ____/___ _(_)_______   |/  /_  __ \    version 1.6.0
[156751:cpv-cluster-writer]:     / /_  / __ `/ / ___/__  /|_/ /_  / / /    build RELWITHDEBINFO
[156751:cpv-cluster-writer]:    / __/ / /_/ / / /    _  /  / / / /_/ /     https://github.com/FairRootGroup/FairMQ
[156751:cpv-cluster-writer]:   /_/    \__,_/_/_/     /_/  /_/  \___\_\     LGPL-3.0  © 2012-2023 GSI
[156751:cpv-cluster-writer]: 
[156751:cpv-cluster-writer]: [22:08:09][STATE] Starting FairMQ state machine --> IDLE
[156751:cpv-cluster-writer]: [22:08:09][STATE] IDLE ---> INITIALIZING DEVICE
[156751:cpv-cluster-writer]: [22:08:09][INFO] 0: branch  CPVCluster set up
[156751:cpv-cluster-writer]: [22:08:09][INFO] 1: branch  CPVClusterTrigRec set up
[156751:cpv-cluster-writer]: [22:08:09][INFO] 2: branch  CPVClusterTrueMC set up
[156751:cpv-cluster-writer]: [22:08:09][STATE] INITIALIZING DEVICE ---> INITIALIZED
[156751:cpv-cluster-writer]: [22:08:09][STATE] INITIALIZED ---> BINDING
[156751:cpv-cluster-writer]: [22:08:09][STATE] BINDING ---> BOUND
[156751:cpv-cluster-writer]: [22:08:09][STATE] BOUND ---> CONNECTING
[156751:cpv-cluster-writer]: [22:08:09][STATE] CONNECTING ---> DEVICE READY
[156751:cpv-cluster-writer]: [22:08:09][STATE] DEVICE READY ---> INITIALIZING TASK
[156751:cpv-cluster-writer]: [22:08:09][STATE] INITIALIZING TASK ---> READY
[156751:cpv-cluster-writer]: [22:08:09][STATE] READY ---> RUNNING
[156751:cpv-cluster-writer]: [22:08:09][INFO] fair::mq::Device running...
[156751:cpv-cluster-writer]: [22:08:09][INFO] LHCPeriod is not available, using current month AUG
[156751:cpv-cluster-writer]: [22:08:09][INFO] Correctly handshaken websocket connection.
[156749:internal-dpl-ccdb-backend]: [INFO] Instrumenting crash signals
[156749:internal-dpl-ccdb-backend]: [INFO] Spawing new device internal-dpl-ccdb-backend in process with pid 156749
[156749:internal-dpl-ccdb-backend]: [22:08:09][INFO] 
[156749:internal-dpl-ccdb-backend]:       ______      _    _______  _________ 
[156749:internal-dpl-ccdb-backend]:      / ____/___ _(_)_______   |/  /_  __ \    version 1.6.0
[156749:internal-dpl-ccdb-backend]:     / /_  / __ `/ / ___/__  /|_/ /_  / / /    build RELWITHDEBINFO
[156749:internal-dpl-ccdb-backend]:    / __/ / /_/ / / /    _  /  / / / /_/ /     https://github.com/FairRootGroup/FairMQ
[156749:internal-dpl-ccdb-backend]:   /_/    \__,_/_/_/     /_/  /_/  \___\_\     LGPL-3.0  © 2012-2023 GSI
[156749:internal-dpl-ccdb-backend]: 
[156749:internal-dpl-ccdb-backend]: [22:08:09][STATE] Starting FairMQ state machine --> IDLE
[156749:internal-dpl-ccdb-backend]: [22:08:09][STATE] IDLE ---> INITIALIZING DEVICE
[156749:internal-dpl-ccdb-backend]: [22:08:09][INFO] CCDB Backend at: http://alice-ccdb.cern.ch, validity check for every 2147483647 TF
[156749:internal-dpl-ccdb-backend]: [22:08:09][INFO] Init CcdApi with UserAgentID: localhost.localdomain-1692907689-BJBrzH, Host: http://alice-ccdb.cern.ch
[156749:internal-dpl-ccdb-backend]: [22:08:09][INFO] Initialised default CCDB host http://alice-ccdb.cern.ch
[156749:internal-dpl-ccdb-backend]: [22:08:09][INFO] The following route is a condition CPV/CPV_SimPars/0
[156749:internal-dpl-ccdb-backend]: [22:08:09][INFO] - ccdb-path: CPV/Config/CPVSimParams
[156749:internal-dpl-ccdb-backend]: [22:08:09][STATE] INITIALIZING DEVICE ---> INITIALIZED
[156749:internal-dpl-ccdb-backend]: [22:08:09][STATE] INITIALIZED ---> BINDING
[156749:internal-dpl-ccdb-backend]: [22:08:09][STATE] BINDING ---> BOUND
[156749:internal-dpl-ccdb-backend]: [22:08:09][STATE] BOUND ---> CONNECTING
[156749:internal-dpl-ccdb-backend]: [22:08:09][STATE] CONNECTING ---> DEVICE READY
[156749:internal-dpl-ccdb-backend]: [22:08:09][STATE] DEVICE READY ---> INITIALIZING TASK
[156752:internal-dpl-injected-dummy-sink]: [INFO] Instrumenting crash signals
[156752:internal-dpl-injected-dummy-sink]: [INFO] Spawing new device internal-dpl-injected-dummy-sink in process with pid 156752
[156752:internal-dpl-injected-dummy-sink]: [22:08:09][INFO] 
[156752:internal-dpl-injected-dummy-sink]:       ______      _    _______  _________ 
[156752:internal-dpl-injected-dummy-sink]:      / ____/___ _(_)_______   |/  /_  __ \    version 1.6.0
[156752:internal-dpl-injected-dummy-sink]:     / /_  / __ `/ / ___/__  /|_/ /_  / / /    build RELWITHDEBINFO
[156752:internal-dpl-injected-dummy-sink]:    / __/ / /_/ / / /    _  /  / / / /_/ /     https://github.com/FairRootGroup/FairMQ
[156752:internal-dpl-injected-dummy-sink]:   /_/    \__,_/_/_/     /_/  /_/  \___\_\     LGPL-3.0  © 2012-2023 GSI
[156752:internal-dpl-injected-dummy-sink]: 
[156752:internal-dpl-injected-dummy-sink]: [22:08:09][STATE] Starting FairMQ state machine --> IDLE
[156748:cpv-digit-reader]: [22:08:09][INFO] branch set up: CPVDigit
[156748:cpv-digit-reader]: [22:08:09][INFO] branch set up: CPVDigitTrigRecords
[156748:cpv-digit-reader]: [22:08:09][INFO] branch set up: CPVDigitMCTruth
[156752:internal-dpl-injected-dummy-sink]: [22:08:09][STATE] IDLE ---> INITIALIZING DEVICE
[156749:internal-dpl-ccdb-backend]: [22:08:09][STATE] INITIALIZING TASK ---> READY
[156749:internal-dpl-ccdb-backend]: [22:08:09][STATE] READY ---> RUNNING
[156749:internal-dpl-ccdb-backend]: [22:08:09][INFO] fair::mq::Device running...
[156749:internal-dpl-ccdb-backend]: [22:08:09][INFO] LHCPeriod is not available, using current month AUG
[156752:internal-dpl-injected-dummy-sink]: [22:08:09][STATE] INITIALIZING DEVICE ---> INITIALIZED
[156748:cpv-digit-reader]: [22:08:09][STATE] INITIALIZING DEVICE ---> INITIALIZED
[156749:internal-dpl-ccdb-backend]: [22:08:09][INFO] Correctly handshaken websocket connection.
[156752:internal-dpl-injected-dummy-sink]: [22:08:09][STATE] INITIALIZED ---> BINDING
[156752:internal-dpl-injected-dummy-sink]: [22:08:09][STATE] BINDING ---> BOUND
[156748:cpv-digit-reader]: [22:08:09][STATE] INITIALIZED ---> BINDING
[156748:cpv-digit-reader]: [22:08:09][STATE] BINDING ---> BOUND
[156752:internal-dpl-injected-dummy-sink]: [22:08:09][STATE] BOUND ---> CONNECTING
[156752:internal-dpl-injected-dummy-sink]: [22:08:09][STATE] CONNECTING ---> DEVICE READY
[156748:cpv-digit-reader]: [22:08:09][STATE] BOUND ---> CONNECTING
[156748:cpv-digit-reader]: [22:08:09][STATE] CONNECTING ---> DEVICE READY
[156752:internal-dpl-injected-dummy-sink]: [22:08:09][STATE] DEVICE READY ---> INITIALIZING TASK
[156748:cpv-digit-reader]: [22:08:09][STATE] DEVICE READY ---> INITIALIZING TASK
[156748:cpv-digit-reader]: [22:08:09][STATE] INITIALIZING TASK ---> READY
[156752:internal-dpl-injected-dummy-sink]: [22:08:09][STATE] INITIALIZING TASK ---> READY
[156748:cpv-digit-reader]: [22:08:09][STATE] READY ---> RUNNING
[156748:cpv-digit-reader]: [22:08:09][INFO] fair::mq::Device running...
[156748:cpv-digit-reader]: [22:08:09][INFO] LHCPeriod is not available, using current month AUG
[156752:internal-dpl-injected-dummy-sink]: [22:08:09][STATE] READY ---> RUNNING
[156752:internal-dpl-injected-dummy-sink]: [22:08:09][INFO] fair::mq::Device running...
[156752:internal-dpl-injected-dummy-sink]: [22:08:09][INFO] LHCPeriod is not available, using current month AUG
[156752:internal-dpl-injected-dummy-sink]: [22:08:09][INFO] Correctly handshaken websocket connection.
[156748:cpv-digit-reader]: [22:08:09][INFO] Correctly handshaken websocket connection.
[156748:cpv-digit-reader]: [22:08:09][INFO] Sending end-of-stream message to channel from_cpv-digit-reader_to_internal-dpl-ccdb-backend
[156748:cpv-digit-reader]: [22:08:09][INFO] Sending end-of-stream message to channel from_cpv-digit-reader_to_CPVClusterizerSpec
[156749:internal-dpl-ccdb-backend]: Info in <TJAlienConnectionManager>: Opening connection to JCentral. Please wait
[156749:internal-dpl-ccdb-backend]: Info in <TJAlienConnectionManager>: Opening connection to 137.138.99.139
[156749:internal-dpl-ccdb-backend]: Info in <TJAlienConnectionManager>: Successfully connected to 137.138.99.139
[156749:internal-dpl-ccdb-backend]: Info in <TJAlienFile::Open>: Accessing file /alice/data/CCDB/CTP/Calib/OrbitReset/06/62200/b9f985c3-b4b0-11ec-8fd3-90ce809b24ee in SE <ALICE::CERN::EOS>
[156749:internal-dpl-ccdb-backend]: [22:08:10][INFO] ccdb reads http://alice-ccdb.cern.ch/CTP/Calib/OrbitReset/1546300800000/b9f985c3-b4b0-11ec-8fd3-90ce809b24ee for 1546300800000 (load to memory, agent_id: localhost.localdomain-1692907689-BJBrzH), 
[156749:internal-dpl-ccdb-backend]: Info in <TJAlienFile::Open>: Accessing file /alice/data/CCDB/CPV/Config/CPVSimParams/02/18202/5ce9988b-d60c-11ec-8000-0aa202a21b9a in SE <ALICE::CERN::EOS>
[156749:internal-dpl-ccdb-backend]: [22:08:10][INFO] ccdb reads http://alice-ccdb.cern.ch/CPV/Config/CPVSimParams/946684800000/5ce9988b-d60c-11ec-8000-0aa202a21b9a for 1546300800000 (load to memory, agent_id: localhost.localdomain-1692907689-BJBrzH), 
[156750:CPVClusterizerSpec]: [22:08:10][INFO] Starting ClusterizerSpec::run() 
[156750:CPVClusterizerSpec]: [22:08:10][INFO] ClusterizerSpec::run() : fetching o2::cpv::CPVSimParams from CCDB
[156749:internal-dpl-ccdb-backend]: [22:08:10][INFO] Sending end-of-stream message to channel from_internal-dpl-ccdb-backend_to_CPVClusterizerSpec
[156749:internal-dpl-ccdb-backend]: [22:08:10][INFO] Sending end-of-stream message to channel from_internal-dpl-ccdb-backend_to_internal-dpl-injected-dummy-sink
[156750:CPVClusterizerSpec]: [22:08:11][INFO] Caching in 140360080460544 ptr to CPV/CPV_SimPars/0 (0x7faa98a4d420)
[156750:CPVClusterizerSpec]: [22:08:11][INFO] ClusterizerSpec::run() : o2::cpv::CPVSimParams::Instance() now is following:
[156750:CPVClusterizerSpec]: CPVSimParams.mnCellX : 128		[ CCDB ]
[156750:CPVClusterizerSpec]: CPVSimParams.mnCellZ : 60		[ CCDB ]
[156750:CPVClusterizerSpec]: CPVSimParams.mPadSizeX : 1.13		[ CCDB ]
[156750:CPVClusterizerSpec]: CPVSimParams.mPadSizeZ : 2.1093		[ CCDB ]
[156750:CPVClusterizerSpec]: CPVSimParams.mDetR : 0.1		[ CCDB ]
[156750:CPVClusterizerSpec]: CPVSimParams.mdEdx : 400		[ CCDB ]
[156750:CPVClusterizerSpec]: CPVSimParams.mNgamz : 5		[ CCDB ]
[156750:CPVClusterizerSpec]: CPVSimParams.mNgamx : 9		[ CCDB ]
[156750:CPVClusterizerSpec]: CPVSimParams.mCPVGasThickness : 1.3		[ CCDB ]
[156750:CPVClusterizerSpec]: CPVSimParams.mA : 1		[ CCDB ]
[156750:CPVClusterizerSpec]: CPVSimParams.mB : 0.7		[ CCDB ]
[156750:CPVClusterizerSpec]: CPVSimParams.mReadoutTime : 5		[ CCDB ]
[156750:CPVClusterizerSpec]: CPVSimParams.mDeadTime : 20		[ CCDB ]
[156750:CPVClusterizerSpec]: CPVSimParams.mReadoutTimePU : 2000		[ CCDB ]
[156750:CPVClusterizerSpec]: CPVSimParams.mDeadTimePU : 30000		[ CCDB ]
[156750:CPVClusterizerSpec]: CPVSimParams.mApplyDigitization : true		[ CCDB ]
[156750:CPVClusterizerSpec]: CPVSimParams.mZSnSigmas : 3		[ CCDB ]
[156750:CPVClusterizerSpec]: CPVSimParams.mSortingDelta : 0.1		[ CCDB ]
[156750:CPVClusterizerSpec]: CPVSimParams.mDigitMinEnergy : 5		[ CCDB ]
[156750:CPVClusterizerSpec]: CPVSimParams.mClusteringThreshold : 10		[ CCDB ]
[156750:CPVClusterizerSpec]: CPVSimParams.mUnfogingEAccuracy : 0.001		[ CCDB ]
[156750:CPVClusterizerSpec]: CPVSimParams.mUnfogingXZAccuracy : 0.1		[ CCDB ]
[156750:CPVClusterizerSpec]: CPVSimParams.mLocalMaximumCut : 0.03		[ CCDB ]
[156750:CPVClusterizerSpec]: CPVSimParams.mLogWeight : 4.5		[ CCDB ]
[156750:CPVClusterizerSpec]: CPVSimParams.mNMaxIterations : 10		[ CCDB ]
[156750:CPVClusterizerSpec]: CPVSimParams.mUnfoldClusters : false		[ CCDB ]
[156750:CPVClusterizerSpec]: [22:08:11][INFO] Finished, wrote  6 clusters, 5TR and 6 Labels
[156750:CPVClusterizerSpec]: [22:08:11][INFO] Starting ClusterizerSpec::run() 
[156750:CPVClusterizerSpec]: [22:08:11][INFO] ClusterizerSpec::run() : no digits; moving on
[156750:CPVClusterizerSpec]: [22:08:11][INFO] Sending end-of-stream message to channel from_CPVClusterizerSpec_to_cpv-cluster-writer
[156750:CPVClusterizerSpec]: [22:08:11][INFO] Sending end-of-stream message to channel from_CPVClusterizerSpec_to_internal-dpl-injected-dummy-sink
[INFO] Quitting
[INFO] QUIT_REQUESTED
[156747:internal-dpl-clock]: [22:08:11][INFO] Received device shutdown request (signal 15).
[156747:internal-dpl-clock]: [22:08:11][INFO] Waiting for graceful device shutdown. Hit Ctrl-C again to abort immediately.
[156749:internal-dpl-ccdb-backend]: [22:08:11][INFO] Received device shutdown request (signal 15).
[156749:internal-dpl-ccdb-backend]: [22:08:11][INFO] Waiting for graceful device shutdown. Hit Ctrl-C again to abort immediately.
[156747:internal-dpl-clock]: [22:08:11][INFO] New state requested. No timeout set, quitting immediately as per --completion-policy
[156747:internal-dpl-clock]: [22:08:11][STATE] RUNNING ---> READY
[156747:internal-dpl-clock]: [22:08:11][STATE] READY ---> RESETTING TASK
[156749:internal-dpl-ccdb-backend]: [22:08:11][INFO] New state requested. No timeout set, quitting immediately as per --completion-policy
[156749:internal-dpl-ccdb-backend]: [22:08:11][INFO] CCDB cache miss/hit ratio:
[156749:internal-dpl-ccdb-backend]: [22:08:11][INFO]   CPV/Config/CPVSimParams: 1/1 (3072-3072 bytes)
[156749:internal-dpl-ccdb-backend]: [22:08:11][INFO]   CTP/Calib/OrbitReset: 1/2 (1024-1024 bytes)
[156749:internal-dpl-ccdb-backend]: [22:08:11][STATE] RUNNING ---> READY
[156749:internal-dpl-ccdb-backend]: [22:08:11][STATE] READY ---> RESETTING TASK
[156747:internal-dpl-clock]: [22:08:11][STATE] RESETTING TASK ---> DEVICE READY
[156747:internal-dpl-clock]: [22:08:11][STATE] DEVICE READY ---> RESETTING DEVICE
[156749:internal-dpl-ccdb-backend]: [22:08:11][STATE] RESETTING TASK ---> DEVICE READY
[156749:internal-dpl-ccdb-backend]: [22:08:11][STATE] DEVICE READY ---> RESETTING DEVICE
[156747:internal-dpl-clock]: [22:08:11][STATE] RESETTING DEVICE ---> IDLE
[156749:internal-dpl-ccdb-backend]: [22:08:11][STATE] RESETTING DEVICE ---> IDLE
[156747:internal-dpl-clock]: [22:08:11][STATE] IDLE ---> EXITING
[156749:internal-dpl-ccdb-backend]: [22:08:11][STATE] IDLE ---> EXITING
[156747:internal-dpl-clock]: [22:08:11][STATE] Exiting FairMQ state machine
[156749:internal-dpl-ccdb-backend]: [22:08:11][STATE] Exiting FairMQ state machine
[156748:cpv-digit-reader]: [22:08:11][INFO] Received device shutdown request (signal 15).
[156748:cpv-digit-reader]: [22:08:11][INFO] Waiting for graceful device shutdown. Hit Ctrl-C again to abort immediately.
[156748:cpv-digit-reader]: [22:08:11][INFO] New state requested. No timeout set, quitting immediately as per --completion-policy
[156748:cpv-digit-reader]: [22:08:11][STATE] RUNNING ---> READY
[156748:cpv-digit-reader]: [22:08:11][STATE] READY ---> RESETTING TASK
[156748:cpv-digit-reader]: [22:08:11][STATE] RESETTING TASK ---> DEVICE READY
[156748:cpv-digit-reader]: [22:08:11][STATE] DEVICE READY ---> RESETTING DEVICE
[156748:cpv-digit-reader]: [22:08:11][STATE] RESETTING DEVICE ---> IDLE
[156748:cpv-digit-reader]: [22:08:11][STATE] IDLE ---> EXITING
[156748:cpv-digit-reader]: [22:08:11][STATE] Exiting FairMQ state machine
[156750:CPVClusterizerSpec]: [22:08:11][INFO] Received device shutdown request (signal 15).
[156750:CPVClusterizerSpec]: [22:08:11][INFO] Waiting for graceful device shutdown. Hit Ctrl-C again to abort immediately.
[156752:internal-dpl-injected-dummy-sink]: [22:08:11][INFO] Received device shutdown request (signal 15).
[156752:internal-dpl-injected-dummy-sink]: [22:08:11][INFO] Waiting for graceful device shutdown. Hit Ctrl-C again to abort immediately.
[156752:internal-dpl-injected-dummy-sink]: [22:08:11][INFO] New state requested. No timeout set, quitting immediately as per --completion-policy
[156752:internal-dpl-injected-dummy-sink]: [22:08:11][STATE] RUNNING ---> READY
[156752:internal-dpl-injected-dummy-sink]: [22:08:11][STATE] READY ---> RESETTING TASK
[156752:internal-dpl-injected-dummy-sink]: [22:08:11][STATE] RESETTING TASK ---> DEVICE READY
[156752:internal-dpl-injected-dummy-sink]: [22:08:11][STATE] DEVICE READY ---> RESETTING DEVICE
[156750:CPVClusterizerSpec]: [22:08:11][INFO] New state requested. No timeout set, quitting immediately as per --completion-policy
[156750:CPVClusterizerSpec]: [22:08:11][STATE] RUNNING ---> READY
[156750:CPVClusterizerSpec]: [22:08:11][STATE] READY ---> RESETTING TASK
[156750:CPVClusterizerSpec]: [22:08:11][STATE] RESETTING TASK ---> DEVICE READY
[156750:CPVClusterizerSpec]: [22:08:11][STATE] DEVICE READY ---> RESETTING DEVICE
[156751:cpv-cluster-writer]: [22:08:11][INFO] Received device shutdown request (signal 15).
[156751:cpv-cluster-writer]: [22:08:11][INFO] Waiting for graceful device shutdown. Hit Ctrl-C again to abort immediately.
[156751:cpv-cluster-writer]: [22:08:11][INFO] New state requested. No timeout set, quitting immediately as per --completion-policy
[156752:internal-dpl-injected-dummy-sink]: [22:08:11][STATE] RESETTING DEVICE ---> IDLE
[156752:internal-dpl-injected-dummy-sink]: [22:08:11][STATE] IDLE ---> EXITING
[156750:CPVClusterizerSpec]: [22:08:11][STATE] RESETTING DEVICE ---> IDLE
[156752:internal-dpl-injected-dummy-sink]: [22:08:11][STATE] Exiting FairMQ state machine
[156750:CPVClusterizerSpec]: [22:08:11][STATE] IDLE ---> EXITING
[156750:CPVClusterizerSpec]: [22:08:11][STATE] Exiting FairMQ state machine
[156751:cpv-cluster-writer]: [22:08:11][STATE] RUNNING ---> READY
[156751:cpv-cluster-writer]: [22:08:11][STATE] READY ---> RESETTING TASK
[156751:cpv-cluster-writer]: [22:08:11][STATE] RESETTING TASK ---> DEVICE READY
[156751:cpv-cluster-writer]: [22:08:11][STATE] DEVICE READY ---> RESETTING DEVICE
[156751:cpv-cluster-writer]: [22:08:11][INFO] Cleaning up for shared memory id '793f3843'...
[156751:cpv-cluster-writer]: [22:08:11][INFO] Found 0 unmanaged regions...
[156751:cpv-cluster-writer]: [22:08:11][INFO] Found 1 managed segments...
[156751:cpv-cluster-writer]: [22:08:11][INFO] Successfully removed 'fmq_793f3843_m_0'.
[156751:cpv-cluster-writer]: [22:08:11][INFO] Successfully removed 'fmq_793f3843_mng'.
[156751:cpv-cluster-writer]: [22:08:11][STATE] RESETTING DEVICE ---> IDLE
[156751:cpv-cluster-writer]: [22:08:11][STATE] IDLE ---> EXITING
[156751:cpv-cluster-writer]: [22:08:11][STATE] Exiting FairMQ state machine
[INFO] ## Processes completed. Run summary:
[INFO] ### Devices started: 6
[INFO]  - Device internal-dpl-clock: pid 156747 (exit 0)
[INFO]  - Device cpv-digit-reader: pid 156748 (exit 0)
[INFO]  - Device internal-dpl-ccdb-backend: pid 156749 (exit 0)
[INFO]  - Device CPVClusterizerSpec: pid 156750 (exit 0)
[INFO]  - Device cpv-cluster-writer: pid 156751 (exit 0)
[INFO]  - Device internal-dpl-injected-dummy-sink: pid 156752 (exit 0)
[INFO] Dumping used configuration in dpl-config.json
TASK-EXIT-CODE: 0
