Running: TIME="#walltime %e" /usr/bin/time --output=emcreco.log_time ./emcreco.log_tmp.sh
[INFO] Initialising O2 Data Processing Layer. Driver PID: 156197.
[INFO] Driver listening on port: 14277
[INFO] Rate limiting set up at 500MB distributed over 1 readers
[INFO] O2 Data Processing Layer initialised. We brake for nobody.
[INFO] Optimised build. O2DEBUG / LOG(debug) / LOGF(debug) / assert statement will not be shown.
[INFO] Redeployment of configuration asked.
[INFO] Starting internal-dpl-clock on pid 156237
[INFO] Starting emcal-digit-reader on pid 156238
[INFO] Starting EMCALCellConverterSpec on pid 156239
[INFO] Starting emcal-cells-writer on pid 156240
[INFO] Redeployment of configuration done.
[156239:EMCALCellConverterSpec]: [INFO] Instrumenting crash signals
[156239:EMCALCellConverterSpec]: [INFO] Spawing new device EMCALCellConverterSpec in process with pid 156239
[156239:EMCALCellConverterSpec]: [22:08:03][INFO] 
[156239:EMCALCellConverterSpec]:       ______      _    _______  _________ 
[156239:EMCALCellConverterSpec]:      / ____/___ _(_)_______   |/  /_  __ \    version 1.6.0
[156239:EMCALCellConverterSpec]:     / /_  / __ `/ / ___/__  /|_/ /_  / / /    build RELWITHDEBINFO
[156239:EMCALCellConverterSpec]:    / __/ / /_/ / / /    _  /  / / / /_/ /     https://github.com/FairRootGroup/FairMQ
[156239:EMCALCellConverterSpec]:   /_/    \__,_/_/_/     /_/  /_/  \___\_\     LGPL-3.0  © 2012-2023 GSI
[156239:EMCALCellConverterSpec]: 
[156239:EMCALCellConverterSpec]: [22:08:03][STATE] Starting FairMQ state machine --> IDLE
[156239:EMCALCellConverterSpec]: [22:08:03][STATE] IDLE ---> INITIALIZING DEVICE
[156239:EMCALCellConverterSpec]: [22:08:03][INFO] o2::emcal::Geometry::GetInstanceFromRunNumber() - Initialized geometry with name <<EMCAL_COMPLETE12SMV1_DCAL_8SM>>
[156239:EMCALCellConverterSpec]: [22:08:03][INFO] Using gamma2 raw fitter
[156239:EMCALCellConverterSpec]: [22:08:03][STATE] INITIALIZING DEVICE ---> INITIALIZED
[156239:EMCALCellConverterSpec]: [22:08:03][STATE] INITIALIZED ---> BINDING
[156239:EMCALCellConverterSpec]: [22:08:03][STATE] BINDING ---> BOUND
[156239:EMCALCellConverterSpec]: [22:08:03][STATE] BOUND ---> CONNECTING
[156239:EMCALCellConverterSpec]: [22:08:03][STATE] CONNECTING ---> DEVICE READY
[156239:EMCALCellConverterSpec]: [22:08:03][STATE] DEVICE READY ---> INITIALIZING TASK
[156239:EMCALCellConverterSpec]: [22:08:03][STATE] INITIALIZING TASK ---> READY
[156239:EMCALCellConverterSpec]: [22:08:03][STATE] READY ---> RUNNING
[156239:EMCALCellConverterSpec]: [22:08:03][INFO] fair::mq::Device running...
[156239:EMCALCellConverterSpec]: [22:08:03][INFO] LHCPeriod is not available, using current month AUG
[156239:EMCALCellConverterSpec]: [22:08:03][INFO] Correctly handshaken websocket connection.
[156237:internal-dpl-clock]: [INFO] Instrumenting crash signals
[156237:internal-dpl-clock]: [INFO] Spawing new device internal-dpl-clock in process with pid 156237
[156237:internal-dpl-clock]: [22:08:03][INFO] 
[156237:internal-dpl-clock]:       ______      _    _______  _________ 
[156237:internal-dpl-clock]:      / ____/___ _(_)_______   |/  /_  __ \    version 1.6.0
[156237:internal-dpl-clock]:     / /_  / __ `/ / ___/__  /|_/ /_  / / /    build RELWITHDEBINFO
[156237:internal-dpl-clock]:    / __/ / /_/ / / /    _  /  / / / /_/ /     https://github.com/FairRootGroup/FairMQ
[156237:internal-dpl-clock]:   /_/    \__,_/_/_/     /_/  /_/  \___\_\     LGPL-3.0  © 2012-2023 GSI
[156237:internal-dpl-clock]: 
[156237:internal-dpl-clock]: [22:08:03][STATE] Starting FairMQ state machine --> IDLE
[156237:internal-dpl-clock]: [22:08:03][STATE] IDLE ---> INITIALIZING DEVICE
[156237:internal-dpl-clock]: [22:08:03][STATE] INITIALIZING DEVICE ---> INITIALIZED
[156237:internal-dpl-clock]: [22:08:03][STATE] INITIALIZED ---> BINDING
[156237:internal-dpl-clock]: [22:08:03][STATE] BINDING ---> BOUND
[156237:internal-dpl-clock]: [22:08:03][STATE] BOUND ---> CONNECTING
[156237:internal-dpl-clock]: [22:08:03][STATE] CONNECTING ---> DEVICE READY
[156237:internal-dpl-clock]: [22:08:03][STATE] DEVICE READY ---> INITIALIZING TASK
[156237:internal-dpl-clock]: [22:08:03][STATE] INITIALIZING TASK ---> READY
[156237:internal-dpl-clock]: [22:08:03][STATE] READY ---> RUNNING
[156237:internal-dpl-clock]: [22:08:03][INFO] fair::mq::Device running...
[156237:internal-dpl-clock]: [22:08:03][INFO] LHCPeriod is not available, using current month AUG
[156237:internal-dpl-clock]: [22:08:03][INFO] Correctly handshaken websocket connection.
[156238:emcal-digit-reader]: [INFO] Instrumenting crash signals
[156238:emcal-digit-reader]: [INFO] Spawing new device emcal-digit-reader in process with pid 156238
[156238:emcal-digit-reader]: [22:08:03][INFO] 
[156238:emcal-digit-reader]:       ______      _    _______  _________ 
[156238:emcal-digit-reader]:      / ____/___ _(_)_______   |/  /_  __ \    version 1.6.0
[156238:emcal-digit-reader]:     / /_  / __ `/ / ___/__  /|_/ /_  / / /    build RELWITHDEBINFO
[156238:emcal-digit-reader]:    / __/ / /_/ / / /    _  /  / / / /_/ /     https://github.com/FairRootGroup/FairMQ
[156238:emcal-digit-reader]:   /_/    \__,_/_/_/     /_/  /_/  \___\_\     LGPL-3.0  © 2012-2023 GSI
[156238:emcal-digit-reader]: 
[156238:emcal-digit-reader]: [22:08:03][STATE] Starting FairMQ state machine --> IDLE
[156238:emcal-digit-reader]: [22:08:03][STATE] IDLE ---> INITIALIZING DEVICE
[156240:emcal-cells-writer]: [INFO] Instrumenting crash signals
[156240:emcal-cells-writer]: [INFO] Spawing new device emcal-cells-writer in process with pid 156240
[156240:emcal-cells-writer]: [22:08:03][INFO] 
[156240:emcal-cells-writer]:       ______      _    _______  _________ 
[156240:emcal-cells-writer]:      / ____/___ _(_)_______   |/  /_  __ \    version 1.6.0
[156240:emcal-cells-writer]:     / /_  / __ `/ / ___/__  /|_/ /_  / / /    build RELWITHDEBINFO
[156240:emcal-cells-writer]:    / __/ / /_/ / / /    _  /  / / / /_/ /     https://github.com/FairRootGroup/FairMQ
[156240:emcal-cells-writer]:   /_/    \__,_/_/_/     /_/  /_/  \___\_\     LGPL-3.0  © 2012-2023 GSI
[156240:emcal-cells-writer]: 
[156240:emcal-cells-writer]: [22:08:03][STATE] Starting FairMQ state machine --> IDLE
[156240:emcal-cells-writer]: [22:08:03][STATE] IDLE ---> INITIALIZING DEVICE
[156240:emcal-cells-writer]: [22:08:03][INFO] 0: branch  EMCALCell set up
[156240:emcal-cells-writer]: [22:08:03][INFO] 1: branch  EMCALCellTRGR set up
[156240:emcal-cells-writer]: [22:08:03][INFO] 2: branch  EMCALCellMCTruth set up
[156240:emcal-cells-writer]: [22:08:03][STATE] INITIALIZING DEVICE ---> INITIALIZED
[156240:emcal-cells-writer]: [22:08:03][STATE] INITIALIZED ---> BINDING
[156240:emcal-cells-writer]: [22:08:03][STATE] BINDING ---> BOUND
[156240:emcal-cells-writer]: [22:08:03][STATE] BOUND ---> CONNECTING
[156240:emcal-cells-writer]: [22:08:03][STATE] CONNECTING ---> DEVICE READY
[156240:emcal-cells-writer]: [22:08:03][STATE] DEVICE READY ---> INITIALIZING TASK
[156240:emcal-cells-writer]: [22:08:03][STATE] INITIALIZING TASK ---> READY
[156240:emcal-cells-writer]: [22:08:03][STATE] READY ---> RUNNING
[156240:emcal-cells-writer]: [22:08:03][INFO] fair::mq::Device running...
[156240:emcal-cells-writer]: [22:08:03][INFO] LHCPeriod is not available, using current month AUG
[156240:emcal-cells-writer]: [22:08:03][INFO] Correctly handshaken websocket connection.
[156238:emcal-digit-reader]: [22:08:03][INFO] branch set up: EMCALDigitMCTruth
[156238:emcal-digit-reader]: [22:08:03][INFO] branch set up: EMCALDigit
[156238:emcal-digit-reader]: [22:08:03][INFO] branch set up: EMCALDigitTRGR
[156238:emcal-digit-reader]: [22:08:03][STATE] INITIALIZING DEVICE ---> INITIALIZED
[156238:emcal-digit-reader]: [22:08:03][STATE] INITIALIZED ---> BINDING
[156238:emcal-digit-reader]: [22:08:03][STATE] BINDING ---> BOUND
[156238:emcal-digit-reader]: [22:08:03][STATE] BOUND ---> CONNECTING
[156238:emcal-digit-reader]: [22:08:03][STATE] CONNECTING ---> DEVICE READY
[156238:emcal-digit-reader]: [22:08:03][STATE] DEVICE READY ---> INITIALIZING TASK
[156238:emcal-digit-reader]: [22:08:03][STATE] INITIALIZING TASK ---> READY
[156238:emcal-digit-reader]: [22:08:03][STATE] READY ---> RUNNING
[156238:emcal-digit-reader]: [22:08:03][INFO] fair::mq::Device running...
[156238:emcal-digit-reader]: [22:08:03][INFO] LHCPeriod is not available, using current month AUG
[156238:emcal-digit-reader]: [22:08:03][INFO] Correctly handshaken websocket connection.
[156238:emcal-digit-reader]: [22:08:03][INFO] Sending end-of-stream message to channel from_emcal-digit-reader_to_EMCALCellConverterSpec
[156239:EMCALCellConverterSpec]: [22:08:03][INFO] Sending end-of-stream message to channel from_EMCALCellConverterSpec_to_emcal-cells-writer
[156240:emcal-cells-writer]: [22:08:03][ERROR] Some Lifetime::Timeframe data got dropped starting at 1
[INFO] Quitting
[INFO] QUIT_REQUESTED
[156239:EMCALCellConverterSpec]: [22:08:03][INFO] Received device shutdown request (signal 15).
[156239:EMCALCellConverterSpec]: [22:08:03][INFO] Waiting for graceful device shutdown. Hit Ctrl-C again to abort immediately.
[156239:EMCALCellConverterSpec]: [22:08:03][INFO] New state requested. No timeout set, quitting immediately as per --completion-policy
[156239:EMCALCellConverterSpec]: [22:08:03][STATE] RUNNING ---> READY
[156239:EMCALCellConverterSpec]: [22:08:03][STATE] READY ---> RESETTING TASK
[156239:EMCALCellConverterSpec]: [22:08:03][STATE] RESETTING TASK ---> DEVICE READY
[156239:EMCALCellConverterSpec]: [22:08:03][STATE] DEVICE READY ---> RESETTING DEVICE
[156239:EMCALCellConverterSpec]: [22:08:03][STATE] RESETTING DEVICE ---> IDLE
[156239:EMCALCellConverterSpec]: [22:08:03][STATE] IDLE ---> EXITING
[156239:EMCALCellConverterSpec]: [22:08:03][STATE] Exiting FairMQ state machine
[156237:internal-dpl-clock]: [22:08:03][INFO] Received device shutdown request (signal 15).
[156237:internal-dpl-clock]: [22:08:03][INFO] Waiting for graceful device shutdown. Hit Ctrl-C again to abort immediately.
[156237:internal-dpl-clock]: [22:08:03][INFO] New state requested. No timeout set, quitting immediately as per --completion-policy
[156237:internal-dpl-clock]: [22:08:03][STATE] RUNNING ---> READY
[156237:internal-dpl-clock]: [22:08:03][STATE] READY ---> RESETTING TASK
[156237:internal-dpl-clock]: [22:08:03][STATE] RESETTING TASK ---> DEVICE READY
[156237:internal-dpl-clock]: [22:08:03][STATE] DEVICE READY ---> RESETTING DEVICE
[156237:internal-dpl-clock]: [22:08:03][STATE] RESETTING DEVICE ---> IDLE
[156237:internal-dpl-clock]: [22:08:03][STATE] IDLE ---> EXITING
[156237:internal-dpl-clock]: [22:08:03][STATE] Exiting FairMQ state machine
[156238:emcal-digit-reader]: [22:08:03][INFO] Received device shutdown request (signal 15).
[156238:emcal-digit-reader]: [22:08:03][INFO] Waiting for graceful device shutdown. Hit Ctrl-C again to abort immediately.
[156240:emcal-cells-writer]: [22:08:03][INFO] Received device shutdown request (signal 15).
[156240:emcal-cells-writer]: [22:08:03][INFO] Waiting for graceful device shutdown. Hit Ctrl-C again to abort immediately.
[156238:emcal-digit-reader]: [22:08:03][INFO] New state requested. No timeout set, quitting immediately as per --completion-policy
[156238:emcal-digit-reader]: [22:08:03][STATE] RUNNING ---> READY
[156240:emcal-cells-writer]: [22:08:03][INFO] New state requested. No timeout set, quitting immediately as per --completion-policy
[156238:emcal-digit-reader]: [22:08:03][STATE] READY ---> RESETTING TASK
[156238:emcal-digit-reader]: [22:08:03][STATE] RESETTING TASK ---> DEVICE READY
[156238:emcal-digit-reader]: [22:08:03][STATE] DEVICE READY ---> RESETTING DEVICE
[156238:emcal-digit-reader]: [22:08:03][STATE] RESETTING DEVICE ---> IDLE
[156238:emcal-digit-reader]: [22:08:03][STATE] IDLE ---> EXITING
[156238:emcal-digit-reader]: [22:08:03][STATE] Exiting FairMQ state machine
[156240:emcal-cells-writer]: [22:08:03][STATE] RUNNING ---> READY
[156240:emcal-cells-writer]: [22:08:03][STATE] READY ---> RESETTING TASK
[156240:emcal-cells-writer]: [22:08:03][STATE] RESETTING TASK ---> DEVICE READY
[156240:emcal-cells-writer]: [22:08:03][STATE] DEVICE READY ---> RESETTING DEVICE
[156240:emcal-cells-writer]: [22:08:03][INFO] Cleaning up for shared memory id 'cb81a230'...
[156240:emcal-cells-writer]: [22:08:03][INFO] Found 0 unmanaged regions...
[156240:emcal-cells-writer]: [22:08:03][INFO] Found 1 managed segments...
[156240:emcal-cells-writer]: [22:08:03][INFO] Successfully removed 'fmq_cb81a230_m_0'.
[156240:emcal-cells-writer]: [22:08:03][INFO] Successfully removed 'fmq_cb81a230_mng'.
[156240:emcal-cells-writer]: [22:08:03][STATE] RESETTING DEVICE ---> IDLE
[156240:emcal-cells-writer]: [22:08:03][STATE] IDLE ---> EXITING
[156240:emcal-cells-writer]: [22:08:03][STATE] Exiting FairMQ state machine
[INFO] ## Processes completed. Run summary:
[INFO] ### Devices started: 4
[INFO]  - Device internal-dpl-clock: pid 156237 (exit 0)
[INFO]  - Device emcal-digit-reader: pid 156238 (exit 0)
[INFO]  - Device EMCALCellConverterSpec: pid 156239 (exit 0)
[INFO]  - Device emcal-cells-writer: pid 156240 (exit 0)
[INFO] Dumping used configuration in dpl-config.json
TASK-EXIT-CODE: 0
