Running: TIME="#walltime %e" /usr/bin/time --output=fddreco.log_time ./fddreco.log_tmp.sh
[INFO] Currently FDDReconstructor does not consume and provide MC truth
[INFO] Initialising O2 Data Processing Layer. Driver PID: 147126.
[INFO] Driver listening on port: 35206
[INFO] Rate limiting set up at 500MB distributed over 1 readers
[INFO] O2 Data Processing Layer initialised. We brake for nobody.
[INFO] Optimised build. O2DEBUG / LOG(debug) / LOGF(debug) / assert statement will not be shown.
[INFO] Redeployment of configuration asked.
[INFO] Starting internal-dpl-clock on pid 147169
[INFO] Starting fdd-digit-reader on pid 147170
[INFO] Starting fdd-reconstructor on pid 147171
[INFO] Starting fdd-recpoint-writer on pid 147172
[INFO] Starting internal-dpl-injected-dummy-sink on pid 147173
[INFO] Redeployment of configuration done.
[147169:internal-dpl-clock]: [INFO] Currently FDDReconstructor does not consume and provide MC truth
[147170:fdd-digit-reader]: [INFO] Currently FDDReconstructor does not consume and provide MC truth
[147169:internal-dpl-clock]: [INFO] Instrumenting crash signals
[147169:internal-dpl-clock]: [INFO] Spawing new device internal-dpl-clock in process with pid 147169
[147169:internal-dpl-clock]: [22:05:46][INFO] 
[147169:internal-dpl-clock]:       ______      _    _______  _________ 
[147169:internal-dpl-clock]:      / ____/___ _(_)_______   |/  /_  __ \    version 1.6.0
[147169:internal-dpl-clock]:     / /_  / __ `/ / ___/__  /|_/ /_  / / /    build RELWITHDEBINFO
[147169:internal-dpl-clock]:    / __/ / /_/ / / /    _  /  / / / /_/ /     https://github.com/FairRootGroup/FairMQ
[147169:internal-dpl-clock]:   /_/    \__,_/_/_/     /_/  /_/  \___\_\     LGPL-3.0  © 2012-2023 GSI
[147169:internal-dpl-clock]: 
[147169:internal-dpl-clock]: [22:05:46][STATE] Starting FairMQ state machine --> IDLE
[147170:fdd-digit-reader]: [INFO] Instrumenting crash signals
[147170:fdd-digit-reader]: [INFO] Spawing new device fdd-digit-reader in process with pid 147170
[147170:fdd-digit-reader]: [22:05:46][INFO] 
[147170:fdd-digit-reader]:       ______      _    _______  _________ 
[147170:fdd-digit-reader]:      / ____/___ _(_)_______   |/  /_  __ \    version 1.6.0
[147170:fdd-digit-reader]:     / /_  / __ `/ / ___/__  /|_/ /_  / / /    build RELWITHDEBINFO
[147170:fdd-digit-reader]:    / __/ / /_/ / / /    _  /  / / / /_/ /     https://github.com/FairRootGroup/FairMQ
[147170:fdd-digit-reader]:   /_/    \__,_/_/_/     /_/  /_/  \___\_\     LGPL-3.0  © 2012-2023 GSI
[147170:fdd-digit-reader]: 
[147170:fdd-digit-reader]: [22:05:46][STATE] Starting FairMQ state machine --> IDLE
[147170:fdd-digit-reader]: [22:05:46][STATE] IDLE ---> INITIALIZING DEVICE
[147169:internal-dpl-clock]: [22:05:46][STATE] IDLE ---> INITIALIZING DEVICE
[147171:fdd-reconstructor]: [INFO] Currently FDDReconstructor does not consume and provide MC truth
[147169:internal-dpl-clock]: [22:05:46][STATE] INITIALIZING DEVICE ---> INITIALIZED
[147169:internal-dpl-clock]: [22:05:46][STATE] INITIALIZED ---> BINDING
[147169:internal-dpl-clock]: [22:05:46][STATE] BINDING ---> BOUND
[147169:internal-dpl-clock]: [22:05:46][STATE] BOUND ---> CONNECTING
[147169:internal-dpl-clock]: [22:05:46][STATE] CONNECTING ---> DEVICE READY
[147169:internal-dpl-clock]: [22:05:46][STATE] DEVICE READY ---> INITIALIZING TASK
[147169:internal-dpl-clock]: [22:05:46][STATE] INITIALIZING TASK ---> READY
[147169:internal-dpl-clock]: [22:05:46][STATE] READY ---> RUNNING
[147169:internal-dpl-clock]: [22:05:46][INFO] fair::mq::Device running...
[147169:internal-dpl-clock]: [22:05:46][INFO] LHCPeriod is not available, using current month AUG
[147169:internal-dpl-clock]: [22:05:46][INFO] Correctly handshaken websocket connection.
[147171:fdd-reconstructor]: [INFO] Instrumenting crash signals
[147171:fdd-reconstructor]: [INFO] Spawing new device fdd-reconstructor in process with pid 147171
[147171:fdd-reconstructor]: [22:05:46][INFO] 
[147171:fdd-reconstructor]:       ______      _    _______  _________ 
[147171:fdd-reconstructor]:      / ____/___ _(_)_______   |/  /_  __ \    version 1.6.0
[147171:fdd-reconstructor]:     / /_  / __ `/ / ___/__  /|_/ /_  / / /    build RELWITHDEBINFO
[147171:fdd-reconstructor]:    / __/ / /_/ / / /    _  /  / / / /_/ /     https://github.com/FairRootGroup/FairMQ
[147171:fdd-reconstructor]:   /_/    \__,_/_/_/     /_/  /_/  \___\_\     LGPL-3.0  © 2012-2023 GSI
[147171:fdd-reconstructor]: 
[147171:fdd-reconstructor]: [22:05:46][STATE] Starting FairMQ state machine --> IDLE
[147171:fdd-reconstructor]: [22:05:46][STATE] IDLE ---> INITIALIZING DEVICE
[147171:fdd-reconstructor]: [22:05:46][STATE] INITIALIZING DEVICE ---> INITIALIZED
[147171:fdd-reconstructor]: [22:05:46][STATE] INITIALIZED ---> BINDING
[147171:fdd-reconstructor]: [22:05:46][STATE] BINDING ---> BOUND
[147171:fdd-reconstructor]: [22:05:46][STATE] BOUND ---> CONNECTING
[147171:fdd-reconstructor]: [22:05:46][STATE] CONNECTING ---> DEVICE READY
[147171:fdd-reconstructor]: [22:05:46][STATE] DEVICE READY ---> INITIALIZING TASK
[147171:fdd-reconstructor]: [22:05:46][STATE] INITIALIZING TASK ---> READY
[147171:fdd-reconstructor]: [22:05:46][STATE] READY ---> RUNNING
[147171:fdd-reconstructor]: [22:05:46][INFO] fair::mq::Device running...
[147171:fdd-reconstructor]: [22:05:46][INFO] LHCPeriod is not available, using current month AUG
[147171:fdd-reconstructor]: [22:05:46][INFO] Correctly handshaken websocket connection.
[147172:fdd-recpoint-writer]: [INFO] Currently FDDReconstructor does not consume and provide MC truth
[147172:fdd-recpoint-writer]: [INFO] Instrumenting crash signals
[147172:fdd-recpoint-writer]: [INFO] Spawing new device fdd-recpoint-writer in process with pid 147172
[147172:fdd-recpoint-writer]: [22:05:46][INFO] 
[147172:fdd-recpoint-writer]:       ______      _    _______  _________ 
[147172:fdd-recpoint-writer]:      / ____/___ _(_)_______   |/  /_  __ \    version 1.6.0
[147172:fdd-recpoint-writer]:     / /_  / __ `/ / ___/__  /|_/ /_  / / /    build RELWITHDEBINFO
[147172:fdd-recpoint-writer]:    / __/ / /_/ / / /    _  /  / / / /_/ /     https://github.com/FairRootGroup/FairMQ
[147172:fdd-recpoint-writer]:   /_/    \__,_/_/_/     /_/  /_/  \___\_\     LGPL-3.0  © 2012-2023 GSI
[147172:fdd-recpoint-writer]: 
[147172:fdd-recpoint-writer]: [22:05:46][STATE] Starting FairMQ state machine --> IDLE
[147172:fdd-recpoint-writer]: [22:05:46][STATE] IDLE ---> INITIALIZING DEVICE
[147170:fdd-digit-reader]: [22:05:46][STATE] INITIALIZING DEVICE ---> INITIALIZED
[147170:fdd-digit-reader]: [22:05:46][STATE] INITIALIZED ---> BINDING
[147170:fdd-digit-reader]: [22:05:46][STATE] BINDING ---> BOUND
[147170:fdd-digit-reader]: [22:05:46][STATE] BOUND ---> CONNECTING
[147170:fdd-digit-reader]: [22:05:46][STATE] CONNECTING ---> DEVICE READY
[147170:fdd-digit-reader]: [22:05:46][STATE] DEVICE READY ---> INITIALIZING TASK
[147170:fdd-digit-reader]: [22:05:46][STATE] INITIALIZING TASK ---> READY
[147170:fdd-digit-reader]: [22:05:46][STATE] READY ---> RUNNING
[147170:fdd-digit-reader]: [22:05:46][INFO] fair::mq::Device running...
[147170:fdd-digit-reader]: [22:05:46][INFO] LHCPeriod is not available, using current month AUG
[147170:fdd-digit-reader]: [22:05:46][INFO] Will use MC-truth from FDDDigitLabels
[147172:fdd-recpoint-writer]: [22:05:46][INFO] 0: branch  FDDCluster set up
[147172:fdd-recpoint-writer]: [22:05:46][INFO] 1: branch  FDDRecChData set up
[147172:fdd-recpoint-writer]: [22:05:46][STATE] INITIALIZING DEVICE ---> INITIALIZED
[147172:fdd-recpoint-writer]: [22:05:46][STATE] INITIALIZED ---> BINDING
[147172:fdd-recpoint-writer]: [22:05:46][STATE] BINDING ---> BOUND
[147172:fdd-recpoint-writer]: [22:05:46][STATE] BOUND ---> CONNECTING
[147172:fdd-recpoint-writer]: [22:05:46][STATE] CONNECTING ---> DEVICE READY
[147172:fdd-recpoint-writer]: [22:05:46][STATE] DEVICE READY ---> INITIALIZING TASK
[147172:fdd-recpoint-writer]: [22:05:46][STATE] INITIALIZING TASK ---> READY
[147172:fdd-recpoint-writer]: [22:05:46][STATE] READY ---> RUNNING
[147172:fdd-recpoint-writer]: [22:05:46][INFO] fair::mq::Device running...
[147172:fdd-recpoint-writer]: [22:05:46][INFO] LHCPeriod is not available, using current month AUG
[147172:fdd-recpoint-writer]: [22:05:46][INFO] Correctly handshaken websocket connection.
[147170:fdd-digit-reader]: [22:05:46][INFO] FDD DigitReader pushes 853 digits
[147173:internal-dpl-injected-dummy-sink]: [INFO] Currently FDDReconstructor does not consume and provide MC truth
[147173:internal-dpl-injected-dummy-sink]: [INFO] Instrumenting crash signals
[147173:internal-dpl-injected-dummy-sink]: [INFO] Spawing new device internal-dpl-injected-dummy-sink in process with pid 147173
[147173:internal-dpl-injected-dummy-sink]: [22:05:47][INFO] 
[147173:internal-dpl-injected-dummy-sink]:       ______      _    _______  _________ 
[147173:internal-dpl-injected-dummy-sink]:      / ____/___ _(_)_______   |/  /_  __ \    version 1.6.0
[147173:internal-dpl-injected-dummy-sink]:     / /_  / __ `/ / ___/__  /|_/ /_  / / /    build RELWITHDEBINFO
[147173:internal-dpl-injected-dummy-sink]:    / __/ / /_/ / / /    _  /  / / / /_/ /     https://github.com/FairRootGroup/FairMQ
[147173:internal-dpl-injected-dummy-sink]:   /_/    \__,_/_/_/     /_/  /_/  \___\_\     LGPL-3.0  © 2012-2023 GSI
[147173:internal-dpl-injected-dummy-sink]: 
[147173:internal-dpl-injected-dummy-sink]: [22:05:47][STATE] Starting FairMQ state machine --> IDLE
[147173:internal-dpl-injected-dummy-sink]: [22:05:47][STATE] IDLE ---> INITIALIZING DEVICE
[147173:internal-dpl-injected-dummy-sink]: [22:05:47][STATE] INITIALIZING DEVICE ---> INITIALIZED
[147173:internal-dpl-injected-dummy-sink]: [22:05:47][STATE] INITIALIZED ---> BINDING
[147173:internal-dpl-injected-dummy-sink]: [22:05:47][STATE] BINDING ---> BOUND
[147173:internal-dpl-injected-dummy-sink]: [22:05:47][STATE] BOUND ---> CONNECTING
[147173:internal-dpl-injected-dummy-sink]: [22:05:47][STATE] CONNECTING ---> DEVICE READY
[147173:internal-dpl-injected-dummy-sink]: [22:05:47][STATE] DEVICE READY ---> INITIALIZING TASK
[147173:internal-dpl-injected-dummy-sink]: [22:05:47][STATE] INITIALIZING TASK ---> READY
[147173:internal-dpl-injected-dummy-sink]: [22:05:47][STATE] READY ---> RUNNING
[147173:internal-dpl-injected-dummy-sink]: [22:05:47][INFO] fair::mq::Device running...
[147173:internal-dpl-injected-dummy-sink]: [22:05:47][INFO] LHCPeriod is not available, using current month AUG
[147173:internal-dpl-injected-dummy-sink]: [22:05:47][INFO] Correctly handshaken websocket connection.
[147170:fdd-digit-reader]: [22:05:47][INFO] Sending end-of-stream message to channel from_fdd-digit-reader_to_fdd-reconstructor
[147170:fdd-digit-reader]: [22:05:47][INFO] Sending end-of-stream message to channel from_fdd-digit-reader_to_internal-dpl-injected-dummy-sink
[147170:fdd-digit-reader]: [22:05:47][INFO] Correctly handshaken websocket connection.
[147171:fdd-reconstructor]: [22:05:47][INFO] Ignoring MC info
[147171:fdd-reconstructor]: [22:05:47][INFO] Sending end-of-stream message to channel from_fdd-reconstructor_to_fdd-recpoint-writer
[INFO] Quitting
[INFO] QUIT_REQUESTED
[147173:internal-dpl-injected-dummy-sink]: [22:05:47][INFO] Received device shutdown request (signal 15).
[147173:internal-dpl-injected-dummy-sink]: [22:05:47][INFO] Waiting for graceful device shutdown. Hit Ctrl-C again to abort immediately.
[147173:internal-dpl-injected-dummy-sink]: [22:05:47][INFO] New state requested. No timeout set, quitting immediately as per --completion-policy
[147173:internal-dpl-injected-dummy-sink]: [22:05:47][STATE] RUNNING ---> READY
[147173:internal-dpl-injected-dummy-sink]: [22:05:47][STATE] READY ---> RESETTING TASK
[147173:internal-dpl-injected-dummy-sink]: [22:05:47][STATE] RESETTING TASK ---> DEVICE READY
[147173:internal-dpl-injected-dummy-sink]: [22:05:47][STATE] DEVICE READY ---> RESETTING DEVICE
[147173:internal-dpl-injected-dummy-sink]: [22:05:47][STATE] RESETTING DEVICE ---> IDLE
[147173:internal-dpl-injected-dummy-sink]: [22:05:47][STATE] IDLE ---> EXITING
[147173:internal-dpl-injected-dummy-sink]: [22:05:47][STATE] Exiting FairMQ state machine
[147172:fdd-recpoint-writer]: [22:05:47][INFO] Received device shutdown request (signal 15).
[147172:fdd-recpoint-writer]: [22:05:47][INFO] Waiting for graceful device shutdown. Hit Ctrl-C again to abort immediately.
[147172:fdd-recpoint-writer]: [22:05:47][INFO] New state requested. No timeout set, quitting immediately as per --completion-policy
[147169:internal-dpl-clock]: [22:05:47][INFO] Received device shutdown request (signal 15).
[147169:internal-dpl-clock]: [22:05:47][INFO] Waiting for graceful device shutdown. Hit Ctrl-C again to abort immediately.
[147171:fdd-reconstructor]: [22:05:47][INFO] Received device shutdown request (signal 15).
[147171:fdd-reconstructor]: [22:05:47][INFO] Waiting for graceful device shutdown. Hit Ctrl-C again to abort immediately.
[147171:fdd-reconstructor]: [22:05:47][INFO] New state requested. No timeout set, quitting immediately as per --completion-policy
[147171:fdd-reconstructor]: [22:05:47][STATE] RUNNING ---> READY
[147171:fdd-reconstructor]: [22:05:47][STATE] READY ---> RESETTING TASK
[147171:fdd-reconstructor]: [22:05:47][STATE] RESETTING TASK ---> DEVICE READY
[147171:fdd-reconstructor]: [22:05:47][STATE] DEVICE READY ---> RESETTING DEVICE
[147170:fdd-digit-reader]: [22:05:47][INFO] Received device shutdown request (signal 15).
[147170:fdd-digit-reader]: [22:05:47][INFO] Waiting for graceful device shutdown. Hit Ctrl-C again to abort immediately.
[147170:fdd-digit-reader]: [22:05:47][INFO] New state requested. No timeout set, quitting immediately as per --completion-policy
[147170:fdd-digit-reader]: [22:05:47][STATE] RUNNING ---> READY
[147169:internal-dpl-clock]: [22:05:47][INFO] New state requested. No timeout set, quitting immediately as per --completion-policy
[147170:fdd-digit-reader]: [22:05:47][STATE] READY ---> RESETTING TASK
[147170:fdd-digit-reader]: [22:05:47][STATE] RESETTING TASK ---> DEVICE READY
[147169:internal-dpl-clock]: [22:05:47][STATE] RUNNING ---> READY
[147170:fdd-digit-reader]: [22:05:47][STATE] DEVICE READY ---> RESETTING DEVICE
[147169:internal-dpl-clock]: [22:05:47][STATE] READY ---> RESETTING TASK
[147169:internal-dpl-clock]: [22:05:47][STATE] RESETTING TASK ---> DEVICE READY
[147169:internal-dpl-clock]: [22:05:47][STATE] DEVICE READY ---> RESETTING DEVICE
[147171:fdd-reconstructor]: [22:05:47][STATE] RESETTING DEVICE ---> IDLE
[147170:fdd-digit-reader]: [22:05:47][STATE] RESETTING DEVICE ---> IDLE
[147170:fdd-digit-reader]: [22:05:47][STATE] IDLE ---> EXITING
[147170:fdd-digit-reader]: [22:05:47][STATE] Exiting FairMQ state machine
[147171:fdd-reconstructor]: [22:05:47][STATE] IDLE ---> EXITING
[147171:fdd-reconstructor]: [22:05:47][STATE] Exiting FairMQ state machine
[147169:internal-dpl-clock]: [22:05:47][STATE] RESETTING DEVICE ---> IDLE
[147169:internal-dpl-clock]: [22:05:47][STATE] IDLE ---> EXITING
[147169:internal-dpl-clock]: [22:05:47][STATE] Exiting FairMQ state machine
[147172:fdd-recpoint-writer]: [22:05:47][STATE] RUNNING ---> READY
[147172:fdd-recpoint-writer]: [22:05:47][STATE] READY ---> RESETTING TASK
[147172:fdd-recpoint-writer]: [22:05:47][STATE] RESETTING TASK ---> DEVICE READY
[147172:fdd-recpoint-writer]: [22:05:47][STATE] DEVICE READY ---> RESETTING DEVICE
[147172:fdd-recpoint-writer]: [22:05:47][INFO] Cleaning up for shared memory id 'd264c557'...
[147172:fdd-recpoint-writer]: [22:05:47][INFO] Found 0 unmanaged regions...
[147172:fdd-recpoint-writer]: [22:05:47][INFO] Found 1 managed segments...
[147172:fdd-recpoint-writer]: [22:05:47][INFO] Successfully removed 'fmq_d264c557_m_0'.
[147172:fdd-recpoint-writer]: [22:05:47][INFO] Successfully removed 'fmq_d264c557_mng'.
[147172:fdd-recpoint-writer]: [22:05:47][STATE] RESETTING DEVICE ---> IDLE
[147172:fdd-recpoint-writer]: [22:05:47][STATE] IDLE ---> EXITING
[147172:fdd-recpoint-writer]: [22:05:47][STATE] Exiting FairMQ state machine
[INFO] ## Processes completed. Run summary:
[INFO] ### Devices started: 5
[INFO]  - Device internal-dpl-clock: pid 147169 (exit 0)
[INFO]  - Device fdd-digit-reader: pid 147170 (exit 0)
[INFO]  - Device fdd-reconstructor: pid 147171 (exit 0)
[INFO]  - Device fdd-recpoint-writer: pid 147172 (exit 0)
[INFO]  - Device internal-dpl-injected-dummy-sink: pid 147173 (exit 0)
[INFO] Dumping used configuration in dpl-config.json
TASK-EXIT-CODE: 0
