Running: TIME="#walltime %e" /usr/bin/time --output=ft0reco.log_time ./ft0reco.log_tmp.sh
[INFO] WorkflowSpec defineDataProcessing
[INFO] WorkflowSpec getRecoWorkflow useMC 1 CCDB  http://alice-ccdb.cern.ch/
[INFO] Currently Reconstruction does not consume and provide MC truth
[INFO] Initialising O2 Data Processing Layer. Driver PID: 146586.
[INFO] Driver listening on port: 34666
[INFO] Rate limiting set up at 500MB distributed over 1 readers
[INFO] O2 Data Processing Layer initialised. We brake for nobody.
[INFO] Optimised build. O2DEBUG / LOG(debug) / LOGF(debug) / assert statement will not be shown.
[INFO] Redeployment of configuration asked.
[INFO] Starting internal-dpl-clock on pid 146626
[INFO] Starting ft0-digit-reader on pid 146627
[INFO] Starting internal-dpl-ccdb-backend on pid 146628
[INFO] Starting ft0-reconstructor on pid 146629
[INFO] Starting ft0-recpoint-writer on pid 146630
[INFO] Starting internal-dpl-injected-dummy-sink on pid 146631
[INFO] Redeployment of configuration done.
[146626:internal-dpl-clock]: [INFO] WorkflowSpec defineDataProcessing
[146628:internal-dpl-ccdb-backend]: [INFO] WorkflowSpec defineDataProcessing
[146627:ft0-digit-reader]: [INFO] WorkflowSpec defineDataProcessing
[146630:ft0-recpoint-writer]: [INFO] WorkflowSpec defineDataProcessing
[146629:ft0-reconstructor]: [INFO] WorkflowSpec defineDataProcessing
[146631:internal-dpl-injected-dummy-sink]: [INFO] WorkflowSpec defineDataProcessing
[146626:internal-dpl-clock]: [INFO] WorkflowSpec getRecoWorkflow useMC 1 CCDB  http://alice-ccdb.cern.ch/
[146626:internal-dpl-clock]: [INFO] Currently Reconstruction does not consume and provide MC truth
[146626:internal-dpl-clock]: [INFO] Instrumenting crash signals
[146626:internal-dpl-clock]: [INFO] Spawing new device internal-dpl-clock in process with pid 146626
[146626:internal-dpl-clock]: [22:05:37][INFO] 
[146626:internal-dpl-clock]:       ______      _    _______  _________ 
[146626:internal-dpl-clock]:      / ____/___ _(_)_______   |/  /_  __ \    version 1.6.0
[146626:internal-dpl-clock]:     / /_  / __ `/ / ___/__  /|_/ /_  / / /    build RELWITHDEBINFO
[146626:internal-dpl-clock]:    / __/ / /_/ / / /    _  /  / / / /_/ /     https://github.com/FairRootGroup/FairMQ
[146626:internal-dpl-clock]:   /_/    \__,_/_/_/     /_/  /_/  \___\_\     LGPL-3.0  © 2012-2023 GSI
[146626:internal-dpl-clock]: 
[146626:internal-dpl-clock]: [22:05:37][STATE] Starting FairMQ state machine --> IDLE
[146626:internal-dpl-clock]: [22:05:37][STATE] IDLE ---> INITIALIZING DEVICE
[146626:internal-dpl-clock]: [22:05:37][STATE] INITIALIZING DEVICE ---> INITIALIZED
[146626:internal-dpl-clock]: [22:05:37][STATE] INITIALIZED ---> BINDING
[146626:internal-dpl-clock]: [22:05:37][STATE] BINDING ---> BOUND
[146626:internal-dpl-clock]: [22:05:37][STATE] BOUND ---> CONNECTING
[146626:internal-dpl-clock]: [22:05:37][STATE] CONNECTING ---> DEVICE READY
[146626:internal-dpl-clock]: [22:05:37][STATE] DEVICE READY ---> INITIALIZING TASK
[146626:internal-dpl-clock]: [22:05:37][STATE] INITIALIZING TASK ---> READY
[146626:internal-dpl-clock]: [22:05:37][STATE] READY ---> RUNNING
[146626:internal-dpl-clock]: [22:05:37][INFO] fair::mq::Device running...
[146626:internal-dpl-clock]: [22:05:37][INFO] LHCPeriod is not available, using current month AUG
[146628:internal-dpl-ccdb-backend]: [INFO] WorkflowSpec getRecoWorkflow useMC 1 CCDB  http://alice-ccdb.cern.ch/
[146628:internal-dpl-ccdb-backend]: [INFO] Currently Reconstruction does not consume and provide MC truth
[146631:internal-dpl-injected-dummy-sink]: [INFO] WorkflowSpec getRecoWorkflow useMC 1 CCDB  http://alice-ccdb.cern.ch/
[146631:internal-dpl-injected-dummy-sink]: [INFO] Currently Reconstruction does not consume and provide MC truth
[146626:internal-dpl-clock]: [22:05:37][INFO] Correctly handshaken websocket connection.
[146631:internal-dpl-injected-dummy-sink]: [INFO] Instrumenting crash signals
[146631:internal-dpl-injected-dummy-sink]: [INFO] Spawing new device internal-dpl-injected-dummy-sink in process with pid 146631
[146631:internal-dpl-injected-dummy-sink]: [22:05:37][INFO] 
[146631:internal-dpl-injected-dummy-sink]:       ______      _    _______  _________ 
[146631:internal-dpl-injected-dummy-sink]:      / ____/___ _(_)_______   |/  /_  __ \    version 1.6.0
[146631:internal-dpl-injected-dummy-sink]:     / /_  / __ `/ / ___/__  /|_/ /_  / / /    build RELWITHDEBINFO
[146631:internal-dpl-injected-dummy-sink]:    / __/ / /_/ / / /    _  /  / / / /_/ /     https://github.com/FairRootGroup/FairMQ
[146631:internal-dpl-injected-dummy-sink]:   /_/    \__,_/_/_/     /_/  /_/  \___\_\     LGPL-3.0  © 2012-2023 GSI
[146631:internal-dpl-injected-dummy-sink]: 
[146631:internal-dpl-injected-dummy-sink]: [22:05:37][STATE] Starting FairMQ state machine --> IDLE
[146628:internal-dpl-ccdb-backend]: [INFO] Instrumenting crash signals
[146631:internal-dpl-injected-dummy-sink]: [22:05:37][STATE] IDLE ---> INITIALIZING DEVICE
[146631:internal-dpl-injected-dummy-sink]: [22:05:37][STATE] INITIALIZING DEVICE ---> INITIALIZED
[146631:internal-dpl-injected-dummy-sink]: [22:05:37][STATE] INITIALIZED ---> BINDING
[146631:internal-dpl-injected-dummy-sink]: [22:05:37][STATE] BINDING ---> BOUND
[146631:internal-dpl-injected-dummy-sink]: [22:05:37][STATE] BOUND ---> CONNECTING
[146631:internal-dpl-injected-dummy-sink]: [22:05:37][STATE] CONNECTING ---> DEVICE READY
[146631:internal-dpl-injected-dummy-sink]: [22:05:37][STATE] DEVICE READY ---> INITIALIZING TASK
[146631:internal-dpl-injected-dummy-sink]: [22:05:37][STATE] INITIALIZING TASK ---> READY
[146631:internal-dpl-injected-dummy-sink]: [22:05:37][STATE] READY ---> RUNNING
[146631:internal-dpl-injected-dummy-sink]: [22:05:37][INFO] fair::mq::Device running...
[146631:internal-dpl-injected-dummy-sink]: [22:05:37][INFO] LHCPeriod is not available, using current month AUG
[146631:internal-dpl-injected-dummy-sink]: [22:05:37][INFO] Correctly handshaken websocket connection.
[146628:internal-dpl-ccdb-backend]: [INFO] Spawing new device internal-dpl-ccdb-backend in process with pid 146628
[146628:internal-dpl-ccdb-backend]: [22:05:37][INFO] 
[146628:internal-dpl-ccdb-backend]:       ______      _    _______  _________ 
[146628:internal-dpl-ccdb-backend]:      / ____/___ _(_)_______   |/  /_  __ \    version 1.6.0
[146628:internal-dpl-ccdb-backend]:     / /_  / __ `/ / ___/__  /|_/ /_  / / /    build RELWITHDEBINFO
[146628:internal-dpl-ccdb-backend]:    / __/ / /_/ / / /    _  /  / / / /_/ /     https://github.com/FairRootGroup/FairMQ
[146628:internal-dpl-ccdb-backend]:   /_/    \__,_/_/_/     /_/  /_/  \___\_\     LGPL-3.0  © 2012-2023 GSI
[146628:internal-dpl-ccdb-backend]: 
[146628:internal-dpl-ccdb-backend]: [22:05:37][STATE] Starting FairMQ state machine --> IDLE
[146628:internal-dpl-ccdb-backend]: [22:05:37][STATE] IDLE ---> INITIALIZING DEVICE
[146628:internal-dpl-ccdb-backend]: [22:05:37][INFO] CCDB Backend at: http://alice-ccdb.cern.ch, validity check for every 2147483647 TF
[146628:internal-dpl-ccdb-backend]: [22:05:37][INFO] Init CcdApi with UserAgentID: localhost.localdomain-1692907537-etD03M, Host: http://alice-ccdb.cern.ch
[146628:internal-dpl-ccdb-backend]: [22:05:37][INFO] Initialised default CCDB host http://alice-ccdb.cern.ch
[146628:internal-dpl-ccdb-backend]: [22:05:37][INFO] The following route is a condition FT0/TimeSpectraInfo/0
[146628:internal-dpl-ccdb-backend]: [22:05:37][INFO] - ccdb-path: FT0/Calib/TimeSpectraInfo
[146628:internal-dpl-ccdb-backend]: [22:05:37][STATE] INITIALIZING DEVICE ---> INITIALIZED
[146628:internal-dpl-ccdb-backend]: [22:05:37][STATE] INITIALIZED ---> BINDING
[146628:internal-dpl-ccdb-backend]: [22:05:37][STATE] BINDING ---> BOUND
[146628:internal-dpl-ccdb-backend]: [22:05:37][STATE] BOUND ---> CONNECTING
[146628:internal-dpl-ccdb-backend]: [22:05:37][STATE] CONNECTING ---> DEVICE READY
[146628:internal-dpl-ccdb-backend]: [22:05:37][STATE] DEVICE READY ---> INITIALIZING TASK
[146628:internal-dpl-ccdb-backend]: [22:05:37][STATE] INITIALIZING TASK ---> READY
[146628:internal-dpl-ccdb-backend]: [22:05:37][STATE] READY ---> RUNNING
[146628:internal-dpl-ccdb-backend]: [22:05:37][INFO] fair::mq::Device running...
[146628:internal-dpl-ccdb-backend]: [22:05:37][INFO] LHCPeriod is not available, using current month AUG
[146628:internal-dpl-ccdb-backend]: [22:05:37][INFO] Correctly handshaken websocket connection.
[146629:ft0-reconstructor]: [INFO] WorkflowSpec getRecoWorkflow useMC 1 CCDB  http://alice-ccdb.cern.ch/
[146629:ft0-reconstructor]: [INFO] Currently Reconstruction does not consume and provide MC truth
[146629:ft0-reconstructor]: [INFO] Instrumenting crash signals
[146629:ft0-reconstructor]: [INFO] Spawing new device ft0-reconstructor in process with pid 146629
[146629:ft0-reconstructor]: [22:05:37][INFO] 
[146629:ft0-reconstructor]:       ______      _    _______  _________ 
[146629:ft0-reconstructor]:      / ____/___ _(_)_______   |/  /_  __ \    version 1.6.0
[146629:ft0-reconstructor]:     / /_  / __ `/ / ___/__  /|_/ /_  / / /    build RELWITHDEBINFO
[146629:ft0-reconstructor]:    / __/ / /_/ / / /    _  /  / / / /_/ /     https://github.com/FairRootGroup/FairMQ
[146629:ft0-reconstructor]:   /_/    \__,_/_/_/     /_/  /_/  \___\_\     LGPL-3.0  © 2012-2023 GSI
[146629:ft0-reconstructor]: 
[146629:ft0-reconstructor]: [22:05:37][STATE] Starting FairMQ state machine --> IDLE
[146629:ft0-reconstructor]: [22:05:37][STATE] IDLE ---> INITIALIZING DEVICE
[146629:ft0-reconstructor]: FT0ChannelFilterParam.mAmpUpper : 4200		[ CODE ]
[146629:ft0-reconstructor]: FT0ChannelFilterParam.mAmpLower : -4200		[ CODE ]
[146629:ft0-reconstructor]: FT0ChannelFilterParam.mTimeUpper : 2050		[ CODE ]
[146629:ft0-reconstructor]: FT0ChannelFilterParam.mTimeLower : -2050		[ CODE ]
[146629:ft0-reconstructor]: FT0ChannelFilterParam.mPMbitsGood : 0		[ CODE ]
[146629:ft0-reconstructor]: FT0ChannelFilterParam.mPMbitsBad : 0		[ CODE ]
[146629:ft0-reconstructor]: FT0ChannelFilterParam.mPMbitsToCheck : 0		[ CODE ]
[146629:ft0-reconstructor]: FT0ChannelFilterParam.mTrgBitsGood : 0		[ CODE ]
[146629:ft0-reconstructor]: FT0ChannelFilterParam.mTrgBitsBad : 0		[ CODE ]
[146629:ft0-reconstructor]: FT0ChannelFilterParam.mTrgBitsToCheck : 0		[ CODE ]
[146629:ft0-reconstructor]: FT0TimeFilterParam.mAmpUpper : 4200		[ CODE ]
[146629:ft0-reconstructor]: FT0TimeFilterParam.mAmpLower : 10		[ CODE ]
[146629:ft0-reconstructor]: FT0TimeFilterParam.mTimeUpper : 153		[ CODE ]
[146629:ft0-reconstructor]: FT0TimeFilterParam.mTimeLower : -153		[ CODE ]
[146629:ft0-reconstructor]: FT0TimeFilterParam.mPMbitsGood : 0		[ CODE ]
[146629:ft0-reconstructor]: FT0TimeFilterParam.mPMbitsBad : 132		[ CODE ]
[146629:ft0-reconstructor]: FT0TimeFilterParam.mPMbitsToCheck : 132		[ CODE ]
[146629:ft0-reconstructor]: [22:05:37][INFO] FT0 param mMinEntriesThreshold: 500
[146629:ft0-reconstructor]: [22:05:37][INFO] FT0 param mMaxEntriesThreshold:1000
[146629:ft0-reconstructor]: [22:05:37][INFO] FT0 param mMinRMS: 3
[146629:ft0-reconstructor]: [22:05:37][INFO] FT0 param mMaxSigma: 32
[146629:ft0-reconstructor]: [22:05:37][INFO] FT0 param mMaxDiffMean: 5
[146629:ft0-reconstructor]: [22:05:37][STATE] INITIALIZING DEVICE ---> INITIALIZED
[146629:ft0-reconstructor]: [22:05:37][STATE] INITIALIZED ---> BINDING
[146629:ft0-reconstructor]: [22:05:37][STATE] BINDING ---> BOUND
[146629:ft0-reconstructor]: [22:05:37][STATE] BOUND ---> CONNECTING
[146629:ft0-reconstructor]: [22:05:37][STATE] CONNECTING ---> DEVICE READY
[146629:ft0-reconstructor]: [22:05:37][STATE] DEVICE READY ---> INITIALIZING TASK
[146629:ft0-reconstructor]: [22:05:37][STATE] INITIALIZING TASK ---> READY
[146629:ft0-reconstructor]: [22:05:37][STATE] READY ---> RUNNING
[146629:ft0-reconstructor]: [22:05:37][INFO] fair::mq::Device running...
[146629:ft0-reconstructor]: [22:05:37][INFO] LHCPeriod is not available, using current month AUG
[146629:ft0-reconstructor]: [22:05:37][INFO] Correctly handshaken websocket connection.
[146627:ft0-digit-reader]: [INFO] WorkflowSpec getRecoWorkflow useMC 1 CCDB  http://alice-ccdb.cern.ch/
[146627:ft0-digit-reader]: [INFO] Currently Reconstruction does not consume and provide MC truth
[146627:ft0-digit-reader]: [INFO] Instrumenting crash signals
[146627:ft0-digit-reader]: [INFO] Spawing new device ft0-digit-reader in process with pid 146627
[146627:ft0-digit-reader]: [22:05:37][INFO] 
[146627:ft0-digit-reader]:       ______      _    _______  _________ 
[146627:ft0-digit-reader]:      / ____/___ _(_)_______   |/  /_  __ \    version 1.6.0
[146627:ft0-digit-reader]:     / /_  / __ `/ / ___/__  /|_/ /_  / / /    build RELWITHDEBINFO
[146627:ft0-digit-reader]:    / __/ / /_/ / / /    _  /  / / / /_/ /     https://github.com/FairRootGroup/FairMQ
[146627:ft0-digit-reader]:   /_/    \__,_/_/_/     /_/  /_/  \___\_\     LGPL-3.0  © 2012-2023 GSI
[146627:ft0-digit-reader]: 
[146627:ft0-digit-reader]: [22:05:37][STATE] Starting FairMQ state machine --> IDLE
[146627:ft0-digit-reader]: [22:05:37][STATE] IDLE ---> INITIALIZING DEVICE
[146630:ft0-recpoint-writer]: [INFO] WorkflowSpec getRecoWorkflow useMC 1 CCDB  http://alice-ccdb.cern.ch/
[146630:ft0-recpoint-writer]: [INFO] Currently Reconstruction does not consume and provide MC truth
[146630:ft0-recpoint-writer]: [INFO] Instrumenting crash signals
[146630:ft0-recpoint-writer]: [INFO] Spawing new device ft0-recpoint-writer in process with pid 146630
[146630:ft0-recpoint-writer]: [22:05:37][INFO] 
[146630:ft0-recpoint-writer]:       ______      _    _______  _________ 
[146630:ft0-recpoint-writer]:      / ____/___ _(_)_______   |/  /_  __ \    version 1.6.0
[146630:ft0-recpoint-writer]:     / /_  / __ `/ / ___/__  /|_/ /_  / / /    build RELWITHDEBINFO
[146630:ft0-recpoint-writer]:    / __/ / /_/ / / /    _  /  / / / /_/ /     https://github.com/FairRootGroup/FairMQ
[146630:ft0-recpoint-writer]:   /_/    \__,_/_/_/     /_/  /_/  \___\_\     LGPL-3.0  © 2012-2023 GSI
[146630:ft0-recpoint-writer]: 
[146630:ft0-recpoint-writer]: [22:05:37][STATE] Starting FairMQ state machine --> IDLE
[146630:ft0-recpoint-writer]: [22:05:37][STATE] IDLE ---> INITIALIZING DEVICE
[146630:ft0-recpoint-writer]: [22:05:37][INFO] 0: branch  FT0Cluster set up
[146630:ft0-recpoint-writer]: [22:05:37][INFO] 1: branch  FT0RecChData set up
[146630:ft0-recpoint-writer]: [22:05:37][STATE] INITIALIZING DEVICE ---> INITIALIZED
[146630:ft0-recpoint-writer]: [22:05:37][STATE] INITIALIZED ---> BINDING
[146630:ft0-recpoint-writer]: [22:05:37][STATE] BINDING ---> BOUND
[146630:ft0-recpoint-writer]: [22:05:37][STATE] BOUND ---> CONNECTING
[146630:ft0-recpoint-writer]: [22:05:37][STATE] CONNECTING ---> DEVICE READY
[146630:ft0-recpoint-writer]: [22:05:37][STATE] DEVICE READY ---> INITIALIZING TASK
[146630:ft0-recpoint-writer]: [22:05:37][STATE] INITIALIZING TASK ---> READY
[146630:ft0-recpoint-writer]: [22:05:37][STATE] READY ---> RUNNING
[146630:ft0-recpoint-writer]: [22:05:37][INFO] fair::mq::Device running...
[146630:ft0-recpoint-writer]: [22:05:37][INFO] LHCPeriod is not available, using current month AUG
[146630:ft0-recpoint-writer]: [22:05:37][INFO] Correctly handshaken websocket connection.
[146627:ft0-digit-reader]: [22:05:37][STATE] INITIALIZING DEVICE ---> INITIALIZED
[146627:ft0-digit-reader]: [22:05:37][STATE] INITIALIZED ---> BINDING
[146627:ft0-digit-reader]: [22:05:37][STATE] BINDING ---> BOUND
[146627:ft0-digit-reader]: [22:05:37][STATE] BOUND ---> CONNECTING
[146627:ft0-digit-reader]: [22:05:37][STATE] CONNECTING ---> DEVICE READY
[146627:ft0-digit-reader]: [22:05:37][STATE] DEVICE READY ---> INITIALIZING TASK
[146627:ft0-digit-reader]: [22:05:37][STATE] INITIALIZING TASK ---> READY
[146627:ft0-digit-reader]: [22:05:37][STATE] READY ---> RUNNING
[146627:ft0-digit-reader]: [22:05:37][INFO] fair::mq::Device running...
[146627:ft0-digit-reader]: [22:05:37][INFO] LHCPeriod is not available, using current month AUG
[146627:ft0-digit-reader]: [22:05:37][INFO] Sending end-of-stream message to channel from_ft0-digit-reader_to_internal-dpl-ccdb-backend
[146627:ft0-digit-reader]: [22:05:37][INFO] Sending end-of-stream message to channel from_ft0-digit-reader_to_ft0-reconstructor
[146627:ft0-digit-reader]: [22:05:37][INFO] Sending end-of-stream message to channel from_ft0-digit-reader_to_internal-dpl-injected-dummy-sink
[146627:ft0-digit-reader]: [22:05:37][INFO] Correctly handshaken websocket connection.
[146628:internal-dpl-ccdb-backend]: Info in <TJAlienConnectionManager>: Opening connection to JCentral. Please wait
[146628:internal-dpl-ccdb-backend]: Info in <TJAlienConnectionManager>: Opening connection to 137.138.47.221
[146628:internal-dpl-ccdb-backend]: Info in <TJAlienConnectionManager>: Successfully connected to 137.138.47.221
[146628:internal-dpl-ccdb-backend]: Info in <TJAlienFile::Open>: Accessing file /alice/data/CCDB/CTP/Calib/OrbitReset/06/62200/b9f985c3-b4b0-11ec-8fd3-90ce809b24ee in SE <ALICE::CERN::EOS>
[146628:internal-dpl-ccdb-backend]: [22:05:39][INFO] ccdb reads http://alice-ccdb.cern.ch/CTP/Calib/OrbitReset/1546300800000/b9f985c3-b4b0-11ec-8fd3-90ce809b24ee for 1546300800000 (load to memory, agent_id: localhost.localdomain-1692907537-etD03M), 
[146628:internal-dpl-ccdb-backend]: Info in <TJAlienFile::Open>: Accessing file /alice/data/CCDB/FT0/Calib/TimeSpectraInfo/00/03533/0f44968f-7af8-11ed-b86c-200114580202 in SE <ALICE::CERN::OCDB>
[146628:internal-dpl-ccdb-backend]: [22:05:39][INFO] ccdb reads http://alice-ccdb.cern.ch/FT0/Calib/TimeSpectraInfo/1546300800000/0f44968f-7af8-11ed-b86c-200114580202 for 1546300800000 (load to memory, agent_id: localhost.localdomain-1692907537-etD03M), 
[146628:internal-dpl-ccdb-backend]: [22:05:39][INFO] Sending end-of-stream message to channel from_internal-dpl-ccdb-backend_to_ft0-reconstructor
[146628:internal-dpl-ccdb-backend]: [22:05:39][INFO] Sending end-of-stream message to channel from_internal-dpl-ccdb-backend_to_internal-dpl-injected-dummy-sink
[146629:ft0-reconstructor]: [22:05:39][INFO] Ignoring MC info
[146629:ft0-reconstructor]: [22:05:44][INFO] Caching in 139880116579216 ptr to FT0/TimeSpectraInfo/0 (0x3ec4e80)
[146629:ft0-reconstructor]: [22:05:44][INFO] FT0 reconstruction total timing: Cpu: 4.260e+00 Real: 5.219e+00 s in 1 slots
[146629:ft0-reconstructor]: [22:05:44][INFO] Sending end-of-stream message to channel from_ft0-reconstructor_to_ft0-recpoint-writer
[INFO] Quitting
[INFO] QUIT_REQUESTED
[146628:internal-dpl-ccdb-backend]: [22:05:44][INFO] Received device shutdown request (signal 15).
[146628:internal-dpl-ccdb-backend]: [22:05:44][INFO] Waiting for graceful device shutdown. Hit Ctrl-C again to abort immediately.
[146628:internal-dpl-ccdb-backend]: [22:05:44][INFO] New state requested. No timeout set, quitting immediately as per --completion-policy
[146628:internal-dpl-ccdb-backend]: [22:05:44][INFO] CCDB cache miss/hit ratio:
[146628:internal-dpl-ccdb-backend]: [22:05:44][INFO]   FT0/Calib/TimeSpectraInfo: 1/0 (2048-2048 bytes)
[146628:internal-dpl-ccdb-backend]: [22:05:44][INFO]   CTP/Calib/OrbitReset: 1/1 (1024-1024 bytes)
[146628:internal-dpl-ccdb-backend]: [22:05:44][STATE] RUNNING ---> READY
[146628:internal-dpl-ccdb-backend]: [22:05:44][STATE] READY ---> RESETTING TASK
[146628:internal-dpl-ccdb-backend]: [22:05:44][STATE] RESETTING TASK ---> DEVICE READY
[146628:internal-dpl-ccdb-backend]: [22:05:44][STATE] DEVICE READY ---> RESETTING DEVICE
[146628:internal-dpl-ccdb-backend]: [22:05:44][STATE] RESETTING DEVICE ---> IDLE
[146628:internal-dpl-ccdb-backend]: [22:05:44][STATE] IDLE ---> EXITING
[146628:internal-dpl-ccdb-backend]: [22:05:44][STATE] Exiting FairMQ state machine
[146626:internal-dpl-clock]: [22:05:44][INFO] Received device shutdown request (signal 15).
[146626:internal-dpl-clock]: [22:05:44][INFO] Waiting for graceful device shutdown. Hit Ctrl-C again to abort immediately.
[146627:ft0-digit-reader]: [22:05:44][INFO] Received device shutdown request (signal 15).
[146627:ft0-digit-reader]: [22:05:44][INFO] Waiting for graceful device shutdown. Hit Ctrl-C again to abort immediately.
[146629:ft0-reconstructor]: [22:05:44][INFO] Received device shutdown request (signal 15).
[146629:ft0-reconstructor]: [22:05:44][INFO] Waiting for graceful device shutdown. Hit Ctrl-C again to abort immediately.
[146630:ft0-recpoint-writer]: [22:05:44][INFO] Received device shutdown request (signal 15).
[146630:ft0-recpoint-writer]: [22:05:44][INFO] Waiting for graceful device shutdown. Hit Ctrl-C again to abort immediately.
[146631:internal-dpl-injected-dummy-sink]: [22:05:44][INFO] Received device shutdown request (signal 15).
[146631:internal-dpl-injected-dummy-sink]: [22:05:44][INFO] Waiting for graceful device shutdown. Hit Ctrl-C again to abort immediately.
[146627:ft0-digit-reader]: [22:05:44][INFO] New state requested. No timeout set, quitting immediately as per --completion-policy
[146627:ft0-digit-reader]: [22:05:44][STATE] RUNNING ---> READY
[146629:ft0-reconstructor]: [22:05:44][INFO] New state requested. No timeout set, quitting immediately as per --completion-policy
[146629:ft0-reconstructor]: [22:05:44][STATE] RUNNING ---> READY
[146627:ft0-digit-reader]: [22:05:44][STATE] READY ---> RESETTING TASK
[146627:ft0-digit-reader]: [22:05:44][STATE] RESETTING TASK ---> DEVICE READY
[146627:ft0-digit-reader]: [22:05:44][STATE] DEVICE READY ---> RESETTING DEVICE
[146629:ft0-reconstructor]: [22:05:44][STATE] READY ---> RESETTING TASK
[146629:ft0-reconstructor]: [22:05:44][STATE] RESETTING TASK ---> DEVICE READY
[146629:ft0-reconstructor]: [22:05:44][STATE] DEVICE READY ---> RESETTING DEVICE
[146630:ft0-recpoint-writer]: [22:05:44][INFO] New state requested. No timeout set, quitting immediately as per --completion-policy
[146626:internal-dpl-clock]: [22:05:44][INFO] New state requested. No timeout set, quitting immediately as per --completion-policy
[146626:internal-dpl-clock]: [22:05:44][STATE] RUNNING ---> READY
[146626:internal-dpl-clock]: [22:05:44][STATE] READY ---> RESETTING TASK
[146626:internal-dpl-clock]: [22:05:44][STATE] RESETTING TASK ---> DEVICE READY
[146626:internal-dpl-clock]: [22:05:44][STATE] DEVICE READY ---> RESETTING DEVICE
[146631:internal-dpl-injected-dummy-sink]: [22:05:44][INFO] New state requested. No timeout set, quitting immediately as per --completion-policy
[146627:ft0-digit-reader]: [22:05:44][STATE] RESETTING DEVICE ---> IDLE
[146627:ft0-digit-reader]: [22:05:44][STATE] IDLE ---> EXITING
[146627:ft0-digit-reader]: [22:05:44][STATE] Exiting FairMQ state machine
[146629:ft0-reconstructor]: [22:05:44][STATE] RESETTING DEVICE ---> IDLE
[146629:ft0-reconstructor]: [22:05:44][STATE] IDLE ---> EXITING
[146629:ft0-reconstructor]: [22:05:44][STATE] Exiting FairMQ state machine
[146631:internal-dpl-injected-dummy-sink]: [22:05:44][STATE] RUNNING ---> READY
[146631:internal-dpl-injected-dummy-sink]: [22:05:44][STATE] READY ---> RESETTING TASK
[146631:internal-dpl-injected-dummy-sink]: [22:05:44][STATE] RESETTING TASK ---> DEVICE READY
[146631:internal-dpl-injected-dummy-sink]: [22:05:44][STATE] DEVICE READY ---> RESETTING DEVICE
[146631:internal-dpl-injected-dummy-sink]: [22:05:44][STATE] RESETTING DEVICE ---> IDLE
[146631:internal-dpl-injected-dummy-sink]: [22:05:44][STATE] IDLE ---> EXITING
[146626:internal-dpl-clock]: [22:05:44][STATE] RESETTING DEVICE ---> IDLE
[146631:internal-dpl-injected-dummy-sink]: [22:05:44][STATE] Exiting FairMQ state machine
[146626:internal-dpl-clock]: [22:05:44][STATE] IDLE ---> EXITING
[146626:internal-dpl-clock]: [22:05:44][STATE] Exiting FairMQ state machine
[146630:ft0-recpoint-writer]: [22:05:44][STATE] RUNNING ---> READY
[146630:ft0-recpoint-writer]: [22:05:44][STATE] READY ---> RESETTING TASK
[146630:ft0-recpoint-writer]: [22:05:44][STATE] RESETTING TASK ---> DEVICE READY
[146630:ft0-recpoint-writer]: [22:05:44][STATE] DEVICE READY ---> RESETTING DEVICE
[146630:ft0-recpoint-writer]: [22:05:44][INFO] Cleaning up for shared memory id '1fd01dc7'...
[146630:ft0-recpoint-writer]: [22:05:44][INFO] Found 0 unmanaged regions...
[146630:ft0-recpoint-writer]: [22:05:44][INFO] Found 1 managed segments...
[146630:ft0-recpoint-writer]: [22:05:44][INFO] Successfully removed 'fmq_1fd01dc7_m_0'.
[146630:ft0-recpoint-writer]: [22:05:44][INFO] Successfully removed 'fmq_1fd01dc7_mng'.
[146630:ft0-recpoint-writer]: [22:05:44][STATE] RESETTING DEVICE ---> IDLE
[146630:ft0-recpoint-writer]: [22:05:44][STATE] IDLE ---> EXITING
[146630:ft0-recpoint-writer]: [22:05:44][STATE] Exiting FairMQ state machine
[INFO] ## Processes completed. Run summary:
[INFO] ### Devices started: 6
[INFO]  - Device internal-dpl-clock: pid 146626 (exit 0)
[INFO]  - Device ft0-digit-reader: pid 146627 (exit 0)
[INFO]  - Device internal-dpl-ccdb-backend: pid 146628 (exit 0)
[INFO]  - Device ft0-reconstructor: pid 146629 (exit 0)
[INFO]  - Device ft0-recpoint-writer: pid 146630 (exit 0)
[INFO]  - Device internal-dpl-injected-dummy-sink: pid 146631 (exit 0)
[INFO] Dumping used configuration in dpl-config.json
TASK-EXIT-CODE: 0
