Running: TIME="#walltime %e" /usr/bin/time --output=fv0reco.log_time ./fv0reco.log_tmp.sh
[INFO] WorkflowSpec defineDataProcessing
[INFO] WorkflowSpec getRecoWorkflow useMC 1
[INFO] Currently Reconstruction does not consume and provide MC truth
[INFO] Initialising O2 Data Processing Layer. Driver PID: 147346.
[INFO] Driver listening on port: 35426
[INFO] Rate limiting set up at 500MB distributed over 1 readers
[INFO] O2 Data Processing Layer initialised. We brake for nobody.
[INFO] Optimised build. O2DEBUG / LOG(debug) / LOGF(debug) / assert statement will not be shown.
[INFO] Redeployment of configuration asked.
[INFO] Starting internal-dpl-clock on pid 147386
[INFO] Starting fv0-digit-reader on pid 147387
[INFO] Starting internal-dpl-ccdb-backend on pid 147388
[INFO] Starting fv0-reconstructor on pid 147389
[INFO] Starting fv0-recpoint-writer on pid 147390
[INFO] Starting internal-dpl-injected-dummy-sink on pid 147391
[INFO] Redeployment of configuration done.
[147387:fv0-digit-reader]: [INFO] WorkflowSpec defineDataProcessing
[147389:fv0-reconstructor]: [INFO] WorkflowSpec defineDataProcessing
[147388:internal-dpl-ccdb-backend]: [INFO] WorkflowSpec defineDataProcessing
[147391:internal-dpl-injected-dummy-sink]: [INFO] WorkflowSpec defineDataProcessing
[147386:internal-dpl-clock]: [INFO] WorkflowSpec defineDataProcessing
[147390:fv0-recpoint-writer]: [INFO] WorkflowSpec defineDataProcessing
[147387:fv0-digit-reader]: [INFO] WorkflowSpec getRecoWorkflow useMC 1
[147387:fv0-digit-reader]: [INFO] Currently Reconstruction does not consume and provide MC truth
[147387:fv0-digit-reader]: [INFO] Instrumenting crash signals
[147387:fv0-digit-reader]: [INFO] Spawing new device fv0-digit-reader in process with pid 147387
[147387:fv0-digit-reader]: [22:05:49][INFO] 
[147387:fv0-digit-reader]:       ______      _    _______  _________ 
[147387:fv0-digit-reader]:      / ____/___ _(_)_______   |/  /_  __ \    version 1.6.0
[147387:fv0-digit-reader]:     / /_  / __ `/ / ___/__  /|_/ /_  / / /    build RELWITHDEBINFO
[147387:fv0-digit-reader]:    / __/ / /_/ / / /    _  /  / / / /_/ /     https://github.com/FairRootGroup/FairMQ
[147387:fv0-digit-reader]:   /_/    \__,_/_/_/     /_/  /_/  \___\_\     LGPL-3.0  © 2012-2023 GSI
[147387:fv0-digit-reader]: 
[147387:fv0-digit-reader]: [22:05:49][STATE] Starting FairMQ state machine --> IDLE
[147389:fv0-reconstructor]: [INFO] WorkflowSpec getRecoWorkflow useMC 1
[147389:fv0-reconstructor]: [INFO] Currently Reconstruction does not consume and provide MC truth
[147387:fv0-digit-reader]: [22:05:49][STATE] IDLE ---> INITIALIZING DEVICE
[147389:fv0-reconstructor]: [INFO] Instrumenting crash signals
[147389:fv0-reconstructor]: [INFO] Spawing new device fv0-reconstructor in process with pid 147389
[147389:fv0-reconstructor]: [22:05:49][INFO] 
[147389:fv0-reconstructor]:       ______      _    _______  _________ 
[147389:fv0-reconstructor]:      / ____/___ _(_)_______   |/  /_  __ \    version 1.6.0
[147389:fv0-reconstructor]:     / /_  / __ `/ / ___/__  /|_/ /_  / / /    build RELWITHDEBINFO
[147389:fv0-reconstructor]:    / __/ / /_/ / / /    _  /  / / / /_/ /     https://github.com/FairRootGroup/FairMQ
[147389:fv0-reconstructor]:   /_/    \__,_/_/_/     /_/  /_/  \___\_\     LGPL-3.0  © 2012-2023 GSI
[147389:fv0-reconstructor]: 
[147389:fv0-reconstructor]: [22:05:49][STATE] Starting FairMQ state machine --> IDLE
[147389:fv0-reconstructor]: [22:05:49][STATE] IDLE ---> INITIALIZING DEVICE
[147389:fv0-reconstructor]: [22:05:49][INFO] ReconstructionDPL::init
[147389:fv0-reconstructor]: [22:05:49][STATE] INITIALIZING DEVICE ---> INITIALIZED
[147389:fv0-reconstructor]: [22:05:49][STATE] INITIALIZED ---> BINDING
[147389:fv0-reconstructor]: [22:05:49][STATE] BINDING ---> BOUND
[147389:fv0-reconstructor]: [22:05:49][STATE] BOUND ---> CONNECTING
[147389:fv0-reconstructor]: [22:05:49][STATE] CONNECTING ---> DEVICE READY
[147389:fv0-reconstructor]: [22:05:49][STATE] DEVICE READY ---> INITIALIZING TASK
[147389:fv0-reconstructor]: [22:05:49][STATE] INITIALIZING TASK ---> READY
[147389:fv0-reconstructor]: [22:05:49][STATE] READY ---> RUNNING
[147389:fv0-reconstructor]: [22:05:49][INFO] fair::mq::Device running...
[147389:fv0-reconstructor]: [22:05:49][INFO] LHCPeriod is not available, using current month AUG
[147389:fv0-reconstructor]: [22:05:49][INFO] Correctly handshaken websocket connection.
[147391:internal-dpl-injected-dummy-sink]: [INFO] WorkflowSpec getRecoWorkflow useMC 1
[147391:internal-dpl-injected-dummy-sink]: [INFO] Currently Reconstruction does not consume and provide MC truth
[147386:internal-dpl-clock]: [INFO] WorkflowSpec getRecoWorkflow useMC 1
[147386:internal-dpl-clock]: [INFO] Currently Reconstruction does not consume and provide MC truth
[147391:internal-dpl-injected-dummy-sink]: [INFO] Instrumenting crash signals
[147391:internal-dpl-injected-dummy-sink]: [INFO] Spawing new device internal-dpl-injected-dummy-sink in process with pid 147391
[147391:internal-dpl-injected-dummy-sink]: [22:05:49][INFO] 
[147391:internal-dpl-injected-dummy-sink]:       ______      _    _______  _________ 
[147391:internal-dpl-injected-dummy-sink]:      / ____/___ _(_)_______   |/  /_  __ \    version 1.6.0
[147391:internal-dpl-injected-dummy-sink]:     / /_  / __ `/ / ___/__  /|_/ /_  / / /    build RELWITHDEBINFO
[147391:internal-dpl-injected-dummy-sink]:    / __/ / /_/ / / /    _  /  / / / /_/ /     https://github.com/FairRootGroup/FairMQ
[147391:internal-dpl-injected-dummy-sink]:   /_/    \__,_/_/_/     /_/  /_/  \___\_\     LGPL-3.0  © 2012-2023 GSI
[147391:internal-dpl-injected-dummy-sink]: 
[147391:internal-dpl-injected-dummy-sink]: [22:05:49][STATE] Starting FairMQ state machine --> IDLE
[147391:internal-dpl-injected-dummy-sink]: [22:05:49][STATE] IDLE ---> INITIALIZING DEVICE
[147391:internal-dpl-injected-dummy-sink]: [22:05:49][STATE] INITIALIZING DEVICE ---> INITIALIZED
[147391:internal-dpl-injected-dummy-sink]: [22:05:49][STATE] INITIALIZED ---> BINDING
[147391:internal-dpl-injected-dummy-sink]: [22:05:49][STATE] BINDING ---> BOUND
[147391:internal-dpl-injected-dummy-sink]: [22:05:49][STATE] BOUND ---> CONNECTING
[147391:internal-dpl-injected-dummy-sink]: [22:05:49][STATE] CONNECTING ---> DEVICE READY
[147391:internal-dpl-injected-dummy-sink]: [22:05:49][STATE] DEVICE READY ---> INITIALIZING TASK
[147391:internal-dpl-injected-dummy-sink]: [22:05:49][STATE] INITIALIZING TASK ---> READY
[147391:internal-dpl-injected-dummy-sink]: [22:05:49][STATE] READY ---> RUNNING
[147391:internal-dpl-injected-dummy-sink]: [22:05:49][INFO] fair::mq::Device running...
[147391:internal-dpl-injected-dummy-sink]: [22:05:49][INFO] LHCPeriod is not available, using current month AUG
[147391:internal-dpl-injected-dummy-sink]: [22:05:49][INFO] Correctly handshaken websocket connection.
[147386:internal-dpl-clock]: [INFO] Instrumenting crash signals
[147386:internal-dpl-clock]: [INFO] Spawing new device internal-dpl-clock in process with pid 147386
[147386:internal-dpl-clock]: [22:05:49][INFO] 
[147386:internal-dpl-clock]:       ______      _    _______  _________ 
[147386:internal-dpl-clock]:      / ____/___ _(_)_______   |/  /_  __ \    version 1.6.0
[147386:internal-dpl-clock]:     / /_  / __ `/ / ___/__  /|_/ /_  / / /    build RELWITHDEBINFO
[147386:internal-dpl-clock]:    / __/ / /_/ / / /    _  /  / / / /_/ /     https://github.com/FairRootGroup/FairMQ
[147386:internal-dpl-clock]:   /_/    \__,_/_/_/     /_/  /_/  \___\_\     LGPL-3.0  © 2012-2023 GSI
[147386:internal-dpl-clock]: 
[147386:internal-dpl-clock]: [22:05:49][STATE] Starting FairMQ state machine --> IDLE
[147390:fv0-recpoint-writer]: [INFO] WorkflowSpec getRecoWorkflow useMC 1
[147390:fv0-recpoint-writer]: [INFO] Currently Reconstruction does not consume and provide MC truth
[147386:internal-dpl-clock]: [22:05:49][STATE] IDLE ---> INITIALIZING DEVICE
[147386:internal-dpl-clock]: [22:05:49][STATE] INITIALIZING DEVICE ---> INITIALIZED
[147386:internal-dpl-clock]: [22:05:49][STATE] INITIALIZED ---> BINDING
[147388:internal-dpl-ccdb-backend]: [INFO] WorkflowSpec getRecoWorkflow useMC 1
[147388:internal-dpl-ccdb-backend]: [INFO] Currently Reconstruction does not consume and provide MC truth
[147386:internal-dpl-clock]: [22:05:49][STATE] BINDING ---> BOUND
[147386:internal-dpl-clock]: [22:05:49][STATE] BOUND ---> CONNECTING
[147386:internal-dpl-clock]: [22:05:49][STATE] CONNECTING ---> DEVICE READY
[147386:internal-dpl-clock]: [22:05:49][STATE] DEVICE READY ---> INITIALIZING TASK
[147386:internal-dpl-clock]: [22:05:49][STATE] INITIALIZING TASK ---> READY
[147386:internal-dpl-clock]: [22:05:49][STATE] READY ---> RUNNING
[147386:internal-dpl-clock]: [22:05:49][INFO] fair::mq::Device running...
[147386:internal-dpl-clock]: [22:05:49][INFO] LHCPeriod is not available, using current month AUG
[147386:internal-dpl-clock]: [22:05:49][INFO] Correctly handshaken websocket connection.
[147388:internal-dpl-ccdb-backend]: [INFO] Instrumenting crash signals
[147388:internal-dpl-ccdb-backend]: [INFO] Spawing new device internal-dpl-ccdb-backend in process with pid 147388
[147388:internal-dpl-ccdb-backend]: [22:05:49][INFO] 
[147388:internal-dpl-ccdb-backend]:       ______      _    _______  _________ 
[147388:internal-dpl-ccdb-backend]:      / ____/___ _(_)_______   |/  /_  __ \    version 1.6.0
[147388:internal-dpl-ccdb-backend]:     / /_  / __ `/ / ___/__  /|_/ /_  / / /    build RELWITHDEBINFO
[147388:internal-dpl-ccdb-backend]:    / __/ / /_/ / / /    _  /  / / / /_/ /     https://github.com/FairRootGroup/FairMQ
[147388:internal-dpl-ccdb-backend]:   /_/    \__,_/_/_/     /_/  /_/  \___\_\     LGPL-3.0  © 2012-2023 GSI
[147388:internal-dpl-ccdb-backend]: 
[147388:internal-dpl-ccdb-backend]: [22:05:49][STATE] Starting FairMQ state machine --> IDLE
[147390:fv0-recpoint-writer]: [INFO] Instrumenting crash signals
[147390:fv0-recpoint-writer]: [INFO] Spawing new device fv0-recpoint-writer in process with pid 147390
[147390:fv0-recpoint-writer]: [22:05:49][INFO] 
[147390:fv0-recpoint-writer]:       ______      _    _______  _________ 
[147390:fv0-recpoint-writer]:      / ____/___ _(_)_______   |/  /_  __ \    version 1.6.0
[147390:fv0-recpoint-writer]:     / /_  / __ `/ / ___/__  /|_/ /_  / / /    build RELWITHDEBINFO
[147390:fv0-recpoint-writer]:    / __/ / /_/ / / /    _  /  / / / /_/ /     https://github.com/FairRootGroup/FairMQ
[147390:fv0-recpoint-writer]:   /_/    \__,_/_/_/     /_/  /_/  \___\_\     LGPL-3.0  © 2012-2023 GSI
[147390:fv0-recpoint-writer]: 
[147390:fv0-recpoint-writer]: [22:05:49][STATE] Starting FairMQ state machine --> IDLE
[147390:fv0-recpoint-writer]: [22:05:49][STATE] IDLE ---> INITIALIZING DEVICE
[147388:internal-dpl-ccdb-backend]: [22:05:49][STATE] IDLE ---> INITIALIZING DEVICE
[147388:internal-dpl-ccdb-backend]: [22:05:49][INFO] CCDB Backend at: http://alice-ccdb.cern.ch, validity check for every 2147483647 TF
[147388:internal-dpl-ccdb-backend]: [22:05:49][INFO] Init CcdApi with UserAgentID: localhost.localdomain-1692907549-UHQmpa, Host: http://alice-ccdb.cern.ch
[147388:internal-dpl-ccdb-backend]: [22:05:49][INFO] Initialised default CCDB host http://alice-ccdb.cern.ch
[147388:internal-dpl-ccdb-backend]: [22:05:49][INFO] The following route is a condition FV0/TimeOffset/0
[147388:internal-dpl-ccdb-backend]: [22:05:49][INFO] - ccdb-path: FV0/Calib/ChannelTimeOffset
[147388:internal-dpl-ccdb-backend]: [22:05:49][STATE] INITIALIZING DEVICE ---> INITIALIZED
[147388:internal-dpl-ccdb-backend]: [22:05:49][STATE] INITIALIZED ---> BINDING
[147388:internal-dpl-ccdb-backend]: [22:05:49][STATE] BINDING ---> BOUND
[147388:internal-dpl-ccdb-backend]: [22:05:49][STATE] BOUND ---> CONNECTING
[147388:internal-dpl-ccdb-backend]: [22:05:49][STATE] CONNECTING ---> DEVICE READY
[147388:internal-dpl-ccdb-backend]: [22:05:49][STATE] DEVICE READY ---> INITIALIZING TASK
[147388:internal-dpl-ccdb-backend]: [22:05:49][STATE] INITIALIZING TASK ---> READY
[147388:internal-dpl-ccdb-backend]: [22:05:49][STATE] READY ---> RUNNING
[147388:internal-dpl-ccdb-backend]: [22:05:49][INFO] fair::mq::Device running...
[147388:internal-dpl-ccdb-backend]: [22:05:49][INFO] LHCPeriod is not available, using current month AUG
[147390:fv0-recpoint-writer]: [22:05:49][INFO] 0: branch  FV0Cluster set up
[147390:fv0-recpoint-writer]: [22:05:49][INFO] 1: branch  FV0RecChData set up
[147390:fv0-recpoint-writer]: [22:05:49][STATE] INITIALIZING DEVICE ---> INITIALIZED
[147388:internal-dpl-ccdb-backend]: [22:05:49][INFO] Correctly handshaken websocket connection.
[147390:fv0-recpoint-writer]: [22:05:49][STATE] INITIALIZED ---> BINDING
[147390:fv0-recpoint-writer]: [22:05:49][STATE] BINDING ---> BOUND
[147390:fv0-recpoint-writer]: [22:05:49][STATE] BOUND ---> CONNECTING
[147390:fv0-recpoint-writer]: [22:05:49][STATE] CONNECTING ---> DEVICE READY
[147390:fv0-recpoint-writer]: [22:05:49][STATE] DEVICE READY ---> INITIALIZING TASK
[147390:fv0-recpoint-writer]: [22:05:49][STATE] INITIALIZING TASK ---> READY
[147390:fv0-recpoint-writer]: [22:05:49][STATE] READY ---> RUNNING
[147390:fv0-recpoint-writer]: [22:05:49][INFO] fair::mq::Device running...
[147390:fv0-recpoint-writer]: [22:05:49][INFO] LHCPeriod is not available, using current month AUG
[147390:fv0-recpoint-writer]: [22:05:49][INFO] Correctly handshaken websocket connection.
[147387:fv0-digit-reader]: [22:05:53][STATE] INITIALIZING DEVICE ---> INITIALIZED
[147387:fv0-digit-reader]: [22:05:53][STATE] INITIALIZED ---> BINDING
[147387:fv0-digit-reader]: [22:05:53][STATE] BINDING ---> BOUND
[147387:fv0-digit-reader]: [22:05:53][STATE] BOUND ---> CONNECTING
[147387:fv0-digit-reader]: [22:05:53][STATE] CONNECTING ---> DEVICE READY
[147387:fv0-digit-reader]: [22:05:53][STATE] DEVICE READY ---> INITIALIZING TASK
[147387:fv0-digit-reader]: [22:05:53][STATE] INITIALIZING TASK ---> READY
[147387:fv0-digit-reader]: [22:05:53][STATE] READY ---> RUNNING
[147387:fv0-digit-reader]: [22:05:53][INFO] fair::mq::Device running...
[147387:fv0-digit-reader]: [22:05:53][INFO] LHCPeriod is not available, using current month AUG
[147387:fv0-digit-reader]: IncrementalExecutor::executeFunction: symbol '_ZN2o211dataformats16MCTruthContainerINS_3fv07MCLabelEE5ClassEv' unresolved while linking [cling interface function]!
[147387:fv0-digit-reader]: You are probably missing the definition of o2::dataformats::MCTruthContainer<o2::fv0::MCLabel>::Class()
[147387:fv0-digit-reader]: Maybe you need to load the corresponding shared library?
[147387:fv0-digit-reader]: [22:06:00][INFO] Sending end-of-stream message to channel from_fv0-digit-reader_to_internal-dpl-ccdb-backend
[147387:fv0-digit-reader]: [22:06:00][INFO] Sending end-of-stream message to channel from_fv0-digit-reader_to_fv0-reconstructor
[147387:fv0-digit-reader]: [22:06:00][INFO] Sending end-of-stream message to channel from_fv0-digit-reader_to_internal-dpl-injected-dummy-sink
[147387:fv0-digit-reader]: [22:06:00][INFO] Correctly handshaken websocket connection.
[147388:internal-dpl-ccdb-backend]: Info in <TJAlienConnectionManager>: Opening connection to JCentral. Please wait
[147388:internal-dpl-ccdb-backend]: Info in <TJAlienConnectionManager>: Opening connection to 137.138.99.141
[147388:internal-dpl-ccdb-backend]: Info in <TJAlienConnectionManager>: Successfully connected to 137.138.99.141
[147388:internal-dpl-ccdb-backend]: Info in <TJAlienFile::Open>: Accessing file /alice/data/CCDB/CTP/Calib/OrbitReset/06/62200/b9f985c3-b4b0-11ec-8fd3-90ce809b24ee in SE <ALICE::CERN::EOS>
[147388:internal-dpl-ccdb-backend]: [22:06:02][INFO] ccdb reads http://alice-ccdb.cern.ch/CTP/Calib/OrbitReset/1546300800000/b9f985c3-b4b0-11ec-8fd3-90ce809b24ee for 1546300800000 (load to memory, agent_id: localhost.localdomain-1692907549-UHQmpa), 
[147388:internal-dpl-ccdb-backend]: Info in <TJAlienFile::Open>: Accessing file /alice/data/CCDB/FV0/Calib/ChannelTimeOffset/10/41581/ea2bed9b-d832-11ec-8eb6-200114580202 in SE <ALICE::CERN::OCDB>
[147388:internal-dpl-ccdb-backend]: [22:06:02][INFO] ccdb reads http://alice-ccdb.cern.ch/FV0/Calib/ChannelTimeOffset/1546300800000/ea2bed9b-d832-11ec-8eb6-200114580202 for 1546300800000 (load to memory, agent_id: localhost.localdomain-1692907549-UHQmpa), 
[147388:internal-dpl-ccdb-backend]: [22:06:02][INFO] Sending end-of-stream message to channel from_internal-dpl-ccdb-backend_to_fv0-reconstructor
[147388:internal-dpl-ccdb-backend]: [22:06:02][INFO] Sending end-of-stream message to channel from_internal-dpl-ccdb-backend_to_internal-dpl-injected-dummy-sink
[147389:fv0-reconstructor]: [22:06:02][INFO] Ignoring MC info
[147389:fv0-reconstructor]: [22:06:03][INFO] Caching in 139787579613616 ptr to FV0/TimeOffset/0 (0x3c664f0)
[147389:fv0-reconstructor]: [22:06:03][INFO] FV0 reconstruction total timing: Cpu: 4.000e-02 Real: 3.728e-02 s in 1 slots
[147389:fv0-reconstructor]: [22:06:03][INFO] Sending end-of-stream message to channel from_fv0-reconstructor_to_fv0-recpoint-writer
[INFO] Quitting
[INFO] QUIT_REQUESTED
[147387:fv0-digit-reader]: [22:06:03][INFO] Received device shutdown request (signal 15).
[147387:fv0-digit-reader]: [22:06:03][INFO] Waiting for graceful device shutdown. Hit Ctrl-C again to abort immediately.
[147387:fv0-digit-reader]: [22:06:03][INFO] New state requested. No timeout set, quitting immediately as per --completion-policy
[147387:fv0-digit-reader]: [22:06:03][STATE] RUNNING ---> READY
[147387:fv0-digit-reader]: [22:06:03][STATE] READY ---> RESETTING TASK
[147387:fv0-digit-reader]: [22:06:03][STATE] RESETTING TASK ---> DEVICE READY
[147388:internal-dpl-ccdb-backend]: [22:06:03][INFO] Received device shutdown request (signal 15).
[147388:internal-dpl-ccdb-backend]: [22:06:03][INFO] Waiting for graceful device shutdown. Hit Ctrl-C again to abort immediately.
[147387:fv0-digit-reader]: [22:06:03][STATE] DEVICE READY ---> RESETTING DEVICE
[147388:internal-dpl-ccdb-backend]: [22:06:03][INFO] New state requested. No timeout set, quitting immediately as per --completion-policy
[147388:internal-dpl-ccdb-backend]: [22:06:03][INFO] CCDB cache miss/hit ratio:
[147388:internal-dpl-ccdb-backend]: [22:06:03][INFO]   FV0/Calib/ChannelTimeOffset: 1/0 (2048-2048 bytes)
[147388:internal-dpl-ccdb-backend]: [22:06:03][INFO]   CTP/Calib/OrbitReset: 1/1 (1024-1024 bytes)
[147388:internal-dpl-ccdb-backend]: [22:06:03][STATE] RUNNING ---> READY
[147388:internal-dpl-ccdb-backend]: [22:06:03][STATE] READY ---> RESETTING TASK
[147388:internal-dpl-ccdb-backend]: [22:06:03][STATE] RESETTING TASK ---> DEVICE READY
[147388:internal-dpl-ccdb-backend]: [22:06:03][STATE] DEVICE READY ---> RESETTING DEVICE
[147387:fv0-digit-reader]: [22:06:03][STATE] RESETTING DEVICE ---> IDLE
[147387:fv0-digit-reader]: [22:06:03][STATE] IDLE ---> EXITING
[147387:fv0-digit-reader]: [22:06:03][STATE] Exiting FairMQ state machine
[147388:internal-dpl-ccdb-backend]: [22:06:03][STATE] RESETTING DEVICE ---> IDLE
[147388:internal-dpl-ccdb-backend]: [22:06:03][STATE] IDLE ---> EXITING
[147390:fv0-recpoint-writer]: [22:06:03][INFO] Received device shutdown request (signal 15).
[147390:fv0-recpoint-writer]: [22:06:03][INFO] Waiting for graceful device shutdown. Hit Ctrl-C again to abort immediately.
[147388:internal-dpl-ccdb-backend]: [22:06:03][STATE] Exiting FairMQ state machine
[147390:fv0-recpoint-writer]: [22:06:03][INFO] New state requested. No timeout set, quitting immediately as per --completion-policy
[147389:fv0-reconstructor]: [22:06:03][INFO] Received device shutdown request (signal 15).
[147389:fv0-reconstructor]: [22:06:03][INFO] Waiting for graceful device shutdown. Hit Ctrl-C again to abort immediately.
[147386:internal-dpl-clock]: [22:06:03][INFO] Received device shutdown request (signal 15).
[147386:internal-dpl-clock]: [22:06:03][INFO] Waiting for graceful device shutdown. Hit Ctrl-C again to abort immediately.
[147391:internal-dpl-injected-dummy-sink]: [22:06:03][INFO] Received device shutdown request (signal 15).
[147391:internal-dpl-injected-dummy-sink]: [22:06:03][INFO] Waiting for graceful device shutdown. Hit Ctrl-C again to abort immediately.
[147386:internal-dpl-clock]: [22:06:03][INFO] New state requested. No timeout set, quitting immediately as per --completion-policy
[147386:internal-dpl-clock]: [22:06:03][STATE] RUNNING ---> READY
[147386:internal-dpl-clock]: [22:06:03][STATE] READY ---> RESETTING TASK
[147386:internal-dpl-clock]: [22:06:03][STATE] RESETTING TASK ---> DEVICE READY
[147386:internal-dpl-clock]: [22:06:03][STATE] DEVICE READY ---> RESETTING DEVICE
[147391:internal-dpl-injected-dummy-sink]: [22:06:03][INFO] New state requested. No timeout set, quitting immediately as per --completion-policy
[147391:internal-dpl-injected-dummy-sink]: [22:06:03][STATE] RUNNING ---> READY
[147391:internal-dpl-injected-dummy-sink]: [22:06:03][STATE] READY ---> RESETTING TASK
[147391:internal-dpl-injected-dummy-sink]: [22:06:03][STATE] RESETTING TASK ---> DEVICE READY
[147391:internal-dpl-injected-dummy-sink]: [22:06:03][STATE] DEVICE READY ---> RESETTING DEVICE
[147389:fv0-reconstructor]: [22:06:03][INFO] New state requested. No timeout set, quitting immediately as per --completion-policy
[147389:fv0-reconstructor]: [22:06:03][STATE] RUNNING ---> READY
[147389:fv0-reconstructor]: [22:06:03][STATE] READY ---> RESETTING TASK
[147389:fv0-reconstructor]: [22:06:03][STATE] RESETTING TASK ---> DEVICE READY
[147389:fv0-reconstructor]: [22:06:03][STATE] DEVICE READY ---> RESETTING DEVICE
[147389:fv0-reconstructor]: [22:06:03][STATE] RESETTING DEVICE ---> IDLE
[147389:fv0-reconstructor]: [22:06:03][STATE] IDLE ---> EXITING
[147386:internal-dpl-clock]: [22:06:03][STATE] RESETTING DEVICE ---> IDLE
[147389:fv0-reconstructor]: [22:06:03][STATE] Exiting FairMQ state machine
[147391:internal-dpl-injected-dummy-sink]: [22:06:03][STATE] RESETTING DEVICE ---> IDLE
[147386:internal-dpl-clock]: [22:06:03][STATE] IDLE ---> EXITING
[147386:internal-dpl-clock]: [22:06:03][STATE] Exiting FairMQ state machine
[147391:internal-dpl-injected-dummy-sink]: [22:06:03][STATE] IDLE ---> EXITING
[147391:internal-dpl-injected-dummy-sink]: [22:06:03][STATE] Exiting FairMQ state machine
[147390:fv0-recpoint-writer]: [22:06:03][STATE] RUNNING ---> READY
[147390:fv0-recpoint-writer]: [22:06:03][STATE] READY ---> RESETTING TASK
[147390:fv0-recpoint-writer]: [22:06:03][STATE] RESETTING TASK ---> DEVICE READY
[147390:fv0-recpoint-writer]: [22:06:03][STATE] DEVICE READY ---> RESETTING DEVICE
[147390:fv0-recpoint-writer]: [22:06:03][INFO] Cleaning up for shared memory id '8724578d'...
[147390:fv0-recpoint-writer]: [22:06:03][INFO] Found 0 unmanaged regions...
[147390:fv0-recpoint-writer]: [22:06:03][INFO] Found 1 managed segments...
[147390:fv0-recpoint-writer]: [22:06:03][INFO] Successfully removed 'fmq_8724578d_m_0'.
[147390:fv0-recpoint-writer]: [22:06:03][INFO] Successfully removed 'fmq_8724578d_mng'.
[147390:fv0-recpoint-writer]: [22:06:03][STATE] RESETTING DEVICE ---> IDLE
[147390:fv0-recpoint-writer]: [22:06:03][STATE] IDLE ---> EXITING
[147390:fv0-recpoint-writer]: [22:06:03][STATE] Exiting FairMQ state machine
[INFO] ## Processes completed. Run summary:
[INFO] ### Devices started: 6
[INFO]  - Device internal-dpl-clock: pid 147386 (exit 0)
[INFO]  - Device fv0-digit-reader: pid 147387 (exit 0)
[INFO]  - Device internal-dpl-ccdb-backend: pid 147388 (exit 0)
[INFO]  - Device fv0-reconstructor: pid 147389 (exit 0)
[INFO]  - Device fv0-recpoint-writer: pid 147390 (exit 0)
[INFO]  - Device internal-dpl-injected-dummy-sink: pid 147391 (exit 0)
[INFO] Dumping used configuration in dpl-config.json
TASK-EXIT-CODE: 0
