Running: TIME="#walltime %e" /usr/bin/time --output=itsreco.log_time ./itsreco.log_tmp.sh
[INFO] Initialising O2 Data Processing Layer. Driver PID: 144149.
[INFO] Driver listening on port: 32229
[INFO] Rate limiting set up at 500MB distributed over 1 readers
[INFO] O2 Data Processing Layer initialised. We brake for nobody.
[INFO] Optimised build. O2DEBUG / LOG(debug) / LOGF(debug) / assert statement will not be shown.
[INFO] Redeployment of configuration asked.
[INFO] Starting internal-dpl-clock on pid 144189
[INFO] Starting its-digit-reader on pid 144190
[INFO] Starting internal-dpl-ccdb-backend on pid 144191
[INFO] Starting its-clusterer on pid 144192
[INFO] Starting its-cluster-writer on pid 144193
[INFO] Starting its-tracker on pid 144194
[INFO] Starting irframe-writer-its on pid 144195
[INFO] Starting its-track-writer on pid 144196
[INFO] Starting internal-dpl-injected-dummy-sink on pid 144197
[INFO] Redeployment of configuration done.
[144190:its-digit-reader]: [INFO] Instrumenting crash signals
[144190:its-digit-reader]: [INFO] Spawing new device its-digit-reader in process with pid 144190
[144190:its-digit-reader]: [22:05:09][INFO] 
[144190:its-digit-reader]:       ______      _    _______  _________ 
[144190:its-digit-reader]:      / ____/___ _(_)_______   |/  /_  __ \    version 1.6.0
[144190:its-digit-reader]:     / /_  / __ `/ / ___/__  /|_/ /_  / / /    build RELWITHDEBINFO
[144190:its-digit-reader]:    / __/ / /_/ / / /    _  /  / / / /_/ /     https://github.com/FairRootGroup/FairMQ
[144190:its-digit-reader]:   /_/    \__,_/_/_/     /_/  /_/  \___\_\     LGPL-3.0  © 2012-2023 GSI
[144190:its-digit-reader]: 
[144190:its-digit-reader]: [22:05:09][STATE] Starting FairMQ state machine --> IDLE
[144190:its-digit-reader]: [22:05:09][STATE] IDLE ---> INITIALIZING DEVICE
[144192:its-clusterer]: [INFO] Instrumenting crash signals
[144192:its-clusterer]: [INFO] Spawing new device its-clusterer in process with pid 144192
[144192:its-clusterer]: [22:05:09][INFO] 
[144192:its-clusterer]:       ______      _    _______  _________ 
[144192:its-clusterer]:      / ____/___ _(_)_______   |/  /_  __ \    version 1.6.0
[144192:its-clusterer]:     / /_  / __ `/ / ___/__  /|_/ /_  / / /    build RELWITHDEBINFO
[144192:its-clusterer]:    / __/ / /_/ / / /    _  /  / / / /_/ /     https://github.com/FairRootGroup/FairMQ
[144192:its-clusterer]:   /_/    \__,_/_/_/     /_/  /_/  \___\_\     LGPL-3.0  © 2012-2023 GSI
[144192:its-clusterer]: 
[144192:its-clusterer]: [22:05:09][STATE] Starting FairMQ state machine --> IDLE
[144194:its-tracker]: [INFO] Instrumenting crash signals
[144194:its-tracker]: [INFO] Spawing new device its-tracker in process with pid 144194
[144194:its-tracker]: [22:05:09][INFO] 
[144194:its-tracker]:       ______      _    _______  _________ 
[144194:its-tracker]:      / ____/___ _(_)_______   |/  /_  __ \    version 1.6.0
[144194:its-tracker]:     / /_  / __ `/ / ___/__  /|_/ /_  / / /    build RELWITHDEBINFO
[144194:its-tracker]:    / __/ / /_/ / / /    _  /  / / / /_/ /     https://github.com/FairRootGroup/FairMQ
[144194:its-tracker]:   /_/    \__,_/_/_/     /_/  /_/  \___\_\     LGPL-3.0  © 2012-2023 GSI
[144194:its-tracker]: 
[144194:its-tracker]: [22:05:09][STATE] Starting FairMQ state machine --> IDLE
[144196:its-track-writer]: [INFO] Instrumenting crash signals
[144196:its-track-writer]: [INFO] Spawing new device its-track-writer in process with pid 144196
[144196:its-track-writer]: [22:05:09][INFO] 
[144196:its-track-writer]:       ______      _    _______  _________ 
[144196:its-track-writer]:      / ____/___ _(_)_______   |/  /_  __ \    version 1.6.0
[144196:its-track-writer]:     / /_  / __ `/ / ___/__  /|_/ /_  / / /    build RELWITHDEBINFO
[144196:its-track-writer]:    / __/ / /_/ / / /    _  /  / / / /_/ /     https://github.com/FairRootGroup/FairMQ
[144196:its-track-writer]:   /_/    \__,_/_/_/     /_/  /_/  \___\_\     LGPL-3.0  © 2012-2023 GSI
[144196:its-track-writer]: 
[144196:its-track-writer]: [22:05:09][STATE] Starting FairMQ state machine --> IDLE
[144197:internal-dpl-injected-dummy-sink]: [INFO] Instrumenting crash signals
[144197:internal-dpl-injected-dummy-sink]: [INFO] Spawing new device internal-dpl-injected-dummy-sink in process with pid 144197
[144197:internal-dpl-injected-dummy-sink]: [22:05:09][INFO] 
[144197:internal-dpl-injected-dummy-sink]:       ______      _    _______  _________ 
[144197:internal-dpl-injected-dummy-sink]:      / ____/___ _(_)_______   |/  /_  __ \    version 1.6.0
[144197:internal-dpl-injected-dummy-sink]:     / /_  / __ `/ / ___/__  /|_/ /_  / / /    build RELWITHDEBINFO
[144197:internal-dpl-injected-dummy-sink]:    / __/ / /_/ / / /    _  /  / / / /_/ /     https://github.com/FairRootGroup/FairMQ
[144197:internal-dpl-injected-dummy-sink]:   /_/    \__,_/_/_/     /_/  /_/  \___\_\     LGPL-3.0  © 2012-2023 GSI
[144197:internal-dpl-injected-dummy-sink]: 
[144197:internal-dpl-injected-dummy-sink]: [22:05:09][STATE] Starting FairMQ state machine --> IDLE
[144192:its-clusterer]: [22:05:09][STATE] IDLE ---> INITIALIZING DEVICE
[144189:internal-dpl-clock]: [INFO] Instrumenting crash signals
[144192:its-clusterer]: [22:05:09][STATE] INITIALIZING DEVICE ---> INITIALIZED
[144192:its-clusterer]: [22:05:09][STATE] INITIALIZED ---> BINDING
[144192:its-clusterer]: [22:05:09][STATE] BINDING ---> BOUND
[144194:its-tracker]: [22:05:09][STATE] IDLE ---> INITIALIZING DEVICE
[144194:its-tracker]: [22:05:09][INFO] Created GPUReconstruction instance for device type CPU (1) 
[144195:irframe-writer-its]: [INFO] Instrumenting crash signals
[144192:its-clusterer]: [22:05:09][STATE] BOUND ---> CONNECTING
[144192:its-clusterer]: [22:05:09][STATE] CONNECTING ---> DEVICE READY
[144192:its-clusterer]: [22:05:09][STATE] DEVICE READY ---> INITIALIZING TASK
[144197:internal-dpl-injected-dummy-sink]: [22:05:09][STATE] IDLE ---> INITIALIZING DEVICE
[144189:internal-dpl-clock]: [INFO] Spawing new device internal-dpl-clock in process with pid 144189
[144189:internal-dpl-clock]: [22:05:09][INFO] 
[144189:internal-dpl-clock]:       ______      _    _______  _________ 
[144189:internal-dpl-clock]:      / ____/___ _(_)_______   |/  /_  __ \    version 1.6.0
[144189:internal-dpl-clock]:     / /_  / __ `/ / ___/__  /|_/ /_  / / /    build RELWITHDEBINFO
[144189:internal-dpl-clock]:    / __/ / /_/ / / /    _  /  / / / /_/ /     https://github.com/FairRootGroup/FairMQ
[144189:internal-dpl-clock]:   /_/    \__,_/_/_/     /_/  /_/  \___\_\     LGPL-3.0  © 2012-2023 GSI
[144189:internal-dpl-clock]: 
[144189:internal-dpl-clock]: [22:05:09][STATE] Starting FairMQ state machine --> IDLE
[144194:its-tracker]: [22:05:09][INFO] Initializing tracker in async. phase reconstruction with 3 passes
[144197:internal-dpl-injected-dummy-sink]: [22:05:09][STATE] INITIALIZING DEVICE ---> INITIALIZED
[144197:internal-dpl-injected-dummy-sink]: [22:05:09][STATE] INITIALIZED ---> BINDING
[144197:internal-dpl-injected-dummy-sink]: [22:05:09][STATE] BINDING ---> BOUND
[144194:its-tracker]: [22:05:09][STATE] INITIALIZING DEVICE ---> INITIALIZED
[144194:its-tracker]: [22:05:09][STATE] INITIALIZED ---> BINDING
[144197:internal-dpl-injected-dummy-sink]: [22:05:09][STATE] BOUND ---> CONNECTING
[144197:internal-dpl-injected-dummy-sink]: [22:05:09][STATE] CONNECTING ---> DEVICE READY
[144194:its-tracker]: [22:05:09][STATE] BINDING ---> BOUND
[144194:its-tracker]: [22:05:09][STATE] BOUND ---> CONNECTING
[144194:its-tracker]: [22:05:09][STATE] CONNECTING ---> DEVICE READY
[144194:its-tracker]: [22:05:09][STATE] DEVICE READY ---> INITIALIZING TASK
[144197:internal-dpl-injected-dummy-sink]: [22:05:09][STATE] DEVICE READY ---> INITIALIZING TASK
[144195:irframe-writer-its]: [INFO] Spawing new device irframe-writer-its in process with pid 144195
[144196:its-track-writer]: [22:05:09][STATE] IDLE ---> INITIALIZING DEVICE
[144197:internal-dpl-injected-dummy-sink]: [22:05:09][STATE] INITIALIZING TASK ---> READY
[144189:internal-dpl-clock]: [22:05:09][STATE] IDLE ---> INITIALIZING DEVICE
[144197:internal-dpl-injected-dummy-sink]: [22:05:09][STATE] READY ---> RUNNING
[144197:internal-dpl-injected-dummy-sink]: [22:05:09][INFO] fair::mq::Device running...
[144197:internal-dpl-injected-dummy-sink]: [22:05:09][INFO] LHCPeriod is not available, using current month AUG
[144197:internal-dpl-injected-dummy-sink]: [22:05:09][INFO] Correctly handshaken websocket connection.
[144189:internal-dpl-clock]: [22:05:09][STATE] INITIALIZING DEVICE ---> INITIALIZED
[144189:internal-dpl-clock]: [22:05:09][STATE] INITIALIZED ---> BINDING
[144189:internal-dpl-clock]: [22:05:09][STATE] BINDING ---> BOUND
[144189:internal-dpl-clock]: [22:05:09][STATE] BOUND ---> CONNECTING
[144189:internal-dpl-clock]: [22:05:09][STATE] CONNECTING ---> DEVICE READY
[144189:internal-dpl-clock]: [22:05:09][STATE] DEVICE READY ---> INITIALIZING TASK
[144189:internal-dpl-clock]: [22:05:09][STATE] INITIALIZING TASK ---> READY
[144189:internal-dpl-clock]: [22:05:09][STATE] READY ---> RUNNING
[144189:internal-dpl-clock]: [22:05:09][INFO] fair::mq::Device running...
[144189:internal-dpl-clock]: [22:05:09][INFO] LHCPeriod is not available, using current month AUG
[144192:its-clusterer]: [22:05:09][STATE] INITIALIZING TASK ---> READY
[144192:its-clusterer]: [22:05:09][STATE] READY ---> RUNNING
[144192:its-clusterer]: [22:05:09][INFO] fair::mq::Device running...
[144192:its-clusterer]: [22:05:09][INFO] LHCPeriod is not available, using current month AUG
[144192:its-clusterer]: [22:05:09][INFO] Correctly handshaken websocket connection.
[144196:its-track-writer]: [22:05:09][INFO] 0: branch  ITSTrack set up
[144196:its-track-writer]: [22:05:09][INFO] 1: branch  ITSTrackClusIdx set up
[144189:internal-dpl-clock]: [22:05:09][INFO] Correctly handshaken websocket connection.
[144196:its-track-writer]: [22:05:09][INFO] 2: branch  Vertices set up
[144196:its-track-writer]: [22:05:09][INFO] 3: branch  VerticesROF set up
[144196:its-track-writer]: [22:05:09][INFO] 4: branch  ITSTracksROF set up
[144196:its-track-writer]: [22:05:09][INFO] 5: branch  ITSTrackMCTruth set up
[144196:its-track-writer]: [22:05:09][INFO] 6: branch  ITSVertexMCTruth set up
[144196:its-track-writer]: [22:05:09][INFO] 7: branch  ITSTracksMC2ROF set up
[144196:its-track-writer]: [22:05:09][STATE] INITIALIZING DEVICE ---> INITIALIZED
[144196:its-track-writer]: [22:05:09][STATE] INITIALIZED ---> BINDING
[144196:its-track-writer]: [22:05:09][STATE] BINDING ---> BOUND
[144196:its-track-writer]: [22:05:09][STATE] BOUND ---> CONNECTING
[144196:its-track-writer]: [22:05:09][STATE] CONNECTING ---> DEVICE READY
[144196:its-track-writer]: [22:05:09][STATE] DEVICE READY ---> INITIALIZING TASK
[144196:its-track-writer]: [22:05:09][STATE] INITIALIZING TASK ---> READY
[144196:its-track-writer]: [22:05:09][STATE] READY ---> RUNNING
[144196:its-track-writer]: [22:05:09][INFO] fair::mq::Device running...
[144196:its-track-writer]: [22:05:09][INFO] LHCPeriod is not available, using current month AUG
[144196:its-track-writer]: [22:05:09][INFO] Correctly handshaken websocket connection.
[144195:irframe-writer-its]: [22:05:09][INFO] 
[144195:irframe-writer-its]:       ______      _    _______  _________ 
[144195:irframe-writer-its]:      / ____/___ _(_)_______   |/  /_  __ \    version 1.6.0
[144195:irframe-writer-its]:     / /_  / __ `/ / ___/__  /|_/ /_  / / /    build RELWITHDEBINFO
[144195:irframe-writer-its]:    / __/ / /_/ / / /    _  /  / / / /_/ /     https://github.com/FairRootGroup/FairMQ
[144195:irframe-writer-its]:   /_/    \__,_/_/_/     /_/  /_/  \___\_\     LGPL-3.0  © 2012-2023 GSI
[144195:irframe-writer-its]: 
[144195:irframe-writer-its]: [22:05:09][STATE] Starting FairMQ state machine --> IDLE
[144194:its-tracker]: [22:05:09][STATE] INITIALIZING TASK ---> READY
[144194:its-tracker]: [22:05:09][STATE] READY ---> RUNNING
[144194:its-tracker]: [22:05:09][INFO] fair::mq::Device running...
[144194:its-tracker]: [22:05:09][INFO] LHCPeriod is not available, using current month AUG
[144195:irframe-writer-its]: [22:05:09][STATE] IDLE ---> INITIALIZING DEVICE
[144194:its-tracker]: [22:05:09][INFO] Correctly handshaken websocket connection.
[144190:its-digit-reader]: [22:05:09][INFO] Loaded tree from itsdigits.root with 1 entries
[144190:its-digit-reader]: [22:05:09][STATE] INITIALIZING DEVICE ---> INITIALIZED
[144190:its-digit-reader]: [22:05:09][STATE] INITIALIZED ---> BINDING
[144190:its-digit-reader]: [22:05:09][STATE] BINDING ---> BOUND
[144195:irframe-writer-its]: [22:05:09][INFO] 0: branch  IRFrames set up
[144190:its-digit-reader]: [22:05:09][STATE] BOUND ---> CONNECTING
[144190:its-digit-reader]: [22:05:09][STATE] CONNECTING ---> DEVICE READY
[144190:its-digit-reader]: [22:05:09][STATE] DEVICE READY ---> INITIALIZING TASK
[144195:irframe-writer-its]: [22:05:09][STATE] INITIALIZING DEVICE ---> INITIALIZED
[144195:irframe-writer-its]: [22:05:09][STATE] INITIALIZED ---> BINDING
[144195:irframe-writer-its]: [22:05:09][STATE] BINDING ---> BOUND
[144195:irframe-writer-its]: [22:05:09][STATE] BOUND ---> CONNECTING
[144195:irframe-writer-its]: [22:05:09][STATE] CONNECTING ---> DEVICE READY
[144195:irframe-writer-its]: [22:05:09][STATE] DEVICE READY ---> INITIALIZING TASK
[144195:irframe-writer-its]: [22:05:09][STATE] INITIALIZING TASK ---> READY
[144195:irframe-writer-its]: [22:05:09][STATE] READY ---> RUNNING
[144195:irframe-writer-its]: [22:05:09][INFO] fair::mq::Device running...
[144195:irframe-writer-its]: [22:05:09][INFO] LHCPeriod is not available, using current month AUG
[144195:irframe-writer-its]: [22:05:09][INFO] Correctly handshaken websocket connection.
[144193:its-cluster-writer]: [INFO] Instrumenting crash signals
[144190:its-digit-reader]: [22:05:09][STATE] INITIALIZING TASK ---> READY
[144190:its-digit-reader]: [22:05:09][STATE] READY ---> RUNNING
[144190:its-digit-reader]: [22:05:09][INFO] fair::mq::Device running...
[144190:its-digit-reader]: [22:05:09][INFO] LHCPeriod is not available, using current month AUG
[144193:its-cluster-writer]: [INFO] Spawing new device its-cluster-writer in process with pid 144193
[144193:its-cluster-writer]: [22:05:09][INFO] 
[144193:its-cluster-writer]:       ______      _    _______  _________ 
[144193:its-cluster-writer]:      / ____/___ _(_)_______   |/  /_  __ \    version 1.6.0
[144193:its-cluster-writer]:     / /_  / __ `/ / ___/__  /|_/ /_  / / /    build RELWITHDEBINFO
[144193:its-cluster-writer]:    / __/ / /_/ / / /    _  /  / / / /_/ /     https://github.com/FairRootGroup/FairMQ
[144193:its-cluster-writer]:   /_/    \__,_/_/_/     /_/  /_/  \___\_\     LGPL-3.0  © 2012-2023 GSI
[144193:its-cluster-writer]: 
[144193:its-cluster-writer]: [22:05:09][STATE] Starting FairMQ state machine --> IDLE
[144193:its-cluster-writer]: [22:05:09][STATE] IDLE ---> INITIALIZING DEVICE
[144193:its-cluster-writer]: [22:05:09][INFO] 0: branch  ITSClusterComp set up
[144193:its-cluster-writer]: [22:05:09][INFO] 1: branch  ITSClusterPatt set up
[144193:its-cluster-writer]: [22:05:09][INFO] 2: branch  ITSClustersROF set up
[144193:its-cluster-writer]: [22:05:09][INFO] 3: branch  ITSClusterMCTruth set up
[144193:its-cluster-writer]: [22:05:09][INFO] 4: branch  ITSClustersMC2ROF set up
[144193:its-cluster-writer]: [22:05:09][STATE] INITIALIZING DEVICE ---> INITIALIZED
[144193:its-cluster-writer]: [22:05:09][STATE] INITIALIZED ---> BINDING
[144193:its-cluster-writer]: [22:05:09][STATE] BINDING ---> BOUND
[144193:its-cluster-writer]: [22:05:09][STATE] BOUND ---> CONNECTING
[144193:its-cluster-writer]: [22:05:09][STATE] CONNECTING ---> DEVICE READY
[144193:its-cluster-writer]: [22:05:09][STATE] DEVICE READY ---> INITIALIZING TASK
[144193:its-cluster-writer]: [22:05:09][STATE] INITIALIZING TASK ---> READY
[144193:its-cluster-writer]: [22:05:09][STATE] READY ---> RUNNING
[144193:its-cluster-writer]: [22:05:09][INFO] fair::mq::Device running...
[144193:its-cluster-writer]: [22:05:09][INFO] LHCPeriod is not available, using current month AUG
[144190:its-digit-reader]: [22:05:09][INFO] ITSDigitReader pushes 42 ROFRecords, 449313 digits at entry 0
[144193:its-cluster-writer]: [22:05:09][INFO] Correctly handshaken websocket connection.
[144191:internal-dpl-ccdb-backend]: [INFO] Instrumenting crash signals
[144191:internal-dpl-ccdb-backend]: [INFO] Spawing new device internal-dpl-ccdb-backend in process with pid 144191
[144191:internal-dpl-ccdb-backend]: [22:05:10][INFO] 
[144191:internal-dpl-ccdb-backend]:       ______      _    _______  _________ 
[144191:internal-dpl-ccdb-backend]:      / ____/___ _(_)_______   |/  /_  __ \    version 1.6.0
[144191:internal-dpl-ccdb-backend]:     / /_  / __ `/ / ___/__  /|_/ /_  / / /    build RELWITHDEBINFO
[144191:internal-dpl-ccdb-backend]:    / __/ / /_/ / / /    _  /  / / / /_/ /     https://github.com/FairRootGroup/FairMQ
[144191:internal-dpl-ccdb-backend]:   /_/    \__,_/_/_/     /_/  /_/  \___\_\     LGPL-3.0  © 2012-2023 GSI
[144191:internal-dpl-ccdb-backend]: 
[144191:internal-dpl-ccdb-backend]: [22:05:10][STATE] Starting FairMQ state machine --> IDLE
[144191:internal-dpl-ccdb-backend]: [22:05:10][STATE] IDLE ---> INITIALIZING DEVICE
[144191:internal-dpl-ccdb-backend]: [22:05:10][INFO] CCDB Backend at: http://alice-ccdb.cern.ch, validity check for every 2147483647 TF
[144191:internal-dpl-ccdb-backend]: [22:05:10][INFO] Init CcdApi with UserAgentID: localhost.localdomain-1692907510-zhHhhR, Host: http://alice-ccdb.cern.ch
[144191:internal-dpl-ccdb-backend]: [22:05:10][INFO] Initialised default CCDB host http://alice-ccdb.cern.ch
[144191:internal-dpl-ccdb-backend]: [22:05:10][INFO] The following route is a condition ITS/CLUSDICT/0
[144191:internal-dpl-ccdb-backend]: [22:05:10][INFO] - ccdb-path: ITS/Calib/ClusterDictionary
[144191:internal-dpl-ccdb-backend]: [22:05:10][INFO] The following route is a condition GLO/GRPECS/0
[144191:internal-dpl-ccdb-backend]: [22:05:10][INFO] - ccdb-path: GLO/Config/GRPECS
[144191:internal-dpl-ccdb-backend]: [22:05:10][INFO] The following route is a condition ITS/ALPIDEPARAM/0
[144191:internal-dpl-ccdb-backend]: [22:05:10][INFO] - ccdb-path: ITS/Config/AlpideParam
[144191:internal-dpl-ccdb-backend]: [22:05:10][INFO] The following route is a condition ITS/CLUSPARAM/0
[144191:internal-dpl-ccdb-backend]: [22:05:10][INFO] - ccdb-path: ITS/Config/ClustererParam
[144191:internal-dpl-ccdb-backend]: [22:05:10][INFO] The following route is a condition GLO/MATLUT/0
[144191:internal-dpl-ccdb-backend]: [22:05:10][INFO] - ccdb-path: GLO/Param/MatLUT
[144191:internal-dpl-ccdb-backend]: [22:05:10][INFO] The following route is a condition GLO/GRPMAGFIELD/0
[144191:internal-dpl-ccdb-backend]: [22:05:10][INFO] - ccdb-path: GLO/Config/GRPMagField
[144191:internal-dpl-ccdb-backend]: [22:05:10][INFO] The following route is a condition GLO/GEOMALIGN/0
[144191:internal-dpl-ccdb-backend]: [22:05:10][INFO] - ccdb-path: GLO/Config/GeometryAligned
[144191:internal-dpl-ccdb-backend]: [22:05:10][STATE] INITIALIZING DEVICE ---> INITIALIZED
[144191:internal-dpl-ccdb-backend]: [22:05:10][STATE] INITIALIZED ---> BINDING
[144191:internal-dpl-ccdb-backend]: [22:05:10][STATE] BINDING ---> BOUND
[144191:internal-dpl-ccdb-backend]: [22:05:10][STATE] BOUND ---> CONNECTING
[144191:internal-dpl-ccdb-backend]: [22:05:10][STATE] CONNECTING ---> DEVICE READY
[144191:internal-dpl-ccdb-backend]: [22:05:10][STATE] DEVICE READY ---> INITIALIZING TASK
[144190:its-digit-reader]: [22:05:10][INFO] Sending end-of-stream message to channel from_its-digit-reader_to_internal-dpl-ccdb-backend
[144190:its-digit-reader]: [22:05:10][INFO] Sending end-of-stream message to channel from_its-digit-reader_to_its-clusterer
[144190:its-digit-reader]: [22:05:10][INFO] Sending end-of-stream message to channel from_its-digit-reader_to_internal-dpl-injected-dummy-sink
[144190:its-digit-reader]: [22:05:10][INFO] Correctly handshaken websocket connection.
[144191:internal-dpl-ccdb-backend]: [22:05:10][STATE] INITIALIZING TASK ---> READY
[144191:internal-dpl-ccdb-backend]: [22:05:10][STATE] READY ---> RUNNING
[144191:internal-dpl-ccdb-backend]: [22:05:10][INFO] fair::mq::Device running...
[144191:internal-dpl-ccdb-backend]: [22:05:10][INFO] LHCPeriod is not available, using current month AUG
[144191:internal-dpl-ccdb-backend]: Info in <TJAlienConnectionManager>: Opening connection to JCentral. Please wait
[144191:internal-dpl-ccdb-backend]: Info in <TJAlienConnectionManager>: Opening connection to 137.138.99.172
[144191:internal-dpl-ccdb-backend]: Info in <TJAlienConnectionManager>: Successfully connected to 137.138.99.172
[144191:internal-dpl-ccdb-backend]: Info in <TJAlienFile::Open>: Accessing file /alice/data/CCDB/CTP/Calib/OrbitReset/06/62200/b9f985c3-b4b0-11ec-8fd3-90ce809b24ee in SE <ALICE::CERN::EOS>
[144191:internal-dpl-ccdb-backend]: [22:05:11][INFO] ccdb reads http://alice-ccdb.cern.ch/CTP/Calib/OrbitReset/1546300800000/b9f985c3-b4b0-11ec-8fd3-90ce809b24ee for 1546300800000 (load to memory, agent_id: localhost.localdomain-1692907510-zhHhhR), 
[144191:internal-dpl-ccdb-backend]: Info in <TJAlienFile::Open>: Accessing file /alice/data/CCDB/ITS/Calib/ClusterDictionary/09/10449/c245a720-9fe3-11ec-975c-200114580202 in SE <ALICE::CERN::OCDB>
[144191:internal-dpl-ccdb-backend]: [22:05:11][INFO] ccdb reads http://alice-ccdb.cern.ch/ITS/Calib/ClusterDictionary/0/c245a720-9fe3-11ec-975c-200114580202 for 1546300800000 (load to memory, agent_id: localhost.localdomain-1692907510-zhHhhR), 
[144191:internal-dpl-ccdb-backend]: Info in <TJAlienFile::Open>: Accessing file /alice/data/CCDB/GLO/Config/GRPECS/03/07584/646e9be2-0210-11ed-8000-200114580202 in SE <ALICE::CERN::OCDB>
[144191:internal-dpl-ccdb-backend]: [22:05:11][INFO] ccdb reads http://alice-ccdb.cern.ch/GLO/Config/GRPECS/1546300800000/646e9be2-0210-11ed-8000-200114580202 for 1546300800000 (load to memory, agent_id: localhost.localdomain-1692907510-zhHhhR), 
[144191:internal-dpl-ccdb-backend]: Info in <TJAlienFile::Open>: Accessing file /alice/data/CCDB/ITS/Config/AlpideParam/02/10715/76f24ad5-e339-11ec-9e90-200114580204 in SE <ALICE::CERN::OCDB>
[144191:internal-dpl-ccdb-backend]: [22:05:11][INFO] ccdb reads http://alice-ccdb.cern.ch/ITS/Config/AlpideParam/1546300800000/76f24ad5-e339-11ec-9e90-200114580204 for 1546300800000 (load to memory, agent_id: localhost.localdomain-1692907510-zhHhhR), 
[144191:internal-dpl-ccdb-backend]: Info in <TJAlienFile::Open>: Accessing file /alice/data/CCDB/ITS/Config/ClustererParam/06/44918/b0c41285-f1ae-11ec-b9c0-2a010e0a0b16 in SE <ALICE::CERN::OCDB>
[144191:internal-dpl-ccdb-backend]: [22:05:11][INFO] ccdb reads http://alice-ccdb.cern.ch/ITS/Config/ClustererParam/1/b0c41285-f1ae-11ec-b9c0-2a010e0a0b16 for 1546300800000 (load to memory, agent_id: localhost.localdomain-1692907510-zhHhhR), 
[144191:internal-dpl-ccdb-backend]: Info in <TJAlienFile::Open>: Accessing file /alice/data/CCDB/GLO/Param/MatLUT/05/24630/d5a2a33e-dba4-11ec-9e90-2a010e0a0b16 in SE <ALICE::CERN::OCDB>
[144191:internal-dpl-ccdb-backend]: [22:05:12][INFO] ccdb reads http://alice-ccdb.cern.ch/GLO/Param/MatLUT/1546300800000/d5a2a33e-dba4-11ec-9e90-2a010e0a0b16 for 1546300800000 (load to memory, agent_id: localhost.localdomain-1692907510-zhHhhR), 
[144191:internal-dpl-ccdb-backend]: Info in <TJAlienFile::Open>: Accessing file /alice/data/CCDB/GLO/Config/GRPMagField/06/62924/01d633ab-efdf-11ec-841e-2a010e0a0b16 in SE <ALICE::CERN::OCDB>
[144191:internal-dpl-ccdb-backend]: [22:05:12][INFO] ccdb reads http://alice-ccdb.cern.ch/GLO/Config/GRPMagField/1546300800000/01d633ab-efdf-11ec-841e-2a010e0a0b16 for 1546300800000 (load to memory, agent_id: localhost.localdomain-1692907510-zhHhhR), 
[144191:internal-dpl-ccdb-backend]: Info in <TJAlienFile::Open>: Accessing file /alice/data/CCDB/GLO/Config/GeometryAligned/06/21224/787687c0-287a-11ed-8141-200114580202 in SE <ALICE::CERN::OCDB>
[144191:internal-dpl-ccdb-backend]: [22:05:12][INFO] ccdb reads http://alice-ccdb.cern.ch/GLO/Config/GeometryAligned/1546300800000/787687c0-287a-11ed-8141-200114580202 for 1546300800000 (load to memory, agent_id: localhost.localdomain-1692907510-zhHhhR), 
[144191:internal-dpl-ccdb-backend]: [22:05:12][INFO] Correctly handshaken websocket connection.
[144191:internal-dpl-ccdb-backend]: [22:05:12][INFO] Sending end-of-stream message to channel from_internal-dpl-ccdb-backend_to_its-clusterer
[144191:internal-dpl-ccdb-backend]: [22:05:12][INFO] Sending end-of-stream message to channel from_internal-dpl-ccdb-backend_to_its-tracker
[144191:internal-dpl-ccdb-backend]: [22:05:12][INFO] Sending end-of-stream message to channel from_internal-dpl-ccdb-backend_to_internal-dpl-injected-dummy-sink
[144192:its-clusterer]: [22:05:12][INFO] GRP ECS object updated
[144192:its-clusterer]: [22:05:12][INFO] Caching in 140355091176496 ptr to GLO/GRPECS/0 (0x4281690)
[144192:its-clusterer]: [22:05:12][INFO] cluster dictionary updated
[144192:its-clusterer]: [22:05:12][INFO] Caching in 140355091148624 ptr to ITS/CLUSDICT/0 (0x62c5350)
[144192:its-clusterer]: [22:05:13][INFO] Alpide param updated
[144192:its-clusterer]: ITSAlpideParam.roFrameLengthInBC : 198		[ CCDB ]
[144192:its-clusterer]: ITSAlpideParam.roFrameLengthTrig : 6000		[ CCDB ]
[144192:its-clusterer]: ITSAlpideParam.strobeDelay : 99.8031		[ CCDB ]
[144192:its-clusterer]: ITSAlpideParam.strobeLengthCont : -1		[ CCDB ]
[144192:its-clusterer]: ITSAlpideParam.strobeLengthTrig : 100		[ CCDB ]
[144192:its-clusterer]: ITSAlpideParam.roFrameBiasInBC : 64		[ CCDB ]
[144192:its-clusterer]: [22:05:13][INFO] Caching in 140355091178768 ptr to ITS/ALPIDEPARAM/0 (0x7fa974f1ffe0)
[144192:its-clusterer]: [22:05:13][INFO] Cluster param updated
[144192:its-clusterer]: ITSClustererParam.maxRowColDiffToMask : 1		[ CCDB ]
[144192:its-clusterer]: ITSClustererParam.maxBCDiffToMaskBias : 10		[ CCDB ]
[144192:its-clusterer]: ITSClustererParam.maxBCDiffToSquashBias : -10		[ CCDB ]
[144192:its-clusterer]: ITSClustererParam.maxSOTMUS : 8		[ CCDB ]
[144192:its-clusterer]: [22:05:13][INFO] Caching in 140355091181040 ptr to ITS/CLUSPARAM/0 (0x7fa974f1ffb0)
[144192:its-clusterer]: [22:05:13][INFO] Clusterizer squashes overflow pixels separated by 188 BC and <= 1 in row/col seeking down to 0 neighbour ROFs
[144192:its-clusterer]: [22:05:13][INFO] Clusterizer masks overflow pixels separated by < 208 BC and <= 1 in row/col
[144192:its-clusterer]: [22:05:13][INFO] Inclusive clusterization timing (w/o disk IO): Cpu: 0 Real: 0 s in 1 slots
[144192:its-clusterer]: [22:05:13][INFO] Threads output merging timing                : Cpu: 0 Real: 0 s in 1 slots
[144192:its-clusterer]: [22:05:13][INFO] ITSClusterer pulled 449313 digits, in 42 RO frames
[144192:its-clusterer]: [22:05:13][INFO] ITSClusterer pulled 487667 labels 
[144192:its-clusterer]: [22:05:13][INFO] ITSClusterer pushed 30737 clusters, in 42 RO frames
[144192:its-clusterer]: [22:05:13][INFO] Clusterizer squashes overflow pixels separated by 188 BC and <= 1 in row/col seeking down to 0 neighbour ROFs
[144192:its-clusterer]: [22:05:13][INFO] Clusterizer masks overflow pixels separated by < 208 BC and <= 1 in row/col
[144192:its-clusterer]: [22:05:13][INFO] Inclusive clusterization timing (w/o disk IO): Cpu: 0.03 Real: 0.0220699 s in 2 slots
[144192:its-clusterer]: [22:05:13][INFO] Threads output merging timing                : Cpu: 0 Real: 0 s in 1 slots
[144192:its-clusterer]: [22:05:13][INFO] Sending end-of-stream message to channel from_its-clusterer_to_its-cluster-writer
[144192:its-clusterer]: [22:05:13][INFO] Sending end-of-stream message to channel from_its-clusterer_to_its-tracker
[144193:its-cluster-writer]: [22:05:13][INFO] ITSClusterWriter pulled 30737 clusters, in 42 RO frames
[144193:its-cluster-writer]: [22:05:13][INFO] Sending end-of-stream message to channel from_its-cluster-writer_to_its-tracker
[144194:its-tracker]: [22:05:13][INFO] GRP MagField object updated
[144194:its-tracker]: [22:05:13][INFO] MagneticField::Print: MagneticFieldMap:
[144194:its-tracker]: [22:05:13][INFO] MagneticField::Print: Solenoid (-1*)5 kG, Dipole ON (-1) 
[144194:its-tracker]: [22:05:13][INFO] MagneticField::Print: Machine B fields for p-p  beam (7000 GeV): QGrad: 22.0002 Dipole: 37.8781
[144194:its-tracker]: [22:05:13][INFO] MagneticField::Print: Uses Sol30_Dip6_Hole  of /root/alice/sw/slc8_x86-64/O2/segment-local1/share/Common/maps/mfchebKGI_sym.root
[144194:its-tracker]: Info in <TGeoGlobalMagField::SetField>: Global magnetic field set to <MagneticFieldMap>
[144194:its-tracker]: Info in <TGeoGlobalMagField::Lock>: Global magnetic field <MagneticFieldMap> is now locked
[144194:its-tracker]: [22:05:13][INFO] Caching in 140569388222352 ptr to GLO/GRPMAGFIELD/0 (0x5279030)
[144194:its-tracker]: [22:05:13][INFO] GRP ECS object updated
[144194:its-tracker]: [22:05:13][INFO] Caching in 140569388215344 ptr to GLO/GRPECS/0 (0x3ca2170)
[144194:its-tracker]: [22:05:13][INFO] material LUT updated
[144194:its-tracker]: [22:05:13][INFO] Loaded 440 params from $(O2_ROOT)/share/Common/maps/sol5k.txt
[144194:its-tracker]: [22:05:13][INFO] Caching in 140569402272384 ptr to GLO/MATLUT/0 (0x606b480)
[144194:its-tracker]: Info in <TGeoManager::CloseGeometry>: Geometry loaded from file...
[144194:its-tracker]: Info in <TGeoManager::SetTopVolume>: Top volume is cave. Master volume is cave
[144194:its-tracker]: Info in <TGeoNavigator::BuildCache>: --- Maximum geometry depth set to 100
[144194:its-tracker]: Info in <TGeoManager::Voxelize>: Voxelizing...
[144194:its-tracker]: Info in <TGeoManager::CountLevels>: max level = 13, max placements = 735
[144194:its-tracker]: Info in <TGeoManager::CloseGeometry>: 5346742 nodes/ 27442 volume UID's in FAIR geometry
[144194:its-tracker]: Info in <TGeoManager::CloseGeometry>: ----------------modeler ready----------------
[144194:its-tracker]: [22:05:14][INFO] aligned geometry updated
[144194:its-tracker]: [22:05:14][INFO] Caching in 140569388223600 ptr to GLO/GEOMALIGN/0 (0x6149000)
[144194:its-tracker]: [22:05:14][INFO] cluster dictionary updated
[144194:its-tracker]: [22:05:14][INFO] Caching in 140569388187472 ptr to ITS/CLUSDICT/0 (0x57a5590)
[144194:its-tracker]: [22:05:14][INFO] Alpide param updated
[144194:its-tracker]: ITSAlpideParam.roFrameLengthInBC : 198		[ CCDB ]
[144194:its-tracker]: ITSAlpideParam.roFrameLengthTrig : 6000		[ CCDB ]
[144194:its-tracker]: ITSAlpideParam.strobeDelay : 99.8031		[ CCDB ]
[144194:its-tracker]: ITSAlpideParam.strobeLengthCont : -1		[ CCDB ]
[144194:its-tracker]: ITSAlpideParam.strobeLengthTrig : 100		[ CCDB ]
[144194:its-tracker]: ITSAlpideParam.roFrameBiasInBC : 64		[ CCDB ]
[144194:its-tracker]: [22:05:14][INFO] Caching in 140569388217616 ptr to ITS/ALPIDEPARAM/0 (0x7fdb5a0b4fe0)
[144194:its-tracker]: [22:05:14][INFO] Loading ITS T2L matrices from TGeo
[144194:its-tracker]: [22:05:14][WARN] It is faster to use 2D rotation for T2G instead of full Transform3D matrices
[144194:its-tracker]: [22:05:14][INFO] Loading ITS T2G matrices from TGeo
[144194:its-tracker]: [22:05:15][INFO] Loading ITS T2G rotation 2D matrices
[144194:its-tracker]: [22:05:15][INFO] Setting seeding vertexer with 1 threads.
[144194:its-tracker]: [22:05:15][INFO] ITSTracker pulled 30737 clusters, 42 RO frames
[144194:its-tracker]: [22:05:15][INFO] 30737 MC label objects , in 97 MC events
[144194:its-tracker]: [22:05:15][INFO] ITSTracker RO: continuous=1
[144194:its-tracker]: [22:05:15][INFO] Loading ITS L2G matrices from TGeo
[144194:its-tracker]: [22:05:15][INFO]  - Vertexer initialisation completed in: 0.375855 ms
[144194:its-tracker]: [22:05:15][INFO]  - Vertexer tracklet finding completed in: 9.03176 ms
[144194:its-tracker]: [22:05:15][INFO]  - Vertexer adjacent tracklets validation completed in: 22.6353 ms
[144194:its-tracker]: [22:05:15][INFO]  - Vertexer vertex finding completed in: 3.71145 ms
[144194:its-tracker]: [22:05:15][INFO]  - Timeframe 0 vertexing completed in: 35.754356 ms, using 1 thread(s).
[144194:its-tracker]: [22:05:15][INFO]  - rejected 0/42 ROFs: random/mult.sel:0 (seed 624), vtx.sel:0
[144194:its-tracker]: [22:05:15][INFO]  - Vertex seeding total elapsed time: 35.754356 ms for 112 vertices found in 42 ROFs
[144194:its-tracker]: [22:05:15][INFO]  - Beam position computed for the TF: 0.0009309196, -0.0027673217
[144194:its-tracker]: [22:05:15][INFO]  - Timeframe initialisation completed in: 4.42563 ms
[144194:its-tracker]: [22:05:15][INFO]  - Tracklet finding completed in: 6.58471 ms
[144194:its-tracker]: [22:05:15][INFO] 	- Number of tracklets: 13357
[144194:its-tracker]: [22:05:15][INFO]  - Cell finding completed in: 6.81626 ms
[144194:its-tracker]: [22:05:15][INFO] 	- Number of Cells: 9881
[144194:its-tracker]: [22:05:15][INFO]  - Neighbour finding completed in: 2.21117 ms
[144194:its-tracker]: [22:05:15][INFO]  - Road finding completed in: 2.38198 ms
[144194:its-tracker]: [22:05:15][INFO] 	- Number of Roads: 1991
[144194:its-tracker]: [22:05:15][INFO]  - Track finding completed in: 69.5036 ms
[144194:its-tracker]: [22:05:15][INFO] 	- Number of Tracks: 1064
[144194:its-tracker]: [22:05:15][INFO]  - Extending tracks completed in: 0.000759 ms
[144194:its-tracker]: [22:05:15][INFO]  - Timeframe initialisation completed in: 0.194932 ms
[144194:its-tracker]: [22:05:15][INFO]  - Tracklet finding completed in: 4.51157 ms
[144194:its-tracker]: [22:05:15][INFO] 	- Number of tracklets: 6678
[144194:its-tracker]: [22:05:15][INFO]  - Cell finding completed in: 1.67353 ms
[144194:its-tracker]: [22:05:15][INFO] 	- Number of Cells: 3799
[144194:its-tracker]: [22:05:15][INFO]  - Neighbour finding completed in: 0.661425 ms
[144194:its-tracker]: [22:05:15][INFO]  - Road finding completed in: 0.014681 ms
[144194:its-tracker]: [22:05:15][INFO] 	- Number of Roads: 295
[144194:its-tracker]: [22:05:15][INFO]  - Track finding completed in: 11.7744 ms
[144194:its-tracker]: [22:05:15][INFO] 	- Number of Tracks: 1203
[144194:its-tracker]: [22:05:15][INFO]  - Extending tracks completed in: 0.00065 ms
[144194:its-tracker]: [22:05:15][INFO]  - Timeframe initialisation completed in: 0.040751 ms
[144194:its-tracker]: [22:05:15][INFO]  - Tracklet finding completed in: 5.13164 ms
[144194:its-tracker]: [22:05:15][INFO] 	- Number of tracklets: 9108
[144194:its-tracker]: [22:05:15][WARN] Negative chi2=-54815.86530528165, Cluster: 6.099128e-08 0 1.4874428e-07 Dy:-8.34465e-07 Dz:-0.5197935 | sdd:659.9155274047413 sdz:-355.5278015136719 szz:191.53968825909584 det:-0.0032527039002161473
[144194:its-tracker]: [22:05:15][WARN] Track: X:+3.7623e+00 Alp:-1.290e-01 Par: +1.6207e+00 -2.8316e+00 +5.4190e-01 -9.9751e-01 -9.1521e-02 |Q|:1 Pion Cov: [+6.599e+02] [-3.555e+02 +1.915e+02] [-2.569e+01 +1.384e+01 +1.000e+00] [-8.939e-09 -8.513e-07 +6.667e-10 +7.679e-08] [+2.401e+03 -1.294e+03 -9.346e+01 -9.442e-08 +8.735e+03]
[144194:its-tracker]: [22:05:15][INFO]  - Cell finding completed in: 3.97734 ms
[144194:its-tracker]: [22:05:15][INFO] 	- Number of Cells: 4888
[144194:its-tracker]: [22:05:15][INFO]  - Neighbour finding completed in: 0.862475 ms
[144194:its-tracker]: [22:05:15][INFO]  - Road finding completed in: 0.078429 ms
[144194:its-tracker]: [22:05:15][INFO] 	- Number of Roads: 2574
[144194:its-tracker]: [22:05:15][INFO]  - Track finding completed in: 44.9906 ms
[144194:its-tracker]: [22:05:15][INFO] 	- Number of Tracks: 1987
[144194:its-tracker]: [22:05:15][INFO]  - Extending tracks completed in: 0.000755 ms
[144194:its-tracker]: [22:05:15][INFO]  - Short primaries finding completed in: 0.000172 ms
[144194:its-tracker]: [22:05:15][INFO]  - Timeframe 0 processing completed in: 165.837ms using 1 threads.
[144194:its-tracker]: [22:05:15][INFO] ITSTracker pushed 1987 tracks and 112 vertices
[144194:its-tracker]: [22:05:15][INFO] ITSTracker pushed 1987 track labels
[144194:its-tracker]: [22:05:15][INFO] ITSTracker pushed 2345 vertex labels
[144194:its-tracker]: [22:05:15][INFO] ITS CA-Tracker total timing: Cpu: 2.070e+00 Real: 2.101e+00 s in 1 slots
[144194:its-tracker]: [22:05:15][INFO] Sending end-of-stream message to channel from_its-tracker_to_irframe-writer-its
[144194:its-tracker]: [22:05:15][INFO] Sending end-of-stream message to channel from_its-tracker_to_its-track-writer
[144196:its-track-writer]: [22:05:15][INFO] ITSTrackWriter pulled 1987 tracks, in 42 RO frames
[INFO] Quitting
[INFO] QUIT_REQUESTED
[144189:internal-dpl-clock]: [22:05:15][INFO] Received device shutdown request (signal 15).
[144189:internal-dpl-clock]: [22:05:15][INFO] Waiting for graceful device shutdown. Hit Ctrl-C again to abort immediately.
[144190:its-digit-reader]: [22:05:15][INFO] Received device shutdown request (signal 15).
[144190:its-digit-reader]: [22:05:15][INFO] Waiting for graceful device shutdown. Hit Ctrl-C again to abort immediately.
[144191:internal-dpl-ccdb-backend]: [22:05:15][INFO] Received device shutdown request (signal 15).
[144191:internal-dpl-ccdb-backend]: [22:05:15][INFO] Waiting for graceful device shutdown. Hit Ctrl-C again to abort immediately.
[144192:its-clusterer]: [22:05:15][INFO] Received device shutdown request (signal 15).
[144192:its-clusterer]: [22:05:15][INFO] Waiting for graceful device shutdown. Hit Ctrl-C again to abort immediately.
[144193:its-cluster-writer]: [22:05:15][INFO] Received device shutdown request (signal 15).
[144193:its-cluster-writer]: [22:05:15][INFO] Waiting for graceful device shutdown. Hit Ctrl-C again to abort immediately.
[144194:its-tracker]: [22:05:15][INFO] Received device shutdown request (signal 15).
[144194:its-tracker]: [22:05:15][INFO] Waiting for graceful device shutdown. Hit Ctrl-C again to abort immediately.
[144195:irframe-writer-its]: [22:05:15][INFO] Received device shutdown request (signal 15).
[144195:irframe-writer-its]: [22:05:15][INFO] Waiting for graceful device shutdown. Hit Ctrl-C again to abort immediately.
[144196:its-track-writer]: [22:05:15][INFO] Received device shutdown request (signal 15).
[144196:its-track-writer]: [22:05:15][INFO] Waiting for graceful device shutdown. Hit Ctrl-C again to abort immediately.
[144197:internal-dpl-injected-dummy-sink]: [22:05:15][INFO] Received device shutdown request (signal 15).
[144197:internal-dpl-injected-dummy-sink]: [22:05:15][INFO] Waiting for graceful device shutdown. Hit Ctrl-C again to abort immediately.
[144194:its-tracker]: [22:05:15][INFO] New state requested. No timeout set, quitting immediately as per --completion-policy
[144194:its-tracker]: [22:05:15][STATE] RUNNING ---> READY
[144196:its-track-writer]: [22:05:15][INFO] New state requested. No timeout set, quitting immediately as per --completion-policy
[144193:its-cluster-writer]: [22:05:15][INFO] New state requested. No timeout set, quitting immediately as per --completion-policy
[144194:its-tracker]: [22:05:15][STATE] READY ---> RESETTING TASK
[144194:its-tracker]: [22:05:15][STATE] RESETTING TASK ---> DEVICE READY
[144190:its-digit-reader]: [22:05:15][INFO] New state requested. No timeout set, quitting immediately as per --completion-policy
[144190:its-digit-reader]: [22:05:15][STATE] RUNNING ---> READY
[144190:its-digit-reader]: [22:05:15][STATE] READY ---> RESETTING TASK
[144191:internal-dpl-ccdb-backend]: [22:05:15][INFO] New state requested. No timeout set, quitting immediately as per --completion-policy
[144191:internal-dpl-ccdb-backend]: [22:05:15][INFO] CCDB cache miss/hit ratio:
[144191:internal-dpl-ccdb-backend]: [22:05:15][INFO]   GLO/Config/GRPMagField: 1/0 (1024-1024 bytes)
[144191:internal-dpl-ccdb-backend]: [22:05:15][INFO]   GLO/Config/GeometryAligned: 1/0 (1847296-1847296 bytes)
[144191:internal-dpl-ccdb-backend]: [22:05:15][INFO]   ITS/Config/ClustererParam: 1/0 (2048-2048 bytes)
[144191:internal-dpl-ccdb-backend]: [22:05:15][INFO]   ITS/Config/AlpideParam: 1/0 (2048-2048 bytes)
[144191:internal-dpl-ccdb-backend]: [22:05:15][INFO]   GLO/Config/GRPECS: 1/0 (2048-2048 bytes)
[144191:internal-dpl-ccdb-backend]: [22:05:15][INFO]   GLO/Param/MatLUT: 1/0 (9225216-9225216 bytes)
[144191:internal-dpl-ccdb-backend]: [22:05:15][INFO]   ITS/Calib/ClusterDictionary: 1/0 (27648-27648 bytes)
[144191:internal-dpl-ccdb-backend]: [22:05:15][INFO]   CTP/Calib/OrbitReset: 1/1 (1024-1024 bytes)
[144191:internal-dpl-ccdb-backend]: [22:05:15][STATE] RUNNING ---> READY
[144191:internal-dpl-ccdb-backend]: [22:05:15][STATE] READY ---> RESETTING TASK
[144191:internal-dpl-ccdb-backend]: [22:05:15][STATE] RESETTING TASK ---> DEVICE READY
[144191:internal-dpl-ccdb-backend]: [22:05:15][STATE] DEVICE READY ---> RESETTING DEVICE
[144192:its-clusterer]: [22:05:15][INFO] New state requested. No timeout set, quitting immediately as per --completion-policy
[144192:its-clusterer]: [22:05:15][STATE] RUNNING ---> READY
[144194:its-tracker]: [22:05:15][STATE] DEVICE READY ---> RESETTING DEVICE
[144197:internal-dpl-injected-dummy-sink]: [22:05:15][INFO] New state requested. No timeout set, quitting immediately as per --completion-policy
[144197:internal-dpl-injected-dummy-sink]: [22:05:15][STATE] RUNNING ---> READY
[144190:its-digit-reader]: [22:05:15][STATE] RESETTING TASK ---> DEVICE READY
[144190:its-digit-reader]: [22:05:15][STATE] DEVICE READY ---> RESETTING DEVICE
[144197:internal-dpl-injected-dummy-sink]: [22:05:15][STATE] READY ---> RESETTING TASK
[144197:internal-dpl-injected-dummy-sink]: [22:05:15][STATE] RESETTING TASK ---> DEVICE READY
[144197:internal-dpl-injected-dummy-sink]: [22:05:15][STATE] DEVICE READY ---> RESETTING DEVICE
[144192:its-clusterer]: [22:05:15][STATE] READY ---> RESETTING TASK
[144192:its-clusterer]: [22:05:15][STATE] RESETTING TASK ---> DEVICE READY
[144195:irframe-writer-its]: [22:05:15][INFO] New state requested. No timeout set, quitting immediately as per --completion-policy
[144189:internal-dpl-clock]: [22:05:15][INFO] New state requested. No timeout set, quitting immediately as per --completion-policy
[144189:internal-dpl-clock]: [22:05:15][STATE] RUNNING ---> READY
[144192:its-clusterer]: [22:05:15][STATE] DEVICE READY ---> RESETTING DEVICE
[144189:internal-dpl-clock]: [22:05:15][STATE] READY ---> RESETTING TASK
[144189:internal-dpl-clock]: [22:05:15][STATE] RESETTING TASK ---> DEVICE READY
[144189:internal-dpl-clock]: [22:05:15][STATE] DEVICE READY ---> RESETTING DEVICE
[144192:its-clusterer]: [22:05:15][STATE] RESETTING DEVICE ---> IDLE
[144192:its-clusterer]: [22:05:15][STATE] IDLE ---> EXITING
[144192:its-clusterer]: [22:05:15][STATE] Exiting FairMQ state machine
[144194:its-tracker]: [22:05:15][STATE] RESETTING DEVICE ---> IDLE
[144191:internal-dpl-ccdb-backend]: [22:05:15][STATE] RESETTING DEVICE ---> IDLE
[144191:internal-dpl-ccdb-backend]: [22:05:15][STATE] IDLE ---> EXITING
[144194:its-tracker]: [22:05:15][STATE] IDLE ---> EXITING
[144191:internal-dpl-ccdb-backend]: [22:05:15][STATE] Exiting FairMQ state machine
[144189:internal-dpl-clock]: [22:05:15][STATE] RESETTING DEVICE ---> IDLE
[144190:its-digit-reader]: [22:05:15][STATE] RESETTING DEVICE ---> IDLE
[144190:its-digit-reader]: [22:05:15][STATE] IDLE ---> EXITING
[144194:its-tracker]: [22:05:15][STATE] Exiting FairMQ state machine
[144189:internal-dpl-clock]: [22:05:15][STATE] IDLE ---> EXITING
[144197:internal-dpl-injected-dummy-sink]: [22:05:15][STATE] RESETTING DEVICE ---> IDLE
[144189:internal-dpl-clock]: [22:05:15][STATE] Exiting FairMQ state machine
[144190:its-digit-reader]: [22:05:15][STATE] Exiting FairMQ state machine
[144197:internal-dpl-injected-dummy-sink]: [22:05:15][STATE] IDLE ---> EXITING
[144197:internal-dpl-injected-dummy-sink]: [22:05:15][STATE] Exiting FairMQ state machine
[144196:its-track-writer]: [22:05:15][STATE] RUNNING ---> READY
[144196:its-track-writer]: [22:05:15][STATE] READY ---> RESETTING TASK
[144196:its-track-writer]: [22:05:15][STATE] RESETTING TASK ---> DEVICE READY
[144196:its-track-writer]: [22:05:15][STATE] DEVICE READY ---> RESETTING DEVICE
[144196:its-track-writer]: [22:05:15][STATE] RESETTING DEVICE ---> IDLE
[144196:its-track-writer]: [22:05:15][STATE] IDLE ---> EXITING
[144196:its-track-writer]: [22:05:15][STATE] Exiting FairMQ state machine
[144193:its-cluster-writer]: [22:05:15][STATE] RUNNING ---> READY
[144193:its-cluster-writer]: [22:05:15][STATE] READY ---> RESETTING TASK
[144193:its-cluster-writer]: [22:05:15][STATE] RESETTING TASK ---> DEVICE READY
[144193:its-cluster-writer]: [22:05:15][STATE] DEVICE READY ---> RESETTING DEVICE
[144193:its-cluster-writer]: [22:05:15][STATE] RESETTING DEVICE ---> IDLE
[144193:its-cluster-writer]: [22:05:15][STATE] IDLE ---> EXITING
[144193:its-cluster-writer]: [22:05:15][STATE] Exiting FairMQ state machine
[144195:irframe-writer-its]: [22:05:15][STATE] RUNNING ---> READY
[144195:irframe-writer-its]: [22:05:15][STATE] READY ---> RESETTING TASK
[144195:irframe-writer-its]: [22:05:15][STATE] RESETTING TASK ---> DEVICE READY
[144195:irframe-writer-its]: [22:05:15][STATE] DEVICE READY ---> RESETTING DEVICE
[144195:irframe-writer-its]: [22:05:15][INFO] Cleaning up for shared memory id '54f3812a'...
[144195:irframe-writer-its]: [22:05:15][INFO] Found 0 unmanaged regions...
[144195:irframe-writer-its]: [22:05:15][INFO] Found 1 managed segments...
[144195:irframe-writer-its]: [22:05:15][INFO] Successfully removed 'fmq_54f3812a_m_0'.
[144195:irframe-writer-its]: [22:05:15][INFO] Successfully removed 'fmq_54f3812a_mng'.
[144195:irframe-writer-its]: [22:05:15][STATE] RESETTING DEVICE ---> IDLE
[144195:irframe-writer-its]: [22:05:15][STATE] IDLE ---> EXITING
[144195:irframe-writer-its]: [22:05:15][STATE] Exiting FairMQ state machine
[INFO] ## Processes completed. Run summary:
[INFO] ### Devices started: 9
[INFO]  - Device internal-dpl-clock: pid 144189 (exit 0)
[INFO]  - Device its-digit-reader: pid 144190 (exit 0)
[INFO]  - Device internal-dpl-ccdb-backend: pid 144191 (exit 0)
[INFO]  - Device its-clusterer: pid 144192 (exit 0)
[INFO]  - Device its-cluster-writer: pid 144193 (exit 0)
[INFO]  - Device its-tracker: pid 144194 (exit 0)
[INFO]  - Device irframe-writer-its: pid 144195 (exit 0)
[INFO]  - Device its-track-writer: pid 144196 (exit 0)
[INFO]  - Device internal-dpl-injected-dummy-sink: pid 144197 (exit 0)
[INFO] Dumping used configuration in dpl-config.json
TASK-EXIT-CODE: 0
