Running: TIME="#walltime %e" /usr/bin/time --output=itstpcMatch.log_time ./itstpcMatch.log_tmp.sh
[WARN] MC-truth is not supported for FT0 recpoints currently
[INFO] Initialising O2 Data Processing Layer. Driver PID: 149135.
[INFO] Driver listening on port: 37215
[INFO] Rate limiting set up at 500MB distributed over 1 readers
[INFO] O2 Data Processing Layer initialised. We brake for nobody.
[INFO] Optimised build. O2DEBUG / LOG(debug) / LOGF(debug) / assert statement will not be shown.
[INFO] Redeployment of configuration asked.
[INFO] Starting internal-dpl-clock on pid 149175
[INFO] Starting tpc-native-cluster-reader on pid 149176
[INFO] Starting its-track-reader on pid 149177
[INFO] Starting its-cluster-reader on pid 149178
[INFO] Starting ft0-recpoints-reader on pid 149179
[INFO] Starting tpc-track-reader on pid 149180
[INFO] Starting internal-dpl-ccdb-backend on pid 149181
[INFO] Starting tpc-clusters-sharing-map-producer on pid 149182
[INFO] Starting itstpc-track-matcher on pid 149183
[INFO] Starting itstpc-track-writer on pid 149184
[INFO] Starting internal-dpl-injected-dummy-sink on pid 149185
[INFO] Redeployment of configuration done.
[149182:tpc-clusters-sharing-map-producer]: [WARN] MC-truth is not supported for FT0 recpoints currently
[149178:its-cluster-reader]: [WARN] MC-truth is not supported for FT0 recpoints currently
[149183:itstpc-track-matcher]: [WARN] MC-truth is not supported for FT0 recpoints currently
[149181:internal-dpl-ccdb-backend]: [WARN] MC-truth is not supported for FT0 recpoints currently
[149184:itstpc-track-writer]: [WARN] MC-truth is not supported for FT0 recpoints currently
[149175:internal-dpl-clock]: [WARN] MC-truth is not supported for FT0 recpoints currently
[149176:tpc-native-cluster-reader]: [WARN] MC-truth is not supported for FT0 recpoints currently
[149185:internal-dpl-injected-dummy-sink]: [WARN] MC-truth is not supported for FT0 recpoints currently
[149178:its-cluster-reader]: [INFO] Instrumenting crash signals
[149178:its-cluster-reader]: [INFO] Spawing new device its-cluster-reader in process with pid 149178
[149178:its-cluster-reader]: [22:06:22][INFO] 
[149178:its-cluster-reader]:       ______      _    _______  _________ 
[149178:its-cluster-reader]:      / ____/___ _(_)_______   |/  /_  __ \    version 1.6.0
[149178:its-cluster-reader]:     / /_  / __ `/ / ___/__  /|_/ /_  / / /    build RELWITHDEBINFO
[149178:its-cluster-reader]:    / __/ / /_/ / / /    _  /  / / / /_/ /     https://github.com/FairRootGroup/FairMQ
[149178:its-cluster-reader]:   /_/    \__,_/_/_/     /_/  /_/  \___\_\     LGPL-3.0  © 2012-2023 GSI
[149178:its-cluster-reader]: 
[149178:its-cluster-reader]: [22:06:22][STATE] Starting FairMQ state machine --> IDLE
[149176:tpc-native-cluster-reader]: [INFO] Instrumenting crash signals
[149176:tpc-native-cluster-reader]: [INFO] Spawing new device tpc-native-cluster-reader in process with pid 149176
[149176:tpc-native-cluster-reader]: [22:06:22][INFO] 
[149176:tpc-native-cluster-reader]:       ______      _    _______  _________ 
[149176:tpc-native-cluster-reader]:      / ____/___ _(_)_______   |/  /_  __ \    version 1.6.0
[149176:tpc-native-cluster-reader]:     / /_  / __ `/ / ___/__  /|_/ /_  / / /    build RELWITHDEBINFO
[149176:tpc-native-cluster-reader]:    / __/ / /_/ / / /    _  /  / / / /_/ /     https://github.com/FairRootGroup/FairMQ
[149176:tpc-native-cluster-reader]:   /_/    \__,_/_/_/     /_/  /_/  \___\_\     LGPL-3.0  © 2012-2023 GSI
[149176:tpc-native-cluster-reader]: 
[149176:tpc-native-cluster-reader]: [22:06:22][STATE] Starting FairMQ state machine --> IDLE
[149175:internal-dpl-clock]: [INFO] Instrumenting crash signals
[149175:internal-dpl-clock]: [INFO] Spawing new device internal-dpl-clock in process with pid 149175
[149175:internal-dpl-clock]: [22:06:22][INFO] 
[149175:internal-dpl-clock]:       ______      _    _______  _________ 
[149175:internal-dpl-clock]:      / ____/___ _(_)_______   |/  /_  __ \    version 1.6.0
[149175:internal-dpl-clock]:     / /_  / __ `/ / ___/__  /|_/ /_  / / /    build RELWITHDEBINFO
[149175:internal-dpl-clock]:    / __/ / /_/ / / /    _  /  / / / /_/ /     https://github.com/FairRootGroup/FairMQ
[149175:internal-dpl-clock]:   /_/    \__,_/_/_/     /_/  /_/  \___\_\     LGPL-3.0  © 2012-2023 GSI
[149175:internal-dpl-clock]: 
[149175:internal-dpl-clock]: [22:06:22][STATE] Starting FairMQ state machine --> IDLE
[149178:its-cluster-reader]: [22:06:22][STATE] IDLE ---> INITIALIZING DEVICE
[149182:tpc-clusters-sharing-map-producer]: [INFO] Instrumenting crash signals
[149182:tpc-clusters-sharing-map-producer]: [INFO] Spawing new device tpc-clusters-sharing-map-producer in process with pid 149182
[149182:tpc-clusters-sharing-map-producer]: [22:06:22][INFO] 
[149182:tpc-clusters-sharing-map-producer]:       ______      _    _______  _________ 
[149182:tpc-clusters-sharing-map-producer]:      / ____/___ _(_)_______   |/  /_  __ \    version 1.6.0
[149182:tpc-clusters-sharing-map-producer]:     / /_  / __ `/ / ___/__  /|_/ /_  / / /    build RELWITHDEBINFO
[149182:tpc-clusters-sharing-map-producer]:    / __/ / /_/ / / /    _  /  / / / /_/ /     https://github.com/FairRootGroup/FairMQ
[149182:tpc-clusters-sharing-map-producer]:   /_/    \__,_/_/_/     /_/  /_/  \___\_\     LGPL-3.0  © 2012-2023 GSI
[149182:tpc-clusters-sharing-map-producer]: 
[149182:tpc-clusters-sharing-map-producer]: [22:06:22][STATE] Starting FairMQ state machine --> IDLE
[149184:itstpc-track-writer]: [INFO] Instrumenting crash signals
[149175:internal-dpl-clock]: [22:06:22][STATE] IDLE ---> INITIALIZING DEVICE
[149181:internal-dpl-ccdb-backend]: [INFO] Instrumenting crash signals
[149181:internal-dpl-ccdb-backend]: [INFO] Spawing new device internal-dpl-ccdb-backend in process with pid 149181
[149175:internal-dpl-clock]: [22:06:22][STATE] INITIALIZING DEVICE ---> INITIALIZED
[149175:internal-dpl-clock]: [22:06:22][STATE] INITIALIZED ---> BINDING
[149175:internal-dpl-clock]: [22:06:22][STATE] BINDING ---> BOUND
[149175:internal-dpl-clock]: [22:06:22][STATE] BOUND ---> CONNECTING
[149175:internal-dpl-clock]: [22:06:22][STATE] CONNECTING ---> DEVICE READY
[149175:internal-dpl-clock]: [22:06:22][STATE] DEVICE READY ---> INITIALIZING TASK
[149185:internal-dpl-injected-dummy-sink]: [INFO] Instrumenting crash signals
[149185:internal-dpl-injected-dummy-sink]: [INFO] Spawing new device internal-dpl-injected-dummy-sink in process with pid 149185
[149185:internal-dpl-injected-dummy-sink]: [22:06:22][INFO] 
[149185:internal-dpl-injected-dummy-sink]:       ______      _    _______  _________ 
[149185:internal-dpl-injected-dummy-sink]:      / ____/___ _(_)_______   |/  /_  __ \    version 1.6.0
[149185:internal-dpl-injected-dummy-sink]:     / /_  / __ `/ / ___/__  /|_/ /_  / / /    build RELWITHDEBINFO
[149185:internal-dpl-injected-dummy-sink]:    / __/ / /_/ / / /    _  /  / / / /_/ /     https://github.com/FairRootGroup/FairMQ
[149185:internal-dpl-injected-dummy-sink]:   /_/    \__,_/_/_/     /_/  /_/  \___\_\     LGPL-3.0  © 2012-2023 GSI
[149185:internal-dpl-injected-dummy-sink]: 
[149175:internal-dpl-clock]: [22:06:22][STATE] INITIALIZING TASK ---> READY
[149175:internal-dpl-clock]: [22:06:22][STATE] READY ---> RUNNING
[149175:internal-dpl-clock]: [22:06:22][INFO] fair::mq::Device running...
[149175:internal-dpl-clock]: [22:06:22][INFO] LHCPeriod is not available, using current month AUG
[149175:internal-dpl-clock]: [22:06:22][INFO] Correctly handshaken websocket connection.
[149185:internal-dpl-injected-dummy-sink]: [22:06:22][STATE] Starting FairMQ state machine --> IDLE
[149176:tpc-native-cluster-reader]: [22:06:22][STATE] IDLE ---> INITIALIZING DEVICE
[149182:tpc-clusters-sharing-map-producer]: [22:06:22][STATE] IDLE ---> INITIALIZING DEVICE
[149183:itstpc-track-matcher]: [INFO] Instrumenting crash signals
[149184:itstpc-track-writer]: [INFO] Spawing new device itstpc-track-writer in process with pid 149184
[149184:itstpc-track-writer]: [22:06:22][INFO] 
[149184:itstpc-track-writer]:       ______      _    _______  _________ 
[149184:itstpc-track-writer]:      / ____/___ _(_)_______   |/  /_  __ \    version 1.6.0
[149184:itstpc-track-writer]:     / /_  / __ `/ / ___/__  /|_/ /_  / / /    build RELWITHDEBINFO
[149184:itstpc-track-writer]:    / __/ / /_/ / / /    _  /  / / / /_/ /     https://github.com/FairRootGroup/FairMQ
[149184:itstpc-track-writer]:   /_/    \__,_/_/_/     /_/  /_/  \___\_\     LGPL-3.0  © 2012-2023 GSI
[149184:itstpc-track-writer]: 
[149184:itstpc-track-writer]: [22:06:22][STATE] Starting FairMQ state machine --> IDLE
[149185:internal-dpl-injected-dummy-sink]: [22:06:22][STATE] IDLE ---> INITIALIZING DEVICE
[149183:itstpc-track-matcher]: [INFO] Spawing new device itstpc-track-matcher in process with pid 149183
[149183:itstpc-track-matcher]: [22:06:22][INFO] 
[149183:itstpc-track-matcher]:       ______      _    _______  _________ 
[149183:itstpc-track-matcher]:      / ____/___ _(_)_______   |/  /_  __ \    version 1.6.0
[149183:itstpc-track-matcher]:     / /_  / __ `/ / ___/__  /|_/ /_  / / /    build RELWITHDEBINFO
[149183:itstpc-track-matcher]:    / __/ / /_/ / / /    _  /  / / / /_/ /     https://github.com/FairRootGroup/FairMQ
[149183:itstpc-track-matcher]:   /_/    \__,_/_/_/     /_/  /_/  \___\_\     LGPL-3.0  © 2012-2023 GSI
[149183:itstpc-track-matcher]: 
[149183:itstpc-track-matcher]: [22:06:22][STATE] Starting FairMQ state machine --> IDLE
[149182:tpc-clusters-sharing-map-producer]: [22:06:22][STATE] INITIALIZING DEVICE ---> INITIALIZED
[149184:itstpc-track-writer]: [22:06:22][STATE] IDLE ---> INITIALIZING DEVICE
[149185:internal-dpl-injected-dummy-sink]: [22:06:22][STATE] INITIALIZING DEVICE ---> INITIALIZED
[149180:tpc-track-reader]: [WARN] MC-truth is not supported for FT0 recpoints currently
[149185:internal-dpl-injected-dummy-sink]: [22:06:22][STATE] INITIALIZED ---> BINDING
[149185:internal-dpl-injected-dummy-sink]: [22:06:22][STATE] BINDING ---> BOUND
[149182:tpc-clusters-sharing-map-producer]: [22:06:22][STATE] INITIALIZED ---> BINDING
[149185:internal-dpl-injected-dummy-sink]: [22:06:22][STATE] BOUND ---> CONNECTING
[149185:internal-dpl-injected-dummy-sink]: [22:06:22][STATE] CONNECTING ---> DEVICE READY
[149182:tpc-clusters-sharing-map-producer]: [22:06:22][STATE] BINDING ---> BOUND
[149181:internal-dpl-ccdb-backend]: [22:06:22][INFO] 
[149181:internal-dpl-ccdb-backend]:       ______      _    _______  _________ 
[149181:internal-dpl-ccdb-backend]:      / ____/___ _(_)_______   |/  /_  __ \    version 1.6.0
[149181:internal-dpl-ccdb-backend]:     / /_  / __ `/ / ___/__  /|_/ /_  / / /    build RELWITHDEBINFO
[149181:internal-dpl-ccdb-backend]:    / __/ / /_/ / / /    _  /  / / / /_/ /     https://github.com/FairRootGroup/FairMQ
[149181:internal-dpl-ccdb-backend]:   /_/    \__,_/_/_/     /_/  /_/  \___\_\     LGPL-3.0  © 2012-2023 GSI
[149181:internal-dpl-ccdb-backend]: 
[149181:internal-dpl-ccdb-backend]: [22:06:22][STATE] Starting FairMQ state machine --> IDLE
[149185:internal-dpl-injected-dummy-sink]: [22:06:22][STATE] DEVICE READY ---> INITIALIZING TASK
[149182:tpc-clusters-sharing-map-producer]: [22:06:22][STATE] BOUND ---> CONNECTING
[149182:tpc-clusters-sharing-map-producer]: [22:06:22][STATE] CONNECTING ---> DEVICE READY
[149182:tpc-clusters-sharing-map-producer]: [22:06:22][STATE] DEVICE READY ---> INITIALIZING TASK
[149184:itstpc-track-writer]: [22:06:22][INFO] 0: branch  TPCITS set up
[149184:itstpc-track-writer]: [22:06:22][INFO] 1: branch  TPCITSABRefs set up
[149182:tpc-clusters-sharing-map-producer]: [22:06:22][STATE] INITIALIZING TASK ---> READY
[149184:itstpc-track-writer]: [22:06:22][INFO] 2: branch  TPCITSABCLID set up
[149184:itstpc-track-writer]: [22:06:22][INFO] 3: branch  MatchMCTruth set up
[149184:itstpc-track-writer]: [22:06:22][INFO] 4: branch  MatchABMCTruth set up
[149184:itstpc-track-writer]: [22:06:22][STATE] INITIALIZING DEVICE ---> INITIALIZED
[149185:internal-dpl-injected-dummy-sink]: [22:06:22][STATE] INITIALIZING TASK ---> READY
[149182:tpc-clusters-sharing-map-producer]: [22:06:22][STATE] READY ---> RUNNING
[149182:tpc-clusters-sharing-map-producer]: [22:06:22][INFO] fair::mq::Device running...
[149182:tpc-clusters-sharing-map-producer]: [22:06:22][INFO] LHCPeriod is not available, using current month AUG
[149182:tpc-clusters-sharing-map-producer]: [22:06:22][INFO] Correctly handshaken websocket connection.
[149183:itstpc-track-matcher]: [22:06:22][STATE] IDLE ---> INITIALIZING DEVICE
[149185:internal-dpl-injected-dummy-sink]: [22:06:22][STATE] READY ---> RUNNING
[149185:internal-dpl-injected-dummy-sink]: [22:06:22][INFO] fair::mq::Device running...
[149185:internal-dpl-injected-dummy-sink]: [22:06:22][INFO] LHCPeriod is not available, using current month AUG
[149184:itstpc-track-writer]: [22:06:22][STATE] INITIALIZED ---> BINDING
[149184:itstpc-track-writer]: [22:06:22][STATE] BINDING ---> BOUND
[149185:internal-dpl-injected-dummy-sink]: [22:06:22][INFO] Correctly handshaken websocket connection.
[149184:itstpc-track-writer]: [22:06:22][STATE] BOUND ---> CONNECTING
[149184:itstpc-track-writer]: [22:06:22][STATE] CONNECTING ---> DEVICE READY
[149180:tpc-track-reader]: [INFO] Instrumenting crash signals
[149184:itstpc-track-writer]: [22:06:22][STATE] DEVICE READY ---> INITIALIZING TASK
[149184:itstpc-track-writer]: [22:06:22][STATE] INITIALIZING TASK ---> READY
[149184:itstpc-track-writer]: [22:06:22][STATE] READY ---> RUNNING
[149184:itstpc-track-writer]: [22:06:22][INFO] fair::mq::Device running...
[149184:itstpc-track-writer]: [22:06:22][INFO] LHCPeriod is not available, using current month AUG
[149184:itstpc-track-writer]: [22:06:22][INFO] Correctly handshaken websocket connection.
[149180:tpc-track-reader]: [INFO] Spawing new device tpc-track-reader in process with pid 149180
[149180:tpc-track-reader]: [22:06:22][INFO] 
[149180:tpc-track-reader]:       ______      _    _______  _________ 
[149180:tpc-track-reader]:      / ____/___ _(_)_______   |/  /_  __ \    version 1.6.0
[149180:tpc-track-reader]:     / /_  / __ `/ / ___/__  /|_/ /_  / / /    build RELWITHDEBINFO
[149180:tpc-track-reader]:    / __/ / /_/ / / /    _  /  / / / /_/ /     https://github.com/FairRootGroup/FairMQ
[149180:tpc-track-reader]:   /_/    \__,_/_/_/     /_/  /_/  \___\_\     LGPL-3.0  © 2012-2023 GSI
[149180:tpc-track-reader]: 
[149180:tpc-track-reader]: [22:06:22][STATE] Starting FairMQ state machine --> IDLE
[149181:internal-dpl-ccdb-backend]: [22:06:22][STATE] IDLE ---> INITIALIZING DEVICE
[149183:itstpc-track-matcher]: [22:06:22][INFO] CTP Lumi request for TPC corr.map scaling=OFF, override values: lumiMean=0 lumiInst=0 lumiScaleMode=0
[149183:itstpc-track-matcher]: [22:06:22][STATE] INITIALIZING DEVICE ---> INITIALIZED
[149183:itstpc-track-matcher]: [22:06:22][STATE] INITIALIZED ---> BINDING
[149183:itstpc-track-matcher]: [22:06:22][STATE] BINDING ---> BOUND
[149180:tpc-track-reader]: [22:06:22][STATE] IDLE ---> INITIALIZING DEVICE
[149181:internal-dpl-ccdb-backend]: [22:06:22][INFO] CCDB Backend at: http://alice-ccdb.cern.ch, validity check for every 2147483647 TF
[149181:internal-dpl-ccdb-backend]: [22:06:22][INFO] Init CcdApi with UserAgentID: localhost.localdomain-1692907582-dFPjxb, Host: http://alice-ccdb.cern.ch
[149181:internal-dpl-ccdb-backend]: [22:06:22][INFO] Initialised default CCDB host http://alice-ccdb.cern.ch
[149181:internal-dpl-ccdb-backend]: [22:06:22][INFO] The following route is a condition GLO/MATLUT/0
[149181:internal-dpl-ccdb-backend]: [22:06:22][INFO] - ccdb-path: GLO/Param/MatLUT
[149181:internal-dpl-ccdb-backend]: [22:06:22][INFO] The following route is a condition CTP/ORBITRESET/0
[149181:internal-dpl-ccdb-backend]: [22:06:22][INFO] - ccdb-path: CTP/Calib/OrbitReset
[149181:internal-dpl-ccdb-backend]: [22:06:22][INFO] The following route is a condition ITS/CLUSDICT/0
[149181:internal-dpl-ccdb-backend]: [22:06:22][INFO] - ccdb-path: ITS/Calib/ClusterDictionary
[149181:internal-dpl-ccdb-backend]: [22:06:22][INFO] The following route is a condition ITS/ALPIDEPARAM/0
[149181:internal-dpl-ccdb-backend]: [22:06:22][INFO] - ccdb-path: ITS/Config/AlpideParam
[149181:internal-dpl-ccdb-backend]: [22:06:22][INFO] The following route is a condition GLO/GEOMALIGN/0
[149181:internal-dpl-ccdb-backend]: [22:06:22][INFO] - ccdb-path: GLO/Config/GeometryAligned
[149181:internal-dpl-ccdb-backend]: [22:06:22][INFO] The following route is a condition TPC/CalibLaserTracks/0
[149181:internal-dpl-ccdb-backend]: [22:06:22][INFO] - ccdb-path: TPC/Calib/LaserTracks
[149181:internal-dpl-ccdb-backend]: [22:06:22][INFO] The following route is a condition TPC/CorrMap/0
[149181:internal-dpl-ccdb-backend]: [22:06:22][INFO] - ccdb-path: TPC/Calib/CorrectionMapV2
[149181:internal-dpl-ccdb-backend]: [22:06:22][INFO] The following route is a condition TPC/CorrMapRef/0
[149181:internal-dpl-ccdb-backend]: [22:06:22][INFO] - ccdb-path: TPC/Calib/CorrectionMapRefV2
[149181:internal-dpl-ccdb-backend]: [22:06:22][INFO] The following route is a condition GLO/GRPECS/0
[149181:internal-dpl-ccdb-backend]: [22:06:22][INFO] - ccdb-path: GLO/Config/GRPECS
[149181:internal-dpl-ccdb-backend]: [22:06:22][INFO] The following route is a condition TPC/VDriftTgl/0
[149181:internal-dpl-ccdb-backend]: [22:06:22][INFO] - ccdb-path: TPC/Calib/VDriftTgl
[149181:internal-dpl-ccdb-backend]: [22:06:22][INFO] The following route is a condition GLO/GRPLHCIF/0
[149181:internal-dpl-ccdb-backend]: [22:06:22][INFO] - ccdb-path: GLO/Config/GRPLHCIF
[149181:internal-dpl-ccdb-backend]: [22:06:22][INFO] The following route is a condition GLO/GRPMAGFIELD/0
[149181:internal-dpl-ccdb-backend]: [22:06:22][INFO] - ccdb-path: GLO/Config/GRPMagField
[149181:internal-dpl-ccdb-backend]: [22:06:22][STATE] INITIALIZING DEVICE ---> INITIALIZED
[149183:itstpc-track-matcher]: [22:06:22][STATE] BOUND ---> CONNECTING
[149181:internal-dpl-ccdb-backend]: [22:06:22][STATE] INITIALIZED ---> BINDING
[149181:internal-dpl-ccdb-backend]: [22:06:22][STATE] BINDING ---> BOUND
[149183:itstpc-track-matcher]: [22:06:22][STATE] CONNECTING ---> DEVICE READY
[149181:internal-dpl-ccdb-backend]: [22:06:22][STATE] BOUND ---> CONNECTING
[149183:itstpc-track-matcher]: [22:06:22][STATE] DEVICE READY ---> INITIALIZING TASK
[149181:internal-dpl-ccdb-backend]: [22:06:22][STATE] CONNECTING ---> DEVICE READY
[149181:internal-dpl-ccdb-backend]: [22:06:22][STATE] DEVICE READY ---> INITIALIZING TASK
[149181:internal-dpl-ccdb-backend]: [22:06:22][STATE] INITIALIZING TASK ---> READY
[149181:internal-dpl-ccdb-backend]: [22:06:22][STATE] READY ---> RUNNING
[149181:internal-dpl-ccdb-backend]: [22:06:22][INFO] fair::mq::Device running...
[149181:internal-dpl-ccdb-backend]: [22:06:22][INFO] LHCPeriod is not available, using current month AUG
[149181:internal-dpl-ccdb-backend]: [22:06:22][INFO] Correctly handshaken websocket connection.
[149183:itstpc-track-matcher]: [22:06:22][STATE] INITIALIZING TASK ---> READY
[149183:itstpc-track-matcher]: [22:06:22][STATE] READY ---> RUNNING
[149183:itstpc-track-matcher]: [22:06:22][INFO] fair::mq::Device running...
[149183:itstpc-track-matcher]: [22:06:22][INFO] LHCPeriod is not available, using current month AUG
[149183:itstpc-track-matcher]: [22:06:23][INFO] Correctly handshaken websocket connection.
[149179:ft0-recpoints-reader]: [WARN] MC-truth is not supported for FT0 recpoints currently
[149179:ft0-recpoints-reader]: [INFO] Instrumenting crash signals
[149179:ft0-recpoints-reader]: [INFO] Spawing new device ft0-recpoints-reader in process with pid 149179
[149179:ft0-recpoints-reader]: [22:06:23][INFO] 
[149179:ft0-recpoints-reader]:       ______      _    _______  _________ 
[149179:ft0-recpoints-reader]:      / ____/___ _(_)_______   |/  /_  __ \    version 1.6.0
[149179:ft0-recpoints-reader]:     / /_  / __ `/ / ___/__  /|_/ /_  / / /    build RELWITHDEBINFO
[149179:ft0-recpoints-reader]:    / __/ / /_/ / / /    _  /  / / / /_/ /     https://github.com/FairRootGroup/FairMQ
[149179:ft0-recpoints-reader]:   /_/    \__,_/_/_/     /_/  /_/  \___\_\     LGPL-3.0  © 2012-2023 GSI
[149179:ft0-recpoints-reader]: 
[149179:ft0-recpoints-reader]: [22:06:23][STATE] Starting FairMQ state machine --> IDLE
[149179:ft0-recpoints-reader]: [22:06:23][STATE] IDLE ---> INITIALIZING DEVICE
[149177:its-track-reader]: [WARN] MC-truth is not supported for FT0 recpoints currently
[149177:its-track-reader]: [INFO] Instrumenting crash signals
[149177:its-track-reader]: [INFO] Spawing new device its-track-reader in process with pid 149177
[149177:its-track-reader]: [22:06:24][INFO] 
[149177:its-track-reader]:       ______      _    _______  _________ 
[149177:its-track-reader]:      / ____/___ _(_)_______   |/  /_  __ \    version 1.6.0
[149177:its-track-reader]:     / /_  / __ `/ / ___/__  /|_/ /_  / / /    build RELWITHDEBINFO
[149177:its-track-reader]:    / __/ / /_/ / / /    _  /  / / / /_/ /     https://github.com/FairRootGroup/FairMQ
[149177:its-track-reader]:   /_/    \__,_/_/_/     /_/  /_/  \___\_\     LGPL-3.0  © 2012-2023 GSI
[149177:its-track-reader]: 
[149177:its-track-reader]: [22:06:24][STATE] Starting FairMQ state machine --> IDLE
[149177:its-track-reader]: [22:06:24][STATE] IDLE ---> INITIALIZING DEVICE
[149180:tpc-track-reader]: [22:06:24][INFO] Will use MC-truth from TPCTracksMCTruth
[149180:tpc-track-reader]: [22:06:24][INFO] Loaded tree from tpctracks.root with 1 entries
[149178:its-cluster-reader]: [22:06:24][INFO] Loaded tree from o2clus_its.root with 1 entries
[149178:its-cluster-reader]: [22:06:24][STATE] INITIALIZING DEVICE ---> INITIALIZED
[149180:tpc-track-reader]: [22:06:24][STATE] INITIALIZING DEVICE ---> INITIALIZED
[149178:its-cluster-reader]: [22:06:24][STATE] INITIALIZED ---> BINDING
[149178:its-cluster-reader]: [22:06:24][STATE] BINDING ---> BOUND
[149178:its-cluster-reader]: [22:06:24][STATE] BOUND ---> CONNECTING
[149178:its-cluster-reader]: [22:06:24][STATE] CONNECTING ---> DEVICE READY
[149178:its-cluster-reader]: [22:06:24][STATE] DEVICE READY ---> INITIALIZING TASK
[149180:tpc-track-reader]: [22:06:24][STATE] INITIALIZED ---> BINDING
[149180:tpc-track-reader]: [22:06:24][STATE] BINDING ---> BOUND
[149180:tpc-track-reader]: [22:06:24][STATE] BOUND ---> CONNECTING
[149180:tpc-track-reader]: [22:06:24][STATE] CONNECTING ---> DEVICE READY
[149180:tpc-track-reader]: [22:06:24][STATE] DEVICE READY ---> INITIALIZING TASK
[149178:its-cluster-reader]: [22:06:24][STATE] INITIALIZING TASK ---> READY
[149180:tpc-track-reader]: [22:06:24][STATE] INITIALIZING TASK ---> READY
[149178:its-cluster-reader]: [22:06:24][STATE] READY ---> RUNNING
[149178:its-cluster-reader]: [22:06:24][INFO] fair::mq::Device running...
[149178:its-cluster-reader]: [22:06:24][INFO] LHCPeriod is not available, using current month AUG
[149178:its-cluster-reader]: [22:06:24][INFO] ITSClusterReader pushes 42 ROFRecords,30737 compact clusters at entry 0
[149178:its-cluster-reader]: [22:06:24][INFO] Sending end-of-stream message to channel from_its-cluster-reader_to_itstpc-track-matcher
[149178:its-cluster-reader]: [22:06:24][INFO] Sending end-of-stream message to channel from_its-cluster-reader_to_internal-dpl-injected-dummy-sink
[149180:tpc-track-reader]: [22:06:24][STATE] READY ---> RUNNING
[149180:tpc-track-reader]: [22:06:24][INFO] fair::mq::Device running...
[149180:tpc-track-reader]: [22:06:24][INFO] LHCPeriod is not available, using current month AUG
[149178:its-cluster-reader]: [22:06:24][INFO] Correctly handshaken websocket connection.
[149180:tpc-track-reader]: [22:06:24][INFO] TPCTrackReader pushes 5181 tracks from entries 0 : 0
[149180:tpc-track-reader]: [22:06:24][INFO] Sending end-of-stream message to channel from_tpc-track-reader_to_tpc-clusters-sharing-map-producer
[149180:tpc-track-reader]: [22:06:24][INFO] Sending end-of-stream message to channel from_tpc-track-reader_to_itstpc-track-matcher
[149180:tpc-track-reader]: [22:06:24][INFO] Correctly handshaken websocket connection.
[149179:ft0-recpoints-reader]: [22:06:24][INFO] Loaded FT0 RecPoints tree from o2reco_ft0.root with 1 entries
[149179:ft0-recpoints-reader]: [22:06:24][STATE] INITIALIZING DEVICE ---> INITIALIZED
[149179:ft0-recpoints-reader]: [22:06:24][STATE] INITIALIZED ---> BINDING
[149179:ft0-recpoints-reader]: [22:06:24][STATE] BINDING ---> BOUND
[149179:ft0-recpoints-reader]: [22:06:24][STATE] BOUND ---> CONNECTING
[149179:ft0-recpoints-reader]: [22:06:24][STATE] CONNECTING ---> DEVICE READY
[149179:ft0-recpoints-reader]: [22:06:24][STATE] DEVICE READY ---> INITIALIZING TASK
[149179:ft0-recpoints-reader]: [22:06:24][STATE] INITIALIZING TASK ---> READY
[149179:ft0-recpoints-reader]: [22:06:24][STATE] READY ---> RUNNING
[149179:ft0-recpoints-reader]: [22:06:24][INFO] fair::mq::Device running...
[149179:ft0-recpoints-reader]: [22:06:24][INFO] LHCPeriod is not available, using current month AUG
[149176:tpc-native-cluster-reader]: [22:06:24][INFO] binary branch set up: TPCClusterNative_0
[149176:tpc-native-cluster-reader]: [22:06:25][INFO] binary branch set up: TPCClusterNative_1
[149176:tpc-native-cluster-reader]: [22:06:25][INFO] binary branch set up: TPCClusterNative_2
[149176:tpc-native-cluster-reader]: [22:06:25][INFO] binary branch set up: TPCClusterNative_3
[149176:tpc-native-cluster-reader]: [22:06:25][INFO] binary branch set up: TPCClusterNative_4
[149176:tpc-native-cluster-reader]: [22:06:25][INFO] binary branch set up: TPCClusterNative_5
[149176:tpc-native-cluster-reader]: [22:06:25][INFO] binary branch set up: TPCClusterNative_6
[149176:tpc-native-cluster-reader]: [22:06:25][INFO] binary branch set up: TPCClusterNative_7
[149176:tpc-native-cluster-reader]: [22:06:25][INFO] binary branch set up: TPCClusterNative_8
[149176:tpc-native-cluster-reader]: [22:06:25][INFO] binary branch set up: TPCClusterNative_9
[149176:tpc-native-cluster-reader]: [22:06:25][INFO] binary branch set up: TPCClusterNative_10
[149179:ft0-recpoints-reader]: [22:06:25][INFO] Sending end-of-stream message to channel from_ft0-recpoints-reader_to_internal-dpl-ccdb-backend
[149179:ft0-recpoints-reader]: [22:06:25][INFO] Sending end-of-stream message to channel from_ft0-recpoints-reader_to_itstpc-track-matcher
[149179:ft0-recpoints-reader]: [22:06:25][INFO] Correctly handshaken websocket connection.
[149176:tpc-native-cluster-reader]: [22:06:25][INFO] binary branch set up: TPCClusterNative_11
[149176:tpc-native-cluster-reader]: [22:06:25][INFO] binary branch set up: TPCClusterNative_12
[149176:tpc-native-cluster-reader]: [22:06:25][INFO] binary branch set up: TPCClusterNative_13
[149176:tpc-native-cluster-reader]: [22:06:25][INFO] binary branch set up: TPCClusterNative_14
[149176:tpc-native-cluster-reader]: [22:06:25][INFO] binary branch set up: TPCClusterNative_15
[149176:tpc-native-cluster-reader]: [22:06:25][INFO] binary branch set up: TPCClusterNative_16
[149176:tpc-native-cluster-reader]: [22:06:25][INFO] binary branch set up: TPCClusterNative_17
[149176:tpc-native-cluster-reader]: [22:06:25][INFO] binary branch set up: TPCClusterNative_18
[149176:tpc-native-cluster-reader]: [22:06:25][INFO] binary branch set up: TPCClusterNative_19
[149176:tpc-native-cluster-reader]: [22:06:25][INFO] binary branch set up: TPCClusterNative_20
[149176:tpc-native-cluster-reader]: [22:06:25][INFO] binary branch set up: TPCClusterNative_21
[149176:tpc-native-cluster-reader]: [22:06:25][INFO] binary branch set up: TPCClusterNative_22
[149176:tpc-native-cluster-reader]: [22:06:25][INFO] binary branch set up: TPCClusterNative_23
[149176:tpc-native-cluster-reader]: [22:06:25][INFO] binary branch set up: TPCClusterNative_24
[149176:tpc-native-cluster-reader]: [22:06:25][INFO] binary branch set up: TPCClusterNative_25
[149176:tpc-native-cluster-reader]: [22:06:25][INFO] binary branch set up: TPCClusterNative_26
[149176:tpc-native-cluster-reader]: [22:06:25][INFO] binary branch set up: TPCClusterNative_27
[149176:tpc-native-cluster-reader]: [22:06:25][INFO] binary branch set up: TPCClusterNative_28
[149176:tpc-native-cluster-reader]: [22:06:25][INFO] binary branch set up: TPCClusterNative_29
[149176:tpc-native-cluster-reader]: [22:06:25][INFO] binary branch set up: TPCClusterNative_30
[149176:tpc-native-cluster-reader]: [22:06:25][INFO] binary branch set up: TPCClusterNative_31
[149176:tpc-native-cluster-reader]: [22:06:25][INFO] binary branch set up: TPCClusterNative_32
[149176:tpc-native-cluster-reader]: [22:06:25][INFO] binary branch set up: TPCClusterNative_33
[149176:tpc-native-cluster-reader]: [22:06:25][INFO] binary branch set up: TPCClusterNative_34
[149176:tpc-native-cluster-reader]: [22:06:25][INFO] binary branch set up: TPCClusterNative_35
[149176:tpc-native-cluster-reader]: [22:06:25][STATE] INITIALIZING DEVICE ---> INITIALIZED
[149176:tpc-native-cluster-reader]: [22:06:25][STATE] INITIALIZED ---> BINDING
[149176:tpc-native-cluster-reader]: [22:06:25][STATE] BINDING ---> BOUND
[149176:tpc-native-cluster-reader]: [22:06:25][STATE] BOUND ---> CONNECTING
[149176:tpc-native-cluster-reader]: [22:06:25][STATE] CONNECTING ---> DEVICE READY
[149176:tpc-native-cluster-reader]: [22:06:25][STATE] DEVICE READY ---> INITIALIZING TASK
[149176:tpc-native-cluster-reader]: [22:06:25][STATE] INITIALIZING TASK ---> READY
[149176:tpc-native-cluster-reader]: [22:06:25][STATE] READY ---> RUNNING
[149176:tpc-native-cluster-reader]: [22:06:25][INFO] fair::mq::Device running...
[149176:tpc-native-cluster-reader]: [22:06:25][INFO] LHCPeriod is not available, using current month AUG
[149176:tpc-native-cluster-reader]: [22:06:25][INFO] branch TPCClusterNative_0: publishing binary chunk of 308712 bytes(s)
[149176:tpc-native-cluster-reader]: [22:06:25][INFO] branch TPCClusterNative_1: publishing binary chunk of 312372 bytes(s)
[149176:tpc-native-cluster-reader]: [22:06:25][INFO] branch TPCClusterNative_2: publishing binary chunk of 311760 bytes(s)
[149176:tpc-native-cluster-reader]: [22:06:25][INFO] branch TPCClusterNative_3: publishing binary chunk of 409980 bytes(s)
[149176:tpc-native-cluster-reader]: [22:06:25][INFO] branch TPCClusterNative_4: publishing binary chunk of 370812 bytes(s)
[149176:tpc-native-cluster-reader]: [22:06:25][INFO] branch TPCClusterNative_5: publishing binary chunk of 370512 bytes(s)
[149176:tpc-native-cluster-reader]: [22:06:25][INFO] branch TPCClusterNative_6: publishing binary chunk of 352020 bytes(s)
[149176:tpc-native-cluster-reader]: [22:06:25][INFO] branch TPCClusterNative_7: publishing binary chunk of 342156 bytes(s)
[149176:tpc-native-cluster-reader]: [22:06:25][INFO] branch TPCClusterNative_8: publishing binary chunk of 331044 bytes(s)
[149176:tpc-native-cluster-reader]: [22:06:25][INFO] branch TPCClusterNative_9: publishing binary chunk of 353880 bytes(s)
[149176:tpc-native-cluster-reader]: [22:06:25][INFO] branch TPCClusterNative_10: publishing binary chunk of 345324 bytes(s)
[149176:tpc-native-cluster-reader]: [22:06:25][INFO] branch TPCClusterNative_11: publishing binary chunk of 300108 bytes(s)
[149176:tpc-native-cluster-reader]: [22:06:25][INFO] branch TPCClusterNative_12: publishing binary chunk of 381144 bytes(s)
[149176:tpc-native-cluster-reader]: [22:06:25][INFO] branch TPCClusterNative_13: publishing binary chunk of 328008 bytes(s)
[149176:tpc-native-cluster-reader]: [22:06:25][INFO] branch TPCClusterNative_14: publishing binary chunk of 350208 bytes(s)
[149176:tpc-native-cluster-reader]: [22:06:25][INFO] branch TPCClusterNative_15: publishing binary chunk of 352056 bytes(s)
[149176:tpc-native-cluster-reader]: [22:06:25][INFO] branch TPCClusterNative_16: publishing binary chunk of 371928 bytes(s)
[149176:tpc-native-cluster-reader]: [22:06:25][INFO] branch TPCClusterNative_17: publishing binary chunk of 340428 bytes(s)
[149176:tpc-native-cluster-reader]: [22:06:25][INFO] branch TPCClusterNative_18: publishing binary chunk of 260688 bytes(s)
[149176:tpc-native-cluster-reader]: [22:06:25][INFO] branch TPCClusterNative_19: publishing binary chunk of 281136 bytes(s)
[149176:tpc-native-cluster-reader]: [22:06:25][INFO] branch TPCClusterNative_20: publishing binary chunk of 255480 bytes(s)
[149176:tpc-native-cluster-reader]: [22:06:25][INFO] branch TPCClusterNative_21: publishing binary chunk of 341112 bytes(s)
[149176:tpc-native-cluster-reader]: [22:06:25][INFO] branch TPCClusterNative_22: publishing binary chunk of 294828 bytes(s)
[149176:tpc-native-cluster-reader]: [22:06:25][INFO] branch TPCClusterNative_23: publishing binary chunk of 310224 bytes(s)
[149176:tpc-native-cluster-reader]: [22:06:25][INFO] branch TPCClusterNative_24: publishing binary chunk of 307212 bytes(s)
[149176:tpc-native-cluster-reader]: [22:06:25][INFO] branch TPCClusterNative_25: publishing binary chunk of 302736 bytes(s)
[149176:tpc-native-cluster-reader]: [22:06:25][INFO] branch TPCClusterNative_26: publishing binary chunk of 241416 bytes(s)
[149176:tpc-native-cluster-reader]: [22:06:25][INFO] branch TPCClusterNative_27: publishing binary chunk of 299388 bytes(s)
[149176:tpc-native-cluster-reader]: [22:06:25][INFO] branch TPCClusterNative_28: publishing binary chunk of 294432 bytes(s)
[149176:tpc-native-cluster-reader]: [22:06:25][INFO] branch TPCClusterNative_29: publishing binary chunk of 292836 bytes(s)
[149176:tpc-native-cluster-reader]: [22:06:25][INFO] branch TPCClusterNative_30: publishing binary chunk of 333372 bytes(s)
[149176:tpc-native-cluster-reader]: [22:06:25][INFO] branch TPCClusterNative_31: publishing binary chunk of 318456 bytes(s)
[149176:tpc-native-cluster-reader]: [22:06:25][INFO] branch TPCClusterNative_32: publishing binary chunk of 279684 bytes(s)
[149176:tpc-native-cluster-reader]: [22:06:25][INFO] branch TPCClusterNative_33: publishing binary chunk of 273888 bytes(s)
[149176:tpc-native-cluster-reader]: [22:06:25][INFO] branch TPCClusterNative_34: publishing binary chunk of 277452 bytes(s)
[149176:tpc-native-cluster-reader]: [22:06:25][INFO] branch TPCClusterNative_35: publishing binary chunk of 297192 bytes(s)
[149176:tpc-native-cluster-reader]: [22:06:25][INFO] Correctly handshaken websocket connection.
[149176:tpc-native-cluster-reader]: [22:06:25][INFO] Sending end-of-stream message to channel from_tpc-native-cluster-reader_to_tpc-clusters-sharing-map-producer
[149182:tpc-clusters-sharing-map-producer]: [22:06:25][INFO] Timing for TPC clusters sharing map creation: Cpu: 1.000e-02 Real: 1.672e-02 s
[149182:tpc-clusters-sharing-map-producer]: [22:06:25][INFO] Sending end-of-stream message to channel from_tpc-clusters-sharing-map-producer_to_itstpc-track-matcher
[149177:its-track-reader]: [22:06:26][INFO] Loaded tree from o2trac_its.root with 1 entries
[149177:its-track-reader]: [22:06:26][STATE] INITIALIZING DEVICE ---> INITIALIZED
[149177:its-track-reader]: [22:06:26][STATE] INITIALIZED ---> BINDING
[149177:its-track-reader]: [22:06:26][STATE] BINDING ---> BOUND
[149177:its-track-reader]: [22:06:26][STATE] BOUND ---> CONNECTING
[149177:its-track-reader]: [22:06:26][STATE] CONNECTING ---> DEVICE READY
[149177:its-track-reader]: [22:06:26][STATE] DEVICE READY ---> INITIALIZING TASK
[149177:its-track-reader]: [22:06:26][STATE] INITIALIZING TASK ---> READY
[149177:its-track-reader]: [22:06:26][STATE] READY ---> RUNNING
[149177:its-track-reader]: [22:06:26][INFO] fair::mq::Device running...
[149177:its-track-reader]: [22:06:26][INFO] LHCPeriod is not available, using current month AUG
[149177:its-track-reader]: [22:06:26][INFO] Pushing 1987 track in 42 ROFs at entry 0
[149177:its-track-reader]: [22:06:26][INFO] Sending end-of-stream message to channel from_its-track-reader_to_itstpc-track-matcher
[149177:its-track-reader]: [22:06:26][INFO] Sending end-of-stream message to channel from_its-track-reader_to_internal-dpl-injected-dummy-sink
[149177:its-track-reader]: [22:06:26][INFO] Correctly handshaken websocket connection.
[149181:internal-dpl-ccdb-backend]: Info in <TJAlienConnectionManager>: Opening connection to JCentral. Please wait
[149181:internal-dpl-ccdb-backend]: Info in <TJAlienConnectionManager>: Opening connection to 137.138.99.179
[149181:internal-dpl-ccdb-backend]: Info in <TJAlienConnectionManager>: Successfully connected to 137.138.99.179
[149181:internal-dpl-ccdb-backend]: Info in <TJAlienFile::Open>: Accessing file /alice/data/CCDB/CTP/Calib/OrbitReset/06/62200/b9f985c3-b4b0-11ec-8fd3-90ce809b24ee in SE <ALICE::CERN::EOS>
[149181:internal-dpl-ccdb-backend]: [22:06:27][INFO] ccdb reads http://alice-ccdb.cern.ch/CTP/Calib/OrbitReset/1546300800000/b9f985c3-b4b0-11ec-8fd3-90ce809b24ee for 1546300800000 (load to memory, agent_id: localhost.localdomain-1692907582-dFPjxb), 
[149181:internal-dpl-ccdb-backend]: Info in <TJAlienFile::Open>: Accessing file /alice/data/CCDB/GLO/Param/MatLUT/05/24630/d5a2a33e-dba4-11ec-9e90-2a010e0a0b16 in SE <ALICE::CERN::OCDB>
[149181:internal-dpl-ccdb-backend]: [22:06:29][INFO] ccdb reads http://alice-ccdb.cern.ch/GLO/Param/MatLUT/1546300800000/d5a2a33e-dba4-11ec-9e90-2a010e0a0b16 for 1546300800000 (load to memory, agent_id: localhost.localdomain-1692907582-dFPjxb), 
[149181:internal-dpl-ccdb-backend]: Info in <TJAlienFile::Open>: Accessing file /alice/data/CCDB/ITS/Calib/ClusterDictionary/09/10449/c245a720-9fe3-11ec-975c-200114580202 in SE <ALICE::CERN::OCDB>
[149181:internal-dpl-ccdb-backend]: [22:06:29][INFO] ccdb reads http://alice-ccdb.cern.ch/ITS/Calib/ClusterDictionary/0/c245a720-9fe3-11ec-975c-200114580202 for 1546300800000 (load to memory, agent_id: localhost.localdomain-1692907582-dFPjxb), 
[149181:internal-dpl-ccdb-backend]: Info in <TJAlienFile::Open>: Accessing file /alice/data/CCDB/ITS/Config/AlpideParam/02/10715/76f24ad5-e339-11ec-9e90-200114580204 in SE <ALICE::CERN::OCDB>
[149181:internal-dpl-ccdb-backend]: [22:06:29][INFO] ccdb reads http://alice-ccdb.cern.ch/ITS/Config/AlpideParam/1546300800000/76f24ad5-e339-11ec-9e90-200114580204 for 1546300800000 (load to memory, agent_id: localhost.localdomain-1692907582-dFPjxb), 
[149181:internal-dpl-ccdb-backend]: Info in <TJAlienFile::Open>: Accessing file /alice/data/CCDB/GLO/Config/GeometryAligned/06/21224/787687c0-287a-11ed-8141-200114580202 in SE <ALICE::CERN::OCDB>
[149181:internal-dpl-ccdb-backend]: [22:06:30][INFO] ccdb reads http://alice-ccdb.cern.ch/GLO/Config/GeometryAligned/1546300800000/787687c0-287a-11ed-8141-200114580202 for 1546300800000 (load to memory, agent_id: localhost.localdomain-1692907582-dFPjxb), 
[149181:internal-dpl-ccdb-backend]: Info in <TJAlienFile::Open>: Accessing file /alice/data/CCDB/TPC/Calib/LaserTracks/14/60057/dd26d771-0929-11ed-8000-2a010e0a0b16 in SE <ALICE::CERN::OCDB>
[149181:internal-dpl-ccdb-backend]: [22:06:30][INFO] ccdb reads http://alice-ccdb.cern.ch/TPC/Calib/LaserTracks/1546300800000/dd26d771-0929-11ed-8000-2a010e0a0b16 for 1546300800000 (load to memory, agent_id: localhost.localdomain-1692907582-dFPjxb), 
[149181:internal-dpl-ccdb-backend]: Info in <TJAlienFile::Open>: Accessing file /alice/data/CCDB/TPC/Calib/CorrectionMapV2/04/24306/188b3306-3a84-11ee-a1e3-200114580202 in SE <ALICE::CERN::OCDB>
[149181:internal-dpl-ccdb-backend]: [22:06:30][INFO] ccdb reads http://alice-ccdb.cern.ch/TPC/Calib/CorrectionMapV2/1/188b3306-3a84-11ee-a1e3-200114580202 for 1546300800000 (load to memory, agent_id: localhost.localdomain-1692907582-dFPjxb), 
[149181:internal-dpl-ccdb-backend]: Info in <TJAlienFile::Open>: Accessing file /alice/data/CCDB/TPC/Calib/CorrectionMapRefV2/10/16377/1f4bfb7e-3a84-11ee-a1e3-200114580202 in SE <ALICE::CERN::OCDB>
[149181:internal-dpl-ccdb-backend]: [22:06:31][INFO] ccdb reads http://alice-ccdb.cern.ch/TPC/Calib/CorrectionMapRefV2/1/1f4bfb7e-3a84-11ee-a1e3-200114580202 for 1546300800000 (load to memory, agent_id: localhost.localdomain-1692907582-dFPjxb), 
[149181:internal-dpl-ccdb-backend]: Info in <TJAlienFile::Open>: Accessing file /alice/data/CCDB/GLO/Config/GRPECS/03/07584/646e9be2-0210-11ed-8000-200114580202 in SE <ALICE::CERN::OCDB>
[149181:internal-dpl-ccdb-backend]: [22:06:31][INFO] ccdb reads http://alice-ccdb.cern.ch/GLO/Config/GRPECS/1546300800000/646e9be2-0210-11ed-8000-200114580202 for 1546300800000 (load to memory, agent_id: localhost.localdomain-1692907582-dFPjxb), 
[149181:internal-dpl-ccdb-backend]: Info in <TJAlienFile::Open>: Accessing file /alice/data/CCDB/TPC/Calib/VDriftTgl/04/00148/01683855-2e90-11ed-ac0b-200114580202 in SE <ALICE::CERN::OCDB>
[149181:internal-dpl-ccdb-backend]: [22:06:31][INFO] ccdb reads http://alice-ccdb.cern.ch/TPC/Calib/VDriftTgl/1546300800000/01683855-2e90-11ed-ac0b-200114580202 for 1546300800000 (load to memory, agent_id: localhost.localdomain-1692907582-dFPjxb), 
[149181:internal-dpl-ccdb-backend]: Info in <TJAlienFile::Open>: Accessing file /alice/data/CCDB/GLO/Config/GRPLHCIF/04/60609/b3296373-efea-11ec-b9c0-2a010e0a0b16 in SE <ALICE::CERN::OCDB>
[149181:internal-dpl-ccdb-backend]: [22:06:31][INFO] ccdb reads http://alice-ccdb.cern.ch/GLO/Config/GRPLHCIF/1546300800000/b3296373-efea-11ec-b9c0-2a010e0a0b16 for 1546300800000 (load to memory, agent_id: localhost.localdomain-1692907582-dFPjxb), 
[149181:internal-dpl-ccdb-backend]: Info in <TJAlienFile::Open>: Accessing file /alice/data/CCDB/GLO/Config/GRPMagField/06/62924/01d633ab-efdf-11ec-841e-2a010e0a0b16 in SE <ALICE::CERN::OCDB>
[149181:internal-dpl-ccdb-backend]: [22:06:31][INFO] ccdb reads http://alice-ccdb.cern.ch/GLO/Config/GRPMagField/1546300800000/01d633ab-efdf-11ec-841e-2a010e0a0b16 for 1546300800000 (load to memory, agent_id: localhost.localdomain-1692907582-dFPjxb), 
[149181:internal-dpl-ccdb-backend]: [22:06:31][INFO] Sending end-of-stream message to channel from_internal-dpl-ccdb-backend_to_itstpc-track-matcher
[149181:internal-dpl-ccdb-backend]: [22:06:31][INFO] Sending end-of-stream message to channel from_internal-dpl-ccdb-backend_to_internal-dpl-injected-dummy-sink
[149183:itstpc-track-matcher]: [22:06:32][INFO] ITS Alpide param updated
[149183:itstpc-track-matcher]: ITSAlpideParam.roFrameLengthInBC : 198		[ CCDB ]
[149183:itstpc-track-matcher]: ITSAlpideParam.roFrameLengthTrig : 6000		[ CCDB ]
[149183:itstpc-track-matcher]: ITSAlpideParam.strobeDelay : 99.8031		[ CCDB ]
[149183:itstpc-track-matcher]: ITSAlpideParam.strobeLengthCont : -1		[ CCDB ]
[149183:itstpc-track-matcher]: ITSAlpideParam.strobeLengthTrig : 100		[ CCDB ]
[149183:itstpc-track-matcher]: ITSAlpideParam.roFrameBiasInBC : 64		[ CCDB ]
[149183:itstpc-track-matcher]: [22:06:32][INFO] Caching in 140659352916096 ptr to ITS/ALPIDEPARAM/0 (0x7ff04e9e72a0)
[149183:itstpc-track-matcher]: [22:06:32][INFO] cluster dictionary updated
[149183:itstpc-track-matcher]: [22:06:32][INFO] Caching in 140659362162464 ptr to ITS/CLUSDICT/0 (0x4d8a240)
[149183:itstpc-track-matcher]: [22:06:32][INFO] GRP MagField object updated
[149183:itstpc-track-matcher]: [22:06:32][INFO] MagneticField::Print: MagneticFieldMap:
[149183:itstpc-track-matcher]: [22:06:32][INFO] MagneticField::Print: Solenoid (-1*)5 kG, Dipole ON (-1) 
[149183:itstpc-track-matcher]: [22:06:32][INFO] MagneticField::Print: Machine B fields for p-p  beam (7000 GeV): QGrad: 22.0002 Dipole: 37.8781
[149183:itstpc-track-matcher]: [22:06:32][INFO] MagneticField::Print: Uses Sol30_Dip6_Hole  of /root/alice/sw/slc8_x86-64/O2/segment-local1/share/Common/maps/mfchebKGI_sym.root
[149183:itstpc-track-matcher]: Info in <TGeoGlobalMagField::SetField>: Global magnetic field set to <MagneticFieldMap>
[149183:itstpc-track-matcher]: Info in <TGeoGlobalMagField::Lock>: Global magnetic field <MagneticFieldMap> is now locked
[149183:itstpc-track-matcher]: [22:06:32][INFO] Caching in 140659364062976 ptr to GLO/GRPMAGFIELD/0 (0x5105e10)
[149183:itstpc-track-matcher]: [22:06:32][INFO] GRP LHCIF object updated
[149183:itstpc-track-matcher]: [22:06:32][INFO] Caching in 140659364060704 ptr to GLO/GRPLHCIF/0 (0x5d705b0)
[149183:itstpc-track-matcher]: [22:06:32][INFO] GRP ECS object updated
[149183:itstpc-track-matcher]: [22:06:32][INFO] Caching in 140659364056160 ptr to GLO/GRPECS/0 (0x2df8130)
[149183:itstpc-track-matcher]: [22:06:32][INFO] orbit reset time updated to 1546300800000
[149183:itstpc-track-matcher]: [22:06:32][INFO] Caching in 140659352914272 ptr to CTP/ORBITRESET/0 (0x5d74040)
[149183:itstpc-track-matcher]: [22:06:32][INFO] material LUT updated
[149183:itstpc-track-matcher]: [22:06:32][INFO] Loaded 440 params from $(O2_ROOT)/share/Common/maps/sol5k.txt
[149183:itstpc-track-matcher]: [22:06:32][INFO] Caching in 140659352937216 ptr to GLO/MATLUT/0 (0x5dfa120)
[149183:itstpc-track-matcher]: Info in <TGeoManager::CloseGeometry>: Geometry loaded from file...
[149183:itstpc-track-matcher]: Info in <TGeoManager::SetTopVolume>: Top volume is cave. Master volume is cave
[149183:itstpc-track-matcher]: Info in <TGeoNavigator::BuildCache>: --- Maximum geometry depth set to 100
[149183:itstpc-track-matcher]: Info in <TGeoManager::Voxelize>: Voxelizing...
[149183:itstpc-track-matcher]: Info in <TGeoManager::CountLevels>: max level = 13, max placements = 735
[149183:itstpc-track-matcher]: Info in <TGeoManager::CloseGeometry>: 5346742 nodes/ 27442 volume UID's in FAIR geometry
[149183:itstpc-track-matcher]: Info in <TGeoManager::CloseGeometry>: ----------------modeler ready----------------
[149183:itstpc-track-matcher]: [22:06:33][INFO] aligned geometry updated
[149183:itstpc-track-matcher]: [22:06:33][INFO] Caching in 140659362190144 ptr to GLO/GEOMALIGN/0 (0x55630d0)
[149183:itstpc-track-matcher]: [22:06:33][INFO] accountLaserCalibration 1 t 10 vs 0
[149183:itstpc-track-matcher]: [22:06:33][INFO] Caching in 140659352918560 ptr to TPC/CalibLaserTracks/0 (0x355d470)
[149183:itstpc-track-matcher]: [22:06:33][INFO] accountDriftCorrectionITSTPCTgl 1 t 0 vs 0
[149183:itstpc-track-matcher]: [22:06:33][INFO] Caching in 140659364058432 ptr to TPC/VDriftTgl/0 (0x53ac580)
[149183:itstpc-track-matcher]: [22:06:33][INFO] Will prefer TPC Drift from Laser with time 10 to TPCITSTgl with time 0
[149183:itstpc-track-matcher]: [22:06:33][INFO] InstLumiOverride=0, UseCTPLumi=false -> instLumi=0, meanLumi=1 -> LumiScale=0, lumiScaleMode=0
[149183:itstpc-track-matcher]: [22:06:33][INFO] Caching in 140659364037472 ptr to TPC/CorrMap/0 (0x51f7280)
[149183:itstpc-track-matcher]: [22:06:33][INFO] Caching in 140659364046720 ptr to TPC/CorrMapRef/0 (0x51f94c0)
[149183:itstpc-track-matcher]: tpcitsMatch.runAfterBurner : true		[ CODE ]
[149183:itstpc-track-matcher]: tpcitsMatch.validateMatchByFIT : Prefer		[ CODE ]
[149183:itstpc-track-matcher]: tpcitsMatch.crudeAbsDiffCut[0] : 2		[ CODE ]
[149183:itstpc-track-matcher]: tpcitsMatch.crudeAbsDiffCut[1] : 2		[ CODE ]
[149183:itstpc-track-matcher]: tpcitsMatch.crudeAbsDiffCut[2] : 0.2		[ CODE ]
[149183:itstpc-track-matcher]: tpcitsMatch.crudeAbsDiffCut[3] : 0.2		[ CODE ]
[149183:itstpc-track-matcher]: tpcitsMatch.crudeAbsDiffCut[4] : 4		[ CODE ]
[149183:itstpc-track-matcher]: tpcitsMatch.crudeNSigma2Cut[0] : 49		[ CODE ]
[149183:itstpc-track-matcher]: tpcitsMatch.crudeNSigma2Cut[1] : 49		[ CODE ]
[149183:itstpc-track-matcher]: tpcitsMatch.crudeNSigma2Cut[2] : 49		[ CODE ]
[149183:itstpc-track-matcher]: tpcitsMatch.crudeNSigma2Cut[3] : 49		[ CODE ]
[149183:itstpc-track-matcher]: tpcitsMatch.crudeNSigma2Cut[4] : 49		[ CODE ]
[149183:itstpc-track-matcher]: tpcitsMatch.XMatchingRef : 70		[ CODE ]
[149183:itstpc-track-matcher]: tpcitsMatch.minTPCTrackR : 50		[ CODE ]
[149183:itstpc-track-matcher]: tpcitsMatch.minITSTrackR : 50		[ CODE ]
[149183:itstpc-track-matcher]: tpcitsMatch.minTPCClusters : 25		[ CODE ]
[149183:itstpc-track-matcher]: tpcitsMatch.askMinTPCRow : 15		[ CODE ]
[149183:itstpc-track-matcher]: tpcitsMatch.cutMatchingChi2 : 30		[ CODE ]
[149183:itstpc-track-matcher]: tpcitsMatch.maxMatchCandidates : 5		[ CODE ]
[149183:itstpc-track-matcher]: tpcitsMatch.safeMarginTimeCorrErr : 0		[ CODE ]
[149183:itstpc-track-matcher]: tpcitsMatch.safeMarginTPCITSTimeBin : 1		[ CODE ]
[149183:itstpc-track-matcher]: tpcitsMatch.safeMarginTPCTimeEdge : 20		[ CODE ]
[149183:itstpc-track-matcher]: tpcitsMatch.tpcTimeICMatchingNSigma : 4		[ CODE ]
[149183:itstpc-track-matcher]: tpcitsMatch.tpcExtConstrainedNSigma : 4		[ CODE ]
[149183:itstpc-track-matcher]: tpcitsMatch.tfEdgeTimeToleranceMUS : 1		[ CODE ]
[149183:itstpc-track-matcher]: tpcitsMatch.maxVDriftUncertainty : 0.02		[ CODE ]
[149183:itstpc-track-matcher]: tpcitsMatch.maxVDriftTrackQ2Pt : 1		[ CODE ]
[149183:itstpc-track-matcher]: tpcitsMatch.maxVDritTimeOffset : 5		[ CODE ]
[149183:itstpc-track-matcher]: tpcitsMatch.globalTimeBiasMUS : 0		[ CODE ]
[149183:itstpc-track-matcher]: tpcitsMatch.globalTimeExtraErrorMUS : 0		[ CODE ]
[149183:itstpc-track-matcher]: tpcitsMatch.requireToReachLayerAB : 5		[ CODE ]
[149183:itstpc-track-matcher]: tpcitsMatch.lowestLayerAB : 3		[ CODE ]
[149183:itstpc-track-matcher]: tpcitsMatch.minContributingLayersAB : 2		[ CODE ]
[149183:itstpc-track-matcher]: tpcitsMatch.maxABLinksOnLayer : 10		[ CODE ]
[149183:itstpc-track-matcher]: tpcitsMatch.maxABFinalHyp : 20		[ CODE ]
[149183:itstpc-track-matcher]: tpcitsMatch.cutABTrack2ClChi2 : 30		[ CODE ]
[149183:itstpc-track-matcher]: tpcitsMatch.nABSigmaY : 4		[ CODE ]
[149183:itstpc-track-matcher]: tpcitsMatch.nABSigmaZ : 4		[ CODE ]
[149183:itstpc-track-matcher]: tpcitsMatch.err2ABExtraY : 0.01		[ CODE ]
[149183:itstpc-track-matcher]: tpcitsMatch.err2ABExtraZ : 0.01		[ CODE ]
[149183:itstpc-track-matcher]: tpcitsMatch.verbosity : 0		[ CODE ]
[149183:itstpc-track-matcher]: tpcitsMatch.matCorr : 2		[ CODE ]
[149183:itstpc-track-matcher]: [22:06:33][INFO] Loading ITS T2L matrices from TGeo
[149183:itstpc-track-matcher]: [22:06:33][INFO] Loading ITS T2G rotation 2D matrices
[149183:itstpc-track-matcher]: 
[149183:itstpc-track-matcher]: ******************** TPC-ITS matching component ********************
[149183:itstpc-track-matcher]: MC truth: on
[149183:itstpc-track-matcher]: Matching reference X: 70.000
[149183:itstpc-track-matcher]: Account Z dimension: off
[149183:itstpc-track-matcher]: Cut on matching chi2: 30.000
[149183:itstpc-track-matcher]: Max number ITS candidates per TPC track: 5
[149183:itstpc-track-matcher]: Crude cut on track params:  2.000e+00 2.000e+00 2.000e-01 2.000e-01 4.000e+00
[149183:itstpc-track-matcher]: NSigma^2 cut on track params:   49.00  49.00  49.00  49.00  49.00
[149183:itstpc-track-matcher]: TPC Z->time(bins) bracketing safety margin:  20.00
[149183:itstpc-track-matcher]: Output debug tree (off) file: dbg_TPCITSmatch.root
[149183:itstpc-track-matcher]: **********************************************************************
[149183:itstpc-track-matcher]: [22:06:33][INFO] Updating TPC fast transform map with new VDrift factor of 1 wrt reference 2.58 and DriftTimeOffset correction 0 wrt 0 from source Laser
[149183:itstpc-track-matcher]: [22:06:33][INFO] RecoContainer::createTracks took 0.00943 CPU s.
[149183:itstpc-track-matcher]: [22:06:33][INFO] Validated 1264 matches out of 1272 for 3684 TPC and 2203 ITS tracks in 2 iterations
[149183:itstpc-track-matcher]: [22:06:33][INFO] AfterBurner will check 35130 seeds from 2238 TPC tracks and 79 interaction candidates with 1 threads
[149183:itstpc-track-matcher]: [22:06:33][INFO] AfterBurner validated 451 tracks
[149183:itstpc-track-matcher]: [22:06:33][INFO] TPC-ITS matching total timing: Cpu: 2.350e+00 Real: 2.418e+00 s in 1 slots
[149183:itstpc-track-matcher]: [22:06:33][INFO] Sending end-of-stream message to channel from_itstpc-track-matcher_to_itstpc-track-writer
[149184:itstpc-track-writer]: [22:06:33][INFO] Writing 1715 TPC-ITS matches
[INFO] Quitting
[INFO] QUIT_REQUESTED
[149176:tpc-native-cluster-reader]: [22:06:33][INFO] Received device shutdown request (signal 15).
[149176:tpc-native-cluster-reader]: [22:06:33][INFO] Waiting for graceful device shutdown. Hit Ctrl-C again to abort immediately.
[149177:its-track-reader]: [22:06:33][INFO] Received device shutdown request (signal 15).
[149177:its-track-reader]: [22:06:33][INFO] Waiting for graceful device shutdown. Hit Ctrl-C again to abort immediately.
[149181:internal-dpl-ccdb-backend]: [22:06:33][INFO] Received device shutdown request (signal 15).
[149181:internal-dpl-ccdb-backend]: [22:06:33][INFO] Waiting for graceful device shutdown. Hit Ctrl-C again to abort immediately.
[149184:itstpc-track-writer]: [22:06:33][INFO] Received device shutdown request (signal 15).
[149184:itstpc-track-writer]: [22:06:33][INFO] Waiting for graceful device shutdown. Hit Ctrl-C again to abort immediately.
[149180:tpc-track-reader]: [22:06:33][INFO] Received device shutdown request (signal 15).
[149180:tpc-track-reader]: [22:06:33][INFO] Waiting for graceful device shutdown. Hit Ctrl-C again to abort immediately.
[149175:internal-dpl-clock]: [22:06:33][INFO] Received device shutdown request (signal 15).
[149175:internal-dpl-clock]: [22:06:33][INFO] Waiting for graceful device shutdown. Hit Ctrl-C again to abort immediately.
[149178:its-cluster-reader]: [22:06:33][INFO] Received device shutdown request (signal 15).
[149178:its-cluster-reader]: [22:06:33][INFO] Waiting for graceful device shutdown. Hit Ctrl-C again to abort immediately.
[149183:itstpc-track-matcher]: [22:06:33][INFO] Received device shutdown request (signal 15).
[149183:itstpc-track-matcher]: [22:06:33][INFO] Waiting for graceful device shutdown. Hit Ctrl-C again to abort immediately.
[149185:internal-dpl-injected-dummy-sink]: [22:06:33][INFO] Received device shutdown request (signal 15).
[149185:internal-dpl-injected-dummy-sink]: [22:06:33][INFO] Waiting for graceful device shutdown. Hit Ctrl-C again to abort immediately.
[149179:ft0-recpoints-reader]: [22:06:33][INFO] Received device shutdown request (signal 15).
[149179:ft0-recpoints-reader]: [22:06:33][INFO] Waiting for graceful device shutdown. Hit Ctrl-C again to abort immediately.
[149182:tpc-clusters-sharing-map-producer]: [22:06:33][INFO] Received device shutdown request (signal 15).
[149182:tpc-clusters-sharing-map-producer]: [22:06:33][INFO] Waiting for graceful device shutdown. Hit Ctrl-C again to abort immediately.
[149175:internal-dpl-clock]: [22:06:33][INFO] New state requested. No timeout set, quitting immediately as per --completion-policy
[149175:internal-dpl-clock]: [22:06:33][STATE] RUNNING ---> READY
[149175:internal-dpl-clock]: [22:06:33][STATE] READY ---> RESETTING TASK
[149175:internal-dpl-clock]: [22:06:33][STATE] RESETTING TASK ---> DEVICE READY
[149175:internal-dpl-clock]: [22:06:33][STATE] DEVICE READY ---> RESETTING DEVICE
[149176:tpc-native-cluster-reader]: [22:06:33][INFO] New state requested. No timeout set, quitting immediately as per --completion-policy
[149176:tpc-native-cluster-reader]: [22:06:33][STATE] RUNNING ---> READY
[149178:its-cluster-reader]: [22:06:33][INFO] New state requested. No timeout set, quitting immediately as per --completion-policy
[149178:its-cluster-reader]: [22:06:33][STATE] RUNNING ---> READY
[149179:ft0-recpoints-reader]: [22:06:33][INFO] New state requested. No timeout set, quitting immediately as per --completion-policy
[149179:ft0-recpoints-reader]: [22:06:33][STATE] RUNNING ---> READY
[149181:internal-dpl-ccdb-backend]: [22:06:33][INFO] New state requested. No timeout set, quitting immediately as per --completion-policy
[149181:internal-dpl-ccdb-backend]: [22:06:33][INFO] CCDB cache miss/hit ratio:
[149181:internal-dpl-ccdb-backend]: [22:06:33][INFO]   GLO/Config/GRPMagField: 1/0 (1024-1024 bytes)
[149181:internal-dpl-ccdb-backend]: [22:06:33][INFO]   GLO/Config/GRPLHCIF: 1/0 (2048-2048 bytes)
[149181:internal-dpl-ccdb-backend]: [22:06:33][INFO]   TPC/Calib/CorrectionMapRefV2: 1/0 (9216-9216 bytes)
[149181:internal-dpl-ccdb-backend]: [22:06:33][INFO]   TPC/Calib/VDriftTgl: 1/0 (2048-2048 bytes)
[149181:internal-dpl-ccdb-backend]: [22:06:33][INFO]   GLO/Config/GRPECS: 1/0 (2048-2048 bytes)
[149181:internal-dpl-ccdb-backend]: [22:06:33][INFO]   TPC/Calib/CorrectionMapV2: 1/0 (9216-9216 bytes)
[149181:internal-dpl-ccdb-backend]: [22:06:33][INFO]   TPC/Calib/LaserTracks: 1/0 (2048-2048 bytes)
[149181:internal-dpl-ccdb-backend]: [22:06:33][INFO]   GLO/Config/GeometryAligned: 1/0 (1847296-1847296 bytes)
[149181:internal-dpl-ccdb-backend]: [22:06:33][INFO]   ITS/Config/AlpideParam: 1/0 (2048-2048 bytes)
[149181:internal-dpl-ccdb-backend]: [22:06:33][INFO]   ITS/Calib/ClusterDictionary: 1/0 (27648-27648 bytes)
[149182:tpc-clusters-sharing-map-producer]: [22:06:33][INFO] New state requested. No timeout set, quitting immediately as per --completion-policy
[149182:tpc-clusters-sharing-map-producer]: [22:06:33][STATE] RUNNING ---> READY
[149184:itstpc-track-writer]: [22:06:33][INFO] New state requested. No timeout set, quitting immediately as per --completion-policy
[149177:its-track-reader]: [22:06:33][INFO] New state requested. No timeout set, quitting immediately as per --completion-policy
[149177:its-track-reader]: [22:06:33][STATE] RUNNING ---> READY
[149181:internal-dpl-ccdb-backend]: [22:06:33][INFO]   GLO/Param/MatLUT: 1/0 (9225216-9225216 bytes)
[149181:internal-dpl-ccdb-backend]: [22:06:33][INFO]   CTP/Calib/OrbitReset: 1/2 (1024-1024 bytes)
[149181:internal-dpl-ccdb-backend]: [22:06:33][STATE] RUNNING ---> READY
[149176:tpc-native-cluster-reader]: [22:06:33][STATE] READY ---> RESETTING TASK
[149176:tpc-native-cluster-reader]: [22:06:33][STATE] RESETTING TASK ---> DEVICE READY
[149176:tpc-native-cluster-reader]: [22:06:33][STATE] DEVICE READY ---> RESETTING DEVICE
[149178:its-cluster-reader]: [22:06:33][STATE] READY ---> RESETTING TASK
[149178:its-cluster-reader]: [22:06:33][STATE] RESETTING TASK ---> DEVICE READY
[149178:its-cluster-reader]: [22:06:33][STATE] DEVICE READY ---> RESETTING DEVICE
[149179:ft0-recpoints-reader]: [22:06:33][STATE] READY ---> RESETTING TASK
[149179:ft0-recpoints-reader]: [22:06:33][STATE] RESETTING TASK ---> DEVICE READY
[149179:ft0-recpoints-reader]: [22:06:33][STATE] DEVICE READY ---> RESETTING DEVICE
[149180:tpc-track-reader]: [22:06:33][INFO] New state requested. No timeout set, quitting immediately as per --completion-policy
[149180:tpc-track-reader]: [22:06:33][STATE] RUNNING ---> READY
[149180:tpc-track-reader]: [22:06:33][STATE] READY ---> RESETTING TASK
[149180:tpc-track-reader]: [22:06:33][STATE] RESETTING TASK ---> DEVICE READY
[149180:tpc-track-reader]: [22:06:33][STATE] DEVICE READY ---> RESETTING DEVICE
[149181:internal-dpl-ccdb-backend]: [22:06:33][STATE] READY ---> RESETTING TASK
[149181:internal-dpl-ccdb-backend]: [22:06:33][STATE] RESETTING TASK ---> DEVICE READY
[149181:internal-dpl-ccdb-backend]: [22:06:33][STATE] DEVICE READY ---> RESETTING DEVICE
[149182:tpc-clusters-sharing-map-producer]: [22:06:33][STATE] READY ---> RESETTING TASK
[149182:tpc-clusters-sharing-map-producer]: [22:06:33][STATE] RESETTING TASK ---> DEVICE READY
[149182:tpc-clusters-sharing-map-producer]: [22:06:33][STATE] DEVICE READY ---> RESETTING DEVICE
[149183:itstpc-track-matcher]: [22:06:33][INFO] New state requested. No timeout set, quitting immediately as per --completion-policy
[149183:itstpc-track-matcher]: [22:06:33][STATE] RUNNING ---> READY
[149183:itstpc-track-matcher]: [22:06:33][STATE] READY ---> RESETTING TASK
[149185:internal-dpl-injected-dummy-sink]: [22:06:33][INFO] New state requested. No timeout set, quitting immediately as per --completion-policy
[149185:internal-dpl-injected-dummy-sink]: [22:06:33][STATE] RUNNING ---> READY
[149185:internal-dpl-injected-dummy-sink]: [22:06:33][STATE] READY ---> RESETTING TASK
[149185:internal-dpl-injected-dummy-sink]: [22:06:33][STATE] RESETTING TASK ---> DEVICE READY
[149185:internal-dpl-injected-dummy-sink]: [22:06:33][STATE] DEVICE READY ---> RESETTING DEVICE
[149177:its-track-reader]: [22:06:33][STATE] READY ---> RESETTING TASK
[149177:its-track-reader]: [22:06:33][STATE] RESETTING TASK ---> DEVICE READY
[149183:itstpc-track-matcher]: [22:06:33][STATE] RESETTING TASK ---> DEVICE READY
[149183:itstpc-track-matcher]: [22:06:33][STATE] DEVICE READY ---> RESETTING DEVICE
[149175:internal-dpl-clock]: [22:06:33][STATE] RESETTING DEVICE ---> IDLE
[149177:its-track-reader]: [22:06:33][STATE] DEVICE READY ---> RESETTING DEVICE
[149180:tpc-track-reader]: [22:06:33][STATE] RESETTING DEVICE ---> IDLE
[149180:tpc-track-reader]: [22:06:33][STATE] IDLE ---> EXITING
[149180:tpc-track-reader]: [22:06:33][STATE] Exiting FairMQ state machine
[149181:internal-dpl-ccdb-backend]: [22:06:33][STATE] RESETTING DEVICE ---> IDLE
[149182:tpc-clusters-sharing-map-producer]: [22:06:33][STATE] RESETTING DEVICE ---> IDLE
[149182:tpc-clusters-sharing-map-producer]: [22:06:33][STATE] IDLE ---> EXITING
[149182:tpc-clusters-sharing-map-producer]: [22:06:33][STATE] Exiting FairMQ state machine
[149179:ft0-recpoints-reader]: [22:06:33][STATE] RESETTING DEVICE ---> IDLE
[149181:internal-dpl-ccdb-backend]: [22:06:33][STATE] IDLE ---> EXITING
[149181:internal-dpl-ccdb-backend]: [22:06:33][STATE] Exiting FairMQ state machine
[149175:internal-dpl-clock]: [22:06:33][STATE] IDLE ---> EXITING
[149175:internal-dpl-clock]: [22:06:33][STATE] Exiting FairMQ state machine
[149176:tpc-native-cluster-reader]: [22:06:33][STATE] RESETTING DEVICE ---> IDLE
[149176:tpc-native-cluster-reader]: [22:06:33][STATE] IDLE ---> EXITING
[149176:tpc-native-cluster-reader]: [22:06:33][STATE] Exiting FairMQ state machine
[149177:its-track-reader]: [22:06:33][STATE] RESETTING DEVICE ---> IDLE
[149177:its-track-reader]: [22:06:33][STATE] IDLE ---> EXITING
[149177:its-track-reader]: [22:06:33][STATE] Exiting FairMQ state machine
[149179:ft0-recpoints-reader]: [22:06:33][STATE] IDLE ---> EXITING
[149178:its-cluster-reader]: [22:06:33][STATE] RESETTING DEVICE ---> IDLE
[149179:ft0-recpoints-reader]: [22:06:33][STATE] Exiting FairMQ state machine
[149185:internal-dpl-injected-dummy-sink]: [22:06:33][STATE] RESETTING DEVICE ---> IDLE
[149185:internal-dpl-injected-dummy-sink]: [22:06:33][STATE] IDLE ---> EXITING
[149185:internal-dpl-injected-dummy-sink]: [22:06:33][STATE] Exiting FairMQ state machine
[149178:its-cluster-reader]: [22:06:33][STATE] IDLE ---> EXITING
[149178:its-cluster-reader]: [22:06:34][STATE] Exiting FairMQ state machine
[149183:itstpc-track-matcher]: [22:06:34][STATE] RESETTING DEVICE ---> IDLE
[149183:itstpc-track-matcher]: [22:06:34][STATE] IDLE ---> EXITING
[149183:itstpc-track-matcher]: [22:06:34][STATE] Exiting FairMQ state machine
[149184:itstpc-track-writer]: [22:06:34][STATE] RUNNING ---> READY
[149184:itstpc-track-writer]: [22:06:34][STATE] READY ---> RESETTING TASK
[149184:itstpc-track-writer]: [22:06:34][STATE] RESETTING TASK ---> DEVICE READY
[149184:itstpc-track-writer]: [22:06:34][STATE] DEVICE READY ---> RESETTING DEVICE
[149184:itstpc-track-writer]: [22:06:34][INFO] Cleaning up for shared memory id '4a684ebd'...
[149184:itstpc-track-writer]: [22:06:34][INFO] Found 0 unmanaged regions...
[149184:itstpc-track-writer]: [22:06:34][INFO] Found 1 managed segments...
[149184:itstpc-track-writer]: [22:06:34][INFO] Successfully removed 'fmq_4a684ebd_m_0'.
[149184:itstpc-track-writer]: [22:06:34][INFO] Successfully removed 'fmq_4a684ebd_mng'.
[149184:itstpc-track-writer]: [22:06:34][STATE] RESETTING DEVICE ---> IDLE
[149184:itstpc-track-writer]: [22:06:34][STATE] IDLE ---> EXITING
[149184:itstpc-track-writer]: [22:06:34][STATE] Exiting FairMQ state machine
[INFO] ## Processes completed. Run summary:
[INFO] ### Devices started: 11
[INFO]  - Device internal-dpl-clock: pid 149175 (exit 0)
[INFO]  - Device tpc-native-cluster-reader: pid 149176 (exit 0)
[INFO]  - Device its-track-reader: pid 149177 (exit 0)
[INFO]  - Device its-cluster-reader: pid 149178 (exit 0)
[INFO]  - Device ft0-recpoints-reader: pid 149179 (exit 0)
[INFO]  - Device tpc-track-reader: pid 149180 (exit 0)
[INFO]  - Device internal-dpl-ccdb-backend: pid 149181 (exit 0)
[INFO]  - Device tpc-clusters-sharing-map-producer: pid 149182 (exit 0)
[INFO]  - Device itstpc-track-matcher: pid 149183 (exit 0)
[INFO]  - Device itstpc-track-writer: pid 149184 (exit 0)
[INFO]  - Device internal-dpl-injected-dummy-sink: pid 149185 (exit 0)
[INFO] Dumping used configuration in dpl-config.json
TASK-EXIT-CODE: 0
