Running: TIME="#walltime %e" /usr/bin/time --output=mchmidMatch.log_time ./mchmidMatch.log_tmp.sh
[INFO] Initialising O2 Data Processing Layer. Driver PID: 148900.
[INFO] Driver listening on port: 36980
[INFO] Rate limiting set up at 500MB distributed over 1 readers
[INFO] O2 Data Processing Layer initialised. We brake for nobody.
[INFO] Optimised build. O2DEBUG / LOG(debug) / LOGF(debug) / assert statement will not be shown.
[INFO] Redeployment of configuration asked.
[INFO] Starting internal-dpl-clock on pid 148940
[INFO] Starting mid-track-reader on pid 148941
[INFO] Starting mch-track-reader0 on pid 148942
[INFO] Starting muon-track-matcher on pid 148943
[INFO] Starting muon-track-writer on pid 148944
[INFO] Starting internal-dpl-injected-dummy-sink on pid 148945
[INFO] Redeployment of configuration done.
[148942:mch-track-reader0]: [INFO] Instrumenting crash signals
[148942:mch-track-reader0]: [INFO] Spawing new device mch-track-reader0 in process with pid 148942
[148942:mch-track-reader0]: [22:06:17][INFO] 
[148942:mch-track-reader0]:       ______      _    _______  _________ 
[148942:mch-track-reader0]:      / ____/___ _(_)_______   |/  /_  __ \    version 1.6.0
[148942:mch-track-reader0]:     / /_  / __ `/ / ___/__  /|_/ /_  / / /    build RELWITHDEBINFO
[148942:mch-track-reader0]:    / __/ / /_/ / / /    _  /  / / / /_/ /     https://github.com/FairRootGroup/FairMQ
[148942:mch-track-reader0]:   /_/    \__,_/_/_/     /_/  /_/  \___\_\     LGPL-3.0  © 2012-2023 GSI
[148942:mch-track-reader0]: 
[148942:mch-track-reader0]: [22:06:17][STATE] Starting FairMQ state machine --> IDLE
[148942:mch-track-reader0]: [22:06:17][STATE] IDLE ---> INITIALIZING DEVICE
[148940:internal-dpl-clock]: [INFO] Instrumenting crash signals
[148940:internal-dpl-clock]: [INFO] Spawing new device internal-dpl-clock in process with pid 148940
[148940:internal-dpl-clock]: [22:06:18][INFO] 
[148940:internal-dpl-clock]:       ______      _    _______  _________ 
[148940:internal-dpl-clock]:      / ____/___ _(_)_______   |/  /_  __ \    version 1.6.0
[148940:internal-dpl-clock]:     / /_  / __ `/ / ___/__  /|_/ /_  / / /    build RELWITHDEBINFO
[148940:internal-dpl-clock]:    / __/ / /_/ / / /    _  /  / / / /_/ /     https://github.com/FairRootGroup/FairMQ
[148940:internal-dpl-clock]:   /_/    \__,_/_/_/     /_/  /_/  \___\_\     LGPL-3.0  © 2012-2023 GSI
[148940:internal-dpl-clock]: 
[148940:internal-dpl-clock]: [22:06:18][STATE] Starting FairMQ state machine --> IDLE
[148941:mid-track-reader]: [INFO] Instrumenting crash signals
[148941:mid-track-reader]: [INFO] Spawing new device mid-track-reader in process with pid 148941
[148941:mid-track-reader]: [22:06:18][INFO] 
[148941:mid-track-reader]:       ______      _    _______  _________ 
[148941:mid-track-reader]:      / ____/___ _(_)_______   |/  /_  __ \    version 1.6.0
[148941:mid-track-reader]:     / /_  / __ `/ / ___/__  /|_/ /_  / / /    build RELWITHDEBINFO
[148941:mid-track-reader]:    / __/ / /_/ / / /    _  /  / / / /_/ /     https://github.com/FairRootGroup/FairMQ
[148941:mid-track-reader]:   /_/    \__,_/_/_/     /_/  /_/  \___\_\     LGPL-3.0  © 2012-2023 GSI
[148941:mid-track-reader]: 
[148941:mid-track-reader]: [22:06:18][STATE] Starting FairMQ state machine --> IDLE
[148943:muon-track-matcher]: [INFO] Instrumenting crash signals
[148943:muon-track-matcher]: [INFO] Spawing new device muon-track-matcher in process with pid 148943
[148943:muon-track-matcher]: [22:06:18][INFO] 
[148943:muon-track-matcher]:       ______      _    _______  _________ 
[148943:muon-track-matcher]:      / ____/___ _(_)_______   |/  /_  __ \    version 1.6.0
[148943:muon-track-matcher]:     / /_  / __ `/ / ___/__  /|_/ /_  / / /    build RELWITHDEBINFO
[148943:muon-track-matcher]:    / __/ / /_/ / / /    _  /  / / / /_/ /     https://github.com/FairRootGroup/FairMQ
[148943:muon-track-matcher]:   /_/    \__,_/_/_/     /_/  /_/  \___\_\     LGPL-3.0  © 2012-2023 GSI
[148943:muon-track-matcher]: 
[148943:muon-track-matcher]: [22:06:18][STATE] Starting FairMQ state machine --> IDLE
[148940:internal-dpl-clock]: [22:06:18][STATE] IDLE ---> INITIALIZING DEVICE
[148941:mid-track-reader]: [22:06:18][STATE] IDLE ---> INITIALIZING DEVICE
[148940:internal-dpl-clock]: [22:06:18][STATE] INITIALIZING DEVICE ---> INITIALIZED
[148940:internal-dpl-clock]: [22:06:18][STATE] INITIALIZED ---> BINDING
[148940:internal-dpl-clock]: [22:06:18][STATE] BINDING ---> BOUND
[148940:internal-dpl-clock]: [22:06:18][STATE] BOUND ---> CONNECTING
[148940:internal-dpl-clock]: [22:06:18][STATE] CONNECTING ---> DEVICE READY
[148945:internal-dpl-injected-dummy-sink]: [INFO] Instrumenting crash signals
[148945:internal-dpl-injected-dummy-sink]: [INFO] Spawing new device internal-dpl-injected-dummy-sink in process with pid 148945
[148945:internal-dpl-injected-dummy-sink]: [22:06:18][INFO] 
[148945:internal-dpl-injected-dummy-sink]:       ______      _    _______  _________ 
[148945:internal-dpl-injected-dummy-sink]:      / ____/___ _(_)_______   |/  /_  __ \    version 1.6.0
[148945:internal-dpl-injected-dummy-sink]:     / /_  / __ `/ / ___/__  /|_/ /_  / / /    build RELWITHDEBINFO
[148945:internal-dpl-injected-dummy-sink]:    / __/ / /_/ / / /    _  /  / / / /_/ /     https://github.com/FairRootGroup/FairMQ
[148945:internal-dpl-injected-dummy-sink]:   /_/    \__,_/_/_/     /_/  /_/  \___\_\     LGPL-3.0  © 2012-2023 GSI
[148945:internal-dpl-injected-dummy-sink]: 
[148945:internal-dpl-injected-dummy-sink]: [22:06:18][STATE] Starting FairMQ state machine --> IDLE
[148945:internal-dpl-injected-dummy-sink]: [22:06:18][STATE] IDLE ---> INITIALIZING DEVICE
[148945:internal-dpl-injected-dummy-sink]: [22:06:18][STATE] INITIALIZING DEVICE ---> INITIALIZED
[148945:internal-dpl-injected-dummy-sink]: [22:06:18][STATE] INITIALIZED ---> BINDING
[148945:internal-dpl-injected-dummy-sink]: [22:06:18][STATE] BINDING ---> BOUND
[148945:internal-dpl-injected-dummy-sink]: [22:06:18][STATE] BOUND ---> CONNECTING
[148945:internal-dpl-injected-dummy-sink]: [22:06:18][STATE] CONNECTING ---> DEVICE READY
[148945:internal-dpl-injected-dummy-sink]: [22:06:18][STATE] DEVICE READY ---> INITIALIZING TASK
[148940:internal-dpl-clock]: [22:06:18][STATE] DEVICE READY ---> INITIALIZING TASK
[148940:internal-dpl-clock]: [22:06:18][STATE] INITIALIZING TASK ---> READY
[148943:muon-track-matcher]: [22:06:18][STATE] IDLE ---> INITIALIZING DEVICE
[148943:muon-track-matcher]: [22:06:18][INFO] initializing track matching
[148943:muon-track-matcher]: [22:06:18][STATE] INITIALIZING DEVICE ---> INITIALIZED
[148943:muon-track-matcher]: [22:06:18][STATE] INITIALIZED ---> BINDING
[148943:muon-track-matcher]: [22:06:18][STATE] BINDING ---> BOUND
[148943:muon-track-matcher]: [22:06:18][STATE] BOUND ---> CONNECTING
[148943:muon-track-matcher]: [22:06:18][STATE] CONNECTING ---> DEVICE READY
[148943:muon-track-matcher]: [22:06:18][STATE] DEVICE READY ---> INITIALIZING TASK
[148943:muon-track-matcher]: [22:06:18][STATE] INITIALIZING TASK ---> READY
[148943:muon-track-matcher]: [22:06:18][STATE] READY ---> RUNNING
[148943:muon-track-matcher]: [22:06:18][INFO] fair::mq::Device running...
[148943:muon-track-matcher]: [22:06:18][INFO] LHCPeriod is not available, using current month AUG
[148940:internal-dpl-clock]: [22:06:18][STATE] READY ---> RUNNING
[148940:internal-dpl-clock]: [22:06:18][INFO] fair::mq::Device running...
[148940:internal-dpl-clock]: [22:06:18][INFO] LHCPeriod is not available, using current month AUG
[148943:muon-track-matcher]: [22:06:18][INFO] Correctly handshaken websocket connection.
[148945:internal-dpl-injected-dummy-sink]: [22:06:18][STATE] INITIALIZING TASK ---> READY
[148945:internal-dpl-injected-dummy-sink]: [22:06:18][STATE] READY ---> RUNNING
[148945:internal-dpl-injected-dummy-sink]: [22:06:18][INFO] fair::mq::Device running...
[148945:internal-dpl-injected-dummy-sink]: [22:06:18][INFO] LHCPeriod is not available, using current month AUG
[148944:muon-track-writer]: [INFO] Instrumenting crash signals
[148940:internal-dpl-clock]: [22:06:18][INFO] Correctly handshaken websocket connection.
[148945:internal-dpl-injected-dummy-sink]: [22:06:18][INFO] Correctly handshaken websocket connection.
[148944:muon-track-writer]: [INFO] Spawing new device muon-track-writer in process with pid 148944
[148944:muon-track-writer]: [22:06:18][INFO] 
[148944:muon-track-writer]:       ______      _    _______  _________ 
[148944:muon-track-writer]:      / ____/___ _(_)_______   |/  /_  __ \    version 1.6.0
[148944:muon-track-writer]:     / /_  / __ `/ / ___/__  /|_/ /_  / / /    build RELWITHDEBINFO
[148944:muon-track-writer]:    / __/ / /_/ / / /    _  /  / / / /_/ /     https://github.com/FairRootGroup/FairMQ
[148944:muon-track-writer]:   /_/    \__,_/_/_/     /_/  /_/  \___\_\     LGPL-3.0  © 2012-2023 GSI
[148944:muon-track-writer]: 
[148944:muon-track-writer]: [22:06:18][STATE] Starting FairMQ state machine --> IDLE
[148944:muon-track-writer]: [22:06:18][STATE] IDLE ---> INITIALIZING DEVICE
[148942:mch-track-reader0]: [22:06:18][INFO] branch set up: trackrofs
[148942:mch-track-reader0]: [22:06:18][INFO] branch set up: tracks
[148942:mch-track-reader0]: [22:06:18][INFO] branch set up: trackclusters
[148942:mch-track-reader0]: [22:06:18][INFO] branch set up: tracklabels
[148942:mch-track-reader0]: [22:06:18][STATE] INITIALIZING DEVICE ---> INITIALIZED
[148944:muon-track-writer]: [22:06:18][INFO] 0: branch  tracks set up
[148942:mch-track-reader0]: [22:06:18][STATE] INITIALIZED ---> BINDING
[148944:muon-track-writer]: [22:06:18][INFO] 1: branch  tracklabels set up
[148944:muon-track-writer]: [22:06:18][STATE] INITIALIZING DEVICE ---> INITIALIZED
[148944:muon-track-writer]: [22:06:18][STATE] INITIALIZED ---> BINDING
[148944:muon-track-writer]: [22:06:18][STATE] BINDING ---> BOUND
[148944:muon-track-writer]: [22:06:18][STATE] BOUND ---> CONNECTING
[148942:mch-track-reader0]: [22:06:18][STATE] BINDING ---> BOUND
[148944:muon-track-writer]: [22:06:18][STATE] CONNECTING ---> DEVICE READY
[148944:muon-track-writer]: [22:06:18][STATE] DEVICE READY ---> INITIALIZING TASK
[148944:muon-track-writer]: [22:06:18][STATE] INITIALIZING TASK ---> READY
[148944:muon-track-writer]: [22:06:18][STATE] READY ---> RUNNING
[148944:muon-track-writer]: [22:06:18][INFO] fair::mq::Device running...
[148944:muon-track-writer]: [22:06:18][INFO] LHCPeriod is not available, using current month AUG
[148942:mch-track-reader0]: [22:06:18][STATE] BOUND ---> CONNECTING
[148942:mch-track-reader0]: [22:06:18][STATE] CONNECTING ---> DEVICE READY
[148942:mch-track-reader0]: [22:06:18][STATE] DEVICE READY ---> INITIALIZING TASK
[148944:muon-track-writer]: [22:06:18][INFO] Correctly handshaken websocket connection.
[148942:mch-track-reader0]: [22:06:18][STATE] INITIALIZING TASK ---> READY
[148942:mch-track-reader0]: [22:06:18][STATE] READY ---> RUNNING
[148942:mch-track-reader0]: [22:06:18][INFO] fair::mq::Device running...
[148942:mch-track-reader0]: [22:06:18][INFO] LHCPeriod is not available, using current month AUG
[148942:mch-track-reader0]: [22:06:18][INFO] MCH 10 ROFS
[148942:mch-track-reader0]: [22:06:18][INFO] MCH 3 TRACKS
[148942:mch-track-reader0]: [22:06:18][INFO] MCH 31 CLUSTERS
[148942:mch-track-reader0]: [22:06:18][INFO] MCH 3 LABELS
[148942:mch-track-reader0]: [22:06:18][INFO] Correctly handshaken websocket connection.
[148942:mch-track-reader0]: [22:06:18][INFO] Sending end-of-stream message to channel from_mch-track-reader0_to_muon-track-matcher
[148942:mch-track-reader0]: [22:06:18][INFO] Sending end-of-stream message to channel from_mch-track-reader0_to_internal-dpl-injected-dummy-sink
[148941:mid-track-reader]: [22:06:18][INFO] branch set up: MIDTrack
[148941:mid-track-reader]: [22:06:18][INFO] branch set up: MIDTrackROF
[148941:mid-track-reader]: [22:06:18][INFO] branch set up: MIDTrackCluster
[148941:mid-track-reader]: [22:06:18][INFO] branch set up: MIDTrackClusterROF
[148941:mid-track-reader]: [22:06:18][INFO] branch set up: MIDTrackLabels
[148941:mid-track-reader]: [22:06:18][INFO] branch set up: MIDTrackClusterLabels
[148941:mid-track-reader]: [22:06:18][STATE] INITIALIZING DEVICE ---> INITIALIZED
[148941:mid-track-reader]: [22:06:18][STATE] INITIALIZED ---> BINDING
[148941:mid-track-reader]: [22:06:18][STATE] BINDING ---> BOUND
[148941:mid-track-reader]: [22:06:18][STATE] BOUND ---> CONNECTING
[148941:mid-track-reader]: [22:06:18][STATE] CONNECTING ---> DEVICE READY
[148941:mid-track-reader]: [22:06:18][STATE] DEVICE READY ---> INITIALIZING TASK
[148941:mid-track-reader]: [22:06:18][STATE] INITIALIZING TASK ---> READY
[148941:mid-track-reader]: [22:06:18][STATE] READY ---> RUNNING
[148941:mid-track-reader]: [22:06:18][INFO] fair::mq::Device running...
[148941:mid-track-reader]: [22:06:18][INFO] LHCPeriod is not available, using current month AUG
[148941:mid-track-reader]: [22:06:18][INFO] MID 13 TRACKS
[148941:mid-track-reader]: [22:06:18][INFO] MID 18 TRACKROFS
[148941:mid-track-reader]: [22:06:18][INFO] MID 55 TRACKCLUSTERS
[148941:mid-track-reader]: [22:06:18][INFO] MID 18 TRCLUSROFS
[148941:mid-track-reader]: [22:06:18][INFO] MID 13 TRACKLABELS
[148941:mid-track-reader]: [22:06:18][INFO] MID 66 TRCLUSLABELS
[148941:mid-track-reader]: [22:06:18][INFO] Correctly handshaken websocket connection.
[148941:mid-track-reader]: [22:06:18][INFO] Sending end-of-stream message to channel from_mid-track-reader_to_muon-track-matcher
[148941:mid-track-reader]: [22:06:18][INFO] Sending end-of-stream message to channel from_mid-track-reader_to_internal-dpl-injected-dummy-sink
[148943:muon-track-matcher]: [22:06:18][INFO] Sending end-of-stream message to channel from_muon-track-matcher_to_muon-track-writer
[INFO] Quitting
[148944:muon-track-writer]: [22:06:18][ERROR] Some Lifetime::Timeframe data got dropped starting at 1
[INFO] QUIT_REQUESTED
[148942:mch-track-reader0]: [22:06:18][INFO] Received device shutdown request (signal 15).
[148942:mch-track-reader0]: [22:06:18][INFO] Waiting for graceful device shutdown. Hit Ctrl-C again to abort immediately.
[148942:mch-track-reader0]: [22:06:18][INFO] New state requested. No timeout set, quitting immediately as per --completion-policy
[148942:mch-track-reader0]: [22:06:18][STATE] RUNNING ---> READY
[148942:mch-track-reader0]: [22:06:18][STATE] READY ---> RESETTING TASK
[148942:mch-track-reader0]: [22:06:18][STATE] RESETTING TASK ---> DEVICE READY
[148942:mch-track-reader0]: [22:06:18][STATE] DEVICE READY ---> RESETTING DEVICE
[148943:muon-track-matcher]: [22:06:18][INFO] Received device shutdown request (signal 15).
[148943:muon-track-matcher]: [22:06:18][INFO] Waiting for graceful device shutdown. Hit Ctrl-C again to abort immediately.
[148942:mch-track-reader0]: [22:06:18][STATE] RESETTING DEVICE ---> IDLE
[148943:muon-track-matcher]: [22:06:18][INFO] New state requested. No timeout set, quitting immediately as per --completion-policy
[148943:muon-track-matcher]: [22:06:18][INFO] track matching duration = 1.7377e-05 s
[148943:muon-track-matcher]: [22:06:18][STATE] RUNNING ---> READY
[148942:mch-track-reader0]: [22:06:18][STATE] IDLE ---> EXITING
[148943:muon-track-matcher]: [22:06:18][STATE] READY ---> RESETTING TASK
[148943:muon-track-matcher]: [22:06:18][STATE] RESETTING TASK ---> DEVICE READY
[148942:mch-track-reader0]: [22:06:18][STATE] Exiting FairMQ state machine
[148943:muon-track-matcher]: [22:06:18][STATE] DEVICE READY ---> RESETTING DEVICE
[148943:muon-track-matcher]: [22:06:18][STATE] RESETTING DEVICE ---> IDLE
[148943:muon-track-matcher]: [22:06:18][STATE] IDLE ---> EXITING
[148943:muon-track-matcher]: [22:06:18][STATE] Exiting FairMQ state machine
[148945:internal-dpl-injected-dummy-sink]: [22:06:18][INFO] Received device shutdown request (signal 15).
[148945:internal-dpl-injected-dummy-sink]: [22:06:18][INFO] Waiting for graceful device shutdown. Hit Ctrl-C again to abort immediately.
[148945:internal-dpl-injected-dummy-sink]: [22:06:18][INFO] New state requested. No timeout set, quitting immediately as per --completion-policy
[148945:internal-dpl-injected-dummy-sink]: [22:06:18][STATE] RUNNING ---> READY
[148945:internal-dpl-injected-dummy-sink]: [22:06:18][STATE] READY ---> RESETTING TASK
[148945:internal-dpl-injected-dummy-sink]: [22:06:18][STATE] RESETTING TASK ---> DEVICE READY
[148945:internal-dpl-injected-dummy-sink]: [22:06:18][STATE] DEVICE READY ---> RESETTING DEVICE
[148945:internal-dpl-injected-dummy-sink]: [22:06:18][STATE] RESETTING DEVICE ---> IDLE
[148945:internal-dpl-injected-dummy-sink]: [22:06:18][STATE] IDLE ---> EXITING
[148945:internal-dpl-injected-dummy-sink]: [22:06:18][STATE] Exiting FairMQ state machine
[148940:internal-dpl-clock]: [22:06:18][INFO] Received device shutdown request (signal 15).
[148940:internal-dpl-clock]: [22:06:18][INFO] Waiting for graceful device shutdown. Hit Ctrl-C again to abort immediately.
[148941:mid-track-reader]: [22:06:18][INFO] Received device shutdown request (signal 15).
[148941:mid-track-reader]: [22:06:18][INFO] Waiting for graceful device shutdown. Hit Ctrl-C again to abort immediately.
[148941:mid-track-reader]: [22:06:18][INFO] New state requested. No timeout set, quitting immediately as per --completion-policy
[148941:mid-track-reader]: [22:06:18][STATE] RUNNING ---> READY
[148941:mid-track-reader]: [22:06:18][STATE] READY ---> RESETTING TASK
[148941:mid-track-reader]: [22:06:18][STATE] RESETTING TASK ---> DEVICE READY
[148941:mid-track-reader]: [22:06:18][STATE] DEVICE READY ---> RESETTING DEVICE
[148940:internal-dpl-clock]: [22:06:18][INFO] New state requested. No timeout set, quitting immediately as per --completion-policy
[148940:internal-dpl-clock]: [22:06:18][STATE] RUNNING ---> READY
[148940:internal-dpl-clock]: [22:06:18][STATE] READY ---> RESETTING TASK
[148940:internal-dpl-clock]: [22:06:18][STATE] RESETTING TASK ---> DEVICE READY
[148940:internal-dpl-clock]: [22:06:18][STATE] DEVICE READY ---> RESETTING DEVICE
[148941:mid-track-reader]: [22:06:18][STATE] RESETTING DEVICE ---> IDLE
[148941:mid-track-reader]: [22:06:18][STATE] IDLE ---> EXITING
[148941:mid-track-reader]: [22:06:18][STATE] Exiting FairMQ state machine
[148940:internal-dpl-clock]: [22:06:18][STATE] RESETTING DEVICE ---> IDLE
[148940:internal-dpl-clock]: [22:06:18][STATE] IDLE ---> EXITING
[148940:internal-dpl-clock]: [22:06:18][STATE] Exiting FairMQ state machine
[148944:muon-track-writer]: [22:06:18][INFO] Received device shutdown request (signal 15).
[148944:muon-track-writer]: [22:06:18][INFO] Waiting for graceful device shutdown. Hit Ctrl-C again to abort immediately.
[148944:muon-track-writer]: [22:06:18][INFO] New state requested. No timeout set, quitting immediately as per --completion-policy
[148944:muon-track-writer]: [22:06:18][STATE] RUNNING ---> READY
[148944:muon-track-writer]: [22:06:18][STATE] READY ---> RESETTING TASK
[148944:muon-track-writer]: [22:06:18][STATE] RESETTING TASK ---> DEVICE READY
[148944:muon-track-writer]: [22:06:18][STATE] DEVICE READY ---> RESETTING DEVICE
[148944:muon-track-writer]: [22:06:18][INFO] Cleaning up for shared memory id '85d3d00c'...
[148944:muon-track-writer]: [22:06:18][INFO] Found 0 unmanaged regions...
[148944:muon-track-writer]: [22:06:18][INFO] Found 1 managed segments...
[148944:muon-track-writer]: [22:06:18][INFO] Successfully removed 'fmq_85d3d00c_m_0'.
[148944:muon-track-writer]: [22:06:18][INFO] Successfully removed 'fmq_85d3d00c_mng'.
[148944:muon-track-writer]: [22:06:18][STATE] RESETTING DEVICE ---> IDLE
[148944:muon-track-writer]: [22:06:18][STATE] IDLE ---> EXITING
[148944:muon-track-writer]: [22:06:18][STATE] Exiting FairMQ state machine
[INFO] ## Processes completed. Run summary:
[INFO] ### Devices started: 6
[INFO]  - Device internal-dpl-clock: pid 148940 (exit 0)
[INFO]  - Device mid-track-reader: pid 148941 (exit 0)
[INFO]  - Device mch-track-reader0: pid 148942 (exit 0)
[INFO]  - Device muon-track-matcher: pid 148943 (exit 0)
[INFO]  - Device muon-track-writer: pid 148944 (exit 0)
[INFO]  - Device internal-dpl-injected-dummy-sink: pid 148945 (exit 0)
[INFO] Dumping used configuration in dpl-config.json
TASK-EXIT-CODE: 0
