Running: TIME="#walltime %e" /usr/bin/time --output=mftmchMatch.log_time ./mftmchMatch.log_tmp.sh
[INFO] Initialising O2 Data Processing Layer. Driver PID: 152307.
[INFO] Driver listening on port: 10387
[INFO] Rate limiting set up at 500MB distributed over 1 readers
[INFO] O2 Data Processing Layer initialised. We brake for nobody.
[INFO] Optimised build. O2DEBUG / LOG(debug) / LOGF(debug) / assert statement will not be shown.
[INFO] Redeployment of configuration asked.
[INFO] Starting internal-dpl-clock on pid 152347
[INFO] Starting mft-cluster-reader on pid 152348
[INFO] Starting mch-tracks-reader0 on pid 152349
[INFO] Starting mft-track-reader on pid 152350
[INFO] Starting mchmid-matches-reader on pid 152351
[INFO] Starting internal-dpl-ccdb-backend on pid 152352
[INFO] Starting globalfwd-track-matcher on pid 152353
[INFO] Starting globalfwd-track-writer on pid 152354
[INFO] Starting internal-dpl-injected-dummy-sink on pid 152355
[INFO] Redeployment of configuration done.
[152347:internal-dpl-clock]: [INFO] Instrumenting crash signals
[152347:internal-dpl-clock]: [INFO] Spawing new device internal-dpl-clock in process with pid 152347
[152347:internal-dpl-clock]: [22:07:09][INFO] 
[152347:internal-dpl-clock]:       ______      _    _______  _________ 
[152347:internal-dpl-clock]:      / ____/___ _(_)_______   |/  /_  __ \    version 1.6.0
[152347:internal-dpl-clock]:     / /_  / __ `/ / ___/__  /|_/ /_  / / /    build RELWITHDEBINFO
[152347:internal-dpl-clock]:    / __/ / /_/ / / /    _  /  / / / /_/ /     https://github.com/FairRootGroup/FairMQ
[152347:internal-dpl-clock]:   /_/    \__,_/_/_/     /_/  /_/  \___\_\     LGPL-3.0  © 2012-2023 GSI
[152347:internal-dpl-clock]: 
[152347:internal-dpl-clock]: [22:07:09][STATE] Starting FairMQ state machine --> IDLE
[152347:internal-dpl-clock]: [22:07:09][STATE] IDLE ---> INITIALIZING DEVICE
[152347:internal-dpl-clock]: [22:07:09][STATE] INITIALIZING DEVICE ---> INITIALIZED
[152348:mft-cluster-reader]: [INFO] Instrumenting crash signals
[152348:mft-cluster-reader]: [INFO] Spawing new device mft-cluster-reader in process with pid 152348
[152347:internal-dpl-clock]: [22:07:09][STATE] INITIALIZED ---> BINDING
[152347:internal-dpl-clock]: [22:07:09][STATE] BINDING ---> BOUND
[152347:internal-dpl-clock]: [22:07:09][STATE] BOUND ---> CONNECTING
[152347:internal-dpl-clock]: [22:07:09][STATE] CONNECTING ---> DEVICE READY
[152347:internal-dpl-clock]: [22:07:09][STATE] DEVICE READY ---> INITIALIZING TASK
[152347:internal-dpl-clock]: [22:07:09][STATE] INITIALIZING TASK ---> READY
[152348:mft-cluster-reader]: [22:07:09][INFO] 
[152348:mft-cluster-reader]:       ______      _    _______  _________ 
[152348:mft-cluster-reader]:      / ____/___ _(_)_______   |/  /_  __ \    version 1.6.0
[152348:mft-cluster-reader]:     / /_  / __ `/ / ___/__  /|_/ /_  / / /    build RELWITHDEBINFO
[152348:mft-cluster-reader]:    / __/ / /_/ / / /    _  /  / / / /_/ /     https://github.com/FairRootGroup/FairMQ
[152348:mft-cluster-reader]:   /_/    \__,_/_/_/     /_/  /_/  \___\_\     LGPL-3.0  © 2012-2023 GSI
[152348:mft-cluster-reader]: 
[152347:internal-dpl-clock]: [22:07:09][STATE] READY ---> RUNNING
[152347:internal-dpl-clock]: [22:07:09][INFO] fair::mq::Device running...
[152347:internal-dpl-clock]: [22:07:09][INFO] LHCPeriod is not available, using current month AUG
[152348:mft-cluster-reader]: [22:07:09][STATE] Starting FairMQ state machine --> IDLE
[152347:internal-dpl-clock]: [22:07:09][INFO] Correctly handshaken websocket connection.
[152352:internal-dpl-ccdb-backend]: [INFO] Instrumenting crash signals
[152352:internal-dpl-ccdb-backend]: [INFO] Spawing new device internal-dpl-ccdb-backend in process with pid 152352
[152352:internal-dpl-ccdb-backend]: [22:07:09][INFO] 
[152352:internal-dpl-ccdb-backend]:       ______      _    _______  _________ 
[152352:internal-dpl-ccdb-backend]:      / ____/___ _(_)_______   |/  /_  __ \    version 1.6.0
[152352:internal-dpl-ccdb-backend]:     / /_  / __ `/ / ___/__  /|_/ /_  / / /    build RELWITHDEBINFO
[152352:internal-dpl-ccdb-backend]:    / __/ / /_/ / / /    _  /  / / / /_/ /     https://github.com/FairRootGroup/FairMQ
[152352:internal-dpl-ccdb-backend]:   /_/    \__,_/_/_/     /_/  /_/  \___\_\     LGPL-3.0  © 2012-2023 GSI
[152352:internal-dpl-ccdb-backend]: 
[152348:mft-cluster-reader]: [22:07:09][STATE] IDLE ---> INITIALIZING DEVICE
[152352:internal-dpl-ccdb-backend]: [22:07:09][STATE] Starting FairMQ state machine --> IDLE
[152349:mch-tracks-reader0]: [INFO] Instrumenting crash signals
[152349:mch-tracks-reader0]: [INFO] Spawing new device mch-tracks-reader0 in process with pid 152349
[152349:mch-tracks-reader0]: [22:07:09][INFO] 
[152349:mch-tracks-reader0]:       ______      _    _______  _________ 
[152349:mch-tracks-reader0]:      / ____/___ _(_)_______   |/  /_  __ \    version 1.6.0
[152349:mch-tracks-reader0]:     / /_  / __ `/ / ___/__  /|_/ /_  / / /    build RELWITHDEBINFO
[152349:mch-tracks-reader0]:    / __/ / /_/ / / /    _  /  / / / /_/ /     https://github.com/FairRootGroup/FairMQ
[152349:mch-tracks-reader0]:   /_/    \__,_/_/_/     /_/  /_/  \___\_\     LGPL-3.0  © 2012-2023 GSI
[152349:mch-tracks-reader0]: 
[152349:mch-tracks-reader0]: [22:07:09][STATE] Starting FairMQ state machine --> IDLE
[152351:mchmid-matches-reader]: [INFO] Instrumenting crash signals
[152351:mchmid-matches-reader]: [INFO] Spawing new device mchmid-matches-reader in process with pid 152351
[152351:mchmid-matches-reader]: [22:07:09][INFO] 
[152351:mchmid-matches-reader]:       ______      _    _______  _________ 
[152351:mchmid-matches-reader]:      / ____/___ _(_)_______   |/  /_  __ \    version 1.6.0
[152351:mchmid-matches-reader]:     / /_  / __ `/ / ___/__  /|_/ /_  / / /    build RELWITHDEBINFO
[152351:mchmid-matches-reader]:    / __/ / /_/ / / /    _  /  / / / /_/ /     https://github.com/FairRootGroup/FairMQ
[152351:mchmid-matches-reader]:   /_/    \__,_/_/_/     /_/  /_/  \___\_\     LGPL-3.0  © 2012-2023 GSI
[152351:mchmid-matches-reader]: 
[152351:mchmid-matches-reader]: [22:07:09][STATE] Starting FairMQ state machine --> IDLE
[152352:internal-dpl-ccdb-backend]: [22:07:09][STATE] IDLE ---> INITIALIZING DEVICE
[152349:mch-tracks-reader0]: [22:07:09][STATE] IDLE ---> INITIALIZING DEVICE
[152351:mchmid-matches-reader]: [22:07:09][STATE] IDLE ---> INITIALIZING DEVICE
[152354:globalfwd-track-writer]: [INFO] Instrumenting crash signals
[152354:globalfwd-track-writer]: [INFO] Spawing new device globalfwd-track-writer in process with pid 152354
[152354:globalfwd-track-writer]: [22:07:09][INFO] 
[152354:globalfwd-track-writer]:       ______      _    _______  _________ 
[152354:globalfwd-track-writer]:      / ____/___ _(_)_______   |/  /_  __ \    version 1.6.0
[152354:globalfwd-track-writer]:     / /_  / __ `/ / ___/__  /|_/ /_  / / /    build RELWITHDEBINFO
[152354:globalfwd-track-writer]:    / __/ / /_/ / / /    _  /  / / / /_/ /     https://github.com/FairRootGroup/FairMQ
[152354:globalfwd-track-writer]:   /_/    \__,_/_/_/     /_/  /_/  \___\_\     LGPL-3.0  © 2012-2023 GSI
[152354:globalfwd-track-writer]: 
[152354:globalfwd-track-writer]: [22:07:09][STATE] Starting FairMQ state machine --> IDLE
[152355:internal-dpl-injected-dummy-sink]: [INFO] Instrumenting crash signals
[152355:internal-dpl-injected-dummy-sink]: [INFO] Spawing new device internal-dpl-injected-dummy-sink in process with pid 152355
[152355:internal-dpl-injected-dummy-sink]: [22:07:09][INFO] 
[152355:internal-dpl-injected-dummy-sink]:       ______      _    _______  _________ 
[152355:internal-dpl-injected-dummy-sink]:      / ____/___ _(_)_______   |/  /_  __ \    version 1.6.0
[152355:internal-dpl-injected-dummy-sink]:     / /_  / __ `/ / ___/__  /|_/ /_  / / /    build RELWITHDEBINFO
[152355:internal-dpl-injected-dummy-sink]:    / __/ / /_/ / / /    _  /  / / / /_/ /     https://github.com/FairRootGroup/FairMQ
[152355:internal-dpl-injected-dummy-sink]:   /_/    \__,_/_/_/     /_/  /_/  \___\_\     LGPL-3.0  © 2012-2023 GSI
[152355:internal-dpl-injected-dummy-sink]: 
[152355:internal-dpl-injected-dummy-sink]: [22:07:09][STATE] Starting FairMQ state machine --> IDLE
[152352:internal-dpl-ccdb-backend]: [22:07:09][INFO] CCDB Backend at: http://alice-ccdb.cern.ch, validity check for every 2147483647 TF
[152352:internal-dpl-ccdb-backend]: [22:07:09][INFO] Init CcdApi with UserAgentID: localhost.localdomain-1692907629-9k1D23, Host: http://alice-ccdb.cern.ch
[152352:internal-dpl-ccdb-backend]: [22:07:09][INFO] Initialised default CCDB host http://alice-ccdb.cern.ch
[152352:internal-dpl-ccdb-backend]: [22:07:09][INFO] The following route is a condition MFT/ALPIDEPARAM/0
[152352:internal-dpl-ccdb-backend]: [22:07:09][INFO] - ccdb-path: MFT/Config/AlpideParam
[152352:internal-dpl-ccdb-backend]: [22:07:09][INFO] The following route is a condition MFT/CLUSDICT/0
[152352:internal-dpl-ccdb-backend]: [22:07:09][INFO] - ccdb-path: MFT/Calib/ClusterDictionary
[152352:internal-dpl-ccdb-backend]: [22:07:09][INFO] The following route is a condition GLO/GRPMAGFIELD/0
[152352:internal-dpl-ccdb-backend]: [22:07:09][INFO] - ccdb-path: GLO/Config/GRPMagField
[152352:internal-dpl-ccdb-backend]: [22:07:09][INFO] The following route is a condition GLO/GRPLHCIF/0
[152352:internal-dpl-ccdb-backend]: [22:07:09][INFO] - ccdb-path: GLO/Config/GRPLHCIF
[152352:internal-dpl-ccdb-backend]: [22:07:09][INFO] The following route is a condition GLO/GRPECS/0
[152352:internal-dpl-ccdb-backend]: [22:07:09][INFO] - ccdb-path: GLO/Config/GRPECS
[152352:internal-dpl-ccdb-backend]: [22:07:09][INFO] The following route is a condition GLO/GEOMALIGN/0
[152352:internal-dpl-ccdb-backend]: [22:07:09][INFO] - ccdb-path: GLO/Config/GeometryAligned
[152352:internal-dpl-ccdb-backend]: [22:07:09][STATE] INITIALIZING DEVICE ---> INITIALIZED
[152355:internal-dpl-injected-dummy-sink]: [22:07:09][STATE] IDLE ---> INITIALIZING DEVICE
[152354:globalfwd-track-writer]: [22:07:09][STATE] IDLE ---> INITIALIZING DEVICE
[152352:internal-dpl-ccdb-backend]: [22:07:09][STATE] INITIALIZED ---> BINDING
[152352:internal-dpl-ccdb-backend]: [22:07:09][STATE] BINDING ---> BOUND
[152355:internal-dpl-injected-dummy-sink]: [22:07:10][STATE] INITIALIZING DEVICE ---> INITIALIZED
[152355:internal-dpl-injected-dummy-sink]: [22:07:10][STATE] INITIALIZED ---> BINDING
[152355:internal-dpl-injected-dummy-sink]: [22:07:10][STATE] BINDING ---> BOUND
[152355:internal-dpl-injected-dummy-sink]: [22:07:10][STATE] BOUND ---> CONNECTING
[152355:internal-dpl-injected-dummy-sink]: [22:07:10][STATE] CONNECTING ---> DEVICE READY
[152352:internal-dpl-ccdb-backend]: [22:07:10][STATE] BOUND ---> CONNECTING
[152352:internal-dpl-ccdb-backend]: [22:07:10][STATE] CONNECTING ---> DEVICE READY
[152355:internal-dpl-injected-dummy-sink]: [22:07:10][STATE] DEVICE READY ---> INITIALIZING TASK
[152352:internal-dpl-ccdb-backend]: [22:07:10][STATE] DEVICE READY ---> INITIALIZING TASK
[152352:internal-dpl-ccdb-backend]: [22:07:10][STATE] INITIALIZING TASK ---> READY
[152350:mft-track-reader]: [INFO] Instrumenting crash signals
[152355:internal-dpl-injected-dummy-sink]: [22:07:10][STATE] INITIALIZING TASK ---> READY
[152352:internal-dpl-ccdb-backend]: [22:07:10][STATE] READY ---> RUNNING
[152352:internal-dpl-ccdb-backend]: [22:07:10][INFO] fair::mq::Device running...
[152352:internal-dpl-ccdb-backend]: [22:07:10][INFO] LHCPeriod is not available, using current month AUG
[152355:internal-dpl-injected-dummy-sink]: [22:07:10][STATE] READY ---> RUNNING
[152355:internal-dpl-injected-dummy-sink]: [22:07:10][INFO] fair::mq::Device running...
[152355:internal-dpl-injected-dummy-sink]: [22:07:10][INFO] LHCPeriod is not available, using current month AUG
[152352:internal-dpl-ccdb-backend]: [22:07:10][INFO] Correctly handshaken websocket connection.
[152355:internal-dpl-injected-dummy-sink]: [22:07:10][INFO] Correctly handshaken websocket connection.
[152353:globalfwd-track-matcher]: [INFO] Instrumenting crash signals
[152353:globalfwd-track-matcher]: [INFO] Spawing new device globalfwd-track-matcher in process with pid 152353
[152350:mft-track-reader]: [INFO] Spawing new device mft-track-reader in process with pid 152350
[152350:mft-track-reader]: [22:07:10][INFO] 
[152350:mft-track-reader]:       ______      _    _______  _________ 
[152350:mft-track-reader]:      / ____/___ _(_)_______   |/  /_  __ \    version 1.6.0
[152350:mft-track-reader]:     / /_  / __ `/ / ___/__  /|_/ /_  / / /    build RELWITHDEBINFO
[152350:mft-track-reader]:    / __/ / /_/ / / /    _  /  / / / /_/ /     https://github.com/FairRootGroup/FairMQ
[152350:mft-track-reader]:   /_/    \__,_/_/_/     /_/  /_/  \___\_\     LGPL-3.0  © 2012-2023 GSI
[152350:mft-track-reader]: 
[152350:mft-track-reader]: [22:07:10][STATE] Starting FairMQ state machine --> IDLE
[152353:globalfwd-track-matcher]: [22:07:10][INFO] 
[152353:globalfwd-track-matcher]:       ______      _    _______  _________ 
[152353:globalfwd-track-matcher]:      / ____/___ _(_)_______   |/  /_  __ \    version 1.6.0
[152353:globalfwd-track-matcher]:     / /_  / __ `/ / ___/__  /|_/ /_  / / /    build RELWITHDEBINFO
[152353:globalfwd-track-matcher]:    / __/ / /_/ / / /    _  /  / / / /_/ /     https://github.com/FairRootGroup/FairMQ
[152353:globalfwd-track-matcher]:   /_/    \__,_/_/_/     /_/  /_/  \___\_\     LGPL-3.0  © 2012-2023 GSI
[152353:globalfwd-track-matcher]: 
[152353:globalfwd-track-matcher]: [22:07:10][STATE] Starting FairMQ state machine --> IDLE
[152353:globalfwd-track-matcher]: [22:07:10][STATE] IDLE ---> INITIALIZING DEVICE
[152350:mft-track-reader]: [22:07:10][STATE] IDLE ---> INITIALIZING DEVICE
[152353:globalfwd-track-matcher]: [22:07:10][STATE] INITIALIZING DEVICE ---> INITIALIZED
[152353:globalfwd-track-matcher]: [22:07:10][STATE] INITIALIZED ---> BINDING
[152353:globalfwd-track-matcher]: [22:07:10][STATE] BINDING ---> BOUND
[152353:globalfwd-track-matcher]: [22:07:10][STATE] BOUND ---> CONNECTING
[152353:globalfwd-track-matcher]: [22:07:10][STATE] CONNECTING ---> DEVICE READY
[152353:globalfwd-track-matcher]: [22:07:10][STATE] DEVICE READY ---> INITIALIZING TASK
[152349:mch-tracks-reader0]: [22:07:11][INFO] branch set up: trackrofs
[152348:mft-cluster-reader]: [22:07:11][INFO] Loaded tree from mftclusters.root with 1 entries
[152348:mft-cluster-reader]: [22:07:11][STATE] INITIALIZING DEVICE ---> INITIALIZED
[152348:mft-cluster-reader]: [22:07:11][STATE] INITIALIZED ---> BINDING
[152348:mft-cluster-reader]: [22:07:11][STATE] BINDING ---> BOUND
[152348:mft-cluster-reader]: [22:07:11][STATE] BOUND ---> CONNECTING
[152348:mft-cluster-reader]: [22:07:11][STATE] CONNECTING ---> DEVICE READY
[152348:mft-cluster-reader]: [22:07:11][STATE] DEVICE READY ---> INITIALIZING TASK
[152348:mft-cluster-reader]: [22:07:11][STATE] INITIALIZING TASK ---> READY
[152349:mch-tracks-reader0]: [22:07:11][INFO] branch set up: tracks
[152349:mch-tracks-reader0]: [22:07:11][INFO] branch set up: trackclusters
[152349:mch-tracks-reader0]: [22:07:11][INFO] branch set up: tracklabels
[152348:mft-cluster-reader]: [22:07:11][STATE] READY ---> RUNNING
[152348:mft-cluster-reader]: [22:07:11][INFO] fair::mq::Device running...
[152348:mft-cluster-reader]: [22:07:11][INFO] LHCPeriod is not available, using current month AUG
[152349:mch-tracks-reader0]: [22:07:11][STATE] INITIALIZING DEVICE ---> INITIALIZED
[152349:mch-tracks-reader0]: [22:07:11][STATE] INITIALIZED ---> BINDING
[152349:mch-tracks-reader0]: [22:07:11][STATE] BINDING ---> BOUND
[152349:mch-tracks-reader0]: [22:07:11][STATE] BOUND ---> CONNECTING
[152349:mch-tracks-reader0]: [22:07:11][STATE] CONNECTING ---> DEVICE READY
[152349:mch-tracks-reader0]: [22:07:11][STATE] DEVICE READY ---> INITIALIZING TASK
[152348:mft-cluster-reader]: [22:07:11][INFO] MFTClusterReader pushes 42 ROFRecords,11057 compact clusters at entry 0
[152353:globalfwd-track-matcher]: [22:07:11][STATE] INITIALIZING TASK ---> READY
[152353:globalfwd-track-matcher]: [22:07:11][STATE] READY ---> RUNNING
[152353:globalfwd-track-matcher]: [22:07:11][INFO] fair::mq::Device running...
[152353:globalfwd-track-matcher]: [22:07:11][INFO] LHCPeriod is not available, using current month AUG
[152349:mch-tracks-reader0]: [22:07:11][STATE] INITIALIZING TASK ---> READY
[152349:mch-tracks-reader0]: [22:07:11][STATE] READY ---> RUNNING
[152349:mch-tracks-reader0]: [22:07:11][INFO] fair::mq::Device running...
[152349:mch-tracks-reader0]: [22:07:11][INFO] LHCPeriod is not available, using current month AUG
[152349:mch-tracks-reader0]: [22:07:11][INFO] MCH 10 ROFS
[152349:mch-tracks-reader0]: [22:07:11][INFO] MCH 3 TRACKS
[152349:mch-tracks-reader0]: [22:07:11][INFO] MCH 31 CLUSTERS
[152349:mch-tracks-reader0]: [22:07:11][INFO] MCH 3 LABELS
[152353:globalfwd-track-matcher]: [22:07:11][INFO] Correctly handshaken websocket connection.
[152348:mft-cluster-reader]: [22:07:11][INFO] Sending end-of-stream message to channel from_mft-cluster-reader_to_globalfwd-track-matcher
[152348:mft-cluster-reader]: [22:07:11][INFO] Sending end-of-stream message to channel from_mft-cluster-reader_to_internal-dpl-injected-dummy-sink
[152348:mft-cluster-reader]: [22:07:11][INFO] Correctly handshaken websocket connection.
[152351:mchmid-matches-reader]: [22:07:11][INFO] Loaded tree from muontracks.root with 1 entries
[152351:mchmid-matches-reader]: [22:07:11][STATE] INITIALIZING DEVICE ---> INITIALIZED
[152351:mchmid-matches-reader]: [22:07:11][STATE] INITIALIZED ---> BINDING
[152351:mchmid-matches-reader]: [22:07:11][STATE] BINDING ---> BOUND
[152351:mchmid-matches-reader]: [22:07:11][STATE] BOUND ---> CONNECTING
[152351:mchmid-matches-reader]: [22:07:11][STATE] CONNECTING ---> DEVICE READY
[152351:mchmid-matches-reader]: [22:07:11][STATE] DEVICE READY ---> INITIALIZING TASK
[152351:mchmid-matches-reader]: [22:07:11][STATE] INITIALIZING TASK ---> READY
[152351:mchmid-matches-reader]: [22:07:11][STATE] READY ---> RUNNING
[152351:mchmid-matches-reader]: [22:07:11][INFO] fair::mq::Device running...
[152351:mchmid-matches-reader]: [22:07:11][INFO] LHCPeriod is not available, using current month AUG
[152351:mchmid-matches-reader]: [22:07:11][INFO] Pushing 0 MCHMID matches at entry 0
[152349:mch-tracks-reader0]: [22:07:11][INFO] Correctly handshaken websocket connection.
[152349:mch-tracks-reader0]: [22:07:11][INFO] Sending end-of-stream message to channel from_mch-tracks-reader0_to_internal-dpl-ccdb-backend
[152349:mch-tracks-reader0]: [22:07:11][INFO] Sending end-of-stream message to channel from_mch-tracks-reader0_to_globalfwd-track-matcher
[152351:mchmid-matches-reader]: [22:07:11][INFO] Sending end-of-stream message to channel from_mchmid-matches-reader_to_globalfwd-track-matcher
[152351:mchmid-matches-reader]: [22:07:11][INFO] Correctly handshaken websocket connection.
[152354:globalfwd-track-writer]: [22:07:11][INFO] 0: branch  fwdtracks set up
[152354:globalfwd-track-writer]: [22:07:11][INFO] 1: branch  MCTruth set up
[152354:globalfwd-track-writer]: [22:07:11][STATE] INITIALIZING DEVICE ---> INITIALIZED
[152354:globalfwd-track-writer]: [22:07:11][STATE] INITIALIZED ---> BINDING
[152354:globalfwd-track-writer]: [22:07:11][STATE] BINDING ---> BOUND
[152354:globalfwd-track-writer]: [22:07:11][STATE] BOUND ---> CONNECTING
[152354:globalfwd-track-writer]: [22:07:11][STATE] CONNECTING ---> DEVICE READY
[152354:globalfwd-track-writer]: [22:07:11][STATE] DEVICE READY ---> INITIALIZING TASK
[152354:globalfwd-track-writer]: [22:07:11][STATE] INITIALIZING TASK ---> READY
[152354:globalfwd-track-writer]: [22:07:11][STATE] READY ---> RUNNING
[152354:globalfwd-track-writer]: [22:07:11][INFO] fair::mq::Device running...
[152354:globalfwd-track-writer]: [22:07:11][INFO] LHCPeriod is not available, using current month AUG
[152354:globalfwd-track-writer]: [22:07:11][INFO] Correctly handshaken websocket connection.
[152350:mft-track-reader]: [22:07:12][INFO] Loaded tree from mfttracks.root with 1 entries
[152350:mft-track-reader]: [22:07:12][STATE] INITIALIZING DEVICE ---> INITIALIZED
[152350:mft-track-reader]: [22:07:12][STATE] INITIALIZED ---> BINDING
[152350:mft-track-reader]: [22:07:12][STATE] BINDING ---> BOUND
[152350:mft-track-reader]: [22:07:12][STATE] BOUND ---> CONNECTING
[152350:mft-track-reader]: [22:07:12][STATE] CONNECTING ---> DEVICE READY
[152350:mft-track-reader]: [22:07:12][STATE] DEVICE READY ---> INITIALIZING TASK
[152350:mft-track-reader]: [22:07:12][STATE] INITIALIZING TASK ---> READY
[152350:mft-track-reader]: [22:07:12][STATE] READY ---> RUNNING
[152350:mft-track-reader]: [22:07:12][INFO] fair::mq::Device running...
[152350:mft-track-reader]: [22:07:12][INFO] LHCPeriod is not available, using current month AUG
[152350:mft-track-reader]: [22:07:12][INFO] Pushing 927 track in 42 ROFs at entry 0
[152350:mft-track-reader]: [22:07:12][INFO] Sending end-of-stream message to channel from_mft-track-reader_to_globalfwd-track-matcher
[152350:mft-track-reader]: [22:07:12][INFO] Correctly handshaken websocket connection.
[152352:internal-dpl-ccdb-backend]: Info in <TJAlienConnectionManager>: Opening connection to JCentral. Please wait
[152352:internal-dpl-ccdb-backend]: Info in <TJAlienConnectionManager>: Opening connection to 137.138.99.139
[152352:internal-dpl-ccdb-backend]: Info in <TJAlienConnectionManager>: Successfully connected to 137.138.99.139
[152352:internal-dpl-ccdb-backend]: Info in <TJAlienFile::Open>: Accessing file /alice/data/CCDB/CTP/Calib/OrbitReset/06/62200/b9f985c3-b4b0-11ec-8fd3-90ce809b24ee in SE <ALICE::CERN::EOS>
[152352:internal-dpl-ccdb-backend]: [22:07:13][INFO] ccdb reads http://alice-ccdb.cern.ch/CTP/Calib/OrbitReset/1546300800000/b9f985c3-b4b0-11ec-8fd3-90ce809b24ee for 1546300800000 (load to memory, agent_id: localhost.localdomain-1692907629-9k1D23), 
[152352:internal-dpl-ccdb-backend]: Info in <TJAlienFile::Open>: Accessing file /alice/data/CCDB/MFT/Config/AlpideParam/04/29512/fd421b4c-d4ae-11ec-90c5-2a010e0a0b16 in SE <ALICE::CERN::OCDB>
[152352:internal-dpl-ccdb-backend]: [22:07:13][INFO] ccdb reads http://alice-ccdb.cern.ch/MFT/Config/AlpideParam/1/fd421b4c-d4ae-11ec-90c5-2a010e0a0b16 for 1546300800000 (load to memory, agent_id: localhost.localdomain-1692907629-9k1D23), 
[152352:internal-dpl-ccdb-backend]: Info in <TJAlienFile::Open>: Accessing file /alice/data/CCDB/MFT/Calib/ClusterDictionary/13/20237/c9a0bd70-9fe3-11ec-975c-200114580202 in SE <ALICE::CERN::EOS>
[152352:internal-dpl-ccdb-backend]: [22:07:13][INFO] ccdb reads http://alice-ccdb.cern.ch/MFT/Calib/ClusterDictionary/0/c9a0bd70-9fe3-11ec-975c-200114580202 for 1546300800000 (load to memory, agent_id: localhost.localdomain-1692907629-9k1D23), 
[152352:internal-dpl-ccdb-backend]: Info in <TJAlienFile::Open>: Accessing file /alice/data/CCDB/GLO/Config/GRPMagField/06/62924/01d633ab-efdf-11ec-841e-2a010e0a0b16 in SE <ALICE::CERN::OCDB>
[152352:internal-dpl-ccdb-backend]: [22:07:13][INFO] ccdb reads http://alice-ccdb.cern.ch/GLO/Config/GRPMagField/1546300800000/01d633ab-efdf-11ec-841e-2a010e0a0b16 for 1546300800000 (load to memory, agent_id: localhost.localdomain-1692907629-9k1D23), 
[152352:internal-dpl-ccdb-backend]: Info in <TJAlienFile::Open>: Accessing file /alice/data/CCDB/GLO/Config/GRPLHCIF/04/60609/b3296373-efea-11ec-b9c0-2a010e0a0b16 in SE <ALICE::CERN::OCDB>
[152352:internal-dpl-ccdb-backend]: [22:07:13][INFO] ccdb reads http://alice-ccdb.cern.ch/GLO/Config/GRPLHCIF/1546300800000/b3296373-efea-11ec-b9c0-2a010e0a0b16 for 1546300800000 (load to memory, agent_id: localhost.localdomain-1692907629-9k1D23), 
[152352:internal-dpl-ccdb-backend]: Info in <TJAlienFile::Open>: Accessing file /alice/data/CCDB/GLO/Config/GRPECS/03/07584/646e9be2-0210-11ed-8000-200114580202 in SE <ALICE::CERN::OCDB>
[152352:internal-dpl-ccdb-backend]: [22:07:13][INFO] ccdb reads http://alice-ccdb.cern.ch/GLO/Config/GRPECS/1546300800000/646e9be2-0210-11ed-8000-200114580202 for 1546300800000 (load to memory, agent_id: localhost.localdomain-1692907629-9k1D23), 
[152352:internal-dpl-ccdb-backend]: Info in <TJAlienFile::Open>: Accessing file /alice/data/CCDB/GLO/Config/GeometryAligned/06/21224/787687c0-287a-11ed-8141-200114580202 in SE <ALICE::CERN::OCDB>
[152352:internal-dpl-ccdb-backend]: [22:07:14][INFO] ccdb reads http://alice-ccdb.cern.ch/GLO/Config/GeometryAligned/1546300800000/787687c0-287a-11ed-8141-200114580202 for 1546300800000 (load to memory, agent_id: localhost.localdomain-1692907629-9k1D23), 
[152352:internal-dpl-ccdb-backend]: [22:07:14][INFO] Sending end-of-stream message to channel from_internal-dpl-ccdb-backend_to_globalfwd-track-matcher
[152352:internal-dpl-ccdb-backend]: [22:07:14][INFO] Sending end-of-stream message to channel from_internal-dpl-ccdb-backend_to_internal-dpl-injected-dummy-sink
[152353:globalfwd-track-matcher]: [22:07:15][INFO] MFT Alpide param updated
[152353:globalfwd-track-matcher]: [22:07:15][INFO] Caching in 140591978889296 ptr to MFT/ALPIDEPARAM/0 (0x7fe09fd9f7a0)
[152353:globalfwd-track-matcher]: [22:07:15][INFO] cluster dictionary updated
[152353:globalfwd-track-matcher]: [22:07:15][INFO] Caching in 140591978891568 ptr to MFT/CLUSDICT/0 (0x6534680)
[152353:globalfwd-track-matcher]: [22:07:15][INFO] GRP MagField object updated
[152353:globalfwd-track-matcher]: [22:07:15][INFO] MagneticField::Print: MagneticFieldMap:
[152353:globalfwd-track-matcher]: [22:07:15][INFO] MagneticField::Print: Solenoid (-1*)5 kG, Dipole ON (-1) 
[152353:globalfwd-track-matcher]: [22:07:15][INFO] MagneticField::Print: Machine B fields for p-p  beam (7000 GeV): QGrad: 22.0002 Dipole: 37.8781
[152353:globalfwd-track-matcher]: [22:07:15][INFO] MagneticField::Print: Uses Sol30_Dip6_Hole  of /root/alice/sw/slc8_x86-64/O2/segment-local1/share/Common/maps/mfchebKGI_sym.root
[152353:globalfwd-track-matcher]: Info in <TGeoGlobalMagField::SetField>: Global magnetic field set to <MagneticFieldMap>
[152353:globalfwd-track-matcher]: Info in <TGeoGlobalMagField::Lock>: Global magnetic field <MagneticFieldMap> is now locked
[152353:globalfwd-track-matcher]: [22:07:15][INFO] Caching in 140591978913296 ptr to GLO/GRPMAGFIELD/0 (0x412dae0)
[152353:globalfwd-track-matcher]: [22:07:15][INFO] GRP LHCIF object updated
[152353:globalfwd-track-matcher]: [22:07:15][INFO] Caching in 140591978914544 ptr to GLO/GRPLHCIF/0 (0x7443500)
[152353:globalfwd-track-matcher]: [22:07:15][INFO] GRP ECS object updated
[152353:globalfwd-track-matcher]: [22:07:15][INFO] Caching in 140591978916816 ptr to GLO/GRPECS/0 (0x4676f20)
[152353:globalfwd-track-matcher]: Info in <TGeoManager::CloseGeometry>: Geometry loaded from file...
[152353:globalfwd-track-matcher]: Info in <TGeoManager::SetTopVolume>: Top volume is cave. Master volume is cave
[152353:globalfwd-track-matcher]: Info in <TGeoNavigator::BuildCache>: --- Maximum geometry depth set to 100
[152353:globalfwd-track-matcher]: Info in <TGeoManager::Voxelize>: Voxelizing...
[152353:globalfwd-track-matcher]: Info in <TGeoManager::CountLevels>: max level = 13, max placements = 735
[152353:globalfwd-track-matcher]: Info in <TGeoManager::CloseGeometry>: 5346742 nodes/ 27442 volume UID's in FAIR geometry
[152353:globalfwd-track-matcher]: Info in <TGeoManager::CloseGeometry>: ----------------modeler ready----------------
[152353:globalfwd-track-matcher]: [22:07:15][INFO] aligned geometry updated
[152353:globalfwd-track-matcher]: [22:07:15][INFO] Caching in 140591979341744 ptr to GLO/GEOMALIGN/0 (0x6c0d480)
[152353:globalfwd-track-matcher]: [22:07:15][INFO] Setting Global forward matching Bz = -5.00188
[152353:globalfwd-track-matcher]: [22:07:15][INFO] Initializing Global Forward Matcher
[152353:globalfwd-track-matcher]: [22:07:15][INFO] MFT Radiation Length = 0.042
[152353:globalfwd-track-matcher]: [22:07:15][INFO] MFT Align residuals = 1
[152353:globalfwd-track-matcher]: [22:07:15][INFO] MFTMCH matchingPlaneZ = -77.5
[152353:globalfwd-track-matcher]: [22:07:15][INFO] Match function string = matchALL
[152353:globalfwd-track-matcher]: [22:07:15][INFO]   Found built-in matching function matchALL
[152353:globalfwd-track-matcher]: [22:07:15][INFO] MFTMCH pair candidate cut function string = cutDisabled
[152353:globalfwd-track-matcher]: [22:07:15][INFO]   Found built-in cut function cutDisabled
[152353:globalfwd-track-matcher]: [22:07:15][INFO] UseMIDMCH Matching = true
[152353:globalfwd-track-matcher]: [22:07:15][INFO] Save mode MFTMCH candidates = 0
[152353:globalfwd-track-matcher]: [22:07:16][INFO] MFT GeometryTGeo::Build total number of sensors 936
[152353:globalfwd-track-matcher]: [22:07:16][INFO] Loading MFT L2G matrices from TGeo
[152353:globalfwd-track-matcher]: [22:07:16][INFO] Loading MFT T2L matrices from TGeo
[152353:globalfwd-track-matcher]: [22:07:16][INFO] Loaded 927 MFT Tracks in 42 ROFs
[152353:globalfwd-track-matcher]: [22:07:16][INFO] Loaded 3 MCH Tracks in 10 ROFs
[152353:globalfwd-track-matcher]: [22:07:16][INFO] Loaded 0 MCHMID matches
[152353:globalfwd-track-matcher]: [22:07:16][INFO] Running MCH-MFT Track Matching.
[152353:globalfwd-track-matcher]: [22:07:16][INFO]   MFT-MCH Matching: nFakes = 3 nTrue = 0
[152353:globalfwd-track-matcher]: [22:07:16][INFO] Fitting global muon tracks...
[152353:globalfwd-track-matcher]: [22:07:16][INFO] Finished fitting global muon tracks.
[152353:globalfwd-track-matcher]: [22:07:16][INFO]  Finalizing GlobalForwardMatch. Pushing 3 matched tracks
[152353:globalfwd-track-matcher]: [22:07:16][INFO] Forward matcher total timing: Cpu: 2.150e+00 Real: 5.456e+00 s in 1 slots
[152353:globalfwd-track-matcher]: [22:07:16][INFO] Sending end-of-stream message to channel from_globalfwd-track-matcher_to_globalfwd-track-writer
[152354:globalfwd-track-writer]: [22:07:16][INFO] Writing 3 GlobalForward Tracks
[INFO] Quitting
[INFO] QUIT_REQUESTED
[152352:internal-dpl-ccdb-backend]: [22:07:16][INFO] Received device shutdown request (signal 15).
[152352:internal-dpl-ccdb-backend]: [22:07:16][INFO] Waiting for graceful device shutdown. Hit Ctrl-C again to abort immediately.
[152348:mft-cluster-reader]: [22:07:16][INFO] Received device shutdown request (signal 15).
[152348:mft-cluster-reader]: [22:07:16][INFO] Waiting for graceful device shutdown. Hit Ctrl-C again to abort immediately.
[152349:mch-tracks-reader0]: [22:07:16][INFO] Received device shutdown request (signal 15).
[152349:mch-tracks-reader0]: [22:07:16][INFO] Waiting for graceful device shutdown. Hit Ctrl-C again to abort immediately.
[152352:internal-dpl-ccdb-backend]: [22:07:16][INFO] New state requested. No timeout set, quitting immediately as per --completion-policy
[152352:internal-dpl-ccdb-backend]: [22:07:16][INFO] CCDB cache miss/hit ratio:
[152352:internal-dpl-ccdb-backend]: [22:07:16][INFO]   GLO/Config/GeometryAligned: 1/0 (1847296-1847296 bytes)
[152352:internal-dpl-ccdb-backend]: [22:07:16][INFO]   GLO/Config/GRPECS: 1/0 (2048-2048 bytes)
[152352:internal-dpl-ccdb-backend]: [22:07:16][INFO]   GLO/Config/GRPLHCIF: 1/0 (2048-2048 bytes)
[152352:internal-dpl-ccdb-backend]: [22:07:16][INFO]   GLO/Config/GRPMagField: 1/0 (1024-1024 bytes)
[152352:internal-dpl-ccdb-backend]: [22:07:16][INFO]   MFT/Calib/ClusterDictionary: 1/0 (21504-21504 bytes)
[152352:internal-dpl-ccdb-backend]: [22:07:16][INFO]   MFT/Config/AlpideParam: 1/0 (2048-2048 bytes)
[152352:internal-dpl-ccdb-backend]: [22:07:16][INFO]   CTP/Calib/OrbitReset: 1/1 (1024-1024 bytes)
[152352:internal-dpl-ccdb-backend]: [22:07:16][STATE] RUNNING ---> READY
[152348:mft-cluster-reader]: [22:07:16][INFO] New state requested. No timeout set, quitting immediately as per --completion-policy
[152348:mft-cluster-reader]: [22:07:16][STATE] RUNNING ---> READY
[152349:mch-tracks-reader0]: [22:07:16][INFO] New state requested. No timeout set, quitting immediately as per --completion-policy
[152349:mch-tracks-reader0]: [22:07:16][STATE] RUNNING ---> READY
[152349:mch-tracks-reader0]: [22:07:16][STATE] READY ---> RESETTING TASK
[152349:mch-tracks-reader0]: [22:07:16][STATE] RESETTING TASK ---> DEVICE READY
[152349:mch-tracks-reader0]: [22:07:16][STATE] DEVICE READY ---> RESETTING DEVICE
[152352:internal-dpl-ccdb-backend]: [22:07:16][STATE] READY ---> RESETTING TASK
[152352:internal-dpl-ccdb-backend]: [22:07:16][STATE] RESETTING TASK ---> DEVICE READY
[152352:internal-dpl-ccdb-backend]: [22:07:16][STATE] DEVICE READY ---> RESETTING DEVICE
[152348:mft-cluster-reader]: [22:07:16][STATE] READY ---> RESETTING TASK
[152348:mft-cluster-reader]: [22:07:16][STATE] RESETTING TASK ---> DEVICE READY
[152348:mft-cluster-reader]: [22:07:16][STATE] DEVICE READY ---> RESETTING DEVICE
[152347:internal-dpl-clock]: [22:07:16][INFO] Received device shutdown request (signal 15).
[152347:internal-dpl-clock]: [22:07:16][INFO] Waiting for graceful device shutdown. Hit Ctrl-C again to abort immediately.
[152350:mft-track-reader]: [22:07:16][INFO] Received device shutdown request (signal 15).
[152350:mft-track-reader]: [22:07:16][INFO] Waiting for graceful device shutdown. Hit Ctrl-C again to abort immediately.
[152351:mchmid-matches-reader]: [22:07:16][INFO] Received device shutdown request (signal 15).
[152351:mchmid-matches-reader]: [22:07:16][INFO] Waiting for graceful device shutdown. Hit Ctrl-C again to abort immediately.
[152353:globalfwd-track-matcher]: [22:07:16][INFO] Received device shutdown request (signal 15).
[152353:globalfwd-track-matcher]: [22:07:16][INFO] Waiting for graceful device shutdown. Hit Ctrl-C again to abort immediately.
[152354:globalfwd-track-writer]: [22:07:16][INFO] Received device shutdown request (signal 15).
[152354:globalfwd-track-writer]: [22:07:16][INFO] Waiting for graceful device shutdown. Hit Ctrl-C again to abort immediately.
[152355:internal-dpl-injected-dummy-sink]: [22:07:16][INFO] Received device shutdown request (signal 15).
[152355:internal-dpl-injected-dummy-sink]: [22:07:16][INFO] Waiting for graceful device shutdown. Hit Ctrl-C again to abort immediately.
[152347:internal-dpl-clock]: [22:07:16][INFO] New state requested. No timeout set, quitting immediately as per --completion-policy
[152347:internal-dpl-clock]: [22:07:16][STATE] RUNNING ---> READY
[152347:internal-dpl-clock]: [22:07:16][STATE] READY ---> RESETTING TASK
[152347:internal-dpl-clock]: [22:07:16][STATE] RESETTING TASK ---> DEVICE READY
[152349:mch-tracks-reader0]: [22:07:16][STATE] RESETTING DEVICE ---> IDLE
[152354:globalfwd-track-writer]: [22:07:16][INFO] New state requested. No timeout set, quitting immediately as per --completion-policy
[152347:internal-dpl-clock]: [22:07:16][STATE] DEVICE READY ---> RESETTING DEVICE
[152353:globalfwd-track-matcher]: [22:07:16][INFO] New state requested. No timeout set, quitting immediately as per --completion-policy
[152353:globalfwd-track-matcher]: [22:07:16][STATE] RUNNING ---> READY
[152351:mchmid-matches-reader]: [22:07:16][INFO] New state requested. No timeout set, quitting immediately as per --completion-policy
[152351:mchmid-matches-reader]: [22:07:16][STATE] RUNNING ---> READY
[152351:mchmid-matches-reader]: [22:07:16][STATE] READY ---> RESETTING TASK
[152351:mchmid-matches-reader]: [22:07:16][STATE] RESETTING TASK ---> DEVICE READY
[152352:internal-dpl-ccdb-backend]: [22:07:16][STATE] RESETTING DEVICE ---> IDLE
[152350:mft-track-reader]: [22:07:16][INFO] New state requested. No timeout set, quitting immediately as per --completion-policy
[152350:mft-track-reader]: [22:07:16][STATE] RUNNING ---> READY
[152350:mft-track-reader]: [22:07:16][STATE] READY ---> RESETTING TASK
[152350:mft-track-reader]: [22:07:16][STATE] RESETTING TASK ---> DEVICE READY
[152350:mft-track-reader]: [22:07:16][STATE] DEVICE READY ---> RESETTING DEVICE
[152351:mchmid-matches-reader]: [22:07:16][STATE] DEVICE READY ---> RESETTING DEVICE
[152349:mch-tracks-reader0]: [22:07:16][STATE] IDLE ---> EXITING
[152353:globalfwd-track-matcher]: [22:07:16][STATE] READY ---> RESETTING TASK
[152353:globalfwd-track-matcher]: [22:07:16][STATE] RESETTING TASK ---> DEVICE READY
[152353:globalfwd-track-matcher]: [22:07:16][STATE] DEVICE READY ---> RESETTING DEVICE
[152355:internal-dpl-injected-dummy-sink]: [22:07:16][INFO] New state requested. No timeout set, quitting immediately as per --completion-policy
[152355:internal-dpl-injected-dummy-sink]: [22:07:16][STATE] RUNNING ---> READY
[152349:mch-tracks-reader0]: [22:07:16][STATE] Exiting FairMQ state machine
[152355:internal-dpl-injected-dummy-sink]: [22:07:16][STATE] READY ---> RESETTING TASK
[152355:internal-dpl-injected-dummy-sink]: [22:07:16][STATE] RESETTING TASK ---> DEVICE READY
[152355:internal-dpl-injected-dummy-sink]: [22:07:16][STATE] DEVICE READY ---> RESETTING DEVICE
[152352:internal-dpl-ccdb-backend]: [22:07:16][STATE] IDLE ---> EXITING
[152347:internal-dpl-clock]: [22:07:16][STATE] RESETTING DEVICE ---> IDLE
[152347:internal-dpl-clock]: [22:07:16][STATE] IDLE ---> EXITING
[152348:mft-cluster-reader]: [22:07:16][STATE] RESETTING DEVICE ---> IDLE
[152347:internal-dpl-clock]: [22:07:16][STATE] Exiting FairMQ state machine
[152348:mft-cluster-reader]: [22:07:16][STATE] IDLE ---> EXITING
[152352:internal-dpl-ccdb-backend]: [22:07:16][STATE] Exiting FairMQ state machine
[152355:internal-dpl-injected-dummy-sink]: [22:07:16][STATE] RESETTING DEVICE ---> IDLE
[152348:mft-cluster-reader]: [22:07:16][STATE] Exiting FairMQ state machine
[152350:mft-track-reader]: [22:07:16][STATE] RESETTING DEVICE ---> IDLE
[152350:mft-track-reader]: [22:07:16][STATE] IDLE ---> EXITING
[152350:mft-track-reader]: [22:07:16][STATE] Exiting FairMQ state machine
[152351:mchmid-matches-reader]: [22:07:16][STATE] RESETTING DEVICE ---> IDLE
[152351:mchmid-matches-reader]: [22:07:16][STATE] IDLE ---> EXITING
[152353:globalfwd-track-matcher]: [22:07:16][STATE] RESETTING DEVICE ---> IDLE
[152353:globalfwd-track-matcher]: [22:07:16][STATE] IDLE ---> EXITING
[152353:globalfwd-track-matcher]: [22:07:16][STATE] Exiting FairMQ state machine
[152355:internal-dpl-injected-dummy-sink]: [22:07:16][STATE] IDLE ---> EXITING
[152355:internal-dpl-injected-dummy-sink]: [22:07:16][STATE] Exiting FairMQ state machine
[152351:mchmid-matches-reader]: [22:07:16][STATE] Exiting FairMQ state machine
[152354:globalfwd-track-writer]: [22:07:16][STATE] RUNNING ---> READY
[152354:globalfwd-track-writer]: [22:07:16][STATE] READY ---> RESETTING TASK
[152354:globalfwd-track-writer]: [22:07:16][STATE] RESETTING TASK ---> DEVICE READY
[152354:globalfwd-track-writer]: [22:07:16][STATE] DEVICE READY ---> RESETTING DEVICE
[152354:globalfwd-track-writer]: [22:07:16][INFO] Cleaning up for shared memory id '75813f17'...
[152354:globalfwd-track-writer]: [22:07:16][INFO] Found 0 unmanaged regions...
[152354:globalfwd-track-writer]: [22:07:16][INFO] Found 1 managed segments...
[152354:globalfwd-track-writer]: [22:07:16][INFO] Successfully removed 'fmq_75813f17_m_0'.
[152354:globalfwd-track-writer]: [22:07:16][INFO] Successfully removed 'fmq_75813f17_mng'.
[152354:globalfwd-track-writer]: [22:07:16][STATE] RESETTING DEVICE ---> IDLE
[152354:globalfwd-track-writer]: [22:07:16][STATE] IDLE ---> EXITING
[152354:globalfwd-track-writer]: [22:07:16][STATE] Exiting FairMQ state machine
[INFO] ## Processes completed. Run summary:
[INFO] ### Devices started: 9
[INFO]  - Device internal-dpl-clock: pid 152347 (exit 0)
[INFO]  - Device mft-cluster-reader: pid 152348 (exit 0)
[INFO]  - Device mch-tracks-reader0: pid 152349 (exit 0)
[INFO]  - Device mft-track-reader: pid 152350 (exit 0)
[INFO]  - Device mchmid-matches-reader: pid 152351 (exit 0)
[INFO]  - Device internal-dpl-ccdb-backend: pid 152352 (exit 0)
[INFO]  - Device globalfwd-track-matcher: pid 152353 (exit 0)
[INFO]  - Device globalfwd-track-writer: pid 152354 (exit 0)
[INFO]  - Device internal-dpl-injected-dummy-sink: pid 152355 (exit 0)
[INFO] Dumping used configuration in dpl-config.json
TASK-EXIT-CODE: 0
