Running: TIME="#walltime %e" /usr/bin/time --output=midreco.log_time ./midreco.log_tmp.sh
[INFO] Initialising O2 Data Processing Layer. Driver PID: 148128.
[INFO] Driver listening on port: 36208
[INFO] Rate limiting set up at 500MB distributed over 1 readers
[INFO] O2 Data Processing Layer initialised. We brake for nobody.
[INFO] Optimised build. O2DEBUG / LOG(debug) / LOGF(debug) / assert statement will not be shown.
[INFO] Redeployment of configuration asked.
[INFO] Starting internal-dpl-clock on pid 148182
[INFO] Starting MIDDigitsReader on pid 148183
[INFO] Starting internal-dpl-ccdb-backend on pid 148184
[INFO] Starting MIDFiltering on pid 148185
[INFO] Starting MIDClusterizer on pid 148186
[INFO] Starting MIDTracker on pid 148187
[INFO] Starting MIDRecoWriter on pid 148188
[INFO] Starting internal-dpl-injected-dummy-sink on pid 148189
[INFO] Redeployment of configuration done.
[148182:internal-dpl-clock]: [INFO] Instrumenting crash signals
[148182:internal-dpl-clock]: [INFO] Spawing new device internal-dpl-clock in process with pid 148182
[148182:internal-dpl-clock]: [22:06:05][INFO] 
[148182:internal-dpl-clock]:       ______      _    _______  _________ 
[148182:internal-dpl-clock]:      / ____/___ _(_)_______   |/  /_  __ \    version 1.6.0
[148182:internal-dpl-clock]:     / /_  / __ `/ / ___/__  /|_/ /_  / / /    build RELWITHDEBINFO
[148182:internal-dpl-clock]:    / __/ / /_/ / / /    _  /  / / / /_/ /     https://github.com/FairRootGroup/FairMQ
[148182:internal-dpl-clock]:   /_/    \__,_/_/_/     /_/  /_/  \___\_\     LGPL-3.0  © 2012-2023 GSI
[148182:internal-dpl-clock]: 
[148182:internal-dpl-clock]: [22:06:05][STATE] Starting FairMQ state machine --> IDLE
[148182:internal-dpl-clock]: [22:06:05][STATE] IDLE ---> INITIALIZING DEVICE
[148182:internal-dpl-clock]: [22:06:05][STATE] INITIALIZING DEVICE ---> INITIALIZED
[148183:MIDDigitsReader]: [INFO] Instrumenting crash signals
[148183:MIDDigitsReader]: [INFO] Spawing new device MIDDigitsReader in process with pid 148183
[148183:MIDDigitsReader]: [22:06:05][INFO] 
[148183:MIDDigitsReader]:       ______      _    _______  _________ 
[148183:MIDDigitsReader]:      / ____/___ _(_)_______   |/  /_  __ \    version 1.6.0
[148183:MIDDigitsReader]:     / /_  / __ `/ / ___/__  /|_/ /_  / / /    build RELWITHDEBINFO
[148183:MIDDigitsReader]:    / __/ / /_/ / / /    _  /  / / / /_/ /     https://github.com/FairRootGroup/FairMQ
[148183:MIDDigitsReader]:   /_/    \__,_/_/_/     /_/  /_/  \___\_\     LGPL-3.0  © 2012-2023 GSI
[148183:MIDDigitsReader]: 
[148183:MIDDigitsReader]: [22:06:05][STATE] Starting FairMQ state machine --> IDLE
[148182:internal-dpl-clock]: [22:06:05][STATE] INITIALIZED ---> BINDING
[148182:internal-dpl-clock]: [22:06:05][STATE] BINDING ---> BOUND
[148183:MIDDigitsReader]: [22:06:05][STATE] IDLE ---> INITIALIZING DEVICE
[148184:internal-dpl-ccdb-backend]: [INFO] Instrumenting crash signals
[148182:internal-dpl-clock]: [22:06:05][STATE] BOUND ---> CONNECTING
[148182:internal-dpl-clock]: [22:06:05][STATE] CONNECTING ---> DEVICE READY
[148184:internal-dpl-ccdb-backend]: [INFO] Spawing new device internal-dpl-ccdb-backend in process with pid 148184
[148184:internal-dpl-ccdb-backend]: [22:06:05][INFO] 
[148184:internal-dpl-ccdb-backend]:       ______      _    _______  _________ 
[148184:internal-dpl-ccdb-backend]:      / ____/___ _(_)_______   |/  /_  __ \    version 1.6.0
[148184:internal-dpl-ccdb-backend]:     / /_  / __ `/ / ___/__  /|_/ /_  / / /    build RELWITHDEBINFO
[148184:internal-dpl-ccdb-backend]:    / __/ / /_/ / / /    _  /  / / / /_/ /     https://github.com/FairRootGroup/FairMQ
[148184:internal-dpl-ccdb-backend]:   /_/    \__,_/_/_/     /_/  /_/  \___\_\     LGPL-3.0  © 2012-2023 GSI
[148184:internal-dpl-ccdb-backend]: 
[148184:internal-dpl-ccdb-backend]: [22:06:05][STATE] Starting FairMQ state machine --> IDLE
[148188:MIDRecoWriter]: [INFO] Instrumenting crash signals
[148182:internal-dpl-clock]: [22:06:05][STATE] DEVICE READY ---> INITIALIZING TASK
[148182:internal-dpl-clock]: [22:06:05][STATE] INITIALIZING TASK ---> READY
[148188:MIDRecoWriter]: [INFO] Spawing new device MIDRecoWriter in process with pid 148188
[148188:MIDRecoWriter]: [22:06:05][INFO] 
[148188:MIDRecoWriter]:       ______      _    _______  _________ 
[148188:MIDRecoWriter]:      / ____/___ _(_)_______   |/  /_  __ \    version 1.6.0
[148188:MIDRecoWriter]:     / /_  / __ `/ / ___/__  /|_/ /_  / / /    build RELWITHDEBINFO
[148188:MIDRecoWriter]:    / __/ / /_/ / / /    _  /  / / / /_/ /     https://github.com/FairRootGroup/FairMQ
[148188:MIDRecoWriter]:   /_/    \__,_/_/_/     /_/  /_/  \___\_\     LGPL-3.0  © 2012-2023 GSI
[148188:MIDRecoWriter]: 
[148188:MIDRecoWriter]: [22:06:05][STATE] Starting FairMQ state machine --> IDLE
[148182:internal-dpl-clock]: [22:06:05][STATE] READY ---> RUNNING
[148182:internal-dpl-clock]: [22:06:05][INFO] fair::mq::Device running...
[148182:internal-dpl-clock]: [22:06:05][INFO] LHCPeriod is not available, using current month AUG
[148182:internal-dpl-clock]: [22:06:06][INFO] Correctly handshaken websocket connection.
[148184:internal-dpl-ccdb-backend]: [22:06:06][STATE] IDLE ---> INITIALIZING DEVICE
[148184:internal-dpl-ccdb-backend]: [22:06:06][INFO] CCDB Backend at: http://alice-ccdb.cern.ch, validity check for every 2147483647 TF
[148184:internal-dpl-ccdb-backend]: [22:06:06][INFO] Init CcdApi with UserAgentID: localhost.localdomain-1692907566-P5IlCD, Host: http://alice-ccdb.cern.ch
[148184:internal-dpl-ccdb-backend]: [22:06:06][INFO] Initialised default CCDB host http://alice-ccdb.cern.ch
[148184:internal-dpl-ccdb-backend]: [22:06:06][INFO] The following route is a condition MID/BAD_CHANNELS/0
[148184:internal-dpl-ccdb-backend]: [22:06:06][INFO] - ccdb-path: MID/Calib/BadChannels
[148184:internal-dpl-ccdb-backend]: [22:06:06][INFO] The following route is a condition MID/MASKED_CHANNELS/0
[148184:internal-dpl-ccdb-backend]: [22:06:06][INFO] - ccdb-path: MID/Calib/BadChannels
[148184:internal-dpl-ccdb-backend]: [22:06:06][INFO] The following route is a condition GLO/GEOMALIGN/0
[148184:internal-dpl-ccdb-backend]: [22:06:06][INFO] - ccdb-path: GLO/Config/GeometryAligned
[148184:internal-dpl-ccdb-backend]: [22:06:06][STATE] INITIALIZING DEVICE ---> INITIALIZED
[148186:MIDClusterizer]: [INFO] Instrumenting crash signals
[148186:MIDClusterizer]: [INFO] Spawing new device MIDClusterizer in process with pid 148186
[148186:MIDClusterizer]: [22:06:06][INFO] 
[148186:MIDClusterizer]:       ______      _    _______  _________ 
[148186:MIDClusterizer]:      / ____/___ _(_)_______   |/  /_  __ \    version 1.6.0
[148186:MIDClusterizer]:     / /_  / __ `/ / ___/__  /|_/ /_  / / /    build RELWITHDEBINFO
[148186:MIDClusterizer]:    / __/ / /_/ / / /    _  /  / / / /_/ /     https://github.com/FairRootGroup/FairMQ
[148186:MIDClusterizer]:   /_/    \__,_/_/_/     /_/  /_/  \___\_\     LGPL-3.0  © 2012-2023 GSI
[148186:MIDClusterizer]: 
[148186:MIDClusterizer]: [22:06:06][STATE] Starting FairMQ state machine --> IDLE
[148187:MIDTracker]: [INFO] Instrumenting crash signals
[148187:MIDTracker]: [INFO] Spawing new device MIDTracker in process with pid 148187
[148187:MIDTracker]: [22:06:06][INFO] 
[148187:MIDTracker]:       ______      _    _______  _________ 
[148187:MIDTracker]:      / ____/___ _(_)_______   |/  /_  __ \    version 1.6.0
[148187:MIDTracker]:     / /_  / __ `/ / ___/__  /|_/ /_  / / /    build RELWITHDEBINFO
[148187:MIDTracker]:    / __/ / /_/ / / /    _  /  / / / /_/ /     https://github.com/FairRootGroup/FairMQ
[148187:MIDTracker]:   /_/    \__,_/_/_/     /_/  /_/  \___\_\     LGPL-3.0  © 2012-2023 GSI
[148187:MIDTracker]: 
[148187:MIDTracker]: [22:06:06][STATE] Starting FairMQ state machine --> IDLE
[148187:MIDTracker]: [22:06:06][STATE] IDLE ---> INITIALIZING DEVICE
[148187:MIDTracker]: [22:06:06][STATE] INITIALIZING DEVICE ---> INITIALIZED
[148187:MIDTracker]: [22:06:06][STATE] INITIALIZED ---> BINDING
[148187:MIDTracker]: [22:06:06][STATE] BINDING ---> BOUND
[148188:MIDRecoWriter]: [22:06:06][STATE] IDLE ---> INITIALIZING DEVICE
[148184:internal-dpl-ccdb-backend]: [22:06:06][STATE] INITIALIZED ---> BINDING
[148184:internal-dpl-ccdb-backend]: [22:06:06][STATE] BINDING ---> BOUND
[148187:MIDTracker]: [22:06:06][STATE] BOUND ---> CONNECTING
[148187:MIDTracker]: [22:06:06][STATE] CONNECTING ---> DEVICE READY
[148187:MIDTracker]: [22:06:06][STATE] DEVICE READY ---> INITIALIZING TASK
[148186:MIDClusterizer]: [22:06:06][STATE] IDLE ---> INITIALIZING DEVICE
[148184:internal-dpl-ccdb-backend]: [22:06:06][STATE] BOUND ---> CONNECTING
[148184:internal-dpl-ccdb-backend]: [22:06:06][STATE] CONNECTING ---> DEVICE READY
[148184:internal-dpl-ccdb-backend]: [22:06:06][STATE] DEVICE READY ---> INITIALIZING TASK
[148186:MIDClusterizer]: [22:06:06][STATE] INITIALIZING DEVICE ---> INITIALIZED
[148186:MIDClusterizer]: [22:06:06][STATE] INITIALIZED ---> BINDING
[148187:MIDTracker]: [22:06:06][STATE] INITIALIZING TASK ---> READY
[148187:MIDTracker]: [22:06:06][STATE] READY ---> RUNNING
[148187:MIDTracker]: [22:06:06][INFO] fair::mq::Device running...
[148187:MIDTracker]: [22:06:06][INFO] LHCPeriod is not available, using current month AUG
[148187:MIDTracker]: [22:06:06][INFO] Correctly handshaken websocket connection.
[148186:MIDClusterizer]: [22:06:06][STATE] BINDING ---> BOUND
[148186:MIDClusterizer]: [22:06:06][STATE] BOUND ---> CONNECTING
[148186:MIDClusterizer]: [22:06:06][STATE] CONNECTING ---> DEVICE READY
[148186:MIDClusterizer]: [22:06:06][STATE] DEVICE READY ---> INITIALIZING TASK
[148186:MIDClusterizer]: [22:06:06][STATE] INITIALIZING TASK ---> READY
[148186:MIDClusterizer]: [22:06:06][STATE] READY ---> RUNNING
[148186:MIDClusterizer]: [22:06:06][INFO] fair::mq::Device running...
[148186:MIDClusterizer]: [22:06:06][INFO] LHCPeriod is not available, using current month AUG
[148186:MIDClusterizer]: [22:06:06][INFO] Correctly handshaken websocket connection.
[148184:internal-dpl-ccdb-backend]: [22:06:06][STATE] INITIALIZING TASK ---> READY
[148184:internal-dpl-ccdb-backend]: [22:06:06][STATE] READY ---> RUNNING
[148184:internal-dpl-ccdb-backend]: [22:06:06][INFO] fair::mq::Device running...
[148184:internal-dpl-ccdb-backend]: [22:06:06][INFO] LHCPeriod is not available, using current month AUG
[148184:internal-dpl-ccdb-backend]: [22:06:06][INFO] Correctly handshaken websocket connection.
[148185:MIDFiltering]: [INFO] Instrumenting crash signals
[148185:MIDFiltering]: [INFO] Spawing new device MIDFiltering in process with pid 148185
[148185:MIDFiltering]: [22:06:06][INFO] 
[148185:MIDFiltering]:       ______      _    _______  _________ 
[148185:MIDFiltering]:      / ____/___ _(_)_______   |/  /_  __ \    version 1.6.0
[148185:MIDFiltering]:     / /_  / __ `/ / ___/__  /|_/ /_  / / /    build RELWITHDEBINFO
[148185:MIDFiltering]:    / __/ / /_/ / / /    _  /  / / / /_/ /     https://github.com/FairRootGroup/FairMQ
[148185:MIDFiltering]:   /_/    \__,_/_/_/     /_/  /_/  \___\_\     LGPL-3.0  © 2012-2023 GSI
[148185:MIDFiltering]: 
[148185:MIDFiltering]: [22:06:06][STATE] Starting FairMQ state machine --> IDLE
[148188:MIDRecoWriter]: [22:06:06][INFO] 0: branch  MIDTrack set up
[148188:MIDRecoWriter]: [22:06:06][INFO] 1: branch  MIDTrackCluster set up
[148188:MIDRecoWriter]: [22:06:06][INFO] 2: branch  MIDTrackROF set up
[148188:MIDRecoWriter]: [22:06:06][INFO] 3: branch  MIDTrackClusterROF set up
[148188:MIDRecoWriter]: [22:06:06][INFO] 4: branch  MIDTrackLabels set up
[148188:MIDRecoWriter]: [22:06:06][INFO] 5: branch  MIDTrackClusterLabels set up
[148188:MIDRecoWriter]: [22:06:06][STATE] INITIALIZING DEVICE ---> INITIALIZED
[148185:MIDFiltering]: [22:06:06][STATE] IDLE ---> INITIALIZING DEVICE
[148188:MIDRecoWriter]: [22:06:06][STATE] INITIALIZED ---> BINDING
[148188:MIDRecoWriter]: [22:06:06][STATE] BINDING ---> BOUND
[148188:MIDRecoWriter]: [22:06:06][STATE] BOUND ---> CONNECTING
[148188:MIDRecoWriter]: [22:06:06][STATE] CONNECTING ---> DEVICE READY
[148188:MIDRecoWriter]: [22:06:06][STATE] DEVICE READY ---> INITIALIZING TASK
[148188:MIDRecoWriter]: [22:06:06][STATE] INITIALIZING TASK ---> READY
[148185:MIDFiltering]: [22:06:06][STATE] INITIALIZING DEVICE ---> INITIALIZED
[148185:MIDFiltering]: [22:06:06][STATE] INITIALIZED ---> BINDING
[148185:MIDFiltering]: [22:06:06][STATE] BINDING ---> BOUND
[148185:MIDFiltering]: [22:06:06][STATE] BOUND ---> CONNECTING
[148185:MIDFiltering]: [22:06:06][STATE] CONNECTING ---> DEVICE READY
[148185:MIDFiltering]: [22:06:06][STATE] DEVICE READY ---> INITIALIZING TASK
[148185:MIDFiltering]: [22:06:06][STATE] INITIALIZING TASK ---> READY
[148185:MIDFiltering]: [22:06:06][STATE] READY ---> RUNNING
[148185:MIDFiltering]: [22:06:06][INFO] fair::mq::Device running...
[148185:MIDFiltering]: [22:06:06][INFO] LHCPeriod is not available, using current month AUG
[148185:MIDFiltering]: [22:06:06][INFO] Correctly handshaken websocket connection.
[148188:MIDRecoWriter]: [22:06:06][STATE] READY ---> RUNNING
[148188:MIDRecoWriter]: [22:06:06][INFO] fair::mq::Device running...
[148188:MIDRecoWriter]: [22:06:06][INFO] LHCPeriod is not available, using current month AUG
[148188:MIDRecoWriter]: [22:06:06][INFO] Correctly handshaken websocket connection.
[148189:internal-dpl-injected-dummy-sink]: [INFO] Instrumenting crash signals
[148189:internal-dpl-injected-dummy-sink]: [INFO] Spawing new device internal-dpl-injected-dummy-sink in process with pid 148189
[148189:internal-dpl-injected-dummy-sink]: [22:06:06][INFO] 
[148189:internal-dpl-injected-dummy-sink]:       ______      _    _______  _________ 
[148189:internal-dpl-injected-dummy-sink]:      / ____/___ _(_)_______   |/  /_  __ \    version 1.6.0
[148189:internal-dpl-injected-dummy-sink]:     / /_  / __ `/ / ___/__  /|_/ /_  / / /    build RELWITHDEBINFO
[148189:internal-dpl-injected-dummy-sink]:    / __/ / /_/ / / /    _  /  / / / /_/ /     https://github.com/FairRootGroup/FairMQ
[148189:internal-dpl-injected-dummy-sink]:   /_/    \__,_/_/_/     /_/  /_/  \___\_\     LGPL-3.0  © 2012-2023 GSI
[148189:internal-dpl-injected-dummy-sink]: 
[148189:internal-dpl-injected-dummy-sink]: [22:06:06][STATE] Starting FairMQ state machine --> IDLE
[148189:internal-dpl-injected-dummy-sink]: [22:06:06][STATE] IDLE ---> INITIALIZING DEVICE
[148189:internal-dpl-injected-dummy-sink]: [22:06:06][STATE] INITIALIZING DEVICE ---> INITIALIZED
[148189:internal-dpl-injected-dummy-sink]: [22:06:06][STATE] INITIALIZED ---> BINDING
[148189:internal-dpl-injected-dummy-sink]: [22:06:06][STATE] BINDING ---> BOUND
[148189:internal-dpl-injected-dummy-sink]: [22:06:06][STATE] BOUND ---> CONNECTING
[148189:internal-dpl-injected-dummy-sink]: [22:06:06][STATE] CONNECTING ---> DEVICE READY
[148189:internal-dpl-injected-dummy-sink]: [22:06:06][STATE] DEVICE READY ---> INITIALIZING TASK
[148189:internal-dpl-injected-dummy-sink]: [22:06:06][STATE] INITIALIZING TASK ---> READY
[148189:internal-dpl-injected-dummy-sink]: [22:06:06][STATE] READY ---> RUNNING
[148189:internal-dpl-injected-dummy-sink]: [22:06:06][INFO] fair::mq::Device running...
[148189:internal-dpl-injected-dummy-sink]: [22:06:06][INFO] LHCPeriod is not available, using current month AUG
[148189:internal-dpl-injected-dummy-sink]: [22:06:06][INFO] Correctly handshaken websocket connection.
[148183:MIDDigitsReader]: [22:06:06][INFO] branch set up: MIDDigit
[148183:MIDDigitsReader]: [22:06:06][INFO] branch set up: MIDROFRecords
[148183:MIDDigitsReader]: [22:06:06][INFO] branch set up: MIDDigitMCLabels
[148183:MIDDigitsReader]: [22:06:06][STATE] INITIALIZING DEVICE ---> INITIALIZED
[148183:MIDDigitsReader]: [22:06:06][STATE] INITIALIZED ---> BINDING
[148183:MIDDigitsReader]: [22:06:06][STATE] BINDING ---> BOUND
[148183:MIDDigitsReader]: [22:06:06][STATE] BOUND ---> CONNECTING
[148183:MIDDigitsReader]: [22:06:06][STATE] CONNECTING ---> DEVICE READY
[148183:MIDDigitsReader]: [22:06:06][STATE] DEVICE READY ---> INITIALIZING TASK
[148183:MIDDigitsReader]: [22:06:06][STATE] INITIALIZING TASK ---> READY
[148183:MIDDigitsReader]: [22:06:06][STATE] READY ---> RUNNING
[148183:MIDDigitsReader]: [22:06:06][INFO] fair::mq::Device running...
[148183:MIDDigitsReader]: [22:06:06][INFO] LHCPeriod is not available, using current month AUG
[148183:MIDDigitsReader]: [22:06:06][INFO] Correctly handshaken websocket connection.
[148183:MIDDigitsReader]: [22:06:06][INFO] Sending end-of-stream message to channel from_MIDDigitsReader_to_internal-dpl-ccdb-backend
[148183:MIDDigitsReader]: [22:06:06][INFO] Sending end-of-stream message to channel from_MIDDigitsReader_to_MIDFiltering
[148184:internal-dpl-ccdb-backend]: Info in <TJAlienConnectionManager>: Opening connection to JCentral. Please wait
[148184:internal-dpl-ccdb-backend]: Info in <TJAlienConnectionManager>: Opening connection to 137.138.99.188
[148184:internal-dpl-ccdb-backend]: Info in <TJAlienConnectionManager>: Successfully connected to 137.138.99.188
[148184:internal-dpl-ccdb-backend]: Info in <TJAlienFile::Open>: Accessing file /alice/data/CCDB/CTP/Calib/OrbitReset/06/62200/b9f985c3-b4b0-11ec-8fd3-90ce809b24ee in SE <ALICE::CERN::EOS>
[148184:internal-dpl-ccdb-backend]: [22:06:07][INFO] ccdb reads http://alice-ccdb.cern.ch/CTP/Calib/OrbitReset/1546300800000/b9f985c3-b4b0-11ec-8fd3-90ce809b24ee for 1546300800000 (load to memory, agent_id: localhost.localdomain-1692907566-P5IlCD), 
[148184:internal-dpl-ccdb-backend]: Info in <TJAlienFile::Open>: Accessing file /alice/data/CCDB/MID/Calib/BadChannels/02/17415/639eaa1c-d070-11ec-8000-0aa204881b9a in SE <ALICE::CERN::OCDB>
[148184:internal-dpl-ccdb-backend]: [22:06:07][INFO] ccdb reads http://alice-ccdb.cern.ch/MID/Calib/BadChannels/6635/639eaa1c-d070-11ec-8000-0aa204881b9a for 1546300800000 (load to memory, agent_id: localhost.localdomain-1692907566-P5IlCD), 
[148184:internal-dpl-ccdb-backend]: Info in <TJAlienFile::Open>: Accessing file /alice/data/CCDB/GLO/Config/GeometryAligned/06/21224/787687c0-287a-11ed-8141-200114580202 in SE <ALICE::CERN::OCDB>
[148184:internal-dpl-ccdb-backend]: [22:06:07][INFO] ccdb reads http://alice-ccdb.cern.ch/GLO/Config/GeometryAligned/1546300800000/787687c0-287a-11ed-8141-200114580202 for 1546300800000 (load to memory, agent_id: localhost.localdomain-1692907566-P5IlCD), 
[148184:internal-dpl-ccdb-backend]: [22:06:07][INFO] Sending end-of-stream message to channel from_internal-dpl-ccdb-backend_to_MIDFiltering
[148184:internal-dpl-ccdb-backend]: [22:06:07][INFO] Sending end-of-stream message to channel from_internal-dpl-ccdb-backend_to_MIDTracker
[148184:internal-dpl-ccdb-backend]: [22:06:07][INFO] Sending end-of-stream message to channel from_internal-dpl-ccdb-backend_to_internal-dpl-injected-dummy-sink
[148185:MIDFiltering]: [22:06:09][INFO] Update MID_BAD_CHANNELS
[148185:MIDFiltering]: [22:06:09][INFO] Caching in 140019534490336 ptr to MID/BAD_CHANNELS/0 (0x3871590)
[148185:MIDFiltering]: [22:06:09][INFO] Sending end-of-stream message to channel from_MIDFiltering_to_MIDClusterizer
[148186:MIDClusterizer]: [22:06:09][INFO] Sending end-of-stream message to channel from_MIDClusterizer_to_MIDTracker
[148187:MIDTracker]: Info in <TGeoManager::CloseGeometry>: Geometry loaded from file...
[148187:MIDTracker]: Info in <TGeoManager::SetTopVolume>: Top volume is cave. Master volume is cave
[148187:MIDTracker]: Info in <TGeoNavigator::BuildCache>: --- Maximum geometry depth set to 100
[148187:MIDTracker]: Info in <TGeoManager::Voxelize>: Voxelizing...
[148187:MIDTracker]: Info in <TGeoManager::CountLevels>: max level = 13, max placements = 735
[148187:MIDTracker]: Info in <TGeoManager::CloseGeometry>: 5346742 nodes/ 27442 volume UID's in FAIR geometry
[148187:MIDTracker]: Info in <TGeoManager::CloseGeometry>: ----------------modeler ready----------------
[148187:MIDTracker]: [22:06:11][INFO] aligned geometry updated
[148187:MIDTracker]: [22:06:11][INFO] Caching in 140478205170816 ptr to GLO/GEOMALIGN/0 (0x408ae30)
[148187:MIDTracker]: [22:06:12][INFO] Update MID_MASKED_CHANNELS
[148187:MIDTracker]: [22:06:12][INFO] Caching in 140478205168352 ptr to MID/MASKED_CHANNELS/0 (0x3ed1a60)
[148187:MIDTracker]: [22:06:12][INFO] Sending end-of-stream message to channel from_MIDTracker_to_MIDRecoWriter
[148188:MIDRecoWriter]: [22:06:12][ERROR] Some Lifetime::Timeframe data got dropped starting at 1
[INFO] Quitting
[INFO] QUIT_REQUESTED
[148189:internal-dpl-injected-dummy-sink]: [22:06:12][INFO] Received device shutdown request (signal 15).
[148189:internal-dpl-injected-dummy-sink]: [22:06:12][INFO] Waiting for graceful device shutdown. Hit Ctrl-C again to abort immediately.
[148182:internal-dpl-clock]: [22:06:12][INFO] Received device shutdown request (signal 15).
[148182:internal-dpl-clock]: [22:06:12][INFO] Waiting for graceful device shutdown. Hit Ctrl-C again to abort immediately.
[148183:MIDDigitsReader]: [22:06:12][INFO] Received device shutdown request (signal 15).
[148183:MIDDigitsReader]: [22:06:12][INFO] Waiting for graceful device shutdown. Hit Ctrl-C again to abort immediately.
[148184:internal-dpl-ccdb-backend]: [22:06:12][INFO] Received device shutdown request (signal 15).
[148184:internal-dpl-ccdb-backend]: [22:06:12][INFO] Waiting for graceful device shutdown. Hit Ctrl-C again to abort immediately.
[148185:MIDFiltering]: [22:06:12][INFO] Received device shutdown request (signal 15).
[148185:MIDFiltering]: [22:06:12][INFO] Waiting for graceful device shutdown. Hit Ctrl-C again to abort immediately.
[148186:MIDClusterizer]: [22:06:12][INFO] Received device shutdown request (signal 15).
[148186:MIDClusterizer]: [22:06:12][INFO] Waiting for graceful device shutdown. Hit Ctrl-C again to abort immediately.
[148187:MIDTracker]: [22:06:12][INFO] Received device shutdown request (signal 15).
[148187:MIDTracker]: [22:06:12][INFO] Waiting for graceful device shutdown. Hit Ctrl-C again to abort immediately.
[148187:MIDTracker]: [22:06:12][INFO] New state requested. No timeout set, quitting immediately as per --completion-policy
[148187:MIDTracker]: [22:06:12][INFO] Processing time / 18 ROFs: full: 167127 us  tracking: 2.95372 us  hitMapBuilder: 2.0609e-05 us
[148187:MIDTracker]: [22:06:12][STATE] RUNNING ---> READY
[148188:MIDRecoWriter]: [22:06:12][INFO] Received device shutdown request (signal 15).
[148188:MIDRecoWriter]: [22:06:12][INFO] Waiting for graceful device shutdown. Hit Ctrl-C again to abort immediately.
[148189:internal-dpl-injected-dummy-sink]: [22:06:12][INFO] New state requested. No timeout set, quitting immediately as per --completion-policy
[148189:internal-dpl-injected-dummy-sink]: [22:06:12][STATE] RUNNING ---> READY
[148182:internal-dpl-clock]: [22:06:12][INFO] New state requested. No timeout set, quitting immediately as per --completion-policy
[148182:internal-dpl-clock]: [22:06:12][STATE] RUNNING ---> READY
[148182:internal-dpl-clock]: [22:06:12][STATE] READY ---> RESETTING TASK
[148182:internal-dpl-clock]: [22:06:12][STATE] RESETTING TASK ---> DEVICE READY
[148182:internal-dpl-clock]: [22:06:12][STATE] DEVICE READY ---> RESETTING DEVICE
[148183:MIDDigitsReader]: [22:06:12][INFO] New state requested. No timeout set, quitting immediately as per --completion-policy
[148183:MIDDigitsReader]: [22:06:12][STATE] RUNNING ---> READY
[148183:MIDDigitsReader]: [22:06:12][STATE] READY ---> RESETTING TASK
[148183:MIDDigitsReader]: [22:06:12][STATE] RESETTING TASK ---> DEVICE READY
[148183:MIDDigitsReader]: [22:06:12][STATE] DEVICE READY ---> RESETTING DEVICE
[148184:internal-dpl-ccdb-backend]: [22:06:12][INFO] New state requested. No timeout set, quitting immediately as per --completion-policy
[148184:internal-dpl-ccdb-backend]: [22:06:12][INFO] CCDB cache miss/hit ratio:
[148184:internal-dpl-ccdb-backend]: [22:06:12][INFO]   GLO/Config/GeometryAligned: 1/0 (1847296-1847296 bytes)
[148184:internal-dpl-ccdb-backend]: [22:06:12][INFO]   MID/Calib/BadChannels: 1/1 (2048-2048 bytes)
[148184:internal-dpl-ccdb-backend]: [22:06:12][INFO]   CTP/Calib/OrbitReset: 1/1 (1024-1024 bytes)
[148184:internal-dpl-ccdb-backend]: [22:06:12][STATE] RUNNING ---> READY
[148184:internal-dpl-ccdb-backend]: [22:06:12][STATE] READY ---> RESETTING TASK
[148184:internal-dpl-ccdb-backend]: [22:06:12][STATE] RESETTING TASK ---> DEVICE READY
[148184:internal-dpl-ccdb-backend]: [22:06:12][STATE] DEVICE READY ---> RESETTING DEVICE
[148186:MIDClusterizer]: [22:06:12][INFO] New state requested. No timeout set, quitting immediately as per --completion-policy
[148186:MIDClusterizer]: [22:06:12][INFO] Processing time / 18 ROFs: full: 101.208 us  pre-clustering: 2.60028 us  clustering: 4.5395 us
[148186:MIDClusterizer]: [22:06:12][STATE] RUNNING ---> READY
[148189:internal-dpl-injected-dummy-sink]: [22:06:12][STATE] READY ---> RESETTING TASK
[148189:internal-dpl-injected-dummy-sink]: [22:06:12][STATE] RESETTING TASK ---> DEVICE READY
[148186:MIDClusterizer]: [22:06:12][STATE] READY ---> RESETTING TASK
[148185:MIDFiltering]: [22:06:12][INFO] New state requested. No timeout set, quitting immediately as per --completion-policy
[148185:MIDFiltering]: [22:06:12][STATE] RUNNING ---> READY
[148185:MIDFiltering]: [22:06:12][STATE] READY ---> RESETTING TASK
[148186:MIDClusterizer]: [22:06:12][STATE] RESETTING TASK ---> DEVICE READY
[148183:MIDDigitsReader]: [22:06:12][STATE] RESETTING DEVICE ---> IDLE
[148185:MIDFiltering]: [22:06:12][STATE] RESETTING TASK ---> DEVICE READY
[148185:MIDFiltering]: [22:06:12][STATE] DEVICE READY ---> RESETTING DEVICE
[148187:MIDTracker]: [22:06:12][STATE] READY ---> RESETTING TASK
[148187:MIDTracker]: [22:06:12][STATE] RESETTING TASK ---> DEVICE READY
[148188:MIDRecoWriter]: [22:06:12][INFO] New state requested. No timeout set, quitting immediately as per --completion-policy
[148189:internal-dpl-injected-dummy-sink]: [22:06:12][STATE] DEVICE READY ---> RESETTING DEVICE
[148183:MIDDigitsReader]: [22:06:12][STATE] IDLE ---> EXITING
[148183:MIDDigitsReader]: [22:06:12][STATE] Exiting FairMQ state machine
[148184:internal-dpl-ccdb-backend]: [22:06:12][STATE] RESETTING DEVICE ---> IDLE
[148184:internal-dpl-ccdb-backend]: [22:06:12][STATE] IDLE ---> EXITING
[148186:MIDClusterizer]: [22:06:12][STATE] DEVICE READY ---> RESETTING DEVICE
[148184:internal-dpl-ccdb-backend]: [22:06:12][STATE] Exiting FairMQ state machine
[148187:MIDTracker]: [22:06:12][STATE] DEVICE READY ---> RESETTING DEVICE
[148182:internal-dpl-clock]: [22:06:12][STATE] RESETTING DEVICE ---> IDLE
[148186:MIDClusterizer]: [22:06:12][STATE] RESETTING DEVICE ---> IDLE
[148189:internal-dpl-injected-dummy-sink]: [22:06:12][STATE] RESETTING DEVICE ---> IDLE
[148186:MIDClusterizer]: [22:06:12][STATE] IDLE ---> EXITING
[148186:MIDClusterizer]: [22:06:12][STATE] Exiting FairMQ state machine
[148189:internal-dpl-injected-dummy-sink]: [22:06:12][STATE] IDLE ---> EXITING
[148189:internal-dpl-injected-dummy-sink]: [22:06:12][STATE] Exiting FairMQ state machine
[148185:MIDFiltering]: [22:06:12][STATE] RESETTING DEVICE ---> IDLE
[148185:MIDFiltering]: [22:06:12][STATE] IDLE ---> EXITING
[148187:MIDTracker]: [22:06:12][STATE] RESETTING DEVICE ---> IDLE
[148185:MIDFiltering]: [22:06:12][STATE] Exiting FairMQ state machine
[148182:internal-dpl-clock]: [22:06:12][STATE] IDLE ---> EXITING
[148187:MIDTracker]: [22:06:12][STATE] IDLE ---> EXITING
[148187:MIDTracker]: [22:06:12][STATE] Exiting FairMQ state machine
[148182:internal-dpl-clock]: [22:06:12][STATE] Exiting FairMQ state machine
[148188:MIDRecoWriter]: [22:06:12][STATE] RUNNING ---> READY
[148188:MIDRecoWriter]: [22:06:12][STATE] READY ---> RESETTING TASK
[148188:MIDRecoWriter]: [22:06:12][STATE] RESETTING TASK ---> DEVICE READY
[148188:MIDRecoWriter]: [22:06:12][STATE] DEVICE READY ---> RESETTING DEVICE
[148188:MIDRecoWriter]: [22:06:12][INFO] Cleaning up for shared memory id '4d55cad2'...
[148188:MIDRecoWriter]: [22:06:12][INFO] Found 0 unmanaged regions...
[148188:MIDRecoWriter]: [22:06:12][INFO] Found 1 managed segments...
[148188:MIDRecoWriter]: [22:06:12][INFO] Successfully removed 'fmq_4d55cad2_m_0'.
[148188:MIDRecoWriter]: [22:06:12][INFO] Successfully removed 'fmq_4d55cad2_mng'.
[148188:MIDRecoWriter]: [22:06:12][STATE] RESETTING DEVICE ---> IDLE
[148188:MIDRecoWriter]: [22:06:12][STATE] IDLE ---> EXITING
[148188:MIDRecoWriter]: [22:06:12][STATE] Exiting FairMQ state machine
[INFO] ## Processes completed. Run summary:
[INFO] ### Devices started: 8
[INFO]  - Device internal-dpl-clock: pid 148182 (exit 0)
[INFO]  - Device MIDDigitsReader: pid 148183 (exit 0)
[INFO]  - Device internal-dpl-ccdb-backend: pid 148184 (exit 0)
[INFO]  - Device MIDFiltering: pid 148185 (exit 0)
[INFO]  - Device MIDClusterizer: pid 148186 (exit 0)
[INFO]  - Device MIDTracker: pid 148187 (exit 0)
[INFO]  - Device MIDRecoWriter: pid 148188 (exit 0)
[INFO]  - Device internal-dpl-injected-dummy-sink: pid 148189 (exit 0)
[INFO] Dumping used configuration in dpl-config.json
TASK-EXIT-CODE: 0
