Running: TIME="#walltime %e" /usr/bin/time --output=phsreco.log_time ./phsreco.log_tmp.sh
[INFO] Initialising O2 Data Processing Layer. Driver PID: 156384.
[INFO] Driver listening on port: 14464
[INFO] Rate limiting set up at 500MB distributed over 1 readers
[INFO] O2 Data Processing Layer initialised. We brake for nobody.
[INFO] Optimised build. O2DEBUG / LOG(debug) / LOGF(debug) / assert statement will not be shown.
[INFO] Redeployment of configuration asked.
[INFO] Starting internal-dpl-clock on pid 156424
[INFO] Starting phos-digit-reader on pid 156425
[INFO] Starting internal-dpl-ccdb-backend on pid 156426
[INFO] Starting PHOSCellConverterSpec on pid 156427
[INFO] Starting phos-cell-writer on pid 156428
[INFO] Starting internal-dpl-injected-dummy-sink on pid 156429
[INFO] Redeployment of configuration done.
[156426:internal-dpl-ccdb-backend]: [INFO] Instrumenting crash signals
[156426:internal-dpl-ccdb-backend]: [INFO] Spawing new device internal-dpl-ccdb-backend in process with pid 156426
[156426:internal-dpl-ccdb-backend]: [22:08:05][INFO] 
[156426:internal-dpl-ccdb-backend]:       ______      _    _______  _________ 
[156426:internal-dpl-ccdb-backend]:      / ____/___ _(_)_______   |/  /_  __ \    version 1.6.0
[156426:internal-dpl-ccdb-backend]:     / /_  / __ `/ / ___/__  /|_/ /_  / / /    build RELWITHDEBINFO
[156426:internal-dpl-ccdb-backend]:    / __/ / /_/ / / /    _  /  / / / /_/ /     https://github.com/FairRootGroup/FairMQ
[156426:internal-dpl-ccdb-backend]:   /_/    \__,_/_/_/     /_/  /_/  \___\_\     LGPL-3.0  © 2012-2023 GSI
[156426:internal-dpl-ccdb-backend]: 
[156426:internal-dpl-ccdb-backend]: [22:08:05][STATE] Starting FairMQ state machine --> IDLE
[156426:internal-dpl-ccdb-backend]: [22:08:05][STATE] IDLE ---> INITIALIZING DEVICE
[156426:internal-dpl-ccdb-backend]: [22:08:05][INFO] CCDB Backend at: http://alice-ccdb.cern.ch, validity check for every 2147483647 TF
[156426:internal-dpl-ccdb-backend]: [22:08:05][INFO] Init CcdApi with UserAgentID: localhost.localdomain-1692907685-YHMWUb, Host: http://alice-ccdb.cern.ch
[156426:internal-dpl-ccdb-backend]: [22:08:05][INFO] Initialised default CCDB host http://alice-ccdb.cern.ch
[156426:internal-dpl-ccdb-backend]: [22:08:05][INFO] The following route is a condition PHS/PHS_Calib_BadMap/0
[156426:internal-dpl-ccdb-backend]: [22:08:05][INFO] - ccdb-path: PHS/Calib/BadMap
[156426:internal-dpl-ccdb-backend]: [22:08:05][INFO] The following route is a condition PHS/PHS_RecoParams/0
[156426:internal-dpl-ccdb-backend]: [22:08:05][INFO] - ccdb-path: PHS/Config/RecoParams
[156426:internal-dpl-ccdb-backend]: [22:08:05][STATE] INITIALIZING DEVICE ---> INITIALIZED
[156426:internal-dpl-ccdb-backend]: [22:08:05][STATE] INITIALIZED ---> BINDING
[156426:internal-dpl-ccdb-backend]: [22:08:05][STATE] BINDING ---> BOUND
[156426:internal-dpl-ccdb-backend]: [22:08:05][STATE] BOUND ---> CONNECTING
[156426:internal-dpl-ccdb-backend]: [22:08:05][STATE] CONNECTING ---> DEVICE READY
[156426:internal-dpl-ccdb-backend]: [22:08:05][STATE] DEVICE READY ---> INITIALIZING TASK
[156426:internal-dpl-ccdb-backend]: [22:08:05][STATE] INITIALIZING TASK ---> READY
[156426:internal-dpl-ccdb-backend]: [22:08:05][STATE] READY ---> RUNNING
[156426:internal-dpl-ccdb-backend]: [22:08:05][INFO] fair::mq::Device running...
[156426:internal-dpl-ccdb-backend]: [22:08:05][INFO] LHCPeriod is not available, using current month AUG
[156427:PHOSCellConverterSpec]: [INFO] Instrumenting crash signals
[156426:internal-dpl-ccdb-backend]: [22:08:05][INFO] Correctly handshaken websocket connection.
[156427:PHOSCellConverterSpec]: [INFO] Spawing new device PHOSCellConverterSpec in process with pid 156427
[156427:PHOSCellConverterSpec]: [22:08:05][INFO] 
[156427:PHOSCellConverterSpec]:       ______      _    _______  _________ 
[156427:PHOSCellConverterSpec]:      / ____/___ _(_)_______   |/  /_  __ \    version 1.6.0
[156427:PHOSCellConverterSpec]:     / /_  / __ `/ / ___/__  /|_/ /_  / / /    build RELWITHDEBINFO
[156427:PHOSCellConverterSpec]:    / __/ / /_/ / / /    _  /  / / / /_/ /     https://github.com/FairRootGroup/FairMQ
[156427:PHOSCellConverterSpec]:   /_/    \__,_/_/_/     /_/  /_/  \___\_\     LGPL-3.0  © 2012-2023 GSI
[156427:PHOSCellConverterSpec]: 
[156427:PHOSCellConverterSpec]: [22:08:05][STATE] Starting FairMQ state machine --> IDLE
[156427:PHOSCellConverterSpec]: [22:08:05][STATE] IDLE ---> INITIALIZING DEVICE
[156427:PHOSCellConverterSpec]: [22:08:05][INFO] [PHOSCellConverter - init] Initialize converter with MC truth container
[156427:PHOSCellConverterSpec]: [22:08:05][STATE] INITIALIZING DEVICE ---> INITIALIZED
[156429:internal-dpl-injected-dummy-sink]: [INFO] Instrumenting crash signals
[156429:internal-dpl-injected-dummy-sink]: [INFO] Spawing new device internal-dpl-injected-dummy-sink in process with pid 156429
[156429:internal-dpl-injected-dummy-sink]: [22:08:05][INFO] 
[156429:internal-dpl-injected-dummy-sink]:       ______      _    _______  _________ 
[156429:internal-dpl-injected-dummy-sink]:      / ____/___ _(_)_______   |/  /_  __ \    version 1.6.0
[156429:internal-dpl-injected-dummy-sink]:     / /_  / __ `/ / ___/__  /|_/ /_  / / /    build RELWITHDEBINFO
[156429:internal-dpl-injected-dummy-sink]:    / __/ / /_/ / / /    _  /  / / / /_/ /     https://github.com/FairRootGroup/FairMQ
[156429:internal-dpl-injected-dummy-sink]:   /_/    \__,_/_/_/     /_/  /_/  \___\_\     LGPL-3.0  © 2012-2023 GSI
[156429:internal-dpl-injected-dummy-sink]: 
[156429:internal-dpl-injected-dummy-sink]: [22:08:05][STATE] Starting FairMQ state machine --> IDLE
[156424:internal-dpl-clock]: [INFO] Instrumenting crash signals
[156427:PHOSCellConverterSpec]: [22:08:05][STATE] INITIALIZED ---> BINDING
[156424:internal-dpl-clock]: [INFO] Spawing new device internal-dpl-clock in process with pid 156424
[156424:internal-dpl-clock]: [22:08:05][INFO] 
[156424:internal-dpl-clock]:       ______      _    _______  _________ 
[156424:internal-dpl-clock]:      / ____/___ _(_)_______   |/  /_  __ \    version 1.6.0
[156424:internal-dpl-clock]:     / /_  / __ `/ / ___/__  /|_/ /_  / / /    build RELWITHDEBINFO
[156424:internal-dpl-clock]:    / __/ / /_/ / / /    _  /  / / / /_/ /     https://github.com/FairRootGroup/FairMQ
[156424:internal-dpl-clock]:   /_/    \__,_/_/_/     /_/  /_/  \___\_\     LGPL-3.0  © 2012-2023 GSI
[156424:internal-dpl-clock]: 
[156424:internal-dpl-clock]: [22:08:05][STATE] Starting FairMQ state machine --> IDLE
[156427:PHOSCellConverterSpec]: [22:08:05][STATE] BINDING ---> BOUND
[156427:PHOSCellConverterSpec]: [22:08:05][STATE] BOUND ---> CONNECTING
[156427:PHOSCellConverterSpec]: [22:08:05][STATE] CONNECTING ---> DEVICE READY
[156427:PHOSCellConverterSpec]: [22:08:05][STATE] DEVICE READY ---> INITIALIZING TASK
[156424:internal-dpl-clock]: [22:08:05][STATE] IDLE ---> INITIALIZING DEVICE
[156424:internal-dpl-clock]: [22:08:05][STATE] INITIALIZING DEVICE ---> INITIALIZED
[156424:internal-dpl-clock]: [22:08:05][STATE] INITIALIZED ---> BINDING
[156424:internal-dpl-clock]: [22:08:05][STATE] BINDING ---> BOUND
[156424:internal-dpl-clock]: [22:08:05][STATE] BOUND ---> CONNECTING
[156424:internal-dpl-clock]: [22:08:05][STATE] CONNECTING ---> DEVICE READY
[156424:internal-dpl-clock]: [22:08:05][STATE] DEVICE READY ---> INITIALIZING TASK
[156424:internal-dpl-clock]: [22:08:05][STATE] INITIALIZING TASK ---> READY
[156424:internal-dpl-clock]: [22:08:05][STATE] READY ---> RUNNING
[156424:internal-dpl-clock]: [22:08:05][INFO] fair::mq::Device running...
[156424:internal-dpl-clock]: [22:08:05][INFO] LHCPeriod is not available, using current month AUG
[156424:internal-dpl-clock]: [22:08:05][INFO] Correctly handshaken websocket connection.
[156427:PHOSCellConverterSpec]: [22:08:05][STATE] INITIALIZING TASK ---> READY
[156429:internal-dpl-injected-dummy-sink]: [22:08:05][STATE] IDLE ---> INITIALIZING DEVICE
[156427:PHOSCellConverterSpec]: [22:08:05][STATE] READY ---> RUNNING
[156427:PHOSCellConverterSpec]: [22:08:05][INFO] fair::mq::Device running...
[156427:PHOSCellConverterSpec]: [22:08:05][INFO] LHCPeriod is not available, using current month AUG
[156427:PHOSCellConverterSpec]: [22:08:05][INFO] Correctly handshaken websocket connection.
[156429:internal-dpl-injected-dummy-sink]: [22:08:05][STATE] INITIALIZING DEVICE ---> INITIALIZED
[156429:internal-dpl-injected-dummy-sink]: [22:08:05][STATE] INITIALIZED ---> BINDING
[156429:internal-dpl-injected-dummy-sink]: [22:08:05][STATE] BINDING ---> BOUND
[156429:internal-dpl-injected-dummy-sink]: [22:08:05][STATE] BOUND ---> CONNECTING
[156429:internal-dpl-injected-dummy-sink]: [22:08:05][STATE] CONNECTING ---> DEVICE READY
[156429:internal-dpl-injected-dummy-sink]: [22:08:05][STATE] DEVICE READY ---> INITIALIZING TASK
[156429:internal-dpl-injected-dummy-sink]: [22:08:05][STATE] INITIALIZING TASK ---> READY
[156429:internal-dpl-injected-dummy-sink]: [22:08:05][STATE] READY ---> RUNNING
[156429:internal-dpl-injected-dummy-sink]: [22:08:05][INFO] fair::mq::Device running...
[156429:internal-dpl-injected-dummy-sink]: [22:08:05][INFO] LHCPeriod is not available, using current month AUG
[156429:internal-dpl-injected-dummy-sink]: [22:08:05][INFO] Correctly handshaken websocket connection.
[156425:phos-digit-reader]: [INFO] Instrumenting crash signals
[156425:phos-digit-reader]: [INFO] Spawing new device phos-digit-reader in process with pid 156425
[156425:phos-digit-reader]: [22:08:05][INFO] 
[156425:phos-digit-reader]:       ______      _    _______  _________ 
[156425:phos-digit-reader]:      / ____/___ _(_)_______   |/  /_  __ \    version 1.6.0
[156425:phos-digit-reader]:     / /_  / __ `/ / ___/__  /|_/ /_  / / /    build RELWITHDEBINFO
[156425:phos-digit-reader]:    / __/ / /_/ / / /    _  /  / / / /_/ /     https://github.com/FairRootGroup/FairMQ
[156425:phos-digit-reader]:   /_/    \__,_/_/_/     /_/  /_/  \___\_\     LGPL-3.0  © 2012-2023 GSI
[156425:phos-digit-reader]: 
[156425:phos-digit-reader]: [22:08:05][STATE] Starting FairMQ state machine --> IDLE
[156428:phos-cell-writer]: [INFO] Instrumenting crash signals
[156428:phos-cell-writer]: [INFO] Spawing new device phos-cell-writer in process with pid 156428
[156425:phos-digit-reader]: [22:08:05][STATE] IDLE ---> INITIALIZING DEVICE
[156428:phos-cell-writer]: [22:08:05][INFO] 
[156428:phos-cell-writer]:       ______      _    _______  _________ 
[156428:phos-cell-writer]:      / ____/___ _(_)_______   |/  /_  __ \    version 1.6.0
[156428:phos-cell-writer]:     / /_  / __ `/ / ___/__  /|_/ /_  / / /    build RELWITHDEBINFO
[156428:phos-cell-writer]:    / __/ / /_/ / / /    _  /  / / / /_/ /     https://github.com/FairRootGroup/FairMQ
[156428:phos-cell-writer]:   /_/    \__,_/_/_/     /_/  /_/  \___\_\     LGPL-3.0  © 2012-2023 GSI
[156428:phos-cell-writer]: 
[156428:phos-cell-writer]: [22:08:05][STATE] Starting FairMQ state machine --> IDLE
[156428:phos-cell-writer]: [22:08:05][STATE] IDLE ---> INITIALIZING DEVICE
[156428:phos-cell-writer]: [22:08:05][INFO] 0: branch  PHOSCell set up
[156428:phos-cell-writer]: [22:08:05][INFO] 1: branch  PHOSCellTrigRec set up
[156428:phos-cell-writer]: [22:08:05][INFO] 2: branch  PHOSCellTrueMC set up
[156428:phos-cell-writer]: [22:08:05][STATE] INITIALIZING DEVICE ---> INITIALIZED
[156428:phos-cell-writer]: [22:08:05][STATE] INITIALIZED ---> BINDING
[156428:phos-cell-writer]: [22:08:05][STATE] BINDING ---> BOUND
[156428:phos-cell-writer]: [22:08:05][STATE] BOUND ---> CONNECTING
[156428:phos-cell-writer]: [22:08:05][STATE] CONNECTING ---> DEVICE READY
[156428:phos-cell-writer]: [22:08:05][STATE] DEVICE READY ---> INITIALIZING TASK
[156428:phos-cell-writer]: [22:08:05][STATE] INITIALIZING TASK ---> READY
[156428:phos-cell-writer]: [22:08:05][STATE] READY ---> RUNNING
[156428:phos-cell-writer]: [22:08:05][INFO] fair::mq::Device running...
[156428:phos-cell-writer]: [22:08:05][INFO] LHCPeriod is not available, using current month AUG
[156428:phos-cell-writer]: [22:08:05][INFO] Correctly handshaken websocket connection.
[156425:phos-digit-reader]: [22:08:06][INFO] branch set up: PHOSDigit
[156425:phos-digit-reader]: [22:08:06][INFO] branch set up: PHOSDigitTrigRecords
[156425:phos-digit-reader]: [22:08:06][INFO] branch set up: PHOSDigitMCTruth
[156425:phos-digit-reader]: [22:08:06][STATE] INITIALIZING DEVICE ---> INITIALIZED
[156425:phos-digit-reader]: [22:08:06][STATE] INITIALIZED ---> BINDING
[156425:phos-digit-reader]: [22:08:06][STATE] BINDING ---> BOUND
[156425:phos-digit-reader]: [22:08:06][STATE] BOUND ---> CONNECTING
[156425:phos-digit-reader]: [22:08:06][STATE] CONNECTING ---> DEVICE READY
[156425:phos-digit-reader]: [22:08:06][STATE] DEVICE READY ---> INITIALIZING TASK
[156425:phos-digit-reader]: [22:08:06][STATE] INITIALIZING TASK ---> READY
[156425:phos-digit-reader]: [22:08:06][STATE] READY ---> RUNNING
[156425:phos-digit-reader]: [22:08:06][INFO] fair::mq::Device running...
[156425:phos-digit-reader]: [22:08:06][INFO] LHCPeriod is not available, using current month AUG
[156425:phos-digit-reader]: [22:08:06][INFO] Correctly handshaken websocket connection.
[156425:phos-digit-reader]: [22:08:06][INFO] Sending end-of-stream message to channel from_phos-digit-reader_to_internal-dpl-ccdb-backend
[156425:phos-digit-reader]: [22:08:06][INFO] Sending end-of-stream message to channel from_phos-digit-reader_to_PHOSCellConverterSpec
[156426:internal-dpl-ccdb-backend]: Info in <TJAlienConnectionManager>: Opening connection to JCentral. Please wait
[156426:internal-dpl-ccdb-backend]: Info in <TJAlienConnectionManager>: Opening connection to 137.138.47.222
[156426:internal-dpl-ccdb-backend]: Info in <TJAlienConnectionManager>: Successfully connected to 137.138.47.222
[156426:internal-dpl-ccdb-backend]: Info in <TJAlienFile::Open>: Accessing file /alice/data/CCDB/CTP/Calib/OrbitReset/06/62200/b9f985c3-b4b0-11ec-8fd3-90ce809b24ee in SE <ALICE::CERN::EOS>
[156426:internal-dpl-ccdb-backend]: [22:08:07][INFO] ccdb reads http://alice-ccdb.cern.ch/CTP/Calib/OrbitReset/1546300800000/b9f985c3-b4b0-11ec-8fd3-90ce809b24ee for 1546300800000 (load to memory, agent_id: localhost.localdomain-1692907685-YHMWUb), 
[156426:internal-dpl-ccdb-backend]: Info in <TJAlienFile::Open>: Accessing file /alice/data/CCDB/PHS/Calib/BadMap/10/40794/45929b61-dd0a-11ec-8000-0aa202a21b9a in SE <ALICE::CERN::EOS>
[156426:internal-dpl-ccdb-backend]: [22:08:07][INFO] ccdb reads http://alice-ccdb.cern.ch/PHS/Calib/BadMap/1546300800000/45929b61-dd0a-11ec-8000-0aa202a21b9a for 1546300800000 (load to memory, agent_id: localhost.localdomain-1692907685-YHMWUb), 
[156426:internal-dpl-ccdb-backend]: Info in <TJAlienFile::Open>: Accessing file /alice/data/CCDB/PHS/Config/RecoParams/09/61096/abd15e1e-0613-11ed-8002-0aa202a21b9a in SE <ALICE::CERN::OCDB>
[156426:internal-dpl-ccdb-backend]: [22:08:07][INFO] ccdb reads http://alice-ccdb.cern.ch/PHS/Config/RecoParams/1/abd15e1e-0613-11ed-8002-0aa202a21b9a for 1546300800000 (load to memory, agent_id: localhost.localdomain-1692907685-YHMWUb), 
[156426:internal-dpl-ccdb-backend]: [22:08:07][INFO] Sending end-of-stream message to channel from_internal-dpl-ccdb-backend_to_PHOSCellConverterSpec
[156426:internal-dpl-ccdb-backend]: [22:08:07][INFO] Sending end-of-stream message to channel from_internal-dpl-ccdb-backend_to_internal-dpl-injected-dummy-sink
[156427:PHOSCellConverterSpec]: [22:08:07][INFO] Caching in 140512718743760 ptr to PHS/PHS_RecoParams/0 (0x7fce22a426a0)
[156427:PHOSCellConverterSpec]: [22:08:07][INFO] [PHOSCellConverter - run]  Received 145 digits and 5 TriggerRecords423 MC labels
[156427:PHOSCellConverterSpec]: [22:08:07][INFO] Caching in 140512718741488 ptr to PHS/PHS_Calib_BadMap/0 (0x54a8f50)
[156427:PHOSCellConverterSpec]: [22:08:07][INFO] [PHOSCellConverter - run] Writing 144 cells, 5 Trig Records 144 PHOS labels 
[156427:PHOSCellConverterSpec]: [22:08:07][INFO] Sending end-of-stream message to channel from_PHOSCellConverterSpec_to_phos-cell-writer
[INFO] Quitting
[INFO] QUIT_REQUESTED
[156425:phos-digit-reader]: [22:08:07][INFO] Received device shutdown request (signal 15).
[156425:phos-digit-reader]: [22:08:07][INFO] Waiting for graceful device shutdown. Hit Ctrl-C again to abort immediately.
[156428:phos-cell-writer]: [22:08:07][INFO] Received device shutdown request (signal 15).
[156428:phos-cell-writer]: [22:08:07][INFO] Waiting for graceful device shutdown. Hit Ctrl-C again to abort immediately.
[156425:phos-digit-reader]: [22:08:07][INFO] New state requested. No timeout set, quitting immediately as per --completion-policy
[156425:phos-digit-reader]: [22:08:07][STATE] RUNNING ---> READY
[156425:phos-digit-reader]: [22:08:07][STATE] READY ---> RESETTING TASK
[156425:phos-digit-reader]: [22:08:07][STATE] RESETTING TASK ---> DEVICE READY
[156425:phos-digit-reader]: [22:08:07][STATE] DEVICE READY ---> RESETTING DEVICE
[156428:phos-cell-writer]: [22:08:07][INFO] New state requested. No timeout set, quitting immediately as per --completion-policy
[156425:phos-digit-reader]: [22:08:07][STATE] RESETTING DEVICE ---> IDLE
[156425:phos-digit-reader]: [22:08:07][STATE] IDLE ---> EXITING
[156425:phos-digit-reader]: [22:08:07][STATE] Exiting FairMQ state machine
[156429:internal-dpl-injected-dummy-sink]: [22:08:07][INFO] Received device shutdown request (signal 15).
[156429:internal-dpl-injected-dummy-sink]: [22:08:07][INFO] Waiting for graceful device shutdown. Hit Ctrl-C again to abort immediately.
[156429:internal-dpl-injected-dummy-sink]: [22:08:07][INFO] New state requested. No timeout set, quitting immediately as per --completion-policy
[156429:internal-dpl-injected-dummy-sink]: [22:08:07][STATE] RUNNING ---> READY
[156429:internal-dpl-injected-dummy-sink]: [22:08:07][STATE] READY ---> RESETTING TASK
[156429:internal-dpl-injected-dummy-sink]: [22:08:07][STATE] RESETTING TASK ---> DEVICE READY
[156429:internal-dpl-injected-dummy-sink]: [22:08:07][STATE] DEVICE READY ---> RESETTING DEVICE
[156429:internal-dpl-injected-dummy-sink]: [22:08:07][STATE] RESETTING DEVICE ---> IDLE
[156429:internal-dpl-injected-dummy-sink]: [22:08:07][STATE] IDLE ---> EXITING
[156429:internal-dpl-injected-dummy-sink]: [22:08:07][STATE] Exiting FairMQ state machine
[156424:internal-dpl-clock]: [22:08:07][INFO] Received device shutdown request (signal 15).
[156424:internal-dpl-clock]: [22:08:07][INFO] Waiting for graceful device shutdown. Hit Ctrl-C again to abort immediately.
[156424:internal-dpl-clock]: [22:08:07][INFO] New state requested. No timeout set, quitting immediately as per --completion-policy
[156424:internal-dpl-clock]: [22:08:07][STATE] RUNNING ---> READY
[156424:internal-dpl-clock]: [22:08:07][STATE] READY ---> RESETTING TASK
[156424:internal-dpl-clock]: [22:08:07][STATE] RESETTING TASK ---> DEVICE READY
[156424:internal-dpl-clock]: [22:08:07][STATE] DEVICE READY ---> RESETTING DEVICE
[156426:internal-dpl-ccdb-backend]: [22:08:07][INFO] Received device shutdown request (signal 15).
[156426:internal-dpl-ccdb-backend]: [22:08:07][INFO] Waiting for graceful device shutdown. Hit Ctrl-C again to abort immediately.
[156426:internal-dpl-ccdb-backend]: [22:08:07][INFO] New state requested. No timeout set, quitting immediately as per --completion-policy
[156426:internal-dpl-ccdb-backend]: [22:08:07][INFO] CCDB cache miss/hit ratio:
[156426:internal-dpl-ccdb-backend]: [22:08:07][INFO]   PHS/Config/RecoParams: 1/1 (3072-3072 bytes)
[156426:internal-dpl-ccdb-backend]: [22:08:07][INFO]   PHS/Calib/BadMap: 1/1 (2048-2048 bytes)
[156426:internal-dpl-ccdb-backend]: [22:08:07][INFO]   CTP/Calib/OrbitReset: 1/2 (1024-1024 bytes)
[156426:internal-dpl-ccdb-backend]: [22:08:07][STATE] RUNNING ---> READY
[156426:internal-dpl-ccdb-backend]: [22:08:07][STATE] READY ---> RESETTING TASK
[156426:internal-dpl-ccdb-backend]: [22:08:07][STATE] RESETTING TASK ---> DEVICE READY
[156426:internal-dpl-ccdb-backend]: [22:08:07][STATE] DEVICE READY ---> RESETTING DEVICE
[156427:PHOSCellConverterSpec]: [22:08:07][INFO] Received device shutdown request (signal 15).
[156427:PHOSCellConverterSpec]: [22:08:07][INFO] Waiting for graceful device shutdown. Hit Ctrl-C again to abort immediately.
[156427:PHOSCellConverterSpec]: [22:08:07][INFO] New state requested. No timeout set, quitting immediately as per --completion-policy
[156427:PHOSCellConverterSpec]: [22:08:07][STATE] RUNNING ---> READY
[156427:PHOSCellConverterSpec]: [22:08:07][STATE] READY ---> RESETTING TASK
[156427:PHOSCellConverterSpec]: [22:08:07][STATE] RESETTING TASK ---> DEVICE READY
[156427:PHOSCellConverterSpec]: [22:08:07][STATE] DEVICE READY ---> RESETTING DEVICE
[156424:internal-dpl-clock]: [22:08:07][STATE] RESETTING DEVICE ---> IDLE
[156424:internal-dpl-clock]: [22:08:07][STATE] IDLE ---> EXITING
[156424:internal-dpl-clock]: [22:08:07][STATE] Exiting FairMQ state machine
[156426:internal-dpl-ccdb-backend]: [22:08:07][STATE] RESETTING DEVICE ---> IDLE
[156426:internal-dpl-ccdb-backend]: [22:08:07][STATE] IDLE ---> EXITING
[156427:PHOSCellConverterSpec]: [22:08:07][STATE] RESETTING DEVICE ---> IDLE
[156427:PHOSCellConverterSpec]: [22:08:07][STATE] IDLE ---> EXITING
[156426:internal-dpl-ccdb-backend]: [22:08:07][STATE] Exiting FairMQ state machine
[156427:PHOSCellConverterSpec]: [22:08:07][STATE] Exiting FairMQ state machine
[156428:phos-cell-writer]: [22:08:07][STATE] RUNNING ---> READY
[156428:phos-cell-writer]: [22:08:07][STATE] READY ---> RESETTING TASK
[156428:phos-cell-writer]: [22:08:07][STATE] RESETTING TASK ---> DEVICE READY
[156428:phos-cell-writer]: [22:08:07][STATE] DEVICE READY ---> RESETTING DEVICE
[156428:phos-cell-writer]: [22:08:07][INFO] Cleaning up for shared memory id 'e560cd30'...
[156428:phos-cell-writer]: [22:08:07][INFO] Found 0 unmanaged regions...
[156428:phos-cell-writer]: [22:08:07][INFO] Found 1 managed segments...
[156428:phos-cell-writer]: [22:08:07][INFO] Successfully removed 'fmq_e560cd30_m_0'.
[156428:phos-cell-writer]: [22:08:07][INFO] Successfully removed 'fmq_e560cd30_mng'.
[156428:phos-cell-writer]: [22:08:07][STATE] RESETTING DEVICE ---> IDLE
[156428:phos-cell-writer]: [22:08:07][STATE] IDLE ---> EXITING
[156428:phos-cell-writer]: [22:08:07][STATE] Exiting FairMQ state machine
[INFO] ## Processes completed. Run summary:
[INFO] ### Devices started: 6
[INFO]  - Device internal-dpl-clock: pid 156424 (exit 0)
[INFO]  - Device phos-digit-reader: pid 156425 (exit 0)
[INFO]  - Device internal-dpl-ccdb-backend: pid 156426 (exit 0)
[INFO]  - Device PHOSCellConverterSpec: pid 156427 (exit 0)
[INFO]  - Device phos-cell-writer: pid 156428 (exit 0)
[INFO]  - Device internal-dpl-injected-dummy-sink: pid 156429 (exit 0)
[INFO] Dumping used configuration in dpl-config.json
TASK-EXIT-CODE: 0
