Running: TIME="#walltime %e" /usr/bin/time --output=sim.log_time ./sim.log_tmp.sh
[INFO] This is o2-sim version 1.2.0 (c3d6333d4 (+local changes))
[INFO] Built by ALIBUILD:1.14.5, ALIDIST-REV:a41c135b42b2c193e9e496ce05945ca9a1cfc158 on OS:Linux-4.18.0-500.el8.x86_64
[INFO] BINDING TO ADDRESS ipc:///tmp/o2sim-notifications-81192 type pub
[INFO] Init CcdApi with UserAgentID: localhost.localdomain-1692904836-rSj71T, Host: http://alice-ccdb.cern.ch/
[INFO] Fixing timestamp to 1546300800000 based on run number
[INFO] Running with 2 sim workers 
[INFO] CREATING SIM SHARED MEM SEGMENT FOR 2 WORKERS
Spawning particle server on PID 81340; Redirect output to o2sim_serverlog
Spawning sim worker 0 on PID 82387; Redirect output to o2sim_workerlog0
Spawning hit merger on PID 82388; Redirect output to o2sim_mergerlog
[INFO] DISTRIBUTING EVENT : 1
[INFO] DISTRIBUTING EVENT : 2
[INFO] DISTRIBUTING EVENT : 3
[INFO] EVENT FINISHED : 1
[INFO] DISTRIBUTING EVENT : 4
[INFO] EVENT FINISHED : 2
[INFO] DISTRIBUTING EVENT : 5
[INFO] EVENT FINISHED : 3
[INFO] DISTRIBUTING EVENT : 6
[INFO] EVENT FINISHED : 5
[INFO] DISTRIBUTING EVENT : 7
[INFO] EVENT FINISHED : 4
[INFO] EVENT FINISHED : 6
[INFO] DISTRIBUTING EVENT : 8
[INFO] EVENT FINISHED : 7
[INFO] DISTRIBUTING EVENT : 9
[INFO] EVENT FINISHED : 8
[INFO] DISTRIBUTING EVENT : 10
[INFO] EVENT FINISHED : 9
[INFO] DISTRIBUTING EVENT : 11
[INFO] EVENT FINISHED : 10
[INFO] DISTRIBUTING EVENT : 12
[INFO] DISTRIBUTING EVENT : 13
[INFO] EVENT FINISHED : 11
[INFO] DISTRIBUTING EVENT : 14
[INFO] EVENT FINISHED : 13
[INFO] DISTRIBUTING EVENT : 15
[INFO] EVENT FINISHED : 12
[INFO] DISTRIBUTING EVENT : 16
[INFO] EVENT FINISHED : 14
[INFO] DISTRIBUTING EVENT : 17
[INFO] EVENT FINISHED : 16
[INFO] DISTRIBUTING EVENT : 18
[INFO] EVENT FINISHED : 15
[INFO] DISTRIBUTING EVENT : 19
[INFO] EVENT FINISHED : 18
[INFO] EVENT FINISHED : 17
[INFO] DISTRIBUTING EVENT : 20
[INFO] EVENT FINISHED : 19
[INFO] DISTRIBUTING EVENT : 21
[INFO] DISTRIBUTING EVENT : 22
[INFO] EVENT FINISHED : 20
[INFO] DISTRIBUTING EVENT : 23
[INFO] EVENT FINISHED : 21
[INFO] EVENT FINISHED : 22
[INFO] DISTRIBUTING EVENT : 24
[INFO] EVENT FINISHED : 23
[INFO] DISTRIBUTING EVENT : 25
[INFO] DISTRIBUTING EVENT : 26
[INFO] EVENT FINISHED : 25
[INFO] DISTRIBUTING EVENT : 27
[INFO] EVENT FINISHED : 26
[INFO] EVENT FINISHED : 24
[INFO] DISTRIBUTING EVENT : 28
[INFO] EVENT FINISHED : 27
[INFO] DISTRIBUTING EVENT : 29
[INFO] DISTRIBUTING EVENT : 30
[INFO] EVENT FINISHED : 28
[INFO] DISTRIBUTING EVENT : 31
[INFO] EVENT FINISHED : 30
[INFO] EVENT FINISHED : 29
[INFO] DISTRIBUTING EVENT : 32
[INFO] DISTRIBUTING EVENT : 33
[INFO] EVENT FINISHED : 31
[INFO] DISTRIBUTING EVENT : 34
[INFO] EVENT FINISHED : 32
[INFO] DISTRIBUTING EVENT : 35
[INFO] EVENT FINISHED : 34
[INFO] DISTRIBUTING EVENT : 36
[INFO] EVENT FINISHED : 33
[INFO] EVENT FINISHED : 35
[INFO] DISTRIBUTING EVENT : 37
[INFO] EVENT FINISHED : 36
[INFO] DISTRIBUTING EVENT : 38
[INFO] DISTRIBUTING EVENT : 39
[INFO] EVENT FINISHED : 37
[INFO] DISTRIBUTING EVENT : 40
[INFO] EVENT FINISHED : 38
[INFO] DISTRIBUTING EVENT : 41
[INFO] EVENT FINISHED : 39
[INFO] EVENT FINISHED : 40
[INFO] DISTRIBUTING EVENT : 42
[INFO] EVENT FINISHED : 41
[INFO] DISTRIBUTING EVENT : 43
[INFO] EVENT FINISHED : 42
[INFO] DISTRIBUTING EVENT : 44
[INFO] EVENT FINISHED : 43
[INFO] DISTRIBUTING EVENT : 45
[INFO] EVENT FINISHED : 44
[INFO] DISTRIBUTING EVENT : 46
[INFO] EVENT FINISHED : 45
[INFO] DISTRIBUTING EVENT : 47
[INFO] EVENT FINISHED : 46
[INFO] DISTRIBUTING EVENT : 48
[INFO] DISTRIBUTING EVENT : 49
[INFO] EVENT FINISHED : 47
[INFO] DISTRIBUTING EVENT : 50
[INFO] EVENT FINISHED : 48
[INFO] DISTRIBUTING EVENT : 51
[INFO] EVENT FINISHED : 49
[INFO] DISTRIBUTING EVENT : 52
[INFO] EVENT FINISHED : 51
[INFO] EVENT FINISHED : 50
[INFO] DISTRIBUTING EVENT : 53
[INFO] DISTRIBUTING EVENT : 54
[INFO] EVENT FINISHED : 52
[INFO] DISTRIBUTING EVENT : 55
[INFO] EVENT FINISHED : 53
[INFO] EVENT FINISHED : 55
[INFO] DISTRIBUTING EVENT : 56
[INFO] EVENT FINISHED : 54
[INFO] DISTRIBUTING EVENT : 57
[INFO] EVENT FINISHED : 57
[INFO] DISTRIBUTING EVENT : 58
[INFO] EVENT FINISHED : 56
[INFO] DISTRIBUTING EVENT : 59
[INFO] EVENT FINISHED : 58
[INFO] DISTRIBUTING EVENT : 60
[INFO] EVENT FINISHED : 59
[INFO] DISTRIBUTING EVENT : 61
[INFO] DISTRIBUTING EVENT : 62
[INFO] EVENT FINISHED : 61
[INFO] DISTRIBUTING EVENT : 63
[INFO] EVENT FINISHED : 60
[INFO] EVENT FINISHED : 62
[INFO] DISTRIBUTING EVENT : 64
[INFO] DISTRIBUTING EVENT : 65
[INFO] EVENT FINISHED : 63
[INFO] DISTRIBUTING EVENT : 66
[INFO] EVENT FINISHED : 65
[INFO] EVENT FINISHED : 64
[INFO] DISTRIBUTING EVENT : 67
[INFO] DISTRIBUTING EVENT : 68
[INFO] EVENT FINISHED : 66
[INFO] EVENT FINISHED : 67
[INFO] DISTRIBUTING EVENT : 69
[INFO] DISTRIBUTING EVENT : 70
[INFO] EVENT FINISHED : 69
[INFO] DISTRIBUTING EVENT : 71
[INFO] EVENT FINISHED : 68
[INFO] DISTRIBUTING EVENT : 72
[INFO] EVENT FINISHED : 70
[INFO] DISTRIBUTING EVENT : 73
[INFO] EVENT FINISHED : 71
[INFO] DISTRIBUTING EVENT : 74
[INFO] EVENT FINISHED : 72
[INFO] DISTRIBUTING EVENT : 75
[INFO] EVENT FINISHED : 73
[INFO] EVENT FINISHED : 74
[INFO] DISTRIBUTING EVENT : 76
[INFO] DISTRIBUTING EVENT : 77
[INFO] EVENT FINISHED : 75
[INFO] DISTRIBUTING EVENT : 78
[INFO] EVENT FINISHED : 77
[INFO] DISTRIBUTING EVENT : 79
[INFO] EVENT FINISHED : 76
[INFO] DISTRIBUTING EVENT : 80
[INFO] EVENT FINISHED : 78
[INFO] DISTRIBUTING EVENT : 81
[INFO] EVENT FINISHED : 79
[INFO] DISTRIBUTING EVENT : 82
[INFO] EVENT FINISHED : 80
[INFO] EVENT FINISHED : 81
[INFO] DISTRIBUTING EVENT : 83
[INFO] DISTRIBUTING EVENT : 84
[INFO] EVENT FINISHED : 82
[INFO] EVENT FINISHED : 83
[INFO] DISTRIBUTING EVENT : 85
[INFO] DISTRIBUTING EVENT : 86
[INFO] EVENT FINISHED : 84
[INFO] EVENT FINISHED : 86
[INFO] DISTRIBUTING EVENT : 87
[INFO] DISTRIBUTING EVENT : 88
[INFO] EVENT FINISHED : 85
[INFO] EVENT FINISHED : 87
[INFO] DISTRIBUTING EVENT : 89
[INFO] DISTRIBUTING EVENT : 90
[INFO] EVENT FINISHED : 89
[INFO] DISTRIBUTING EVENT : 91
[INFO] EVENT FINISHED : 88
[INFO] EVENT FINISHED : 90
[INFO] DISTRIBUTING EVENT : 92
[INFO] DISTRIBUTING EVENT : 93
[INFO] EVENT FINISHED : 91
[INFO] DISTRIBUTING EVENT : 94
[INFO] EVENT FINISHED : 92
[INFO] EVENT FINISHED : 93
[INFO] DISTRIBUTING EVENT : 95
[INFO] EVENT FINISHED : 94
[INFO] DISTRIBUTING EVENT : 96
[INFO] EVENT FINISHED : 95
[INFO] DISTRIBUTING EVENT : 97
[INFO] EVENT FINISHED : 97
[INFO] DISTRIBUTING EVENT : 98
[INFO] EVENT FINISHED : 96
[INFO] DISTRIBUTING EVENT : 99
[INFO] EVENT FINISHED : 98
[INFO] DISTRIBUTING EVENT : 100
[INFO] EVENT FINISHED : 99
[INFO] SIMULATION IS DONE. INITIATING SHUTDOWN.
[INFO] EVENT FINISHED : 100
[INFO] Merger process 82388 returned
[INFO] Simulation process took 593.812 s
[INFO] SIMULATION RETURNED SUCCESFULLY
TASK-EXIT-CODE: 0
