Running: TIME="#walltime %e" /usr/bin/time --output=svfinder.log_time ./svfinder.log_tmp.sh
[INFO] Strangeness tracker will use MC
[INFO] Initialising O2 Data Processing Layer. Driver PID: 159567.
[INFO] Driver listening on port: 17647
[INFO] Rate limiting set up at 500MB distributed over 1 readers
[INFO] O2 Data Processing Layer initialised. We brake for nobody.
[INFO] Optimised build. O2DEBUG / LOG(debug) / LOGF(debug) / assert statement will not be shown.
[INFO] Redeployment of configuration asked.
[INFO] Starting internal-dpl-clock on pid 159637
[INFO] Starting its-track-reader on pid 159638
[INFO] Starting its-cluster-reader on pid 159639
[INFO] Starting itstpc-track-reader on pid 159640
[INFO] Starting itstpctrd-track-reader on pid 159641
[INFO] Starting primary-vertex-reader on pid 159642
[INFO] Starting tpctrd-track-reader on pid 159643
[INFO] Starting TOFMatchedReader_ITSTPC on pid 159644
[INFO] Starting TOFMatchedReader_TPC on pid 159645
[INFO] Starting tof-cluster-reader on pid 159646
[INFO] Starting tpc-track-reader on pid 159647
[INFO] Starting TOFMatchedReader_ITSTPCTRD on pid 159648
[INFO] Starting TOFMatchedReader_TPCTRD on pid 159649
[INFO] Starting internal-dpl-ccdb-backend on pid 159650
[INFO] Starting secondary-vertexing on pid 159651
[INFO] Starting secondary-vertex-writer on pid 159652
[INFO] Starting strangenesstracking-writer on pid 159653
[INFO] Starting internal-dpl-injected-dummy-sink on pid 159654
[INFO] Redeployment of configuration done.
[159637:internal-dpl-clock]: [INFO] Strangeness tracker will use MC
[159639:its-cluster-reader]: [INFO] Strangeness tracker will use MC
[159653:strangenesstracking-writer]: [INFO] Strangeness tracker will use MC
[159645:TOFMatchedReader_TPC]: [INFO] Strangeness tracker will use MC
[159637:internal-dpl-clock]: [INFO] Instrumenting crash signals
[159637:internal-dpl-clock]: [INFO] Spawing new device internal-dpl-clock in process with pid 159637
[159637:internal-dpl-clock]: [22:09:17][INFO] 
[159637:internal-dpl-clock]:       ______      _    _______  _________ 
[159637:internal-dpl-clock]:      / ____/___ _(_)_______   |/  /_  __ \    version 1.6.0
[159637:internal-dpl-clock]:     / /_  / __ `/ / ___/__  /|_/ /_  / / /    build RELWITHDEBINFO
[159637:internal-dpl-clock]:    / __/ / /_/ / / /    _  /  / / / /_/ /     https://github.com/FairRootGroup/FairMQ
[159637:internal-dpl-clock]:   /_/    \__,_/_/_/     /_/  /_/  \___\_\     LGPL-3.0  © 2012-2023 GSI
[159637:internal-dpl-clock]: 
[159637:internal-dpl-clock]: [22:09:17][STATE] Starting FairMQ state machine --> IDLE
[159637:internal-dpl-clock]: [22:09:17][STATE] IDLE ---> INITIALIZING DEVICE
[159637:internal-dpl-clock]: [22:09:17][STATE] INITIALIZING DEVICE ---> INITIALIZED
[159638:its-track-reader]: [INFO] Strangeness tracker will use MC
[159641:itstpctrd-track-reader]: [INFO] Strangeness tracker will use MC
[159637:internal-dpl-clock]: [22:09:17][STATE] INITIALIZED ---> BINDING
[159644:TOFMatchedReader_ITSTPC]: [INFO] Strangeness tracker will use MC
[159640:itstpc-track-reader]: [INFO] Strangeness tracker will use MC
[159637:internal-dpl-clock]: [22:09:17][STATE] BINDING ---> BOUND
[159637:internal-dpl-clock]: [22:09:17][STATE] BOUND ---> CONNECTING
[159637:internal-dpl-clock]: [22:09:17][STATE] CONNECTING ---> DEVICE READY
[159639:its-cluster-reader]: [INFO] Instrumenting crash signals
[159637:internal-dpl-clock]: [22:09:17][STATE] DEVICE READY ---> INITIALIZING TASK
[159639:its-cluster-reader]: [INFO] Spawing new device its-cluster-reader in process with pid 159639
[159639:its-cluster-reader]: [22:09:17][INFO] 
[159639:its-cluster-reader]:       ______      _    _______  _________ 
[159639:its-cluster-reader]:      / ____/___ _(_)_______   |/  /_  __ \    version 1.6.0
[159639:its-cluster-reader]:     / /_  / __ `/ / ___/__  /|_/ /_  / / /    build RELWITHDEBINFO
[159639:its-cluster-reader]:    / __/ / /_/ / / /    _  /  / / / /_/ /     https://github.com/FairRootGroup/FairMQ
[159639:its-cluster-reader]:   /_/    \__,_/_/_/     /_/  /_/  \___\_\     LGPL-3.0  © 2012-2023 GSI
[159639:its-cluster-reader]: 
[159639:its-cluster-reader]: [22:09:17][STATE] Starting FairMQ state machine --> IDLE
[159641:itstpctrd-track-reader]: [INFO] Instrumenting crash signals
[159641:itstpctrd-track-reader]: [INFO] Spawing new device itstpctrd-track-reader in process with pid 159641
[159638:its-track-reader]: [INFO] Instrumenting crash signals
[159641:itstpctrd-track-reader]: [22:09:18][INFO] 
[159641:itstpctrd-track-reader]:       ______      _    _______  _________ 
[159641:itstpctrd-track-reader]:      / ____/___ _(_)_______   |/  /_  __ \    version 1.6.0
[159641:itstpctrd-track-reader]:     / /_  / __ `/ / ___/__  /|_/ /_  / / /    build RELWITHDEBINFO
[159641:itstpctrd-track-reader]:    / __/ / /_/ / / /    _  /  / / / /_/ /     https://github.com/FairRootGroup/FairMQ
[159641:itstpctrd-track-reader]:   /_/    \__,_/_/_/     /_/  /_/  \___\_\     LGPL-3.0  © 2012-2023 GSI
[159641:itstpctrd-track-reader]: 
[159641:itstpctrd-track-reader]: [22:09:18][STATE] Starting FairMQ state machine --> IDLE
[159638:its-track-reader]: [INFO] Spawing new device its-track-reader in process with pid 159638
[159644:TOFMatchedReader_ITSTPC]: [INFO] Instrumenting crash signals
[159644:TOFMatchedReader_ITSTPC]: [INFO] Spawing new device TOFMatchedReader_ITSTPC in process with pid 159644
[159644:TOFMatchedReader_ITSTPC]: [22:09:18][INFO] 
[159644:TOFMatchedReader_ITSTPC]:       ______      _    _______  _________ 
[159644:TOFMatchedReader_ITSTPC]:      / ____/___ _(_)_______   |/  /_  __ \    version 1.6.0
[159644:TOFMatchedReader_ITSTPC]:     / /_  / __ `/ / ___/__  /|_/ /_  / / /    build RELWITHDEBINFO
[159644:TOFMatchedReader_ITSTPC]:    / __/ / /_/ / / /    _  /  / / / /_/ /     https://github.com/FairRootGroup/FairMQ
[159644:TOFMatchedReader_ITSTPC]:   /_/    \__,_/_/_/     /_/  /_/  \___\_\     LGPL-3.0  © 2012-2023 GSI
[159644:TOFMatchedReader_ITSTPC]: 
[159644:TOFMatchedReader_ITSTPC]: [22:09:18][STATE] Starting FairMQ state machine --> IDLE
[159644:TOFMatchedReader_ITSTPC]: [22:09:18][STATE] IDLE ---> INITIALIZING DEVICE
[159641:itstpctrd-track-reader]: [22:09:18][STATE] IDLE ---> INITIALIZING DEVICE
[159645:TOFMatchedReader_TPC]: [INFO] Instrumenting crash signals
[159645:TOFMatchedReader_TPC]: [INFO] Spawing new device TOFMatchedReader_TPC in process with pid 159645
[159645:TOFMatchedReader_TPC]: [22:09:18][INFO] 
[159645:TOFMatchedReader_TPC]:       ______      _    _______  _________ 
[159645:TOFMatchedReader_TPC]:      / ____/___ _(_)_______   |/  /_  __ \    version 1.6.0
[159645:TOFMatchedReader_TPC]:     / /_  / __ `/ / ___/__  /|_/ /_  / / /    build RELWITHDEBINFO
[159645:TOFMatchedReader_TPC]:    / __/ / /_/ / / /    _  /  / / / /_/ /     https://github.com/FairRootGroup/FairMQ
[159645:TOFMatchedReader_TPC]:   /_/    \__,_/_/_/     /_/  /_/  \___\_\     LGPL-3.0  © 2012-2023 GSI
[159645:TOFMatchedReader_TPC]: 
[159645:TOFMatchedReader_TPC]: [22:09:18][STATE] Starting FairMQ state machine --> IDLE
[159639:its-cluster-reader]: [22:09:18][STATE] IDLE ---> INITIALIZING DEVICE
[159645:TOFMatchedReader_TPC]: [22:09:18][STATE] IDLE ---> INITIALIZING DEVICE
[159651:secondary-vertexing]: [INFO] Strangeness tracker will use MC
[159638:its-track-reader]: [22:09:18][INFO] 
[159638:its-track-reader]:       ______      _    _______  _________ 
[159638:its-track-reader]:      / ____/___ _(_)_______   |/  /_  __ \    version 1.6.0
[159638:its-track-reader]:     / /_  / __ `/ / ___/__  /|_/ /_  / / /    build RELWITHDEBINFO
[159638:its-track-reader]:    / __/ / /_/ / / /    _  /  / / / /_/ /     https://github.com/FairRootGroup/FairMQ
[159638:its-track-reader]:   /_/    \__,_/_/_/     /_/  /_/  \___\_\     LGPL-3.0  © 2012-2023 GSI
[159638:its-track-reader]: 
[159638:its-track-reader]: [22:09:18][STATE] Starting FairMQ state machine --> IDLE
[159640:itstpc-track-reader]: [INFO] Instrumenting crash signals
[159638:its-track-reader]: [22:09:18][STATE] IDLE ---> INITIALIZING DEVICE
[159640:itstpc-track-reader]: [INFO] Spawing new device itstpc-track-reader in process with pid 159640
[159654:internal-dpl-injected-dummy-sink]: [INFO] Strangeness tracker will use MC
[159646:tof-cluster-reader]: [INFO] Strangeness tracker will use MC
[159646:tof-cluster-reader]: [INFO] Instrumenting crash signals
[159646:tof-cluster-reader]: [INFO] Spawing new device tof-cluster-reader in process with pid 159646
[159646:tof-cluster-reader]: [22:09:18][INFO] 
[159646:tof-cluster-reader]:       ______      _    _______  _________ 
[159646:tof-cluster-reader]:      / ____/___ _(_)_______   |/  /_  __ \    version 1.6.0
[159646:tof-cluster-reader]:     / /_  / __ `/ / ___/__  /|_/ /_  / / /    build RELWITHDEBINFO
[159646:tof-cluster-reader]:    / __/ / /_/ / / /    _  /  / / / /_/ /     https://github.com/FairRootGroup/FairMQ
[159646:tof-cluster-reader]:   /_/    \__,_/_/_/     /_/  /_/  \___\_\     LGPL-3.0  © 2012-2023 GSI
[159646:tof-cluster-reader]: 
[159646:tof-cluster-reader]: [22:09:18][STATE] Starting FairMQ state machine --> IDLE
[159646:tof-cluster-reader]: [22:09:18][STATE] IDLE ---> INITIALIZING DEVICE
[159642:primary-vertex-reader]: [INFO] Strangeness tracker will use MC
[159652:secondary-vertex-writer]: [INFO] Strangeness tracker will use MC
[159650:internal-dpl-ccdb-backend]: [INFO] Strangeness tracker will use MC
[159642:primary-vertex-reader]: [INFO] Instrumenting crash signals
[159642:primary-vertex-reader]: [INFO] Spawing new device primary-vertex-reader in process with pid 159642
[159642:primary-vertex-reader]: [22:09:19][INFO] 
[159642:primary-vertex-reader]:       ______      _    _______  _________ 
[159642:primary-vertex-reader]:      / ____/___ _(_)_______   |/  /_  __ \    version 1.6.0
[159642:primary-vertex-reader]:     / /_  / __ `/ / ___/__  /|_/ /_  / / /    build RELWITHDEBINFO
[159642:primary-vertex-reader]:    / __/ / /_/ / / /    _  /  / / / /_/ /     https://github.com/FairRootGroup/FairMQ
[159642:primary-vertex-reader]:   /_/    \__,_/_/_/     /_/  /_/  \___\_\     LGPL-3.0  © 2012-2023 GSI
[159642:primary-vertex-reader]: 
[159642:primary-vertex-reader]: [22:09:19][STATE] Starting FairMQ state machine --> IDLE
[159642:primary-vertex-reader]: [22:09:19][STATE] IDLE ---> INITIALIZING DEVICE
[159640:itstpc-track-reader]: [22:09:19][INFO] 
[159640:itstpc-track-reader]:       ______      _    _______  _________ 
[159640:itstpc-track-reader]:      / ____/___ _(_)_______   |/  /_  __ \    version 1.6.0
[159640:itstpc-track-reader]:     / /_  / __ `/ / ___/__  /|_/ /_  / / /    build RELWITHDEBINFO
[159640:itstpc-track-reader]:    / __/ / /_/ / / /    _  /  / / / /_/ /     https://github.com/FairRootGroup/FairMQ
[159640:itstpc-track-reader]:   /_/    \__,_/_/_/     /_/  /_/  \___\_\     LGPL-3.0  © 2012-2023 GSI
[159640:itstpc-track-reader]: 
[159640:itstpc-track-reader]: [22:09:19][STATE] Starting FairMQ state machine --> IDLE
[159640:itstpc-track-reader]: [22:09:19][STATE] IDLE ---> INITIALIZING DEVICE
[159645:TOFMatchedReader_TPC]: [22:09:20][STATE] INITIALIZING DEVICE ---> INITIALIZED
[159645:TOFMatchedReader_TPC]: [22:09:20][STATE] INITIALIZED ---> BINDING
[159637:internal-dpl-clock]: [22:09:20][STATE] INITIALIZING TASK ---> READY
[159637:internal-dpl-clock]: [22:09:20][STATE] READY ---> RUNNING
[159637:internal-dpl-clock]: [22:09:20][INFO] fair::mq::Device running...
[159637:internal-dpl-clock]: [22:09:20][INFO] LHCPeriod is not available, using current month AUG
[159649:TOFMatchedReader_TPCTRD]: [INFO] Strangeness tracker will use MC
[159637:internal-dpl-clock]: [22:09:20][INFO] Correctly handshaken websocket connection.
[159645:TOFMatchedReader_TPC]: [22:09:20][STATE] BINDING ---> BOUND
[159648:TOFMatchedReader_ITSTPCTRD]: [INFO] Strangeness tracker will use MC
[159647:tpc-track-reader]: [INFO] Strangeness tracker will use MC
[159643:tpctrd-track-reader]: [INFO] Strangeness tracker will use MC
[159645:TOFMatchedReader_TPC]: [22:09:20][STATE] BOUND ---> CONNECTING
[159645:TOFMatchedReader_TPC]: [22:09:20][STATE] CONNECTING ---> DEVICE READY
[159645:TOFMatchedReader_TPC]: [22:09:20][STATE] DEVICE READY ---> INITIALIZING TASK
[159645:TOFMatchedReader_TPC]: [22:09:20][STATE] INITIALIZING TASK ---> READY
[159645:TOFMatchedReader_TPC]: [22:09:20][STATE] READY ---> RUNNING
[159645:TOFMatchedReader_TPC]: [22:09:20][INFO] fair::mq::Device running...
[159645:TOFMatchedReader_TPC]: [22:09:20][INFO] LHCPeriod is not available, using current month AUG
[159651:secondary-vertexing]: [INFO] Instrumenting crash signals
[159641:itstpctrd-track-reader]: [22:09:21][INFO] Loaded tree from trdmatches_itstpc.root with 1 entries
[159647:tpc-track-reader]: [INFO] Instrumenting crash signals
[159647:tpc-track-reader]: [INFO] Spawing new device tpc-track-reader in process with pid 159647
[159647:tpc-track-reader]: [22:09:21][INFO] 
[159647:tpc-track-reader]:       ______      _    _______  _________ 
[159647:tpc-track-reader]:      / ____/___ _(_)_______   |/  /_  __ \    version 1.6.0
[159647:tpc-track-reader]:     / /_  / __ `/ / ___/__  /|_/ /_  / / /    build RELWITHDEBINFO
[159647:tpc-track-reader]:    / __/ / /_/ / / /    _  /  / / / /_/ /     https://github.com/FairRootGroup/FairMQ
[159647:tpc-track-reader]:   /_/    \__,_/_/_/     /_/  /_/  \___\_\     LGPL-3.0  © 2012-2023 GSI
[159647:tpc-track-reader]: 
[159647:tpc-track-reader]: [22:09:21][STATE] Starting FairMQ state machine --> IDLE
[159651:secondary-vertexing]: [INFO] Spawing new device secondary-vertexing in process with pid 159651
[159651:secondary-vertexing]: [22:09:21][INFO] 
[159651:secondary-vertexing]:       ______      _    _______  _________ 
[159651:secondary-vertexing]:      / ____/___ _(_)_______   |/  /_  __ \    version 1.6.0
[159651:secondary-vertexing]:     / /_  / __ `/ / ___/__  /|_/ /_  / / /    build RELWITHDEBINFO
[159651:secondary-vertexing]:    / __/ / /_/ / / /    _  /  / / / /_/ /     https://github.com/FairRootGroup/FairMQ
[159651:secondary-vertexing]:   /_/    \__,_/_/_/     /_/  /_/  \___\_\     LGPL-3.0  © 2012-2023 GSI
[159651:secondary-vertexing]: 
[159651:secondary-vertexing]: [22:09:21][STATE] Starting FairMQ state machine --> IDLE
[159652:secondary-vertex-writer]: [INFO] Instrumenting crash signals
[159653:strangenesstracking-writer]: [INFO] Instrumenting crash signals
[159653:strangenesstracking-writer]: [INFO] Spawing new device strangenesstracking-writer in process with pid 159653
[159653:strangenesstracking-writer]: [22:09:21][INFO] 
[159653:strangenesstracking-writer]:       ______      _    _______  _________ 
[159653:strangenesstracking-writer]:      / ____/___ _(_)_______   |/  /_  __ \    version 1.6.0
[159653:strangenesstracking-writer]:     / /_  / __ `/ / ___/__  /|_/ /_  / / /    build RELWITHDEBINFO
[159653:strangenesstracking-writer]:    / __/ / /_/ / / /    _  /  / / / /_/ /     https://github.com/FairRootGroup/FairMQ
[159653:strangenesstracking-writer]:   /_/    \__,_/_/_/     /_/  /_/  \___\_\     LGPL-3.0  © 2012-2023 GSI
[159653:strangenesstracking-writer]: 
[159653:strangenesstracking-writer]: [22:09:21][STATE] Starting FairMQ state machine --> IDLE
[159641:itstpctrd-track-reader]: [22:09:21][STATE] INITIALIZING DEVICE ---> INITIALIZED
[159641:itstpctrd-track-reader]: [22:09:21][STATE] INITIALIZED ---> BINDING
[159641:itstpctrd-track-reader]: [22:09:21][STATE] BINDING ---> BOUND
[159641:itstpctrd-track-reader]: [22:09:21][STATE] BOUND ---> CONNECTING
[159641:itstpctrd-track-reader]: [22:09:21][STATE] CONNECTING ---> DEVICE READY
[159641:itstpctrd-track-reader]: [22:09:21][STATE] DEVICE READY ---> INITIALIZING TASK
[159653:strangenesstracking-writer]: [22:09:21][STATE] IDLE ---> INITIALIZING DEVICE
[159652:secondary-vertex-writer]: [INFO] Spawing new device secondary-vertex-writer in process with pid 159652
[159649:TOFMatchedReader_TPCTRD]: [INFO] Instrumenting crash signals
[159652:secondary-vertex-writer]: [22:09:21][INFO] 
[159652:secondary-vertex-writer]:       ______      _    _______  _________ 
[159652:secondary-vertex-writer]:      / ____/___ _(_)_______   |/  /_  __ \    version 1.6.0
[159652:secondary-vertex-writer]:     / /_  / __ `/ / ___/__  /|_/ /_  / / /    build RELWITHDEBINFO
[159652:secondary-vertex-writer]:    / __/ / /_/ / / /    _  /  / / / /_/ /     https://github.com/FairRootGroup/FairMQ
[159652:secondary-vertex-writer]:   /_/    \__,_/_/_/     /_/  /_/  \___\_\     LGPL-3.0  © 2012-2023 GSI
[159652:secondary-vertex-writer]: 
[159652:secondary-vertex-writer]: [22:09:21][STATE] Starting FairMQ state machine --> IDLE
[159641:itstpctrd-track-reader]: [22:09:21][STATE] INITIALIZING TASK ---> READY
[159641:itstpctrd-track-reader]: [22:09:21][STATE] READY ---> RUNNING
[159641:itstpctrd-track-reader]: [22:09:21][INFO] fair::mq::Device running...
[159641:itstpctrd-track-reader]: [22:09:21][INFO] LHCPeriod is not available, using current month AUG
[159641:itstpctrd-track-reader]: [22:09:21][INFO] Pushing 70 tracks and 6 trigger records at entry 0
[159641:itstpctrd-track-reader]: [22:09:21][INFO] Pushing 70 MC labels at entry 0
[159643:tpctrd-track-reader]: [INFO] Instrumenting crash signals
[159643:tpctrd-track-reader]: [INFO] Spawing new device tpctrd-track-reader in process with pid 159643
[159643:tpctrd-track-reader]: [22:09:21][INFO] 
[159643:tpctrd-track-reader]:       ______      _    _______  _________ 
[159643:tpctrd-track-reader]:      / ____/___ _(_)_______   |/  /_  __ \    version 1.6.0
[159643:tpctrd-track-reader]:     / /_  / __ `/ / ___/__  /|_/ /_  / / /    build RELWITHDEBINFO
[159643:tpctrd-track-reader]:    / __/ / /_/ / / /    _  /  / / / /_/ /     https://github.com/FairRootGroup/FairMQ
[159643:tpctrd-track-reader]:   /_/    \__,_/_/_/     /_/  /_/  \___\_\     LGPL-3.0  © 2012-2023 GSI
[159643:tpctrd-track-reader]: 
[159643:tpctrd-track-reader]: [22:09:21][STATE] Starting FairMQ state machine --> IDLE
[159653:strangenesstracking-writer]: [22:09:21][INFO] 0: branch  StrangeTracks set up
[159653:strangenesstracking-writer]: [22:09:21][INFO] 1: branch  ClusUpdates set up
[159653:strangenesstracking-writer]: [22:09:21][INFO] 2: branch  StrangeTrackMCLab set up
[159653:strangenesstracking-writer]: [22:09:21][STATE] INITIALIZING DEVICE ---> INITIALIZED
[159654:internal-dpl-injected-dummy-sink]: [INFO] Instrumenting crash signals
[159654:internal-dpl-injected-dummy-sink]: [INFO] Spawing new device internal-dpl-injected-dummy-sink in process with pid 159654
[159654:internal-dpl-injected-dummy-sink]: [22:09:21][INFO] 
[159654:internal-dpl-injected-dummy-sink]:       ______      _    _______  _________ 
[159654:internal-dpl-injected-dummy-sink]:      / ____/___ _(_)_______   |/  /_  __ \    version 1.6.0
[159654:internal-dpl-injected-dummy-sink]:     / /_  / __ `/ / ___/__  /|_/ /_  / / /    build RELWITHDEBINFO
[159654:internal-dpl-injected-dummy-sink]:    / __/ / /_/ / / /    _  /  / / / /_/ /     https://github.com/FairRootGroup/FairMQ
[159654:internal-dpl-injected-dummy-sink]:   /_/    \__,_/_/_/     /_/  /_/  \___\_\     LGPL-3.0  © 2012-2023 GSI
[159654:internal-dpl-injected-dummy-sink]: 
[159654:internal-dpl-injected-dummy-sink]: [22:09:21][STATE] Starting FairMQ state machine --> IDLE
[159653:strangenesstracking-writer]: [22:09:21][STATE] INITIALIZED ---> BINDING
[159653:strangenesstracking-writer]: [22:09:21][STATE] BINDING ---> BOUND
[159653:strangenesstracking-writer]: [22:09:21][STATE] BOUND ---> CONNECTING
[159653:strangenesstracking-writer]: [22:09:21][STATE] CONNECTING ---> DEVICE READY
[159653:strangenesstracking-writer]: [22:09:21][STATE] DEVICE READY ---> INITIALIZING TASK
[159653:strangenesstracking-writer]: [22:09:21][STATE] INITIALIZING TASK ---> READY
[159647:tpc-track-reader]: [22:09:21][STATE] IDLE ---> INITIALIZING DEVICE
[159653:strangenesstracking-writer]: [22:09:21][STATE] READY ---> RUNNING
[159653:strangenesstracking-writer]: [22:09:21][INFO] fair::mq::Device running...
[159653:strangenesstracking-writer]: [22:09:21][INFO] LHCPeriod is not available, using current month AUG
[159651:secondary-vertexing]: [22:09:21][STATE] IDLE ---> INITIALIZING DEVICE
[159653:strangenesstracking-writer]: [22:09:21][INFO] Correctly handshaken websocket connection.
[159649:TOFMatchedReader_TPCTRD]: [INFO] Spawing new device TOFMatchedReader_TPCTRD in process with pid 159649
[159649:TOFMatchedReader_TPCTRD]: [22:09:21][INFO] 
[159649:TOFMatchedReader_TPCTRD]:       ______      _    _______  _________ 
[159649:TOFMatchedReader_TPCTRD]:      / ____/___ _(_)_______   |/  /_  __ \    version 1.6.0
[159649:TOFMatchedReader_TPCTRD]:     / /_  / __ `/ / ___/__  /|_/ /_  / / /    build RELWITHDEBINFO
[159649:TOFMatchedReader_TPCTRD]:    / __/ / /_/ / / /    _  /  / / / /_/ /     https://github.com/FairRootGroup/FairMQ
[159649:TOFMatchedReader_TPCTRD]:   /_/    \__,_/_/_/     /_/  /_/  \___\_\     LGPL-3.0  © 2012-2023 GSI
[159649:TOFMatchedReader_TPCTRD]: 
[159649:TOFMatchedReader_TPCTRD]: [22:09:21][STATE] Starting FairMQ state machine --> IDLE
[159650:internal-dpl-ccdb-backend]: [INFO] Instrumenting crash signals
[159651:secondary-vertexing]: [22:09:21][INFO] CTP Lumi request for TPC corr.map scaling=OFF, override values: lumiMean=0 lumiInst=0 lumiScaleMode=0
[159651:secondary-vertexing]: [22:09:21][STATE] INITIALIZING DEVICE ---> INITIALIZED
[159648:TOFMatchedReader_ITSTPCTRD]: [INFO] Instrumenting crash signals
[159651:secondary-vertexing]: [22:09:21][STATE] INITIALIZED ---> BINDING
[159651:secondary-vertexing]: [22:09:21][STATE] BINDING ---> BOUND
[159648:TOFMatchedReader_ITSTPCTRD]: [INFO] Spawing new device TOFMatchedReader_ITSTPCTRD in process with pid 159648
[159648:TOFMatchedReader_ITSTPCTRD]: [22:09:21][INFO] 
[159648:TOFMatchedReader_ITSTPCTRD]:       ______      _    _______  _________ 
[159648:TOFMatchedReader_ITSTPCTRD]:      / ____/___ _(_)_______   |/  /_  __ \    version 1.6.0
[159648:TOFMatchedReader_ITSTPCTRD]:     / /_  / __ `/ / ___/__  /|_/ /_  / / /    build RELWITHDEBINFO
[159648:TOFMatchedReader_ITSTPCTRD]:    / __/ / /_/ / / /    _  /  / / / /_/ /     https://github.com/FairRootGroup/FairMQ
[159648:TOFMatchedReader_ITSTPCTRD]:   /_/    \__,_/_/_/     /_/  /_/  \___\_\     LGPL-3.0  © 2012-2023 GSI
[159648:TOFMatchedReader_ITSTPCTRD]: 
[159648:TOFMatchedReader_ITSTPCTRD]: [22:09:21][STATE] Starting FairMQ state machine --> IDLE
[159650:internal-dpl-ccdb-backend]: [INFO] Spawing new device internal-dpl-ccdb-backend in process with pid 159650
[159650:internal-dpl-ccdb-backend]: [22:09:21][INFO] 
[159650:internal-dpl-ccdb-backend]:       ______      _    _______  _________ 
[159650:internal-dpl-ccdb-backend]:      / ____/___ _(_)_______   |/  /_  __ \    version 1.6.0
[159650:internal-dpl-ccdb-backend]:     / /_  / __ `/ / ___/__  /|_/ /_  / / /    build RELWITHDEBINFO
[159650:internal-dpl-ccdb-backend]:    / __/ / /_/ / / /    _  /  / / / /_/ /     https://github.com/FairRootGroup/FairMQ
[159650:internal-dpl-ccdb-backend]:   /_/    \__,_/_/_/     /_/  /_/  \___\_\     LGPL-3.0  © 2012-2023 GSI
[159650:internal-dpl-ccdb-backend]: 
[159650:internal-dpl-ccdb-backend]: [22:09:21][STATE] Starting FairMQ state machine --> IDLE
[159651:secondary-vertexing]: [22:09:21][STATE] BOUND ---> CONNECTING
[159652:secondary-vertex-writer]: [22:09:21][STATE] IDLE ---> INITIALIZING DEVICE
[159643:tpctrd-track-reader]: [22:09:21][STATE] IDLE ---> INITIALIZING DEVICE
[159649:TOFMatchedReader_TPCTRD]: [22:09:21][STATE] IDLE ---> INITIALIZING DEVICE
[159648:TOFMatchedReader_ITSTPCTRD]: [22:09:21][STATE] IDLE ---> INITIALIZING DEVICE
[159650:internal-dpl-ccdb-backend]: [22:09:21][STATE] IDLE ---> INITIALIZING DEVICE
[159650:internal-dpl-ccdb-backend]: [22:09:21][INFO] CCDB Backend at: http://alice-ccdb.cern.ch, validity check for every 2147483647 TF
[159650:internal-dpl-ccdb-backend]: [22:09:21][INFO] Init CcdApi with UserAgentID: localhost.localdomain-1692907761-TGUj3R, Host: http://alice-ccdb.cern.ch
[159650:internal-dpl-ccdb-backend]: [22:09:21][INFO] Initialised default CCDB host http://alice-ccdb.cern.ch
[159650:internal-dpl-ccdb-backend]: [22:09:21][INFO] The following route is a condition TPC/VDriftTgl/0
[159650:internal-dpl-ccdb-backend]: [22:09:21][INFO] - ccdb-path: TPC/Calib/VDriftTgl
[159650:internal-dpl-ccdb-backend]: [22:09:21][INFO] The following route is a condition GLO/GEOMALIGN/0
[159650:internal-dpl-ccdb-backend]: [22:09:21][INFO] - ccdb-path: GLO/Config/GeometryAligned
[159650:internal-dpl-ccdb-backend]: [22:09:21][INFO] The following route is a condition GLO/GRPECS/0
[159650:internal-dpl-ccdb-backend]: [22:09:21][INFO] - ccdb-path: GLO/Config/GRPECS
[159650:internal-dpl-ccdb-backend]: [22:09:21][INFO] The following route is a condition GLO/GRPMAGFIELD/0
[159650:internal-dpl-ccdb-backend]: [22:09:21][INFO] - ccdb-path: GLO/Config/GRPMagField
[159650:internal-dpl-ccdb-backend]: [22:09:21][INFO] The following route is a condition GLO/MATLUT/0
[159650:internal-dpl-ccdb-backend]: [22:09:21][INFO] - ccdb-path: GLO/Param/MatLUT
[159650:internal-dpl-ccdb-backend]: [22:09:21][INFO] The following route is a condition ITS/ALPIDEPARAM/0
[159650:internal-dpl-ccdb-backend]: [22:09:21][INFO] - ccdb-path: ITS/Config/AlpideParam
[159650:internal-dpl-ccdb-backend]: [22:09:21][INFO] The following route is a condition ITS/CLUSDICT/0
[159650:internal-dpl-ccdb-backend]: [22:09:21][INFO] - ccdb-path: ITS/Calib/ClusterDictionary
[159650:internal-dpl-ccdb-backend]: [22:09:21][INFO] The following route is a condition TPC/CalibLaserTracks/0
[159650:internal-dpl-ccdb-backend]: [22:09:21][INFO] - ccdb-path: TPC/Calib/LaserTracks
[159650:internal-dpl-ccdb-backend]: [22:09:21][INFO] The following route is a condition TPC/CorrMap/0
[159650:internal-dpl-ccdb-backend]: [22:09:21][INFO] - ccdb-path: TPC/Calib/CorrectionMapV2
[159650:internal-dpl-ccdb-backend]: [22:09:21][INFO] The following route is a condition TPC/CorrMapRef/0
[159650:internal-dpl-ccdb-backend]: [22:09:21][INFO] - ccdb-path: TPC/Calib/CorrectionMapRefV2
[159650:internal-dpl-ccdb-backend]: [22:09:21][STATE] INITIALIZING DEVICE ---> INITIALIZED
[159650:internal-dpl-ccdb-backend]: [22:09:21][STATE] INITIALIZED ---> BINDING
[159650:internal-dpl-ccdb-backend]: [22:09:21][STATE] BINDING ---> BOUND
[159650:internal-dpl-ccdb-backend]: [22:09:21][STATE] BOUND ---> CONNECTING
[159650:internal-dpl-ccdb-backend]: [22:09:21][STATE] CONNECTING ---> DEVICE READY
[159650:internal-dpl-ccdb-backend]: [22:09:21][STATE] DEVICE READY ---> INITIALIZING TASK
[159654:internal-dpl-injected-dummy-sink]: [22:09:21][STATE] IDLE ---> INITIALIZING DEVICE
[159654:internal-dpl-injected-dummy-sink]: [22:09:21][STATE] INITIALIZING DEVICE ---> INITIALIZED
[159654:internal-dpl-injected-dummy-sink]: [22:09:21][STATE] INITIALIZED ---> BINDING
[159654:internal-dpl-injected-dummy-sink]: [22:09:21][STATE] BINDING ---> BOUND
[159654:internal-dpl-injected-dummy-sink]: [22:09:21][STATE] BOUND ---> CONNECTING
[159654:internal-dpl-injected-dummy-sink]: [22:09:21][STATE] CONNECTING ---> DEVICE READY
[159654:internal-dpl-injected-dummy-sink]: [22:09:21][STATE] DEVICE READY ---> INITIALIZING TASK
[159644:TOFMatchedReader_ITSTPC]: [22:09:21][STATE] INITIALIZING DEVICE ---> INITIALIZED
[159644:TOFMatchedReader_ITSTPC]: [22:09:21][STATE] INITIALIZED ---> BINDING
[159644:TOFMatchedReader_ITSTPC]: [22:09:21][STATE] BINDING ---> BOUND
[159644:TOFMatchedReader_ITSTPC]: [22:09:21][STATE] BOUND ---> CONNECTING
[159644:TOFMatchedReader_ITSTPC]: [22:09:21][STATE] CONNECTING ---> DEVICE READY
[159644:TOFMatchedReader_ITSTPC]: [22:09:21][STATE] DEVICE READY ---> INITIALIZING TASK
[159650:internal-dpl-ccdb-backend]: [22:09:21][STATE] INITIALIZING TASK ---> READY
[159644:TOFMatchedReader_ITSTPC]: [22:09:21][STATE] INITIALIZING TASK ---> READY
[159644:TOFMatchedReader_ITSTPC]: [22:09:21][STATE] READY ---> RUNNING
[159644:TOFMatchedReader_ITSTPC]: [22:09:21][INFO] fair::mq::Device running...
[159644:TOFMatchedReader_ITSTPC]: [22:09:21][INFO] LHCPeriod is not available, using current month AUG
[159650:internal-dpl-ccdb-backend]: [22:09:21][STATE] READY ---> RUNNING
[159650:internal-dpl-ccdb-backend]: [22:09:21][INFO] fair::mq::Device running...
[159650:internal-dpl-ccdb-backend]: [22:09:21][INFO] LHCPeriod is not available, using current month AUG
[159650:internal-dpl-ccdb-backend]: [22:09:21][INFO] Correctly handshaken websocket connection.
[159652:secondary-vertex-writer]: [22:09:21][INFO] 0: branch  V0sID set up
[159652:secondary-vertex-writer]: [22:09:21][INFO] 1: branch  V0s set up
[159652:secondary-vertex-writer]: [22:09:21][INFO] 2: branch  PV2V0Refs set up
[159652:secondary-vertex-writer]: [22:09:21][INFO] 3: branch  CascadesID set up
[159652:secondary-vertex-writer]: [22:09:21][INFO] 4: branch  Cascades set up
[159652:secondary-vertex-writer]: [22:09:21][INFO] 5: branch  PV2CascRefs set up
[159652:secondary-vertex-writer]: [22:09:21][INFO] 6: branch  Decays3BodyID set up
[159652:secondary-vertex-writer]: [22:09:21][INFO] 7: branch  Decays3Body set up
[159652:secondary-vertex-writer]: [22:09:21][INFO] 8: branch  PV23BodyRefs set up
[159652:secondary-vertex-writer]: [22:09:21][STATE] INITIALIZING DEVICE ---> INITIALIZED
[159652:secondary-vertex-writer]: [22:09:21][STATE] INITIALIZED ---> BINDING
[159652:secondary-vertex-writer]: [22:09:21][STATE] BINDING ---> BOUND
[159652:secondary-vertex-writer]: [22:09:21][STATE] BOUND ---> CONNECTING
[159652:secondary-vertex-writer]: [22:09:21][STATE] CONNECTING ---> DEVICE READY
[159654:internal-dpl-injected-dummy-sink]: [22:09:21][STATE] INITIALIZING TASK ---> READY
[159652:secondary-vertex-writer]: [22:09:21][STATE] DEVICE READY ---> INITIALIZING TASK
[159652:secondary-vertex-writer]: [22:09:21][STATE] INITIALIZING TASK ---> READY
[159652:secondary-vertex-writer]: [22:09:21][STATE] READY ---> RUNNING
[159652:secondary-vertex-writer]: [22:09:21][INFO] fair::mq::Device running...
[159652:secondary-vertex-writer]: [22:09:21][INFO] LHCPeriod is not available, using current month AUG
[159652:secondary-vertex-writer]: [22:09:21][INFO] Correctly handshaken websocket connection.
[159651:secondary-vertexing]: [22:09:21][STATE] CONNECTING ---> DEVICE READY
[159654:internal-dpl-injected-dummy-sink]: [22:09:21][STATE] READY ---> RUNNING
[159654:internal-dpl-injected-dummy-sink]: [22:09:21][INFO] fair::mq::Device running...
[159654:internal-dpl-injected-dummy-sink]: [22:09:21][INFO] LHCPeriod is not available, using current month AUG
[159644:TOFMatchedReader_ITSTPC]: [22:09:21][INFO] Sending end-of-stream message to channel from_TOFMatchedReader_ITSTPC_to_internal-dpl-ccdb-backend
[159644:TOFMatchedReader_ITSTPC]: [22:09:21][INFO] Sending end-of-stream message to channel from_TOFMatchedReader_ITSTPC_to_secondary-vertexing
[159644:TOFMatchedReader_ITSTPC]: [22:09:21][INFO] Correctly handshaken websocket connection.
[159641:itstpctrd-track-reader]: [22:09:21][INFO] Sending end-of-stream message to channel from_itstpctrd-track-reader_to_secondary-vertexing
[159641:itstpctrd-track-reader]: [22:09:21][INFO] Correctly handshaken websocket connection.
[159651:secondary-vertexing]: [22:09:21][STATE] DEVICE READY ---> INITIALIZING TASK
[159654:internal-dpl-injected-dummy-sink]: [22:09:21][INFO] Correctly handshaken websocket connection.
[159645:TOFMatchedReader_TPC]: [22:09:21][INFO] Sending end-of-stream message to channel from_TOFMatchedReader_TPC_to_secondary-vertexing
[159645:TOFMatchedReader_TPC]: [22:09:21][INFO] Correctly handshaken websocket connection.
[159639:its-cluster-reader]: [22:09:21][INFO] Loaded tree from o2clus_its.root with 1 entries
[159639:its-cluster-reader]: [22:09:21][STATE] INITIALIZING DEVICE ---> INITIALIZED
[159651:secondary-vertexing]: [22:09:21][STATE] INITIALIZING TASK ---> READY
[159651:secondary-vertexing]: [22:09:21][STATE] READY ---> RUNNING
[159651:secondary-vertexing]: [22:09:21][INFO] fair::mq::Device running...
[159651:secondary-vertexing]: [22:09:21][INFO] LHCPeriod is not available, using current month AUG
[159651:secondary-vertexing]: [22:09:21][INFO] Correctly handshaken websocket connection.
[159639:its-cluster-reader]: [22:09:21][STATE] INITIALIZED ---> BINDING
[159639:its-cluster-reader]: [22:09:21][STATE] BINDING ---> BOUND
[159639:its-cluster-reader]: [22:09:21][STATE] BOUND ---> CONNECTING
[159639:its-cluster-reader]: [22:09:21][STATE] CONNECTING ---> DEVICE READY
[159639:its-cluster-reader]: [22:09:21][STATE] DEVICE READY ---> INITIALIZING TASK
[159638:its-track-reader]: [22:09:21][INFO] Loaded tree from o2trac_its.root with 1 entries
[159638:its-track-reader]: [22:09:21][STATE] INITIALIZING DEVICE ---> INITIALIZED
[159638:its-track-reader]: [22:09:21][STATE] INITIALIZED ---> BINDING
[159638:its-track-reader]: [22:09:21][STATE] BINDING ---> BOUND
[159638:its-track-reader]: [22:09:21][STATE] BOUND ---> CONNECTING
[159638:its-track-reader]: [22:09:21][STATE] CONNECTING ---> DEVICE READY
[159638:its-track-reader]: [22:09:21][STATE] DEVICE READY ---> INITIALIZING TASK
[159639:its-cluster-reader]: [22:09:21][STATE] INITIALIZING TASK ---> READY
[159639:its-cluster-reader]: [22:09:21][STATE] READY ---> RUNNING
[159639:its-cluster-reader]: [22:09:21][INFO] fair::mq::Device running...
[159639:its-cluster-reader]: [22:09:21][INFO] LHCPeriod is not available, using current month AUG
[159639:its-cluster-reader]: [22:09:21][INFO] ITSClusterReader pushes 42 ROFRecords,30737 compact clusters at entry 0
[159638:its-track-reader]: [22:09:22][STATE] INITIALIZING TASK ---> READY
[159638:its-track-reader]: [22:09:22][STATE] READY ---> RUNNING
[159638:its-track-reader]: [22:09:22][INFO] fair::mq::Device running...
[159638:its-track-reader]: [22:09:22][INFO] LHCPeriod is not available, using current month AUG
[159638:its-track-reader]: [22:09:22][INFO] Pushing 1987 track in 42 ROFs at entry 0
[159638:its-track-reader]: [22:09:22][INFO] Sending end-of-stream message to channel from_its-track-reader_to_secondary-vertexing
[159638:its-track-reader]: [22:09:22][INFO] Sending end-of-stream message to channel from_its-track-reader_to_internal-dpl-injected-dummy-sink
[159638:its-track-reader]: [22:09:22][INFO] Correctly handshaken websocket connection.
[159639:its-cluster-reader]: [22:09:22][INFO] Sending end-of-stream message to channel from_its-cluster-reader_to_secondary-vertexing
[159639:its-cluster-reader]: [22:09:22][INFO] Sending end-of-stream message to channel from_its-cluster-reader_to_internal-dpl-injected-dummy-sink
[159639:its-cluster-reader]: [22:09:22][INFO] Correctly handshaken websocket connection.
[159646:tof-cluster-reader]: [22:09:22][STATE] INITIALIZING DEVICE ---> INITIALIZED
[159646:tof-cluster-reader]: [22:09:22][STATE] INITIALIZED ---> BINDING
[159646:tof-cluster-reader]: [22:09:22][STATE] BINDING ---> BOUND
[159646:tof-cluster-reader]: [22:09:22][STATE] BOUND ---> CONNECTING
[159646:tof-cluster-reader]: [22:09:22][STATE] CONNECTING ---> DEVICE READY
[159646:tof-cluster-reader]: [22:09:22][STATE] DEVICE READY ---> INITIALIZING TASK
[159646:tof-cluster-reader]: [22:09:22][STATE] INITIALIZING TASK ---> READY
[159646:tof-cluster-reader]: [22:09:22][STATE] READY ---> RUNNING
[159646:tof-cluster-reader]: [22:09:22][INFO] fair::mq::Device running...
[159646:tof-cluster-reader]: [22:09:22][INFO] LHCPeriod is not available, using current month AUG
[159642:primary-vertex-reader]: [22:09:22][INFO] Loaded o2sim tree from o2_primary_vertex.root with 1 entries
[159642:primary-vertex-reader]: [22:09:22][STATE] INITIALIZING DEVICE ---> INITIALIZED
[159642:primary-vertex-reader]: [22:09:22][STATE] INITIALIZED ---> BINDING
[159642:primary-vertex-reader]: [22:09:22][STATE] BINDING ---> BOUND
[159642:primary-vertex-reader]: [22:09:22][STATE] BOUND ---> CONNECTING
[159642:primary-vertex-reader]: [22:09:22][STATE] CONNECTING ---> DEVICE READY
[159642:primary-vertex-reader]: [22:09:22][STATE] DEVICE READY ---> INITIALIZING TASK
[159642:primary-vertex-reader]: [22:09:22][STATE] INITIALIZING TASK ---> READY
[159642:primary-vertex-reader]: [22:09:22][STATE] READY ---> RUNNING
[159642:primary-vertex-reader]: [22:09:22][INFO] fair::mq::Device running...
[159642:primary-vertex-reader]: [22:09:22][INFO] LHCPeriod is not available, using current month AUG
[159642:primary-vertex-reader]: [22:09:22][INFO] Pushing 64 vertices at entry 0
[159648:TOFMatchedReader_ITSTPCTRD]: [22:09:22][STATE] INITIALIZING DEVICE ---> INITIALIZED
[159648:TOFMatchedReader_ITSTPCTRD]: [22:09:22][STATE] INITIALIZED ---> BINDING
[159648:TOFMatchedReader_ITSTPCTRD]: [22:09:22][STATE] BINDING ---> BOUND
[159648:TOFMatchedReader_ITSTPCTRD]: [22:09:22][STATE] BOUND ---> CONNECTING
[159648:TOFMatchedReader_ITSTPCTRD]: [22:09:22][STATE] CONNECTING ---> DEVICE READY
[159648:TOFMatchedReader_ITSTPCTRD]: [22:09:22][STATE] DEVICE READY ---> INITIALIZING TASK
[159648:TOFMatchedReader_ITSTPCTRD]: [22:09:22][STATE] INITIALIZING TASK ---> READY
[159648:TOFMatchedReader_ITSTPCTRD]: [22:09:22][STATE] READY ---> RUNNING
[159648:TOFMatchedReader_ITSTPCTRD]: [22:09:22][INFO] fair::mq::Device running...
[159648:TOFMatchedReader_ITSTPCTRD]: [22:09:22][INFO] LHCPeriod is not available, using current month AUG
[159646:tof-cluster-reader]: [22:09:22][INFO] Sending end-of-stream message to channel from_tof-cluster-reader_to_secondary-vertexing
[159646:tof-cluster-reader]: [22:09:22][INFO] Sending end-of-stream message to channel from_tof-cluster-reader_to_internal-dpl-injected-dummy-sink
[159646:tof-cluster-reader]: [22:09:22][INFO] Correctly handshaken websocket connection.
[159642:primary-vertex-reader]: [22:09:22][INFO] Sending end-of-stream message to channel from_primary-vertex-reader_to_secondary-vertexing
[159642:primary-vertex-reader]: [22:09:22][INFO] Correctly handshaken websocket connection.
[159640:itstpc-track-reader]: [22:09:23][INFO] Loaded tree from o2match_itstpc.root with 1 entries
[159640:itstpc-track-reader]: [22:09:23][STATE] INITIALIZING DEVICE ---> INITIALIZED
[159640:itstpc-track-reader]: [22:09:23][STATE] INITIALIZED ---> BINDING
[159640:itstpc-track-reader]: [22:09:23][STATE] BINDING ---> BOUND
[159640:itstpc-track-reader]: [22:09:23][STATE] BOUND ---> CONNECTING
[159640:itstpc-track-reader]: [22:09:23][STATE] CONNECTING ---> DEVICE READY
[159640:itstpc-track-reader]: [22:09:23][STATE] DEVICE READY ---> INITIALIZING TASK
[159648:TOFMatchedReader_ITSTPCTRD]: [22:09:23][INFO] Sending end-of-stream message to channel from_TOFMatchedReader_ITSTPCTRD_to_secondary-vertexing
[159648:TOFMatchedReader_ITSTPCTRD]: [22:09:23][INFO] Correctly handshaken websocket connection.
[159640:itstpc-track-reader]: [22:09:23][STATE] INITIALIZING TASK ---> READY
[159640:itstpc-track-reader]: [22:09:23][STATE] READY ---> RUNNING
[159640:itstpc-track-reader]: [22:09:23][INFO] fair::mq::Device running...
[159640:itstpc-track-reader]: [22:09:23][INFO] LHCPeriod is not available, using current month AUG
[159640:itstpc-track-reader]: [22:09:23][INFO] Pushing 1715 TPC-ITS matches at entry 0
[159649:TOFMatchedReader_TPCTRD]: [22:09:23][STATE] INITIALIZING DEVICE ---> INITIALIZED
[159649:TOFMatchedReader_TPCTRD]: [22:09:23][STATE] INITIALIZED ---> BINDING
[159649:TOFMatchedReader_TPCTRD]: [22:09:23][STATE] BINDING ---> BOUND
[159649:TOFMatchedReader_TPCTRD]: [22:09:23][STATE] BOUND ---> CONNECTING
[159649:TOFMatchedReader_TPCTRD]: [22:09:23][STATE] CONNECTING ---> DEVICE READY
[159649:TOFMatchedReader_TPCTRD]: [22:09:23][STATE] DEVICE READY ---> INITIALIZING TASK
[159649:TOFMatchedReader_TPCTRD]: [22:09:23][STATE] INITIALIZING TASK ---> READY
[159649:TOFMatchedReader_TPCTRD]: [22:09:23][STATE] READY ---> RUNNING
[159649:TOFMatchedReader_TPCTRD]: [22:09:23][INFO] fair::mq::Device running...
[159649:TOFMatchedReader_TPCTRD]: [22:09:23][INFO] LHCPeriod is not available, using current month AUG
[159647:tpc-track-reader]: [22:09:23][INFO] Will use MC-truth from TPCTracksMCTruth
[159647:tpc-track-reader]: [22:09:23][INFO] Loaded tree from tpctracks.root with 1 entries
[159647:tpc-track-reader]: [22:09:23][STATE] INITIALIZING DEVICE ---> INITIALIZED
[159647:tpc-track-reader]: [22:09:23][STATE] INITIALIZED ---> BINDING
[159647:tpc-track-reader]: [22:09:23][STATE] BINDING ---> BOUND
[159647:tpc-track-reader]: [22:09:23][STATE] BOUND ---> CONNECTING
[159647:tpc-track-reader]: [22:09:23][STATE] CONNECTING ---> DEVICE READY
[159647:tpc-track-reader]: [22:09:23][STATE] DEVICE READY ---> INITIALIZING TASK
[159640:itstpc-track-reader]: [22:09:23][INFO] Sending end-of-stream message to channel from_itstpc-track-reader_to_secondary-vertexing
[159640:itstpc-track-reader]: [22:09:23][INFO] Correctly handshaken websocket connection.
[159647:tpc-track-reader]: [22:09:23][STATE] INITIALIZING TASK ---> READY
[159647:tpc-track-reader]: [22:09:23][STATE] READY ---> RUNNING
[159647:tpc-track-reader]: [22:09:23][INFO] fair::mq::Device running...
[159647:tpc-track-reader]: [22:09:23][INFO] LHCPeriod is not available, using current month AUG
[159649:TOFMatchedReader_TPCTRD]: [22:09:23][INFO] Sending end-of-stream message to channel from_TOFMatchedReader_TPCTRD_to_secondary-vertexing
[159649:TOFMatchedReader_TPCTRD]: [22:09:23][INFO] Correctly handshaken websocket connection.
[159647:tpc-track-reader]: [22:09:23][INFO] TPCTrackReader pushes 5181 tracks from entries 0 : 0
[159647:tpc-track-reader]: [22:09:23][INFO] Sending end-of-stream message to channel from_tpc-track-reader_to_secondary-vertexing
[159647:tpc-track-reader]: [22:09:23][INFO] Correctly handshaken websocket connection.
[159643:tpctrd-track-reader]: [22:09:23][INFO] Loaded tree from trdmatches_tpc.root with 1 entries
[159643:tpctrd-track-reader]: [22:09:23][STATE] INITIALIZING DEVICE ---> INITIALIZED
[159643:tpctrd-track-reader]: [22:09:23][STATE] INITIALIZED ---> BINDING
[159643:tpctrd-track-reader]: [22:09:23][STATE] BINDING ---> BOUND
[159643:tpctrd-track-reader]: [22:09:23][STATE] BOUND ---> CONNECTING
[159643:tpctrd-track-reader]: [22:09:23][STATE] CONNECTING ---> DEVICE READY
[159643:tpctrd-track-reader]: [22:09:23][STATE] DEVICE READY ---> INITIALIZING TASK
[159643:tpctrd-track-reader]: [22:09:23][STATE] INITIALIZING TASK ---> READY
[159643:tpctrd-track-reader]: [22:09:23][STATE] READY ---> RUNNING
[159643:tpctrd-track-reader]: [22:09:23][INFO] fair::mq::Device running...
[159643:tpctrd-track-reader]: [22:09:23][INFO] LHCPeriod is not available, using current month AUG
[159643:tpctrd-track-reader]: [22:09:23][INFO] Pushing 39 tracks and 7 trigger records at entry 0
[159643:tpctrd-track-reader]: [22:09:23][INFO] Pushing 39 MC labels at entry 0
[159643:tpctrd-track-reader]: [22:09:23][INFO] Sending end-of-stream message to channel from_tpctrd-track-reader_to_secondary-vertexing
[159643:tpctrd-track-reader]: [22:09:23][INFO] Correctly handshaken websocket connection.
[159650:internal-dpl-ccdb-backend]: Info in <TJAlienConnectionManager>: Opening connection to JCentral. Please wait
[159650:internal-dpl-ccdb-backend]: Info in <TJAlienConnectionManager>: Opening connection to 137.138.99.139
[159650:internal-dpl-ccdb-backend]: Info in <TJAlienConnectionManager>: Successfully connected to 137.138.99.139
[159650:internal-dpl-ccdb-backend]: Info in <TJAlienFile::Open>: Accessing file /alice/data/CCDB/CTP/Calib/OrbitReset/06/62200/b9f985c3-b4b0-11ec-8fd3-90ce809b24ee in SE <ALICE::CERN::EOS>
[159650:internal-dpl-ccdb-backend]: [22:09:25][INFO] ccdb reads http://alice-ccdb.cern.ch/CTP/Calib/OrbitReset/1546300800000/b9f985c3-b4b0-11ec-8fd3-90ce809b24ee for 1546300800000 (load to memory, agent_id: localhost.localdomain-1692907761-TGUj3R), 
[159650:internal-dpl-ccdb-backend]: Info in <TJAlienFile::Open>: Accessing file /alice/data/CCDB/TPC/Calib/VDriftTgl/04/00148/01683855-2e90-11ed-ac0b-200114580202 in SE <ALICE::CERN::OCDB>
[159650:internal-dpl-ccdb-backend]: [22:09:25][INFO] ccdb reads http://alice-ccdb.cern.ch/TPC/Calib/VDriftTgl/1546300800000/01683855-2e90-11ed-ac0b-200114580202 for 1546300800000 (load to memory, agent_id: localhost.localdomain-1692907761-TGUj3R), 
[159650:internal-dpl-ccdb-backend]: Info in <TJAlienFile::Open>: Accessing file /alice/data/CCDB/GLO/Config/GeometryAligned/06/21224/787687c0-287a-11ed-8141-200114580202 in SE <ALICE::CERN::OCDB>
[159650:internal-dpl-ccdb-backend]: [22:09:26][INFO] ccdb reads http://alice-ccdb.cern.ch/GLO/Config/GeometryAligned/1546300800000/787687c0-287a-11ed-8141-200114580202 for 1546300800000 (load to memory, agent_id: localhost.localdomain-1692907761-TGUj3R), 
[159650:internal-dpl-ccdb-backend]: Info in <TJAlienFile::Open>: Accessing file /alice/data/CCDB/GLO/Config/GRPECS/03/07584/646e9be2-0210-11ed-8000-200114580202 in SE <ALICE::CERN::OCDB>
[159650:internal-dpl-ccdb-backend]: [22:09:26][INFO] ccdb reads http://alice-ccdb.cern.ch/GLO/Config/GRPECS/1546300800000/646e9be2-0210-11ed-8000-200114580202 for 1546300800000 (load to memory, agent_id: localhost.localdomain-1692907761-TGUj3R), 
[159650:internal-dpl-ccdb-backend]: Info in <TJAlienFile::Open>: Accessing file /alice/data/CCDB/GLO/Config/GRPMagField/06/62924/01d633ab-efdf-11ec-841e-2a010e0a0b16 in SE <ALICE::CERN::OCDB>
[159650:internal-dpl-ccdb-backend]: [22:09:26][INFO] ccdb reads http://alice-ccdb.cern.ch/GLO/Config/GRPMagField/1546300800000/01d633ab-efdf-11ec-841e-2a010e0a0b16 for 1546300800000 (load to memory, agent_id: localhost.localdomain-1692907761-TGUj3R), 
[159650:internal-dpl-ccdb-backend]: Info in <TJAlienFile::Open>: Accessing file /alice/data/CCDB/GLO/Param/MatLUT/05/24630/d5a2a33e-dba4-11ec-9e90-2a010e0a0b16 in SE <ALICE::CERN::OCDB>
[159650:internal-dpl-ccdb-backend]: [22:09:26][INFO] ccdb reads http://alice-ccdb.cern.ch/GLO/Param/MatLUT/1546300800000/d5a2a33e-dba4-11ec-9e90-2a010e0a0b16 for 1546300800000 (load to memory, agent_id: localhost.localdomain-1692907761-TGUj3R), 
[159650:internal-dpl-ccdb-backend]: Info in <TJAlienFile::Open>: Accessing file /alice/data/CCDB/ITS/Config/AlpideParam/02/10715/76f24ad5-e339-11ec-9e90-200114580204 in SE <ALICE::CERN::OCDB>
[159650:internal-dpl-ccdb-backend]: [22:09:26][INFO] ccdb reads http://alice-ccdb.cern.ch/ITS/Config/AlpideParam/1546300800000/76f24ad5-e339-11ec-9e90-200114580204 for 1546300800000 (load to memory, agent_id: localhost.localdomain-1692907761-TGUj3R), 
[159650:internal-dpl-ccdb-backend]: Info in <TJAlienFile::Open>: Accessing file /alice/data/CCDB/ITS/Calib/ClusterDictionary/09/10449/c245a720-9fe3-11ec-975c-200114580202 in SE <ALICE::CERN::OCDB>
[159650:internal-dpl-ccdb-backend]: [22:09:27][INFO] ccdb reads http://alice-ccdb.cern.ch/ITS/Calib/ClusterDictionary/0/c245a720-9fe3-11ec-975c-200114580202 for 1546300800000 (load to memory, agent_id: localhost.localdomain-1692907761-TGUj3R), 
[159650:internal-dpl-ccdb-backend]: Info in <TJAlienFile::Open>: Accessing file /alice/data/CCDB/TPC/Calib/LaserTracks/14/60057/dd26d771-0929-11ed-8000-2a010e0a0b16 in SE <ALICE::CERN::OCDB>
[159650:internal-dpl-ccdb-backend]: [22:09:27][INFO] ccdb reads http://alice-ccdb.cern.ch/TPC/Calib/LaserTracks/1546300800000/dd26d771-0929-11ed-8000-2a010e0a0b16 for 1546300800000 (load to memory, agent_id: localhost.localdomain-1692907761-TGUj3R), 
[159650:internal-dpl-ccdb-backend]: Info in <TJAlienFile::Open>: Accessing file /alice/data/CCDB/TPC/Calib/CorrectionMapV2/04/24306/188b3306-3a84-11ee-a1e3-200114580202 in SE <ALICE::CERN::OCDB>
[159650:internal-dpl-ccdb-backend]: [22:09:28][INFO] ccdb reads http://alice-ccdb.cern.ch/TPC/Calib/CorrectionMapV2/1/188b3306-3a84-11ee-a1e3-200114580202 for 1546300800000 (load to memory, agent_id: localhost.localdomain-1692907761-TGUj3R), 
[159650:internal-dpl-ccdb-backend]: Info in <TJAlienFile::Open>: Accessing file /alice/data/CCDB/TPC/Calib/CorrectionMapRefV2/10/16377/1f4bfb7e-3a84-11ee-a1e3-200114580202 in SE <ALICE::CERN::OCDB>
[159650:internal-dpl-ccdb-backend]: [22:09:28][INFO] ccdb reads http://alice-ccdb.cern.ch/TPC/Calib/CorrectionMapRefV2/1/1f4bfb7e-3a84-11ee-a1e3-200114580202 for 1546300800000 (load to memory, agent_id: localhost.localdomain-1692907761-TGUj3R), 
[159650:internal-dpl-ccdb-backend]: [22:09:28][INFO] Sending end-of-stream message to channel from_internal-dpl-ccdb-backend_to_secondary-vertexing
[159650:internal-dpl-ccdb-backend]: [22:09:28][INFO] Sending end-of-stream message to channel from_internal-dpl-ccdb-backend_to_internal-dpl-injected-dummy-sink
[159651:secondary-vertexing]: [22:09:29][INFO] Caching in 139610285490832 ptr to ITS/ALPIDEPARAM/0 (0x7efc0d5482a0)
[159651:secondary-vertexing]: [22:09:29][INFO] cluster dictionary updated
[159651:secondary-vertexing]: [22:09:29][INFO] Caching in 139610285493104 ptr to ITS/CLUSDICT/0 (0x64b60c0)
[159651:secondary-vertexing]: [22:09:29][INFO] GRP MagField object updated
[159651:secondary-vertexing]: [22:09:29][INFO] MagneticField::Print: MagneticFieldMap:
[159651:secondary-vertexing]: [22:09:29][INFO] MagneticField::Print: Solenoid (-1*)5 kG, Dipole ON (-1) 
[159651:secondary-vertexing]: [22:09:29][INFO] MagneticField::Print: Machine B fields for p-p  beam (7000 GeV): QGrad: 22.0002 Dipole: 37.8781
[159651:secondary-vertexing]: [22:09:29][INFO] MagneticField::Print: Uses Sol30_Dip6_Hole  of /root/alice/sw/slc8_x86-64/O2/segment-local1/share/Common/maps/mfchebKGI_sym.root
[159651:secondary-vertexing]: Info in <TGeoGlobalMagField::SetField>: Global magnetic field set to <MagneticFieldMap>
[159651:secondary-vertexing]: Info in <TGeoGlobalMagField::Lock>: Global magnetic field <MagneticFieldMap> is now locked
[159651:secondary-vertexing]: [22:09:29][INFO] Caching in 139610276264144 ptr to GLO/GRPMAGFIELD/0 (0x673a420)
[159651:secondary-vertexing]: [22:09:29][INFO] GRP ECS object updated
[159651:secondary-vertexing]: [22:09:29][INFO] Caching in 139610276261872 ptr to GLO/GRPECS/0 (0x43c04a0)
[159651:secondary-vertexing]: [22:09:29][INFO] material LUT updated
[159651:secondary-vertexing]: [22:09:29][INFO] Loaded 440 params from $(O2_ROOT)/share/Common/maps/sol5k.txt
[159651:secondary-vertexing]: [22:09:29][INFO] Caching in 139610276265392 ptr to GLO/MATLUT/0 (0x74432f0)
[159651:secondary-vertexing]: Info in <TGeoManager::CloseGeometry>: Geometry loaded from file...
[159651:secondary-vertexing]: Info in <TGeoManager::SetTopVolume>: Top volume is cave. Master volume is cave
[159651:secondary-vertexing]: Info in <TGeoNavigator::BuildCache>: --- Maximum geometry depth set to 100
[159651:secondary-vertexing]: Info in <TGeoManager::Voxelize>: Voxelizing...
[159651:secondary-vertexing]: Info in <TGeoManager::CountLevels>: max level = 13, max placements = 735
[159651:secondary-vertexing]: Info in <TGeoManager::CloseGeometry>: 5346742 nodes/ 27442 volume UID's in FAIR geometry
[159651:secondary-vertexing]: Info in <TGeoManager::CloseGeometry>: ----------------modeler ready----------------
[159651:secondary-vertexing]: [22:09:30][INFO] aligned geometry updated
[159651:secondary-vertexing]: [22:09:30][INFO] Caching in 139610274414544 ptr to GLO/GEOMALIGN/0 (0x7520130)
[159651:secondary-vertexing]: [22:09:30][INFO] accountLaserCalibration 1 t 10 vs 0
[159651:secondary-vertexing]: [22:09:30][INFO] Caching in 139610285520976 ptr to TPC/CalibLaserTracks/0 (0x4b25700)
[159651:secondary-vertexing]: [22:09:30][INFO] accountDriftCorrectionITSTPCTgl 1 t 0 vs 0
[159651:secondary-vertexing]: [22:09:30][INFO] Caching in 139610274412464 ptr to TPC/VDriftTgl/0 (0x689d5e0)
[159651:secondary-vertexing]: [22:09:30][INFO] Will prefer TPC Drift from Laser with time 10 to TPCITSTgl with time 0
[159651:secondary-vertexing]: [22:09:30][INFO] InstLumiOverride=0, UseCTPLumi=false -> instLumi=0, meanLumi=1 -> LumiScale=0, lumiScaleMode=0
[159651:secondary-vertexing]: [22:09:30][INFO] Caching in 139610285523248 ptr to TPC/CorrMap/0 (0x6afb8c0)
[159651:secondary-vertexing]: [22:09:30][INFO] Caching in 139610285532688 ptr to TPC/CorrMapRef/0 (0x6afdb00)
[159651:secondary-vertexing]: svertexer.createFullV0s : false		[ CODE ]
[159651:secondary-vertexing]: svertexer.createFullCascades : false		[ CODE ]
[159651:secondary-vertexing]: svertexer.createFull3Bodies : false		[ CODE ]
[159651:secondary-vertexing]: svertexer.useAbsDCA : true		[ CODE ]
[159651:secondary-vertexing]: svertexer.selectBestV0 : false		[ CODE ]
[159651:secondary-vertexing]: svertexer.maxChi2 : 2		[ CODE ]
[159651:secondary-vertexing]: svertexer.minParamChange : 0.001		[ CODE ]
[159651:secondary-vertexing]: svertexer.minRelChi2Change : 0.9		[ CODE ]
[159651:secondary-vertexing]: svertexer.maxDZIni : 5		[ CODE ]
[159651:secondary-vertexing]: svertexer.maxRIni : 150		[ CODE ]
[159651:secondary-vertexing]: svertexer.matCorr : 0		[ CODE ]
[159651:secondary-vertexing]: svertexer.minRFor3DField : 40		[ CODE ]
[159651:secondary-vertexing]: svertexer.maxStep : 2		[ CODE ]
[159651:secondary-vertexing]: svertexer.maxSnp : 0.95		[ CODE ]
[159651:secondary-vertexing]: svertexer.minXSeed : -1		[ CODE ]
[159651:secondary-vertexing]: svertexer.usePropagator : false		[ CODE ]
[159651:secondary-vertexing]: svertexer.refitWithMatCorr : false		[ CODE ]
[159651:secondary-vertexing]: svertexer.maxPVContributors : 2		[ CODE ]
[159651:secondary-vertexing]: svertexer.minDCAToPV : 0.05		[ CODE ]
[159651:secondary-vertexing]: svertexer.minRToMeanVertex : 0.5		[ CODE ]
[159651:secondary-vertexing]: svertexer.maxDCAXYToMeanVertex : 0.2		[ CODE ]
[159651:secondary-vertexing]: svertexer.maxDCAXYToMeanVertexV0Casc : 2		[ CODE ]
[159651:secondary-vertexing]: svertexer.maxDCAXYToMeanVertex3bodyV0 : 2		[ CODE ]
[159651:secondary-vertexing]: svertexer.minPtV0 : 0.01		[ CODE ]
[159651:secondary-vertexing]: svertexer.maxTglV0 : 2		[ CODE ]
[159651:secondary-vertexing]: svertexer.causalityRTolerance : 1		[ CODE ]
[159651:secondary-vertexing]: svertexer.maxV0ToProngsRDiff : 50		[ CODE ]
[159651:secondary-vertexing]: svertexer.minCosPAXYMeanVertex : 0.95		[ CODE ]
[159651:secondary-vertexing]: svertexer.minCosPAXYMeanVertexCascV0 : 0.8		[ CODE ]
[159651:secondary-vertexing]: svertexer.minCosPAXYMeanVertex3bodyV0 : 0.9		[ CODE ]
[159651:secondary-vertexing]: svertexer.maxRToMeanVertexCascV0 : 80		[ CODE ]
[159651:secondary-vertexing]: svertexer.minCosPACascV0 : 0.8		[ CODE ]
[159651:secondary-vertexing]: svertexer.minCosPA3bodyV0 : 0.8		[ CODE ]
[159651:secondary-vertexing]: svertexer.minCosPA : 0.9		[ CODE ]
[159651:secondary-vertexing]: svertexer.minRDiffV0Casc : 0.2		[ CODE ]
[159651:secondary-vertexing]: svertexer.maxRDiffV03body : 3		[ CODE ]
[159651:secondary-vertexing]: svertexer.maxRIniCasc : 90		[ CODE ]
[159651:secondary-vertexing]: svertexer.maxDCAXYCasc : 0.3		[ CODE ]
[159651:secondary-vertexing]: svertexer.maxDCAZCasc : 0.3		[ CODE ]
[159651:secondary-vertexing]: svertexer.maxDCAXY3Body : 0.5		[ CODE ]
[159651:secondary-vertexing]: svertexer.maxDCAZ3Body : 1		[ CODE ]
[159651:secondary-vertexing]: svertexer.minCosPACasc : 0.7		[ CODE ]
[159651:secondary-vertexing]: svertexer.minCosPA3body : 0.8		[ CODE ]
[159651:secondary-vertexing]: svertexer.minPtCasc : 0.01		[ CODE ]
[159651:secondary-vertexing]: svertexer.maxTglCasc : 2		[ CODE ]
[159651:secondary-vertexing]: svertexer.minPt3Body : 0.01		[ CODE ]
[159651:secondary-vertexing]: svertexer.maxTgl3Body : 2		[ CODE ]
[159651:secondary-vertexing]: svertexer.maxRIni3body : 90		[ CODE ]
[159651:secondary-vertexing]: svertexer.mExcludeTPCtracks : false		[ CODE ]
[159651:secondary-vertexing]: svertexer.mTPCTrackMaxX : -1		[ CODE ]
[159651:secondary-vertexing]: svertexer.minTPCdEdx : 250		[ CODE ]
[159651:secondary-vertexing]: svertexer.minMomTPCdEdx : 0.8		[ CODE ]
[159651:secondary-vertexing]: svertexer.checkV0Hypothesis : true		[ CODE ]
[159651:secondary-vertexing]: svertexer.pidCutsPhoton[0] : 0.001		[ CODE ]
[159651:secondary-vertexing]: svertexer.pidCutsPhoton[1] : 20		[ CODE ]
[159651:secondary-vertexing]: svertexer.pidCutsPhoton[2] : 0.6		[ CODE ]
[159651:secondary-vertexing]: svertexer.pidCutsPhoton[3] : 0		[ CODE ]
[159651:secondary-vertexing]: svertexer.pidCutsK0[0] : 0.003		[ CODE ]
[159651:secondary-vertexing]: svertexer.pidCutsK0[1] : 20		[ CODE ]
[159651:secondary-vertexing]: svertexer.pidCutsK0[2] : 0.07		[ CODE ]
[159651:secondary-vertexing]: svertexer.pidCutsK0[3] : 0.5		[ CODE ]
[159651:secondary-vertexing]: svertexer.pidCutsLambda[0] : 0.001		[ CODE ]
[159651:secondary-vertexing]: svertexer.pidCutsLambda[1] : 20		[ CODE ]
[159651:secondary-vertexing]: svertexer.pidCutsLambda[2] : 0.07		[ CODE ]
[159651:secondary-vertexing]: svertexer.pidCutsLambda[3] : 0.5		[ CODE ]
[159651:secondary-vertexing]: svertexer.pidCutsHTriton[0] : 0.0025		[ CODE ]
[159651:secondary-vertexing]: svertexer.pidCutsHTriton[1] : 14		[ CODE ]
[159651:secondary-vertexing]: svertexer.pidCutsHTriton[2] : 0.07		[ CODE ]
[159651:secondary-vertexing]: svertexer.pidCutsHTriton[3] : 0.5		[ CODE ]
[159651:secondary-vertexing]: svertexer.pidCutsHhydrog4[0] : 0.0025		[ CODE ]
[159651:secondary-vertexing]: svertexer.pidCutsHhydrog4[1] : 14		[ CODE ]
[159651:secondary-vertexing]: svertexer.pidCutsHhydrog4[2] : 0.07		[ CODE ]
[159651:secondary-vertexing]: svertexer.pidCutsHhydrog4[3] : 0.5		[ CODE ]
[159651:secondary-vertexing]: svertexer.checkCascadeHypothesis : true		[ CODE ]
[159651:secondary-vertexing]: svertexer.pidCutsXiMinus[0] : 0.001		[ CODE ]
[159651:secondary-vertexing]: svertexer.pidCutsXiMinus[1] : 20		[ CODE ]
[159651:secondary-vertexing]: svertexer.pidCutsXiMinus[2] : 0.07		[ CODE ]
[159651:secondary-vertexing]: svertexer.pidCutsXiMinus[3] : 0.5		[ CODE ]
[159651:secondary-vertexing]: svertexer.pidCutsOmegaMinus[0] : 0.001		[ CODE ]
[159651:secondary-vertexing]: svertexer.pidCutsOmegaMinus[1] : 20		[ CODE ]
[159651:secondary-vertexing]: svertexer.pidCutsOmegaMinus[2] : 0.07		[ CODE ]
[159651:secondary-vertexing]: svertexer.pidCutsOmegaMinus[3] : 0.5		[ CODE ]
[159651:secondary-vertexing]: svertexer.check3bodyHypothesis : true		[ CODE ]
[159651:secondary-vertexing]: svertexer.pidCutsH3L3body[0] : 0.0025		[ CODE ]
[159651:secondary-vertexing]: svertexer.pidCutsH3L3body[1] : 14		[ CODE ]
[159651:secondary-vertexing]: svertexer.pidCutsH3L3body[2] : 0.07		[ CODE ]
[159651:secondary-vertexing]: svertexer.pidCutsH3L3body[3] : 0.5		[ CODE ]
[159651:secondary-vertexing]: svertexer.pidCutsHe4L3body[0] : 0.0025		[ CODE ]
[159651:secondary-vertexing]: svertexer.pidCutsHe4L3body[1] : 14		[ CODE ]
[159651:secondary-vertexing]: svertexer.pidCutsHe4L3body[2] : 0.07		[ CODE ]
[159651:secondary-vertexing]: svertexer.pidCutsHe4L3body[3] : 0.5		[ CODE ]
[159651:secondary-vertexing]: [22:09:30][INFO] Loading ITS T2L matrices from TGeo
[159651:secondary-vertexing]: [22:09:30][WARN] It is faster to use 2D rotation for T2G instead of full Transform3D matrices
[159651:secondary-vertexing]: [22:09:30][INFO] Loading ITS T2G matrices from TGeo
[159651:secondary-vertexing]: [22:09:31][INFO] Loading ITS T2G rotation 2D matrices
[159651:secondary-vertexing]: [22:09:31][INFO] Updating TPC fast transform map with new VDrift factor of 1 wrt reference 2.58 and DriftTimeOffset correction 0 wrt 0 from source Laser
[159651:secondary-vertexing]: [22:09:31][INFO] Collected 38932 positive and 31725 negative seeds
[159651:secondary-vertexing]: [22:09:37][INFO] Found 192 V0s, 48 cascades, 19 3-body decays, 1 strange tracks. Timing: CPU: 8.5 Real: 8.5865 s
[159651:secondary-vertexing]: [22:09:37][INFO] Secondary vertexing total timing: Cpu: 8.500e+00 Real: 8.587e+00 s in 1 slots, nThreads = 1
[159651:secondary-vertexing]: [22:09:37][INFO] Sending end-of-stream message to channel from_secondary-vertexing_to_secondary-vertex-writer
[159651:secondary-vertexing]: [22:09:37][INFO] Sending end-of-stream message to channel from_secondary-vertexing_to_strangenesstracking-writer
[159653:strangenesstracking-writer]: [22:09:37][INFO] StrangenessTracker writer pulled 1 strange tracks
[159652:secondary-vertex-writer]: [22:09:37][INFO] SecondaryVertexWriter pulled 192 v0s
[159652:secondary-vertex-writer]: [22:09:37][INFO] SecondaryVertexWriter pulled 48 cascades
[159652:secondary-vertex-writer]: [22:09:37][INFO] SecondaryVertexWriter pulled 19 decays3body
[INFO] Quitting
[INFO] QUIT_REQUESTED
[159637:internal-dpl-clock]: [22:09:37][INFO] Received device shutdown request (signal 15).
[159637:internal-dpl-clock]: [22:09:37][INFO] Waiting for graceful device shutdown. Hit Ctrl-C again to abort immediately.
[159638:its-track-reader]: [22:09:37][INFO] Received device shutdown request (signal 15).
[159638:its-track-reader]: [22:09:37][INFO] Waiting for graceful device shutdown. Hit Ctrl-C again to abort immediately.
[159638:its-track-reader]: [22:09:37][INFO] New state requested. No timeout set, quitting immediately as per --completion-policy
[159638:its-track-reader]: [22:09:37][STATE] RUNNING ---> READY
[159639:its-cluster-reader]: [22:09:37][INFO] Received device shutdown request (signal 15).
[159639:its-cluster-reader]: [22:09:37][INFO] Waiting for graceful device shutdown. Hit Ctrl-C again to abort immediately.
[159640:itstpc-track-reader]: [22:09:37][INFO] Received device shutdown request (signal 15).
[159640:itstpc-track-reader]: [22:09:37][INFO] Waiting for graceful device shutdown. Hit Ctrl-C again to abort immediately.
[159640:itstpc-track-reader]: [22:09:37][INFO] New state requested. No timeout set, quitting immediately as per --completion-policy
[159640:itstpc-track-reader]: [22:09:37][STATE] RUNNING ---> READY
[159640:itstpc-track-reader]: [22:09:37][STATE] READY ---> RESETTING TASK
[159640:itstpc-track-reader]: [22:09:37][STATE] RESETTING TASK ---> DEVICE READY
[159640:itstpc-track-reader]: [22:09:37][STATE] DEVICE READY ---> RESETTING DEVICE
[159641:itstpctrd-track-reader]: [22:09:37][INFO] Received device shutdown request (signal 15).
[159641:itstpctrd-track-reader]: [22:09:37][INFO] Waiting for graceful device shutdown. Hit Ctrl-C again to abort immediately.
[159642:primary-vertex-reader]: [22:09:37][INFO] Received device shutdown request (signal 15).
[159642:primary-vertex-reader]: [22:09:37][INFO] Waiting for graceful device shutdown. Hit Ctrl-C again to abort immediately.
[159642:primary-vertex-reader]: [22:09:37][INFO] New state requested. No timeout set, quitting immediately as per --completion-policy
[159642:primary-vertex-reader]: [22:09:37][STATE] RUNNING ---> READY
[159643:tpctrd-track-reader]: [22:09:37][INFO] Received device shutdown request (signal 15).
[159643:tpctrd-track-reader]: [22:09:37][INFO] Waiting for graceful device shutdown. Hit Ctrl-C again to abort immediately.
[159643:tpctrd-track-reader]: [22:09:37][INFO] New state requested. No timeout set, quitting immediately as per --completion-policy
[159643:tpctrd-track-reader]: [22:09:37][STATE] RUNNING ---> READY
[159644:TOFMatchedReader_ITSTPC]: [22:09:37][INFO] Received device shutdown request (signal 15).
[159644:TOFMatchedReader_ITSTPC]: [22:09:37][INFO] Waiting for graceful device shutdown. Hit Ctrl-C again to abort immediately.
[159644:TOFMatchedReader_ITSTPC]: [22:09:37][INFO] New state requested. No timeout set, quitting immediately as per --completion-policy
[159644:TOFMatchedReader_ITSTPC]: [22:09:37][STATE] RUNNING ---> READY
[159644:TOFMatchedReader_ITSTPC]: [22:09:37][STATE] READY ---> RESETTING TASK
[159644:TOFMatchedReader_ITSTPC]: [22:09:37][STATE] RESETTING TASK ---> DEVICE READY
[159644:TOFMatchedReader_ITSTPC]: [22:09:37][STATE] DEVICE READY ---> RESETTING DEVICE
[159645:TOFMatchedReader_TPC]: [22:09:37][INFO] Received device shutdown request (signal 15).
[159645:TOFMatchedReader_TPC]: [22:09:37][INFO] Waiting for graceful device shutdown. Hit Ctrl-C again to abort immediately.
[159645:TOFMatchedReader_TPC]: [22:09:37][INFO] New state requested. No timeout set, quitting immediately as per --completion-policy
[159645:TOFMatchedReader_TPC]: [22:09:37][STATE] RUNNING ---> READY
[159646:tof-cluster-reader]: [22:09:37][INFO] Received device shutdown request (signal 15).
[159646:tof-cluster-reader]: [22:09:37][INFO] Waiting for graceful device shutdown. Hit Ctrl-C again to abort immediately.
[159646:tof-cluster-reader]: [22:09:37][INFO] New state requested. No timeout set, quitting immediately as per --completion-policy
[159646:tof-cluster-reader]: [22:09:37][STATE] RUNNING ---> READY
[159647:tpc-track-reader]: [22:09:37][INFO] Received device shutdown request (signal 15).
[159647:tpc-track-reader]: [22:09:37][INFO] Waiting for graceful device shutdown. Hit Ctrl-C again to abort immediately.
[159647:tpc-track-reader]: [22:09:37][INFO] New state requested. No timeout set, quitting immediately as per --completion-policy
[159647:tpc-track-reader]: [22:09:37][STATE] RUNNING ---> READY
[159647:tpc-track-reader]: [22:09:37][STATE] READY ---> RESETTING TASK
[159647:tpc-track-reader]: [22:09:37][STATE] RESETTING TASK ---> DEVICE READY
[159647:tpc-track-reader]: [22:09:37][STATE] DEVICE READY ---> RESETTING DEVICE
[159648:TOFMatchedReader_ITSTPCTRD]: [22:09:37][INFO] Received device shutdown request (signal 15).
[159648:TOFMatchedReader_ITSTPCTRD]: [22:09:37][INFO] Waiting for graceful device shutdown. Hit Ctrl-C again to abort immediately.
[159649:TOFMatchedReader_TPCTRD]: [22:09:37][INFO] Received device shutdown request (signal 15).
[159649:TOFMatchedReader_TPCTRD]: [22:09:37][INFO] Waiting for graceful device shutdown. Hit Ctrl-C again to abort immediately.
[159649:TOFMatchedReader_TPCTRD]: [22:09:37][INFO] New state requested. No timeout set, quitting immediately as per --completion-policy
[159649:TOFMatchedReader_TPCTRD]: [22:09:37][STATE] RUNNING ---> READY
[159650:internal-dpl-ccdb-backend]: [22:09:37][INFO] Received device shutdown request (signal 15).
[159650:internal-dpl-ccdb-backend]: [22:09:37][INFO] Waiting for graceful device shutdown. Hit Ctrl-C again to abort immediately.
[159651:secondary-vertexing]: [22:09:37][INFO] Received device shutdown request (signal 15).
[159651:secondary-vertexing]: [22:09:37][INFO] Waiting for graceful device shutdown. Hit Ctrl-C again to abort immediately.
[159652:secondary-vertex-writer]: [22:09:37][INFO] Received device shutdown request (signal 15).
[159652:secondary-vertex-writer]: [22:09:37][INFO] Waiting for graceful device shutdown. Hit Ctrl-C again to abort immediately.
[159653:strangenesstracking-writer]: [22:09:37][INFO] Received device shutdown request (signal 15).
[159653:strangenesstracking-writer]: [22:09:37][INFO] Waiting for graceful device shutdown. Hit Ctrl-C again to abort immediately.
[159654:internal-dpl-injected-dummy-sink]: [22:09:37][INFO] Received device shutdown request (signal 15).
[159654:internal-dpl-injected-dummy-sink]: [22:09:37][INFO] Waiting for graceful device shutdown. Hit Ctrl-C again to abort immediately.
[159641:itstpctrd-track-reader]: [22:09:37][INFO] New state requested. No timeout set, quitting immediately as per --completion-policy
[159641:itstpctrd-track-reader]: [22:09:37][STATE] RUNNING ---> READY
[159641:itstpctrd-track-reader]: [22:09:37][STATE] READY ---> RESETTING TASK
[159641:itstpctrd-track-reader]: [22:09:37][STATE] RESETTING TASK ---> DEVICE READY
[159641:itstpctrd-track-reader]: [22:09:37][STATE] DEVICE READY ---> RESETTING DEVICE
[159640:itstpc-track-reader]: [22:09:37][STATE] RESETTING DEVICE ---> IDLE
[159643:tpctrd-track-reader]: [22:09:37][STATE] READY ---> RESETTING TASK
[159653:strangenesstracking-writer]: [22:09:37][INFO] New state requested. No timeout set, quitting immediately as per --completion-policy
[159654:internal-dpl-injected-dummy-sink]: [22:09:37][INFO] New state requested. No timeout set, quitting immediately as per --completion-policy
[159654:internal-dpl-injected-dummy-sink]: [22:09:37][STATE] RUNNING ---> READY
[159638:its-track-reader]: [22:09:37][STATE] READY ---> RESETTING TASK
[159638:its-track-reader]: [22:09:37][STATE] RESETTING TASK ---> DEVICE READY
[159638:its-track-reader]: [22:09:37][STATE] DEVICE READY ---> RESETTING DEVICE
[159640:itstpc-track-reader]: [22:09:37][STATE] IDLE ---> EXITING
[159640:itstpc-track-reader]: [22:09:37][STATE] Exiting FairMQ state machine
[159642:primary-vertex-reader]: [22:09:37][STATE] READY ---> RESETTING TASK
[159642:primary-vertex-reader]: [22:09:37][STATE] RESETTING TASK ---> DEVICE READY
[159642:primary-vertex-reader]: [22:09:37][STATE] DEVICE READY ---> RESETTING DEVICE
[159643:tpctrd-track-reader]: [22:09:37][STATE] RESETTING TASK ---> DEVICE READY
[159643:tpctrd-track-reader]: [22:09:37][STATE] DEVICE READY ---> RESETTING DEVICE
[159646:tof-cluster-reader]: [22:09:37][STATE] READY ---> RESETTING TASK
[159646:tof-cluster-reader]: [22:09:37][STATE] RESETTING TASK ---> DEVICE READY
[159646:tof-cluster-reader]: [22:09:37][STATE] DEVICE READY ---> RESETTING DEVICE
[159649:TOFMatchedReader_TPCTRD]: [22:09:37][STATE] READY ---> RESETTING TASK
[159649:TOFMatchedReader_TPCTRD]: [22:09:37][STATE] RESETTING TASK ---> DEVICE READY
[159649:TOFMatchedReader_TPCTRD]: [22:09:37][STATE] DEVICE READY ---> RESETTING DEVICE
[159650:internal-dpl-ccdb-backend]: [22:09:37][INFO] New state requested. No timeout set, quitting immediately as per --completion-policy
[159650:internal-dpl-ccdb-backend]: [22:09:37][INFO] CCDB cache miss/hit ratio:
[159650:internal-dpl-ccdb-backend]: [22:09:37][INFO]   TPC/Calib/CorrectionMapRefV2: 1/0 (9216-9216 bytes)
[159650:internal-dpl-ccdb-backend]: [22:09:37][INFO]   ITS/Config/AlpideParam: 1/0 (2048-2048 bytes)
[159650:internal-dpl-ccdb-backend]: [22:09:37][INFO]   ITS/Calib/ClusterDictionary: 1/0 (27648-27648 bytes)
[159650:internal-dpl-ccdb-backend]: [22:09:37][INFO]   GLO/Param/MatLUT: 1/0 (9225216-9225216 bytes)
[159650:internal-dpl-ccdb-backend]: [22:09:37][INFO]   GLO/Config/GRPMagField: 1/0 (1024-1024 bytes)
[159650:internal-dpl-ccdb-backend]: [22:09:37][INFO]   TPC/Calib/LaserTracks: 1/0 (2048-2048 bytes)
[159650:internal-dpl-ccdb-backend]: [22:09:37][INFO]   GLO/Config/GeometryAligned: 1/0 (1847296-1847296 bytes)
[159650:internal-dpl-ccdb-backend]: [22:09:37][INFO]   TPC/Calib/CorrectionMapV2: 1/0 (9216-9216 bytes)
[159650:internal-dpl-ccdb-backend]: [22:09:37][INFO]   GLO/Config/GRPECS: 1/0 (2048-2048 bytes)
[159650:internal-dpl-ccdb-backend]: [22:09:37][INFO]   TPC/Calib/VDriftTgl: 1/0 (2048-2048 bytes)
[159650:internal-dpl-ccdb-backend]: [22:09:37][INFO]   CTP/Calib/OrbitReset: 1/1 (1024-1024 bytes)
[159650:internal-dpl-ccdb-backend]: [22:09:37][STATE] RUNNING ---> READY
[159650:internal-dpl-ccdb-backend]: [22:09:37][STATE] READY ---> RESETTING TASK
[159650:internal-dpl-ccdb-backend]: [22:09:37][STATE] RESETTING TASK ---> DEVICE READY
[159650:internal-dpl-ccdb-backend]: [22:09:37][STATE] DEVICE READY ---> RESETTING DEVICE
[159651:secondary-vertexing]: [22:09:37][INFO] New state requested. No timeout set, quitting immediately as per --completion-policy
[159651:secondary-vertexing]: [22:09:37][STATE] RUNNING ---> READY
[159652:secondary-vertex-writer]: [22:09:37][INFO] New state requested. No timeout set, quitting immediately as per --completion-policy
[159654:internal-dpl-injected-dummy-sink]: [22:09:37][STATE] READY ---> RESETTING TASK
[159654:internal-dpl-injected-dummy-sink]: [22:09:37][STATE] RESETTING TASK ---> DEVICE READY
[159654:internal-dpl-injected-dummy-sink]: [22:09:37][STATE] DEVICE READY ---> RESETTING DEVICE
[159637:internal-dpl-clock]: [22:09:37][INFO] New state requested. No timeout set, quitting immediately as per --completion-policy
[159637:internal-dpl-clock]: [22:09:37][STATE] RUNNING ---> READY
[159639:its-cluster-reader]: [22:09:37][INFO] New state requested. No timeout set, quitting immediately as per --completion-policy
[159639:its-cluster-reader]: [22:09:37][STATE] RUNNING ---> READY
[159639:its-cluster-reader]: [22:09:37][STATE] READY ---> RESETTING TASK
[159639:its-cluster-reader]: [22:09:37][STATE] RESETTING TASK ---> DEVICE READY
[159639:its-cluster-reader]: [22:09:37][STATE] DEVICE READY ---> RESETTING DEVICE
[159641:itstpctrd-track-reader]: [22:09:37][STATE] RESETTING DEVICE ---> IDLE
[159641:itstpctrd-track-reader]: [22:09:37][STATE] IDLE ---> EXITING
[159641:itstpctrd-track-reader]: [22:09:37][STATE] Exiting FairMQ state machine
[159643:tpctrd-track-reader]: [22:09:37][STATE] RESETTING DEVICE ---> IDLE
[159643:tpctrd-track-reader]: [22:09:37][STATE] IDLE ---> EXITING
[159643:tpctrd-track-reader]: [22:09:37][STATE] Exiting FairMQ state machine
[159644:TOFMatchedReader_ITSTPC]: [22:09:37][STATE] RESETTING DEVICE ---> IDLE
[159645:TOFMatchedReader_TPC]: [22:09:37][STATE] READY ---> RESETTING TASK
[159645:TOFMatchedReader_TPC]: [22:09:37][STATE] RESETTING TASK ---> DEVICE READY
[159645:TOFMatchedReader_TPC]: [22:09:37][STATE] DEVICE READY ---> RESETTING DEVICE
[159646:tof-cluster-reader]: [22:09:37][STATE] RESETTING DEVICE ---> IDLE
[159647:tpc-track-reader]: [22:09:37][STATE] RESETTING DEVICE ---> IDLE
[159647:tpc-track-reader]: [22:09:37][STATE] IDLE ---> EXITING
[159647:tpc-track-reader]: [22:09:37][STATE] Exiting FairMQ state machine
[159648:TOFMatchedReader_ITSTPCTRD]: [22:09:37][INFO] New state requested. No timeout set, quitting immediately as per --completion-policy
[159648:TOFMatchedReader_ITSTPCTRD]: [22:09:37][STATE] RUNNING ---> READY
[159648:TOFMatchedReader_ITSTPCTRD]: [22:09:37][STATE] READY ---> RESETTING TASK
[159648:TOFMatchedReader_ITSTPCTRD]: [22:09:37][STATE] RESETTING TASK ---> DEVICE READY
[159648:TOFMatchedReader_ITSTPCTRD]: [22:09:37][STATE] DEVICE READY ---> RESETTING DEVICE
[159649:TOFMatchedReader_TPCTRD]: [22:09:37][STATE] RESETTING DEVICE ---> IDLE
[159649:TOFMatchedReader_TPCTRD]: [22:09:37][STATE] IDLE ---> EXITING
[159649:TOFMatchedReader_TPCTRD]: [22:09:37][STATE] Exiting FairMQ state machine
[159650:internal-dpl-ccdb-backend]: [22:09:37][STATE] RESETTING DEVICE ---> IDLE
[159651:secondary-vertexing]: [22:09:37][STATE] READY ---> RESETTING TASK
[159651:secondary-vertexing]: [22:09:37][STATE] RESETTING TASK ---> DEVICE READY
[159651:secondary-vertexing]: [22:09:37][STATE] DEVICE READY ---> RESETTING DEVICE
[159654:internal-dpl-injected-dummy-sink]: [22:09:37][STATE] RESETTING DEVICE ---> IDLE
[159654:internal-dpl-injected-dummy-sink]: [22:09:37][STATE] IDLE ---> EXITING
[159654:internal-dpl-injected-dummy-sink]: [22:09:37][STATE] Exiting FairMQ state machine
[159646:tof-cluster-reader]: [22:09:37][STATE] IDLE ---> EXITING
[159648:TOFMatchedReader_ITSTPCTRD]: [22:09:37][STATE] RESETTING DEVICE ---> IDLE
[159637:internal-dpl-clock]: [22:09:37][STATE] READY ---> RESETTING TASK
[159637:internal-dpl-clock]: [22:09:37][STATE] RESETTING TASK ---> DEVICE READY
[159639:its-cluster-reader]: [22:09:37][STATE] RESETTING DEVICE ---> IDLE
[159639:its-cluster-reader]: [22:09:37][STATE] IDLE ---> EXITING
[159639:its-cluster-reader]: [22:09:37][STATE] Exiting FairMQ state machine
[159645:TOFMatchedReader_TPC]: [22:09:37][STATE] RESETTING DEVICE ---> IDLE
[159644:TOFMatchedReader_ITSTPC]: [22:09:37][STATE] IDLE ---> EXITING
[159650:internal-dpl-ccdb-backend]: [22:09:37][STATE] IDLE ---> EXITING
[159645:TOFMatchedReader_TPC]: [22:09:37][STATE] IDLE ---> EXITING
[159646:tof-cluster-reader]: [22:09:37][STATE] Exiting FairMQ state machine
[159648:TOFMatchedReader_ITSTPCTRD]: [22:09:37][STATE] IDLE ---> EXITING
[159644:TOFMatchedReader_ITSTPC]: [22:09:37][STATE] Exiting FairMQ state machine
[159637:internal-dpl-clock]: [22:09:37][STATE] DEVICE READY ---> RESETTING DEVICE
[159638:its-track-reader]: [22:09:37][STATE] RESETTING DEVICE ---> IDLE
[159638:its-track-reader]: [22:09:37][STATE] IDLE ---> EXITING
[159645:TOFMatchedReader_TPC]: [22:09:37][STATE] Exiting FairMQ state machine
[159650:internal-dpl-ccdb-backend]: [22:09:37][STATE] Exiting FairMQ state machine
[159651:secondary-vertexing]: [22:09:37][STATE] RESETTING DEVICE ---> IDLE
[159642:primary-vertex-reader]: [22:09:37][STATE] RESETTING DEVICE ---> IDLE
[159648:TOFMatchedReader_ITSTPCTRD]: [22:09:37][STATE] Exiting FairMQ state machine
[159638:its-track-reader]: [22:09:37][STATE] Exiting FairMQ state machine
[159642:primary-vertex-reader]: [22:09:37][STATE] IDLE ---> EXITING
[159642:primary-vertex-reader]: [22:09:37][STATE] Exiting FairMQ state machine
[159651:secondary-vertexing]: [22:09:37][STATE] IDLE ---> EXITING
[159651:secondary-vertexing]: [22:09:37][STATE] Exiting FairMQ state machine
[159637:internal-dpl-clock]: [22:09:37][STATE] RESETTING DEVICE ---> IDLE
[159637:internal-dpl-clock]: [22:09:37][STATE] IDLE ---> EXITING
[159637:internal-dpl-clock]: [22:09:37][STATE] Exiting FairMQ state machine
[159652:secondary-vertex-writer]: [22:09:38][STATE] RUNNING ---> READY
[159652:secondary-vertex-writer]: [22:09:38][STATE] READY ---> RESETTING TASK
[159652:secondary-vertex-writer]: [22:09:38][STATE] RESETTING TASK ---> DEVICE READY
[159653:strangenesstracking-writer]: [22:09:38][STATE] RUNNING ---> READY
[159653:strangenesstracking-writer]: [22:09:38][STATE] READY ---> RESETTING TASK
[159652:secondary-vertex-writer]: [22:09:38][STATE] DEVICE READY ---> RESETTING DEVICE
[159653:strangenesstracking-writer]: [22:09:38][STATE] RESETTING TASK ---> DEVICE READY
[159653:strangenesstracking-writer]: [22:09:38][STATE] DEVICE READY ---> RESETTING DEVICE
[159653:strangenesstracking-writer]: [22:09:38][STATE] RESETTING DEVICE ---> IDLE
[159653:strangenesstracking-writer]: [22:09:38][STATE] IDLE ---> EXITING
[159653:strangenesstracking-writer]: [22:09:38][STATE] Exiting FairMQ state machine
[159652:secondary-vertex-writer]: [22:09:38][INFO] Cleaning up for shared memory id 'c12d685d'...
[159652:secondary-vertex-writer]: [22:09:38][INFO] Found 0 unmanaged regions...
[159652:secondary-vertex-writer]: [22:09:38][INFO] Found 1 managed segments...
[159652:secondary-vertex-writer]: [22:09:38][INFO] Successfully removed 'fmq_c12d685d_m_0'.
[159652:secondary-vertex-writer]: [22:09:38][INFO] Successfully removed 'fmq_c12d685d_mng'.
[159652:secondary-vertex-writer]: [22:09:38][STATE] RESETTING DEVICE ---> IDLE
[159652:secondary-vertex-writer]: [22:09:38][STATE] IDLE ---> EXITING
[159652:secondary-vertex-writer]: [22:09:38][STATE] Exiting FairMQ state machine
[INFO] ## Processes completed. Run summary:
[INFO] ### Devices started: 18
[INFO]  - Device internal-dpl-clock: pid 159637 (exit 0)
[INFO]  - Device its-track-reader: pid 159638 (exit 0)
[INFO]  - Device its-cluster-reader: pid 159639 (exit 0)
[INFO]  - Device itstpc-track-reader: pid 159640 (exit 0)
[INFO]  - Device itstpctrd-track-reader: pid 159641 (exit 0)
[INFO]  - Device primary-vertex-reader: pid 159642 (exit 0)
[INFO]  - Device tpctrd-track-reader: pid 159643 (exit 0)
[INFO]  - Device TOFMatchedReader_ITSTPC: pid 159644 (exit 0)
[INFO]  - Device TOFMatchedReader_TPC: pid 159645 (exit 0)
[INFO]  - Device tof-cluster-reader: pid 159646 (exit 0)
[INFO]  - Device tpc-track-reader: pid 159647 (exit 0)
[INFO]  - Device TOFMatchedReader_ITSTPCTRD: pid 159648 (exit 0)
[INFO]  - Device TOFMatchedReader_TPCTRD: pid 159649 (exit 0)
[INFO]  - Device internal-dpl-ccdb-backend: pid 159650 (exit 0)
[INFO]  - Device secondary-vertexing: pid 159651 (exit 0)
[INFO]  - Device secondary-vertex-writer: pid 159652 (exit 0)
[INFO]  - Device strangenesstracking-writer: pid 159653 (exit 0)
[INFO]  - Device internal-dpl-injected-dummy-sink: pid 159654 (exit 0)
[INFO] Dumping used configuration in dpl-config.json
TASK-EXIT-CODE: 0
