Running: TIME="#walltime %e" /usr/bin/time --output=tofReco.log_time ./tofReco.log_tmp.sh
[INFO] Initialising O2 Data Processing Layer. Driver PID: 152909.
[INFO] Driver listening on port: 10989
[INFO] Rate limiting set up at 500MB distributed over 1 readers
[INFO] O2 Data Processing Layer initialised. We brake for nobody.
[INFO] Optimised build. O2DEBUG / LOG(debug) / LOGF(debug) / assert statement will not be shown.
[INFO] Redeployment of configuration asked.
[INFO] Starting internal-dpl-clock on pid 152951
[INFO] Starting tof-digit-reader on pid 152952
[INFO] Starting internal-dpl-ccdb-backend on pid 152953
[INFO] Starting TOFClusterer on pid 152954
[INFO] Starting TOFClusterWriter on pid 152955
[INFO] Starting internal-dpl-injected-dummy-sink on pid 152956
[INFO] Redeployment of configuration done.
[152952:tof-digit-reader]: [INFO] Instrumenting crash signals
[152952:tof-digit-reader]: [INFO] Spawing new device tof-digit-reader in process with pid 152952
[152952:tof-digit-reader]: [22:07:18][INFO] 
[152952:tof-digit-reader]:       ______      _    _______  _________ 
[152952:tof-digit-reader]:      / ____/___ _(_)_______   |/  /_  __ \    version 1.6.0
[152952:tof-digit-reader]:     / /_  / __ `/ / ___/__  /|_/ /_  / / /    build RELWITHDEBINFO
[152952:tof-digit-reader]:    / __/ / /_/ / / /    _  /  / / / /_/ /     https://github.com/FairRootGroup/FairMQ
[152952:tof-digit-reader]:   /_/    \__,_/_/_/     /_/  /_/  \___\_\     LGPL-3.0  © 2012-2023 GSI
[152952:tof-digit-reader]: 
[152952:tof-digit-reader]: [22:07:18][STATE] Starting FairMQ state machine --> IDLE
[152952:tof-digit-reader]: [22:07:18][STATE] IDLE ---> INITIALIZING DEVICE
[152953:internal-dpl-ccdb-backend]: [INFO] Instrumenting crash signals
[152953:internal-dpl-ccdb-backend]: [INFO] Spawing new device internal-dpl-ccdb-backend in process with pid 152953
[152953:internal-dpl-ccdb-backend]: [22:07:18][INFO] 
[152953:internal-dpl-ccdb-backend]:       ______      _    _______  _________ 
[152953:internal-dpl-ccdb-backend]:      / ____/___ _(_)_______   |/  /_  __ \    version 1.6.0
[152953:internal-dpl-ccdb-backend]:     / /_  / __ `/ / ___/__  /|_/ /_  / / /    build RELWITHDEBINFO
[152953:internal-dpl-ccdb-backend]:    / __/ / /_/ / / /    _  /  / / / /_/ /     https://github.com/FairRootGroup/FairMQ
[152953:internal-dpl-ccdb-backend]:   /_/    \__,_/_/_/     /_/  /_/  \___\_\     LGPL-3.0  © 2012-2023 GSI
[152953:internal-dpl-ccdb-backend]: 
[152953:internal-dpl-ccdb-backend]: [22:07:18][STATE] Starting FairMQ state machine --> IDLE
[152953:internal-dpl-ccdb-backend]: [22:07:18][STATE] IDLE ---> INITIALIZING DEVICE
[152953:internal-dpl-ccdb-backend]: [22:07:18][INFO] CCDB Backend at: http://alice-ccdb.cern.ch, validity check for every 2147483647 TF
[152953:internal-dpl-ccdb-backend]: [22:07:18][INFO] Init CcdApi with UserAgentID: localhost.localdomain-1692907638-7Fz9br, Host: http://alice-ccdb.cern.ch
[152953:internal-dpl-ccdb-backend]: [22:07:18][INFO] Initialised default CCDB host http://alice-ccdb.cern.ch
[152953:internal-dpl-ccdb-backend]: [22:07:18][INFO] The following route is a condition GLO/GEOMALIGN/0
[152953:internal-dpl-ccdb-backend]: [22:07:18][INFO] - ccdb-path: GLO/Config/GeometryAligned
[152953:internal-dpl-ccdb-backend]: [22:07:18][INFO] The following route is a condition GLO/GRPECS/0
[152953:internal-dpl-ccdb-backend]: [22:07:18][INFO] - ccdb-path: GLO/Config/GRPECS
[152953:internal-dpl-ccdb-backend]: [22:07:18][INFO] The following route is a condition GLO/GRPLHCIF/0
[152953:internal-dpl-ccdb-backend]: [22:07:18][INFO] - ccdb-path: GLO/Config/GRPLHCIF
[152953:internal-dpl-ccdb-backend]: [22:07:18][STATE] INITIALIZING DEVICE ---> INITIALIZED
[152953:internal-dpl-ccdb-backend]: [22:07:18][STATE] INITIALIZED ---> BINDING
[152953:internal-dpl-ccdb-backend]: [22:07:18][STATE] BINDING ---> BOUND
[152953:internal-dpl-ccdb-backend]: [22:07:18][STATE] BOUND ---> CONNECTING
[152953:internal-dpl-ccdb-backend]: [22:07:18][STATE] CONNECTING ---> DEVICE READY
[152953:internal-dpl-ccdb-backend]: [22:07:18][STATE] DEVICE READY ---> INITIALIZING TASK
[152952:tof-digit-reader]: [22:07:18][STATE] INITIALIZING DEVICE ---> INITIALIZED
[152952:tof-digit-reader]: [22:07:18][STATE] INITIALIZED ---> BINDING
[152952:tof-digit-reader]: [22:07:18][STATE] BINDING ---> BOUND
[152952:tof-digit-reader]: [22:07:18][STATE] BOUND ---> CONNECTING
[152952:tof-digit-reader]: [22:07:18][STATE] CONNECTING ---> DEVICE READY
[152952:tof-digit-reader]: [22:07:18][STATE] DEVICE READY ---> INITIALIZING TASK
[152953:internal-dpl-ccdb-backend]: [22:07:18][STATE] INITIALIZING TASK ---> READY
[152953:internal-dpl-ccdb-backend]: [22:07:18][STATE] READY ---> RUNNING
[152953:internal-dpl-ccdb-backend]: [22:07:18][INFO] fair::mq::Device running...
[152953:internal-dpl-ccdb-backend]: [22:07:18][INFO] LHCPeriod is not available, using current month AUG
[152953:internal-dpl-ccdb-backend]: [22:07:18][INFO] Correctly handshaken websocket connection.
[152952:tof-digit-reader]: [22:07:18][STATE] INITIALIZING TASK ---> READY
[152952:tof-digit-reader]: [22:07:18][STATE] READY ---> RUNNING
[152952:tof-digit-reader]: [22:07:18][INFO] fair::mq::Device running...
[152952:tof-digit-reader]: [22:07:18][INFO] LHCPeriod is not available, using current month AUG
[152956:internal-dpl-injected-dummy-sink]: [INFO] Instrumenting crash signals
[152956:internal-dpl-injected-dummy-sink]: [INFO] Spawing new device internal-dpl-injected-dummy-sink in process with pid 152956
[152956:internal-dpl-injected-dummy-sink]: [22:07:18][INFO] 
[152956:internal-dpl-injected-dummy-sink]:       ______      _    _______  _________ 
[152956:internal-dpl-injected-dummy-sink]:      / ____/___ _(_)_______   |/  /_  __ \    version 1.6.0
[152956:internal-dpl-injected-dummy-sink]:     / /_  / __ `/ / ___/__  /|_/ /_  / / /    build RELWITHDEBINFO
[152956:internal-dpl-injected-dummy-sink]:    / __/ / /_/ / / /    _  /  / / / /_/ /     https://github.com/FairRootGroup/FairMQ
[152956:internal-dpl-injected-dummy-sink]:   /_/    \__,_/_/_/     /_/  /_/  \___\_\     LGPL-3.0  © 2012-2023 GSI
[152956:internal-dpl-injected-dummy-sink]: 
[152956:internal-dpl-injected-dummy-sink]: [22:07:18][STATE] Starting FairMQ state machine --> IDLE
[152956:internal-dpl-injected-dummy-sink]: [22:07:18][STATE] IDLE ---> INITIALIZING DEVICE
[152956:internal-dpl-injected-dummy-sink]: [22:07:18][STATE] INITIALIZING DEVICE ---> INITIALIZED
[152956:internal-dpl-injected-dummy-sink]: [22:07:18][STATE] INITIALIZED ---> BINDING
[152956:internal-dpl-injected-dummy-sink]: [22:07:18][STATE] BINDING ---> BOUND
[152956:internal-dpl-injected-dummy-sink]: [22:07:18][STATE] BOUND ---> CONNECTING
[152956:internal-dpl-injected-dummy-sink]: [22:07:18][STATE] CONNECTING ---> DEVICE READY
[152956:internal-dpl-injected-dummy-sink]: [22:07:18][STATE] DEVICE READY ---> INITIALIZING TASK
[152956:internal-dpl-injected-dummy-sink]: [22:07:18][STATE] INITIALIZING TASK ---> READY
[152956:internal-dpl-injected-dummy-sink]: [22:07:18][STATE] READY ---> RUNNING
[152956:internal-dpl-injected-dummy-sink]: [22:07:18][INFO] fair::mq::Device running...
[152956:internal-dpl-injected-dummy-sink]: [22:07:18][INFO] LHCPeriod is not available, using current month AUG
[152956:internal-dpl-injected-dummy-sink]: [22:07:18][INFO] Correctly handshaken websocket connection.
[152955:TOFClusterWriter]: [INFO] Instrumenting crash signals
[152955:TOFClusterWriter]: [INFO] Spawing new device TOFClusterWriter in process with pid 152955
[152955:TOFClusterWriter]: [22:07:18][INFO] 
[152955:TOFClusterWriter]:       ______      _    _______  _________ 
[152955:TOFClusterWriter]:      / ____/___ _(_)_______   |/  /_  __ \    version 1.6.0
[152955:TOFClusterWriter]:     / /_  / __ `/ / ___/__  /|_/ /_  / / /    build RELWITHDEBINFO
[152955:TOFClusterWriter]:    / __/ / /_/ / / /    _  /  / / / /_/ /     https://github.com/FairRootGroup/FairMQ
[152955:TOFClusterWriter]:   /_/    \__,_/_/_/     /_/  /_/  \___\_\     LGPL-3.0  © 2012-2023 GSI
[152955:TOFClusterWriter]: 
[152955:TOFClusterWriter]: [22:07:18][STATE] Starting FairMQ state machine --> IDLE
[152955:TOFClusterWriter]: [22:07:18][STATE] IDLE ---> INITIALIZING DEVICE
[152951:internal-dpl-clock]: [INFO] Instrumenting crash signals
[152951:internal-dpl-clock]: [INFO] Spawing new device internal-dpl-clock in process with pid 152951
[152951:internal-dpl-clock]: [22:07:18][INFO] 
[152951:internal-dpl-clock]:       ______      _    _______  _________ 
[152951:internal-dpl-clock]:      / ____/___ _(_)_______   |/  /_  __ \    version 1.6.0
[152951:internal-dpl-clock]:     / /_  / __ `/ / ___/__  /|_/ /_  / / /    build RELWITHDEBINFO
[152951:internal-dpl-clock]:    / __/ / /_/ / / /    _  /  / / / /_/ /     https://github.com/FairRootGroup/FairMQ
[152951:internal-dpl-clock]:   /_/    \__,_/_/_/     /_/  /_/  \___\_\     LGPL-3.0  © 2012-2023 GSI
[152951:internal-dpl-clock]: 
[152951:internal-dpl-clock]: [22:07:18][STATE] Starting FairMQ state machine --> IDLE
[152951:internal-dpl-clock]: [22:07:18][STATE] IDLE ---> INITIALIZING DEVICE
[152955:TOFClusterWriter]: [22:07:18][INFO] 0: branch  TOFCluster set up
[152955:TOFClusterWriter]: [22:07:18][INFO] 1: branch  TOFClusterMult set up
[152955:TOFClusterWriter]: [22:07:18][INFO] 2: branch  TOFClusterMCTruth set up
[152955:TOFClusterWriter]: [22:07:18][STATE] INITIALIZING DEVICE ---> INITIALIZED
[152951:internal-dpl-clock]: [22:07:18][STATE] INITIALIZING DEVICE ---> INITIALIZED
[152955:TOFClusterWriter]: [22:07:18][STATE] INITIALIZED ---> BINDING
[152955:TOFClusterWriter]: [22:07:18][STATE] BINDING ---> BOUND
[152955:TOFClusterWriter]: [22:07:18][STATE] BOUND ---> CONNECTING
[152955:TOFClusterWriter]: [22:07:18][STATE] CONNECTING ---> DEVICE READY
[152955:TOFClusterWriter]: [22:07:18][STATE] DEVICE READY ---> INITIALIZING TASK
[152955:TOFClusterWriter]: [22:07:18][STATE] INITIALIZING TASK ---> READY
[152955:TOFClusterWriter]: [22:07:18][STATE] READY ---> RUNNING
[152955:TOFClusterWriter]: [22:07:18][INFO] fair::mq::Device running...
[152955:TOFClusterWriter]: [22:07:18][INFO] LHCPeriod is not available, using current month AUG
[152955:TOFClusterWriter]: [22:07:18][INFO] Correctly handshaken websocket connection.
[152951:internal-dpl-clock]: [22:07:18][STATE] INITIALIZED ---> BINDING
[152951:internal-dpl-clock]: [22:07:18][STATE] BINDING ---> BOUND
[152951:internal-dpl-clock]: [22:07:18][STATE] BOUND ---> CONNECTING
[152951:internal-dpl-clock]: [22:07:18][STATE] CONNECTING ---> DEVICE READY
[152951:internal-dpl-clock]: [22:07:18][STATE] DEVICE READY ---> INITIALIZING TASK
[152951:internal-dpl-clock]: [22:07:18][STATE] INITIALIZING TASK ---> READY
[152951:internal-dpl-clock]: [22:07:18][STATE] READY ---> RUNNING
[152951:internal-dpl-clock]: [22:07:18][INFO] fair::mq::Device running...
[152951:internal-dpl-clock]: [22:07:18][INFO] LHCPeriod is not available, using current month AUG
[152954:TOFClusterer]: [INFO] Instrumenting crash signals
[152951:internal-dpl-clock]: [22:07:18][INFO] Correctly handshaken websocket connection.
[152954:TOFClusterer]: [INFO] Spawing new device TOFClusterer in process with pid 152954
[152954:TOFClusterer]: [22:07:18][INFO] 
[152954:TOFClusterer]:       ______      _    _______  _________ 
[152954:TOFClusterer]:      / ____/___ _(_)_______   |/  /_  __ \    version 1.6.0
[152954:TOFClusterer]:     / /_  / __ `/ / ___/__  /|_/ /_  / / /    build RELWITHDEBINFO
[152954:TOFClusterer]:    / __/ / /_/ / / /    _  /  / / / /_/ /     https://github.com/FairRootGroup/FairMQ
[152954:TOFClusterer]:   /_/    \__,_/_/_/     /_/  /_/  \___\_\     LGPL-3.0  © 2012-2023 GSI
[152954:TOFClusterer]: 
[152954:TOFClusterer]: [22:07:18][STATE] Starting FairMQ state machine --> IDLE
[152954:TOFClusterer]: [22:07:18][STATE] IDLE ---> INITIALIZING DEVICE
[152954:TOFClusterer]: [22:07:18][STATE] INITIALIZING DEVICE ---> INITIALIZED
[152954:TOFClusterer]: [22:07:18][STATE] INITIALIZED ---> BINDING
[152954:TOFClusterer]: [22:07:18][STATE] BINDING ---> BOUND
[152954:TOFClusterer]: [22:07:18][STATE] BOUND ---> CONNECTING
[152954:TOFClusterer]: [22:07:18][STATE] CONNECTING ---> DEVICE READY
[152954:TOFClusterer]: [22:07:18][STATE] DEVICE READY ---> INITIALIZING TASK
[152954:TOFClusterer]: [22:07:18][STATE] INITIALIZING TASK ---> READY
[152954:TOFClusterer]: [22:07:18][STATE] READY ---> RUNNING
[152954:TOFClusterer]: [22:07:18][INFO] fair::mq::Device running...
[152954:TOFClusterer]: [22:07:18][INFO] LHCPeriod is not available, using current month AUG
[152954:TOFClusterer]: [22:07:18][INFO] Correctly handshaken websocket connection.
[152952:tof-digit-reader]: [22:07:18][INFO] Sending end-of-stream message to channel from_tof-digit-reader_to_internal-dpl-ccdb-backend
[152952:tof-digit-reader]: [22:07:18][INFO] Sending end-of-stream message to channel from_tof-digit-reader_to_TOFClusterer
[152952:tof-digit-reader]: [22:07:18][INFO] Sending end-of-stream message to channel from_tof-digit-reader_to_internal-dpl-injected-dummy-sink
[152952:tof-digit-reader]: [22:07:18][INFO] Correctly handshaken websocket connection.
[152953:internal-dpl-ccdb-backend]: Info in <TJAlienConnectionManager>: Opening connection to JCentral. Please wait
[152953:internal-dpl-ccdb-backend]: Info in <TJAlienConnectionManager>: Opening connection to 137.138.99.187
[152953:internal-dpl-ccdb-backend]: Info in <TJAlienConnectionManager>: Successfully connected to 137.138.99.187
[152953:internal-dpl-ccdb-backend]: Info in <TJAlienFile::Open>: Accessing file /alice/data/CCDB/CTP/Calib/OrbitReset/06/62200/b9f985c3-b4b0-11ec-8fd3-90ce809b24ee in SE <ALICE::CERN::EOS>
[152953:internal-dpl-ccdb-backend]: [22:07:19][INFO] ccdb reads http://alice-ccdb.cern.ch/CTP/Calib/OrbitReset/1546300800000/b9f985c3-b4b0-11ec-8fd3-90ce809b24ee for 1546300800000 (load to memory, agent_id: localhost.localdomain-1692907638-7Fz9br), 
[152953:internal-dpl-ccdb-backend]: Info in <TJAlienFile::Open>: Accessing file /alice/data/CCDB/GLO/Config/GeometryAligned/06/21224/787687c0-287a-11ed-8141-200114580202 in SE <ALICE::CERN::OCDB>
[152953:internal-dpl-ccdb-backend]: [22:07:20][INFO] ccdb reads http://alice-ccdb.cern.ch/GLO/Config/GeometryAligned/1546300800000/787687c0-287a-11ed-8141-200114580202 for 1546300800000 (load to memory, agent_id: localhost.localdomain-1692907638-7Fz9br), 
[152953:internal-dpl-ccdb-backend]: Info in <TJAlienFile::Open>: Accessing file /alice/data/CCDB/GLO/Config/GRPECS/03/07584/646e9be2-0210-11ed-8000-200114580202 in SE <ALICE::CERN::OCDB>
[152953:internal-dpl-ccdb-backend]: [22:07:20][INFO] ccdb reads http://alice-ccdb.cern.ch/GLO/Config/GRPECS/1546300800000/646e9be2-0210-11ed-8000-200114580202 for 1546300800000 (load to memory, agent_id: localhost.localdomain-1692907638-7Fz9br), 
[152953:internal-dpl-ccdb-backend]: Info in <TJAlienFile::Open>: Accessing file /alice/data/CCDB/GLO/Config/GRPLHCIF/04/60609/b3296373-efea-11ec-b9c0-2a010e0a0b16 in SE <ALICE::CERN::OCDB>
[152953:internal-dpl-ccdb-backend]: [22:07:20][INFO] ccdb reads http://alice-ccdb.cern.ch/GLO/Config/GRPLHCIF/1546300800000/b3296373-efea-11ec-b9c0-2a010e0a0b16 for 1546300800000 (load to memory, agent_id: localhost.localdomain-1692907638-7Fz9br), 
[152953:internal-dpl-ccdb-backend]: [22:07:20][INFO] Sending end-of-stream message to channel from_internal-dpl-ccdb-backend_to_TOFClusterer
[152953:internal-dpl-ccdb-backend]: [22:07:20][INFO] Sending end-of-stream message to channel from_internal-dpl-ccdb-backend_to_internal-dpl-injected-dummy-sink
[152954:TOFClusterer]: [22:07:20][INFO] GRP LHCIF object updated
[152954:TOFClusterer]: [22:07:20][INFO] Caching in 140459736045760 ptr to GLO/GRPLHCIF/0 (0x411dec0)
[152954:TOFClusterer]: [22:07:20][INFO] GRP ECS object updated
[152954:TOFClusterer]: [22:07:20][INFO] Caching in 140459736043488 ptr to GLO/GRPECS/0 (0x34cd4f0)
[152954:TOFClusterer]: Info in <TGeoManager::CloseGeometry>: Geometry loaded from file...
[152954:TOFClusterer]: Info in <TGeoManager::SetTopVolume>: Top volume is cave. Master volume is cave
[152954:TOFClusterer]: Info in <TGeoNavigator::BuildCache>: --- Maximum geometry depth set to 100
[152954:TOFClusterer]: Info in <TGeoManager::Voxelize>: Voxelizing...
[152954:TOFClusterer]: Info in <TGeoManager::CountLevels>: max level = 13, max placements = 735
[152954:TOFClusterer]: Info in <TGeoManager::CloseGeometry>: 5346742 nodes/ 27442 volume UID's in FAIR geometry
[152954:TOFClusterer]: Info in <TGeoManager::CloseGeometry>: ----------------modeler ready----------------
[152954:TOFClusterer]: [22:07:21][INFO] aligned geometry updated
[152954:TOFClusterer]: [22:07:21][INFO] Caching in 140459734195968 ptr to GLO/GEOMALIGN/0 (0x4d9d0d0)
[152954:TOFClusterer]: [22:07:21][INFO] tof::Geo: Initialization of TOF rotation parameters
[152954:TOFClusterer]: [22:07:21][INFO] Sending end-of-stream message to channel from_TOFClusterer_to_TOFClusterWriter
[INFO] Quitting
[INFO] QUIT_REQUESTED
[152951:internal-dpl-clock]: [22:07:21][INFO] Received device shutdown request (signal 15).
[152951:internal-dpl-clock]: [22:07:21][INFO] Waiting for graceful device shutdown. Hit Ctrl-C again to abort immediately.
[152953:internal-dpl-ccdb-backend]: [22:07:21][INFO] Received device shutdown request (signal 15).
[152953:internal-dpl-ccdb-backend]: [22:07:21][INFO] Waiting for graceful device shutdown. Hit Ctrl-C again to abort immediately.
[152955:TOFClusterWriter]: [22:07:21][INFO] Received device shutdown request (signal 15).
[152955:TOFClusterWriter]: [22:07:21][INFO] Waiting for graceful device shutdown. Hit Ctrl-C again to abort immediately.
[152956:internal-dpl-injected-dummy-sink]: [22:07:21][INFO] Received device shutdown request (signal 15).
[152956:internal-dpl-injected-dummy-sink]: [22:07:21][INFO] Waiting for graceful device shutdown. Hit Ctrl-C again to abort immediately.
[152951:internal-dpl-clock]: [22:07:21][INFO] New state requested. No timeout set, quitting immediately as per --completion-policy
[152951:internal-dpl-clock]: [22:07:21][STATE] RUNNING ---> READY
[152951:internal-dpl-clock]: [22:07:21][STATE] READY ---> RESETTING TASK
[152951:internal-dpl-clock]: [22:07:21][STATE] RESETTING TASK ---> DEVICE READY
[152951:internal-dpl-clock]: [22:07:21][STATE] DEVICE READY ---> RESETTING DEVICE
[152952:tof-digit-reader]: [22:07:21][INFO] Received device shutdown request (signal 15).
[152952:tof-digit-reader]: [22:07:21][INFO] Waiting for graceful device shutdown. Hit Ctrl-C again to abort immediately.
[152953:internal-dpl-ccdb-backend]: [22:07:21][INFO] New state requested. No timeout set, quitting immediately as per --completion-policy
[152953:internal-dpl-ccdb-backend]: [22:07:21][INFO] CCDB cache miss/hit ratio:
[152953:internal-dpl-ccdb-backend]: [22:07:21][INFO]   GLO/Config/GRPLHCIF: 1/0 (2048-2048 bytes)
[152953:internal-dpl-ccdb-backend]: [22:07:21][INFO]   GLO/Config/GRPECS: 1/0 (2048-2048 bytes)
[152953:internal-dpl-ccdb-backend]: [22:07:21][INFO]   GLO/Config/GeometryAligned: 1/0 (1847296-1847296 bytes)
[152953:internal-dpl-ccdb-backend]: [22:07:21][INFO]   CTP/Calib/OrbitReset: 1/1 (1024-1024 bytes)
[152953:internal-dpl-ccdb-backend]: [22:07:21][STATE] RUNNING ---> READY
[152953:internal-dpl-ccdb-backend]: [22:07:21][STATE] READY ---> RESETTING TASK
[152953:internal-dpl-ccdb-backend]: [22:07:21][STATE] RESETTING TASK ---> DEVICE READY
[152953:internal-dpl-ccdb-backend]: [22:07:21][STATE] DEVICE READY ---> RESETTING DEVICE
[152954:TOFClusterer]: [22:07:21][INFO] Received device shutdown request (signal 15).
[152954:TOFClusterer]: [22:07:21][INFO] Waiting for graceful device shutdown. Hit Ctrl-C again to abort immediately.
[152954:TOFClusterer]: [22:07:21][INFO] New state requested. No timeout set, quitting immediately as per --completion-policy
[152956:internal-dpl-injected-dummy-sink]: [22:07:21][INFO] New state requested. No timeout set, quitting immediately as per --completion-policy
[152956:internal-dpl-injected-dummy-sink]: [22:07:21][STATE] RUNNING ---> READY
[152954:TOFClusterer]: [22:07:21][STATE] RUNNING ---> READY
[152955:TOFClusterWriter]: [22:07:21][INFO] New state requested. No timeout set, quitting immediately as per --completion-policy
[152952:tof-digit-reader]: [22:07:21][INFO] New state requested. No timeout set, quitting immediately as per --completion-policy
[152952:tof-digit-reader]: [22:07:21][STATE] RUNNING ---> READY
[152956:internal-dpl-injected-dummy-sink]: [22:07:21][STATE] READY ---> RESETTING TASK
[152956:internal-dpl-injected-dummy-sink]: [22:07:21][STATE] RESETTING TASK ---> DEVICE READY
[152954:TOFClusterer]: [22:07:21][STATE] READY ---> RESETTING TASK
[152954:TOFClusterer]: [22:07:21][STATE] RESETTING TASK ---> DEVICE READY
[152956:internal-dpl-injected-dummy-sink]: [22:07:21][STATE] DEVICE READY ---> RESETTING DEVICE
[152954:TOFClusterer]: [22:07:21][STATE] DEVICE READY ---> RESETTING DEVICE
[152952:tof-digit-reader]: [22:07:21][STATE] READY ---> RESETTING TASK
[152952:tof-digit-reader]: [22:07:21][STATE] RESETTING TASK ---> DEVICE READY
[152953:internal-dpl-ccdb-backend]: [22:07:21][STATE] RESETTING DEVICE ---> IDLE
[152953:internal-dpl-ccdb-backend]: [22:07:21][STATE] IDLE ---> EXITING
[152953:internal-dpl-ccdb-backend]: [22:07:21][STATE] Exiting FairMQ state machine
[152954:TOFClusterer]: [22:07:21][STATE] RESETTING DEVICE ---> IDLE
[152954:TOFClusterer]: [22:07:21][STATE] IDLE ---> EXITING
[152952:tof-digit-reader]: [22:07:21][STATE] DEVICE READY ---> RESETTING DEVICE
[152954:TOFClusterer]: [22:07:21][STATE] Exiting FairMQ state machine
[152951:internal-dpl-clock]: [22:07:21][STATE] RESETTING DEVICE ---> IDLE
[152956:internal-dpl-injected-dummy-sink]: [22:07:21][STATE] RESETTING DEVICE ---> IDLE
[152952:tof-digit-reader]: [22:07:21][STATE] RESETTING DEVICE ---> IDLE
[152952:tof-digit-reader]: [22:07:21][STATE] IDLE ---> EXITING
[152952:tof-digit-reader]: [22:07:21][STATE] Exiting FairMQ state machine
[152956:internal-dpl-injected-dummy-sink]: [22:07:21][STATE] IDLE ---> EXITING
[152956:internal-dpl-injected-dummy-sink]: [22:07:21][STATE] Exiting FairMQ state machine
[152951:internal-dpl-clock]: [22:07:21][STATE] IDLE ---> EXITING
[152951:internal-dpl-clock]: [22:07:21][STATE] Exiting FairMQ state machine
[152955:TOFClusterWriter]: [22:07:22][STATE] RUNNING ---> READY
[152955:TOFClusterWriter]: [22:07:22][STATE] READY ---> RESETTING TASK
[152955:TOFClusterWriter]: [22:07:22][STATE] RESETTING TASK ---> DEVICE READY
[152955:TOFClusterWriter]: [22:07:22][STATE] DEVICE READY ---> RESETTING DEVICE
[152955:TOFClusterWriter]: [22:07:22][INFO] Cleaning up for shared memory id 'f60bea3c'...
[152955:TOFClusterWriter]: [22:07:22][INFO] Found 0 unmanaged regions...
[152955:TOFClusterWriter]: [22:07:22][INFO] Found 1 managed segments...
[152955:TOFClusterWriter]: [22:07:22][INFO] Successfully removed 'fmq_f60bea3c_m_0'.
[152955:TOFClusterWriter]: [22:07:22][INFO] Successfully removed 'fmq_f60bea3c_mng'.
[152955:TOFClusterWriter]: [22:07:22][STATE] RESETTING DEVICE ---> IDLE
[152955:TOFClusterWriter]: [22:07:22][STATE] IDLE ---> EXITING
[152955:TOFClusterWriter]: [22:07:22][STATE] Exiting FairMQ state machine
[INFO] ## Processes completed. Run summary:
[INFO] ### Devices started: 6
[INFO]  - Device internal-dpl-clock: pid 152951 (exit 0)
[INFO]  - Device tof-digit-reader: pid 152952 (exit 0)
[INFO]  - Device internal-dpl-ccdb-backend: pid 152953 (exit 0)
[INFO]  - Device TOFClusterer: pid 152954 (exit 0)
[INFO]  - Device TOFClusterWriter: pid 152955 (exit 0)
[INFO]  - Device internal-dpl-injected-dummy-sink: pid 152956 (exit 0)
[INFO] Dumping used configuration in dpl-config.json
TASK-EXIT-CODE: 0
