Running: TIME="#walltime %e" /usr/bin/time --output=trdtrap.log_time ./trdtrap.log_tmp.sh
[INFO] Initialising O2 Data Processing Layer. Driver PID: 104755.
[INFO] Driver listening on port: 22835
[INFO] Rate limiting set up at 500MB distributed over 1 readers
[INFO] O2 Data Processing Layer initialised. We brake for nobody.
[INFO] Optimised build. O2DEBUG / LOG(debug) / LOGF(debug) / assert statement will not be shown.
[INFO] Redeployment of configuration asked.
[INFO] Starting internal-dpl-clock on pid 104826
[INFO] Starting TRDDIGITREADER on pid 104827
[INFO] Starting TRAP on pid 104828
[INFO] Starting TRD-tracklet-writer on pid 104829
[INFO] Starting internal-dpl-injected-dummy-sink on pid 104830
[INFO] Redeployment of configuration done.
[104827:TRDDIGITREADER]: [INFO] Instrumenting crash signals
[104827:TRDDIGITREADER]: [INFO] Spawing new device TRDDIGITREADER in process with pid 104827
[104827:TRDDIGITREADER]: [21:33:19][INFO] 
[104827:TRDDIGITREADER]:       ______      _    _______  _________ 
[104827:TRDDIGITREADER]:      / ____/___ _(_)_______   |/  /_  __ \    version 1.6.0
[104827:TRDDIGITREADER]:     / /_  / __ `/ / ___/__  /|_/ /_  / / /    build RELWITHDEBINFO
[104827:TRDDIGITREADER]:    / __/ / /_/ / / /    _  /  / / / /_/ /     https://github.com/FairRootGroup/FairMQ
[104827:TRDDIGITREADER]:   /_/    \__,_/_/_/     /_/  /_/  \___\_\     LGPL-3.0  © 2012-2023 GSI
[104827:TRDDIGITREADER]: 
[104827:TRDDIGITREADER]: [21:33:19][STATE] Starting FairMQ state machine --> IDLE
[104826:internal-dpl-clock]: [INFO] Instrumenting crash signals
[104826:internal-dpl-clock]: [INFO] Spawing new device internal-dpl-clock in process with pid 104826
[104826:internal-dpl-clock]: [21:33:19][INFO] 
[104826:internal-dpl-clock]:       ______      _    _______  _________ 
[104826:internal-dpl-clock]:      / ____/___ _(_)_______   |/  /_  __ \    version 1.6.0
[104826:internal-dpl-clock]:     / /_  / __ `/ / ___/__  /|_/ /_  / / /    build RELWITHDEBINFO
[104826:internal-dpl-clock]:    / __/ / /_/ / / /    _  /  / / / /_/ /     https://github.com/FairRootGroup/FairMQ
[104826:internal-dpl-clock]:   /_/    \__,_/_/_/     /_/  /_/  \___\_\     LGPL-3.0  © 2012-2023 GSI
[104826:internal-dpl-clock]: 
[104826:internal-dpl-clock]: [21:33:19][STATE] Starting FairMQ state machine --> IDLE
[104827:TRDDIGITREADER]: [21:33:19][STATE] IDLE ---> INITIALIZING DEVICE
[104826:internal-dpl-clock]: [21:33:19][STATE] IDLE ---> INITIALIZING DEVICE
[104826:internal-dpl-clock]: [21:33:19][STATE] INITIALIZING DEVICE ---> INITIALIZED
[104826:internal-dpl-clock]: [21:33:19][STATE] INITIALIZED ---> BINDING
[104826:internal-dpl-clock]: [21:33:19][STATE] BINDING ---> BOUND
[104826:internal-dpl-clock]: [21:33:19][STATE] BOUND ---> CONNECTING
[104826:internal-dpl-clock]: [21:33:19][STATE] CONNECTING ---> DEVICE READY
[104826:internal-dpl-clock]: [21:33:19][STATE] DEVICE READY ---> INITIALIZING TASK
[104826:internal-dpl-clock]: [21:33:19][STATE] INITIALIZING TASK ---> READY
[104826:internal-dpl-clock]: [21:33:19][STATE] READY ---> RUNNING
[104826:internal-dpl-clock]: [21:33:19][INFO] fair::mq::Device running...
[104826:internal-dpl-clock]: [21:33:19][INFO] LHCPeriod is not available, using current month AUG
[104826:internal-dpl-clock]: [21:33:19][INFO] Correctly handshaken websocket connection.
[104830:internal-dpl-injected-dummy-sink]: [INFO] Instrumenting crash signals
[104830:internal-dpl-injected-dummy-sink]: [INFO] Spawing new device internal-dpl-injected-dummy-sink in process with pid 104830
[104830:internal-dpl-injected-dummy-sink]: [21:33:19][INFO] 
[104830:internal-dpl-injected-dummy-sink]:       ______      _    _______  _________ 
[104830:internal-dpl-injected-dummy-sink]:      / ____/___ _(_)_______   |/  /_  __ \    version 1.6.0
[104830:internal-dpl-injected-dummy-sink]:     / /_  / __ `/ / ___/__  /|_/ /_  / / /    build RELWITHDEBINFO
[104830:internal-dpl-injected-dummy-sink]:    / __/ / /_/ / / /    _  /  / / / /_/ /     https://github.com/FairRootGroup/FairMQ
[104830:internal-dpl-injected-dummy-sink]:   /_/    \__,_/_/_/     /_/  /_/  \___\_\     LGPL-3.0  © 2012-2023 GSI
[104830:internal-dpl-injected-dummy-sink]: 
[104830:internal-dpl-injected-dummy-sink]: [21:33:19][STATE] Starting FairMQ state machine --> IDLE
[104830:internal-dpl-injected-dummy-sink]: [21:33:19][STATE] IDLE ---> INITIALIZING DEVICE
[104830:internal-dpl-injected-dummy-sink]: [21:33:19][STATE] INITIALIZING DEVICE ---> INITIALIZED
[104830:internal-dpl-injected-dummy-sink]: [21:33:19][STATE] INITIALIZED ---> BINDING
[104830:internal-dpl-injected-dummy-sink]: [21:33:19][STATE] BINDING ---> BOUND
[104830:internal-dpl-injected-dummy-sink]: [21:33:19][STATE] BOUND ---> CONNECTING
[104830:internal-dpl-injected-dummy-sink]: [21:33:19][STATE] CONNECTING ---> DEVICE READY
[104830:internal-dpl-injected-dummy-sink]: [21:33:19][STATE] DEVICE READY ---> INITIALIZING TASK
[104830:internal-dpl-injected-dummy-sink]: [21:33:19][STATE] INITIALIZING TASK ---> READY
[104830:internal-dpl-injected-dummy-sink]: [21:33:19][STATE] READY ---> RUNNING
[104830:internal-dpl-injected-dummy-sink]: [21:33:19][INFO] fair::mq::Device running...
[104830:internal-dpl-injected-dummy-sink]: [21:33:19][INFO] LHCPeriod is not available, using current month AUG
[104830:internal-dpl-injected-dummy-sink]: [21:33:19][INFO] Correctly handshaken websocket connection.
[104828:TRAP]: [INFO] Instrumenting crash signals
[104828:TRAP]: [INFO] Spawing new device TRAP in process with pid 104828
[104828:TRAP]: [21:33:19][INFO] 
[104828:TRAP]:       ______      _    _______  _________ 
[104828:TRAP]:      / ____/___ _(_)_______   |/  /_  __ \    version 1.6.0
[104828:TRAP]:     / /_  / __ `/ / ___/__  /|_/ /_  / / /    build RELWITHDEBINFO
[104828:TRAP]:    / __/ / /_/ / / /    _  /  / / / /_/ /     https://github.com/FairRootGroup/FairMQ
[104828:TRAP]:   /_/    \__,_/_/_/     /_/  /_/  \___\_\     LGPL-3.0  © 2012-2023 GSI
[104828:TRAP]: 
[104828:TRAP]: [21:33:19][STATE] Starting FairMQ state machine --> IDLE
[104828:TRAP]: [21:33:19][STATE] IDLE ---> INITIALIZING DEVICE
[104828:TRAP]: [21:33:19][INFO] Tracklet charges will be calculated using a fixed multiplier
[104828:TRAP]: [21:33:19][INFO] Trap simulation running with 4 threads 
[104828:TRAP]: [21:33:19][STATE] INITIALIZING DEVICE ---> INITIALIZED
[104828:TRAP]: [21:33:19][STATE] INITIALIZED ---> BINDING
[104828:TRAP]: [21:33:19][STATE] BINDING ---> BOUND
[104828:TRAP]: [21:33:19][STATE] BOUND ---> CONNECTING
[104828:TRAP]: [21:33:19][STATE] CONNECTING ---> DEVICE READY
[104828:TRAP]: [21:33:19][STATE] DEVICE READY ---> INITIALIZING TASK
[104828:TRAP]: [21:33:19][STATE] INITIALIZING TASK ---> READY
[104828:TRAP]: [21:33:19][STATE] READY ---> RUNNING
[104828:TRAP]: [21:33:19][INFO] fair::mq::Device running...
[104828:TRAP]: [21:33:19][INFO] LHCPeriod is not available, using current month AUG
[104828:TRAP]: [21:33:19][INFO] Correctly handshaken websocket connection.
[104829:TRD-tracklet-writer]: [INFO] Instrumenting crash signals
[104829:TRD-tracklet-writer]: [INFO] Spawing new device TRD-tracklet-writer in process with pid 104829
[104829:TRD-tracklet-writer]: [21:33:19][INFO] 
[104829:TRD-tracklet-writer]:       ______      _    _______  _________ 
[104829:TRD-tracklet-writer]:      / ____/___ _(_)_______   |/  /_  __ \    version 1.6.0
[104829:TRD-tracklet-writer]:     / /_  / __ `/ / ___/__  /|_/ /_  / / /    build RELWITHDEBINFO
[104829:TRD-tracklet-writer]:    / __/ / /_/ / / /    _  /  / / / /_/ /     https://github.com/FairRootGroup/FairMQ
[104829:TRD-tracklet-writer]:   /_/    \__,_/_/_/     /_/  /_/  \___\_\     LGPL-3.0  © 2012-2023 GSI
[104829:TRD-tracklet-writer]: 
[104829:TRD-tracklet-writer]: [21:33:19][STATE] Starting FairMQ state machine --> IDLE
[104829:TRD-tracklet-writer]: [21:33:19][STATE] IDLE ---> INITIALIZING DEVICE
[104829:TRD-tracklet-writer]: [21:33:19][INFO] 0: branch  Tracklet set up
[104829:TRD-tracklet-writer]: [21:33:19][INFO] 1: branch  TRKLabels set up
[104829:TRD-tracklet-writer]: [21:33:19][INFO] 2: branch  TrackTrg set up
[104829:TRD-tracklet-writer]: [21:33:19][STATE] INITIALIZING DEVICE ---> INITIALIZED
[104829:TRD-tracklet-writer]: [21:33:19][STATE] INITIALIZED ---> BINDING
[104829:TRD-tracklet-writer]: [21:33:19][STATE] BINDING ---> BOUND
[104829:TRD-tracklet-writer]: [21:33:19][STATE] BOUND ---> CONNECTING
[104829:TRD-tracklet-writer]: [21:33:19][STATE] CONNECTING ---> DEVICE READY
[104829:TRD-tracklet-writer]: [21:33:19][STATE] DEVICE READY ---> INITIALIZING TASK
[104829:TRD-tracklet-writer]: [21:33:19][STATE] INITIALIZING TASK ---> READY
[104829:TRD-tracklet-writer]: [21:33:19][STATE] READY ---> RUNNING
[104829:TRD-tracklet-writer]: [21:33:19][INFO] fair::mq::Device running...
[104829:TRD-tracklet-writer]: [21:33:19][INFO] LHCPeriod is not available, using current month AUG
[104829:TRD-tracklet-writer]: [21:33:19][INFO] Correctly handshaken websocket connection.
[104827:TRDDIGITREADER]: [21:33:20][INFO] Loaded tree from trddigits.root with 1 entries
[104827:TRDDIGITREADER]: [21:33:20][STATE] INITIALIZING DEVICE ---> INITIALIZED
[104827:TRDDIGITREADER]: [21:33:20][STATE] INITIALIZED ---> BINDING
[104827:TRDDIGITREADER]: [21:33:20][STATE] BINDING ---> BOUND
[104827:TRDDIGITREADER]: [21:33:20][STATE] BOUND ---> CONNECTING
[104827:TRDDIGITREADER]: [21:33:20][STATE] CONNECTING ---> DEVICE READY
[104827:TRDDIGITREADER]: [21:33:20][STATE] DEVICE READY ---> INITIALIZING TASK
[104827:TRDDIGITREADER]: [21:33:20][STATE] INITIALIZING TASK ---> READY
[104827:TRDDIGITREADER]: [21:33:20][STATE] READY ---> RUNNING
[104827:TRDDIGITREADER]: [21:33:20][INFO] fair::mq::Device running...
[104827:TRDDIGITREADER]: [21:33:20][INFO] LHCPeriod is not available, using current month AUG
[104827:TRDDIGITREADER]: [21:33:20][INFO] Pushing 10 TRD trigger records at entry 0
[104827:TRDDIGITREADER]: [21:33:20][INFO] Pushing 113909 digits for these trigger records
[104827:TRDDIGITREADER]: [21:33:20][INFO] Sending end-of-stream message to channel from_TRDDIGITREADER_to_TRAP
[104827:TRDDIGITREADER]: [21:33:20][INFO] Correctly handshaken websocket connection.
[104828:TRAP]: [21:33:20][INFO] TRD Trap Simulator Device running over incoming message
[104828:TRAP]: [21:33:20][INFO] Init CcdApi with UserAgentID: localhost.localdomain-1692905600-mF9C87, Host: http://alice-ccdb.cern.ch/
[104828:TRAP]: Info in <TJAlienConnectionManager>: Opening connection to JCentral. Please wait
[104828:TRAP]: Info in <TJAlienConnectionManager>: Opening connection to 137.138.99.147
[104828:TRAP]: Info in <TJAlienConnectionManager>: Successfully connected to 137.138.99.147
[104828:TRAP]: Info in <TJAlienFile::Open>: Accessing file /alice/data/CCDB/TRD/Calib/ChamberCalibrations/07/05389/e704b36a-d22d-11ec-8dd8-511cc1ec24ee in SE <ALICE::CERN::OCDB>
[104828:TRAP]: [21:33:23][INFO] ccdb reads http://alice-ccdb.cern.ch/TRD/Calib/ChamberCalibrations/1/e704b36a-d22d-11ec-8dd8-511cc1ec24ee for 1546300800000 (retrieve, agent_id: localhost.localdomain-1692905600-mF9C87), 
[104828:TRAP]: Info in <TJAlienFile::Open>: Accessing file /alice/data/CCDB/TRD/Calib/LocalGainFactor/15/61343/100756ad-4ec7-11ed-bee3-200114580202 in SE <ALICE::CERN::OCDB>
[104828:TRAP]: [21:33:24][INFO] ccdb reads http://alice-ccdb.cern.ch/TRD/Calib/LocalGainFactor/1/100756ad-4ec7-11ed-bee3-200114580202 for 1546300800000 (retrieve, agent_id: localhost.localdomain-1692905600-mF9C87), 
[104828:TRAP]: Info in <TJAlienFile::Open>: Accessing file /alice/data/CCDB/TRD/Calib/PadNoise/15/62708/e81c639a-d22d-11ec-8dd8-511cc1ec24ee in SE <ALICE::CERN::OCDB>
[104828:TRAP]: [21:33:24][INFO] ccdb reads http://alice-ccdb.cern.ch/TRD/Calib/PadNoise/1/e81c639a-d22d-11ec-8dd8-511cc1ec24ee for 1546300800000 (retrieve, agent_id: localhost.localdomain-1692905600-mF9C87), 
[104828:TRAP]: Info in <TJAlienFile::Open>: Accessing file /alice/data/CCDB/TRD/Calib/ChamberStatus/13/46772/e724d29a-d22d-11ec-8dd8-511cc1ec24ee in SE <ALICE::CERN::OCDB>
[104828:TRAP]: [21:33:24][INFO] ccdb reads http://alice-ccdb.cern.ch/TRD/Calib/ChamberStatus/1/e724d29a-d22d-11ec-8dd8-511cc1ec24ee for 1546300800000 (retrieve, agent_id: localhost.localdomain-1692905600-mF9C87), 
[104828:TRAP]: Info in <TJAlienFile::Open>: Accessing file /alice/data/CCDB/TRD/Calib/PadStatus/01/08482/e8418bc7-d22d-11ec-8dd8-511cc1ec24ee in SE <ALICE::CERN::OCDB>
[104828:TRAP]: [21:33:25][INFO] ccdb reads http://alice-ccdb.cern.ch/TRD/Calib/PadStatus/1/e8418bc7-d22d-11ec-8dd8-511cc1ec24ee for 1546300800000 (retrieve, agent_id: localhost.localdomain-1692905600-mF9C87), 
[104828:TRAP]: Info in <TJAlienFile::Open>: Accessing file /alice/data/CCDB/TRD/TrapConfig/cf_pg-fpnp32_zs-s16-deh_tb30_trkl-b5n-fs1e24-ht200-qs0e24s24e23-pidlinear-pt100_ptrg.r5549/15/64250/e6c280c9-d22d-11ec-8dd8-511cc1ec24ee in SE <ALICE::CERN::OCDB>
[104828:TRAP]: [21:33:28][INFO] ccdb reads http://alice-ccdb.cern.ch/TRD/TrapConfig/cf_pg-fpnp32_zs-s16-deh_tb30_trkl-b5n-fs1e24-ht200-qs0e24s24e23-pidlinear-pt100_ptrg.r5549/1/e6c280c9-d22d-11ec-8dd8-511cc1ec24ee for 1546300800000 (retrieve, agent_id: localhost.localdomain-1692905600-mF9C87), 
[104828:TRAP]: [21:33:28][INFO] using TRAPconfig: cf_pg-fpnp32_zs-s16-deh_tb30_trkl-b5n-fs1e24-ht200-qs0e24s24e23-pidlinear-pt100_ptrg.r5549
[104828:TRAP]: [21:33:28][WARN] you have asked to not use online gain calibrations but the selected trap config does have FGBY enabled. Gain calibrations will be 1, i.e. no effect
[104828:TRAP]: [21:33:28][INFO] Trap simulator found 4361 tracklets from 113909 Digits.
[104828:TRAP]: [21:33:28][INFO] In total 0 digits were rejected due to digit downscaling factor of 1
[104828:TRAP]: [21:33:28][INFO] In total 5553 MC labels are associated to the 4361 tracklets
[104828:TRAP]: [21:33:28][INFO] Total processing time : 314ms
[104828:TRAP]: [21:33:28][INFO] Digit Sorting took: 7ms
[104828:TRAP]: [21:33:28][INFO] Processing time for parallel region: 301ms
[104828:TRAP]: [21:33:28][INFO] Sending end-of-stream message to channel from_TRAP_to_TRD-tracklet-writer
[104828:TRAP]: [21:33:28][INFO] Sending end-of-stream message to channel from_TRAP_to_internal-dpl-injected-dummy-sink
[INFO] Quitting
[INFO] QUIT_REQUESTED
[104828:TRAP]: [21:33:29][INFO] Received device shutdown request (signal 15).
[104828:TRAP]: [21:33:29][INFO] Waiting for graceful device shutdown. Hit Ctrl-C again to abort immediately.
[104829:TRD-tracklet-writer]: [21:33:29][INFO] Received device shutdown request (signal 15).
[104829:TRD-tracklet-writer]: [21:33:29][INFO] Waiting for graceful device shutdown. Hit Ctrl-C again to abort immediately.
[104830:internal-dpl-injected-dummy-sink]: [21:33:29][INFO] Received device shutdown request (signal 15).
[104830:internal-dpl-injected-dummy-sink]: [21:33:29][INFO] Waiting for graceful device shutdown. Hit Ctrl-C again to abort immediately.
[104827:TRDDIGITREADER]: [21:33:29][INFO] Received device shutdown request (signal 15).
[104827:TRDDIGITREADER]: [21:33:29][INFO] Waiting for graceful device shutdown. Hit Ctrl-C again to abort immediately.
[104826:internal-dpl-clock]: [21:33:29][INFO] Received device shutdown request (signal 15).
[104826:internal-dpl-clock]: [21:33:29][INFO] Waiting for graceful device shutdown. Hit Ctrl-C again to abort immediately.
[104829:TRD-tracklet-writer]: [21:33:29][INFO] New state requested. No timeout set, quitting immediately as per --completion-policy
[104826:internal-dpl-clock]: [21:33:29][INFO] New state requested. No timeout set, quitting immediately as per --completion-policy
[104826:internal-dpl-clock]: [21:33:29][STATE] RUNNING ---> READY
[104828:TRAP]: [21:33:29][INFO] New state requested. No timeout set, quitting immediately as per --completion-policy
[104828:TRAP]: [21:33:29][STATE] RUNNING ---> READY
[104830:internal-dpl-injected-dummy-sink]: [21:33:29][INFO] New state requested. No timeout set, quitting immediately as per --completion-policy
[104830:internal-dpl-injected-dummy-sink]: [21:33:29][STATE] RUNNING ---> READY
[104830:internal-dpl-injected-dummy-sink]: [21:33:29][STATE] READY ---> RESETTING TASK
[104830:internal-dpl-injected-dummy-sink]: [21:33:29][STATE] RESETTING TASK ---> DEVICE READY
[104830:internal-dpl-injected-dummy-sink]: [21:33:29][STATE] DEVICE READY ---> RESETTING DEVICE
[104827:TRDDIGITREADER]: [21:33:29][INFO] New state requested. No timeout set, quitting immediately as per --completion-policy
[104827:TRDDIGITREADER]: [21:33:29][STATE] RUNNING ---> READY
[104828:TRAP]: [21:33:29][STATE] READY ---> RESETTING TASK
[104828:TRAP]: [21:33:29][STATE] RESETTING TASK ---> DEVICE READY
[104826:internal-dpl-clock]: [21:33:29][STATE] READY ---> RESETTING TASK
[104826:internal-dpl-clock]: [21:33:29][STATE] RESETTING TASK ---> DEVICE READY
[104826:internal-dpl-clock]: [21:33:29][STATE] DEVICE READY ---> RESETTING DEVICE
[104827:TRDDIGITREADER]: [21:33:29][STATE] READY ---> RESETTING TASK
[104827:TRDDIGITREADER]: [21:33:29][STATE] RESETTING TASK ---> DEVICE READY
[104827:TRDDIGITREADER]: [21:33:29][STATE] DEVICE READY ---> RESETTING DEVICE
[104828:TRAP]: [21:33:29][STATE] DEVICE READY ---> RESETTING DEVICE
[104826:internal-dpl-clock]: [21:33:29][STATE] RESETTING DEVICE ---> IDLE
[104826:internal-dpl-clock]: [21:33:29][STATE] IDLE ---> EXITING
[104830:internal-dpl-injected-dummy-sink]: [21:33:29][STATE] RESETTING DEVICE ---> IDLE
[104826:internal-dpl-clock]: [21:33:29][STATE] Exiting FairMQ state machine
[104828:TRAP]: [21:33:29][STATE] RESETTING DEVICE ---> IDLE
[104828:TRAP]: [21:33:29][STATE] IDLE ---> EXITING
[104830:internal-dpl-injected-dummy-sink]: [21:33:29][STATE] IDLE ---> EXITING
[104827:TRDDIGITREADER]: [21:33:29][STATE] RESETTING DEVICE ---> IDLE
[104828:TRAP]: [21:33:29][STATE] Exiting FairMQ state machine
[104827:TRDDIGITREADER]: [21:33:29][STATE] IDLE ---> EXITING
[104830:internal-dpl-injected-dummy-sink]: [21:33:29][STATE] Exiting FairMQ state machine
[104827:TRDDIGITREADER]: [21:33:29][STATE] Exiting FairMQ state machine
[104829:TRD-tracklet-writer]: [21:33:29][STATE] RUNNING ---> READY
[104829:TRD-tracklet-writer]: [21:33:29][STATE] READY ---> RESETTING TASK
[104829:TRD-tracklet-writer]: [21:33:29][STATE] RESETTING TASK ---> DEVICE READY
[104829:TRD-tracklet-writer]: [21:33:29][STATE] DEVICE READY ---> RESETTING DEVICE
[104829:TRD-tracklet-writer]: [21:33:29][INFO] Cleaning up for shared memory id '57405797'...
[104829:TRD-tracklet-writer]: [21:33:29][INFO] Found 0 unmanaged regions...
[104829:TRD-tracklet-writer]: [21:33:29][INFO] Found 1 managed segments...
[104829:TRD-tracklet-writer]: [21:33:29][INFO] Successfully removed 'fmq_57405797_m_0'.
[104829:TRD-tracklet-writer]: [21:33:29][INFO] Successfully removed 'fmq_57405797_mng'.
[104829:TRD-tracklet-writer]: [21:33:29][STATE] RESETTING DEVICE ---> IDLE
[104829:TRD-tracklet-writer]: [21:33:29][STATE] IDLE ---> EXITING
[104829:TRD-tracklet-writer]: [21:33:29][STATE] Exiting FairMQ state machine
[INFO] ## Processes completed. Run summary:
[INFO] ### Devices started: 5
[INFO]  - Device internal-dpl-clock: pid 104826 (exit 0)
[INFO]  - Device TRDDIGITREADER: pid 104827 (exit 0)
[INFO]  - Device TRAP: pid 104828 (exit 0)
[INFO]  - Device TRD-tracklet-writer: pid 104829 (exit 0)
[INFO]  - Device internal-dpl-injected-dummy-sink: pid 104830 (exit 0)
[INFO] Dumping used configuration in dpl-config.json
TASK-EXIT-CODE: 0
