Running: TIME="#walltime %e" /usr/bin/time --output=zdcreco.log_time ./zdcreco.log_tmp.sh
[INFO] WorkflowSpec defineDataProcessing
[INFO] WorkflowSpec getRecoWorkflow useMC 1
[INFO] Initialising O2 Data Processing Layer. Driver PID: 155780.
[INFO] Driver listening on port: 13860
[INFO] Rate limiting set up at 500MB distributed over 1 readers
[INFO] O2 Data Processing Layer initialised. We brake for nobody.
[INFO] Optimised build. O2DEBUG / LOG(debug) / LOGF(debug) / assert statement will not be shown.
[INFO] Redeployment of configuration asked.
[INFO] Starting internal-dpl-clock on pid 155820
[INFO] Starting zdc-digit-reader on pid 155821
[INFO] Starting internal-dpl-ccdb-backend on pid 155822
[INFO] Starting zdc-digi-reco on pid 155823
[INFO] Starting zdc-calib-baseline-epn on pid 155824
[INFO] Starting ZDCRecoWriter on pid 155825
[INFO] Starting internal-dpl-injected-dummy-sink on pid 155826
[INFO] Redeployment of configuration done.
[155822:internal-dpl-ccdb-backend]: [INFO] WorkflowSpec defineDataProcessing
[155824:zdc-calib-baseline-epn]: [INFO] WorkflowSpec defineDataProcessing
[155820:internal-dpl-clock]: [INFO] WorkflowSpec defineDataProcessing
[155821:zdc-digit-reader]: [INFO] WorkflowSpec defineDataProcessing
[155826:internal-dpl-injected-dummy-sink]: [INFO] WorkflowSpec defineDataProcessing
[155823:zdc-digi-reco]: [INFO] WorkflowSpec defineDataProcessing
[155825:ZDCRecoWriter]: [INFO] WorkflowSpec defineDataProcessing
[155822:internal-dpl-ccdb-backend]: [INFO] WorkflowSpec getRecoWorkflow useMC 1
[155822:internal-dpl-ccdb-backend]: [INFO] Instrumenting crash signals
[155826:internal-dpl-injected-dummy-sink]: [INFO] WorkflowSpec getRecoWorkflow useMC 1
[155822:internal-dpl-ccdb-backend]: [INFO] Spawing new device internal-dpl-ccdb-backend in process with pid 155822
[155822:internal-dpl-ccdb-backend]: [22:07:57][INFO] 
[155822:internal-dpl-ccdb-backend]:       ______      _    _______  _________ 
[155822:internal-dpl-ccdb-backend]:      / ____/___ _(_)_______   |/  /_  __ \    version 1.6.0
[155822:internal-dpl-ccdb-backend]:     / /_  / __ `/ / ___/__  /|_/ /_  / / /    build RELWITHDEBINFO
[155822:internal-dpl-ccdb-backend]:    / __/ / /_/ / / /    _  /  / / / /_/ /     https://github.com/FairRootGroup/FairMQ
[155822:internal-dpl-ccdb-backend]:   /_/    \__,_/_/_/     /_/  /_/  \___\_\     LGPL-3.0  © 2012-2023 GSI
[155822:internal-dpl-ccdb-backend]: 
[155822:internal-dpl-ccdb-backend]: [22:07:57][STATE] Starting FairMQ state machine --> IDLE
[155823:zdc-digi-reco]: [INFO] WorkflowSpec getRecoWorkflow useMC 1
[155822:internal-dpl-ccdb-backend]: [22:07:57][STATE] IDLE ---> INITIALIZING DEVICE
[155824:zdc-calib-baseline-epn]: [INFO] WorkflowSpec getRecoWorkflow useMC 1
[155820:internal-dpl-clock]: [INFO] WorkflowSpec getRecoWorkflow useMC 1
[155822:internal-dpl-ccdb-backend]: [22:07:58][INFO] CCDB Backend at: http://alice-ccdb.cern.ch, validity check for every 2147483647 TF
[155822:internal-dpl-ccdb-backend]: [22:07:58][INFO] Init CcdApi with UserAgentID: localhost.localdomain-1692907678-67Ubdb, Host: http://alice-ccdb.cern.ch
[155822:internal-dpl-ccdb-backend]: [22:07:58][INFO] Initialised default CCDB host http://alice-ccdb.cern.ch
[155822:internal-dpl-ccdb-backend]: [22:07:58][INFO] The following route is a condition ZDC/BASECALIB/0
[155822:internal-dpl-ccdb-backend]: [22:07:58][INFO] - ccdb-path: ZDC/Calib/BaselineCalib
[155822:internal-dpl-ccdb-backend]: [22:07:58][INFO] The following route is a condition ZDC/MODULECONFIG/0
[155822:internal-dpl-ccdb-backend]: [22:07:58][INFO] - ccdb-path: ZDC/Config/Module
[155822:internal-dpl-ccdb-backend]: [22:07:58][INFO] The following route is a condition ZDC/RECOCONFIG/0
[155822:internal-dpl-ccdb-backend]: [22:07:58][INFO] - ccdb-path: ZDC/Calib/RecoConfigZDC
[155822:internal-dpl-ccdb-backend]: [22:07:58][INFO] The following route is a condition ZDC/TDCCALIB/0
[155822:internal-dpl-ccdb-backend]: [22:07:58][INFO] - ccdb-path: ZDC/Calib/TDCCalib
[155822:internal-dpl-ccdb-backend]: [22:07:58][INFO] The following route is a condition ZDC/TDCCORR/0
[155822:internal-dpl-ccdb-backend]: [22:07:58][INFO] - ccdb-path: ZDC/Calib/TDCCorr
[155822:internal-dpl-ccdb-backend]: [22:07:58][INFO] The following route is a condition ZDC/TOWERCALIB/0
[155822:internal-dpl-ccdb-backend]: [22:07:58][INFO] - ccdb-path: ZDC/Calib/TowerCalib
[155822:internal-dpl-ccdb-backend]: [22:07:58][INFO] The following route is a condition ZDC/ADCCALIB/0
[155822:internal-dpl-ccdb-backend]: [22:07:58][INFO] - ccdb-path: ZDC/Calib/EnergyCalib
[155825:ZDCRecoWriter]: [INFO] WorkflowSpec getRecoWorkflow useMC 1
[155822:internal-dpl-ccdb-backend]: [22:07:58][STATE] INITIALIZING DEVICE ---> INITIALIZED
[155822:internal-dpl-ccdb-backend]: [22:07:58][STATE] INITIALIZED ---> BINDING
[155822:internal-dpl-ccdb-backend]: [22:07:58][STATE] BINDING ---> BOUND
[155822:internal-dpl-ccdb-backend]: [22:07:58][STATE] BOUND ---> CONNECTING
[155822:internal-dpl-ccdb-backend]: [22:07:58][STATE] CONNECTING ---> DEVICE READY
[155823:zdc-digi-reco]: [INFO] Instrumenting crash signals
[155823:zdc-digi-reco]: [INFO] Spawing new device zdc-digi-reco in process with pid 155823
[155823:zdc-digi-reco]: [22:07:58][INFO] 
[155823:zdc-digi-reco]:       ______      _    _______  _________ 
[155823:zdc-digi-reco]:      / ____/___ _(_)_______   |/  /_  __ \    version 1.6.0
[155823:zdc-digi-reco]:     / /_  / __ `/ / ___/__  /|_/ /_  / / /    build RELWITHDEBINFO
[155823:zdc-digi-reco]:    / __/ / /_/ / / /    _  /  / / / /_/ /     https://github.com/FairRootGroup/FairMQ
[155823:zdc-digi-reco]:   /_/    \__,_/_/_/     /_/  /_/  \___\_\     LGPL-3.0  © 2012-2023 GSI
[155823:zdc-digi-reco]: 
[155823:zdc-digi-reco]: [22:07:58][STATE] Starting FairMQ state machine --> IDLE
[155822:internal-dpl-ccdb-backend]: [22:07:58][STATE] DEVICE READY ---> INITIALIZING TASK
[155822:internal-dpl-ccdb-backend]: [22:07:58][STATE] INITIALIZING TASK ---> READY
[155822:internal-dpl-ccdb-backend]: [22:07:58][STATE] READY ---> RUNNING
[155822:internal-dpl-ccdb-backend]: [22:07:58][INFO] fair::mq::Device running...
[155822:internal-dpl-ccdb-backend]: [22:07:58][INFO] LHCPeriod is not available, using current month AUG
[155822:internal-dpl-ccdb-backend]: [22:07:58][INFO] Correctly handshaken websocket connection.
[155823:zdc-digi-reco]: [22:07:58][STATE] IDLE ---> INITIALIZING DEVICE
[155823:zdc-digi-reco]: [22:07:58][STATE] INITIALIZING DEVICE ---> INITIALIZED
[155826:internal-dpl-injected-dummy-sink]: [INFO] Instrumenting crash signals
[155823:zdc-digi-reco]: [22:07:58][STATE] INITIALIZED ---> BINDING
[155823:zdc-digi-reco]: [22:07:58][STATE] BINDING ---> BOUND
[155823:zdc-digi-reco]: [22:07:58][STATE] BOUND ---> CONNECTING
[155823:zdc-digi-reco]: [22:07:58][STATE] CONNECTING ---> DEVICE READY
[155823:zdc-digi-reco]: [22:07:58][STATE] DEVICE READY ---> INITIALIZING TASK
[155824:zdc-calib-baseline-epn]: [INFO] Instrumenting crash signals
[155826:internal-dpl-injected-dummy-sink]: [INFO] Spawing new device internal-dpl-injected-dummy-sink in process with pid 155826
[155826:internal-dpl-injected-dummy-sink]: [22:07:58][INFO] 
[155826:internal-dpl-injected-dummy-sink]:       ______      _    _______  _________ 
[155826:internal-dpl-injected-dummy-sink]:      / ____/___ _(_)_______   |/  /_  __ \    version 1.6.0
[155826:internal-dpl-injected-dummy-sink]:     / /_  / __ `/ / ___/__  /|_/ /_  / / /    build RELWITHDEBINFO
[155826:internal-dpl-injected-dummy-sink]:    / __/ / /_/ / / /    _  /  / / / /_/ /     https://github.com/FairRootGroup/FairMQ
[155826:internal-dpl-injected-dummy-sink]:   /_/    \__,_/_/_/     /_/  /_/  \___\_\     LGPL-3.0  © 2012-2023 GSI
[155826:internal-dpl-injected-dummy-sink]: 
[155826:internal-dpl-injected-dummy-sink]: [22:07:58][STATE] Starting FairMQ state machine --> IDLE
[155823:zdc-digi-reco]: [22:07:58][STATE] INITIALIZING TASK ---> READY
[155824:zdc-calib-baseline-epn]: [INFO] Spawing new device zdc-calib-baseline-epn in process with pid 155824
[155823:zdc-digi-reco]: [22:07:58][STATE] READY ---> RUNNING
[155823:zdc-digi-reco]: [22:07:58][INFO] fair::mq::Device running...
[155823:zdc-digi-reco]: [22:07:58][INFO] LHCPeriod is not available, using current month AUG
[155823:zdc-digi-reco]: [22:07:58][INFO] Correctly handshaken websocket connection.
[155824:zdc-calib-baseline-epn]: [22:07:58][INFO] 
[155824:zdc-calib-baseline-epn]:       ______      _    _______  _________ 
[155824:zdc-calib-baseline-epn]:      / ____/___ _(_)_______   |/  /_  __ \    version 1.6.0
[155824:zdc-calib-baseline-epn]:     / /_  / __ `/ / ___/__  /|_/ /_  / / /    build RELWITHDEBINFO
[155824:zdc-calib-baseline-epn]:    / __/ / /_/ / / /    _  /  / / / /_/ /     https://github.com/FairRootGroup/FairMQ
[155824:zdc-calib-baseline-epn]:   /_/    \__,_/_/_/     /_/  /_/  \___\_\     LGPL-3.0  © 2012-2023 GSI
[155824:zdc-calib-baseline-epn]: 
[155824:zdc-calib-baseline-epn]: [22:07:58][STATE] Starting FairMQ state machine --> IDLE
[155824:zdc-calib-baseline-epn]: [22:07:58][STATE] IDLE ---> INITIALIZING DEVICE
[155824:zdc-calib-baseline-epn]: [22:07:58][INFO] Sending calibration data to aggregator every mModTF = 0 TF
[155824:zdc-calib-baseline-epn]: [22:07:58][STATE] INITIALIZING DEVICE ---> INITIALIZED
[155826:internal-dpl-injected-dummy-sink]: [22:07:58][STATE] IDLE ---> INITIALIZING DEVICE
[155820:internal-dpl-clock]: [INFO] Instrumenting crash signals
[155820:internal-dpl-clock]: [INFO] Spawing new device internal-dpl-clock in process with pid 155820
[155820:internal-dpl-clock]: [22:07:58][INFO] 
[155820:internal-dpl-clock]:       ______      _    _______  _________ 
[155820:internal-dpl-clock]:      / ____/___ _(_)_______   |/  /_  __ \    version 1.6.0
[155820:internal-dpl-clock]:     / /_  / __ `/ / ___/__  /|_/ /_  / / /    build RELWITHDEBINFO
[155820:internal-dpl-clock]:    / __/ / /_/ / / /    _  /  / / / /_/ /     https://github.com/FairRootGroup/FairMQ
[155820:internal-dpl-clock]:   /_/    \__,_/_/_/     /_/  /_/  \___\_\     LGPL-3.0  © 2012-2023 GSI
[155820:internal-dpl-clock]: 
[155820:internal-dpl-clock]: [22:07:58][STATE] Starting FairMQ state machine --> IDLE
[155825:ZDCRecoWriter]: [INFO] Instrumenting crash signals
[155825:ZDCRecoWriter]: [INFO] Spawing new device ZDCRecoWriter in process with pid 155825
[155825:ZDCRecoWriter]: [22:07:58][INFO] 
[155825:ZDCRecoWriter]:       ______      _    _______  _________ 
[155825:ZDCRecoWriter]:      / ____/___ _(_)_______   |/  /_  __ \    version 1.6.0
[155825:ZDCRecoWriter]:     / /_  / __ `/ / ___/__  /|_/ /_  / / /    build RELWITHDEBINFO
[155825:ZDCRecoWriter]:    / __/ / /_/ / / /    _  /  / / / /_/ /     https://github.com/FairRootGroup/FairMQ
[155825:ZDCRecoWriter]:   /_/    \__,_/_/_/     /_/  /_/  \___\_\     LGPL-3.0  © 2012-2023 GSI
[155825:ZDCRecoWriter]: 
[155825:ZDCRecoWriter]: [22:07:58][STATE] Starting FairMQ state machine --> IDLE
[155824:zdc-calib-baseline-epn]: [22:07:58][STATE] INITIALIZED ---> BINDING
[155824:zdc-calib-baseline-epn]: [22:07:58][STATE] BINDING ---> BOUND
[155826:internal-dpl-injected-dummy-sink]: [22:07:58][STATE] INITIALIZING DEVICE ---> INITIALIZED
[155820:internal-dpl-clock]: [22:07:58][STATE] IDLE ---> INITIALIZING DEVICE
[155820:internal-dpl-clock]: [22:07:58][STATE] INITIALIZING DEVICE ---> INITIALIZED
[155820:internal-dpl-clock]: [22:07:58][STATE] INITIALIZED ---> BINDING
[155820:internal-dpl-clock]: [22:07:58][STATE] BINDING ---> BOUND
[155820:internal-dpl-clock]: [22:07:58][STATE] BOUND ---> CONNECTING
[155820:internal-dpl-clock]: [22:07:58][STATE] CONNECTING ---> DEVICE READY
[155820:internal-dpl-clock]: [22:07:58][STATE] DEVICE READY ---> INITIALIZING TASK
[155820:internal-dpl-clock]: [22:07:58][STATE] INITIALIZING TASK ---> READY
[155820:internal-dpl-clock]: [22:07:58][STATE] READY ---> RUNNING
[155820:internal-dpl-clock]: [22:07:58][INFO] fair::mq::Device running...
[155820:internal-dpl-clock]: [22:07:58][INFO] LHCPeriod is not available, using current month AUG
[155824:zdc-calib-baseline-epn]: [22:07:58][STATE] BOUND ---> CONNECTING
[155824:zdc-calib-baseline-epn]: [22:07:58][STATE] CONNECTING ---> DEVICE READY
[155825:ZDCRecoWriter]: [22:07:58][STATE] IDLE ---> INITIALIZING DEVICE
[155826:internal-dpl-injected-dummy-sink]: [22:07:58][STATE] INITIALIZED ---> BINDING
[155826:internal-dpl-injected-dummy-sink]: [22:07:58][STATE] BINDING ---> BOUND
[155826:internal-dpl-injected-dummy-sink]: [22:07:58][STATE] BOUND ---> CONNECTING
[155820:internal-dpl-clock]: [22:07:58][INFO] Correctly handshaken websocket connection.
[155824:zdc-calib-baseline-epn]: [22:07:58][STATE] DEVICE READY ---> INITIALIZING TASK
[155826:internal-dpl-injected-dummy-sink]: [22:07:58][STATE] CONNECTING ---> DEVICE READY
[155826:internal-dpl-injected-dummy-sink]: [22:07:58][STATE] DEVICE READY ---> INITIALIZING TASK
[155826:internal-dpl-injected-dummy-sink]: [22:07:58][STATE] INITIALIZING TASK ---> READY
[155826:internal-dpl-injected-dummy-sink]: [22:07:58][STATE] READY ---> RUNNING
[155826:internal-dpl-injected-dummy-sink]: [22:07:58][INFO] fair::mq::Device running...
[155826:internal-dpl-injected-dummy-sink]: [22:07:58][INFO] LHCPeriod is not available, using current month AUG
[155826:internal-dpl-injected-dummy-sink]: [22:07:58][INFO] Correctly handshaken websocket connection.
[155824:zdc-calib-baseline-epn]: [22:07:58][STATE] INITIALIZING TASK ---> READY
[155824:zdc-calib-baseline-epn]: [22:07:58][STATE] READY ---> RUNNING
[155824:zdc-calib-baseline-epn]: [22:07:58][INFO] fair::mq::Device running...
[155824:zdc-calib-baseline-epn]: [22:07:58][INFO] LHCPeriod is not available, using current month AUG
[155824:zdc-calib-baseline-epn]: [22:07:58][INFO] Correctly handshaken websocket connection.
[155825:ZDCRecoWriter]: [22:07:58][INFO] 0: branch  ZDCRecBC set up
[155825:ZDCRecoWriter]: [22:07:58][INFO] 1: branch  ZDCRecE set up
[155825:ZDCRecoWriter]: [22:07:58][INFO] 2: branch  ZDCRecTDC set up
[155825:ZDCRecoWriter]: [22:07:58][INFO] 3: branch  ZDCRecInfo set up
[155825:ZDCRecoWriter]: [22:07:58][INFO] 4: branch  ZDCWaveform set up
[155825:ZDCRecoWriter]: [22:07:58][STATE] INITIALIZING DEVICE ---> INITIALIZED
[155825:ZDCRecoWriter]: [22:07:58][STATE] INITIALIZED ---> BINDING
[155825:ZDCRecoWriter]: [22:07:58][STATE] BINDING ---> BOUND
[155825:ZDCRecoWriter]: [22:07:58][STATE] BOUND ---> CONNECTING
[155825:ZDCRecoWriter]: [22:07:58][STATE] CONNECTING ---> DEVICE READY
[155825:ZDCRecoWriter]: [22:07:58][STATE] DEVICE READY ---> INITIALIZING TASK
[155825:ZDCRecoWriter]: [22:07:58][STATE] INITIALIZING TASK ---> READY
[155825:ZDCRecoWriter]: [22:07:58][STATE] READY ---> RUNNING
[155825:ZDCRecoWriter]: [22:07:58][INFO] fair::mq::Device running...
[155825:ZDCRecoWriter]: [22:07:58][INFO] LHCPeriod is not available, using current month AUG
[155825:ZDCRecoWriter]: [22:07:58][INFO] Correctly handshaken websocket connection.
[155821:zdc-digit-reader]: [INFO] WorkflowSpec getRecoWorkflow useMC 1
[155821:zdc-digit-reader]: [INFO] Instrumenting crash signals
[155821:zdc-digit-reader]: [INFO] Spawing new device zdc-digit-reader in process with pid 155821
[155821:zdc-digit-reader]: [22:07:58][INFO] 
[155821:zdc-digit-reader]:       ______      _    _______  _________ 
[155821:zdc-digit-reader]:      / ____/___ _(_)_______   |/  /_  __ \    version 1.6.0
[155821:zdc-digit-reader]:     / /_  / __ `/ / ___/__  /|_/ /_  / / /    build RELWITHDEBINFO
[155821:zdc-digit-reader]:    / __/ / /_/ / / /    _  /  / / / /_/ /     https://github.com/FairRootGroup/FairMQ
[155821:zdc-digit-reader]:   /_/    \__,_/_/_/     /_/  /_/  \___\_\     LGPL-3.0  © 2012-2023 GSI
[155821:zdc-digit-reader]: 
[155821:zdc-digit-reader]: [22:07:58][STATE] Starting FairMQ state machine --> IDLE
[155821:zdc-digit-reader]: [22:07:58][STATE] IDLE ---> INITIALIZING DEVICE
[155821:zdc-digit-reader]: [22:07:58][STATE] INITIALIZING DEVICE ---> INITIALIZED
[155821:zdc-digit-reader]: [22:07:58][STATE] INITIALIZED ---> BINDING
[155821:zdc-digit-reader]: [22:07:58][STATE] BINDING ---> BOUND
[155821:zdc-digit-reader]: [22:07:58][STATE] BOUND ---> CONNECTING
[155821:zdc-digit-reader]: [22:07:58][STATE] CONNECTING ---> DEVICE READY
[155821:zdc-digit-reader]: [22:07:58][STATE] DEVICE READY ---> INITIALIZING TASK
[155821:zdc-digit-reader]: [22:07:58][STATE] INITIALIZING TASK ---> READY
[155821:zdc-digit-reader]: [22:07:58][STATE] READY ---> RUNNING
[155821:zdc-digit-reader]: [22:07:58][INFO] fair::mq::Device running...
[155821:zdc-digit-reader]: [22:07:58][INFO] LHCPeriod is not available, using current month AUG
[155821:zdc-digit-reader]: [22:07:58][INFO] ZDCDigitReader pushed 3 orbits with 156 bcs and 1368 digits
[155821:zdc-digit-reader]: [22:07:58][INFO] Sending end-of-stream message to channel from_zdc-digit-reader_to_internal-dpl-ccdb-backend
[155821:zdc-digit-reader]: [22:07:58][INFO] Sending end-of-stream message to channel from_zdc-digit-reader_to_zdc-digi-reco
[155821:zdc-digit-reader]: [22:07:58][INFO] Sending end-of-stream message to channel from_zdc-digit-reader_to_internal-dpl-injected-dummy-sink
[155821:zdc-digit-reader]: [22:07:58][INFO] Correctly handshaken websocket connection.
[155822:internal-dpl-ccdb-backend]: Info in <TJAlienConnectionManager>: Opening connection to JCentral. Please wait
[155822:internal-dpl-ccdb-backend]: Info in <TJAlienConnectionManager>: Opening connection to 137.138.47.222
[155822:internal-dpl-ccdb-backend]: Info in <TJAlienConnectionManager>: Successfully connected to 137.138.47.222
[155822:internal-dpl-ccdb-backend]: Info in <TJAlienFile::Open>: Accessing file /alice/data/CCDB/CTP/Calib/OrbitReset/06/62200/b9f985c3-b4b0-11ec-8fd3-90ce809b24ee in SE <ALICE::CERN::EOS>
[155822:internal-dpl-ccdb-backend]: [22:07:59][INFO] ccdb reads http://alice-ccdb.cern.ch/CTP/Calib/OrbitReset/1546300800000/b9f985c3-b4b0-11ec-8fd3-90ce809b24ee for 1546300800000 (load to memory, agent_id: localhost.localdomain-1692907678-67Ubdb), 
[155822:internal-dpl-ccdb-backend]: Info in <TJAlienFile::Open>: Accessing file /alice/data/CCDB/ZDC/Calib/BaselineCalib/02/59081/c6fe667e-f23b-11ec-b9c0-2a010e0a0b16 in SE <ALICE::CERN::OCDB>
[155822:internal-dpl-ccdb-backend]: [22:08:00][INFO] ccdb reads http://alice-ccdb.cern.ch/ZDC/Calib/BaselineCalib/1546300800000/c6fe667e-f23b-11ec-b9c0-2a010e0a0b16 for 1546300800000 (load to memory, agent_id: localhost.localdomain-1692907678-67Ubdb), 
[155822:internal-dpl-ccdb-backend]: Info in <TJAlienFile::Open>: Accessing file /alice/data/CCDB/ZDC/Config/Module/12/06629/706c8778-60e8-11ed-9dc3-2a010e0a0b16 in SE <ALICE::CERN::OCDB>
[155822:internal-dpl-ccdb-backend]: [22:08:00][INFO] ccdb reads http://alice-ccdb.cern.ch/ZDC/Config/Module/1546300800000/706c8778-60e8-11ed-9dc3-2a010e0a0b16 for 1546300800000 (load to memory, agent_id: localhost.localdomain-1692907678-67Ubdb), 
[155822:internal-dpl-ccdb-backend]: Info in <TJAlienFile::Open>: Accessing file /alice/data/CCDB/ZDC/Calib/RecoConfigZDC/14/01732/abbc3456-cca5-11ec-b790-200114580d00 in SE <ALICE::CERN::OCDB>
[155822:internal-dpl-ccdb-backend]: [22:08:00][INFO] ccdb reads http://alice-ccdb.cern.ch/ZDC/Calib/RecoConfigZDC/1546300800000/abbc3456-cca5-11ec-b790-200114580d00 for 1546300800000 (load to memory, agent_id: localhost.localdomain-1692907678-67Ubdb), 
[155822:internal-dpl-ccdb-backend]: Info in <TJAlienFile::Open>: Accessing file /alice/data/CCDB/ZDC/Calib/TDCCalib/00/62131/0bc5c80f-cca6-11ec-b790-200114580d00 in SE <ALICE::CERN::OCDB>
[155822:internal-dpl-ccdb-backend]: [22:08:00][INFO] ccdb reads http://alice-ccdb.cern.ch/ZDC/Calib/TDCCalib/1546300800000/0bc5c80f-cca6-11ec-b790-200114580d00 for 1546300800000 (load to memory, agent_id: localhost.localdomain-1692907678-67Ubdb), 
[155822:internal-dpl-ccdb-backend]: Info in <TJAlienFile::Open>: Accessing file /alice/data/CCDB/ZDC/Calib/TDCCorr/01/30762/0d5c2790-cca6-11ec-b790-200114580d00 in SE <ALICE::CERN::EOS>
[155822:internal-dpl-ccdb-backend]: [22:08:00][INFO] ccdb reads http://alice-ccdb.cern.ch/ZDC/Calib/TDCCorr/1546300800000/0d5c2790-cca6-11ec-b790-200114580d00 for 1546300800000 (load to memory, agent_id: localhost.localdomain-1692907678-67Ubdb), 
[155822:internal-dpl-ccdb-backend]: Info in <TJAlienFile::Open>: Accessing file /alice/data/CCDB/ZDC/Calib/TowerCalib/10/02515/0ef2f88b-cca6-11ec-b790-200114580d00 in SE <ALICE::CERN::EOS>
[155822:internal-dpl-ccdb-backend]: [22:08:00][INFO] ccdb reads http://alice-ccdb.cern.ch/ZDC/Calib/TowerCalib/1546300800000/0ef2f88b-cca6-11ec-b790-200114580d00 for 1546300800000 (load to memory, agent_id: localhost.localdomain-1692907678-67Ubdb), 
[155822:internal-dpl-ccdb-backend]: Info in <TJAlienFile::Open>: Accessing file /alice/data/CCDB/ZDC/Calib/EnergyCalib/13/25891/73c62b2f-cca4-11ec-981d-200114580d00 in SE <ALICE::CERN::OCDB>
[155822:internal-dpl-ccdb-backend]: [22:08:00][INFO] ccdb reads http://alice-ccdb.cern.ch/ZDC/Calib/EnergyCalib/1546300800000/73c62b2f-cca4-11ec-981d-200114580d00 for 1546300800000 (load to memory, agent_id: localhost.localdomain-1692907678-67Ubdb), 
[155822:internal-dpl-ccdb-backend]: [22:08:00][INFO] Sending end-of-stream message to channel from_internal-dpl-ccdb-backend_to_zdc-digi-reco
[155822:internal-dpl-ccdb-backend]: [22:08:00][INFO] Sending end-of-stream message to channel from_internal-dpl-ccdb-backend_to_internal-dpl-injected-dummy-sink
[155823:zdc-digi-reco]: [22:08:00][INFO] DigitRecoSpec::run initialization
[155823:zdc-digi-reco]: [22:08:00][INFO] Caching in 139868965840704 ptr to ZDC/MODULECONFIG/0 (0x46f1800)
[155823:zdc-digi-reco]: [22:08:00][INFO] Caching in 139868965842976 ptr to ZDC/RECOCONFIG/0 (0x4859670)
[155823:zdc-digi-reco]: [22:08:00][INFO] Caching in 139868965845248 ptr to ZDC/TDCCALIB/0 (0x3596db0)
[155823:zdc-digi-reco]: [22:08:00][INFO] Caching in 139868965871040 ptr to ZDC/TDCCORR/0 (0x7e48f50)
[155823:zdc-digi-reco]: [22:08:00][INFO] Caching in 139868965848960 ptr to ZDC/ADCCALIB/0 (0x7e00190)
[155823:zdc-digi-reco]: [22:08:00][INFO] Caching in 139868965846688 ptr to ZDC/TOWERCALIB/0 (0x3bcc7e0)
[155823:zdc-digi-reco]: [22:08:00][INFO] Caching in 139868965838432 ptr to ZDC/BASECALIB/0 (0x3bcd1c0)
[155823:zdc-digi-reco]: [22:08:00][INFO] Initialization of ZDC reconstruction
[155823:zdc-digi-reco]: [22:08:00][INFO] Interpolation numeric precision is 4
[155823:zdc-digi-reco]: [22:08:00][INFO] Interpolation alpha = 3
[155823:zdc-digi-reco]: [22:08:00][INFO] RecoParamZDC::print()
[155823:zdc-digi-reco]: [22:08:00][INFO] Low pass filtering is enabled
[155823:zdc-digi-reco]: [22:08:00][INFO] TRIPLE trigger condition enforced in reconstruction
[155823:zdc-digi-reco]: [22:08:00][INFO] Extended search is ON
[155823:zdc-digi-reco]: [22:08:00][INFO] Storage of EvE hits is OFF
[155823:zdc-digi-reco]: [22:08:00][INFO] Energy Calibration from CCDB ZNAC = 1
[155823:zdc-digi-reco]: [22:08:00][INFO] SUM Energy Calibration  ZNAS = 1
[155823:zdc-digi-reco]: [22:08:00][INFO] Energy Calibration from CCDB ZPAC = 1
[155823:zdc-digi-reco]: [22:08:00][INFO] SUM Energy Calibration  ZPAS = 1
[155823:zdc-digi-reco]: [22:08:00][INFO] Energy Calibration from CCDB ZEM1 = 1
[155823:zdc-digi-reco]: [22:08:00][INFO] Energy Calibration from CCDB ZEM2 = 1
[155823:zdc-digi-reco]: [22:08:00][INFO] Energy Calibration from CCDB ZNCC = 1
[155823:zdc-digi-reco]: [22:08:00][INFO] SUM Energy Calibration  ZNCS = 1
[155823:zdc-digi-reco]: [22:08:00][INFO] Energy Calibration from CCDB ZPCC = 1
[155823:zdc-digi-reco]: [22:08:00][INFO] SUM Energy Calibration  ZPCS = 1
[155823:zdc-digi-reco]: [22:08:00][INFO] Tower Calibration from CCDB ZNA1 = 1
[155823:zdc-digi-reco]: [22:08:00][INFO] Tower Calibration from CCDB ZNA2 = 1
[155823:zdc-digi-reco]: [22:08:00][INFO] Tower Calibration from CCDB ZNA3 = 1
[155823:zdc-digi-reco]: [22:08:00][INFO] Tower Calibration from CCDB ZNA4 = 1
[155823:zdc-digi-reco]: [22:08:00][INFO] Tower Calibration from CCDB ZPA1 = 1
[155823:zdc-digi-reco]: [22:08:00][INFO] Tower Calibration from CCDB ZPA2 = 1
[155823:zdc-digi-reco]: [22:08:00][INFO] Tower Calibration from CCDB ZPA3 = 1
[155823:zdc-digi-reco]: [22:08:00][INFO] Tower Calibration from CCDB ZPA4 = 1
[155823:zdc-digi-reco]: [22:08:00][INFO] Tower Calibration from CCDB ZNC1 = 1
[155823:zdc-digi-reco]: [22:08:00][INFO] Tower Calibration from CCDB ZNC2 = 1
[155823:zdc-digi-reco]: [22:08:00][INFO] Tower Calibration from CCDB ZNC3 = 1
[155823:zdc-digi-reco]: [22:08:00][INFO] Tower Calibration from CCDB ZNC4 = 1
[155823:zdc-digi-reco]: [22:08:00][INFO] Tower Calibration from CCDB ZPC1 = 1
[155823:zdc-digi-reco]: [22:08:00][INFO] Tower Calibration from CCDB ZPC2 = 1
[155823:zdc-digi-reco]: [22:08:00][INFO] Tower Calibration from CCDB ZPC3 = 1
[155823:zdc-digi-reco]: [22:08:00][INFO] Tower Calibration from CCDB ZPC4 = 1
[155823:zdc-digi-reco]: [22:08:00][INFO] Tower Calibration from CCDB ZEM2 = 1
[155823:zdc-digi-reco]: [22:08:00][INFO] Tower Energy Calibration set to ZEM2 = 1
[155823:zdc-digi-reco]: [22:08:00][WARN] ZNAC OLD Baseline = -inf OUT OF RANGE
[155823:zdc-digi-reco]: [22:08:00][WARN] ZNA1 OLD Baseline = -inf OUT OF RANGE
[155823:zdc-digi-reco]: [22:08:00][WARN] ZNA2 OLD Baseline = -inf OUT OF RANGE
[155823:zdc-digi-reco]: [22:08:00][WARN] ZNA3 OLD Baseline = -inf OUT OF RANGE
[155823:zdc-digi-reco]: [22:08:00][WARN] ZNA4 OLD Baseline = -inf OUT OF RANGE
[155823:zdc-digi-reco]: [22:08:00][WARN] ZNAS OLD Baseline = -inf OUT OF RANGE
[155823:zdc-digi-reco]: [22:08:00][WARN] ZPAC OLD Baseline = -inf OUT OF RANGE
[155823:zdc-digi-reco]: [22:08:00][WARN] ZPA1 OLD Baseline = -inf OUT OF RANGE
[155823:zdc-digi-reco]: [22:08:00][WARN] ZPA2 OLD Baseline = -inf OUT OF RANGE
[155823:zdc-digi-reco]: [22:08:00][WARN] ZPA3 OLD Baseline = -inf OUT OF RANGE
[155823:zdc-digi-reco]: [22:08:00][WARN] ZPA4 OLD Baseline = -inf OUT OF RANGE
[155823:zdc-digi-reco]: [22:08:00][WARN] ZPAS OLD Baseline = -inf OUT OF RANGE
[155823:zdc-digi-reco]: [22:08:00][WARN] ZEM1 OLD Baseline = -inf OUT OF RANGE
[155823:zdc-digi-reco]: [22:08:00][WARN] ZEM2 OLD Baseline = -inf OUT OF RANGE
[155823:zdc-digi-reco]: [22:08:00][WARN] ZNCC OLD Baseline = -inf OUT OF RANGE
[155823:zdc-digi-reco]: [22:08:00][WARN] ZNC1 OLD Baseline = -inf OUT OF RANGE
[155823:zdc-digi-reco]: [22:08:00][WARN] ZNC2 OLD Baseline = -inf OUT OF RANGE
[155823:zdc-digi-reco]: [22:08:00][WARN] ZNC3 OLD Baseline = -inf OUT OF RANGE
[155823:zdc-digi-reco]: [22:08:00][WARN] ZNC4 OLD Baseline = -inf OUT OF RANGE
[155823:zdc-digi-reco]: [22:08:00][WARN] ZNCS OLD Baseline = -inf OUT OF RANGE
[155823:zdc-digi-reco]: [22:08:00][WARN] ZPCC OLD Baseline = -inf OUT OF RANGE
[155823:zdc-digi-reco]: [22:08:00][WARN] ZPC1 OLD Baseline = -inf OUT OF RANGE
[155823:zdc-digi-reco]: [22:08:00][WARN] ZPC2 OLD Baseline = -inf OUT OF RANGE
[155823:zdc-digi-reco]: [22:08:00][WARN] ZPC3 OLD Baseline = -inf OUT OF RANGE
[155823:zdc-digi-reco]: [22:08:00][WARN] ZPC4 OLD Baseline = -inf OUT OF RANGE
[155823:zdc-digi-reco]: [22:08:00][WARN] ZPCS OLD Baseline = -inf OUT OF RANGE
[155823:zdc-digi-reco]: [22:08:00][INFO] 156 BC 1368 CH 3 OD -> Reconstructed 206 signal TDCs and 453 ZDC energies and 4 info messages in 78/156 b.c. and 0 waveform chunks
[155823:zdc-digi-reco]: [22:08:00][INFO] ZDC Reconstruction total timing: Cpu: 1.000e-02 Real: 1.528e-02 s in 1 slots
[155823:zdc-digi-reco]: [22:08:00][INFO] Sending end-of-stream message to channel from_zdc-digi-reco_to_zdc-calib-baseline-epn
[155823:zdc-digi-reco]: [22:08:00][INFO] Sending end-of-stream message to channel from_zdc-digi-reco_to_ZDCRecoWriter
[155824:zdc-calib-baseline-epn]: [22:08:00][INFO] Run number changed to 300000
[155824:zdc-calib-baseline-epn]: [22:08:01][INFO] Caching in 139827766134592 ptr to ZDC/MODULECONFIG/0 (0x4b75750)
[155824:zdc-calib-baseline-epn]: [22:08:01][INFO] ZDC EPN Baseline calibration total timing: Cpu: 1.000e-02 Real: 2.388e-03 s in 1 slots
[155824:zdc-calib-baseline-epn]: [22:08:01][INFO] Sending end-of-stream message to channel from_zdc-calib-baseline-epn_to_internal-dpl-injected-dummy-sink
[INFO] Quitting
[INFO] QUIT_REQUESTED
[155820:internal-dpl-clock]: [22:08:01][INFO] Received device shutdown request (signal 15).
[155820:internal-dpl-clock]: [22:08:01][INFO] Waiting for graceful device shutdown. Hit Ctrl-C again to abort immediately.
[155822:internal-dpl-ccdb-backend]: [22:08:01][INFO] Received device shutdown request (signal 15).
[155822:internal-dpl-ccdb-backend]: [22:08:01][INFO] Waiting for graceful device shutdown. Hit Ctrl-C again to abort immediately.
[155824:zdc-calib-baseline-epn]: [22:08:01][INFO] Received device shutdown request (signal 15).
[155824:zdc-calib-baseline-epn]: [22:08:01][INFO] Waiting for graceful device shutdown. Hit Ctrl-C again to abort immediately.
[155825:ZDCRecoWriter]: [22:08:01][INFO] Received device shutdown request (signal 15).
[155825:ZDCRecoWriter]: [22:08:01][INFO] Waiting for graceful device shutdown. Hit Ctrl-C again to abort immediately.
[155826:internal-dpl-injected-dummy-sink]: [22:08:01][INFO] Received device shutdown request (signal 15).
[155826:internal-dpl-injected-dummy-sink]: [22:08:01][INFO] Waiting for graceful device shutdown. Hit Ctrl-C again to abort immediately.
[155821:zdc-digit-reader]: [22:08:01][INFO] Received device shutdown request (signal 15).
[155821:zdc-digit-reader]: [22:08:01][INFO] Waiting for graceful device shutdown. Hit Ctrl-C again to abort immediately.
[155824:zdc-calib-baseline-epn]: [22:08:01][INFO] New state requested. No timeout set, quitting immediately as per --completion-policy
[155824:zdc-calib-baseline-epn]: [22:08:01][STATE] RUNNING ---> READY
[155824:zdc-calib-baseline-epn]: [22:08:01][STATE] READY ---> RESETTING TASK
[155824:zdc-calib-baseline-epn]: [22:08:01][STATE] RESETTING TASK ---> DEVICE READY
[155824:zdc-calib-baseline-epn]: [22:08:01][STATE] DEVICE READY ---> RESETTING DEVICE
[155820:internal-dpl-clock]: [22:08:01][INFO] New state requested. No timeout set, quitting immediately as per --completion-policy
[155820:internal-dpl-clock]: [22:08:01][STATE] RUNNING ---> READY
[155820:internal-dpl-clock]: [22:08:01][STATE] READY ---> RESETTING TASK
[155820:internal-dpl-clock]: [22:08:01][STATE] RESETTING TASK ---> DEVICE READY
[155820:internal-dpl-clock]: [22:08:01][STATE] DEVICE READY ---> RESETTING DEVICE
[155821:zdc-digit-reader]: [22:08:01][INFO] New state requested. No timeout set, quitting immediately as per --completion-policy
[155821:zdc-digit-reader]: [22:08:01][STATE] RUNNING ---> READY
[155822:internal-dpl-ccdb-backend]: [22:08:01][INFO] New state requested. No timeout set, quitting immediately as per --completion-policy
[155822:internal-dpl-ccdb-backend]: [22:08:01][INFO] CCDB cache miss/hit ratio:
[155822:internal-dpl-ccdb-backend]: [22:08:01][INFO]   ZDC/Calib/TowerCalib: 1/0 (2048-2048 bytes)
[155822:internal-dpl-ccdb-backend]: [22:08:01][INFO]   ZDC/Calib/TDCCorr: 1/0 (30720-30720 bytes)
[155822:internal-dpl-ccdb-backend]: [22:08:01][INFO]   ZDC/Calib/TDCCalib: 1/0 (1024-1024 bytes)
[155822:internal-dpl-ccdb-backend]: [22:08:01][INFO]   ZDC/Calib/RecoConfigZDC: 1/0 (2048-2048 bytes)
[155822:internal-dpl-ccdb-backend]: [22:08:01][INFO]   ZDC/Config/Module: 1/0 (2048-2048 bytes)
[155822:internal-dpl-ccdb-backend]: [22:08:01][INFO]   ZDC/Calib/BaselineCalib: 1/0 (2048-2048 bytes)
[155822:internal-dpl-ccdb-backend]: [22:08:01][INFO]   ZDC/Calib/EnergyCalib: 1/0 (1024-1024 bytes)
[155822:internal-dpl-ccdb-backend]: [22:08:01][INFO]   CTP/Calib/OrbitReset: 1/1 (1024-1024 bytes)
[155822:internal-dpl-ccdb-backend]: [22:08:01][STATE] RUNNING ---> READY
[155825:ZDCRecoWriter]: [22:08:01][INFO] New state requested. No timeout set, quitting immediately as per --completion-policy
[155826:internal-dpl-injected-dummy-sink]: [22:08:01][INFO] New state requested. No timeout set, quitting immediately as per --completion-policy
[155821:zdc-digit-reader]: [22:08:01][STATE] READY ---> RESETTING TASK
[155822:internal-dpl-ccdb-backend]: [22:08:01][STATE] READY ---> RESETTING TASK
[155822:internal-dpl-ccdb-backend]: [22:08:01][STATE] RESETTING TASK ---> DEVICE READY
[155826:internal-dpl-injected-dummy-sink]: [22:08:01][STATE] RUNNING ---> READY
[155821:zdc-digit-reader]: [22:08:01][STATE] RESETTING TASK ---> DEVICE READY
[155822:internal-dpl-ccdb-backend]: [22:08:01][STATE] DEVICE READY ---> RESETTING DEVICE
[155821:zdc-digit-reader]: [22:08:01][STATE] DEVICE READY ---> RESETTING DEVICE
[155826:internal-dpl-injected-dummy-sink]: [22:08:01][STATE] READY ---> RESETTING TASK
[155826:internal-dpl-injected-dummy-sink]: [22:08:01][STATE] RESETTING TASK ---> DEVICE READY
[155826:internal-dpl-injected-dummy-sink]: [22:08:01][STATE] DEVICE READY ---> RESETTING DEVICE
[155820:internal-dpl-clock]: [22:08:01][STATE] RESETTING DEVICE ---> IDLE
[155820:internal-dpl-clock]: [22:08:01][STATE] IDLE ---> EXITING
[155820:internal-dpl-clock]: [22:08:01][STATE] Exiting FairMQ state machine
[155822:internal-dpl-ccdb-backend]: [22:08:01][STATE] RESETTING DEVICE ---> IDLE
[155826:internal-dpl-injected-dummy-sink]: [22:08:01][STATE] RESETTING DEVICE ---> IDLE
[155821:zdc-digit-reader]: [22:08:01][STATE] RESETTING DEVICE ---> IDLE
[155822:internal-dpl-ccdb-backend]: [22:08:01][STATE] IDLE ---> EXITING
[155822:internal-dpl-ccdb-backend]: [22:08:01][STATE] Exiting FairMQ state machine
[155826:internal-dpl-injected-dummy-sink]: [22:08:01][STATE] IDLE ---> EXITING
[155826:internal-dpl-injected-dummy-sink]: [22:08:01][STATE] Exiting FairMQ state machine
[155824:zdc-calib-baseline-epn]: [22:08:01][STATE] RESETTING DEVICE ---> IDLE
[155824:zdc-calib-baseline-epn]: [22:08:01][STATE] IDLE ---> EXITING
[155824:zdc-calib-baseline-epn]: [22:08:01][STATE] Exiting FairMQ state machine
[155821:zdc-digit-reader]: [22:08:01][STATE] IDLE ---> EXITING
[155821:zdc-digit-reader]: [22:08:01][STATE] Exiting FairMQ state machine
[155823:zdc-digi-reco]: [22:08:01][INFO] Received device shutdown request (signal 15).
[155823:zdc-digi-reco]: [22:08:01][INFO] Waiting for graceful device shutdown. Hit Ctrl-C again to abort immediately.
[155823:zdc-digi-reco]: [22:08:01][INFO] New state requested. No timeout set, quitting immediately as per --completion-policy
[155823:zdc-digi-reco]: [22:08:01][STATE] RUNNING ---> READY
[155823:zdc-digi-reco]: [22:08:01][STATE] READY ---> RESETTING TASK
[155823:zdc-digi-reco]: [22:08:01][STATE] RESETTING TASK ---> DEVICE READY
[155823:zdc-digi-reco]: [22:08:01][STATE] DEVICE READY ---> RESETTING DEVICE
[155823:zdc-digi-reco]: [22:08:01][STATE] RESETTING DEVICE ---> IDLE
[155823:zdc-digi-reco]: [22:08:01][STATE] IDLE ---> EXITING
[155823:zdc-digi-reco]: [22:08:01][STATE] Exiting FairMQ state machine
[155825:ZDCRecoWriter]: [22:08:01][STATE] RUNNING ---> READY
[155825:ZDCRecoWriter]: [22:08:01][STATE] READY ---> RESETTING TASK
[155825:ZDCRecoWriter]: [22:08:01][STATE] RESETTING TASK ---> DEVICE READY
[155825:ZDCRecoWriter]: [22:08:01][STATE] DEVICE READY ---> RESETTING DEVICE
[155825:ZDCRecoWriter]: [22:08:01][INFO] Cleaning up for shared memory id 'c366d905'...
[155825:ZDCRecoWriter]: [22:08:01][INFO] Found 0 unmanaged regions...
[155825:ZDCRecoWriter]: [22:08:01][INFO] Found 1 managed segments...
[155825:ZDCRecoWriter]: [22:08:01][INFO] Successfully removed 'fmq_c366d905_m_0'.
[155825:ZDCRecoWriter]: [22:08:01][INFO] Successfully removed 'fmq_c366d905_mng'.
[155825:ZDCRecoWriter]: [22:08:01][STATE] RESETTING DEVICE ---> IDLE
[155825:ZDCRecoWriter]: [22:08:01][STATE] IDLE ---> EXITING
[155825:ZDCRecoWriter]: [22:08:01][STATE] Exiting FairMQ state machine
[INFO] ## Processes completed. Run summary:
[INFO] ### Devices started: 7
[INFO]  - Device internal-dpl-clock: pid 155820 (exit 0)
[INFO]  - Device zdc-digit-reader: pid 155821 (exit 0)
[INFO]  - Device internal-dpl-ccdb-backend: pid 155822 (exit 0)
[INFO]  - Device zdc-digi-reco: pid 155823 (exit 0)
[INFO]  - Device zdc-calib-baseline-epn: pid 155824 (exit 0)
[INFO]  - Device ZDCRecoWriter: pid 155825 (exit 0)
[INFO]  - Device internal-dpl-injected-dummy-sink: pid 155826 (exit 0)
[INFO] Dumping used configuration in dpl-config.json
TASK-EXIT-CODE: 0
