Running: TIME="#walltime %e" /usr/bin/time --output=emcreco.log_time ./emcreco.log_tmp.sh
[INFO] Initialising O2 Data Processing Layer. Driver PID: 22429.
[INFO] Driver listening on port: 30509
[INFO] Rate limiting set up at 500MB distributed over 1 readers
[INFO] O2 Data Processing Layer initialised. We brake for nobody.
[INFO] Optimised build. O2DEBUG / LOG(debug) / LOGF(debug) / assert statement will not be shown.
[INFO] Redeployment of configuration asked.
[INFO] Starting internal-dpl-clock on pid 22469
[INFO] Starting emcal-digit-reader on pid 22470
[INFO] Starting EMCALCellConverterSpec on pid 22471
[INFO] Starting emcal-cells-writer on pid 22472
[INFO] Redeployment of configuration done.
[22471:EMCALCellConverterSpec]: [INFO] Instrumenting crash signals
[22470:emcal-digit-reader]: [INFO] Instrumenting crash signals
[22471:EMCALCellConverterSpec]: [INFO] Spawing new device EMCALCellConverterSpec in process with pid 22471
[22470:emcal-digit-reader]: [INFO] Spawing new device emcal-digit-reader in process with pid 22470
[22471:EMCALCellConverterSpec]: [17:41:20][INFO] 
[22471:EMCALCellConverterSpec]:       ______      _    _______  _________ 
[22471:EMCALCellConverterSpec]:      / ____/___ _(_)_______   |/  /_  __ \    version 1.6.0
[22471:EMCALCellConverterSpec]:     / /_  / __ `/ / ___/__  /|_/ /_  / / /    build RELWITHDEBINFO
[22471:EMCALCellConverterSpec]:    / __/ / /_/ / / /    _  /  / / / /_/ /     https://github.com/FairRootGroup/FairMQ
[22471:EMCALCellConverterSpec]:   /_/    \__,_/_/_/     /_/  /_/  \___\_\     LGPL-3.0  © 2012-2023 GSI
[22471:EMCALCellConverterSpec]: 
[22471:EMCALCellConverterSpec]: [17:41:20][STATE] Starting FairMQ state machine --> IDLE
[22470:emcal-digit-reader]: [17:41:20][INFO] 
[22470:emcal-digit-reader]:       ______      _    _______  _________ 
[22470:emcal-digit-reader]:      / ____/___ _(_)_______   |/  /_  __ \    version 1.6.0
[22470:emcal-digit-reader]:     / /_  / __ `/ / ___/__  /|_/ /_  / / /    build RELWITHDEBINFO
[22470:emcal-digit-reader]:    / __/ / /_/ / / /    _  /  / / / /_/ /     https://github.com/FairRootGroup/FairMQ
[22470:emcal-digit-reader]:   /_/    \__,_/_/_/     /_/  /_/  \___\_\     LGPL-3.0  © 2012-2023 GSI
[22470:emcal-digit-reader]: 
[22470:emcal-digit-reader]: [17:41:20][STATE] Starting FairMQ state machine --> IDLE
[22470:emcal-digit-reader]: [17:41:20][STATE] IDLE ---> INITIALIZING DEVICE
[22471:EMCALCellConverterSpec]: [17:41:20][STATE] IDLE ---> INITIALIZING DEVICE
[22471:EMCALCellConverterSpec]: [17:41:20][INFO] o2::emcal::Geometry::GetInstanceFromRunNumber() - Initialized geometry with name <<EMCAL_COMPLETE12SMV1_DCAL_8SM>>
[22471:EMCALCellConverterSpec]: [17:41:20][INFO] Using gamma2 raw fitter
[22471:EMCALCellConverterSpec]: [17:41:20][STATE] INITIALIZING DEVICE ---> INITIALIZED
[22471:EMCALCellConverterSpec]: [17:41:20][STATE] INITIALIZED ---> BINDING
[22471:EMCALCellConverterSpec]: [17:41:20][STATE] BINDING ---> BOUND
[22471:EMCALCellConverterSpec]: [17:41:20][STATE] BOUND ---> CONNECTING
[22471:EMCALCellConverterSpec]: [17:41:20][STATE] CONNECTING ---> DEVICE READY
[22471:EMCALCellConverterSpec]: [17:41:20][STATE] DEVICE READY ---> INITIALIZING TASK
[22471:EMCALCellConverterSpec]: [17:41:20][STATE] INITIALIZING TASK ---> READY
[22471:EMCALCellConverterSpec]: [17:41:20][STATE] READY ---> RUNNING
[22471:EMCALCellConverterSpec]: [17:41:20][INFO] fair::mq::Device running...
[22471:EMCALCellConverterSpec]: [17:41:20][INFO] LHCPeriod is not available, using current month SEP
[22471:EMCALCellConverterSpec]: [17:41:20][INFO] Correctly handshaken websocket connection.
[22469:internal-dpl-clock]: [INFO] Instrumenting crash signals
[22469:internal-dpl-clock]: [INFO] Spawing new device internal-dpl-clock in process with pid 22469
[22469:internal-dpl-clock]: [17:41:20][INFO] 
[22469:internal-dpl-clock]:       ______      _    _______  _________ 
[22469:internal-dpl-clock]:      / ____/___ _(_)_______   |/  /_  __ \    version 1.6.0
[22469:internal-dpl-clock]:     / /_  / __ `/ / ___/__  /|_/ /_  / / /    build RELWITHDEBINFO
[22469:internal-dpl-clock]:    / __/ / /_/ / / /    _  /  / / / /_/ /     https://github.com/FairRootGroup/FairMQ
[22469:internal-dpl-clock]:   /_/    \__,_/_/_/     /_/  /_/  \___\_\     LGPL-3.0  © 2012-2023 GSI
[22469:internal-dpl-clock]: 
[22469:internal-dpl-clock]: [17:41:20][STATE] Starting FairMQ state machine --> IDLE
[22469:internal-dpl-clock]: [17:41:20][STATE] IDLE ---> INITIALIZING DEVICE
[22469:internal-dpl-clock]: [17:41:20][STATE] INITIALIZING DEVICE ---> INITIALIZED
[22469:internal-dpl-clock]: [17:41:20][STATE] INITIALIZED ---> BINDING
[22469:internal-dpl-clock]: [17:41:20][STATE] BINDING ---> BOUND
[22469:internal-dpl-clock]: [17:41:20][STATE] BOUND ---> CONNECTING
[22469:internal-dpl-clock]: [17:41:20][STATE] CONNECTING ---> DEVICE READY
[22469:internal-dpl-clock]: [17:41:20][STATE] DEVICE READY ---> INITIALIZING TASK
[22469:internal-dpl-clock]: [17:41:20][STATE] INITIALIZING TASK ---> READY
[22469:internal-dpl-clock]: [17:41:20][STATE] READY ---> RUNNING
[22469:internal-dpl-clock]: [17:41:20][INFO] fair::mq::Device running...
[22469:internal-dpl-clock]: [17:41:20][INFO] LHCPeriod is not available, using current month SEP
[22469:internal-dpl-clock]: [17:41:20][INFO] Correctly handshaken websocket connection.
[22472:emcal-cells-writer]: [INFO] Instrumenting crash signals
[22472:emcal-cells-writer]: [INFO] Spawing new device emcal-cells-writer in process with pid 22472
[22472:emcal-cells-writer]: [17:41:20][INFO] 
[22472:emcal-cells-writer]:       ______      _    _______  _________ 
[22472:emcal-cells-writer]:      / ____/___ _(_)_______   |/  /_  __ \    version 1.6.0
[22472:emcal-cells-writer]:     / /_  / __ `/ / ___/__  /|_/ /_  / / /    build RELWITHDEBINFO
[22472:emcal-cells-writer]:    / __/ / /_/ / / /    _  /  / / / /_/ /     https://github.com/FairRootGroup/FairMQ
[22472:emcal-cells-writer]:   /_/    \__,_/_/_/     /_/  /_/  \___\_\     LGPL-3.0  © 2012-2023 GSI
[22472:emcal-cells-writer]: 
[22472:emcal-cells-writer]: [17:41:20][STATE] Starting FairMQ state machine --> IDLE
[22472:emcal-cells-writer]: [17:41:20][STATE] IDLE ---> INITIALIZING DEVICE
[22472:emcal-cells-writer]: [17:41:20][INFO] 0: branch  EMCALCell set up
[22472:emcal-cells-writer]: [17:41:20][INFO] 1: branch  EMCALCellTRGR set up
[22472:emcal-cells-writer]: [17:41:20][INFO] 2: branch  EMCALCellMCTruth set up
[22472:emcal-cells-writer]: [17:41:20][STATE] INITIALIZING DEVICE ---> INITIALIZED
[22472:emcal-cells-writer]: [17:41:20][STATE] INITIALIZED ---> BINDING
[22472:emcal-cells-writer]: [17:41:20][STATE] BINDING ---> BOUND
[22472:emcal-cells-writer]: [17:41:20][STATE] BOUND ---> CONNECTING
[22472:emcal-cells-writer]: [17:41:20][STATE] CONNECTING ---> DEVICE READY
[22472:emcal-cells-writer]: [17:41:20][STATE] DEVICE READY ---> INITIALIZING TASK
[22472:emcal-cells-writer]: [17:41:20][STATE] INITIALIZING TASK ---> READY
[22472:emcal-cells-writer]: [17:41:20][STATE] READY ---> RUNNING
[22472:emcal-cells-writer]: [17:41:20][INFO] fair::mq::Device running...
[22472:emcal-cells-writer]: [17:41:20][INFO] LHCPeriod is not available, using current month SEP
[22472:emcal-cells-writer]: [17:41:20][INFO] Correctly handshaken websocket connection.
[22470:emcal-digit-reader]: [17:41:20][INFO] branch set up: EMCALDigitMCTruth
[22470:emcal-digit-reader]: [17:41:20][INFO] branch set up: EMCALDigit
[22470:emcal-digit-reader]: [17:41:20][INFO] branch set up: EMCALDigitTRGR
[22470:emcal-digit-reader]: [17:41:20][STATE] INITIALIZING DEVICE ---> INITIALIZED
[22470:emcal-digit-reader]: [17:41:20][STATE] INITIALIZED ---> BINDING
[22470:emcal-digit-reader]: [17:41:20][STATE] BINDING ---> BOUND
[22470:emcal-digit-reader]: [17:41:20][STATE] BOUND ---> CONNECTING
[22470:emcal-digit-reader]: [17:41:20][STATE] CONNECTING ---> DEVICE READY
[22470:emcal-digit-reader]: [17:41:20][STATE] DEVICE READY ---> INITIALIZING TASK
[22470:emcal-digit-reader]: [17:41:20][STATE] INITIALIZING TASK ---> READY
[22470:emcal-digit-reader]: [17:41:20][STATE] READY ---> RUNNING
[22470:emcal-digit-reader]: [17:41:20][INFO] fair::mq::Device running...
[22470:emcal-digit-reader]: [17:41:20][INFO] LHCPeriod is not available, using current month SEP
[22470:emcal-digit-reader]: [17:41:20][INFO] Correctly handshaken websocket connection.
[22470:emcal-digit-reader]: [17:41:20][INFO] Sending end-of-stream message to channel from_emcal-digit-reader_to_EMCALCellConverterSpec
[22471:EMCALCellConverterSpec]: [17:41:20][INFO] Sending end-of-stream message to channel from_EMCALCellConverterSpec_to_emcal-cells-writer
[22472:emcal-cells-writer]: [17:41:20][ERROR] Some Lifetime::Timeframe data got dropped starting at 1
[INFO] Quitting
[INFO] QUIT_REQUESTED
[22470:emcal-digit-reader]: [17:41:20][INFO] Received device shutdown request (signal 15).
[22470:emcal-digit-reader]: [17:41:20][INFO] Waiting for graceful device shutdown. Hit Ctrl-C again to abort immediately.
[22470:emcal-digit-reader]: [17:41:20][INFO] New state requested. No timeout set, quitting immediately as per --completion-policy
[22470:emcal-digit-reader]: [17:41:20][STATE] RUNNING ---> READY
[22470:emcal-digit-reader]: [17:41:20][STATE] READY ---> RESETTING TASK
[22470:emcal-digit-reader]: [17:41:20][STATE] RESETTING TASK ---> DEVICE READY
[22470:emcal-digit-reader]: [17:41:20][STATE] DEVICE READY ---> RESETTING DEVICE
[22470:emcal-digit-reader]: [17:41:20][STATE] RESETTING DEVICE ---> IDLE
[22470:emcal-digit-reader]: [17:41:20][STATE] IDLE ---> EXITING
[22470:emcal-digit-reader]: [17:41:20][STATE] Exiting FairMQ state machine
[22469:internal-dpl-clock]: [17:41:20][INFO] Received device shutdown request (signal 15).
[22469:internal-dpl-clock]: [17:41:20][INFO] Waiting for graceful device shutdown. Hit Ctrl-C again to abort immediately.
[22469:internal-dpl-clock]: [17:41:20][INFO] New state requested. No timeout set, quitting immediately as per --completion-policy
[22472:emcal-cells-writer]: [17:41:20][INFO] Received device shutdown request (signal 15).
[22472:emcal-cells-writer]: [17:41:20][INFO] Waiting for graceful device shutdown. Hit Ctrl-C again to abort immediately.
[22472:emcal-cells-writer]: [17:41:20][INFO] New state requested. No timeout set, quitting immediately as per --completion-policy
[22471:EMCALCellConverterSpec]: [17:41:20][INFO] Received device shutdown request (signal 15).
[22471:EMCALCellConverterSpec]: [17:41:20][INFO] Waiting for graceful device shutdown. Hit Ctrl-C again to abort immediately.
[22471:EMCALCellConverterSpec]: [17:41:20][INFO] New state requested. No timeout set, quitting immediately as per --completion-policy
[22471:EMCALCellConverterSpec]: [17:41:20][STATE] RUNNING ---> READY
[22471:EMCALCellConverterSpec]: [17:41:20][STATE] READY ---> RESETTING TASK
[22471:EMCALCellConverterSpec]: [17:41:20][STATE] RESETTING TASK ---> DEVICE READY
[22471:EMCALCellConverterSpec]: [17:41:20][STATE] DEVICE READY ---> RESETTING DEVICE
[22471:EMCALCellConverterSpec]: [17:41:20][STATE] RESETTING DEVICE ---> IDLE
[22471:EMCALCellConverterSpec]: [17:41:20][STATE] IDLE ---> EXITING
[22471:EMCALCellConverterSpec]: [17:41:20][STATE] Exiting FairMQ state machine
[22469:internal-dpl-clock]: [17:41:20][INFO] Sending end-of-stream message to channel from_internal-dpl-clock_to_emcal-digit-reader
[22469:internal-dpl-clock]: [17:41:20][STATE] RUNNING ---> READY
[22469:internal-dpl-clock]: [17:41:20][STATE] READY ---> RESETTING TASK
[22469:internal-dpl-clock]: [17:41:20][STATE] RESETTING TASK ---> DEVICE READY
[22469:internal-dpl-clock]: [17:41:20][STATE] DEVICE READY ---> RESETTING DEVICE
[22469:internal-dpl-clock]: [17:41:20][STATE] RESETTING DEVICE ---> IDLE
[22469:internal-dpl-clock]: [17:41:20][STATE] IDLE ---> EXITING
[22469:internal-dpl-clock]: [17:41:20][STATE] Exiting FairMQ state machine
[22472:emcal-cells-writer]: [17:41:20][STATE] RUNNING ---> READY
[22472:emcal-cells-writer]: [17:41:20][STATE] READY ---> RESETTING TASK
[22472:emcal-cells-writer]: [17:41:20][STATE] RESETTING TASK ---> DEVICE READY
[22472:emcal-cells-writer]: [17:41:20][STATE] DEVICE READY ---> RESETTING DEVICE
[22472:emcal-cells-writer]: [17:41:20][INFO] Cleaning up for shared memory id '406d64db'...
[22472:emcal-cells-writer]: [17:41:20][INFO] Found 0 unmanaged regions...
[22472:emcal-cells-writer]: [17:41:20][INFO] Found 1 managed segments...
[22472:emcal-cells-writer]: [17:41:20][INFO] Successfully removed 'fmq_406d64db_m_0'.
[22472:emcal-cells-writer]: [17:41:20][INFO] Successfully removed 'fmq_406d64db_mng'.
[22472:emcal-cells-writer]: [17:41:20][STATE] RESETTING DEVICE ---> IDLE
[22472:emcal-cells-writer]: [17:41:20][STATE] IDLE ---> EXITING
[22472:emcal-cells-writer]: [17:41:20][STATE] Exiting FairMQ state machine
[INFO] ## Processes completed. Run summary:
[INFO] ### Devices started: 4
[INFO]  - Device internal-dpl-clock: pid 22469 (exit 0)
[INFO]  - Device emcal-digit-reader: pid 22470 (exit 0)
[INFO]  - Device EMCALCellConverterSpec: pid 22471 (exit 0)
[INFO]  - Device emcal-cells-writer: pid 22472 (exit 0)
[INFO] Dumping used configuration in dpl-config.json
TASK-EXIT-CODE: 0
