Running: TIME="#walltime %e" /usr/bin/time --output=fv0reco.log_time ./fv0reco.log_tmp.sh
[INFO] WorkflowSpec defineDataProcessing
[INFO] WorkflowSpec getRecoWorkflow useMC 1
[INFO] Currently Reconstruction does not consume and provide MC truth
[INFO] Initialising O2 Data Processing Layer. Driver PID: 15498.
[INFO] Driver listening on port: 23578
[INFO] Rate limiting set up at 500MB distributed over 1 readers
[INFO] O2 Data Processing Layer initialised. We brake for nobody.
[INFO] Optimised build. O2DEBUG / LOG(debug) / LOGF(debug) / assert statement will not be shown.
[INFO] Redeployment of configuration asked.
[INFO] Starting internal-dpl-clock on pid 15553
[INFO] Starting fv0-digit-reader on pid 15554
[INFO] Starting internal-dpl-ccdb-backend on pid 15555
[INFO] Starting fv0-reconstructor on pid 15556
[INFO] Starting fv0-recpoint-writer on pid 15557
[INFO] Starting internal-dpl-injected-dummy-sink on pid 15558
[INFO] Redeployment of configuration done.
[15554:fv0-digit-reader]: [INFO] WorkflowSpec defineDataProcessing
[15555:internal-dpl-ccdb-backend]: [INFO] WorkflowSpec defineDataProcessing
[15557:fv0-recpoint-writer]: [INFO] WorkflowSpec defineDataProcessing
[15553:internal-dpl-clock]: [INFO] WorkflowSpec defineDataProcessing
[15556:fv0-reconstructor]: [INFO] WorkflowSpec defineDataProcessing
[15558:internal-dpl-injected-dummy-sink]: [INFO] WorkflowSpec defineDataProcessing
[15554:fv0-digit-reader]: [INFO] WorkflowSpec getRecoWorkflow useMC 1
[15554:fv0-digit-reader]: [INFO] Currently Reconstruction does not consume and provide MC truth
[15556:fv0-reconstructor]: [INFO] WorkflowSpec getRecoWorkflow useMC 1
[15556:fv0-reconstructor]: [INFO] Currently Reconstruction does not consume and provide MC truth
[15554:fv0-digit-reader]: [INFO] Instrumenting crash signals
[15554:fv0-digit-reader]: [INFO] Spawing new device fv0-digit-reader in process with pid 15554
[15554:fv0-digit-reader]: [17:40:00][INFO] 
[15554:fv0-digit-reader]:       ______      _    _______  _________ 
[15554:fv0-digit-reader]:      / ____/___ _(_)_______   |/  /_  __ \    version 1.6.0
[15554:fv0-digit-reader]:     / /_  / __ `/ / ___/__  /|_/ /_  / / /    build RELWITHDEBINFO
[15554:fv0-digit-reader]:    / __/ / /_/ / / /    _  /  / / / /_/ /     https://github.com/FairRootGroup/FairMQ
[15554:fv0-digit-reader]:   /_/    \__,_/_/_/     /_/  /_/  \___\_\     LGPL-3.0  © 2012-2023 GSI
[15554:fv0-digit-reader]: 
[15554:fv0-digit-reader]: [17:40:00][STATE] Starting FairMQ state machine --> IDLE
[15555:internal-dpl-ccdb-backend]: [INFO] WorkflowSpec getRecoWorkflow useMC 1
[15555:internal-dpl-ccdb-backend]: [INFO] Currently Reconstruction does not consume and provide MC truth
[15557:fv0-recpoint-writer]: [INFO] WorkflowSpec getRecoWorkflow useMC 1
[15557:fv0-recpoint-writer]: [INFO] Currently Reconstruction does not consume and provide MC truth
[15553:internal-dpl-clock]: [INFO] WorkflowSpec getRecoWorkflow useMC 1
[15553:internal-dpl-clock]: [INFO] Currently Reconstruction does not consume and provide MC truth
[15554:fv0-digit-reader]: [17:40:00][STATE] IDLE ---> INITIALIZING DEVICE
[15555:internal-dpl-ccdb-backend]: [INFO] Instrumenting crash signals
[15555:internal-dpl-ccdb-backend]: [INFO] Spawing new device internal-dpl-ccdb-backend in process with pid 15555
[15556:fv0-reconstructor]: [INFO] Instrumenting crash signals
[15557:fv0-recpoint-writer]: [INFO] Instrumenting crash signals
[15557:fv0-recpoint-writer]: [INFO] Spawing new device fv0-recpoint-writer in process with pid 15557
[15557:fv0-recpoint-writer]: [17:40:00][INFO] 
[15557:fv0-recpoint-writer]:       ______      _    _______  _________ 
[15557:fv0-recpoint-writer]:      / ____/___ _(_)_______   |/  /_  __ \    version 1.6.0
[15557:fv0-recpoint-writer]:     / /_  / __ `/ / ___/__  /|_/ /_  / / /    build RELWITHDEBINFO
[15557:fv0-recpoint-writer]:    / __/ / /_/ / / /    _  /  / / / /_/ /     https://github.com/FairRootGroup/FairMQ
[15557:fv0-recpoint-writer]:   /_/    \__,_/_/_/     /_/  /_/  \___\_\     LGPL-3.0  © 2012-2023 GSI
[15557:fv0-recpoint-writer]: 
[15557:fv0-recpoint-writer]: [17:40:00][STATE] Starting FairMQ state machine --> IDLE
[15556:fv0-reconstructor]: [INFO] Spawing new device fv0-reconstructor in process with pid 15556
[15555:internal-dpl-ccdb-backend]: [17:40:00][INFO] 
[15555:internal-dpl-ccdb-backend]:       ______      _    _______  _________ 
[15555:internal-dpl-ccdb-backend]:      / ____/___ _(_)_______   |/  /_  __ \    version 1.6.0
[15555:internal-dpl-ccdb-backend]:     / /_  / __ `/ / ___/__  /|_/ /_  / / /    build RELWITHDEBINFO
[15555:internal-dpl-ccdb-backend]:    / __/ / /_/ / / /    _  /  / / / /_/ /     https://github.com/FairRootGroup/FairMQ
[15555:internal-dpl-ccdb-backend]:   /_/    \__,_/_/_/     /_/  /_/  \___\_\     LGPL-3.0  © 2012-2023 GSI
[15555:internal-dpl-ccdb-backend]: 
[15555:internal-dpl-ccdb-backend]: [17:40:00][STATE] Starting FairMQ state machine --> IDLE
[15556:fv0-reconstructor]: [17:40:00][INFO] 
[15556:fv0-reconstructor]:       ______      _    _______  _________ 
[15556:fv0-reconstructor]:      / ____/___ _(_)_______   |/  /_  __ \    version 1.6.0
[15556:fv0-reconstructor]:     / /_  / __ `/ / ___/__  /|_/ /_  / / /    build RELWITHDEBINFO
[15556:fv0-reconstructor]:    / __/ / /_/ / / /    _  /  / / / /_/ /     https://github.com/FairRootGroup/FairMQ
[15556:fv0-reconstructor]:   /_/    \__,_/_/_/     /_/  /_/  \___\_\     LGPL-3.0  © 2012-2023 GSI
[15556:fv0-reconstructor]: 
[15556:fv0-reconstructor]: [17:40:00][STATE] Starting FairMQ state machine --> IDLE
[15557:fv0-recpoint-writer]: [17:40:00][STATE] IDLE ---> INITIALIZING DEVICE
[15555:internal-dpl-ccdb-backend]: [17:40:00][STATE] IDLE ---> INITIALIZING DEVICE
[15556:fv0-reconstructor]: [17:40:00][STATE] IDLE ---> INITIALIZING DEVICE
[15556:fv0-reconstructor]: [17:40:00][INFO] ReconstructionDPL::init
[15555:internal-dpl-ccdb-backend]: [17:40:00][INFO] CCDB Backend at: http://alice-ccdb.cern.ch, validity check for every 2147483647 TF
[15555:internal-dpl-ccdb-backend]: [17:40:00][INFO] Init CcdApi with UserAgentID: localhost.localdomain-1694014800-L9VbRR, Host: http://alice-ccdb.cern.ch
[15555:internal-dpl-ccdb-backend]: [17:40:00][INFO] Initialised default CCDB host http://alice-ccdb.cern.ch
[15555:internal-dpl-ccdb-backend]: [17:40:00][INFO] The following route is a condition FV0/TimeOffset/0
[15555:internal-dpl-ccdb-backend]: [17:40:00][INFO] - ccdb-path: FV0/Calib/ChannelTimeOffset
[15556:fv0-reconstructor]: [17:40:00][STATE] INITIALIZING DEVICE ---> INITIALIZED
[15556:fv0-reconstructor]: [17:40:00][STATE] INITIALIZED ---> BINDING
[15556:fv0-reconstructor]: [17:40:00][STATE] BINDING ---> BOUND
[15556:fv0-reconstructor]: [17:40:00][STATE] BOUND ---> CONNECTING
[15556:fv0-reconstructor]: [17:40:00][STATE] CONNECTING ---> DEVICE READY
[15556:fv0-reconstructor]: [17:40:00][STATE] DEVICE READY ---> INITIALIZING TASK
[15555:internal-dpl-ccdb-backend]: [17:40:00][STATE] INITIALIZING DEVICE ---> INITIALIZED
[15555:internal-dpl-ccdb-backend]: [17:40:00][STATE] INITIALIZED ---> BINDING
[15556:fv0-reconstructor]: [17:40:00][STATE] INITIALIZING TASK ---> READY
[15556:fv0-reconstructor]: [17:40:00][STATE] READY ---> RUNNING
[15556:fv0-reconstructor]: [17:40:00][INFO] fair::mq::Device running...
[15556:fv0-reconstructor]: [17:40:00][INFO] LHCPeriod is not available, using current month SEP
[15555:internal-dpl-ccdb-backend]: [17:40:00][STATE] BINDING ---> BOUND
[15555:internal-dpl-ccdb-backend]: [17:40:00][STATE] BOUND ---> CONNECTING
[15555:internal-dpl-ccdb-backend]: [17:40:00][STATE] CONNECTING ---> DEVICE READY
[15555:internal-dpl-ccdb-backend]: [17:40:00][STATE] DEVICE READY ---> INITIALIZING TASK
[15553:internal-dpl-clock]: [INFO] Instrumenting crash signals
[15553:internal-dpl-clock]: [INFO] Spawing new device internal-dpl-clock in process with pid 15553
[15553:internal-dpl-clock]: [17:40:00][INFO] 
[15553:internal-dpl-clock]:       ______      _    _______  _________ 
[15553:internal-dpl-clock]:      / ____/___ _(_)_______   |/  /_  __ \    version 1.6.0
[15553:internal-dpl-clock]:     / /_  / __ `/ / ___/__  /|_/ /_  / / /    build RELWITHDEBINFO
[15553:internal-dpl-clock]:    / __/ / /_/ / / /    _  /  / / / /_/ /     https://github.com/FairRootGroup/FairMQ
[15553:internal-dpl-clock]:   /_/    \__,_/_/_/     /_/  /_/  \___\_\     LGPL-3.0  © 2012-2023 GSI
[15553:internal-dpl-clock]: 
[15553:internal-dpl-clock]: [17:40:00][STATE] Starting FairMQ state machine --> IDLE
[15556:fv0-reconstructor]: [17:40:00][INFO] Correctly handshaken websocket connection.
[15557:fv0-recpoint-writer]: [17:40:00][INFO] 0: branch  FV0Cluster set up
[15557:fv0-recpoint-writer]: [17:40:00][INFO] 1: branch  FV0RecChData set up
[15557:fv0-recpoint-writer]: [17:40:00][STATE] INITIALIZING DEVICE ---> INITIALIZED
[15555:internal-dpl-ccdb-backend]: [17:40:00][STATE] INITIALIZING TASK ---> READY
[15555:internal-dpl-ccdb-backend]: [17:40:00][STATE] READY ---> RUNNING
[15555:internal-dpl-ccdb-backend]: [17:40:00][INFO] fair::mq::Device running...
[15555:internal-dpl-ccdb-backend]: [17:40:00][INFO] LHCPeriod is not available, using current month SEP
[15555:internal-dpl-ccdb-backend]: [17:40:00][INFO] Correctly handshaken websocket connection.
[15553:internal-dpl-clock]: [17:40:00][STATE] IDLE ---> INITIALIZING DEVICE
[15557:fv0-recpoint-writer]: [17:40:00][STATE] INITIALIZED ---> BINDING
[15557:fv0-recpoint-writer]: [17:40:00][STATE] BINDING ---> BOUND
[15557:fv0-recpoint-writer]: [17:40:00][STATE] BOUND ---> CONNECTING
[15553:internal-dpl-clock]: [17:40:00][STATE] INITIALIZING DEVICE ---> INITIALIZED
[15553:internal-dpl-clock]: [17:40:00][STATE] INITIALIZED ---> BINDING
[15557:fv0-recpoint-writer]: [17:40:00][STATE] CONNECTING ---> DEVICE READY
[15557:fv0-recpoint-writer]: [17:40:00][STATE] DEVICE READY ---> INITIALIZING TASK
[15553:internal-dpl-clock]: [17:40:00][STATE] BINDING ---> BOUND
[15557:fv0-recpoint-writer]: [17:40:00][STATE] INITIALIZING TASK ---> READY
[15557:fv0-recpoint-writer]: [17:40:00][STATE] READY ---> RUNNING
[15557:fv0-recpoint-writer]: [17:40:00][INFO] fair::mq::Device running...
[15553:internal-dpl-clock]: [17:40:00][STATE] BOUND ---> CONNECTING
[15553:internal-dpl-clock]: [17:40:00][STATE] CONNECTING ---> DEVICE READY
[15557:fv0-recpoint-writer]: [17:40:00][INFO] LHCPeriod is not available, using current month SEP
[15553:internal-dpl-clock]: [17:40:00][STATE] DEVICE READY ---> INITIALIZING TASK
[15557:fv0-recpoint-writer]: [17:40:00][INFO] Correctly handshaken websocket connection.
[15553:internal-dpl-clock]: [17:40:00][STATE] INITIALIZING TASK ---> READY
[15553:internal-dpl-clock]: [17:40:00][STATE] READY ---> RUNNING
[15553:internal-dpl-clock]: [17:40:00][INFO] fair::mq::Device running...
[15553:internal-dpl-clock]: [17:40:00][INFO] LHCPeriod is not available, using current month SEP
[15553:internal-dpl-clock]: [17:40:00][INFO] Correctly handshaken websocket connection.
[15558:internal-dpl-injected-dummy-sink]: [INFO] WorkflowSpec getRecoWorkflow useMC 1
[15558:internal-dpl-injected-dummy-sink]: [INFO] Currently Reconstruction does not consume and provide MC truth
[15558:internal-dpl-injected-dummy-sink]: [INFO] Instrumenting crash signals
[15558:internal-dpl-injected-dummy-sink]: [INFO] Spawing new device internal-dpl-injected-dummy-sink in process with pid 15558
[15558:internal-dpl-injected-dummy-sink]: [17:40:00][INFO] 
[15558:internal-dpl-injected-dummy-sink]:       ______      _    _______  _________ 
[15558:internal-dpl-injected-dummy-sink]:      / ____/___ _(_)_______   |/  /_  __ \    version 1.6.0
[15558:internal-dpl-injected-dummy-sink]:     / /_  / __ `/ / ___/__  /|_/ /_  / / /    build RELWITHDEBINFO
[15558:internal-dpl-injected-dummy-sink]:    / __/ / /_/ / / /    _  /  / / / /_/ /     https://github.com/FairRootGroup/FairMQ
[15558:internal-dpl-injected-dummy-sink]:   /_/    \__,_/_/_/     /_/  /_/  \___\_\     LGPL-3.0  © 2012-2023 GSI
[15558:internal-dpl-injected-dummy-sink]: 
[15558:internal-dpl-injected-dummy-sink]: [17:40:00][STATE] Starting FairMQ state machine --> IDLE
[15558:internal-dpl-injected-dummy-sink]: [17:40:00][STATE] IDLE ---> INITIALIZING DEVICE
[15558:internal-dpl-injected-dummy-sink]: [17:40:00][STATE] INITIALIZING DEVICE ---> INITIALIZED
[15558:internal-dpl-injected-dummy-sink]: [17:40:00][STATE] INITIALIZED ---> BINDING
[15558:internal-dpl-injected-dummy-sink]: [17:40:00][STATE] BINDING ---> BOUND
[15558:internal-dpl-injected-dummy-sink]: [17:40:00][STATE] BOUND ---> CONNECTING
[15558:internal-dpl-injected-dummy-sink]: [17:40:00][STATE] CONNECTING ---> DEVICE READY
[15558:internal-dpl-injected-dummy-sink]: [17:40:00][STATE] DEVICE READY ---> INITIALIZING TASK
[15558:internal-dpl-injected-dummy-sink]: [17:40:00][STATE] INITIALIZING TASK ---> READY
[15558:internal-dpl-injected-dummy-sink]: [17:40:00][STATE] READY ---> RUNNING
[15558:internal-dpl-injected-dummy-sink]: [17:40:00][INFO] fair::mq::Device running...
[15558:internal-dpl-injected-dummy-sink]: [17:40:00][INFO] LHCPeriod is not available, using current month SEP
[15558:internal-dpl-injected-dummy-sink]: [17:40:00][INFO] Correctly handshaken websocket connection.
[15554:fv0-digit-reader]: [17:40:02][STATE] INITIALIZING DEVICE ---> INITIALIZED
[15554:fv0-digit-reader]: [17:40:02][STATE] INITIALIZED ---> BINDING
[15554:fv0-digit-reader]: [17:40:02][STATE] BINDING ---> BOUND
[15554:fv0-digit-reader]: [17:40:02][STATE] BOUND ---> CONNECTING
[15554:fv0-digit-reader]: [17:40:02][STATE] CONNECTING ---> DEVICE READY
[15554:fv0-digit-reader]: [17:40:02][STATE] DEVICE READY ---> INITIALIZING TASK
[15554:fv0-digit-reader]: [17:40:02][STATE] INITIALIZING TASK ---> READY
[15554:fv0-digit-reader]: [17:40:02][STATE] READY ---> RUNNING
[15554:fv0-digit-reader]: [17:40:02][INFO] fair::mq::Device running...
[15554:fv0-digit-reader]: [17:40:02][INFO] LHCPeriod is not available, using current month SEP
[15554:fv0-digit-reader]: IncrementalExecutor::executeFunction: symbol '_ZN2o211dataformats16MCTruthContainerINS_3fv07MCLabelEE5ClassEv' unresolved while linking [cling interface function]!
[15554:fv0-digit-reader]: You are probably missing the definition of o2::dataformats::MCTruthContainer<o2::fv0::MCLabel>::Class()
[15554:fv0-digit-reader]: Maybe you need to load the corresponding shared library?
[15554:fv0-digit-reader]: [17:40:03][INFO] Sending end-of-stream message to channel from_fv0-digit-reader_to_internal-dpl-ccdb-backend
[15554:fv0-digit-reader]: [17:40:03][INFO] Sending end-of-stream message to channel from_fv0-digit-reader_to_fv0-reconstructor
[15554:fv0-digit-reader]: [17:40:03][INFO] Sending end-of-stream message to channel from_fv0-digit-reader_to_internal-dpl-injected-dummy-sink
[15554:fv0-digit-reader]: [17:40:03][INFO] Correctly handshaken websocket connection.
[15555:internal-dpl-ccdb-backend]: Info in <TJAlienConnectionManager>: Opening connection to JCentral. Please wait
[15555:internal-dpl-ccdb-backend]: Info in <TJAlienConnectionManager>: Opening connection to 137.138.47.222
[15555:internal-dpl-ccdb-backend]: Info in <TJAlienConnectionManager>: Successfully connected to 137.138.47.222
[15555:internal-dpl-ccdb-backend]: Info in <TJAlienFile::Open>: Accessing file /alice/data/CCDB/CTP/Calib/OrbitReset/06/62200/b9f985c3-b4b0-11ec-8fd3-90ce809b24ee in SE <ALICE::CERN::EOS>
[15555:internal-dpl-ccdb-backend]: [17:40:04][INFO] ccdb reads http://alice-ccdb.cern.ch/CTP/Calib/OrbitReset/1546300800000/b9f985c3-b4b0-11ec-8fd3-90ce809b24ee for 1546300800000 (load to memory, agent_id: localhost.localdomain-1694014800-L9VbRR), 
[15555:internal-dpl-ccdb-backend]: Info in <TJAlienFile::Open>: Accessing file /alice/data/CCDB/FV0/Calib/ChannelTimeOffset/10/41581/ea2bed9b-d832-11ec-8eb6-200114580202 in SE <ALICE::CERN::OCDB>
[15555:internal-dpl-ccdb-backend]: [17:40:04][INFO] ccdb reads http://alice-ccdb.cern.ch/FV0/Calib/ChannelTimeOffset/1546300800000/ea2bed9b-d832-11ec-8eb6-200114580202 for 1546300800000 (load to memory, agent_id: localhost.localdomain-1694014800-L9VbRR), 
[15555:internal-dpl-ccdb-backend]: [17:40:04][INFO] Sending end-of-stream message to channel from_internal-dpl-ccdb-backend_to_fv0-reconstructor
[15555:internal-dpl-ccdb-backend]: [17:40:04][INFO] Sending end-of-stream message to channel from_internal-dpl-ccdb-backend_to_internal-dpl-injected-dummy-sink
[15556:fv0-reconstructor]: [17:40:04][INFO] Ignoring MC info
[15556:fv0-reconstructor]: [17:40:04][INFO] Caching in 140065454387360 ptr to FV0/TimeOffset/0 (0x5028fd0)
[15556:fv0-reconstructor]: [17:40:04][INFO] FV0 reconstruction total timing: Cpu: 1.000e-02 Real: 1.253e-02 s in 1 slots
[15556:fv0-reconstructor]: [17:40:04][INFO] Sending end-of-stream message to channel from_fv0-reconstructor_to_fv0-recpoint-writer
[INFO] Quitting
[INFO] QUIT_REQUESTED
[15553:internal-dpl-clock]: [17:40:04][INFO] Received device shutdown request (signal 15).
[15553:internal-dpl-clock]: [17:40:04][INFO] Waiting for graceful device shutdown. Hit Ctrl-C again to abort immediately.
[15554:fv0-digit-reader]: [17:40:04][INFO] Received device shutdown request (signal 15).
[15554:fv0-digit-reader]: [17:40:04][INFO] Waiting for graceful device shutdown. Hit Ctrl-C again to abort immediately.
[15558:internal-dpl-injected-dummy-sink]: [17:40:04][INFO] Received device shutdown request (signal 15).
[15558:internal-dpl-injected-dummy-sink]: [17:40:04][INFO] Waiting for graceful device shutdown. Hit Ctrl-C again to abort immediately.
[15553:internal-dpl-clock]: [17:40:04][INFO] New state requested. No timeout set, quitting immediately as per --completion-policy
[15558:internal-dpl-injected-dummy-sink]: [17:40:04][INFO] New state requested. No timeout set, quitting immediately as per --completion-policy
[15558:internal-dpl-injected-dummy-sink]: [17:40:04][STATE] RUNNING ---> READY
[15553:internal-dpl-clock]: [17:40:04][INFO] Sending end-of-stream message to channel from_internal-dpl-clock_to_fv0-digit-reader
[15553:internal-dpl-clock]: [17:40:04][STATE] RUNNING ---> READY
[15554:fv0-digit-reader]: [17:40:04][INFO] New state requested. No timeout set, quitting immediately as per --completion-policy
[15554:fv0-digit-reader]: [17:40:04][STATE] RUNNING ---> READY
[15553:internal-dpl-clock]: [17:40:04][STATE] READY ---> RESETTING TASK
[15553:internal-dpl-clock]: [17:40:04][STATE] RESETTING TASK ---> DEVICE READY
[15553:internal-dpl-clock]: [17:40:04][STATE] DEVICE READY ---> RESETTING DEVICE
[15558:internal-dpl-injected-dummy-sink]: [17:40:04][STATE] READY ---> RESETTING TASK
[15558:internal-dpl-injected-dummy-sink]: [17:40:04][STATE] RESETTING TASK ---> DEVICE READY
[15558:internal-dpl-injected-dummy-sink]: [17:40:04][STATE] DEVICE READY ---> RESETTING DEVICE
[15554:fv0-digit-reader]: [17:40:04][STATE] READY ---> RESETTING TASK
[15554:fv0-digit-reader]: [17:40:04][STATE] RESETTING TASK ---> DEVICE READY
[15554:fv0-digit-reader]: [17:40:04][STATE] DEVICE READY ---> RESETTING DEVICE
[15555:internal-dpl-ccdb-backend]: [17:40:04][INFO] Received device shutdown request (signal 15).
[15555:internal-dpl-ccdb-backend]: [17:40:04][INFO] Waiting for graceful device shutdown. Hit Ctrl-C again to abort immediately.
[15556:fv0-reconstructor]: [17:40:04][INFO] Received device shutdown request (signal 15).
[15557:fv0-recpoint-writer]: [17:40:04][INFO] Received device shutdown request (signal 15).
[15557:fv0-recpoint-writer]: [17:40:04][INFO] Waiting for graceful device shutdown. Hit Ctrl-C again to abort immediately.
[15556:fv0-reconstructor]: [17:40:04][INFO] Waiting for graceful device shutdown. Hit Ctrl-C again to abort immediately.
[15553:internal-dpl-clock]: [17:40:04][STATE] RESETTING DEVICE ---> IDLE
[15555:internal-dpl-ccdb-backend]: [17:40:04][INFO] New state requested. No timeout set, quitting immediately as per --completion-policy
[15555:internal-dpl-ccdb-backend]: [17:40:04][INFO] CCDB cache miss/hit ratio:
[15555:internal-dpl-ccdb-backend]: [17:40:04][INFO]   FV0/Calib/ChannelTimeOffset: 1/0 (2048-2048 bytes)
[15555:internal-dpl-ccdb-backend]: [17:40:04][INFO]   CTP/Calib/OrbitReset: 1/1 (1024-1024 bytes)
[15555:internal-dpl-ccdb-backend]: [17:40:04][STATE] RUNNING ---> READY
[15557:fv0-recpoint-writer]: [17:40:04][INFO] New state requested. No timeout set, quitting immediately as per --completion-policy
[15555:internal-dpl-ccdb-backend]: [17:40:04][STATE] READY ---> RESETTING TASK
[15553:internal-dpl-clock]: [17:40:04][STATE] IDLE ---> EXITING
[15553:internal-dpl-clock]: [17:40:04][STATE] Exiting FairMQ state machine
[15555:internal-dpl-ccdb-backend]: [17:40:04][STATE] RESETTING TASK ---> DEVICE READY
[15556:fv0-reconstructor]: [17:40:04][INFO] New state requested. No timeout set, quitting immediately as per --completion-policy
[15556:fv0-reconstructor]: [17:40:04][STATE] RUNNING ---> READY
[15556:fv0-reconstructor]: [17:40:04][STATE] READY ---> RESETTING TASK
[15556:fv0-reconstructor]: [17:40:04][STATE] RESETTING TASK ---> DEVICE READY
[15558:internal-dpl-injected-dummy-sink]: [17:40:04][STATE] RESETTING DEVICE ---> IDLE
[15555:internal-dpl-ccdb-backend]: [17:40:04][STATE] DEVICE READY ---> RESETTING DEVICE
[15556:fv0-reconstructor]: [17:40:04][STATE] DEVICE READY ---> RESETTING DEVICE
[15554:fv0-digit-reader]: [17:40:04][STATE] RESETTING DEVICE ---> IDLE
[15558:internal-dpl-injected-dummy-sink]: [17:40:04][STATE] IDLE ---> EXITING
[15554:fv0-digit-reader]: [17:40:04][STATE] IDLE ---> EXITING
[15554:fv0-digit-reader]: [17:40:04][STATE] Exiting FairMQ state machine
[15558:internal-dpl-injected-dummy-sink]: [17:40:04][STATE] Exiting FairMQ state machine
[15555:internal-dpl-ccdb-backend]: [17:40:04][STATE] RESETTING DEVICE ---> IDLE
[15555:internal-dpl-ccdb-backend]: [17:40:04][STATE] IDLE ---> EXITING
[15555:internal-dpl-ccdb-backend]: [17:40:04][STATE] Exiting FairMQ state machine
[15556:fv0-reconstructor]: [17:40:04][STATE] RESETTING DEVICE ---> IDLE
[15556:fv0-reconstructor]: [17:40:04][STATE] IDLE ---> EXITING
[15556:fv0-reconstructor]: [17:40:04][STATE] Exiting FairMQ state machine
[15557:fv0-recpoint-writer]: [17:40:05][STATE] RUNNING ---> READY
[15557:fv0-recpoint-writer]: [17:40:05][STATE] READY ---> RESETTING TASK
[15557:fv0-recpoint-writer]: [17:40:05][STATE] RESETTING TASK ---> DEVICE READY
[15557:fv0-recpoint-writer]: [17:40:05][STATE] DEVICE READY ---> RESETTING DEVICE
[15557:fv0-recpoint-writer]: [17:40:05][INFO] Cleaning up for shared memory id '0625fcc4'...
[15557:fv0-recpoint-writer]: [17:40:05][INFO] Found 0 unmanaged regions...
[15557:fv0-recpoint-writer]: [17:40:05][INFO] Found 1 managed segments...
[15557:fv0-recpoint-writer]: [17:40:05][INFO] Successfully removed 'fmq_0625fcc4_m_0'.
[15557:fv0-recpoint-writer]: [17:40:05][INFO] Successfully removed 'fmq_0625fcc4_mng'.
[15557:fv0-recpoint-writer]: [17:40:05][STATE] RESETTING DEVICE ---> IDLE
[15557:fv0-recpoint-writer]: [17:40:05][STATE] IDLE ---> EXITING
[15557:fv0-recpoint-writer]: [17:40:05][STATE] Exiting FairMQ state machine
[INFO] ## Processes completed. Run summary:
[INFO] ### Devices started: 6
[INFO]  - Device internal-dpl-clock: pid 15553 (exit 0)
[INFO]  - Device fv0-digit-reader: pid 15554 (exit 0)
[INFO]  - Device internal-dpl-ccdb-backend: pid 15555 (exit 0)
[INFO]  - Device fv0-reconstructor: pid 15556 (exit 0)
[INFO]  - Device fv0-recpoint-writer: pid 15557 (exit 0)
[INFO]  - Device internal-dpl-injected-dummy-sink: pid 15558 (exit 0)
[INFO] Dumping used configuration in dpl-config.json
TASK-EXIT-CODE: 0
