Running: TIME="#walltime %e" /usr/bin/time --output=itsreco.log_time ./itsreco.log_tmp.sh
[INFO] Initialising O2 Data Processing Layer. Driver PID: 13001.
[INFO] Driver listening on port: 21081
[INFO] Rate limiting set up at 500MB distributed over 1 readers
[INFO] O2 Data Processing Layer initialised. We brake for nobody.
[INFO] Optimised build. O2DEBUG / LOG(debug) / LOGF(debug) / assert statement will not be shown.
[INFO] Redeployment of configuration asked.
[INFO] Starting internal-dpl-clock on pid 13040
[INFO] Starting its-digit-reader on pid 13041
[INFO] Starting internal-dpl-ccdb-backend on pid 13042
[INFO] Starting its-clusterer on pid 13043
[INFO] Starting its-cluster-writer on pid 13044
[INFO] Starting its-tracker on pid 13045
[INFO] Starting irframe-writer-its on pid 13046
[INFO] Starting its-track-writer on pid 13047
[INFO] Starting internal-dpl-injected-dummy-sink on pid 13048
[INFO] Redeployment of configuration done.
[13043:its-clusterer]: [INFO] Instrumenting crash signals
[13043:its-clusterer]: [INFO] Spawing new device its-clusterer in process with pid 13043
[13043:its-clusterer]: [17:39:34][INFO] 
[13043:its-clusterer]:       ______      _    _______  _________ 
[13043:its-clusterer]:      / ____/___ _(_)_______   |/  /_  __ \    version 1.6.0
[13043:its-clusterer]:     / /_  / __ `/ / ___/__  /|_/ /_  / / /    build RELWITHDEBINFO
[13043:its-clusterer]:    / __/ / /_/ / / /    _  /  / / / /_/ /     https://github.com/FairRootGroup/FairMQ
[13043:its-clusterer]:   /_/    \__,_/_/_/     /_/  /_/  \___\_\     LGPL-3.0  © 2012-2023 GSI
[13043:its-clusterer]: 
[13043:its-clusterer]: [17:39:34][STATE] Starting FairMQ state machine --> IDLE
[13043:its-clusterer]: [17:39:35][STATE] IDLE ---> INITIALIZING DEVICE
[13043:its-clusterer]: [17:39:35][STATE] INITIALIZING DEVICE ---> INITIALIZED
[13043:its-clusterer]: [17:39:35][STATE] INITIALIZED ---> BINDING
[13042:internal-dpl-ccdb-backend]: [INFO] Instrumenting crash signals
[13043:its-clusterer]: [17:39:35][STATE] BINDING ---> BOUND
[13043:its-clusterer]: [17:39:35][STATE] BOUND ---> CONNECTING
[13043:its-clusterer]: [17:39:35][STATE] CONNECTING ---> DEVICE READY
[13043:its-clusterer]: [17:39:35][STATE] DEVICE READY ---> INITIALIZING TASK
[13040:internal-dpl-clock]: [INFO] Instrumenting crash signals
[13040:internal-dpl-clock]: [INFO] Spawing new device internal-dpl-clock in process with pid 13040
[13040:internal-dpl-clock]: [17:39:35][INFO] 
[13040:internal-dpl-clock]:       ______      _    _______  _________ 
[13040:internal-dpl-clock]:      / ____/___ _(_)_______   |/  /_  __ \    version 1.6.0
[13040:internal-dpl-clock]:     / /_  / __ `/ / ___/__  /|_/ /_  / / /    build RELWITHDEBINFO
[13040:internal-dpl-clock]:    / __/ / /_/ / / /    _  /  / / / /_/ /     https://github.com/FairRootGroup/FairMQ
[13040:internal-dpl-clock]:   /_/    \__,_/_/_/     /_/  /_/  \___\_\     LGPL-3.0  © 2012-2023 GSI
[13040:internal-dpl-clock]: 
[13040:internal-dpl-clock]: [17:39:35][STATE] Starting FairMQ state machine --> IDLE
[13042:internal-dpl-ccdb-backend]: [INFO] Spawing new device internal-dpl-ccdb-backend in process with pid 13042
[13042:internal-dpl-ccdb-backend]: [17:39:35][INFO] 
[13042:internal-dpl-ccdb-backend]:       ______      _    _______  _________ 
[13042:internal-dpl-ccdb-backend]:      / ____/___ _(_)_______   |/  /_  __ \    version 1.6.0
[13042:internal-dpl-ccdb-backend]:     / /_  / __ `/ / ___/__  /|_/ /_  / / /    build RELWITHDEBINFO
[13042:internal-dpl-ccdb-backend]:    / __/ / /_/ / / /    _  /  / / / /_/ /     https://github.com/FairRootGroup/FairMQ
[13042:internal-dpl-ccdb-backend]:   /_/    \__,_/_/_/     /_/  /_/  \___\_\     LGPL-3.0  © 2012-2023 GSI
[13042:internal-dpl-ccdb-backend]: 
[13042:internal-dpl-ccdb-backend]: [17:39:35][STATE] Starting FairMQ state machine --> IDLE
[13042:internal-dpl-ccdb-backend]: [17:39:35][STATE] IDLE ---> INITIALIZING DEVICE
[13042:internal-dpl-ccdb-backend]: [17:39:35][INFO] CCDB Backend at: http://alice-ccdb.cern.ch, validity check for every 2147483647 TF
[13042:internal-dpl-ccdb-backend]: [17:39:35][INFO] Init CcdApi with UserAgentID: localhost.localdomain-1694014775-BkZPFa, Host: http://alice-ccdb.cern.ch
[13042:internal-dpl-ccdb-backend]: [17:39:35][INFO] Initialised default CCDB host http://alice-ccdb.cern.ch
[13042:internal-dpl-ccdb-backend]: [17:39:35][INFO] The following route is a condition ITS/CLUSDICT/0
[13042:internal-dpl-ccdb-backend]: [17:39:35][INFO] - ccdb-path: ITS/Calib/ClusterDictionary
[13042:internal-dpl-ccdb-backend]: [17:39:35][INFO] The following route is a condition GLO/GRPECS/0
[13042:internal-dpl-ccdb-backend]: [17:39:35][INFO] - ccdb-path: GLO/Config/GRPECS
[13042:internal-dpl-ccdb-backend]: [17:39:35][INFO] The following route is a condition ITS/ALPIDEPARAM/0
[13042:internal-dpl-ccdb-backend]: [17:39:35][INFO] - ccdb-path: ITS/Config/AlpideParam
[13042:internal-dpl-ccdb-backend]: [17:39:35][INFO] The following route is a condition ITS/CLUSPARAM/0
[13042:internal-dpl-ccdb-backend]: [17:39:35][INFO] - ccdb-path: ITS/Config/ClustererParam
[13042:internal-dpl-ccdb-backend]: [17:39:35][INFO] The following route is a condition GLO/MATLUT/0
[13042:internal-dpl-ccdb-backend]: [17:39:35][INFO] - ccdb-path: GLO/Param/MatLUT
[13042:internal-dpl-ccdb-backend]: [17:39:35][INFO] The following route is a condition GLO/GRPMAGFIELD/0
[13042:internal-dpl-ccdb-backend]: [17:39:35][INFO] - ccdb-path: GLO/Config/GRPMagField
[13042:internal-dpl-ccdb-backend]: [17:39:35][INFO] The following route is a condition GLO/GEOMALIGN/0
[13042:internal-dpl-ccdb-backend]: [17:39:35][INFO] - ccdb-path: GLO/Config/GeometryAligned
[13040:internal-dpl-clock]: [17:39:35][STATE] IDLE ---> INITIALIZING DEVICE
[13040:internal-dpl-clock]: [17:39:35][STATE] INITIALIZING DEVICE ---> INITIALIZED
[13040:internal-dpl-clock]: [17:39:35][STATE] INITIALIZED ---> BINDING
[13042:internal-dpl-ccdb-backend]: [17:39:35][STATE] INITIALIZING DEVICE ---> INITIALIZED
[13042:internal-dpl-ccdb-backend]: [17:39:35][STATE] INITIALIZED ---> BINDING
[13040:internal-dpl-clock]: [17:39:35][STATE] BINDING ---> BOUND
[13040:internal-dpl-clock]: [17:39:35][STATE] BOUND ---> CONNECTING
[13040:internal-dpl-clock]: [17:39:35][STATE] CONNECTING ---> DEVICE READY
[13040:internal-dpl-clock]: [17:39:35][STATE] DEVICE READY ---> INITIALIZING TASK
[13040:internal-dpl-clock]: [17:39:35][STATE] INITIALIZING TASK ---> READY
[13040:internal-dpl-clock]: [17:39:35][STATE] READY ---> RUNNING
[13040:internal-dpl-clock]: [17:39:35][INFO] fair::mq::Device running...
[13040:internal-dpl-clock]: [17:39:35][INFO] LHCPeriod is not available, using current month SEP
[13042:internal-dpl-ccdb-backend]: [17:39:35][STATE] BINDING ---> BOUND
[13042:internal-dpl-ccdb-backend]: [17:39:35][STATE] BOUND ---> CONNECTING
[13042:internal-dpl-ccdb-backend]: [17:39:35][STATE] CONNECTING ---> DEVICE READY
[13042:internal-dpl-ccdb-backend]: [17:39:35][STATE] DEVICE READY ---> INITIALIZING TASK
[13042:internal-dpl-ccdb-backend]: [17:39:35][STATE] INITIALIZING TASK ---> READY
[13042:internal-dpl-ccdb-backend]: [17:39:35][STATE] READY ---> RUNNING
[13042:internal-dpl-ccdb-backend]: [17:39:35][INFO] fair::mq::Device running...
[13042:internal-dpl-ccdb-backend]: [17:39:35][INFO] LHCPeriod is not available, using current month SEP
[13040:internal-dpl-clock]: [17:39:35][INFO] Correctly handshaken websocket connection.
[13042:internal-dpl-ccdb-backend]: [17:39:35][INFO] Correctly handshaken websocket connection.
[13043:its-clusterer]: [17:39:35][STATE] INITIALIZING TASK ---> READY
[13043:its-clusterer]: [17:39:35][STATE] READY ---> RUNNING
[13043:its-clusterer]: [17:39:35][INFO] fair::mq::Device running...
[13043:its-clusterer]: [17:39:35][INFO] LHCPeriod is not available, using current month SEP
[13043:its-clusterer]: [17:39:35][INFO] Correctly handshaken websocket connection.
[13046:irframe-writer-its]: [INFO] Instrumenting crash signals
[13046:irframe-writer-its]: [INFO] Spawing new device irframe-writer-its in process with pid 13046
[13046:irframe-writer-its]: [17:39:35][INFO] 
[13046:irframe-writer-its]:       ______      _    _______  _________ 
[13046:irframe-writer-its]:      / ____/___ _(_)_______   |/  /_  __ \    version 1.6.0
[13046:irframe-writer-its]:     / /_  / __ `/ / ___/__  /|_/ /_  / / /    build RELWITHDEBINFO
[13046:irframe-writer-its]:    / __/ / /_/ / / /    _  /  / / / /_/ /     https://github.com/FairRootGroup/FairMQ
[13046:irframe-writer-its]:   /_/    \__,_/_/_/     /_/  /_/  \___\_\     LGPL-3.0  © 2012-2023 GSI
[13046:irframe-writer-its]: 
[13046:irframe-writer-its]: [17:39:35][STATE] Starting FairMQ state machine --> IDLE
[13046:irframe-writer-its]: [17:39:35][STATE] IDLE ---> INITIALIZING DEVICE
[13046:irframe-writer-its]: [17:39:35][INFO] 0: branch  IRFrames set up
[13046:irframe-writer-its]: [17:39:35][STATE] INITIALIZING DEVICE ---> INITIALIZED
[13041:its-digit-reader]: [INFO] Instrumenting crash signals
[13041:its-digit-reader]: [INFO] Spawing new device its-digit-reader in process with pid 13041
[13041:its-digit-reader]: [17:39:35][INFO] 
[13041:its-digit-reader]:       ______      _    _______  _________ 
[13041:its-digit-reader]:      / ____/___ _(_)_______   |/  /_  __ \    version 1.6.0
[13041:its-digit-reader]:     / /_  / __ `/ / ___/__  /|_/ /_  / / /    build RELWITHDEBINFO
[13041:its-digit-reader]:    / __/ / /_/ / / /    _  /  / / / /_/ /     https://github.com/FairRootGroup/FairMQ
[13041:its-digit-reader]:   /_/    \__,_/_/_/     /_/  /_/  \___\_\     LGPL-3.0  © 2012-2023 GSI
[13041:its-digit-reader]: 
[13041:its-digit-reader]: [17:39:35][STATE] Starting FairMQ state machine --> IDLE
[13046:irframe-writer-its]: [17:39:35][STATE] INITIALIZED ---> BINDING
[13046:irframe-writer-its]: [17:39:35][STATE] BINDING ---> BOUND
[13046:irframe-writer-its]: [17:39:35][STATE] BOUND ---> CONNECTING
[13048:internal-dpl-injected-dummy-sink]: [INFO] Instrumenting crash signals
[13048:internal-dpl-injected-dummy-sink]: [INFO] Spawing new device internal-dpl-injected-dummy-sink in process with pid 13048
[13048:internal-dpl-injected-dummy-sink]: [17:39:35][INFO] 
[13048:internal-dpl-injected-dummy-sink]:       ______      _    _______  _________ 
[13048:internal-dpl-injected-dummy-sink]:      / ____/___ _(_)_______   |/  /_  __ \    version 1.6.0
[13048:internal-dpl-injected-dummy-sink]:     / /_  / __ `/ / ___/__  /|_/ /_  / / /    build RELWITHDEBINFO
[13048:internal-dpl-injected-dummy-sink]:    / __/ / /_/ / / /    _  /  / / / /_/ /     https://github.com/FairRootGroup/FairMQ
[13048:internal-dpl-injected-dummy-sink]:   /_/    \__,_/_/_/     /_/  /_/  \___\_\     LGPL-3.0  © 2012-2023 GSI
[13048:internal-dpl-injected-dummy-sink]: 
[13048:internal-dpl-injected-dummy-sink]: [17:39:35][STATE] Starting FairMQ state machine --> IDLE
[13048:internal-dpl-injected-dummy-sink]: [17:39:35][STATE] IDLE ---> INITIALIZING DEVICE
[13041:its-digit-reader]: [17:39:35][STATE] IDLE ---> INITIALIZING DEVICE
[13046:irframe-writer-its]: [17:39:35][STATE] CONNECTING ---> DEVICE READY
[13046:irframe-writer-its]: [17:39:35][STATE] DEVICE READY ---> INITIALIZING TASK
[13046:irframe-writer-its]: [17:39:35][STATE] INITIALIZING TASK ---> READY
[13046:irframe-writer-its]: [17:39:35][STATE] READY ---> RUNNING
[13046:irframe-writer-its]: [17:39:35][INFO] fair::mq::Device running...
[13046:irframe-writer-its]: [17:39:35][INFO] LHCPeriod is not available, using current month SEP
[13046:irframe-writer-its]: [17:39:35][INFO] Correctly handshaken websocket connection.
[13048:internal-dpl-injected-dummy-sink]: [17:39:35][STATE] INITIALIZING DEVICE ---> INITIALIZED
[13048:internal-dpl-injected-dummy-sink]: [17:39:35][STATE] INITIALIZED ---> BINDING
[13048:internal-dpl-injected-dummy-sink]: [17:39:35][STATE] BINDING ---> BOUND
[13048:internal-dpl-injected-dummy-sink]: [17:39:35][STATE] BOUND ---> CONNECTING
[13048:internal-dpl-injected-dummy-sink]: [17:39:35][STATE] CONNECTING ---> DEVICE READY
[13048:internal-dpl-injected-dummy-sink]: [17:39:35][STATE] DEVICE READY ---> INITIALIZING TASK
[13048:internal-dpl-injected-dummy-sink]: [17:39:35][STATE] INITIALIZING TASK ---> READY
[13048:internal-dpl-injected-dummy-sink]: [17:39:35][STATE] READY ---> RUNNING
[13048:internal-dpl-injected-dummy-sink]: [17:39:35][INFO] fair::mq::Device running...
[13048:internal-dpl-injected-dummy-sink]: [17:39:35][INFO] LHCPeriod is not available, using current month SEP
[13048:internal-dpl-injected-dummy-sink]: [17:39:35][INFO] Correctly handshaken websocket connection.
[13044:its-cluster-writer]: [INFO] Instrumenting crash signals
[13044:its-cluster-writer]: [INFO] Spawing new device its-cluster-writer in process with pid 13044
[13044:its-cluster-writer]: [17:39:35][INFO] 
[13044:its-cluster-writer]:       ______      _    _______  _________ 
[13044:its-cluster-writer]:      / ____/___ _(_)_______   |/  /_  __ \    version 1.6.0
[13044:its-cluster-writer]:     / /_  / __ `/ / ___/__  /|_/ /_  / / /    build RELWITHDEBINFO
[13044:its-cluster-writer]:    / __/ / /_/ / / /    _  /  / / / /_/ /     https://github.com/FairRootGroup/FairMQ
[13044:its-cluster-writer]:   /_/    \__,_/_/_/     /_/  /_/  \___\_\     LGPL-3.0  © 2012-2023 GSI
[13044:its-cluster-writer]: 
[13044:its-cluster-writer]: [17:39:35][STATE] Starting FairMQ state machine --> IDLE
[13044:its-cluster-writer]: [17:39:35][STATE] IDLE ---> INITIALIZING DEVICE
[13044:its-cluster-writer]: [17:39:35][INFO] 0: branch  ITSClusterComp set up
[13044:its-cluster-writer]: [17:39:35][INFO] 1: branch  ITSClusterPatt set up
[13044:its-cluster-writer]: [17:39:35][INFO] 2: branch  ITSClustersROF set up
[13044:its-cluster-writer]: [17:39:35][INFO] 3: branch  ITSClusterMCTruth set up
[13044:its-cluster-writer]: [17:39:35][INFO] 4: branch  ITSClustersMC2ROF set up
[13044:its-cluster-writer]: [17:39:35][STATE] INITIALIZING DEVICE ---> INITIALIZED
[13044:its-cluster-writer]: [17:39:35][STATE] INITIALIZED ---> BINDING
[13044:its-cluster-writer]: [17:39:35][STATE] BINDING ---> BOUND
[13044:its-cluster-writer]: [17:39:35][STATE] BOUND ---> CONNECTING
[13044:its-cluster-writer]: [17:39:35][STATE] CONNECTING ---> DEVICE READY
[13044:its-cluster-writer]: [17:39:35][STATE] DEVICE READY ---> INITIALIZING TASK
[13044:its-cluster-writer]: [17:39:35][STATE] INITIALIZING TASK ---> READY
[13044:its-cluster-writer]: [17:39:35][STATE] READY ---> RUNNING
[13044:its-cluster-writer]: [17:39:35][INFO] fair::mq::Device running...
[13044:its-cluster-writer]: [17:39:35][INFO] LHCPeriod is not available, using current month SEP
[13044:its-cluster-writer]: [17:39:35][INFO] Correctly handshaken websocket connection.
[13045:its-tracker]: [INFO] Instrumenting crash signals
[13045:its-tracker]: [INFO] Spawing new device its-tracker in process with pid 13045
[13045:its-tracker]: [17:39:35][INFO] 
[13045:its-tracker]:       ______      _    _______  _________ 
[13045:its-tracker]:      / ____/___ _(_)_______   |/  /_  __ \    version 1.6.0
[13045:its-tracker]:     / /_  / __ `/ / ___/__  /|_/ /_  / / /    build RELWITHDEBINFO
[13045:its-tracker]:    / __/ / /_/ / / /    _  /  / / / /_/ /     https://github.com/FairRootGroup/FairMQ
[13045:its-tracker]:   /_/    \__,_/_/_/     /_/  /_/  \___\_\     LGPL-3.0  © 2012-2023 GSI
[13045:its-tracker]: 
[13045:its-tracker]: [17:39:35][STATE] Starting FairMQ state machine --> IDLE
[13045:its-tracker]: [17:39:35][STATE] IDLE ---> INITIALIZING DEVICE
[13045:its-tracker]: [17:39:35][INFO] Created GPUReconstruction instance for device type CPU (1) 
[13045:its-tracker]: [17:39:35][INFO] Initializing tracker in async. phase reconstruction with 3 passes
[13045:its-tracker]: [17:39:35][STATE] INITIALIZING DEVICE ---> INITIALIZED
[13045:its-tracker]: [17:39:35][STATE] INITIALIZED ---> BINDING
[13045:its-tracker]: [17:39:35][STATE] BINDING ---> BOUND
[13045:its-tracker]: [17:39:35][STATE] BOUND ---> CONNECTING
[13045:its-tracker]: [17:39:35][STATE] CONNECTING ---> DEVICE READY
[13045:its-tracker]: [17:39:35][STATE] DEVICE READY ---> INITIALIZING TASK
[13045:its-tracker]: [17:39:35][STATE] INITIALIZING TASK ---> READY
[13045:its-tracker]: [17:39:35][STATE] READY ---> RUNNING
[13045:its-tracker]: [17:39:35][INFO] fair::mq::Device running...
[13045:its-tracker]: [17:39:35][INFO] LHCPeriod is not available, using current month SEP
[13045:its-tracker]: [17:39:35][INFO] Correctly handshaken websocket connection.
[13047:its-track-writer]: [INFO] Instrumenting crash signals
[13047:its-track-writer]: [INFO] Spawing new device its-track-writer in process with pid 13047
[13047:its-track-writer]: [17:39:35][INFO] 
[13047:its-track-writer]:       ______      _    _______  _________ 
[13047:its-track-writer]:      / ____/___ _(_)_______   |/  /_  __ \    version 1.6.0
[13047:its-track-writer]:     / /_  / __ `/ / ___/__  /|_/ /_  / / /    build RELWITHDEBINFO
[13047:its-track-writer]:    / __/ / /_/ / / /    _  /  / / / /_/ /     https://github.com/FairRootGroup/FairMQ
[13047:its-track-writer]:   /_/    \__,_/_/_/     /_/  /_/  \___\_\     LGPL-3.0  © 2012-2023 GSI
[13047:its-track-writer]: 
[13047:its-track-writer]: [17:39:35][STATE] Starting FairMQ state machine --> IDLE
[13047:its-track-writer]: [17:39:35][STATE] IDLE ---> INITIALIZING DEVICE
[13047:its-track-writer]: [17:39:35][INFO] 0: branch  ITSTrack set up
[13047:its-track-writer]: [17:39:35][INFO] 1: branch  ITSTrackClusIdx set up
[13047:its-track-writer]: [17:39:35][INFO] 2: branch  Vertices set up
[13047:its-track-writer]: [17:39:35][INFO] 3: branch  VerticesROF set up
[13047:its-track-writer]: [17:39:35][INFO] 4: branch  ITSTracksROF set up
[13047:its-track-writer]: [17:39:35][INFO] 5: branch  ITSTrackMCTruth set up
[13047:its-track-writer]: [17:39:35][INFO] 6: branch  ITSVertexMCTruth set up
[13047:its-track-writer]: [17:39:35][INFO] 7: branch  ITSTracksMC2ROF set up
[13047:its-track-writer]: [17:39:35][STATE] INITIALIZING DEVICE ---> INITIALIZED
[13047:its-track-writer]: [17:39:35][STATE] INITIALIZED ---> BINDING
[13047:its-track-writer]: [17:39:35][STATE] BINDING ---> BOUND
[13047:its-track-writer]: [17:39:35][STATE] BOUND ---> CONNECTING
[13047:its-track-writer]: [17:39:35][STATE] CONNECTING ---> DEVICE READY
[13047:its-track-writer]: [17:39:35][STATE] DEVICE READY ---> INITIALIZING TASK
[13047:its-track-writer]: [17:39:35][STATE] INITIALIZING TASK ---> READY
[13047:its-track-writer]: [17:39:35][STATE] READY ---> RUNNING
[13047:its-track-writer]: [17:39:35][INFO] fair::mq::Device running...
[13047:its-track-writer]: [17:39:35][INFO] LHCPeriod is not available, using current month SEP
[13047:its-track-writer]: [17:39:35][INFO] Correctly handshaken websocket connection.
[13041:its-digit-reader]: [17:39:35][INFO] Loaded tree from itsdigits.root with 1 entries
[13041:its-digit-reader]: [17:39:35][STATE] INITIALIZING DEVICE ---> INITIALIZED
[13041:its-digit-reader]: [17:39:35][STATE] INITIALIZED ---> BINDING
[13041:its-digit-reader]: [17:39:35][STATE] BINDING ---> BOUND
[13041:its-digit-reader]: [17:39:35][STATE] BOUND ---> CONNECTING
[13041:its-digit-reader]: [17:39:35][STATE] CONNECTING ---> DEVICE READY
[13041:its-digit-reader]: [17:39:35][STATE] DEVICE READY ---> INITIALIZING TASK
[13041:its-digit-reader]: [17:39:35][STATE] INITIALIZING TASK ---> READY
[13041:its-digit-reader]: [17:39:35][STATE] READY ---> RUNNING
[13041:its-digit-reader]: [17:39:35][INFO] fair::mq::Device running...
[13041:its-digit-reader]: [17:39:35][INFO] LHCPeriod is not available, using current month SEP
[13041:its-digit-reader]: [17:39:35][INFO] ITSDigitReader pushes 49 ROFRecords, 31884 digits at entry 0
[13041:its-digit-reader]: [17:39:36][INFO] Sending end-of-stream message to channel from_its-digit-reader_to_internal-dpl-ccdb-backend
[13041:its-digit-reader]: [17:39:36][INFO] Sending end-of-stream message to channel from_its-digit-reader_to_its-clusterer
[13041:its-digit-reader]: [17:39:36][INFO] Sending end-of-stream message to channel from_its-digit-reader_to_internal-dpl-injected-dummy-sink
[13041:its-digit-reader]: [17:39:36][INFO] Correctly handshaken websocket connection.
[13042:internal-dpl-ccdb-backend]: Info in <TJAlienConnectionManager>: Opening connection to JCentral. Please wait
[13042:internal-dpl-ccdb-backend]: Info in <TJAlienConnectionManager>: Opening connection to 137.138.99.179
[13042:internal-dpl-ccdb-backend]: Info in <TJAlienConnectionManager>: Successfully connected to 137.138.99.179
[13042:internal-dpl-ccdb-backend]: Info in <TJAlienFile::Open>: Accessing file /alice/data/CCDB/CTP/Calib/OrbitReset/06/62200/b9f985c3-b4b0-11ec-8fd3-90ce809b24ee in SE <ALICE::CERN::EOS>
[13042:internal-dpl-ccdb-backend]: [17:39:37][INFO] ccdb reads http://alice-ccdb.cern.ch/CTP/Calib/OrbitReset/1546300800000/b9f985c3-b4b0-11ec-8fd3-90ce809b24ee for 1546300800000 (load to memory, agent_id: localhost.localdomain-1694014775-BkZPFa), 
[13042:internal-dpl-ccdb-backend]: Info in <TJAlienFile::Open>: Accessing file /alice/data/CCDB/ITS/Calib/ClusterDictionary/09/10449/c245a720-9fe3-11ec-975c-200114580202 in SE <ALICE::CERN::OCDB>
[13042:internal-dpl-ccdb-backend]: [17:39:37][INFO] ccdb reads http://alice-ccdb.cern.ch/ITS/Calib/ClusterDictionary/0/c245a720-9fe3-11ec-975c-200114580202 for 1546300800000 (load to memory, agent_id: localhost.localdomain-1694014775-BkZPFa), 
[13042:internal-dpl-ccdb-backend]: Info in <TJAlienFile::Open>: Accessing file /alice/data/CCDB/GLO/Config/GRPECS/03/07584/646e9be2-0210-11ed-8000-200114580202 in SE <ALICE::CERN::OCDB>
[13042:internal-dpl-ccdb-backend]: [17:39:37][INFO] ccdb reads http://alice-ccdb.cern.ch/GLO/Config/GRPECS/1546300800000/646e9be2-0210-11ed-8000-200114580202 for 1546300800000 (load to memory, agent_id: localhost.localdomain-1694014775-BkZPFa), 
[13042:internal-dpl-ccdb-backend]: Info in <TJAlienFile::Open>: Accessing file /alice/data/CCDB/ITS/Config/AlpideParam/02/10715/76f24ad5-e339-11ec-9e90-200114580204 in SE <ALICE::CERN::OCDB>
[13042:internal-dpl-ccdb-backend]: [17:39:37][INFO] ccdb reads http://alice-ccdb.cern.ch/ITS/Config/AlpideParam/1546300800000/76f24ad5-e339-11ec-9e90-200114580204 for 1546300800000 (load to memory, agent_id: localhost.localdomain-1694014775-BkZPFa), 
[13042:internal-dpl-ccdb-backend]: Info in <TJAlienFile::Open>: Accessing file /alice/data/CCDB/ITS/Config/ClustererParam/06/44918/b0c41285-f1ae-11ec-b9c0-2a010e0a0b16 in SE <ALICE::CERN::OCDB>
[13042:internal-dpl-ccdb-backend]: [17:39:37][INFO] ccdb reads http://alice-ccdb.cern.ch/ITS/Config/ClustererParam/1/b0c41285-f1ae-11ec-b9c0-2a010e0a0b16 for 1546300800000 (load to memory, agent_id: localhost.localdomain-1694014775-BkZPFa), 
[13042:internal-dpl-ccdb-backend]: Info in <TJAlienFile::Open>: Accessing file /alice/data/CCDB/GLO/Param/MatLUT/05/24630/d5a2a33e-dba4-11ec-9e90-2a010e0a0b16 in SE <ALICE::CERN::OCDB>
[13042:internal-dpl-ccdb-backend]: [17:39:37][INFO] ccdb reads http://alice-ccdb.cern.ch/GLO/Param/MatLUT/1546300800000/d5a2a33e-dba4-11ec-9e90-2a010e0a0b16 for 1546300800000 (load to memory, agent_id: localhost.localdomain-1694014775-BkZPFa), 
[13042:internal-dpl-ccdb-backend]: Info in <TJAlienFile::Open>: Accessing file /alice/data/CCDB/GLO/Config/GRPMagField/06/62924/01d633ab-efdf-11ec-841e-2a010e0a0b16 in SE <ALICE::CERN::OCDB>
[13042:internal-dpl-ccdb-backend]: [17:39:37][INFO] ccdb reads http://alice-ccdb.cern.ch/GLO/Config/GRPMagField/1546300800000/01d633ab-efdf-11ec-841e-2a010e0a0b16 for 1546300800000 (load to memory, agent_id: localhost.localdomain-1694014775-BkZPFa), 
[13042:internal-dpl-ccdb-backend]: Info in <TJAlienFile::Open>: Accessing file /alice/data/CCDB/GLO/Config/GeometryAligned/06/21224/787687c0-287a-11ed-8141-200114580202 in SE <ALICE::CERN::OCDB>
[13042:internal-dpl-ccdb-backend]: [17:39:37][INFO] ccdb reads http://alice-ccdb.cern.ch/GLO/Config/GeometryAligned/1546300800000/787687c0-287a-11ed-8141-200114580202 for 1546300800000 (load to memory, agent_id: localhost.localdomain-1694014775-BkZPFa), 
[13042:internal-dpl-ccdb-backend]: [17:39:37][INFO] Sending end-of-stream message to channel from_internal-dpl-ccdb-backend_to_its-clusterer
[13042:internal-dpl-ccdb-backend]: [17:39:37][INFO] Sending end-of-stream message to channel from_internal-dpl-ccdb-backend_to_its-tracker
[13042:internal-dpl-ccdb-backend]: [17:39:37][INFO] Sending end-of-stream message to channel from_internal-dpl-ccdb-backend_to_internal-dpl-injected-dummy-sink
[13043:its-clusterer]: [17:39:37][INFO] GRP ECS object updated
[13043:its-clusterer]: [17:39:37][INFO] Caching in 140703149635616 ptr to GLO/GRPECS/0 (0x4c7f840)
[13043:its-clusterer]: [17:39:37][INFO] cluster dictionary updated
[13043:its-clusterer]: [17:39:37][INFO] Caching in 140703149607744 ptr to ITS/CLUSDICT/0 (0x6cc86a0)
[13043:its-clusterer]: [17:39:37][INFO] Alpide param updated
[13043:its-clusterer]: ITSAlpideParam.roFrameLengthInBC : 198		[ CCDB ]
[13043:its-clusterer]: ITSAlpideParam.roFrameLengthTrig : 6000		[ CCDB ]
[13043:its-clusterer]: ITSAlpideParam.strobeDelay : 99.8031		[ CCDB ]
[13043:its-clusterer]: ITSAlpideParam.strobeLengthCont : -1		[ CCDB ]
[13043:its-clusterer]: ITSAlpideParam.strobeLengthTrig : 100		[ CCDB ]
[13043:its-clusterer]: ITSAlpideParam.roFrameBiasInBC : 64		[ CCDB ]
[13043:its-clusterer]: [17:39:37][INFO] Caching in 140703149637888 ptr to ITS/ALPIDEPARAM/0 (0x7ffa7f178860)
[13043:its-clusterer]: [17:39:37][INFO] Cluster param updated
[13043:its-clusterer]: ITSClustererParam.maxRowColDiffToMask : 1		[ CCDB ]
[13043:its-clusterer]: ITSClustererParam.maxBCDiffToMaskBias : 10		[ CCDB ]
[13043:its-clusterer]: ITSClustererParam.maxBCDiffToSquashBias : -10		[ CCDB ]
[13043:its-clusterer]: ITSClustererParam.maxSOTMUS : 8		[ CCDB ]
[13043:its-clusterer]: [17:39:37][INFO] Caching in 140703149640160 ptr to ITS/CLUSPARAM/0 (0x7ffa7f178830)
[13043:its-clusterer]: [17:39:37][INFO] Clusterizer squashes overflow pixels separated by 188 BC and <= 1 in row/col seeking down to 0 neighbour ROFs
[13043:its-clusterer]: [17:39:37][INFO] Clusterizer masks overflow pixels separated by < 208 BC and <= 1 in row/col
[13043:its-clusterer]: [17:39:37][INFO] Inclusive clusterization timing (w/o disk IO): Cpu: 0 Real: 0 s in 1 slots
[13043:its-clusterer]: [17:39:37][INFO] Threads output merging timing                : Cpu: 0 Real: 0 s in 1 slots
[13043:its-clusterer]: [17:39:37][INFO] ITSClusterer pulled 31884 digits, in 49 RO frames
[13043:its-clusterer]: [17:39:37][INFO] ITSClusterer pulled 33411 labels 
[13043:its-clusterer]: [17:39:37][INFO] ITSClusterer pushed 8501 clusters, in 49 RO frames
[13043:its-clusterer]: [17:39:37][INFO] Clusterizer squashes overflow pixels separated by 188 BC and <= 1 in row/col seeking down to 0 neighbour ROFs
[13043:its-clusterer]: [17:39:37][INFO] Clusterizer masks overflow pixels separated by < 208 BC and <= 1 in row/col
[13043:its-clusterer]: [17:39:37][INFO] Inclusive clusterization timing (w/o disk IO): Cpu: 0 Real: 0.00332999 s in 2 slots
[13043:its-clusterer]: [17:39:37][INFO] Threads output merging timing                : Cpu: 0 Real: 0 s in 1 slots
[13043:its-clusterer]: [17:39:37][INFO] Sending end-of-stream message to channel from_its-clusterer_to_its-cluster-writer
[13043:its-clusterer]: [17:39:37][INFO] Sending end-of-stream message to channel from_its-clusterer_to_its-tracker
[13044:its-cluster-writer]: [17:39:37][INFO] ITSClusterWriter pulled 8501 clusters, in 49 RO frames
[13044:its-cluster-writer]: [17:39:37][INFO] Sending end-of-stream message to channel from_its-cluster-writer_to_its-tracker
[13045:its-tracker]: [17:39:37][INFO] GRP MagField object updated
[13045:its-tracker]: [17:39:38][INFO] MagneticField::Print: MagneticFieldMap:
[13045:its-tracker]: [17:39:38][INFO] MagneticField::Print: Solenoid (-1*)5 kG, Dipole ON (-1) 
[13045:its-tracker]: [17:39:38][INFO] MagneticField::Print: Machine B fields for p-p  beam (7000 GeV): QGrad: 22.0002 Dipole: 37.8781
[13045:its-tracker]: [17:39:38][INFO] MagneticField::Print: Uses Sol30_Dip6_Hole  of /root/alice/sw/slc8_x86-64/O2/segment-local1/share/Common/maps/mfchebKGI_sym.root
[13045:its-tracker]: Info in <TGeoGlobalMagField::SetField>: Global magnetic field set to <MagneticFieldMap>
[13045:its-tracker]: Info in <TGeoGlobalMagField::Lock>: Global magnetic field <MagneticFieldMap> is now locked
[13045:its-tracker]: [17:39:38][INFO] Caching in 139612211635072 ptr to GLO/GRPMAGFIELD/0 (0x4750cc0)
[13045:its-tracker]: [17:39:38][INFO] GRP ECS object updated
[13045:its-tracker]: [17:39:38][INFO] Caching in 139612211628064 ptr to GLO/GRPECS/0 (0x38dcc90)
[13045:its-tracker]: [17:39:38][INFO] material LUT updated
[13045:its-tracker]: [17:39:38][INFO] Loaded 440 params from $(O2_ROOT)/share/Common/maps/sol5k.txt
[13045:its-tracker]: [17:39:38][INFO] Caching in 139612212516720 ptr to GLO/MATLUT/0 (0x5cbb610)
[13045:its-tracker]: Info in <TGeoManager::CloseGeometry>: Geometry loaded from file...
[13045:its-tracker]: Info in <TGeoManager::SetTopVolume>: Top volume is cave. Master volume is cave
[13045:its-tracker]: Info in <TGeoNavigator::BuildCache>: --- Maximum geometry depth set to 100
[13045:its-tracker]: Info in <TGeoManager::Voxelize>: Voxelizing...
[13045:its-tracker]: Info in <TGeoManager::CountLevels>: max level = 13, max placements = 735
[13045:its-tracker]: Info in <TGeoManager::CloseGeometry>: 5346742 nodes/ 27442 volume UID's in FAIR geometry
[13045:its-tracker]: Info in <TGeoManager::CloseGeometry>: ----------------modeler ready----------------
[13045:its-tracker]: [17:39:38][INFO] aligned geometry updated
[13045:its-tracker]: [17:39:38][INFO] Caching in 139612221741968 ptr to GLO/GEOMALIGN/0 (0x5d98d30)
[13045:its-tracker]: [17:39:38][INFO] cluster dictionary updated
[13045:its-tracker]: [17:39:38][INFO] Caching in 139612211600192 ptr to ITS/CLUSDICT/0 (0x53f54b0)
[13045:its-tracker]: [17:39:38][INFO] Alpide param updated
[13045:its-tracker]: ITSAlpideParam.roFrameLengthInBC : 198		[ CCDB ]
[13045:its-tracker]: ITSAlpideParam.roFrameLengthTrig : 6000		[ CCDB ]
[13045:its-tracker]: ITSAlpideParam.strobeDelay : 99.8031		[ CCDB ]
[13045:its-tracker]: ITSAlpideParam.strobeLengthCont : -1		[ CCDB ]
[13045:its-tracker]: ITSAlpideParam.strobeLengthTrig : 100		[ CCDB ]
[13045:its-tracker]: ITSAlpideParam.roFrameBiasInBC : 64		[ CCDB ]
[13045:its-tracker]: [17:39:38][INFO] Caching in 139612211630336 ptr to ITS/ALPIDEPARAM/0 (0x7efc7e1e9860)
[13045:its-tracker]: [17:39:39][INFO] Loading ITS T2L matrices from TGeo
[13045:its-tracker]: [17:39:39][WARN] It is faster to use 2D rotation for T2G instead of full Transform3D matrices
[13045:its-tracker]: [17:39:39][INFO] Loading ITS T2G matrices from TGeo
[13045:its-tracker]: [17:39:39][INFO] Loading ITS T2G rotation 2D matrices
[13045:its-tracker]: [17:39:39][INFO] Setting seeding vertexer with 1 threads.
[13045:its-tracker]: [17:39:39][INFO] ITSTracker pulled 8501 clusters, 49 RO frames
[13045:its-tracker]: [17:39:39][INFO] 8501 MC label objects , in 98 MC events
[13045:its-tracker]: [17:39:39][INFO] ITSTracker RO: continuous=1
[13045:its-tracker]: [17:39:39][INFO] Loading ITS L2G matrices from TGeo
[13045:its-tracker]: [17:39:39][INFO]  - Vertexer initialisation completed in: 0.105227 ms
[13045:its-tracker]: [17:39:39][INFO]  - Vertexer tracklet finding completed in: 0.248379 ms
[13045:its-tracker]: [17:39:39][INFO]  - Vertexer adjacent tracklets validation completed in: 0.169488 ms
[13045:its-tracker]: [17:39:39][INFO]  - Vertexer vertex finding completed in: 0.083562 ms
[13045:its-tracker]: [17:39:39][INFO]  - Timeframe 0 vertexing completed in: 0.606656 ms, using 1 thread(s).
[13045:its-tracker]: [17:39:39][INFO]  - rejected 0/49 ROFs: random/mult.sel:0 (seed 624), vtx.sel:0
[13045:its-tracker]: [17:39:39][INFO]  - Vertex seeding total elapsed time: 0.606656 ms for 34 vertices found in 49 ROFs
[13045:its-tracker]: [17:39:39][INFO]  - Beam position computed for the TF: 8.3504754e-05, -0.0026029446
[13045:its-tracker]: [17:39:39][INFO]  - Timeframe initialisation completed in: 2.44922 ms
[13045:its-tracker]: [17:39:39][INFO]  - Tracklet finding completed in: 0.283847 ms
[13045:its-tracker]: [17:39:39][INFO] 	- Number of tracklets: 2055
[13045:its-tracker]: [17:39:39][INFO]  - Cell finding completed in: 0.715445 ms
[13045:its-tracker]: [17:39:39][INFO] 	- Number of Cells: 1875
[13045:its-tracker]: [17:39:39][INFO]  - Neighbour finding completed in: 0.541638 ms
[13045:its-tracker]: [17:39:39][INFO]  - Road finding completed in: 0.018317 ms
[13045:its-tracker]: [17:39:39][INFO] 	- Number of Roads: 617
[13045:its-tracker]: [17:39:39][INFO]  - Track finding completed in: 11.6679 ms
[13045:its-tracker]: [17:39:39][INFO] 	- Number of Tracks: 259
[13045:its-tracker]: [17:39:39][INFO]  - Extending tracks completed in: 0.000201 ms
[13045:its-tracker]: [17:39:39][INFO]  - Timeframe initialisation completed in: 0.015726 ms
[13045:its-tracker]: [17:39:39][INFO]  - Tracklet finding completed in: 0.34431 ms
[13045:its-tracker]: [17:39:39][INFO] 	- Number of tracklets: 199
[13045:its-tracker]: [17:39:39][INFO]  - Cell finding completed in: 0.169927 ms
[13045:its-tracker]: [17:39:39][INFO] 	- Number of Cells: 125
[13045:its-tracker]: [17:39:39][INFO]  - Neighbour finding completed in: 0.018354 ms
[13045:its-tracker]: [17:39:39][INFO]  - Road finding completed in: 0.000446 ms
[13045:its-tracker]: [17:39:39][INFO] 	- Number of Roads: 4
[13045:its-tracker]: [17:39:39][INFO]  - Track finding completed in: 0.044561 ms
[13045:its-tracker]: [17:39:39][INFO] 	- Number of Tracks: 260
[13045:its-tracker]: [17:39:39][INFO]  - Extending tracks completed in: 0.000115 ms
[13045:its-tracker]: [17:39:39][INFO]  - Timeframe initialisation completed in: 0.00251 ms
[13045:its-tracker]: [17:39:39][INFO]  - Tracklet finding completed in: 0.126588 ms
[13045:its-tracker]: [17:39:39][INFO] 	- Number of tracklets: 244
[13045:its-tracker]: [17:39:39][INFO]  - Cell finding completed in: 0.044226 ms
[13045:its-tracker]: [17:39:39][INFO] 	- Number of Cells: 137
[13045:its-tracker]: [17:39:39][INFO]  - Neighbour finding completed in: 0.019142 ms
[13045:its-tracker]: [17:39:39][INFO]  - Road finding completed in: 0.00206 ms
[13045:its-tracker]: [17:39:39][INFO] 	- Number of Roads: 83
[13045:its-tracker]: [17:39:39][INFO]  - Track finding completed in: 0.844546 ms
[13045:its-tracker]: [17:39:39][INFO] 	- Number of Tracks: 291
[13045:its-tracker]: [17:39:39][INFO]  - Extending tracks completed in: 0.000148 ms
[13045:its-tracker]: [17:39:39][INFO]  - Short primaries finding completed in: 0.000282 ms
[13045:its-tracker]: [17:39:39][INFO]  - Timeframe 0 processing completed in: 17.3095ms using 1 threads.
[13045:its-tracker]: [17:39:39][INFO] ITSTracker pushed 291 tracks and 34 vertices
[13045:its-tracker]: [17:39:39][INFO] ITSTracker pushed 291 track labels
[13045:its-tracker]: [17:39:39][INFO] ITSTracker pushed 320 vertex labels
[13045:its-tracker]: [17:39:39][INFO] ITS CA-Tracker total timing: Cpu: 1.410e+00 Real: 1.443e+00 s in 1 slots
[13045:its-tracker]: [17:39:39][INFO] Sending end-of-stream message to channel from_its-tracker_to_irframe-writer-its
[13045:its-tracker]: [17:39:39][INFO] Sending end-of-stream message to channel from_its-tracker_to_its-track-writer
[13047:its-track-writer]: [17:39:39][INFO] ITSTrackWriter pulled 291 tracks, in 49 RO frames
[INFO] Quitting
[INFO] QUIT_REQUESTED
[13044:its-cluster-writer]: [17:39:39][INFO] Received device shutdown request (signal 15).
[13044:its-cluster-writer]: [17:39:39][INFO] Waiting for graceful device shutdown. Hit Ctrl-C again to abort immediately.
[13044:its-cluster-writer]: [17:39:39][INFO] New state requested. No timeout set, quitting immediately as per --completion-policy
[13043:its-clusterer]: [17:39:39][INFO] Received device shutdown request (signal 15).
[13043:its-clusterer]: [17:39:39][INFO] Waiting for graceful device shutdown. Hit Ctrl-C again to abort immediately.
[13048:internal-dpl-injected-dummy-sink]: [17:39:39][INFO] Received device shutdown request (signal 15).
[13048:internal-dpl-injected-dummy-sink]: [17:39:39][INFO] Waiting for graceful device shutdown. Hit Ctrl-C again to abort immediately.
[13042:internal-dpl-ccdb-backend]: [17:39:39][INFO] Received device shutdown request (signal 15).
[13042:internal-dpl-ccdb-backend]: [17:39:39][INFO] Waiting for graceful device shutdown. Hit Ctrl-C again to abort immediately.
[13043:its-clusterer]: [17:39:39][INFO] New state requested. No timeout set, quitting immediately as per --completion-policy
[13045:its-tracker]: [17:39:39][INFO] Received device shutdown request (signal 15).
[13045:its-tracker]: [17:39:39][INFO] Waiting for graceful device shutdown. Hit Ctrl-C again to abort immediately.
[13043:its-clusterer]: [17:39:39][STATE] RUNNING ---> READY
[13042:internal-dpl-ccdb-backend]: [17:39:39][INFO] New state requested. No timeout set, quitting immediately as per --completion-policy
[13042:internal-dpl-ccdb-backend]: [17:39:39][INFO] CCDB cache miss/hit ratio:
[13042:internal-dpl-ccdb-backend]: [17:39:39][INFO]   GLO/Config/GRPMagField: 1/0 (1024-1024 bytes)
[13042:internal-dpl-ccdb-backend]: [17:39:39][INFO]   GLO/Config/GeometryAligned: 1/0 (1847296-1847296 bytes)
[13042:internal-dpl-ccdb-backend]: [17:39:39][INFO]   ITS/Config/ClustererParam: 1/0 (2048-2048 bytes)
[13042:internal-dpl-ccdb-backend]: [17:39:39][INFO]   ITS/Config/AlpideParam: 1/0 (2048-2048 bytes)
[13042:internal-dpl-ccdb-backend]: [17:39:39][INFO]   GLO/Config/GRPECS: 1/0 (2048-2048 bytes)
[13042:internal-dpl-ccdb-backend]: [17:39:39][INFO]   GLO/Param/MatLUT: 1/0 (9225216-9225216 bytes)
[13042:internal-dpl-ccdb-backend]: [17:39:39][INFO]   ITS/Calib/ClusterDictionary: 1/0 (27648-27648 bytes)
[13042:internal-dpl-ccdb-backend]: [17:39:39][INFO]   CTP/Calib/OrbitReset: 1/1 (1024-1024 bytes)
[13042:internal-dpl-ccdb-backend]: [17:39:39][STATE] RUNNING ---> READY
[13043:its-clusterer]: [17:39:39][STATE] READY ---> RESETTING TASK
[13043:its-clusterer]: [17:39:39][STATE] RESETTING TASK ---> DEVICE READY
[13043:its-clusterer]: [17:39:39][STATE] DEVICE READY ---> RESETTING DEVICE
[13045:its-tracker]: [17:39:39][INFO] New state requested. No timeout set, quitting immediately as per --completion-policy
[13045:its-tracker]: [17:39:39][STATE] RUNNING ---> READY
[13048:internal-dpl-injected-dummy-sink]: [17:39:39][INFO] New state requested. No timeout set, quitting immediately as per --completion-policy
[13048:internal-dpl-injected-dummy-sink]: [17:39:39][STATE] RUNNING ---> READY
[13042:internal-dpl-ccdb-backend]: [17:39:39][STATE] READY ---> RESETTING TASK
[13042:internal-dpl-ccdb-backend]: [17:39:39][STATE] RESETTING TASK ---> DEVICE READY
[13042:internal-dpl-ccdb-backend]: [17:39:39][STATE] DEVICE READY ---> RESETTING DEVICE
[13045:its-tracker]: [17:39:39][STATE] READY ---> RESETTING TASK
[13045:its-tracker]: [17:39:39][STATE] RESETTING TASK ---> DEVICE READY
[13048:internal-dpl-injected-dummy-sink]: [17:39:39][STATE] READY ---> RESETTING TASK
[13048:internal-dpl-injected-dummy-sink]: [17:39:39][STATE] RESETTING TASK ---> DEVICE READY
[13048:internal-dpl-injected-dummy-sink]: [17:39:39][STATE] DEVICE READY ---> RESETTING DEVICE
[13041:its-digit-reader]: [17:39:39][INFO] Received device shutdown request (signal 15).
[13045:its-tracker]: [17:39:39][STATE] DEVICE READY ---> RESETTING DEVICE
[13046:irframe-writer-its]: [17:39:39][INFO] Received device shutdown request (signal 15).
[13046:irframe-writer-its]: [17:39:39][INFO] Waiting for graceful device shutdown. Hit Ctrl-C again to abort immediately.
[13047:its-track-writer]: [17:39:39][INFO] Received device shutdown request (signal 15).
[13041:its-digit-reader]: [17:39:39][INFO] Waiting for graceful device shutdown. Hit Ctrl-C again to abort immediately.
[13047:its-track-writer]: [17:39:39][INFO] Waiting for graceful device shutdown. Hit Ctrl-C again to abort immediately.
[13040:internal-dpl-clock]: [17:39:39][INFO] Received device shutdown request (signal 15).
[13040:internal-dpl-clock]: [17:39:39][INFO] Waiting for graceful device shutdown. Hit Ctrl-C again to abort immediately.
[13041:its-digit-reader]: [17:39:39][INFO] New state requested. No timeout set, quitting immediately as per --completion-policy
[13041:its-digit-reader]: [17:39:39][STATE] RUNNING ---> READY
[13042:internal-dpl-ccdb-backend]: [17:39:39][STATE] RESETTING DEVICE ---> IDLE
[13047:its-track-writer]: [17:39:39][INFO] New state requested. No timeout set, quitting immediately as per --completion-policy
[13046:irframe-writer-its]: [17:39:39][INFO] New state requested. No timeout set, quitting immediately as per --completion-policy
[13041:its-digit-reader]: [17:39:39][STATE] READY ---> RESETTING TASK
[13041:its-digit-reader]: [17:39:39][STATE] RESETTING TASK ---> DEVICE READY
[13042:internal-dpl-ccdb-backend]: [17:39:39][STATE] IDLE ---> EXITING
[13043:its-clusterer]: [17:39:39][STATE] RESETTING DEVICE ---> IDLE
[13043:its-clusterer]: [17:39:39][STATE] IDLE ---> EXITING
[13041:its-digit-reader]: [17:39:39][STATE] DEVICE READY ---> RESETTING DEVICE
[13042:internal-dpl-ccdb-backend]: [17:39:39][STATE] Exiting FairMQ state machine
[13043:its-clusterer]: [17:39:39][STATE] Exiting FairMQ state machine
[13048:internal-dpl-injected-dummy-sink]: [17:39:39][STATE] RESETTING DEVICE ---> IDLE
[13048:internal-dpl-injected-dummy-sink]: [17:39:39][STATE] IDLE ---> EXITING
[13048:internal-dpl-injected-dummy-sink]: [17:39:39][STATE] Exiting FairMQ state machine
[13040:internal-dpl-clock]: [17:39:39][INFO] New state requested. No timeout set, quitting immediately as per --completion-policy
[13040:internal-dpl-clock]: [17:39:39][INFO] Sending end-of-stream message to channel from_internal-dpl-clock_to_its-digit-reader
[13040:internal-dpl-clock]: [17:39:39][STATE] RUNNING ---> READY
[13045:its-tracker]: [17:39:39][STATE] RESETTING DEVICE ---> IDLE
[13045:its-tracker]: [17:39:39][STATE] IDLE ---> EXITING
[13045:its-tracker]: [17:39:39][STATE] Exiting FairMQ state machine
[13040:internal-dpl-clock]: [17:39:39][STATE] READY ---> RESETTING TASK
[13040:internal-dpl-clock]: [17:39:39][STATE] RESETTING TASK ---> DEVICE READY
[13040:internal-dpl-clock]: [17:39:39][STATE] DEVICE READY ---> RESETTING DEVICE
[13041:its-digit-reader]: [17:39:39][STATE] RESETTING DEVICE ---> IDLE
[13041:its-digit-reader]: [17:39:39][STATE] IDLE ---> EXITING
[13041:its-digit-reader]: [17:39:39][STATE] Exiting FairMQ state machine
[13040:internal-dpl-clock]: [17:39:39][STATE] RESETTING DEVICE ---> IDLE
[13040:internal-dpl-clock]: [17:39:39][STATE] IDLE ---> EXITING
[13040:internal-dpl-clock]: [17:39:39][STATE] Exiting FairMQ state machine
[13044:its-cluster-writer]: [17:39:39][STATE] RUNNING ---> READY
[13044:its-cluster-writer]: [17:39:39][STATE] READY ---> RESETTING TASK
[13044:its-cluster-writer]: [17:39:39][STATE] RESETTING TASK ---> DEVICE READY
[13044:its-cluster-writer]: [17:39:39][STATE] DEVICE READY ---> RESETTING DEVICE
[13044:its-cluster-writer]: [17:39:40][STATE] RESETTING DEVICE ---> IDLE
[13044:its-cluster-writer]: [17:39:40][STATE] IDLE ---> EXITING
[13044:its-cluster-writer]: [17:39:40][STATE] Exiting FairMQ state machine
[13047:its-track-writer]: [17:39:40][STATE] RUNNING ---> READY
[13047:its-track-writer]: [17:39:40][STATE] READY ---> RESETTING TASK
[13047:its-track-writer]: [17:39:40][STATE] RESETTING TASK ---> DEVICE READY
[13047:its-track-writer]: [17:39:40][STATE] DEVICE READY ---> RESETTING DEVICE
[13047:its-track-writer]: [17:39:40][STATE] RESETTING DEVICE ---> IDLE
[13047:its-track-writer]: [17:39:40][STATE] IDLE ---> EXITING
[13047:its-track-writer]: [17:39:40][STATE] Exiting FairMQ state machine
[13046:irframe-writer-its]: [17:39:40][STATE] RUNNING ---> READY
[13046:irframe-writer-its]: [17:39:40][STATE] READY ---> RESETTING TASK
[13046:irframe-writer-its]: [17:39:40][STATE] RESETTING TASK ---> DEVICE READY
[13046:irframe-writer-its]: [17:39:40][STATE] DEVICE READY ---> RESETTING DEVICE
[13046:irframe-writer-its]: [17:39:40][INFO] Cleaning up for shared memory id '9fdf2339'...
[13046:irframe-writer-its]: [17:39:40][INFO] Found 0 unmanaged regions...
[13046:irframe-writer-its]: [17:39:40][INFO] Found 1 managed segments...
[13046:irframe-writer-its]: [17:39:40][INFO] Successfully removed 'fmq_9fdf2339_m_0'.
[13046:irframe-writer-its]: [17:39:40][INFO] Successfully removed 'fmq_9fdf2339_mng'.
[13046:irframe-writer-its]: [17:39:40][STATE] RESETTING DEVICE ---> IDLE
[13046:irframe-writer-its]: [17:39:40][STATE] IDLE ---> EXITING
[13046:irframe-writer-its]: [17:39:40][STATE] Exiting FairMQ state machine
[INFO] ## Processes completed. Run summary:
[INFO] ### Devices started: 9
[INFO]  - Device internal-dpl-clock: pid 13040 (exit 0)
[INFO]  - Device its-digit-reader: pid 13041 (exit 0)
[INFO]  - Device internal-dpl-ccdb-backend: pid 13042 (exit 0)
[INFO]  - Device its-clusterer: pid 13043 (exit 0)
[INFO]  - Device its-cluster-writer: pid 13044 (exit 0)
[INFO]  - Device its-tracker: pid 13045 (exit 0)
[INFO]  - Device irframe-writer-its: pid 13046 (exit 0)
[INFO]  - Device its-track-writer: pid 13047 (exit 0)
[INFO]  - Device internal-dpl-injected-dummy-sink: pid 13048 (exit 0)
[INFO] Dumping used configuration in dpl-config.json
TASK-EXIT-CODE: 0
