Running: TIME="#walltime %e" /usr/bin/time --output=mchreco.log_time ./mchreco.log_tmp.sh
[INFO] Initialising O2 Data Processing Layer. Driver PID: 13968.
[INFO] Driver listening on port: 22048
[INFO] Rate limiting set up at 500MB distributed over 1 readers
[INFO] O2 Data Processing Layer initialised. We brake for nobody.
[INFO] Optimised build. O2DEBUG / LOG(debug) / LOGF(debug) / assert statement will not be shown.
[INFO] Redeployment of configuration asked.
[INFO] Starting internal-dpl-clock on pid 14010
[INFO] Starting mch-digit-reader on pid 14011
[INFO] Starting internal-dpl-ccdb-backend on pid 14012
[INFO] Starting mch-digit-filtering on pid 14013
[INFO] Starting mch-time-cluster-finder on pid 14014
[INFO] Starting mch-precluster-finder on pid 14015
[INFO] Starting mch-cluster-finder on pid 14016
[INFO] Starting mch-cluster-transformer on pid 14017
[INFO] Starting mch-track-finder on pid 14018
[INFO] Starting mch-error-merger on pid 14019
[INFO] Starting mch-track-mc-label-finder on pid 14020
[INFO] Starting mch-error-writer on pid 14021
[INFO] Starting mch-track-writer on pid 14022
[INFO] Starting internal-dpl-injected-dummy-sink on pid 14023
[INFO] Redeployment of configuration done.
[14011:mch-digit-reader]: [INFO] Instrumenting crash signals
[14011:mch-digit-reader]: [INFO] Spawing new device mch-digit-reader in process with pid 14011
[14011:mch-digit-reader]: [17:39:46][INFO] 
[14011:mch-digit-reader]:       ______      _    _______  _________ 
[14011:mch-digit-reader]:      / ____/___ _(_)_______   |/  /_  __ \    version 1.6.0
[14011:mch-digit-reader]:     / /_  / __ `/ / ___/__  /|_/ /_  / / /    build RELWITHDEBINFO
[14011:mch-digit-reader]:    / __/ / /_/ / / /    _  /  / / / /_/ /     https://github.com/FairRootGroup/FairMQ
[14011:mch-digit-reader]:   /_/    \__,_/_/_/     /_/  /_/  \___\_\     LGPL-3.0  © 2012-2023 GSI
[14011:mch-digit-reader]: 
[14011:mch-digit-reader]: [17:39:46][STATE] Starting FairMQ state machine --> IDLE
[14011:mch-digit-reader]: [17:39:46][STATE] IDLE ---> INITIALIZING DEVICE
[14010:internal-dpl-clock]: [INFO] Instrumenting crash signals
[14013:mch-digit-filtering]: [INFO] Instrumenting crash signals
[14013:mch-digit-filtering]: [INFO] Spawing new device mch-digit-filtering in process with pid 14013
[14013:mch-digit-filtering]: [17:39:46][INFO] 
[14013:mch-digit-filtering]:       ______      _    _______  _________ 
[14013:mch-digit-filtering]:      / ____/___ _(_)_______   |/  /_  __ \    version 1.6.0
[14013:mch-digit-filtering]:     / /_  / __ `/ / ___/__  /|_/ /_  / / /    build RELWITHDEBINFO
[14013:mch-digit-filtering]:    / __/ / /_/ / / /    _  /  / / / /_/ /     https://github.com/FairRootGroup/FairMQ
[14013:mch-digit-filtering]:   /_/    \__,_/_/_/     /_/  /_/  \___\_\     LGPL-3.0  © 2012-2023 GSI
[14013:mch-digit-filtering]: 
[14013:mch-digit-filtering]: [17:39:46][STATE] Starting FairMQ state machine --> IDLE
[14010:internal-dpl-clock]: [INFO] Spawing new device internal-dpl-clock in process with pid 14010
[14010:internal-dpl-clock]: [17:39:46][INFO] 
[14010:internal-dpl-clock]:       ______      _    _______  _________ 
[14010:internal-dpl-clock]:      / ____/___ _(_)_______   |/  /_  __ \    version 1.6.0
[14010:internal-dpl-clock]:     / /_  / __ `/ / ___/__  /|_/ /_  / / /    build RELWITHDEBINFO
[14010:internal-dpl-clock]:    / __/ / /_/ / / /    _  /  / / / /_/ /     https://github.com/FairRootGroup/FairMQ
[14010:internal-dpl-clock]:   /_/    \__,_/_/_/     /_/  /_/  \___\_\     LGPL-3.0  © 2012-2023 GSI
[14010:internal-dpl-clock]: 
[14010:internal-dpl-clock]: [17:39:46][STATE] Starting FairMQ state machine --> IDLE
[14013:mch-digit-filtering]: [17:39:46][STATE] IDLE ---> INITIALIZING DEVICE
[14013:mch-digit-filtering]: [17:39:46][STATE] INITIALIZING DEVICE ---> INITIALIZED
[14013:mch-digit-filtering]: [17:39:46][STATE] INITIALIZED ---> BINDING
[14013:mch-digit-filtering]: [17:39:46][STATE] BINDING ---> BOUND
[14013:mch-digit-filtering]: [17:39:46][STATE] BOUND ---> CONNECTING
[14013:mch-digit-filtering]: [17:39:46][STATE] CONNECTING ---> DEVICE READY
[14013:mch-digit-filtering]: [17:39:46][STATE] DEVICE READY ---> INITIALIZING TASK
[14013:mch-digit-filtering]: [17:39:46][STATE] INITIALIZING TASK ---> READY
[14013:mch-digit-filtering]: [17:39:46][STATE] READY ---> RUNNING
[14013:mch-digit-filtering]: [17:39:46][INFO] fair::mq::Device running...
[14013:mch-digit-filtering]: [17:39:46][INFO] LHCPeriod is not available, using current month SEP
[14013:mch-digit-filtering]: [17:39:46][INFO] Correctly handshaken websocket connection.
[14010:internal-dpl-clock]: [17:39:47][STATE] IDLE ---> INITIALIZING DEVICE
[14010:internal-dpl-clock]: [17:39:47][STATE] INITIALIZING DEVICE ---> INITIALIZED
[14010:internal-dpl-clock]: [17:39:47][STATE] INITIALIZED ---> BINDING
[14010:internal-dpl-clock]: [17:39:47][STATE] BINDING ---> BOUND
[14010:internal-dpl-clock]: [17:39:47][STATE] BOUND ---> CONNECTING
[14010:internal-dpl-clock]: [17:39:47][STATE] CONNECTING ---> DEVICE READY
[14010:internal-dpl-clock]: [17:39:47][STATE] DEVICE READY ---> INITIALIZING TASK
[14010:internal-dpl-clock]: [17:39:47][STATE] INITIALIZING TASK ---> READY
[14010:internal-dpl-clock]: [17:39:47][STATE] READY ---> RUNNING
[14010:internal-dpl-clock]: [17:39:47][INFO] fair::mq::Device running...
[14010:internal-dpl-clock]: [17:39:47][INFO] LHCPeriod is not available, using current month SEP
[14010:internal-dpl-clock]: [17:39:47][INFO] Correctly handshaken websocket connection.
[14012:internal-dpl-ccdb-backend]: [INFO] Instrumenting crash signals
[14012:internal-dpl-ccdb-backend]: [INFO] Spawing new device internal-dpl-ccdb-backend in process with pid 14012
[14012:internal-dpl-ccdb-backend]: [17:39:47][INFO] 
[14012:internal-dpl-ccdb-backend]:       ______      _    _______  _________ 
[14012:internal-dpl-ccdb-backend]:      / ____/___ _(_)_______   |/  /_  __ \    version 1.6.0
[14012:internal-dpl-ccdb-backend]:     / /_  / __ `/ / ___/__  /|_/ /_  / / /    build RELWITHDEBINFO
[14012:internal-dpl-ccdb-backend]:    / __/ / /_/ / / /    _  /  / / / /_/ /     https://github.com/FairRootGroup/FairMQ
[14012:internal-dpl-ccdb-backend]:   /_/    \__,_/_/_/     /_/  /_/  \___\_\     LGPL-3.0  © 2012-2023 GSI
[14012:internal-dpl-ccdb-backend]: 
[14012:internal-dpl-ccdb-backend]: [17:39:47][STATE] Starting FairMQ state machine --> IDLE
[14017:mch-cluster-transformer]: [INFO] Instrumenting crash signals
[14012:internal-dpl-ccdb-backend]: [17:39:47][STATE] IDLE ---> INITIALIZING DEVICE
[14012:internal-dpl-ccdb-backend]: [17:39:47][INFO] CCDB Backend at: http://alice-ccdb.cern.ch, validity check for every 2147483647 TF
[14017:mch-cluster-transformer]: [INFO] Spawing new device mch-cluster-transformer in process with pid 14017
[14017:mch-cluster-transformer]: [17:39:47][INFO] 
[14017:mch-cluster-transformer]:       ______      _    _______  _________ 
[14017:mch-cluster-transformer]:      / ____/___ _(_)_______   |/  /_  __ \    version 1.6.0
[14017:mch-cluster-transformer]:     / /_  / __ `/ / ___/__  /|_/ /_  / / /    build RELWITHDEBINFO
[14017:mch-cluster-transformer]:    / __/ / /_/ / / /    _  /  / / / /_/ /     https://github.com/FairRootGroup/FairMQ
[14017:mch-cluster-transformer]:   /_/    \__,_/_/_/     /_/  /_/  \___\_\     LGPL-3.0  © 2012-2023 GSI
[14017:mch-cluster-transformer]: 
[14017:mch-cluster-transformer]: [17:39:47][STATE] Starting FairMQ state machine --> IDLE
[14018:mch-track-finder]: [INFO] Instrumenting crash signals
[14012:internal-dpl-ccdb-backend]: [17:39:47][INFO] Init CcdApi with UserAgentID: localhost.localdomain-1694014787-E9c2l9, Host: http://alice-ccdb.cern.ch
[14012:internal-dpl-ccdb-backend]: [17:39:47][INFO] Initialised default CCDB host http://alice-ccdb.cern.ch
[14012:internal-dpl-ccdb-backend]: [17:39:47][INFO] The following route is a condition GLO/GEOMALIGN/0
[14012:internal-dpl-ccdb-backend]: [17:39:47][INFO] - ccdb-path: GLO/Config/GeometryAligned
[14012:internal-dpl-ccdb-backend]: [17:39:47][INFO] The following route is a condition GLO/GRPMAGFIELD/0
[14012:internal-dpl-ccdb-backend]: [17:39:47][INFO] - ccdb-path: GLO/Config/GRPMagField
[14012:internal-dpl-ccdb-backend]: [17:39:47][STATE] INITIALIZING DEVICE ---> INITIALIZED
[14017:mch-cluster-transformer]: [17:39:47][STATE] IDLE ---> INITIALIZING DEVICE
[14018:mch-track-finder]: [INFO] Spawing new device mch-track-finder in process with pid 14018
[14018:mch-track-finder]: [17:39:47][INFO] 
[14018:mch-track-finder]:       ______      _    _______  _________ 
[14018:mch-track-finder]:      / ____/___ _(_)_______   |/  /_  __ \    version 1.6.0
[14018:mch-track-finder]:     / /_  / __ `/ / ___/__  /|_/ /_  / / /    build RELWITHDEBINFO
[14018:mch-track-finder]:    / __/ / /_/ / / /    _  /  / / / /_/ /     https://github.com/FairRootGroup/FairMQ
[14018:mch-track-finder]:   /_/    \__,_/_/_/     /_/  /_/  \___\_\     LGPL-3.0  © 2012-2023 GSI
[14018:mch-track-finder]: 
[14018:mch-track-finder]: [17:39:47][STATE] Starting FairMQ state machine --> IDLE
[14018:mch-track-finder]: [17:39:47][STATE] IDLE ---> INITIALIZING DEVICE
[14012:internal-dpl-ccdb-backend]: [17:39:47][STATE] INITIALIZED ---> BINDING
[14012:internal-dpl-ccdb-backend]: [17:39:47][STATE] BINDING ---> BOUND
[14021:mch-error-writer]: [INFO] Instrumenting crash signals
[14012:internal-dpl-ccdb-backend]: [17:39:47][STATE] BOUND ---> CONNECTING
[14012:internal-dpl-ccdb-backend]: [17:39:47][STATE] CONNECTING ---> DEVICE READY
[14012:internal-dpl-ccdb-backend]: [17:39:47][STATE] DEVICE READY ---> INITIALIZING TASK
[14016:mch-cluster-finder]: [INFO] Instrumenting crash signals
[14021:mch-error-writer]: [INFO] Spawing new device mch-error-writer in process with pid 14021
[14021:mch-error-writer]: [17:39:47][INFO] 
[14021:mch-error-writer]:       ______      _    _______  _________ 
[14021:mch-error-writer]:      / ____/___ _(_)_______   |/  /_  __ \    version 1.6.0
[14021:mch-error-writer]:     / /_  / __ `/ / ___/__  /|_/ /_  / / /    build RELWITHDEBINFO
[14021:mch-error-writer]:    / __/ / /_/ / / /    _  /  / / / /_/ /     https://github.com/FairRootGroup/FairMQ
[14021:mch-error-writer]:   /_/    \__,_/_/_/     /_/  /_/  \___\_\     LGPL-3.0  © 2012-2023 GSI
[14021:mch-error-writer]: 
[14021:mch-error-writer]: [17:39:47][STATE] Starting FairMQ state machine --> IDLE
[14012:internal-dpl-ccdb-backend]: [17:39:47][STATE] INITIALIZING TASK ---> READY
[14012:internal-dpl-ccdb-backend]: [17:39:47][STATE] READY ---> RUNNING
[14012:internal-dpl-ccdb-backend]: [17:39:47][INFO] fair::mq::Device running...
[14012:internal-dpl-ccdb-backend]: [17:39:47][INFO] LHCPeriod is not available, using current month SEP
[14012:internal-dpl-ccdb-backend]: [17:39:47][INFO] Correctly handshaken websocket connection.
[14016:mch-cluster-finder]: [INFO] Spawing new device mch-cluster-finder in process with pid 14016
[14016:mch-cluster-finder]: [17:39:47][INFO] 
[14016:mch-cluster-finder]:       ______      _    _______  _________ 
[14016:mch-cluster-finder]:      / ____/___ _(_)_______   |/  /_  __ \    version 1.6.0
[14016:mch-cluster-finder]:     / /_  / __ `/ / ___/__  /|_/ /_  / / /    build RELWITHDEBINFO
[14016:mch-cluster-finder]:    / __/ / /_/ / / /    _  /  / / / /_/ /     https://github.com/FairRootGroup/FairMQ
[14016:mch-cluster-finder]:   /_/    \__,_/_/_/     /_/  /_/  \___\_\     LGPL-3.0  © 2012-2023 GSI
[14016:mch-cluster-finder]: 
[14016:mch-cluster-finder]: [17:39:47][STATE] Starting FairMQ state machine --> IDLE
[14021:mch-error-writer]: [17:39:47][STATE] IDLE ---> INITIALIZING DEVICE
[14017:mch-cluster-transformer]: [17:39:47][STATE] INITIALIZING DEVICE ---> INITIALIZED
[14017:mch-cluster-transformer]: [17:39:47][STATE] INITIALIZED ---> BINDING
[14017:mch-cluster-transformer]: [17:39:47][STATE] BINDING ---> BOUND
[14017:mch-cluster-transformer]: [17:39:47][STATE] BOUND ---> CONNECTING
[14017:mch-cluster-transformer]: [17:39:47][STATE] CONNECTING ---> DEVICE READY
[14017:mch-cluster-transformer]: [17:39:47][STATE] DEVICE READY ---> INITIALIZING TASK
[14014:mch-time-cluster-finder]: [INFO] Instrumenting crash signals
[14017:mch-cluster-transformer]: [17:39:47][STATE] INITIALIZING TASK ---> READY
[14018:mch-track-finder]: [17:39:47][INFO] initializing track finder
[14018:mch-track-finder]: [17:39:47][STATE] INITIALIZING DEVICE ---> INITIALIZED
[14019:mch-error-merger]: [INFO] Instrumenting crash signals
[14017:mch-cluster-transformer]: [17:39:47][STATE] READY ---> RUNNING
[14017:mch-cluster-transformer]: [17:39:47][INFO] fair::mq::Device running...
[14017:mch-cluster-transformer]: [17:39:47][INFO] LHCPeriod is not available, using current month SEP
[14017:mch-cluster-transformer]: [17:39:47][INFO] Correctly handshaken websocket connection.
[14014:mch-time-cluster-finder]: [INFO] Spawing new device mch-time-cluster-finder in process with pid 14014
[14014:mch-time-cluster-finder]: [17:39:47][INFO] 
[14014:mch-time-cluster-finder]:       ______      _    _______  _________ 
[14014:mch-time-cluster-finder]:      / ____/___ _(_)_______   |/  /_  __ \    version 1.6.0
[14014:mch-time-cluster-finder]:     / /_  / __ `/ / ___/__  /|_/ /_  / / /    build RELWITHDEBINFO
[14014:mch-time-cluster-finder]:    / __/ / /_/ / / /    _  /  / / / /_/ /     https://github.com/FairRootGroup/FairMQ
[14014:mch-time-cluster-finder]:   /_/    \__,_/_/_/     /_/  /_/  \___\_\     LGPL-3.0  © 2012-2023 GSI
[14014:mch-time-cluster-finder]: 
[14011:mch-digit-reader]: [17:39:47][INFO] branch set up: MCHDigit
[14011:mch-digit-reader]: [17:39:47][INFO] branch set up: MCHROFRecords
[14011:mch-digit-reader]: [17:39:47][INFO] branch set up: MCHMCLabels
[14014:mch-time-cluster-finder]: [17:39:47][STATE] Starting FairMQ state machine --> IDLE
[14011:mch-digit-reader]: [17:39:47][STATE] INITIALIZING DEVICE ---> INITIALIZED
[14018:mch-track-finder]: [17:39:47][STATE] INITIALIZED ---> BINDING
[14011:mch-digit-reader]: [17:39:47][STATE] INITIALIZED ---> BINDING
[14011:mch-digit-reader]: [17:39:47][STATE] BINDING ---> BOUND
[14018:mch-track-finder]: [17:39:47][STATE] BINDING ---> BOUND
[14019:mch-error-merger]: [INFO] Spawing new device mch-error-merger in process with pid 14019
[14019:mch-error-merger]: [17:39:47][INFO] 
[14019:mch-error-merger]:       ______      _    _______  _________ 
[14019:mch-error-merger]:      / ____/___ _(_)_______   |/  /_  __ \    version 1.6.0
[14019:mch-error-merger]:     / /_  / __ `/ / ___/__  /|_/ /_  / / /    build RELWITHDEBINFO
[14019:mch-error-merger]:    / __/ / /_/ / / /    _  /  / / / /_/ /     https://github.com/FairRootGroup/FairMQ
[14019:mch-error-merger]:   /_/    \__,_/_/_/     /_/  /_/  \___\_\     LGPL-3.0  © 2012-2023 GSI
[14019:mch-error-merger]: 
[14019:mch-error-merger]: [17:39:47][STATE] Starting FairMQ state machine --> IDLE
[14020:mch-track-mc-label-finder]: [INFO] Instrumenting crash signals
[14021:mch-error-writer]: [17:39:47][INFO] 0: branch  errors set up
[14021:mch-error-writer]: [17:39:47][STATE] INITIALIZING DEVICE ---> INITIALIZED
[14021:mch-error-writer]: [17:39:47][STATE] INITIALIZED ---> BINDING
[14021:mch-error-writer]: [17:39:47][STATE] BINDING ---> BOUND
[14021:mch-error-writer]: [17:39:47][STATE] BOUND ---> CONNECTING
[14021:mch-error-writer]: [17:39:47][STATE] CONNECTING ---> DEVICE READY
[14021:mch-error-writer]: [17:39:47][STATE] DEVICE READY ---> INITIALIZING TASK
[14021:mch-error-writer]: [17:39:47][STATE] INITIALIZING TASK ---> READY
[14023:internal-dpl-injected-dummy-sink]: [INFO] Instrumenting crash signals
[14011:mch-digit-reader]: [17:39:47][STATE] BOUND ---> CONNECTING
[14011:mch-digit-reader]: [17:39:47][STATE] CONNECTING ---> DEVICE READY
[14018:mch-track-finder]: [17:39:47][STATE] BOUND ---> CONNECTING
[14018:mch-track-finder]: [17:39:47][STATE] CONNECTING ---> DEVICE READY
[14021:mch-error-writer]: [17:39:47][STATE] READY ---> RUNNING
[14011:mch-digit-reader]: [17:39:47][STATE] DEVICE READY ---> INITIALIZING TASK
[14011:mch-digit-reader]: [17:39:47][STATE] INITIALIZING TASK ---> READY
[14019:mch-error-merger]: [17:39:47][STATE] IDLE ---> INITIALIZING DEVICE
[14021:mch-error-writer]: [17:39:47][INFO] fair::mq::Device running...
[14021:mch-error-writer]: [17:39:47][INFO] LHCPeriod is not available, using current month SEP
[14023:internal-dpl-injected-dummy-sink]: [INFO] Spawing new device internal-dpl-injected-dummy-sink in process with pid 14023
[14023:internal-dpl-injected-dummy-sink]: [17:39:47][INFO] 
[14023:internal-dpl-injected-dummy-sink]:       ______      _    _______  _________ 
[14023:internal-dpl-injected-dummy-sink]:      / ____/___ _(_)_______   |/  /_  __ \    version 1.6.0
[14023:internal-dpl-injected-dummy-sink]:     / /_  / __ `/ / ___/__  /|_/ /_  / / /    build RELWITHDEBINFO
[14023:internal-dpl-injected-dummy-sink]:    / __/ / /_/ / / /    _  /  / / / /_/ /     https://github.com/FairRootGroup/FairMQ
[14023:internal-dpl-injected-dummy-sink]:   /_/    \__,_/_/_/     /_/  /_/  \___\_\     LGPL-3.0  © 2012-2023 GSI
[14023:internal-dpl-injected-dummy-sink]: 
[14023:internal-dpl-injected-dummy-sink]: [17:39:47][STATE] Starting FairMQ state machine --> IDLE
[14011:mch-digit-reader]: [17:39:47][STATE] READY ---> RUNNING
[14011:mch-digit-reader]: [17:39:47][INFO] fair::mq::Device running...
[14011:mch-digit-reader]: [17:39:47][INFO] LHCPeriod is not available, using current month SEP
[14016:mch-cluster-finder]: [17:39:47][STATE] IDLE ---> INITIALIZING DEVICE
[14021:mch-error-writer]: [17:39:47][INFO] Correctly handshaken websocket connection.
[14016:mch-cluster-finder]: [17:39:47][INFO] initializing cluster finder
[14018:mch-track-finder]: [17:39:47][STATE] DEVICE READY ---> INITIALIZING TASK
[14018:mch-track-finder]: [17:39:47][STATE] INITIALIZING TASK ---> READY
[14018:mch-track-finder]: [17:39:47][STATE] READY ---> RUNNING
[14018:mch-track-finder]: [17:39:47][INFO] fair::mq::Device running...
[14018:mch-track-finder]: [17:39:47][INFO] LHCPeriod is not available, using current month SEP
[14018:mch-track-finder]: [17:39:47][INFO] Correctly handshaken websocket connection.
[14019:mch-error-merger]: [17:39:47][STATE] INITIALIZING DEVICE ---> INITIALIZED
[14014:mch-time-cluster-finder]: [17:39:47][STATE] IDLE ---> INITIALIZING DEVICE
[14020:mch-track-mc-label-finder]: [INFO] Spawing new device mch-track-mc-label-finder in process with pid 14020
[14019:mch-error-merger]: [17:39:47][STATE] INITIALIZED ---> BINDING
[14019:mch-error-merger]: [17:39:47][STATE] BINDING ---> BOUND
[14020:mch-track-mc-label-finder]: [17:39:47][INFO] 
[14020:mch-track-mc-label-finder]:       ______      _    _______  _________ 
[14020:mch-track-mc-label-finder]:      / ____/___ _(_)_______   |/  /_  __ \    version 1.6.0
[14020:mch-track-mc-label-finder]:     / /_  / __ `/ / ___/__  /|_/ /_  / / /    build RELWITHDEBINFO
[14020:mch-track-mc-label-finder]:    / __/ / /_/ / / /    _  /  / / / /_/ /     https://github.com/FairRootGroup/FairMQ
[14020:mch-track-mc-label-finder]:   /_/    \__,_/_/_/     /_/  /_/  \___\_\     LGPL-3.0  © 2012-2023 GSI
[14020:mch-track-mc-label-finder]: 
[14020:mch-track-mc-label-finder]: [17:39:47][STATE] Starting FairMQ state machine --> IDLE
[14020:mch-track-mc-label-finder]: [17:39:47][STATE] IDLE ---> INITIALIZING DEVICE
[14014:mch-time-cluster-finder]: [17:39:47][INFO] TimeClusterWidth      : 40
[14014:mch-time-cluster-finder]: [17:39:47][INFO] BinsInOneWindow       : 5 
[14014:mch-time-cluster-finder]: [17:39:47][INFO] MinDigitPerROF        : 0
[14014:mch-time-cluster-finder]: [17:39:47][INFO] OnlyTrackable         : true
[14014:mch-time-cluster-finder]: [17:39:47][INFO] PeakSearchSignalOnly  : true
[14014:mch-time-cluster-finder]: [17:39:47][INFO] IRFramesOnly          : false
[14014:mch-time-cluster-finder]: [17:39:47][INFO] ROFRejectionFraction  : 0
[14014:mch-time-cluster-finder]: [17:39:47][STATE] INITIALIZING DEVICE ---> INITIALIZED
[14019:mch-error-merger]: [17:39:47][STATE] BOUND ---> CONNECTING
[14019:mch-error-merger]: [17:39:47][STATE] CONNECTING ---> DEVICE READY
[14019:mch-error-merger]: [17:39:47][STATE] DEVICE READY ---> INITIALIZING TASK
[14023:internal-dpl-injected-dummy-sink]: [17:39:47][STATE] IDLE ---> INITIALIZING DEVICE
[14014:mch-time-cluster-finder]: [17:39:47][STATE] INITIALIZED ---> BINDING
[14014:mch-time-cluster-finder]: [17:39:47][STATE] BINDING ---> BOUND
[14014:mch-time-cluster-finder]: [17:39:47][STATE] BOUND ---> CONNECTING
[14014:mch-time-cluster-finder]: [17:39:47][STATE] CONNECTING ---> DEVICE READY
[14020:mch-track-mc-label-finder]: [17:39:47][INFO] initializing track MC label finder
[14023:internal-dpl-injected-dummy-sink]: [17:39:47][STATE] INITIALIZING DEVICE ---> INITIALIZED
[14014:mch-time-cluster-finder]: [17:39:47][STATE] DEVICE READY ---> INITIALIZING TASK
[14023:internal-dpl-injected-dummy-sink]: [17:39:47][STATE] INITIALIZED ---> BINDING
[14023:internal-dpl-injected-dummy-sink]: [17:39:47][STATE] BINDING ---> BOUND
[14023:internal-dpl-injected-dummy-sink]: [17:39:47][STATE] BOUND ---> CONNECTING
[14023:internal-dpl-injected-dummy-sink]: [17:39:47][STATE] CONNECTING ---> DEVICE READY
[14014:mch-time-cluster-finder]: [17:39:47][STATE] INITIALIZING TASK ---> READY
[14023:internal-dpl-injected-dummy-sink]: [17:39:47][STATE] DEVICE READY ---> INITIALIZING TASK
[14023:internal-dpl-injected-dummy-sink]: [17:39:47][STATE] INITIALIZING TASK ---> READY
[14014:mch-time-cluster-finder]: [17:39:47][STATE] READY ---> RUNNING
[14014:mch-time-cluster-finder]: [17:39:47][INFO] fair::mq::Device running...
[14014:mch-time-cluster-finder]: [17:39:47][INFO] LHCPeriod is not available, using current month SEP
[14014:mch-time-cluster-finder]: [17:39:47][INFO] Correctly handshaken websocket connection.
[14023:internal-dpl-injected-dummy-sink]: [17:39:47][STATE] READY ---> RUNNING
[14023:internal-dpl-injected-dummy-sink]: [17:39:47][INFO] fair::mq::Device running...
[14023:internal-dpl-injected-dummy-sink]: [17:39:47][INFO] LHCPeriod is not available, using current month SEP
[14023:internal-dpl-injected-dummy-sink]: [17:39:47][INFO] Correctly handshaken websocket connection.
[14019:mch-error-merger]: [17:39:47][STATE] INITIALIZING TASK ---> READY
[14019:mch-error-merger]: [17:39:47][STATE] READY ---> RUNNING
[14019:mch-error-merger]: [17:39:47][INFO] fair::mq::Device running...
[14019:mch-error-merger]: [17:39:47][INFO] LHCPeriod is not available, using current month SEP
[14019:mch-error-merger]: [17:39:47][INFO] Correctly handshaken websocket connection.
[14020:mch-track-mc-label-finder]: [17:39:47][STATE] INITIALIZING DEVICE ---> INITIALIZED
[14020:mch-track-mc-label-finder]: [17:39:47][STATE] INITIALIZED ---> BINDING
[14020:mch-track-mc-label-finder]: [17:39:47][STATE] BINDING ---> BOUND
[14020:mch-track-mc-label-finder]: [17:39:47][STATE] BOUND ---> CONNECTING
[14020:mch-track-mc-label-finder]: [17:39:47][STATE] CONNECTING ---> DEVICE READY
[14020:mch-track-mc-label-finder]: [17:39:47][STATE] DEVICE READY ---> INITIALIZING TASK
[14011:mch-digit-reader]: [17:39:47][INFO] Correctly handshaken websocket connection.
[14011:mch-digit-reader]: [17:39:47][INFO] Sending end-of-stream message to channel from_mch-digit-reader_to_internal-dpl-ccdb-backend
[14011:mch-digit-reader]: [17:39:47][INFO] Sending end-of-stream message to channel from_mch-digit-reader_to_mch-digit-filtering
[14013:mch-digit-filtering]: [17:39:47][INFO] Kept after filtering : 239 rofs (out of 239) | 251 digits (out of 251) | 251 labels (out of 251)
[14013:mch-digit-filtering]: [17:39:47][INFO] Sending end-of-stream message to channel from_mch-digit-filtering_to_mch-time-cluster-finder
[14013:mch-digit-filtering]: [17:39:47][INFO] Sending end-of-stream message to channel from_mch-digit-filtering_to_mch-track-mc-label-finder
[14014:mch-time-cluster-finder]: [17:39:47][INFO] TF 0 Processed 239 input ROFs, time-clusterized them into 0 ROFs (  0%) and output 0 (  0%) of them
[14020:mch-track-mc-label-finder]: [17:39:47][STATE] INITIALIZING TASK ---> READY
[14020:mch-track-mc-label-finder]: [17:39:47][STATE] READY ---> RUNNING
[14020:mch-track-mc-label-finder]: [17:39:47][INFO] fair::mq::Device running...
[14020:mch-track-mc-label-finder]: [17:39:47][INFO] LHCPeriod is not available, using current month SEP
[14022:mch-track-writer]: [INFO] Instrumenting crash signals
[14020:mch-track-mc-label-finder]: [17:39:47][INFO] Correctly handshaken websocket connection.
[14022:mch-track-writer]: [INFO] Spawing new device mch-track-writer in process with pid 14022
[14022:mch-track-writer]: [17:39:47][INFO] 
[14022:mch-track-writer]:       ______      _    _______  _________ 
[14022:mch-track-writer]:      / ____/___ _(_)_______   |/  /_  __ \    version 1.6.0
[14022:mch-track-writer]:     / /_  / __ `/ / ___/__  /|_/ /_  / / /    build RELWITHDEBINFO
[14022:mch-track-writer]:    / __/ / /_/ / / /    _  /  / / / /_/ /     https://github.com/FairRootGroup/FairMQ
[14022:mch-track-writer]:   /_/    \__,_/_/_/     /_/  /_/  \___\_\     LGPL-3.0  © 2012-2023 GSI
[14022:mch-track-writer]: 
[14022:mch-track-writer]: [17:39:47][STATE] Starting FairMQ state machine --> IDLE
[14022:mch-track-writer]: [17:39:47][STATE] IDLE ---> INITIALIZING DEVICE
[14022:mch-track-writer]: [17:39:47][INFO] 0: branch  tracks set up
[14022:mch-track-writer]: [17:39:47][INFO] 1: branch  trackrofs set up
[14022:mch-track-writer]: [17:39:47][INFO] 2: branch  trackclusters set up
[14022:mch-track-writer]: [17:39:47][INFO] 4: branch  tracklabels set up
[14022:mch-track-writer]: [17:39:47][STATE] INITIALIZING DEVICE ---> INITIALIZED
[14022:mch-track-writer]: [17:39:47][STATE] INITIALIZED ---> BINDING
[14022:mch-track-writer]: [17:39:47][STATE] BINDING ---> BOUND
[14022:mch-track-writer]: [17:39:47][STATE] BOUND ---> CONNECTING
[14022:mch-track-writer]: [17:39:47][STATE] CONNECTING ---> DEVICE READY
[14022:mch-track-writer]: [17:39:47][STATE] DEVICE READY ---> INITIALIZING TASK
[14022:mch-track-writer]: [17:39:47][STATE] INITIALIZING TASK ---> READY
[14022:mch-track-writer]: [17:39:47][STATE] READY ---> RUNNING
[14022:mch-track-writer]: [17:39:47][INFO] fair::mq::Device running...
[14022:mch-track-writer]: [17:39:47][INFO] LHCPeriod is not available, using current month SEP
[14022:mch-track-writer]: [17:39:47][INFO] Correctly handshaken websocket connection.
[14015:mch-precluster-finder]: [INFO] Instrumenting crash signals
[14015:mch-precluster-finder]: [INFO] Spawing new device mch-precluster-finder in process with pid 14015
[14015:mch-precluster-finder]: [17:39:47][INFO] 
[14015:mch-precluster-finder]:       ______      _    _______  _________ 
[14015:mch-precluster-finder]:      / ____/___ _(_)_______   |/  /_  __ \    version 1.6.0
[14015:mch-precluster-finder]:     / /_  / __ `/ / ___/__  /|_/ /_  / / /    build RELWITHDEBINFO
[14015:mch-precluster-finder]:    / __/ / /_/ / / /    _  /  / / / /_/ /     https://github.com/FairRootGroup/FairMQ
[14015:mch-precluster-finder]:   /_/    \__,_/_/_/     /_/  /_/  \___\_\     LGPL-3.0  © 2012-2023 GSI
[14015:mch-precluster-finder]: 
[14015:mch-precluster-finder]: [17:39:47][STATE] Starting FairMQ state machine --> IDLE
[14015:mch-precluster-finder]: [17:39:47][STATE] IDLE ---> INITIALIZING DEVICE
[14015:mch-precluster-finder]: [17:39:47][INFO] initializing preclusterizer
[14016:mch-cluster-finder]: [17:39:47][INFO] create mapping in: 687.269 ms
[14016:mch-cluster-finder]: [17:39:47][STATE] INITIALIZING DEVICE ---> INITIALIZED
[14016:mch-cluster-finder]: [17:39:47][STATE] INITIALIZED ---> BINDING
[14016:mch-cluster-finder]: [17:39:47][STATE] BINDING ---> BOUND
[14016:mch-cluster-finder]: [17:39:47][STATE] BOUND ---> CONNECTING
[14016:mch-cluster-finder]: [17:39:47][STATE] CONNECTING ---> DEVICE READY
[14016:mch-cluster-finder]: [17:39:47][STATE] DEVICE READY ---> INITIALIZING TASK
[14016:mch-cluster-finder]: [17:39:47][STATE] INITIALIZING TASK ---> READY
[14016:mch-cluster-finder]: [17:39:47][STATE] READY ---> RUNNING
[14016:mch-cluster-finder]: [17:39:47][INFO] fair::mq::Device running...
[14016:mch-cluster-finder]: [17:39:47][INFO] LHCPeriod is not available, using current month SEP
[14016:mch-cluster-finder]: [17:39:47][INFO] Correctly handshaken websocket connection.
[14012:internal-dpl-ccdb-backend]: Info in <TJAlienConnectionManager>: Opening connection to JCentral. Please wait
[14015:mch-precluster-finder]: [17:39:48][INFO] create mapping in: 699.877 ms
[14015:mch-precluster-finder]: [17:39:48][STATE] INITIALIZING DEVICE ---> INITIALIZED
[14015:mch-precluster-finder]: [17:39:48][STATE] INITIALIZED ---> BINDING
[14015:mch-precluster-finder]: [17:39:48][STATE] BINDING ---> BOUND
[14015:mch-precluster-finder]: [17:39:48][STATE] BOUND ---> CONNECTING
[14015:mch-precluster-finder]: [17:39:48][STATE] CONNECTING ---> DEVICE READY
[14015:mch-precluster-finder]: [17:39:48][STATE] DEVICE READY ---> INITIALIZING TASK
[14014:mch-time-cluster-finder]: [17:39:48][INFO] Sending end-of-stream message to channel from_mch-time-cluster-finder_to_mch-precluster-finder
[14015:mch-precluster-finder]: [17:39:48][STATE] INITIALIZING TASK ---> READY
[14015:mch-precluster-finder]: [17:39:48][STATE] READY ---> RUNNING
[14015:mch-precluster-finder]: [17:39:48][INFO] fair::mq::Device running...
[14015:mch-precluster-finder]: [17:39:48][INFO] LHCPeriod is not available, using current month SEP
[14015:mch-precluster-finder]: [17:39:48][INFO] Correctly handshaken websocket connection.
[14015:mch-precluster-finder]: [17:39:48][INFO] Processed 0 digit rofs with 0 digits and output 0 precluster rofs with 0 preclusters and 0 digits
[14012:internal-dpl-ccdb-backend]: Info in <TJAlienConnectionManager>: Opening connection to 137.138.47.219
[14012:internal-dpl-ccdb-backend]: Info in <TJAlienConnectionManager>: Successfully connected to 137.138.47.219
[14016:mch-cluster-finder]: [17:39:48][INFO] Found    0 clusters from    0 preclusters in  0 ROFs
[14012:internal-dpl-ccdb-backend]: Info in <TJAlienFile::Open>: Accessing file /alice/data/CCDB/CTP/Calib/OrbitReset/06/62200/b9f985c3-b4b0-11ec-8fd3-90ce809b24ee in SE <ALICE::CERN::EOS>
[14015:mch-precluster-finder]: [17:39:48][INFO] Sending end-of-stream message to channel from_mch-precluster-finder_to_mch-cluster-finder
[14015:mch-precluster-finder]: [17:39:48][INFO] Sending end-of-stream message to channel from_mch-precluster-finder_to_mch-error-merger
[14015:mch-precluster-finder]: [17:39:48][INFO] Sending end-of-stream message to channel from_mch-precluster-finder_to_mch-track-mc-label-finder
[14016:mch-cluster-finder]: [17:39:48][INFO] Sending end-of-stream message to channel from_mch-cluster-finder_to_mch-cluster-transformer
[14016:mch-cluster-finder]: [17:39:48][INFO] Sending end-of-stream message to channel from_mch-cluster-finder_to_mch-track-finder
[14016:mch-cluster-finder]: [17:39:48][INFO] Sending end-of-stream message to channel from_mch-cluster-finder_to_mch-error-merger
[14012:internal-dpl-ccdb-backend]: [17:39:48][INFO] ccdb reads http://alice-ccdb.cern.ch/CTP/Calib/OrbitReset/1546300800000/b9f985c3-b4b0-11ec-8fd3-90ce809b24ee for 1546300800000 (load to memory, agent_id: localhost.localdomain-1694014787-E9c2l9), 
[14012:internal-dpl-ccdb-backend]: Info in <TJAlienFile::Open>: Accessing file /alice/data/CCDB/GLO/Config/GeometryAligned/06/21224/787687c0-287a-11ed-8141-200114580202 in SE <ALICE::CERN::OCDB>
[14012:internal-dpl-ccdb-backend]: [17:39:48][INFO] ccdb reads http://alice-ccdb.cern.ch/GLO/Config/GeometryAligned/1546300800000/787687c0-287a-11ed-8141-200114580202 for 1546300800000 (load to memory, agent_id: localhost.localdomain-1694014787-E9c2l9), 
[14012:internal-dpl-ccdb-backend]: Info in <TJAlienFile::Open>: Accessing file /alice/data/CCDB/GLO/Config/GRPMagField/06/62924/01d633ab-efdf-11ec-841e-2a010e0a0b16 in SE <ALICE::CERN::OCDB>
[14012:internal-dpl-ccdb-backend]: [17:39:48][INFO] ccdb reads http://alice-ccdb.cern.ch/GLO/Config/GRPMagField/1546300800000/01d633ab-efdf-11ec-841e-2a010e0a0b16 for 1546300800000 (load to memory, agent_id: localhost.localdomain-1694014787-E9c2l9), 
[14012:internal-dpl-ccdb-backend]: [17:39:48][INFO] Sending end-of-stream message to channel from_internal-dpl-ccdb-backend_to_mch-cluster-transformer
[14012:internal-dpl-ccdb-backend]: [17:39:48][INFO] Sending end-of-stream message to channel from_internal-dpl-ccdb-backend_to_mch-track-finder
[14012:internal-dpl-ccdb-backend]: [17:39:48][INFO] Sending end-of-stream message to channel from_internal-dpl-ccdb-backend_to_internal-dpl-injected-dummy-sink
[14017:mch-cluster-transformer]: Info in <TGeoManager::CloseGeometry>: Geometry loaded from file...
[14017:mch-cluster-transformer]: Info in <TGeoManager::SetTopVolume>: Top volume is cave. Master volume is cave
[14017:mch-cluster-transformer]: Info in <TGeoNavigator::BuildCache>: --- Maximum geometry depth set to 100
[14017:mch-cluster-transformer]: Info in <TGeoManager::Voxelize>: Voxelizing...
[14017:mch-cluster-transformer]: Info in <TGeoManager::CountLevels>: max level = 13, max placements = 735
[14017:mch-cluster-transformer]: Info in <TGeoManager::CloseGeometry>: 5346742 nodes/ 27442 volume UID's in FAIR geometry
[14017:mch-cluster-transformer]: Info in <TGeoManager::CloseGeometry>: ----------------modeler ready----------------
[14017:mch-cluster-transformer]: [17:39:49][INFO] aligned geometry updated
[14017:mch-cluster-transformer]: [17:39:49][INFO] Caching in 140551031023296 ptr to GLO/GEOMALIGN/0 (0x45e57a0)
[14017:mch-cluster-transformer]: [17:39:49][INFO] Sending end-of-stream message to channel from_mch-cluster-transformer_to_mch-track-finder
[14018:mch-track-finder]: [17:39:49][INFO] GRP MagField object updated
[14018:mch-track-finder]: [17:39:49][INFO] MagneticField::Print: MagneticFieldMap:
[14018:mch-track-finder]: [17:39:49][INFO] MagneticField::Print: Solenoid (-1*)5 kG, Dipole ON (-1) 
[14018:mch-track-finder]: [17:39:49][INFO] MagneticField::Print: Machine B fields for p-p  beam (7000 GeV): QGrad: 22.0002 Dipole: 37.8781
[14018:mch-track-finder]: [17:39:49][INFO] MagneticField::Print: Uses Sol30_Dip6_Hole  of /root/alice/sw/slc8_x86-64/O2/segment-local1/share/Common/maps/mfchebKGI_sym.root
[14018:mch-track-finder]: Info in <TGeoGlobalMagField::SetField>: Global magnetic field set to <MagneticFieldMap>
[14018:mch-track-finder]: Info in <TGeoGlobalMagField::Lock>: Global magnetic field <MagneticFieldMap> is now locked
[14018:mch-track-finder]: [17:39:49][INFO] Track extrapolation with magnetic field ON
[14018:mch-track-finder]: [17:39:49][INFO] Caching in 140145965335776 ptr to GLO/GRPMAGFIELD/0 (0x4f7d1c0)
[14018:mch-track-finder]: [17:39:49][INFO] Found   0 MCH tracks from    0 clusters in  0 ROFs in        0 ms
[14018:mch-track-finder]: [17:39:49][INFO] Sending end-of-stream message to channel from_mch-track-finder_to_mch-error-merger
[14018:mch-track-finder]: [17:39:49][INFO] Sending end-of-stream message to channel from_mch-track-finder_to_mch-track-mc-label-finder
[14019:mch-error-merger]: [17:39:49][INFO] Sending end-of-stream message to channel from_mch-error-merger_to_mch-error-writer
[14020:mch-track-mc-label-finder]: [17:39:49][INFO] Sending end-of-stream message to channel from_mch-track-mc-label-finder_to_mch-track-writer
[14021:mch-error-writer]: [17:39:49][ERROR] Some Lifetime::Timeframe data got dropped starting at 1
[14022:mch-track-writer]: [17:39:49][ERROR] Some Lifetime::Timeframe data got dropped starting at 1
[INFO] Quitting
[INFO] QUIT_REQUESTED
[14012:internal-dpl-ccdb-backend]: [17:39:49][INFO] Received device shutdown request (signal 15).
[14012:internal-dpl-ccdb-backend]: [17:39:49][INFO] Waiting for graceful device shutdown. Hit Ctrl-C again to abort immediately.
[14016:mch-cluster-finder]: [17:39:49][INFO] Received device shutdown request (signal 15).
[14016:mch-cluster-finder]: [17:39:49][INFO] Waiting for graceful device shutdown. Hit Ctrl-C again to abort immediately.
[14018:mch-track-finder]: [17:39:49][INFO] Received device shutdown request (signal 15).
[14018:mch-track-finder]: [17:39:49][INFO] Waiting for graceful device shutdown. Hit Ctrl-C again to abort immediately.
[14012:internal-dpl-ccdb-backend]: [17:39:49][INFO] New state requested. No timeout set, quitting immediately as per --completion-policy
[14012:internal-dpl-ccdb-backend]: [17:39:49][INFO] CCDB cache miss/hit ratio:
[14012:internal-dpl-ccdb-backend]: [17:39:49][INFO]   GLO/Config/GRPMagField: 1/0 (1024-1024 bytes)
[14012:internal-dpl-ccdb-backend]: [17:39:49][INFO]   GLO/Config/GeometryAligned: 1/0 (1847296-1847296 bytes)
[14012:internal-dpl-ccdb-backend]: [17:39:49][INFO]   CTP/Calib/OrbitReset: 1/1 (1024-1024 bytes)
[14012:internal-dpl-ccdb-backend]: [17:39:49][STATE] RUNNING ---> READY
[14016:mch-cluster-finder]: [17:39:49][INFO] New state requested. No timeout set, quitting immediately as per --completion-policy
[14016:mch-cluster-finder]: [17:39:49][INFO] cluster finder duration = 0 s
[14016:mch-cluster-finder]: [17:39:49][STATE] RUNNING ---> READY
[14018:mch-track-finder]: [17:39:49][INFO] New state requested. No timeout set, quitting immediately as per --completion-policy
[14010:internal-dpl-clock]: [17:39:49][INFO] Received device shutdown request (signal 15).
[14010:internal-dpl-clock]: [17:39:49][INFO] Waiting for graceful device shutdown. Hit Ctrl-C again to abort immediately.
[14010:internal-dpl-clock]: [17:39:49][INFO] New state requested. No timeout set, quitting immediately as per --completion-policy
[14010:internal-dpl-clock]: [17:39:49][INFO] Sending end-of-stream message to channel from_internal-dpl-clock_to_mch-digit-reader
[14010:internal-dpl-clock]: [17:39:49][STATE] RUNNING ---> READY
[14010:internal-dpl-clock]: [17:39:49][STATE] READY ---> RESETTING TASK
[14010:internal-dpl-clock]: [17:39:49][STATE] RESETTING TASK ---> DEVICE READY
[14010:internal-dpl-clock]: [17:39:49][STATE] DEVICE READY ---> RESETTING DEVICE
[14013:mch-digit-filtering]: [17:39:49][INFO] Received device shutdown request (signal 15).
[14013:mch-digit-filtering]: [17:39:49][INFO] Waiting for graceful device shutdown. Hit Ctrl-C again to abort immediately.
[14013:mch-digit-filtering]: [17:39:49][INFO] New state requested. No timeout set, quitting immediately as per --completion-policy
[14013:mch-digit-filtering]: [17:39:49][INFO] digit filtering duration = 0.152228 ms
[14013:mch-digit-filtering]: [17:39:49][STATE] RUNNING ---> READY
[14014:mch-time-cluster-finder]: [17:39:49][INFO] Received device shutdown request (signal 15).
[14014:mch-time-cluster-finder]: [17:39:49][INFO] Waiting for graceful device shutdown. Hit Ctrl-C again to abort immediately.
[14015:mch-precluster-finder]: [17:39:49][INFO] Received device shutdown request (signal 15).
[14015:mch-precluster-finder]: [17:39:49][INFO] Waiting for graceful device shutdown. Hit Ctrl-C again to abort immediately.
[14016:mch-cluster-finder]: [17:39:49][STATE] READY ---> RESETTING TASK
[14016:mch-cluster-finder]: [17:39:49][STATE] RESETTING TASK ---> DEVICE READY
[14018:mch-track-finder]: [17:39:49][INFO] number of candidates tracked = 0
[14018:mch-track-finder]: [17:39:49][INFO] number of times extrapToZCov() is called = 0
[14018:mch-track-finder]: [17:39:49][INFO] number of times Field() is called = 0
[14018:mch-track-finder]: [17:39:49][INFO] number of times tryOneClusterFast() is called = 0
[14018:mch-track-finder]: [17:39:49][INFO] number of times tryOneCluster() is called = 0
[14018:mch-track-finder]: [17:39:49][INFO] findTrackCandidates duration = 0 s
[14018:mch-track-finder]: [17:39:49][INFO] findMoreTrackCandidates duration = 0 s
[14018:mch-track-finder]: [17:39:49][INFO] followTracks duration = 0 s
[14018:mch-track-finder]: [17:39:49][INFO] improveTracks duration = 0 s
[14018:mch-track-finder]: [17:39:49][INFO] removeConnectedTracks duration = 0 s
[14018:mch-track-finder]: [17:39:49][INFO] refineTracks duration = 0 s
[14018:mch-track-finder]: [17:39:49][INFO] tracking duration = 0 s
[14018:mch-track-finder]: [17:39:49][STATE] RUNNING ---> READY
[14018:mch-track-finder]: [17:39:49][STATE] READY ---> RESETTING TASK
[14018:mch-track-finder]: [17:39:49][STATE] RESETTING TASK ---> DEVICE READY
[14018:mch-track-finder]: [17:39:49][STATE] DEVICE READY ---> RESETTING DEVICE
[14019:mch-error-merger]: [17:39:49][INFO] Received device shutdown request (signal 15).
[14019:mch-error-merger]: [17:39:49][INFO] Waiting for graceful device shutdown. Hit Ctrl-C again to abort immediately.
[14022:mch-track-writer]: [17:39:49][INFO] Received device shutdown request (signal 15).
[14022:mch-track-writer]: [17:39:49][INFO] Waiting for graceful device shutdown. Hit Ctrl-C again to abort immediately.
[14022:mch-track-writer]: [17:39:49][INFO] New state requested. No timeout set, quitting immediately as per --completion-policy
[14023:internal-dpl-injected-dummy-sink]: [17:39:49][INFO] Received device shutdown request (signal 15).
[14023:internal-dpl-injected-dummy-sink]: [17:39:49][INFO] Waiting for graceful device shutdown. Hit Ctrl-C again to abort immediately.
[14013:mch-digit-filtering]: [17:39:49][STATE] READY ---> RESETTING TASK
[14013:mch-digit-filtering]: [17:39:49][STATE] RESETTING TASK ---> DEVICE READY
[14011:mch-digit-reader]: [17:39:49][INFO] Received device shutdown request (signal 15).
[14011:mch-digit-reader]: [17:39:49][INFO] Waiting for graceful device shutdown. Hit Ctrl-C again to abort immediately.
[14011:mch-digit-reader]: [17:39:49][INFO] New state requested. No timeout set, quitting immediately as per --completion-policy
[14011:mch-digit-reader]: [17:39:49][STATE] RUNNING ---> READY
[14011:mch-digit-reader]: [17:39:49][STATE] READY ---> RESETTING TASK
[14011:mch-digit-reader]: [17:39:49][STATE] RESETTING TASK ---> DEVICE READY
[14011:mch-digit-reader]: [17:39:49][STATE] DEVICE READY ---> RESETTING DEVICE
[14012:internal-dpl-ccdb-backend]: [17:39:49][STATE] READY ---> RESETTING TASK
[14012:internal-dpl-ccdb-backend]: [17:39:49][STATE] RESETTING TASK ---> DEVICE READY
[14013:mch-digit-filtering]: [17:39:49][STATE] DEVICE READY ---> RESETTING DEVICE
[14014:mch-time-cluster-finder]: [17:39:49][INFO] New state requested. No timeout set, quitting immediately as per --completion-policy
[14014:mch-time-cluster-finder]: [17:39:49][INFO] duration = 776.082 us / TF
[14014:mch-time-cluster-finder]: [17:39:49][STATE] RUNNING ---> READY
[14015:mch-precluster-finder]: [17:39:49][INFO] New state requested. No timeout set, quitting immediately as per --completion-policy
[14015:mch-precluster-finder]: [17:39:49][INFO] reset precluster finder duration = 0 ms
[14015:mch-precluster-finder]: [17:39:49][INFO] load digits duration = 0 ms
[14015:mch-precluster-finder]: [17:39:49][INFO] discard high occupancy duration = 0 ms
[14015:mch-precluster-finder]: [17:39:49][INFO] precluster finder duration = 0 ms
[14015:mch-precluster-finder]: [17:39:49][INFO] store precluster duration = 0 ms
[14015:mch-precluster-finder]: [17:39:49][INFO] deinitializing preclusterizer in: 0.021529 ms
[14015:mch-precluster-finder]: [17:39:49][STATE] RUNNING ---> READY
[14016:mch-cluster-finder]: [17:39:49][STATE] DEVICE READY ---> RESETTING DEVICE
[14017:mch-cluster-transformer]: [17:39:49][INFO] Received device shutdown request (signal 15).
[14017:mch-cluster-transformer]: [17:39:49][INFO] Waiting for graceful device shutdown. Hit Ctrl-C again to abort immediately.
[14017:mch-cluster-transformer]: [17:39:49][INFO] New state requested. No timeout set, quitting immediately as per --completion-policy
[14017:mch-cluster-transformer]: [17:39:49][STATE] RUNNING ---> READY
[14017:mch-cluster-transformer]: [17:39:49][STATE] READY ---> RESETTING TASK
[14017:mch-cluster-transformer]: [17:39:49][STATE] RESETTING TASK ---> DEVICE READY
[14017:mch-cluster-transformer]: [17:39:49][STATE] DEVICE READY ---> RESETTING DEVICE
[14020:mch-track-mc-label-finder]: [17:39:49][INFO] Received device shutdown request (signal 15).
[14020:mch-track-mc-label-finder]: [17:39:49][INFO] Waiting for graceful device shutdown. Hit Ctrl-C again to abort immediately.
[14020:mch-track-mc-label-finder]: [17:39:49][INFO] New state requested. No timeout set, quitting immediately as per --completion-policy
[14020:mch-track-mc-label-finder]: [17:39:49][STATE] RUNNING ---> READY
[14021:mch-error-writer]: [17:39:49][INFO] Received device shutdown request (signal 15).
[14021:mch-error-writer]: [17:39:49][INFO] Waiting for graceful device shutdown. Hit Ctrl-C again to abort immediately.
[14023:internal-dpl-injected-dummy-sink]: [17:39:49][INFO] New state requested. No timeout set, quitting immediately as per --completion-policy
[14023:internal-dpl-injected-dummy-sink]: [17:39:49][STATE] RUNNING ---> READY
[14012:internal-dpl-ccdb-backend]: [17:39:49][STATE] DEVICE READY ---> RESETTING DEVICE
[14015:mch-precluster-finder]: [17:39:49][STATE] READY ---> RESETTING TASK
[14015:mch-precluster-finder]: [17:39:49][STATE] RESETTING TASK ---> DEVICE READY
[14019:mch-error-merger]: [17:39:49][INFO] New state requested. No timeout set, quitting immediately as per --completion-policy
[14019:mch-error-merger]: [17:39:49][STATE] RUNNING ---> READY
[14019:mch-error-merger]: [17:39:49][STATE] READY ---> RESETTING TASK
[14019:mch-error-merger]: [17:39:49][STATE] RESETTING TASK ---> DEVICE READY
[14019:mch-error-merger]: [17:39:49][STATE] DEVICE READY ---> RESETTING DEVICE
[14020:mch-track-mc-label-finder]: [17:39:49][STATE] READY ---> RESETTING TASK
[14020:mch-track-mc-label-finder]: [17:39:49][STATE] RESETTING TASK ---> DEVICE READY
[14021:mch-error-writer]: [17:39:49][INFO] New state requested. No timeout set, quitting immediately as per --completion-policy
[14023:internal-dpl-injected-dummy-sink]: [17:39:49][STATE] READY ---> RESETTING TASK
[14023:internal-dpl-injected-dummy-sink]: [17:39:49][STATE] RESETTING TASK ---> DEVICE READY
[14023:internal-dpl-injected-dummy-sink]: [17:39:49][STATE] DEVICE READY ---> RESETTING DEVICE
[14020:mch-track-mc-label-finder]: [17:39:49][STATE] DEVICE READY ---> RESETTING DEVICE
[14014:mch-time-cluster-finder]: [17:39:49][STATE] READY ---> RESETTING TASK
[14014:mch-time-cluster-finder]: [17:39:49][STATE] RESETTING TASK ---> DEVICE READY
[14017:mch-cluster-transformer]: [17:39:49][STATE] RESETTING DEVICE ---> IDLE
[14014:mch-time-cluster-finder]: [17:39:49][STATE] DEVICE READY ---> RESETTING DEVICE
[14010:internal-dpl-clock]: [17:39:49][STATE] RESETTING DEVICE ---> IDLE
[14010:internal-dpl-clock]: [17:39:49][STATE] IDLE ---> EXITING
[14013:mch-digit-filtering]: [17:39:49][STATE] RESETTING DEVICE ---> IDLE
[14013:mch-digit-filtering]: [17:39:49][STATE] IDLE ---> EXITING
[14015:mch-precluster-finder]: [17:39:49][STATE] DEVICE READY ---> RESETTING DEVICE
[14017:mch-cluster-transformer]: [17:39:49][STATE] IDLE ---> EXITING
[14017:mch-cluster-transformer]: [17:39:49][STATE] Exiting FairMQ state machine
[14010:internal-dpl-clock]: [17:39:49][STATE] Exiting FairMQ state machine
[14013:mch-digit-filtering]: [17:39:49][STATE] Exiting FairMQ state machine
[14011:mch-digit-reader]: [17:39:49][STATE] RESETTING DEVICE ---> IDLE
[14012:internal-dpl-ccdb-backend]: [17:39:49][STATE] RESETTING DEVICE ---> IDLE
[14014:mch-time-cluster-finder]: [17:39:49][STATE] RESETTING DEVICE ---> IDLE
[14019:mch-error-merger]: [17:39:49][STATE] RESETTING DEVICE ---> IDLE
[14014:mch-time-cluster-finder]: [17:39:49][STATE] IDLE ---> EXITING
[14015:mch-precluster-finder]: [17:39:49][STATE] RESETTING DEVICE ---> IDLE
[14018:mch-track-finder]: [17:39:49][STATE] RESETTING DEVICE ---> IDLE
[14012:internal-dpl-ccdb-backend]: [17:39:49][STATE] IDLE ---> EXITING
[14012:internal-dpl-ccdb-backend]: [17:39:49][STATE] Exiting FairMQ state machine
[14014:mch-time-cluster-finder]: [17:39:49][STATE] Exiting FairMQ state machine
[14015:mch-precluster-finder]: [17:39:49][STATE] IDLE ---> EXITING
[14016:mch-cluster-finder]: [17:39:49][STATE] RESETTING DEVICE ---> IDLE
[14016:mch-cluster-finder]: [17:39:49][STATE] IDLE ---> EXITING
[14018:mch-track-finder]: [17:39:49][STATE] IDLE ---> EXITING
[14011:mch-digit-reader]: [17:39:49][STATE] IDLE ---> EXITING
[14015:mch-precluster-finder]: [17:39:49][STATE] Exiting FairMQ state machine
[14016:mch-cluster-finder]: [17:39:49][STATE] Exiting FairMQ state machine
[14018:mch-track-finder]: [17:39:49][STATE] Exiting FairMQ state machine
[14019:mch-error-merger]: [17:39:49][STATE] IDLE ---> EXITING
[14019:mch-error-merger]: [17:39:49][STATE] Exiting FairMQ state machine
[14023:internal-dpl-injected-dummy-sink]: [17:39:49][STATE] RESETTING DEVICE ---> IDLE
[14023:internal-dpl-injected-dummy-sink]: [17:39:49][STATE] IDLE ---> EXITING
[14023:internal-dpl-injected-dummy-sink]: [17:39:49][STATE] Exiting FairMQ state machine
[14011:mch-digit-reader]: [17:39:49][STATE] Exiting FairMQ state machine
[14020:mch-track-mc-label-finder]: [17:39:49][STATE] RESETTING DEVICE ---> IDLE
[14020:mch-track-mc-label-finder]: [17:39:49][STATE] IDLE ---> EXITING
[14020:mch-track-mc-label-finder]: [17:39:49][STATE] Exiting FairMQ state machine
[14022:mch-track-writer]: [17:39:49][STATE] RUNNING ---> READY
[14022:mch-track-writer]: [17:39:49][STATE] READY ---> RESETTING TASK
[14022:mch-track-writer]: [17:39:49][STATE] RESETTING TASK ---> DEVICE READY
[14022:mch-track-writer]: [17:39:49][STATE] DEVICE READY ---> RESETTING DEVICE
[14022:mch-track-writer]: [17:39:49][STATE] RESETTING DEVICE ---> IDLE
[14022:mch-track-writer]: [17:39:49][STATE] IDLE ---> EXITING
[14022:mch-track-writer]: [17:39:49][STATE] Exiting FairMQ state machine
[14021:mch-error-writer]: [17:39:49][STATE] RUNNING ---> READY
[14021:mch-error-writer]: [17:39:49][STATE] READY ---> RESETTING TASK
[14021:mch-error-writer]: [17:39:49][STATE] RESETTING TASK ---> DEVICE READY
[14021:mch-error-writer]: [17:39:49][STATE] DEVICE READY ---> RESETTING DEVICE
[14021:mch-error-writer]: [17:39:49][INFO] Cleaning up for shared memory id '3f642a10'...
[14021:mch-error-writer]: [17:39:49][INFO] Found 0 unmanaged regions...
[14021:mch-error-writer]: [17:39:49][INFO] Found 1 managed segments...
[14021:mch-error-writer]: [17:39:49][INFO] Successfully removed 'fmq_3f642a10_m_0'.
[14021:mch-error-writer]: [17:39:49][INFO] Successfully removed 'fmq_3f642a10_mng'.
[14021:mch-error-writer]: [17:39:49][STATE] RESETTING DEVICE ---> IDLE
[14021:mch-error-writer]: [17:39:49][STATE] IDLE ---> EXITING
[14021:mch-error-writer]: [17:39:49][STATE] Exiting FairMQ state machine
[INFO] ## Processes completed. Run summary:
[INFO] ### Devices started: 14
[INFO]  - Device internal-dpl-clock: pid 14010 (exit 0)
[INFO]  - Device mch-digit-reader: pid 14011 (exit 0)
[INFO]  - Device internal-dpl-ccdb-backend: pid 14012 (exit 0)
[INFO]  - Device mch-digit-filtering: pid 14013 (exit 0)
[INFO]  - Device mch-time-cluster-finder: pid 14014 (exit 0)
[INFO]  - Device mch-precluster-finder: pid 14015 (exit 0)
[INFO]  - Device mch-cluster-finder: pid 14016 (exit 0)
[INFO]  - Device mch-cluster-transformer: pid 14017 (exit 0)
[INFO]  - Device mch-track-finder: pid 14018 (exit 0)
[INFO]  - Device mch-error-merger: pid 14019 (exit 0)
[INFO]  - Device mch-track-mc-label-finder: pid 14020 (exit 0)
[INFO]  - Device mch-error-writer: pid 14021 (exit 0)
[INFO]  - Device mch-track-writer: pid 14022 (exit 0)
[INFO]  - Device internal-dpl-injected-dummy-sink: pid 14023 (exit 0)
[INFO] Dumping used configuration in dpl-config.json
TASK-EXIT-CODE: 0
