Running: TIME="#walltime %e" /usr/bin/time --output=mftmchMatch.log_time ./mftmchMatch.log_tmp.sh
[INFO] Initialising O2 Data Processing Layer. Driver PID: 18962.
[INFO] Driver listening on port: 27042
[INFO] Rate limiting set up at 500MB distributed over 1 readers
[INFO] O2 Data Processing Layer initialised. We brake for nobody.
[INFO] Optimised build. O2DEBUG / LOG(debug) / LOGF(debug) / assert statement will not be shown.
[INFO] Redeployment of configuration asked.
[INFO] Starting internal-dpl-clock on pid 19002
[INFO] Starting mft-cluster-reader on pid 19003
[INFO] Starting mch-tracks-reader0 on pid 19004
[INFO] Starting mft-track-reader on pid 19005
[INFO] Starting mchmid-matches-reader on pid 19006
[INFO] Starting internal-dpl-ccdb-backend on pid 19007
[INFO] Starting globalfwd-track-matcher on pid 19008
[INFO] Starting globalfwd-track-writer on pid 19009
[INFO] Starting internal-dpl-injected-dummy-sink on pid 19010
[INFO] Redeployment of configuration done.
[19004:mch-tracks-reader0]: [INFO] Instrumenting crash signals
[19004:mch-tracks-reader0]: [INFO] Spawing new device mch-tracks-reader0 in process with pid 19004
[19004:mch-tracks-reader0]: [17:40:43][INFO] 
[19004:mch-tracks-reader0]:       ______      _    _______  _________ 
[19004:mch-tracks-reader0]:      / ____/___ _(_)_______   |/  /_  __ \    version 1.6.0
[19004:mch-tracks-reader0]:     / /_  / __ `/ / ___/__  /|_/ /_  / / /    build RELWITHDEBINFO
[19004:mch-tracks-reader0]:    / __/ / /_/ / / /    _  /  / / / /_/ /     https://github.com/FairRootGroup/FairMQ
[19004:mch-tracks-reader0]:   /_/    \__,_/_/_/     /_/  /_/  \___\_\     LGPL-3.0  © 2012-2023 GSI
[19004:mch-tracks-reader0]: 
[19004:mch-tracks-reader0]: [17:40:43][STATE] Starting FairMQ state machine --> IDLE
[19004:mch-tracks-reader0]: [17:40:43][STATE] IDLE ---> INITIALIZING DEVICE
[19006:mchmid-matches-reader]: [INFO] Instrumenting crash signals
[19006:mchmid-matches-reader]: [INFO] Spawing new device mchmid-matches-reader in process with pid 19006
[19006:mchmid-matches-reader]: [17:40:43][INFO] 
[19006:mchmid-matches-reader]:       ______      _    _______  _________ 
[19006:mchmid-matches-reader]:      / ____/___ _(_)_______   |/  /_  __ \    version 1.6.0
[19006:mchmid-matches-reader]:     / /_  / __ `/ / ___/__  /|_/ /_  / / /    build RELWITHDEBINFO
[19006:mchmid-matches-reader]:    / __/ / /_/ / / /    _  /  / / / /_/ /     https://github.com/FairRootGroup/FairMQ
[19006:mchmid-matches-reader]:   /_/    \__,_/_/_/     /_/  /_/  \___\_\     LGPL-3.0  © 2012-2023 GSI
[19006:mchmid-matches-reader]: 
[19006:mchmid-matches-reader]: [17:40:43][STATE] Starting FairMQ state machine --> IDLE
[19003:mft-cluster-reader]: [INFO] Instrumenting crash signals
[19003:mft-cluster-reader]: [INFO] Spawing new device mft-cluster-reader in process with pid 19003
[19003:mft-cluster-reader]: [17:40:43][INFO] 
[19003:mft-cluster-reader]:       ______      _    _______  _________ 
[19003:mft-cluster-reader]:      / ____/___ _(_)_______   |/  /_  __ \    version 1.6.0
[19003:mft-cluster-reader]:     / /_  / __ `/ / ___/__  /|_/ /_  / / /    build RELWITHDEBINFO
[19003:mft-cluster-reader]:    / __/ / /_/ / / /    _  /  / / / /_/ /     https://github.com/FairRootGroup/FairMQ
[19003:mft-cluster-reader]:   /_/    \__,_/_/_/     /_/  /_/  \___\_\     LGPL-3.0  © 2012-2023 GSI
[19003:mft-cluster-reader]: 
[19003:mft-cluster-reader]: [17:40:43][STATE] Starting FairMQ state machine --> IDLE
[19006:mchmid-matches-reader]: [17:40:43][STATE] IDLE ---> INITIALIZING DEVICE
[19002:internal-dpl-clock]: [INFO] Instrumenting crash signals
[19002:internal-dpl-clock]: [INFO] Spawing new device internal-dpl-clock in process with pid 19002
[19002:internal-dpl-clock]: [17:40:43][INFO] 
[19002:internal-dpl-clock]:       ______      _    _______  _________ 
[19002:internal-dpl-clock]:      / ____/___ _(_)_______   |/  /_  __ \    version 1.6.0
[19002:internal-dpl-clock]:     / /_  / __ `/ / ___/__  /|_/ /_  / / /    build RELWITHDEBINFO
[19002:internal-dpl-clock]:    / __/ / /_/ / / /    _  /  / / / /_/ /     https://github.com/FairRootGroup/FairMQ
[19002:internal-dpl-clock]:   /_/    \__,_/_/_/     /_/  /_/  \___\_\     LGPL-3.0  © 2012-2023 GSI
[19002:internal-dpl-clock]: 
[19002:internal-dpl-clock]: [17:40:43][STATE] Starting FairMQ state machine --> IDLE
[19003:mft-cluster-reader]: [17:40:43][STATE] IDLE ---> INITIALIZING DEVICE
[19002:internal-dpl-clock]: [17:40:43][STATE] IDLE ---> INITIALIZING DEVICE
[19002:internal-dpl-clock]: [17:40:43][STATE] INITIALIZING DEVICE ---> INITIALIZED
[19002:internal-dpl-clock]: [17:40:43][STATE] INITIALIZED ---> BINDING
[19002:internal-dpl-clock]: [17:40:43][STATE] BINDING ---> BOUND
[19002:internal-dpl-clock]: [17:40:43][STATE] BOUND ---> CONNECTING
[19002:internal-dpl-clock]: [17:40:43][STATE] CONNECTING ---> DEVICE READY
[19002:internal-dpl-clock]: [17:40:43][STATE] DEVICE READY ---> INITIALIZING TASK
[19002:internal-dpl-clock]: [17:40:43][STATE] INITIALIZING TASK ---> READY
[19002:internal-dpl-clock]: [17:40:43][STATE] READY ---> RUNNING
[19002:internal-dpl-clock]: [17:40:43][INFO] fair::mq::Device running...
[19002:internal-dpl-clock]: [17:40:43][INFO] LHCPeriod is not available, using current month SEP
[19002:internal-dpl-clock]: [17:40:43][INFO] Correctly handshaken websocket connection.
[19008:globalfwd-track-matcher]: [INFO] Instrumenting crash signals
[19008:globalfwd-track-matcher]: [INFO] Spawing new device globalfwd-track-matcher in process with pid 19008
[19008:globalfwd-track-matcher]: [17:40:43][INFO] 
[19008:globalfwd-track-matcher]:       ______      _    _______  _________ 
[19008:globalfwd-track-matcher]:      / ____/___ _(_)_______   |/  /_  __ \    version 1.6.0
[19008:globalfwd-track-matcher]:     / /_  / __ `/ / ___/__  /|_/ /_  / / /    build RELWITHDEBINFO
[19008:globalfwd-track-matcher]:    / __/ / /_/ / / /    _  /  / / / /_/ /     https://github.com/FairRootGroup/FairMQ
[19008:globalfwd-track-matcher]:   /_/    \__,_/_/_/     /_/  /_/  \___\_\     LGPL-3.0  © 2012-2023 GSI
[19008:globalfwd-track-matcher]: 
[19008:globalfwd-track-matcher]: [17:40:43][STATE] Starting FairMQ state machine --> IDLE
[19008:globalfwd-track-matcher]: [17:40:43][STATE] IDLE ---> INITIALIZING DEVICE
[19008:globalfwd-track-matcher]: [17:40:44][STATE] INITIALIZING DEVICE ---> INITIALIZED
[19008:globalfwd-track-matcher]: [17:40:44][STATE] INITIALIZED ---> BINDING
[19008:globalfwd-track-matcher]: [17:40:44][STATE] BINDING ---> BOUND
[19008:globalfwd-track-matcher]: [17:40:44][STATE] BOUND ---> CONNECTING
[19008:globalfwd-track-matcher]: [17:40:44][STATE] CONNECTING ---> DEVICE READY
[19008:globalfwd-track-matcher]: [17:40:44][STATE] DEVICE READY ---> INITIALIZING TASK
[19008:globalfwd-track-matcher]: [17:40:44][STATE] INITIALIZING TASK ---> READY
[19008:globalfwd-track-matcher]: [17:40:44][STATE] READY ---> RUNNING
[19008:globalfwd-track-matcher]: [17:40:44][INFO] fair::mq::Device running...
[19008:globalfwd-track-matcher]: [17:40:44][INFO] LHCPeriod is not available, using current month SEP
[19008:globalfwd-track-matcher]: [17:40:44][INFO] Correctly handshaken websocket connection.
[19010:internal-dpl-injected-dummy-sink]: [INFO] Instrumenting crash signals
[19010:internal-dpl-injected-dummy-sink]: [INFO] Spawing new device internal-dpl-injected-dummy-sink in process with pid 19010
[19010:internal-dpl-injected-dummy-sink]: [17:40:44][INFO] 
[19010:internal-dpl-injected-dummy-sink]:       ______      _    _______  _________ 
[19010:internal-dpl-injected-dummy-sink]:      / ____/___ _(_)_______   |/  /_  __ \    version 1.6.0
[19010:internal-dpl-injected-dummy-sink]:     / /_  / __ `/ / ___/__  /|_/ /_  / / /    build RELWITHDEBINFO
[19010:internal-dpl-injected-dummy-sink]:    / __/ / /_/ / / /    _  /  / / / /_/ /     https://github.com/FairRootGroup/FairMQ
[19010:internal-dpl-injected-dummy-sink]:   /_/    \__,_/_/_/     /_/  /_/  \___\_\     LGPL-3.0  © 2012-2023 GSI
[19010:internal-dpl-injected-dummy-sink]: 
[19010:internal-dpl-injected-dummy-sink]: [17:40:44][STATE] Starting FairMQ state machine --> IDLE
[19005:mft-track-reader]: [INFO] Instrumenting crash signals
[19009:globalfwd-track-writer]: [INFO] Instrumenting crash signals
[19005:mft-track-reader]: [INFO] Spawing new device mft-track-reader in process with pid 19005
[19009:globalfwd-track-writer]: [INFO] Spawing new device globalfwd-track-writer in process with pid 19009
[19005:mft-track-reader]: [17:40:44][INFO] 
[19005:mft-track-reader]:       ______      _    _______  _________ 
[19005:mft-track-reader]:      / ____/___ _(_)_______   |/  /_  __ \    version 1.6.0
[19005:mft-track-reader]:     / /_  / __ `/ / ___/__  /|_/ /_  / / /    build RELWITHDEBINFO
[19005:mft-track-reader]:    / __/ / /_/ / / /    _  /  / / / /_/ /     https://github.com/FairRootGroup/FairMQ
[19005:mft-track-reader]:   /_/    \__,_/_/_/     /_/  /_/  \___\_\     LGPL-3.0  © 2012-2023 GSI
[19005:mft-track-reader]: 
[19005:mft-track-reader]: [17:40:44][STATE] Starting FairMQ state machine --> IDLE
[19009:globalfwd-track-writer]: [17:40:44][INFO] 
[19009:globalfwd-track-writer]:       ______      _    _______  _________ 
[19009:globalfwd-track-writer]:      / ____/___ _(_)_______   |/  /_  __ \    version 1.6.0
[19009:globalfwd-track-writer]:     / /_  / __ `/ / ___/__  /|_/ /_  / / /    build RELWITHDEBINFO
[19009:globalfwd-track-writer]:    / __/ / /_/ / / /    _  /  / / / /_/ /     https://github.com/FairRootGroup/FairMQ
[19009:globalfwd-track-writer]:   /_/    \__,_/_/_/     /_/  /_/  \___\_\     LGPL-3.0  © 2012-2023 GSI
[19009:globalfwd-track-writer]: 
[19009:globalfwd-track-writer]: [17:40:44][STATE] Starting FairMQ state machine --> IDLE
[19009:globalfwd-track-writer]: [17:40:44][STATE] IDLE ---> INITIALIZING DEVICE
[19010:internal-dpl-injected-dummy-sink]: [17:40:44][STATE] IDLE ---> INITIALIZING DEVICE
[19010:internal-dpl-injected-dummy-sink]: [17:40:44][STATE] INITIALIZING DEVICE ---> INITIALIZED
[19010:internal-dpl-injected-dummy-sink]: [17:40:44][STATE] INITIALIZED ---> BINDING
[19010:internal-dpl-injected-dummy-sink]: [17:40:44][STATE] BINDING ---> BOUND
[19010:internal-dpl-injected-dummy-sink]: [17:40:44][STATE] BOUND ---> CONNECTING
[19010:internal-dpl-injected-dummy-sink]: [17:40:44][STATE] CONNECTING ---> DEVICE READY
[19010:internal-dpl-injected-dummy-sink]: [17:40:44][STATE] DEVICE READY ---> INITIALIZING TASK
[19010:internal-dpl-injected-dummy-sink]: [17:40:44][STATE] INITIALIZING TASK ---> READY
[19010:internal-dpl-injected-dummy-sink]: [17:40:44][STATE] READY ---> RUNNING
[19010:internal-dpl-injected-dummy-sink]: [17:40:44][INFO] fair::mq::Device running...
[19010:internal-dpl-injected-dummy-sink]: [17:40:44][INFO] LHCPeriod is not available, using current month SEP
[19010:internal-dpl-injected-dummy-sink]: [17:40:44][INFO] Correctly handshaken websocket connection.
[19005:mft-track-reader]: [17:40:44][STATE] IDLE ---> INITIALIZING DEVICE
[19007:internal-dpl-ccdb-backend]: [INFO] Instrumenting crash signals
[19007:internal-dpl-ccdb-backend]: [INFO] Spawing new device internal-dpl-ccdb-backend in process with pid 19007
[19007:internal-dpl-ccdb-backend]: [17:40:44][INFO] 
[19007:internal-dpl-ccdb-backend]:       ______      _    _______  _________ 
[19007:internal-dpl-ccdb-backend]:      / ____/___ _(_)_______   |/  /_  __ \    version 1.6.0
[19007:internal-dpl-ccdb-backend]:     / /_  / __ `/ / ___/__  /|_/ /_  / / /    build RELWITHDEBINFO
[19007:internal-dpl-ccdb-backend]:    / __/ / /_/ / / /    _  /  / / / /_/ /     https://github.com/FairRootGroup/FairMQ
[19007:internal-dpl-ccdb-backend]:   /_/    \__,_/_/_/     /_/  /_/  \___\_\     LGPL-3.0  © 2012-2023 GSI
[19007:internal-dpl-ccdb-backend]: 
[19007:internal-dpl-ccdb-backend]: [17:40:44][STATE] Starting FairMQ state machine --> IDLE
[19007:internal-dpl-ccdb-backend]: [17:40:44][STATE] IDLE ---> INITIALIZING DEVICE
[19007:internal-dpl-ccdb-backend]: [17:40:44][INFO] CCDB Backend at: http://alice-ccdb.cern.ch, validity check for every 2147483647 TF
[19007:internal-dpl-ccdb-backend]: [17:40:44][INFO] Init CcdApi with UserAgentID: localhost.localdomain-1694014844-vprNDD, Host: http://alice-ccdb.cern.ch
[19007:internal-dpl-ccdb-backend]: [17:40:44][INFO] Initialised default CCDB host http://alice-ccdb.cern.ch
[19007:internal-dpl-ccdb-backend]: [17:40:44][INFO] The following route is a condition MFT/ALPIDEPARAM/0
[19007:internal-dpl-ccdb-backend]: [17:40:44][INFO] - ccdb-path: MFT/Config/AlpideParam
[19007:internal-dpl-ccdb-backend]: [17:40:44][INFO] The following route is a condition MFT/CLUSDICT/0
[19007:internal-dpl-ccdb-backend]: [17:40:44][INFO] - ccdb-path: MFT/Calib/ClusterDictionary
[19007:internal-dpl-ccdb-backend]: [17:40:44][INFO] The following route is a condition GLO/GRPMAGFIELD/0
[19007:internal-dpl-ccdb-backend]: [17:40:44][INFO] - ccdb-path: GLO/Config/GRPMagField
[19007:internal-dpl-ccdb-backend]: [17:40:44][INFO] The following route is a condition GLO/GRPLHCIF/0
[19007:internal-dpl-ccdb-backend]: [17:40:44][INFO] - ccdb-path: GLO/Config/GRPLHCIF
[19007:internal-dpl-ccdb-backend]: [17:40:44][INFO] The following route is a condition GLO/GRPECS/0
[19007:internal-dpl-ccdb-backend]: [17:40:44][INFO] - ccdb-path: GLO/Config/GRPECS
[19007:internal-dpl-ccdb-backend]: [17:40:44][INFO] The following route is a condition GLO/GEOMALIGN/0
[19007:internal-dpl-ccdb-backend]: [17:40:44][INFO] - ccdb-path: GLO/Config/GeometryAligned
[19007:internal-dpl-ccdb-backend]: [17:40:44][STATE] INITIALIZING DEVICE ---> INITIALIZED
[19007:internal-dpl-ccdb-backend]: [17:40:44][STATE] INITIALIZED ---> BINDING
[19007:internal-dpl-ccdb-backend]: [17:40:44][STATE] BINDING ---> BOUND
[19007:internal-dpl-ccdb-backend]: [17:40:44][STATE] BOUND ---> CONNECTING
[19007:internal-dpl-ccdb-backend]: [17:40:44][STATE] CONNECTING ---> DEVICE READY
[19007:internal-dpl-ccdb-backend]: [17:40:44][STATE] DEVICE READY ---> INITIALIZING TASK
[19007:internal-dpl-ccdb-backend]: [17:40:44][STATE] INITIALIZING TASK ---> READY
[19007:internal-dpl-ccdb-backend]: [17:40:44][STATE] READY ---> RUNNING
[19007:internal-dpl-ccdb-backend]: [17:40:44][INFO] fair::mq::Device running...
[19007:internal-dpl-ccdb-backend]: [17:40:44][INFO] LHCPeriod is not available, using current month SEP
[19007:internal-dpl-ccdb-backend]: [17:40:44][INFO] Correctly handshaken websocket connection.
[19004:mch-tracks-reader0]: [17:40:44][INFO] branch set up: trackrofs
[19004:mch-tracks-reader0]: [17:40:44][INFO] branch set up: tracks
[19004:mch-tracks-reader0]: [17:40:44][INFO] branch set up: trackclusters
[19004:mch-tracks-reader0]: [17:40:44][INFO] branch set up: tracklabels
[19004:mch-tracks-reader0]: [17:40:44][STATE] INITIALIZING DEVICE ---> INITIALIZED
[19004:mch-tracks-reader0]: [17:40:44][STATE] INITIALIZED ---> BINDING
[19004:mch-tracks-reader0]: [17:40:44][STATE] BINDING ---> BOUND
[19004:mch-tracks-reader0]: [17:40:44][STATE] BOUND ---> CONNECTING
[19004:mch-tracks-reader0]: [17:40:44][STATE] CONNECTING ---> DEVICE READY
[19004:mch-tracks-reader0]: [17:40:44][STATE] DEVICE READY ---> INITIALIZING TASK
[19004:mch-tracks-reader0]: [17:40:44][STATE] INITIALIZING TASK ---> READY
[19004:mch-tracks-reader0]: [17:40:44][STATE] READY ---> RUNNING
[19004:mch-tracks-reader0]: [17:40:44][INFO] fair::mq::Device running...
[19004:mch-tracks-reader0]: [17:40:44][INFO] LHCPeriod is not available, using current month SEP
[19004:mch-tracks-reader0]: [17:40:44][INFO] MCH 0 ROFS
[19004:mch-tracks-reader0]: [17:40:44][INFO] MCH 0 TRACKS
[19004:mch-tracks-reader0]: [17:40:44][INFO] MCH 0 CLUSTERS
[19004:mch-tracks-reader0]: [17:40:44][INFO] MCH 0 LABELS
[19004:mch-tracks-reader0]: [17:40:45][INFO] Correctly handshaken websocket connection.
[19004:mch-tracks-reader0]: [17:40:45][INFO] Sending end-of-stream message to channel from_mch-tracks-reader0_to_internal-dpl-ccdb-backend
[19004:mch-tracks-reader0]: [17:40:45][INFO] Sending end-of-stream message to channel from_mch-tracks-reader0_to_globalfwd-track-matcher
[19009:globalfwd-track-writer]: [17:40:45][INFO] 0: branch  fwdtracks set up
[19009:globalfwd-track-writer]: [17:40:45][INFO] 1: branch  MCTruth set up
[19009:globalfwd-track-writer]: [17:40:45][STATE] INITIALIZING DEVICE ---> INITIALIZED
[19009:globalfwd-track-writer]: [17:40:45][STATE] INITIALIZED ---> BINDING
[19009:globalfwd-track-writer]: [17:40:45][STATE] BINDING ---> BOUND
[19009:globalfwd-track-writer]: [17:40:45][STATE] BOUND ---> CONNECTING
[19009:globalfwd-track-writer]: [17:40:45][STATE] CONNECTING ---> DEVICE READY
[19009:globalfwd-track-writer]: [17:40:45][STATE] DEVICE READY ---> INITIALIZING TASK
[19009:globalfwd-track-writer]: [17:40:45][STATE] INITIALIZING TASK ---> READY
[19009:globalfwd-track-writer]: [17:40:45][STATE] READY ---> RUNNING
[19009:globalfwd-track-writer]: [17:40:45][INFO] fair::mq::Device running...
[19009:globalfwd-track-writer]: [17:40:45][INFO] LHCPeriod is not available, using current month SEP
[19009:globalfwd-track-writer]: [17:40:45][INFO] Correctly handshaken websocket connection.
[19005:mft-track-reader]: [17:40:45][INFO] Loaded tree from mfttracks.root with 1 entries
[19006:mchmid-matches-reader]: [17:40:45][INFO] Loaded tree from muontracks.root with 1 entries
[19005:mft-track-reader]: [17:40:45][STATE] INITIALIZING DEVICE ---> INITIALIZED
[19006:mchmid-matches-reader]: [17:40:45][STATE] INITIALIZING DEVICE ---> INITIALIZED
[19006:mchmid-matches-reader]: [17:40:45][STATE] INITIALIZED ---> BINDING
[19005:mft-track-reader]: [17:40:45][STATE] INITIALIZED ---> BINDING
[19005:mft-track-reader]: [17:40:45][STATE] BINDING ---> BOUND
[19006:mchmid-matches-reader]: [17:40:45][STATE] BINDING ---> BOUND
[19006:mchmid-matches-reader]: [17:40:45][STATE] BOUND ---> CONNECTING
[19005:mft-track-reader]: [17:40:45][STATE] BOUND ---> CONNECTING
[19005:mft-track-reader]: [17:40:45][STATE] CONNECTING ---> DEVICE READY
[19006:mchmid-matches-reader]: [17:40:45][STATE] CONNECTING ---> DEVICE READY
[19005:mft-track-reader]: [17:40:45][STATE] DEVICE READY ---> INITIALIZING TASK
[19006:mchmid-matches-reader]: [17:40:45][STATE] DEVICE READY ---> INITIALIZING TASK
[19005:mft-track-reader]: [17:40:45][STATE] INITIALIZING TASK ---> READY
[19005:mft-track-reader]: [17:40:45][STATE] READY ---> RUNNING
[19005:mft-track-reader]: [17:40:45][INFO] fair::mq::Device running...
[19005:mft-track-reader]: [17:40:45][INFO] LHCPeriod is not available, using current month SEP
[19006:mchmid-matches-reader]: [17:40:45][STATE] INITIALIZING TASK ---> READY
[19006:mchmid-matches-reader]: [17:40:45][STATE] READY ---> RUNNING
[19006:mchmid-matches-reader]: [17:40:45][INFO] fair::mq::Device running...
[19005:mft-track-reader]: [17:40:45][INFO] Pushing 0 track in 47 ROFs at entry 0
[19006:mchmid-matches-reader]: [17:40:45][INFO] LHCPeriod is not available, using current month SEP
[19006:mchmid-matches-reader]: [17:40:45][INFO] Pushing 0 MCHMID matches at entry 0
[19003:mft-cluster-reader]: [17:40:45][INFO] Loaded tree from mftclusters.root with 1 entries
[19003:mft-cluster-reader]: [17:40:45][STATE] INITIALIZING DEVICE ---> INITIALIZED
[19003:mft-cluster-reader]: [17:40:45][STATE] INITIALIZED ---> BINDING
[19003:mft-cluster-reader]: [17:40:45][STATE] BINDING ---> BOUND
[19003:mft-cluster-reader]: [17:40:45][STATE] BOUND ---> CONNECTING
[19003:mft-cluster-reader]: [17:40:45][STATE] CONNECTING ---> DEVICE READY
[19003:mft-cluster-reader]: [17:40:45][STATE] DEVICE READY ---> INITIALIZING TASK
[19003:mft-cluster-reader]: [17:40:45][STATE] INITIALIZING TASK ---> READY
[19003:mft-cluster-reader]: [17:40:45][STATE] READY ---> RUNNING
[19003:mft-cluster-reader]: [17:40:45][INFO] fair::mq::Device running...
[19003:mft-cluster-reader]: [17:40:45][INFO] LHCPeriod is not available, using current month SEP
[19003:mft-cluster-reader]: [17:40:45][INFO] MFTClusterReader pushes 47 ROFRecords,230 compact clusters at entry 0
[19005:mft-track-reader]: [17:40:45][INFO] Sending end-of-stream message to channel from_mft-track-reader_to_globalfwd-track-matcher
[19005:mft-track-reader]: [17:40:45][INFO] Correctly handshaken websocket connection.
[19006:mchmid-matches-reader]: [17:40:45][INFO] Sending end-of-stream message to channel from_mchmid-matches-reader_to_globalfwd-track-matcher
[19006:mchmid-matches-reader]: [17:40:45][INFO] Correctly handshaken websocket connection.
[19003:mft-cluster-reader]: [17:40:45][INFO] Sending end-of-stream message to channel from_mft-cluster-reader_to_globalfwd-track-matcher
[19003:mft-cluster-reader]: [17:40:45][INFO] Sending end-of-stream message to channel from_mft-cluster-reader_to_internal-dpl-injected-dummy-sink
[19003:mft-cluster-reader]: [17:40:45][INFO] Correctly handshaken websocket connection.
[19007:internal-dpl-ccdb-backend]: Info in <TJAlienConnectionManager>: Opening connection to JCentral. Please wait
[19007:internal-dpl-ccdb-backend]: Info in <TJAlienConnectionManager>: Opening connection to 137.138.99.147
[19007:internal-dpl-ccdb-backend]: Info in <TJAlienConnectionManager>: Successfully connected to 137.138.99.147
[19007:internal-dpl-ccdb-backend]: Info in <TJAlienFile::Open>: Accessing file /alice/data/CCDB/CTP/Calib/OrbitReset/06/62200/b9f985c3-b4b0-11ec-8fd3-90ce809b24ee in SE <ALICE::CERN::EOS>
[19007:internal-dpl-ccdb-backend]: [17:40:46][INFO] ccdb reads http://alice-ccdb.cern.ch/CTP/Calib/OrbitReset/1546300800000/b9f985c3-b4b0-11ec-8fd3-90ce809b24ee for 1546300800000 (load to memory, agent_id: localhost.localdomain-1694014844-vprNDD), 
[19007:internal-dpl-ccdb-backend]: Info in <TJAlienFile::Open>: Accessing file /alice/data/CCDB/MFT/Config/AlpideParam/04/29512/fd421b4c-d4ae-11ec-90c5-2a010e0a0b16 in SE <ALICE::CERN::OCDB>
[19007:internal-dpl-ccdb-backend]: [17:40:46][INFO] ccdb reads http://alice-ccdb.cern.ch/MFT/Config/AlpideParam/1/fd421b4c-d4ae-11ec-90c5-2a010e0a0b16 for 1546300800000 (load to memory, agent_id: localhost.localdomain-1694014844-vprNDD), 
[19007:internal-dpl-ccdb-backend]: Info in <TJAlienFile::Open>: Accessing file /alice/data/CCDB/MFT/Calib/ClusterDictionary/13/20237/c9a0bd70-9fe3-11ec-975c-200114580202 in SE <ALICE::CERN::EOS>
[19007:internal-dpl-ccdb-backend]: [17:40:46][INFO] ccdb reads http://alice-ccdb.cern.ch/MFT/Calib/ClusterDictionary/0/c9a0bd70-9fe3-11ec-975c-200114580202 for 1546300800000 (load to memory, agent_id: localhost.localdomain-1694014844-vprNDD), 
[19007:internal-dpl-ccdb-backend]: Info in <TJAlienFile::Open>: Accessing file /alice/data/CCDB/GLO/Config/GRPMagField/06/62924/01d633ab-efdf-11ec-841e-2a010e0a0b16 in SE <ALICE::CERN::OCDB>
[19007:internal-dpl-ccdb-backend]: [17:40:46][INFO] ccdb reads http://alice-ccdb.cern.ch/GLO/Config/GRPMagField/1546300800000/01d633ab-efdf-11ec-841e-2a010e0a0b16 for 1546300800000 (load to memory, agent_id: localhost.localdomain-1694014844-vprNDD), 
[19007:internal-dpl-ccdb-backend]: Info in <TJAlienFile::Open>: Accessing file /alice/data/CCDB/GLO/Config/GRPLHCIF/04/60609/b3296373-efea-11ec-b9c0-2a010e0a0b16 in SE <ALICE::CERN::OCDB>
[19007:internal-dpl-ccdb-backend]: [17:40:46][INFO] ccdb reads http://alice-ccdb.cern.ch/GLO/Config/GRPLHCIF/1546300800000/b3296373-efea-11ec-b9c0-2a010e0a0b16 for 1546300800000 (load to memory, agent_id: localhost.localdomain-1694014844-vprNDD), 
[19007:internal-dpl-ccdb-backend]: Info in <TJAlienFile::Open>: Accessing file /alice/data/CCDB/GLO/Config/GRPECS/03/07584/646e9be2-0210-11ed-8000-200114580202 in SE <ALICE::CERN::OCDB>
[19007:internal-dpl-ccdb-backend]: [17:40:46][INFO] ccdb reads http://alice-ccdb.cern.ch/GLO/Config/GRPECS/1546300800000/646e9be2-0210-11ed-8000-200114580202 for 1546300800000 (load to memory, agent_id: localhost.localdomain-1694014844-vprNDD), 
[19007:internal-dpl-ccdb-backend]: Info in <TJAlienFile::Open>: Accessing file /alice/data/CCDB/GLO/Config/GeometryAligned/06/21224/787687c0-287a-11ed-8141-200114580202 in SE <ALICE::CERN::OCDB>
[19007:internal-dpl-ccdb-backend]: [17:40:47][INFO] ccdb reads http://alice-ccdb.cern.ch/GLO/Config/GeometryAligned/1546300800000/787687c0-287a-11ed-8141-200114580202 for 1546300800000 (load to memory, agent_id: localhost.localdomain-1694014844-vprNDD), 
[19007:internal-dpl-ccdb-backend]: [17:40:47][INFO] Sending end-of-stream message to channel from_internal-dpl-ccdb-backend_to_globalfwd-track-matcher
[19007:internal-dpl-ccdb-backend]: [17:40:47][INFO] Sending end-of-stream message to channel from_internal-dpl-ccdb-backend_to_internal-dpl-injected-dummy-sink
[19008:globalfwd-track-matcher]: [17:40:47][INFO] MFT Alpide param updated
[19008:globalfwd-track-matcher]: [17:40:47][INFO] Caching in 140176796926592 ptr to MFT/ALPIDEPARAM/0 (0x7f7ff51cf7c0)
[19008:globalfwd-track-matcher]: [17:40:47][INFO] cluster dictionary updated
[19008:globalfwd-track-matcher]: [17:40:47][INFO] Caching in 140176796928672 ptr to MFT/CLUSDICT/0 (0x4c57520)
[19008:globalfwd-track-matcher]: [17:40:47][INFO] GRP MagField object updated
[19008:globalfwd-track-matcher]: [17:40:47][INFO] MagneticField::Print: MagneticFieldMap:
[19008:globalfwd-track-matcher]: [17:40:47][INFO] MagneticField::Print: Solenoid (-1*)5 kG, Dipole ON (-1) 
[19008:globalfwd-track-matcher]: [17:40:47][INFO] MagneticField::Print: Machine B fields for p-p  beam (7000 GeV): QGrad: 22.0002 Dipole: 37.8781
[19008:globalfwd-track-matcher]: [17:40:47][INFO] MagneticField::Print: Uses Sol30_Dip6_Hole  of /root/alice/sw/slc8_x86-64/O2/segment-local1/share/Common/maps/mfchebKGI_sym.root
[19008:globalfwd-track-matcher]: Info in <TGeoGlobalMagField::SetField>: Global magnetic field set to <MagneticFieldMap>
[19008:globalfwd-track-matcher]: Info in <TGeoGlobalMagField::Lock>: Global magnetic field <MagneticFieldMap> is now locked
[19008:globalfwd-track-matcher]: [17:40:47][INFO] Track extrapolation with magnetic field ON
[19008:globalfwd-track-matcher]: [17:40:47][INFO] Caching in 140176796950400 ptr to GLO/GRPMAGFIELD/0 (0x2847ea0)
[19008:globalfwd-track-matcher]: [17:40:47][INFO] GRP LHCIF object updated
[19008:globalfwd-track-matcher]: [17:40:47][INFO] Caching in 140176796951648 ptr to GLO/GRPLHCIF/0 (0x5b64ab0)
[19008:globalfwd-track-matcher]: [17:40:47][INFO] GRP ECS object updated
[19008:globalfwd-track-matcher]: [17:40:47][INFO] Caching in 140176796953920 ptr to GLO/GRPECS/0 (0x2d916a0)
[19008:globalfwd-track-matcher]: Info in <TGeoManager::CloseGeometry>: Geometry loaded from file...
[19008:globalfwd-track-matcher]: Info in <TGeoManager::SetTopVolume>: Top volume is cave. Master volume is cave
[19008:globalfwd-track-matcher]: Info in <TGeoNavigator::BuildCache>: --- Maximum geometry depth set to 100
[19008:globalfwd-track-matcher]: Info in <TGeoManager::Voxelize>: Voxelizing...
[19008:globalfwd-track-matcher]: Info in <TGeoManager::CountLevels>: max level = 13, max placements = 735
[19008:globalfwd-track-matcher]: Info in <TGeoManager::CloseGeometry>: 5346742 nodes/ 27442 volume UID's in FAIR geometry
[19008:globalfwd-track-matcher]: Info in <TGeoManager::CloseGeometry>: ----------------modeler ready----------------
[19008:globalfwd-track-matcher]: [17:40:48][INFO] aligned geometry updated
[19008:globalfwd-track-matcher]: [17:40:48][INFO] Caching in 140176796956192 ptr to GLO/GEOMALIGN/0 (0x5330300)
[19008:globalfwd-track-matcher]: [17:40:48][INFO] Setting Global forward matching Bz = -5.00188
[19008:globalfwd-track-matcher]: [17:40:48][INFO] Initializing Global Forward Matcher
[19008:globalfwd-track-matcher]: [17:40:48][INFO] MFT Radiation Length = 0.042
[19008:globalfwd-track-matcher]: [17:40:48][INFO] MFT Align residuals = 1
[19008:globalfwd-track-matcher]: [17:40:48][INFO] MFTMCH matchingPlaneZ = -77.5
[19008:globalfwd-track-matcher]: [17:40:48][INFO] Match function string = matchALL
[19008:globalfwd-track-matcher]: [17:40:48][INFO]   Found built-in matching function matchALL
[19008:globalfwd-track-matcher]: [17:40:48][INFO] MFTMCH pair candidate cut function string = cutDisabled
[19008:globalfwd-track-matcher]: [17:40:48][INFO]   Found built-in cut function cutDisabled
[19008:globalfwd-track-matcher]: [17:40:48][INFO] UseMIDMCH Matching = true
[19008:globalfwd-track-matcher]: [17:40:48][INFO] Save mode MFTMCH candidates = 0
[19008:globalfwd-track-matcher]: [17:40:48][INFO] MFT GeometryTGeo::Build total number of sensors 936
[19008:globalfwd-track-matcher]: [17:40:48][INFO] Loading MFT L2G matrices from TGeo
[19008:globalfwd-track-matcher]: [17:40:48][INFO] Loading MFT T2L matrices from TGeo
[19008:globalfwd-track-matcher]: [17:40:48][INFO] Loaded 0 MFT Tracks in 47 ROFs
[19008:globalfwd-track-matcher]: [17:40:48][INFO] Forward matcher total timing: Cpu: 1.500e+00 Real: 4.560e+00 s in 1 slots
[19008:globalfwd-track-matcher]: [17:40:48][INFO] Sending end-of-stream message to channel from_globalfwd-track-matcher_to_globalfwd-track-writer
[19009:globalfwd-track-writer]: [17:40:48][INFO] Writing 0 GlobalForward Tracks
[INFO] Quitting
[INFO] QUIT_REQUESTED
[19002:internal-dpl-clock]: [17:40:48][INFO] Received device shutdown request (signal 15).
[19002:internal-dpl-clock]: [17:40:48][INFO] Waiting for graceful device shutdown. Hit Ctrl-C again to abort immediately.
[19003:mft-cluster-reader]: [17:40:48][INFO] Received device shutdown request (signal 15).
[19003:mft-cluster-reader]: [17:40:48][INFO] Waiting for graceful device shutdown. Hit Ctrl-C again to abort immediately.
[19004:mch-tracks-reader0]: [17:40:48][INFO] Received device shutdown request (signal 15).
[19004:mch-tracks-reader0]: [17:40:48][INFO] Waiting for graceful device shutdown. Hit Ctrl-C again to abort immediately.
[19005:mft-track-reader]: [17:40:48][INFO] Received device shutdown request (signal 15).
[19005:mft-track-reader]: [17:40:48][INFO] Waiting for graceful device shutdown. Hit Ctrl-C again to abort immediately.
[19006:mchmid-matches-reader]: [17:40:48][INFO] Received device shutdown request (signal 15).
[19006:mchmid-matches-reader]: [17:40:48][INFO] Waiting for graceful device shutdown. Hit Ctrl-C again to abort immediately.
[19007:internal-dpl-ccdb-backend]: [17:40:48][INFO] Received device shutdown request (signal 15).
[19007:internal-dpl-ccdb-backend]: [17:40:48][INFO] Waiting for graceful device shutdown. Hit Ctrl-C again to abort immediately.
[19003:mft-cluster-reader]: [17:40:48][INFO] New state requested. No timeout set, quitting immediately as per --completion-policy
[19003:mft-cluster-reader]: [17:40:48][STATE] RUNNING ---> READY
[19003:mft-cluster-reader]: [17:40:48][STATE] READY ---> RESETTING TASK
[19003:mft-cluster-reader]: [17:40:48][STATE] RESETTING TASK ---> DEVICE READY
[19003:mft-cluster-reader]: [17:40:48][STATE] DEVICE READY ---> RESETTING DEVICE
[19008:globalfwd-track-matcher]: [17:40:48][INFO] Received device shutdown request (signal 15).
[19008:globalfwd-track-matcher]: [17:40:48][INFO] Waiting for graceful device shutdown. Hit Ctrl-C again to abort immediately.
[19009:globalfwd-track-writer]: [17:40:48][INFO] Received device shutdown request (signal 15).
[19009:globalfwd-track-writer]: [17:40:48][INFO] Waiting for graceful device shutdown. Hit Ctrl-C again to abort immediately.
[19010:internal-dpl-injected-dummy-sink]: [17:40:48][INFO] Received device shutdown request (signal 15).
[19010:internal-dpl-injected-dummy-sink]: [17:40:48][INFO] Waiting for graceful device shutdown. Hit Ctrl-C again to abort immediately.
[19002:internal-dpl-clock]: [17:40:48][INFO] New state requested. No timeout set, quitting immediately as per --completion-policy
[19002:internal-dpl-clock]: [17:40:48][INFO] Sending end-of-stream message to channel from_internal-dpl-clock_to_mft-cluster-reader
[19002:internal-dpl-clock]: [17:40:48][INFO] Sending end-of-stream message to channel from_internal-dpl-clock_to_mch-tracks-reader0
[19002:internal-dpl-clock]: [17:40:48][INFO] Sending end-of-stream message to channel from_internal-dpl-clock_to_mft-track-reader
[19002:internal-dpl-clock]: [17:40:48][INFO] Sending end-of-stream message to channel from_internal-dpl-clock_to_mchmid-matches-reader
[19002:internal-dpl-clock]: [17:40:48][STATE] RUNNING ---> READY
[19005:mft-track-reader]: [17:40:48][INFO] New state requested. No timeout set, quitting immediately as per --completion-policy
[19005:mft-track-reader]: [17:40:48][STATE] RUNNING ---> READY
[19006:mchmid-matches-reader]: [17:40:48][INFO] New state requested. No timeout set, quitting immediately as per --completion-policy
[19006:mchmid-matches-reader]: [17:40:48][STATE] RUNNING ---> READY
[19006:mchmid-matches-reader]: [17:40:48][STATE] READY ---> RESETTING TASK
[19006:mchmid-matches-reader]: [17:40:48][STATE] RESETTING TASK ---> DEVICE READY
[19006:mchmid-matches-reader]: [17:40:48][STATE] DEVICE READY ---> RESETTING DEVICE
[19010:internal-dpl-injected-dummy-sink]: [17:40:48][INFO] New state requested. No timeout set, quitting immediately as per --completion-policy
[19010:internal-dpl-injected-dummy-sink]: [17:40:48][STATE] RUNNING ---> READY
[19004:mch-tracks-reader0]: [17:40:48][INFO] New state requested. No timeout set, quitting immediately as per --completion-policy
[19004:mch-tracks-reader0]: [17:40:48][STATE] RUNNING ---> READY
[19005:mft-track-reader]: [17:40:48][STATE] READY ---> RESETTING TASK
[19005:mft-track-reader]: [17:40:48][STATE] RESETTING TASK ---> DEVICE READY
[19007:internal-dpl-ccdb-backend]: [17:40:48][INFO] New state requested. No timeout set, quitting immediately as per --completion-policy
[19007:internal-dpl-ccdb-backend]: [17:40:48][INFO] CCDB cache miss/hit ratio:
[19007:internal-dpl-ccdb-backend]: [17:40:48][INFO]   GLO/Config/GeometryAligned: 1/0 (1847296-1847296 bytes)
[19007:internal-dpl-ccdb-backend]: [17:40:48][INFO]   GLO/Config/GRPECS: 1/0 (2048-2048 bytes)
[19007:internal-dpl-ccdb-backend]: [17:40:48][INFO]   GLO/Config/GRPLHCIF: 1/0 (2048-2048 bytes)
[19007:internal-dpl-ccdb-backend]: [17:40:48][INFO]   GLO/Config/GRPMagField: 1/0 (1024-1024 bytes)
[19007:internal-dpl-ccdb-backend]: [17:40:48][INFO]   MFT/Calib/ClusterDictionary: 1/0 (21504-21504 bytes)
[19007:internal-dpl-ccdb-backend]: [17:40:48][INFO]   MFT/Config/AlpideParam: 1/0 (2048-2048 bytes)
[19007:internal-dpl-ccdb-backend]: [17:40:48][INFO]   CTP/Calib/OrbitReset: 1/1 (1024-1024 bytes)
[19007:internal-dpl-ccdb-backend]: [17:40:48][STATE] RUNNING ---> READY
[19010:internal-dpl-injected-dummy-sink]: [17:40:48][STATE] READY ---> RESETTING TASK
[19010:internal-dpl-injected-dummy-sink]: [17:40:48][STATE] RESETTING TASK ---> DEVICE READY
[19002:internal-dpl-clock]: [17:40:48][STATE] READY ---> RESETTING TASK
[19002:internal-dpl-clock]: [17:40:48][STATE] RESETTING TASK ---> DEVICE READY
[19005:mft-track-reader]: [17:40:48][STATE] DEVICE READY ---> RESETTING DEVICE
[19007:internal-dpl-ccdb-backend]: [17:40:48][STATE] READY ---> RESETTING TASK
[19007:internal-dpl-ccdb-backend]: [17:40:48][STATE] RESETTING TASK ---> DEVICE READY
[19009:globalfwd-track-writer]: [17:40:48][INFO] New state requested. No timeout set, quitting immediately as per --completion-policy
[19002:internal-dpl-clock]: [17:40:48][STATE] DEVICE READY ---> RESETTING DEVICE
[19004:mch-tracks-reader0]: [17:40:48][STATE] READY ---> RESETTING TASK
[19004:mch-tracks-reader0]: [17:40:48][STATE] RESETTING TASK ---> DEVICE READY
[19010:internal-dpl-injected-dummy-sink]: [17:40:48][STATE] DEVICE READY ---> RESETTING DEVICE
[19007:internal-dpl-ccdb-backend]: [17:40:48][STATE] DEVICE READY ---> RESETTING DEVICE
[19008:globalfwd-track-matcher]: [17:40:48][INFO] New state requested. No timeout set, quitting immediately as per --completion-policy
[19008:globalfwd-track-matcher]: [17:40:48][STATE] RUNNING ---> READY
[19008:globalfwd-track-matcher]: [17:40:48][STATE] READY ---> RESETTING TASK
[19008:globalfwd-track-matcher]: [17:40:48][STATE] RESETTING TASK ---> DEVICE READY
[19002:internal-dpl-clock]: [17:40:48][STATE] RESETTING DEVICE ---> IDLE
[19002:internal-dpl-clock]: [17:40:48][STATE] IDLE ---> EXITING
[19002:internal-dpl-clock]: [17:40:48][STATE] Exiting FairMQ state machine
[19004:mch-tracks-reader0]: [17:40:48][STATE] DEVICE READY ---> RESETTING DEVICE
[19003:mft-cluster-reader]: [17:40:48][STATE] RESETTING DEVICE ---> IDLE
[19003:mft-cluster-reader]: [17:40:48][STATE] IDLE ---> EXITING
[19003:mft-cluster-reader]: [17:40:48][STATE] Exiting FairMQ state machine
[19008:globalfwd-track-matcher]: [17:40:48][STATE] DEVICE READY ---> RESETTING DEVICE
[19005:mft-track-reader]: [17:40:48][STATE] RESETTING DEVICE ---> IDLE
[19005:mft-track-reader]: [17:40:48][STATE] IDLE ---> EXITING
[19006:mchmid-matches-reader]: [17:40:48][STATE] RESETTING DEVICE ---> IDLE
[19006:mchmid-matches-reader]: [17:40:48][STATE] IDLE ---> EXITING
[19004:mch-tracks-reader0]: [17:40:48][STATE] RESETTING DEVICE ---> IDLE
[19005:mft-track-reader]: [17:40:48][STATE] Exiting FairMQ state machine
[19006:mchmid-matches-reader]: [17:40:48][STATE] Exiting FairMQ state machine
[19010:internal-dpl-injected-dummy-sink]: [17:40:48][STATE] RESETTING DEVICE ---> IDLE
[19007:internal-dpl-ccdb-backend]: [17:40:48][STATE] RESETTING DEVICE ---> IDLE
[19004:mch-tracks-reader0]: [17:40:48][STATE] IDLE ---> EXITING
[19004:mch-tracks-reader0]: [17:40:48][STATE] Exiting FairMQ state machine
[19007:internal-dpl-ccdb-backend]: [17:40:48][STATE] IDLE ---> EXITING
[19010:internal-dpl-injected-dummy-sink]: [17:40:48][STATE] IDLE ---> EXITING
[19008:globalfwd-track-matcher]: [17:40:48][STATE] RESETTING DEVICE ---> IDLE
[19007:internal-dpl-ccdb-backend]: [17:40:48][STATE] Exiting FairMQ state machine
[19008:globalfwd-track-matcher]: [17:40:48][STATE] IDLE ---> EXITING
[19010:internal-dpl-injected-dummy-sink]: [17:40:48][STATE] Exiting FairMQ state machine
[19008:globalfwd-track-matcher]: [17:40:48][STATE] Exiting FairMQ state machine
[19009:globalfwd-track-writer]: [17:40:48][STATE] RUNNING ---> READY
[19009:globalfwd-track-writer]: [17:40:48][STATE] READY ---> RESETTING TASK
[19009:globalfwd-track-writer]: [17:40:48][STATE] RESETTING TASK ---> DEVICE READY
[19009:globalfwd-track-writer]: [17:40:48][STATE] DEVICE READY ---> RESETTING DEVICE
[19009:globalfwd-track-writer]: [17:40:48][INFO] Cleaning up for shared memory id '9ff8bd9e'...
[19009:globalfwd-track-writer]: [17:40:48][INFO] Found 0 unmanaged regions...
[19009:globalfwd-track-writer]: [17:40:48][INFO] Found 1 managed segments...
[19009:globalfwd-track-writer]: [17:40:48][INFO] Successfully removed 'fmq_9ff8bd9e_m_0'.
[19009:globalfwd-track-writer]: [17:40:48][INFO] Successfully removed 'fmq_9ff8bd9e_mng'.
[19009:globalfwd-track-writer]: [17:40:48][STATE] RESETTING DEVICE ---> IDLE
[19009:globalfwd-track-writer]: [17:40:48][STATE] IDLE ---> EXITING
[19009:globalfwd-track-writer]: [17:40:48][STATE] Exiting FairMQ state machine
[INFO] ## Processes completed. Run summary:
[INFO] ### Devices started: 9
[INFO]  - Device internal-dpl-clock: pid 19002 (exit 0)
[INFO]  - Device mft-cluster-reader: pid 19003 (exit 0)
[INFO]  - Device mch-tracks-reader0: pid 19004 (exit 0)
[INFO]  - Device mft-track-reader: pid 19005 (exit 0)
[INFO]  - Device mchmid-matches-reader: pid 19006 (exit 0)
[INFO]  - Device internal-dpl-ccdb-backend: pid 19007 (exit 0)
[INFO]  - Device globalfwd-track-matcher: pid 19008 (exit 0)
[INFO]  - Device globalfwd-track-writer: pid 19009 (exit 0)
[INFO]  - Device internal-dpl-injected-dummy-sink: pid 19010 (exit 0)
[INFO] Dumping used configuration in dpl-config.json
TASK-EXIT-CODE: 0
