Running: TIME="#walltime %e" /usr/bin/time --output=mftreco.log_time ./mftreco.log_tmp.sh
[INFO] Initialising O2 Data Processing Layer. Driver PID: 13523.
[INFO] Driver listening on port: 21603
[INFO] Rate limiting set up at 500MB distributed over 1 readers
[INFO] O2 Data Processing Layer initialised. We brake for nobody.
[INFO] Optimised build. O2DEBUG / LOG(debug) / LOGF(debug) / assert statement will not be shown.
[INFO] Redeployment of configuration asked.
[INFO] Starting internal-dpl-clock on pid 13563
[INFO] Starting mft-digit-reader on pid 13564
[INFO] Starting internal-dpl-ccdb-backend on pid 13565
[INFO] Starting mft-clusterer on pid 13566
[INFO] Starting mft-cluster-writer on pid 13567
[INFO] Starting mft-tracker on pid 13568
[INFO] Starting mft-track-writer on pid 13569
[INFO] Starting internal-dpl-injected-dummy-sink on pid 13570
[INFO] Redeployment of configuration done.
[13565:internal-dpl-ccdb-backend]: [INFO] Instrumenting crash signals
[13565:internal-dpl-ccdb-backend]: [INFO] Spawing new device internal-dpl-ccdb-backend in process with pid 13565
[13565:internal-dpl-ccdb-backend]: [17:39:41][INFO] 
[13565:internal-dpl-ccdb-backend]:       ______      _    _______  _________ 
[13565:internal-dpl-ccdb-backend]:      / ____/___ _(_)_______   |/  /_  __ \    version 1.6.0
[13565:internal-dpl-ccdb-backend]:     / /_  / __ `/ / ___/__  /|_/ /_  / / /    build RELWITHDEBINFO
[13565:internal-dpl-ccdb-backend]:    / __/ / /_/ / / /    _  /  / / / /_/ /     https://github.com/FairRootGroup/FairMQ
[13565:internal-dpl-ccdb-backend]:   /_/    \__,_/_/_/     /_/  /_/  \___\_\     LGPL-3.0  © 2012-2023 GSI
[13565:internal-dpl-ccdb-backend]: 
[13565:internal-dpl-ccdb-backend]: [17:39:41][STATE] Starting FairMQ state machine --> IDLE
[13565:internal-dpl-ccdb-backend]: [17:39:41][STATE] IDLE ---> INITIALIZING DEVICE
[13565:internal-dpl-ccdb-backend]: [17:39:41][INFO] CCDB Backend at: http://alice-ccdb.cern.ch, validity check for every 2147483647 TF
[13565:internal-dpl-ccdb-backend]: [17:39:41][INFO] Init CcdApi with UserAgentID: localhost.localdomain-1694014781-d1Bxpp, Host: http://alice-ccdb.cern.ch
[13565:internal-dpl-ccdb-backend]: [17:39:41][INFO] Initialised default CCDB host http://alice-ccdb.cern.ch
[13565:internal-dpl-ccdb-backend]: [17:39:41][INFO] The following route is a condition MFT/CLUSDICT/0
[13565:internal-dpl-ccdb-backend]: [17:39:41][INFO] - ccdb-path: MFT/Calib/ClusterDictionary
[13565:internal-dpl-ccdb-backend]: [17:39:41][INFO] The following route is a condition GLO/GRPECS/0
[13565:internal-dpl-ccdb-backend]: [17:39:41][INFO] - ccdb-path: GLO/Config/GRPECS
[13565:internal-dpl-ccdb-backend]: [17:39:41][INFO] The following route is a condition MFT/ALPIDEPARAM/0
[13565:internal-dpl-ccdb-backend]: [17:39:41][INFO] - ccdb-path: MFT/Config/AlpideParam
[13565:internal-dpl-ccdb-backend]: [17:39:41][INFO] The following route is a condition MFT/CLUSPARAM/0
[13565:internal-dpl-ccdb-backend]: [17:39:41][INFO] - ccdb-path: MFT/Config/ClustererParam
[13565:internal-dpl-ccdb-backend]: [17:39:41][INFO] The following route is a condition GLO/GRPMAGFIELD/0
[13565:internal-dpl-ccdb-backend]: [17:39:41][INFO] - ccdb-path: GLO/Config/GRPMagField
[13565:internal-dpl-ccdb-backend]: [17:39:41][INFO] The following route is a condition GLO/GEOMALIGN/0
[13565:internal-dpl-ccdb-backend]: [17:39:41][INFO] - ccdb-path: GLO/Config/GeometryAligned
[13565:internal-dpl-ccdb-backend]: [17:39:41][STATE] INITIALIZING DEVICE ---> INITIALIZED
[13565:internal-dpl-ccdb-backend]: [17:39:41][STATE] INITIALIZED ---> BINDING
[13565:internal-dpl-ccdb-backend]: [17:39:41][STATE] BINDING ---> BOUND
[13565:internal-dpl-ccdb-backend]: [17:39:41][STATE] BOUND ---> CONNECTING
[13565:internal-dpl-ccdb-backend]: [17:39:41][STATE] CONNECTING ---> DEVICE READY
[13565:internal-dpl-ccdb-backend]: [17:39:41][STATE] DEVICE READY ---> INITIALIZING TASK
[13565:internal-dpl-ccdb-backend]: [17:39:41][STATE] INITIALIZING TASK ---> READY
[13565:internal-dpl-ccdb-backend]: [17:39:41][STATE] READY ---> RUNNING
[13565:internal-dpl-ccdb-backend]: [17:39:41][INFO] fair::mq::Device running...
[13565:internal-dpl-ccdb-backend]: [17:39:41][INFO] LHCPeriod is not available, using current month SEP
[13565:internal-dpl-ccdb-backend]: [17:39:41][INFO] Correctly handshaken websocket connection.
[13566:mft-clusterer]: [INFO] Instrumenting crash signals
[13566:mft-clusterer]: [INFO] Spawing new device mft-clusterer in process with pid 13566
[13566:mft-clusterer]: [17:39:41][INFO] 
[13566:mft-clusterer]:       ______      _    _______  _________ 
[13566:mft-clusterer]:      / ____/___ _(_)_______   |/  /_  __ \    version 1.6.0
[13566:mft-clusterer]:     / /_  / __ `/ / ___/__  /|_/ /_  / / /    build RELWITHDEBINFO
[13566:mft-clusterer]:    / __/ / /_/ / / /    _  /  / / / /_/ /     https://github.com/FairRootGroup/FairMQ
[13566:mft-clusterer]:   /_/    \__,_/_/_/     /_/  /_/  \___\_\     LGPL-3.0  © 2012-2023 GSI
[13566:mft-clusterer]: 
[13566:mft-clusterer]: [17:39:41][STATE] Starting FairMQ state machine --> IDLE
[13566:mft-clusterer]: [17:39:41][STATE] IDLE ---> INITIALIZING DEVICE
[13566:mft-clusterer]: [17:39:41][STATE] INITIALIZING DEVICE ---> INITIALIZED
[13566:mft-clusterer]: [17:39:41][STATE] INITIALIZED ---> BINDING
[13566:mft-clusterer]: [17:39:41][STATE] BINDING ---> BOUND
[13566:mft-clusterer]: [17:39:41][STATE] BOUND ---> CONNECTING
[13566:mft-clusterer]: [17:39:41][STATE] CONNECTING ---> DEVICE READY
[13566:mft-clusterer]: [17:39:41][STATE] DEVICE READY ---> INITIALIZING TASK
[13566:mft-clusterer]: [17:39:41][STATE] INITIALIZING TASK ---> READY
[13566:mft-clusterer]: [17:39:41][STATE] READY ---> RUNNING
[13566:mft-clusterer]: [17:39:41][INFO] fair::mq::Device running...
[13566:mft-clusterer]: [17:39:41][INFO] LHCPeriod is not available, using current month SEP
[13566:mft-clusterer]: [17:39:41][INFO] Correctly handshaken websocket connection.
[13564:mft-digit-reader]: [INFO] Instrumenting crash signals
[13564:mft-digit-reader]: [INFO] Spawing new device mft-digit-reader in process with pid 13564
[13564:mft-digit-reader]: [17:39:41][INFO] 
[13564:mft-digit-reader]:       ______      _    _______  _________ 
[13564:mft-digit-reader]:      / ____/___ _(_)_______   |/  /_  __ \    version 1.6.0
[13564:mft-digit-reader]:     / /_  / __ `/ / ___/__  /|_/ /_  / / /    build RELWITHDEBINFO
[13564:mft-digit-reader]:    / __/ / /_/ / / /    _  /  / / / /_/ /     https://github.com/FairRootGroup/FairMQ
[13564:mft-digit-reader]:   /_/    \__,_/_/_/     /_/  /_/  \___\_\     LGPL-3.0  © 2012-2023 GSI
[13564:mft-digit-reader]: 
[13564:mft-digit-reader]: [17:39:41][STATE] Starting FairMQ state machine --> IDLE
[13569:mft-track-writer]: [INFO] Instrumenting crash signals
[13569:mft-track-writer]: [INFO] Spawing new device mft-track-writer in process with pid 13569
[13569:mft-track-writer]: [17:39:41][INFO] 
[13569:mft-track-writer]:       ______      _    _______  _________ 
[13569:mft-track-writer]:      / ____/___ _(_)_______   |/  /_  __ \    version 1.6.0
[13569:mft-track-writer]:     / /_  / __ `/ / ___/__  /|_/ /_  / / /    build RELWITHDEBINFO
[13569:mft-track-writer]:    / __/ / /_/ / / /    _  /  / / / /_/ /     https://github.com/FairRootGroup/FairMQ
[13569:mft-track-writer]:   /_/    \__,_/_/_/     /_/  /_/  \___\_\     LGPL-3.0  © 2012-2023 GSI
[13569:mft-track-writer]: 
[13569:mft-track-writer]: [17:39:41][STATE] Starting FairMQ state machine --> IDLE
[13569:mft-track-writer]: [17:39:41][STATE] IDLE ---> INITIALIZING DEVICE
[13564:mft-digit-reader]: [17:39:41][STATE] IDLE ---> INITIALIZING DEVICE
[13570:internal-dpl-injected-dummy-sink]: [INFO] Instrumenting crash signals
[13570:internal-dpl-injected-dummy-sink]: [INFO] Spawing new device internal-dpl-injected-dummy-sink in process with pid 13570
[13570:internal-dpl-injected-dummy-sink]: [17:39:41][INFO] 
[13570:internal-dpl-injected-dummy-sink]:       ______      _    _______  _________ 
[13570:internal-dpl-injected-dummy-sink]:      / ____/___ _(_)_______   |/  /_  __ \    version 1.6.0
[13570:internal-dpl-injected-dummy-sink]:     / /_  / __ `/ / ___/__  /|_/ /_  / / /    build RELWITHDEBINFO
[13570:internal-dpl-injected-dummy-sink]:    / __/ / /_/ / / /    _  /  / / / /_/ /     https://github.com/FairRootGroup/FairMQ
[13570:internal-dpl-injected-dummy-sink]:   /_/    \__,_/_/_/     /_/  /_/  \___\_\     LGPL-3.0  © 2012-2023 GSI
[13570:internal-dpl-injected-dummy-sink]: 
[13570:internal-dpl-injected-dummy-sink]: [17:39:41][STATE] Starting FairMQ state machine --> IDLE
[13570:internal-dpl-injected-dummy-sink]: [17:39:41][STATE] IDLE ---> INITIALIZING DEVICE
[13570:internal-dpl-injected-dummy-sink]: [17:39:41][STATE] INITIALIZING DEVICE ---> INITIALIZED
[13570:internal-dpl-injected-dummy-sink]: [17:39:41][STATE] INITIALIZED ---> BINDING
[13570:internal-dpl-injected-dummy-sink]: [17:39:41][STATE] BINDING ---> BOUND
[13570:internal-dpl-injected-dummy-sink]: [17:39:41][STATE] BOUND ---> CONNECTING
[13570:internal-dpl-injected-dummy-sink]: [17:39:41][STATE] CONNECTING ---> DEVICE READY
[13570:internal-dpl-injected-dummy-sink]: [17:39:41][STATE] DEVICE READY ---> INITIALIZING TASK
[13570:internal-dpl-injected-dummy-sink]: [17:39:41][STATE] INITIALIZING TASK ---> READY
[13570:internal-dpl-injected-dummy-sink]: [17:39:41][STATE] READY ---> RUNNING
[13570:internal-dpl-injected-dummy-sink]: [17:39:41][INFO] fair::mq::Device running...
[13570:internal-dpl-injected-dummy-sink]: [17:39:41][INFO] LHCPeriod is not available, using current month SEP
[13570:internal-dpl-injected-dummy-sink]: [17:39:41][INFO] Correctly handshaken websocket connection.
[13567:mft-cluster-writer]: [INFO] Instrumenting crash signals
[13567:mft-cluster-writer]: [INFO] Spawing new device mft-cluster-writer in process with pid 13567
[13567:mft-cluster-writer]: [17:39:41][INFO] 
[13567:mft-cluster-writer]:       ______      _    _______  _________ 
[13567:mft-cluster-writer]:      / ____/___ _(_)_______   |/  /_  __ \    version 1.6.0
[13567:mft-cluster-writer]:     / /_  / __ `/ / ___/__  /|_/ /_  / / /    build RELWITHDEBINFO
[13567:mft-cluster-writer]:    / __/ / /_/ / / /    _  /  / / / /_/ /     https://github.com/FairRootGroup/FairMQ
[13567:mft-cluster-writer]:   /_/    \__,_/_/_/     /_/  /_/  \___\_\     LGPL-3.0  © 2012-2023 GSI
[13567:mft-cluster-writer]: 
[13567:mft-cluster-writer]: [17:39:41][STATE] Starting FairMQ state machine --> IDLE
[13567:mft-cluster-writer]: [17:39:41][STATE] IDLE ---> INITIALIZING DEVICE
[13567:mft-cluster-writer]: [17:39:41][INFO] 0: branch  MFTClusterComp set up
[13567:mft-cluster-writer]: [17:39:41][INFO] 1: branch  MFTClusterPatt set up
[13567:mft-cluster-writer]: [17:39:41][INFO] 2: branch  MFTClustersROF set up
[13567:mft-cluster-writer]: [17:39:41][INFO] 3: branch  MFTClusterMCTruth set up
[13567:mft-cluster-writer]: [17:39:41][INFO] 4: branch  MFTClustersMC2ROF set up
[13567:mft-cluster-writer]: [17:39:41][STATE] INITIALIZING DEVICE ---> INITIALIZED
[13567:mft-cluster-writer]: [17:39:41][STATE] INITIALIZED ---> BINDING
[13567:mft-cluster-writer]: [17:39:41][STATE] BINDING ---> BOUND
[13567:mft-cluster-writer]: [17:39:41][STATE] BOUND ---> CONNECTING
[13567:mft-cluster-writer]: [17:39:41][STATE] CONNECTING ---> DEVICE READY
[13567:mft-cluster-writer]: [17:39:41][STATE] DEVICE READY ---> INITIALIZING TASK
[13567:mft-cluster-writer]: [17:39:41][STATE] INITIALIZING TASK ---> READY
[13567:mft-cluster-writer]: [17:39:41][STATE] READY ---> RUNNING
[13567:mft-cluster-writer]: [17:39:41][INFO] fair::mq::Device running...
[13567:mft-cluster-writer]: [17:39:41][INFO] LHCPeriod is not available, using current month SEP
[13567:mft-cluster-writer]: [17:39:41][INFO] Correctly handshaken websocket connection.
[13563:internal-dpl-clock]: [INFO] Instrumenting crash signals
[13563:internal-dpl-clock]: [INFO] Spawing new device internal-dpl-clock in process with pid 13563
[13563:internal-dpl-clock]: [17:39:41][INFO] 
[13563:internal-dpl-clock]:       ______      _    _______  _________ 
[13563:internal-dpl-clock]:      / ____/___ _(_)_______   |/  /_  __ \    version 1.6.0
[13563:internal-dpl-clock]:     / /_  / __ `/ / ___/__  /|_/ /_  / / /    build RELWITHDEBINFO
[13563:internal-dpl-clock]:    / __/ / /_/ / / /    _  /  / / / /_/ /     https://github.com/FairRootGroup/FairMQ
[13563:internal-dpl-clock]:   /_/    \__,_/_/_/     /_/  /_/  \___\_\     LGPL-3.0  © 2012-2023 GSI
[13563:internal-dpl-clock]: 
[13563:internal-dpl-clock]: [17:39:41][STATE] Starting FairMQ state machine --> IDLE
[13563:internal-dpl-clock]: [17:39:41][STATE] IDLE ---> INITIALIZING DEVICE
[13563:internal-dpl-clock]: [17:39:41][STATE] INITIALIZING DEVICE ---> INITIALIZED
[13563:internal-dpl-clock]: [17:39:41][STATE] INITIALIZED ---> BINDING
[13563:internal-dpl-clock]: [17:39:41][STATE] BINDING ---> BOUND
[13563:internal-dpl-clock]: [17:39:41][STATE] BOUND ---> CONNECTING
[13563:internal-dpl-clock]: [17:39:41][STATE] CONNECTING ---> DEVICE READY
[13563:internal-dpl-clock]: [17:39:41][STATE] DEVICE READY ---> INITIALIZING TASK
[13563:internal-dpl-clock]: [17:39:41][STATE] INITIALIZING TASK ---> READY
[13563:internal-dpl-clock]: [17:39:41][STATE] READY ---> RUNNING
[13563:internal-dpl-clock]: [17:39:41][INFO] fair::mq::Device running...
[13563:internal-dpl-clock]: [17:39:41][INFO] LHCPeriod is not available, using current month SEP
[13563:internal-dpl-clock]: [17:39:41][INFO] Correctly handshaken websocket connection.
[13569:mft-track-writer]: [17:39:41][INFO] 0: branch  MFTTrack set up
[13569:mft-track-writer]: [17:39:41][INFO] 1: branch  MFTTrackClusIdx set up
[13569:mft-track-writer]: [17:39:41][INFO] 2: branch  MFTTrackMCTruth set up
[13569:mft-track-writer]: [17:39:41][INFO] 3: branch  MFTTracksROF set up
[13569:mft-track-writer]: [17:39:41][INFO] 4: branch  MFTTracksMC2ROF set up
[13569:mft-track-writer]: [17:39:41][STATE] INITIALIZING DEVICE ---> INITIALIZED
[13569:mft-track-writer]: [17:39:41][STATE] INITIALIZED ---> BINDING
[13569:mft-track-writer]: [17:39:41][STATE] BINDING ---> BOUND
[13569:mft-track-writer]: [17:39:41][STATE] BOUND ---> CONNECTING
[13569:mft-track-writer]: [17:39:41][STATE] CONNECTING ---> DEVICE READY
[13569:mft-track-writer]: [17:39:41][STATE] DEVICE READY ---> INITIALIZING TASK
[13569:mft-track-writer]: [17:39:41][STATE] INITIALIZING TASK ---> READY
[13569:mft-track-writer]: [17:39:41][STATE] READY ---> RUNNING
[13569:mft-track-writer]: [17:39:41][INFO] fair::mq::Device running...
[13569:mft-track-writer]: [17:39:41][INFO] LHCPeriod is not available, using current month SEP
[13569:mft-track-writer]: [17:39:41][INFO] Correctly handshaken websocket connection.
[13568:mft-tracker]: [INFO] Instrumenting crash signals
[13568:mft-tracker]: [INFO] Spawing new device mft-tracker in process with pid 13568
[13568:mft-tracker]: [17:39:41][INFO] 
[13568:mft-tracker]:       ______      _    _______  _________ 
[13568:mft-tracker]:      / ____/___ _(_)_______   |/  /_  __ \    version 1.6.0
[13568:mft-tracker]:     / /_  / __ `/ / ___/__  /|_/ /_  / / /    build RELWITHDEBINFO
[13568:mft-tracker]:    / __/ / /_/ / / /    _  /  / / / /_/ /     https://github.com/FairRootGroup/FairMQ
[13568:mft-tracker]:   /_/    \__,_/_/_/     /_/  /_/  \___\_\     LGPL-3.0  © 2012-2023 GSI
[13568:mft-tracker]: 
[13568:mft-tracker]: [17:39:41][STATE] Starting FairMQ state machine --> IDLE
[13568:mft-tracker]: [17:39:41][STATE] IDLE ---> INITIALIZING DEVICE
[13568:mft-tracker]: [17:39:41][STATE] INITIALIZING DEVICE ---> INITIALIZED
[13568:mft-tracker]: [17:39:41][STATE] INITIALIZED ---> BINDING
[13568:mft-tracker]: [17:39:41][STATE] BINDING ---> BOUND
[13568:mft-tracker]: [17:39:41][STATE] BOUND ---> CONNECTING
[13568:mft-tracker]: [17:39:41][STATE] CONNECTING ---> DEVICE READY
[13568:mft-tracker]: [17:39:41][STATE] DEVICE READY ---> INITIALIZING TASK
[13568:mft-tracker]: [17:39:41][STATE] INITIALIZING TASK ---> READY
[13568:mft-tracker]: [17:39:41][STATE] READY ---> RUNNING
[13568:mft-tracker]: [17:39:41][INFO] fair::mq::Device running...
[13568:mft-tracker]: [17:39:41][INFO] LHCPeriod is not available, using current month SEP
[13568:mft-tracker]: [17:39:41][INFO] Correctly handshaken websocket connection.
[13564:mft-digit-reader]: [17:39:41][INFO] Loaded tree from mftdigits.root with 1 entries
[13564:mft-digit-reader]: [17:39:41][STATE] INITIALIZING DEVICE ---> INITIALIZED
[13564:mft-digit-reader]: [17:39:41][STATE] INITIALIZED ---> BINDING
[13564:mft-digit-reader]: [17:39:41][STATE] BINDING ---> BOUND
[13564:mft-digit-reader]: [17:39:41][STATE] BOUND ---> CONNECTING
[13564:mft-digit-reader]: [17:39:41][STATE] CONNECTING ---> DEVICE READY
[13564:mft-digit-reader]: [17:39:41][STATE] DEVICE READY ---> INITIALIZING TASK
[13564:mft-digit-reader]: [17:39:41][STATE] INITIALIZING TASK ---> READY
[13564:mft-digit-reader]: [17:39:41][STATE] READY ---> RUNNING
[13564:mft-digit-reader]: [17:39:41][INFO] fair::mq::Device running...
[13564:mft-digit-reader]: [17:39:41][INFO] LHCPeriod is not available, using current month SEP
[13564:mft-digit-reader]: [17:39:41][INFO] MFTDigitReader pushes 47 ROFRecords, 230 digits at entry 0
[13564:mft-digit-reader]: [17:39:41][INFO] Sending end-of-stream message to channel from_mft-digit-reader_to_internal-dpl-ccdb-backend
[13564:mft-digit-reader]: [17:39:41][INFO] Sending end-of-stream message to channel from_mft-digit-reader_to_mft-clusterer
[13564:mft-digit-reader]: [17:39:41][INFO] Sending end-of-stream message to channel from_mft-digit-reader_to_internal-dpl-injected-dummy-sink
[13564:mft-digit-reader]: [17:39:41][INFO] Correctly handshaken websocket connection.
[13565:internal-dpl-ccdb-backend]: Info in <TJAlienConnectionManager>: Opening connection to JCentral. Please wait
[13565:internal-dpl-ccdb-backend]: Info in <TJAlienConnectionManager>: Opening connection to 137.138.99.170
[13565:internal-dpl-ccdb-backend]: Info in <TJAlienConnectionManager>: Successfully connected to 137.138.99.170
[13565:internal-dpl-ccdb-backend]: Info in <TJAlienFile::Open>: Accessing file /alice/data/CCDB/CTP/Calib/OrbitReset/06/62200/b9f985c3-b4b0-11ec-8fd3-90ce809b24ee in SE <ALICE::CERN::EOS>
[13565:internal-dpl-ccdb-backend]: [17:39:42][INFO] ccdb reads http://alice-ccdb.cern.ch/CTP/Calib/OrbitReset/1546300800000/b9f985c3-b4b0-11ec-8fd3-90ce809b24ee for 1546300800000 (load to memory, agent_id: localhost.localdomain-1694014781-d1Bxpp), 
[13565:internal-dpl-ccdb-backend]: Info in <TJAlienFile::Open>: Accessing file /alice/data/CCDB/MFT/Calib/ClusterDictionary/13/20237/c9a0bd70-9fe3-11ec-975c-200114580202 in SE <ALICE::CERN::EOS>
[13565:internal-dpl-ccdb-backend]: [17:39:42][INFO] ccdb reads http://alice-ccdb.cern.ch/MFT/Calib/ClusterDictionary/0/c9a0bd70-9fe3-11ec-975c-200114580202 for 1546300800000 (load to memory, agent_id: localhost.localdomain-1694014781-d1Bxpp), 
[13565:internal-dpl-ccdb-backend]: Info in <TJAlienFile::Open>: Accessing file /alice/data/CCDB/GLO/Config/GRPECS/03/07584/646e9be2-0210-11ed-8000-200114580202 in SE <ALICE::CERN::OCDB>
[13565:internal-dpl-ccdb-backend]: [17:39:42][INFO] ccdb reads http://alice-ccdb.cern.ch/GLO/Config/GRPECS/1546300800000/646e9be2-0210-11ed-8000-200114580202 for 1546300800000 (load to memory, agent_id: localhost.localdomain-1694014781-d1Bxpp), 
[13565:internal-dpl-ccdb-backend]: Info in <TJAlienFile::Open>: Accessing file /alice/data/CCDB/MFT/Config/AlpideParam/04/29512/fd421b4c-d4ae-11ec-90c5-2a010e0a0b16 in SE <ALICE::CERN::OCDB>
[13565:internal-dpl-ccdb-backend]: [17:39:42][INFO] ccdb reads http://alice-ccdb.cern.ch/MFT/Config/AlpideParam/1/fd421b4c-d4ae-11ec-90c5-2a010e0a0b16 for 1546300800000 (load to memory, agent_id: localhost.localdomain-1694014781-d1Bxpp), 
[13565:internal-dpl-ccdb-backend]: Info in <TJAlienFile::Open>: Accessing file /alice/data/CCDB/MFT/Config/ClustererParam/06/44388/8c661b10-f480-11ec-841e-2a010e0a0b16 in SE <ALICE::CERN::OCDB>
[13565:internal-dpl-ccdb-backend]: [17:39:42][INFO] ccdb reads http://alice-ccdb.cern.ch/MFT/Config/ClustererParam/1/8c661b10-f480-11ec-841e-2a010e0a0b16 for 1546300800000 (load to memory, agent_id: localhost.localdomain-1694014781-d1Bxpp), 
[13565:internal-dpl-ccdb-backend]: Info in <TJAlienFile::Open>: Accessing file /alice/data/CCDB/GLO/Config/GRPMagField/06/62924/01d633ab-efdf-11ec-841e-2a010e0a0b16 in SE <ALICE::CERN::OCDB>
[13565:internal-dpl-ccdb-backend]: [17:39:42][INFO] ccdb reads http://alice-ccdb.cern.ch/GLO/Config/GRPMagField/1546300800000/01d633ab-efdf-11ec-841e-2a010e0a0b16 for 1546300800000 (load to memory, agent_id: localhost.localdomain-1694014781-d1Bxpp), 
[13565:internal-dpl-ccdb-backend]: Info in <TJAlienFile::Open>: Accessing file /alice/data/CCDB/GLO/Config/GeometryAligned/06/21224/787687c0-287a-11ed-8141-200114580202 in SE <ALICE::CERN::OCDB>
[13565:internal-dpl-ccdb-backend]: [17:39:42][INFO] ccdb reads http://alice-ccdb.cern.ch/GLO/Config/GeometryAligned/1546300800000/787687c0-287a-11ed-8141-200114580202 for 1546300800000 (load to memory, agent_id: localhost.localdomain-1694014781-d1Bxpp), 
[13565:internal-dpl-ccdb-backend]: [17:39:42][INFO] Sending end-of-stream message to channel from_internal-dpl-ccdb-backend_to_mft-clusterer
[13565:internal-dpl-ccdb-backend]: [17:39:42][INFO] Sending end-of-stream message to channel from_internal-dpl-ccdb-backend_to_mft-tracker
[13565:internal-dpl-ccdb-backend]: [17:39:42][INFO] Sending end-of-stream message to channel from_internal-dpl-ccdb-backend_to_internal-dpl-injected-dummy-sink
[13566:mft-clusterer]: [17:39:42][INFO] GRP ECS object updated
[13566:mft-clusterer]: [17:39:42][INFO] Caching in 139768327188560 ptr to GLO/GRPECS/0 (0x4c54360)
[13566:mft-clusterer]: [17:39:42][INFO] cluster dictionary updated
[13566:mft-clusterer]: [17:39:42][INFO] Caching in 139768327167024 ptr to MFT/CLUSDICT/0 (0x5fad6a0)
[13566:mft-clusterer]: [17:39:42][INFO] Alpide param updated
[13566:mft-clusterer]: MFTAlpideParam.roFrameLengthInBC : 198		[ CCDB ]
[13566:mft-clusterer]: MFTAlpideParam.roFrameLengthTrig : 6000		[ CCDB ]
[13566:mft-clusterer]: MFTAlpideParam.strobeDelay : 99.8031		[ CCDB ]
[13566:mft-clusterer]: MFTAlpideParam.strobeLengthCont : -1		[ CCDB ]
[13566:mft-clusterer]: MFTAlpideParam.strobeLengthTrig : 100		[ CCDB ]
[13566:mft-clusterer]: MFTAlpideParam.roFrameBiasInBC : 0		[ CCDB ]
[13566:mft-clusterer]: [17:39:42][INFO] Caching in 139768327190640 ptr to MFT/ALPIDEPARAM/0 (0x7f20d32fb6e0)
[13566:mft-clusterer]: [17:39:42][INFO] Cluster param updated
[13566:mft-clusterer]: MFTClustererParam.maxRowColDiffToMask : 1		[ CCDB ]
[13566:mft-clusterer]: MFTClustererParam.maxBCDiffToMaskBias : 10		[ CCDB ]
[13566:mft-clusterer]: MFTClustererParam.maxBCDiffToSquashBias : -10		[ CCDB ]
[13566:mft-clusterer]: MFTClustererParam.maxSOTMUS : 8		[ CCDB ]
[13566:mft-clusterer]: [17:39:42][INFO] Caching in 139768327192720 ptr to MFT/CLUSPARAM/0 (0x7f20d32fb6b0)
[13566:mft-clusterer]: [17:39:42][INFO] Clusterizer squashes overflow pixels separated by 188 BC and <= 1 in row/col seeking down to 3 neighbour ROFs
[13566:mft-clusterer]: [17:39:42][INFO] Clusterizer masks overflow pixels separated by < 208 BC and <= 1 in row/col
[13566:mft-clusterer]: [17:39:42][INFO] Inclusive clusterization timing (w/o disk IO): Cpu: 0 Real: 0 s in 1 slots
[13566:mft-clusterer]: [17:39:42][INFO] Threads output merging timing                : Cpu: 0 Real: 0 s in 1 slots
[13566:mft-clusterer]: [17:39:42][INFO] Sending end-of-stream message to channel from_mft-clusterer_to_mft-cluster-writer
[13566:mft-clusterer]: [17:39:42][INFO] Sending end-of-stream message to channel from_mft-clusterer_to_mft-tracker
[13567:mft-cluster-writer]: [17:39:42][INFO] MFTClusterWriter pulled 230 clusters, in 47 RO frames
[13567:mft-cluster-writer]: [17:39:42][INFO] Sending end-of-stream message to channel from_mft-cluster-writer_to_mft-tracker
[13568:mft-tracker]: [17:39:42][INFO] GRP MagField object updated
[13568:mft-tracker]: [17:39:43][INFO] MagneticField::Print: MagneticFieldMap:
[13568:mft-tracker]: [17:39:43][INFO] MagneticField::Print: Solenoid (-1*)5 kG, Dipole ON (-1) 
[13568:mft-tracker]: [17:39:43][INFO] MagneticField::Print: Machine B fields for p-p  beam (7000 GeV): QGrad: 22.0002 Dipole: 37.8781
[13568:mft-tracker]: [17:39:43][INFO] MagneticField::Print: Uses Sol30_Dip6_Hole  of /root/alice/sw/slc8_x86-64/O2/segment-local1/share/Common/maps/mfchebKGI_sym.root
[13568:mft-tracker]: Info in <TGeoGlobalMagField::SetField>: Global magnetic field set to <MagneticFieldMap>
[13568:mft-tracker]: Info in <TGeoGlobalMagField::Lock>: Global magnetic field <MagneticFieldMap> is now locked
[13568:mft-tracker]: [17:39:43][INFO] Caching in 140555326056624 ptr to GLO/GRPMAGFIELD/0 (0x59c88b0)
[13568:mft-tracker]: [17:39:43][INFO] GRP ECS object updated
[13568:mft-tracker]: [17:39:43][INFO] Caching in 140555326050384 ptr to GLO/GRPECS/0 (0x4b20ff0)
[13568:mft-tracker]: Info in <TGeoManager::CloseGeometry>: Geometry loaded from file...
[13568:mft-tracker]: Info in <TGeoManager::SetTopVolume>: Top volume is cave. Master volume is cave
[13568:mft-tracker]: Info in <TGeoNavigator::BuildCache>: --- Maximum geometry depth set to 100
[13568:mft-tracker]: Info in <TGeoManager::Voxelize>: Voxelizing...
[13568:mft-tracker]: Info in <TGeoManager::CountLevels>: max level = 13, max placements = 735
[13568:mft-tracker]: Info in <TGeoManager::CloseGeometry>: 5346742 nodes/ 27442 volume UID's in FAIR geometry
[13568:mft-tracker]: Info in <TGeoManager::CloseGeometry>: ----------------modeler ready----------------
[13568:mft-tracker]: [17:39:43][INFO] aligned geometry updated
[13568:mft-tracker]: [17:39:43][INFO] Caching in 140555326057872 ptr to GLO/GEOMALIGN/0 (0x68a4ef0)
[13568:mft-tracker]: [17:39:43][INFO] cluster dictionary updated
[13568:mft-tracker]: [17:39:43][INFO] Caching in 140555326028848 ptr to MFT/CLUSDICT/0 (0x5eda750)
[13568:mft-tracker]: [17:39:43][INFO] MFTTracker RO: continuous =1
[13568:mft-tracker]: [17:39:43][INFO] MFT GeometryTGeo::Build total number of sensors 936
[13568:mft-tracker]: [17:39:43][INFO] Loading MFT T2L matrices from TGeo
[13568:mft-tracker]: [17:39:43][INFO] Loading MFT T2G matrices from TGeo
[13568:mft-tracker]: [17:39:43][INFO] Starting MFT tracker: Field is on! Bz = -5.00188
[13568:mft-tracker]: [17:39:43][INFO]   MFT tracker running with 1 threads
[13568:mft-tracker]: [17:39:43][INFO] Configurable tracker parameters:
[13568:mft-tracker]: [17:39:43][INFO] Fwd track model     = Optimized
[13568:mft-tracker]: [17:39:43][INFO] alignResidual       = 0
[13568:mft-tracker]: [17:39:43][INFO] MinTrackPointsLTF   = 5
[13568:mft-tracker]: [17:39:43][INFO] MinTrackPointsCA    = 5
[13568:mft-tracker]: [17:39:43][INFO] MinTrackStationsLTF = 4
[13568:mft-tracker]: [17:39:43][INFO] MinTrackStationsCA  = 4
[13568:mft-tracker]: [17:39:43][INFO] LTFConeRadius       = false
[13568:mft-tracker]: [17:39:43][INFO] CAConeRadius        = false
[13568:mft-tracker]: [17:39:43][INFO] LTFclsRCut          = 0.01
[13568:mft-tracker]: [17:39:43][INFO] ROADclsRCut         = 0.04
[13568:mft-tracker]: [17:39:43][INFO] RBins               = 30
[13568:mft-tracker]: [17:39:43][INFO] PhiBins             = 120
[13568:mft-tracker]: [17:39:43][INFO] ZVtxMin             = -13
[13568:mft-tracker]: [17:39:43][INFO] ZVtxMax             = 13
[13568:mft-tracker]: [17:39:43][INFO] RCutAtZmin          = 0.1
[13568:mft-tracker]: [17:39:43][INFO] TrueTrackMCThreshold          = 0.8
[13568:mft-tracker]: [17:39:43][INFO] FullClusterScan     = false
[13568:mft-tracker]: [17:39:43][INFO] forceZeroField      = false
[13568:mft-tracker]: [17:39:43][INFO] MFTRadLength        = 0.042
[13568:mft-tracker]: [17:39:43][INFO] irFramesOnly        = false
[13568:mft-tracker]: [17:39:43][INFO] isMultCutRequested  = false
[13568:mft-tracker]: [17:39:43][INFO] MFTTracker pulled 230 compressed clusters in 47 RO frames
[13568:mft-tracker]: [17:39:43][INFO] 230 MC label objects , in 100 MC events
[13568:mft-tracker]: [17:39:43][INFO] Loading MFT L2G matrices from TGeo
[13568:mft-tracker]: [17:39:43][INFO] MFTTracker pushed 0 tracks
[13568:mft-tracker]: [17:39:43][INFO] Timing    TotalProcessing: Cpu: 9.000e-01 s; Real: 9.324e-01 s in 1 slots
[13568:mft-tracker]: [17:39:43][INFO] Timing           LoadData: Cpu: 0.000e+00 s; Real: 1.847e-03 s in 1 slots
[13568:mft-tracker]: [17:39:43][INFO] Timing         FindTracks: Cpu: 0.000e+00 s; Real: 8.960e-04 s in 1 slots
[13568:mft-tracker]: [17:39:43][INFO] Timing          FitTracks: Cpu: 0.000e+00 s; Real: 2.990e-04 s in 1 slots
[13568:mft-tracker]: [17:39:43][INFO] Timing      ComputeLabels: Cpu: 0.000e+00 s; Real: 1.192e-06 s in 1 slots
[13568:mft-tracker]: [17:39:43][INFO] Sending end-of-stream message to channel from_mft-tracker_to_mft-track-writer
[INFO] Quitting
[INFO] QUIT_REQUESTED
[13569:mft-track-writer]: [17:39:43][INFO] Received device shutdown request (signal 15).
[13569:mft-track-writer]: [17:39:43][INFO] Waiting for graceful device shutdown. Hit Ctrl-C again to abort immediately.
[13570:internal-dpl-injected-dummy-sink]: [17:39:43][INFO] Received device shutdown request (signal 15).
[13570:internal-dpl-injected-dummy-sink]: [17:39:43][INFO] Waiting for graceful device shutdown. Hit Ctrl-C again to abort immediately.
[13564:mft-digit-reader]: [17:39:43][INFO] Received device shutdown request (signal 15).
[13564:mft-digit-reader]: [17:39:43][INFO] Waiting for graceful device shutdown. Hit Ctrl-C again to abort immediately.
[13565:internal-dpl-ccdb-backend]: [17:39:43][INFO] Received device shutdown request (signal 15).
[13568:mft-tracker]: [17:39:43][INFO] Received device shutdown request (signal 15).
[13563:internal-dpl-clock]: [17:39:43][INFO] Received device shutdown request (signal 15).
[13563:internal-dpl-clock]: [17:39:43][INFO] Waiting for graceful device shutdown. Hit Ctrl-C again to abort immediately.
[13565:internal-dpl-ccdb-backend]: [17:39:43][INFO] Waiting for graceful device shutdown. Hit Ctrl-C again to abort immediately.
[13566:mft-clusterer]: [17:39:43][INFO] Received device shutdown request (signal 15).
[13566:mft-clusterer]: [17:39:43][INFO] Waiting for graceful device shutdown. Hit Ctrl-C again to abort immediately.
[13567:mft-cluster-writer]: [17:39:43][INFO] Received device shutdown request (signal 15).
[13567:mft-cluster-writer]: [17:39:43][INFO] Waiting for graceful device shutdown. Hit Ctrl-C again to abort immediately.
[13567:mft-cluster-writer]: [17:39:44][INFO] New state requested. No timeout set, quitting immediately as per --completion-policy
[13568:mft-tracker]: [17:39:43][INFO] Waiting for graceful device shutdown. Hit Ctrl-C again to abort immediately.
[13569:mft-track-writer]: [17:39:43][INFO] New state requested. No timeout set, quitting immediately as per --completion-policy
[13570:internal-dpl-injected-dummy-sink]: [17:39:43][INFO] New state requested. No timeout set, quitting immediately as per --completion-policy
[13570:internal-dpl-injected-dummy-sink]: [17:39:43][STATE] RUNNING ---> READY
[13563:internal-dpl-clock]: [17:39:44][INFO] New state requested. No timeout set, quitting immediately as per --completion-policy
[13566:mft-clusterer]: [17:39:44][INFO] New state requested. No timeout set, quitting immediately as per --completion-policy
[13563:internal-dpl-clock]: [17:39:44][INFO] Sending end-of-stream message to channel from_internal-dpl-clock_to_mft-digit-reader
[13563:internal-dpl-clock]: [17:39:44][STATE] RUNNING ---> READY
[13563:internal-dpl-clock]: [17:39:44][STATE] READY ---> RESETTING TASK
[13563:internal-dpl-clock]: [17:39:44][STATE] RESETTING TASK ---> DEVICE READY
[13563:internal-dpl-clock]: [17:39:44][STATE] DEVICE READY ---> RESETTING DEVICE
[13564:mft-digit-reader]: [17:39:44][INFO] New state requested. No timeout set, quitting immediately as per --completion-policy
[13564:mft-digit-reader]: [17:39:44][STATE] RUNNING ---> READY
[13565:internal-dpl-ccdb-backend]: [17:39:44][INFO] New state requested. No timeout set, quitting immediately as per --completion-policy
[13565:internal-dpl-ccdb-backend]: [17:39:44][INFO] CCDB cache miss/hit ratio:
[13565:internal-dpl-ccdb-backend]: [17:39:44][INFO]   GLO/Config/GeometryAligned: 1/0 (1847296-1847296 bytes)
[13565:internal-dpl-ccdb-backend]: [17:39:44][INFO]   MFT/Config/ClustererParam: 1/0 (2048-2048 bytes)
[13565:internal-dpl-ccdb-backend]: [17:39:44][INFO]   MFT/Config/AlpideParam: 1/0 (2048-2048 bytes)
[13565:internal-dpl-ccdb-backend]: [17:39:44][INFO]   GLO/Config/GRPECS: 1/0 (2048-2048 bytes)
[13565:internal-dpl-ccdb-backend]: [17:39:44][INFO]   GLO/Config/GRPMagField: 1/0 (1024-1024 bytes)
[13565:internal-dpl-ccdb-backend]: [17:39:44][INFO]   MFT/Calib/ClusterDictionary: 1/0 (21504-21504 bytes)
[13565:internal-dpl-ccdb-backend]: [17:39:44][INFO]   CTP/Calib/OrbitReset: 1/1 (1024-1024 bytes)
[13565:internal-dpl-ccdb-backend]: [17:39:44][STATE] RUNNING ---> READY
[13566:mft-clusterer]: [17:39:44][STATE] RUNNING ---> READY
[13570:internal-dpl-injected-dummy-sink]: [17:39:44][STATE] READY ---> RESETTING TASK
[13570:internal-dpl-injected-dummy-sink]: [17:39:44][STATE] RESETTING TASK ---> DEVICE READY
[13570:internal-dpl-injected-dummy-sink]: [17:39:44][STATE] DEVICE READY ---> RESETTING DEVICE
[13568:mft-tracker]: [17:39:44][INFO] New state requested. No timeout set, quitting immediately as per --completion-policy
[13568:mft-tracker]: [17:39:44][STATE] RUNNING ---> READY
[13564:mft-digit-reader]: [17:39:44][STATE] READY ---> RESETTING TASK
[13566:mft-clusterer]: [17:39:44][STATE] READY ---> RESETTING TASK
[13566:mft-clusterer]: [17:39:44][STATE] RESETTING TASK ---> DEVICE READY
[13564:mft-digit-reader]: [17:39:44][STATE] RESETTING TASK ---> DEVICE READY
[13565:internal-dpl-ccdb-backend]: [17:39:44][STATE] READY ---> RESETTING TASK
[13565:internal-dpl-ccdb-backend]: [17:39:44][STATE] RESETTING TASK ---> DEVICE READY
[13568:mft-tracker]: [17:39:44][STATE] READY ---> RESETTING TASK
[13568:mft-tracker]: [17:39:44][STATE] RESETTING TASK ---> DEVICE READY
[13568:mft-tracker]: [17:39:44][STATE] DEVICE READY ---> RESETTING DEVICE
[13565:internal-dpl-ccdb-backend]: [17:39:44][STATE] DEVICE READY ---> RESETTING DEVICE
[13566:mft-clusterer]: [17:39:44][STATE] DEVICE READY ---> RESETTING DEVICE
[13564:mft-digit-reader]: [17:39:44][STATE] DEVICE READY ---> RESETTING DEVICE
[13566:mft-clusterer]: [17:39:44][STATE] RESETTING DEVICE ---> IDLE
[13566:mft-clusterer]: [17:39:44][STATE] IDLE ---> EXITING
[13566:mft-clusterer]: [17:39:44][STATE] Exiting FairMQ state machine
[13564:mft-digit-reader]: [17:39:44][STATE] RESETTING DEVICE ---> IDLE
[13570:internal-dpl-injected-dummy-sink]: [17:39:44][STATE] RESETTING DEVICE ---> IDLE
[13563:internal-dpl-clock]: [17:39:44][STATE] RESETTING DEVICE ---> IDLE
[13563:internal-dpl-clock]: [17:39:44][STATE] IDLE ---> EXITING
[13568:mft-tracker]: [17:39:44][STATE] RESETTING DEVICE ---> IDLE
[13563:internal-dpl-clock]: [17:39:44][STATE] Exiting FairMQ state machine
[13570:internal-dpl-injected-dummy-sink]: [17:39:44][STATE] IDLE ---> EXITING
[13564:mft-digit-reader]: [17:39:44][STATE] IDLE ---> EXITING
[13565:internal-dpl-ccdb-backend]: [17:39:44][STATE] RESETTING DEVICE ---> IDLE
[13568:mft-tracker]: [17:39:44][STATE] IDLE ---> EXITING
[13568:mft-tracker]: [17:39:44][STATE] Exiting FairMQ state machine
[13565:internal-dpl-ccdb-backend]: [17:39:44][STATE] IDLE ---> EXITING
[13570:internal-dpl-injected-dummy-sink]: [17:39:44][STATE] Exiting FairMQ state machine
[13565:internal-dpl-ccdb-backend]: [17:39:44][STATE] Exiting FairMQ state machine
[13564:mft-digit-reader]: [17:39:44][STATE] Exiting FairMQ state machine
[13569:mft-track-writer]: [17:39:44][STATE] RUNNING ---> READY
[13569:mft-track-writer]: [17:39:44][STATE] READY ---> RESETTING TASK
[13569:mft-track-writer]: [17:39:44][STATE] RESETTING TASK ---> DEVICE READY
[13569:mft-track-writer]: [17:39:44][STATE] DEVICE READY ---> RESETTING DEVICE
[13569:mft-track-writer]: [17:39:44][STATE] RESETTING DEVICE ---> IDLE
[13569:mft-track-writer]: [17:39:44][STATE] IDLE ---> EXITING
[13569:mft-track-writer]: [17:39:44][STATE] Exiting FairMQ state machine
[13567:mft-cluster-writer]: [17:39:44][STATE] RUNNING ---> READY
[13567:mft-cluster-writer]: [17:39:44][STATE] READY ---> RESETTING TASK
[13567:mft-cluster-writer]: [17:39:44][STATE] RESETTING TASK ---> DEVICE READY
[13567:mft-cluster-writer]: [17:39:44][STATE] DEVICE READY ---> RESETTING DEVICE
[13567:mft-cluster-writer]: [17:39:44][INFO] Cleaning up for shared memory id 'ed86f953'...
[13567:mft-cluster-writer]: [17:39:44][INFO] Found 0 unmanaged regions...
[13567:mft-cluster-writer]: [17:39:44][INFO] Found 1 managed segments...
[13567:mft-cluster-writer]: [17:39:44][INFO] Successfully removed 'fmq_ed86f953_m_0'.
[13567:mft-cluster-writer]: [17:39:44][INFO] Successfully removed 'fmq_ed86f953_mng'.
[13567:mft-cluster-writer]: [17:39:44][STATE] RESETTING DEVICE ---> IDLE
[13567:mft-cluster-writer]: [17:39:44][STATE] IDLE ---> EXITING
[13567:mft-cluster-writer]: [17:39:44][STATE] Exiting FairMQ state machine
[INFO] ## Processes completed. Run summary:
[INFO] ### Devices started: 8
[INFO]  - Device internal-dpl-clock: pid 13563 (exit 0)
[INFO]  - Device mft-digit-reader: pid 13564 (exit 0)
[INFO]  - Device internal-dpl-ccdb-backend: pid 13565 (exit 0)
[INFO]  - Device mft-clusterer: pid 13566 (exit 0)
[INFO]  - Device mft-cluster-writer: pid 13567 (exit 0)
[INFO]  - Device mft-tracker: pid 13568 (exit 0)
[INFO]  - Device mft-track-writer: pid 13569 (exit 0)
[INFO]  - Device internal-dpl-injected-dummy-sink: pid 13570 (exit 0)
[INFO] Dumping used configuration in dpl-config.json
TASK-EXIT-CODE: 0
