Running: TIME="#walltime %e" /usr/bin/time --output=trdtrap.log_time ./trdtrap.log_tmp.sh
[INFO] Initialising O2 Data Processing Layer. Driver PID: 11467.
[INFO] Driver listening on port: 19547
[INFO] Rate limiting set up at 500MB distributed over 1 readers
[INFO] O2 Data Processing Layer initialised. We brake for nobody.
[INFO] Optimised build. O2DEBUG / LOG(debug) / LOGF(debug) / assert statement will not be shown.
[INFO] Redeployment of configuration asked.
[INFO] Starting internal-dpl-clock on pid 11507
[INFO] Starting TRDDIGITREADER on pid 11508
[INFO] Starting TRAP on pid 11509
[INFO] Starting TRD-tracklet-writer on pid 11510
[INFO] Starting internal-dpl-injected-dummy-sink on pid 11511
[INFO] Redeployment of configuration done.
[11507:internal-dpl-clock]: [INFO] Instrumenting crash signals
[11507:internal-dpl-clock]: [INFO] Spawing new device internal-dpl-clock in process with pid 11507
[11507:internal-dpl-clock]: [17:39:19][INFO] 
[11507:internal-dpl-clock]:       ______      _    _______  _________ 
[11507:internal-dpl-clock]:      / ____/___ _(_)_______   |/  /_  __ \    version 1.6.0
[11507:internal-dpl-clock]:     / /_  / __ `/ / ___/__  /|_/ /_  / / /    build RELWITHDEBINFO
[11507:internal-dpl-clock]:    / __/ / /_/ / / /    _  /  / / / /_/ /     https://github.com/FairRootGroup/FairMQ
[11507:internal-dpl-clock]:   /_/    \__,_/_/_/     /_/  /_/  \___\_\     LGPL-3.0  © 2012-2023 GSI
[11507:internal-dpl-clock]: 
[11507:internal-dpl-clock]: [17:39:19][STATE] Starting FairMQ state machine --> IDLE
[11507:internal-dpl-clock]: [17:39:19][STATE] IDLE ---> INITIALIZING DEVICE
[11507:internal-dpl-clock]: [17:39:19][STATE] INITIALIZING DEVICE ---> INITIALIZED
[11507:internal-dpl-clock]: [17:39:19][STATE] INITIALIZED ---> BINDING
[11507:internal-dpl-clock]: [17:39:19][STATE] BINDING ---> BOUND
[11507:internal-dpl-clock]: [17:39:19][STATE] BOUND ---> CONNECTING
[11507:internal-dpl-clock]: [17:39:19][STATE] CONNECTING ---> DEVICE READY
[11507:internal-dpl-clock]: [17:39:19][STATE] DEVICE READY ---> INITIALIZING TASK
[11507:internal-dpl-clock]: [17:39:19][STATE] INITIALIZING TASK ---> READY
[11507:internal-dpl-clock]: [17:39:19][STATE] READY ---> RUNNING
[11507:internal-dpl-clock]: [17:39:19][INFO] fair::mq::Device running...
[11507:internal-dpl-clock]: [17:39:19][INFO] LHCPeriod is not available, using current month SEP
[11507:internal-dpl-clock]: [17:39:19][INFO] Correctly handshaken websocket connection.
[11510:TRD-tracklet-writer]: [INFO] Instrumenting crash signals
[11510:TRD-tracklet-writer]: [INFO] Spawing new device TRD-tracklet-writer in process with pid 11510
[11510:TRD-tracklet-writer]: [17:39:19][INFO] 
[11510:TRD-tracklet-writer]:       ______      _    _______  _________ 
[11510:TRD-tracklet-writer]:      / ____/___ _(_)_______   |/  /_  __ \    version 1.6.0
[11510:TRD-tracklet-writer]:     / /_  / __ `/ / ___/__  /|_/ /_  / / /    build RELWITHDEBINFO
[11510:TRD-tracklet-writer]:    / __/ / /_/ / / /    _  /  / / / /_/ /     https://github.com/FairRootGroup/FairMQ
[11510:TRD-tracklet-writer]:   /_/    \__,_/_/_/     /_/  /_/  \___\_\     LGPL-3.0  © 2012-2023 GSI
[11510:TRD-tracklet-writer]: 
[11510:TRD-tracklet-writer]: [17:39:19][STATE] Starting FairMQ state machine --> IDLE
[11508:TRDDIGITREADER]: [INFO] Instrumenting crash signals
[11510:TRD-tracklet-writer]: [17:39:19][STATE] IDLE ---> INITIALIZING DEVICE
[11508:TRDDIGITREADER]: [INFO] Spawing new device TRDDIGITREADER in process with pid 11508
[11508:TRDDIGITREADER]: [17:39:19][INFO] 
[11508:TRDDIGITREADER]:       ______      _    _______  _________ 
[11508:TRDDIGITREADER]:      / ____/___ _(_)_______   |/  /_  __ \    version 1.6.0
[11508:TRDDIGITREADER]:     / /_  / __ `/ / ___/__  /|_/ /_  / / /    build RELWITHDEBINFO
[11508:TRDDIGITREADER]:    / __/ / /_/ / / /    _  /  / / / /_/ /     https://github.com/FairRootGroup/FairMQ
[11508:TRDDIGITREADER]:   /_/    \__,_/_/_/     /_/  /_/  \___\_\     LGPL-3.0  © 2012-2023 GSI
[11508:TRDDIGITREADER]: 
[11508:TRDDIGITREADER]: [17:39:19][STATE] Starting FairMQ state machine --> IDLE
[11508:TRDDIGITREADER]: [17:39:19][STATE] IDLE ---> INITIALIZING DEVICE
[11511:internal-dpl-injected-dummy-sink]: [INFO] Instrumenting crash signals
[11509:TRAP]: [INFO] Instrumenting crash signals
[11511:internal-dpl-injected-dummy-sink]: [INFO] Spawing new device internal-dpl-injected-dummy-sink in process with pid 11511
[11509:TRAP]: [INFO] Spawing new device TRAP in process with pid 11509
[11511:internal-dpl-injected-dummy-sink]: [17:39:19][INFO] 
[11511:internal-dpl-injected-dummy-sink]:       ______      _    _______  _________ 
[11511:internal-dpl-injected-dummy-sink]:      / ____/___ _(_)_______   |/  /_  __ \    version 1.6.0
[11511:internal-dpl-injected-dummy-sink]:     / /_  / __ `/ / ___/__  /|_/ /_  / / /    build RELWITHDEBINFO
[11511:internal-dpl-injected-dummy-sink]:    / __/ / /_/ / / /    _  /  / / / /_/ /     https://github.com/FairRootGroup/FairMQ
[11511:internal-dpl-injected-dummy-sink]:   /_/    \__,_/_/_/     /_/  /_/  \___\_\     LGPL-3.0  © 2012-2023 GSI
[11511:internal-dpl-injected-dummy-sink]: 
[11511:internal-dpl-injected-dummy-sink]: [17:39:19][STATE] Starting FairMQ state machine --> IDLE
[11509:TRAP]: [17:39:19][INFO] 
[11509:TRAP]:       ______      _    _______  _________ 
[11509:TRAP]:      / ____/___ _(_)_______   |/  /_  __ \    version 1.6.0
[11509:TRAP]:     / /_  / __ `/ / ___/__  /|_/ /_  / / /    build RELWITHDEBINFO
[11509:TRAP]:    / __/ / /_/ / / /    _  /  / / / /_/ /     https://github.com/FairRootGroup/FairMQ
[11509:TRAP]:   /_/    \__,_/_/_/     /_/  /_/  \___\_\     LGPL-3.0  © 2012-2023 GSI
[11509:TRAP]: 
[11509:TRAP]: [17:39:19][STATE] Starting FairMQ state machine --> IDLE
[11510:TRD-tracklet-writer]: [17:39:19][INFO] 0: branch  Tracklet set up
[11511:internal-dpl-injected-dummy-sink]: [17:39:19][STATE] IDLE ---> INITIALIZING DEVICE
[11510:TRD-tracklet-writer]: [17:39:19][INFO] 1: branch  TRKLabels set up
[11510:TRD-tracklet-writer]: [17:39:19][INFO] 2: branch  TrackTrg set up
[11509:TRAP]: [17:39:19][STATE] IDLE ---> INITIALIZING DEVICE
[11509:TRAP]: [17:39:19][INFO] Tracklet charges will be calculated using a fixed multiplier
[11509:TRAP]: [17:39:19][INFO] Trap simulation running with 4 threads 
[11511:internal-dpl-injected-dummy-sink]: [17:39:19][STATE] INITIALIZING DEVICE ---> INITIALIZED
[11510:TRD-tracklet-writer]: [17:39:19][STATE] INITIALIZING DEVICE ---> INITIALIZED
[11511:internal-dpl-injected-dummy-sink]: [17:39:19][STATE] INITIALIZED ---> BINDING
[11511:internal-dpl-injected-dummy-sink]: [17:39:19][STATE] BINDING ---> BOUND
[11510:TRD-tracklet-writer]: [17:39:19][STATE] INITIALIZED ---> BINDING
[11511:internal-dpl-injected-dummy-sink]: [17:39:19][STATE] BOUND ---> CONNECTING
[11510:TRD-tracklet-writer]: [17:39:19][STATE] BINDING ---> BOUND
[11510:TRD-tracklet-writer]: [17:39:19][STATE] BOUND ---> CONNECTING
[11509:TRAP]: [17:39:19][STATE] INITIALIZING DEVICE ---> INITIALIZED
[11511:internal-dpl-injected-dummy-sink]: [17:39:19][STATE] CONNECTING ---> DEVICE READY
[11509:TRAP]: [17:39:19][STATE] INITIALIZED ---> BINDING
[11510:TRD-tracklet-writer]: [17:39:19][STATE] CONNECTING ---> DEVICE READY
[11511:internal-dpl-injected-dummy-sink]: [17:39:19][STATE] DEVICE READY ---> INITIALIZING TASK
[11511:internal-dpl-injected-dummy-sink]: [17:39:19][STATE] INITIALIZING TASK ---> READY
[11509:TRAP]: [17:39:19][STATE] BINDING ---> BOUND
[11510:TRD-tracklet-writer]: [17:39:19][STATE] DEVICE READY ---> INITIALIZING TASK
[11509:TRAP]: [17:39:19][STATE] BOUND ---> CONNECTING
[11509:TRAP]: [17:39:19][STATE] CONNECTING ---> DEVICE READY
[11510:TRD-tracklet-writer]: [17:39:19][STATE] INITIALIZING TASK ---> READY
[11510:TRD-tracklet-writer]: [17:39:19][STATE] READY ---> RUNNING
[11510:TRD-tracklet-writer]: [17:39:19][INFO] fair::mq::Device running...
[11510:TRD-tracklet-writer]: [17:39:19][INFO] LHCPeriod is not available, using current month SEP
[11511:internal-dpl-injected-dummy-sink]: [17:39:19][STATE] READY ---> RUNNING
[11511:internal-dpl-injected-dummy-sink]: [17:39:19][INFO] fair::mq::Device running...
[11511:internal-dpl-injected-dummy-sink]: [17:39:19][INFO] LHCPeriod is not available, using current month SEP
[11510:TRD-tracklet-writer]: [17:39:19][INFO] Correctly handshaken websocket connection.
[11511:internal-dpl-injected-dummy-sink]: [17:39:19][INFO] Correctly handshaken websocket connection.
[11509:TRAP]: [17:39:19][STATE] DEVICE READY ---> INITIALIZING TASK
[11509:TRAP]: [17:39:19][STATE] INITIALIZING TASK ---> READY
[11509:TRAP]: [17:39:19][STATE] READY ---> RUNNING
[11509:TRAP]: [17:39:19][INFO] fair::mq::Device running...
[11509:TRAP]: [17:39:19][INFO] LHCPeriod is not available, using current month SEP
[11509:TRAP]: [17:39:19][INFO] Correctly handshaken websocket connection.
[11508:TRDDIGITREADER]: [17:39:20][INFO] Loaded tree from trddigits.root with 1 entries
[11508:TRDDIGITREADER]: [17:39:20][STATE] INITIALIZING DEVICE ---> INITIALIZED
[11508:TRDDIGITREADER]: [17:39:20][STATE] INITIALIZED ---> BINDING
[11508:TRDDIGITREADER]: [17:39:20][STATE] BINDING ---> BOUND
[11508:TRDDIGITREADER]: [17:39:20][STATE] BOUND ---> CONNECTING
[11508:TRDDIGITREADER]: [17:39:20][STATE] CONNECTING ---> DEVICE READY
[11508:TRDDIGITREADER]: [17:39:20][STATE] DEVICE READY ---> INITIALIZING TASK
[11508:TRDDIGITREADER]: [17:39:20][STATE] INITIALIZING TASK ---> READY
[11508:TRDDIGITREADER]: [17:39:20][STATE] READY ---> RUNNING
[11508:TRDDIGITREADER]: [17:39:20][INFO] fair::mq::Device running...
[11508:TRDDIGITREADER]: [17:39:20][INFO] LHCPeriod is not available, using current month SEP
[11508:TRDDIGITREADER]: [17:39:20][INFO] Pushing 12 TRD trigger records at entry 0
[11508:TRDDIGITREADER]: [17:39:20][INFO] Pushing 13314 digits for these trigger records
[11508:TRDDIGITREADER]: [17:39:20][INFO] Sending end-of-stream message to channel from_TRDDIGITREADER_to_TRAP
[11508:TRDDIGITREADER]: [17:39:20][INFO] Correctly handshaken websocket connection.
[11509:TRAP]: [17:39:20][INFO] TRD Trap Simulator Device running over incoming message
[11509:TRAP]: [17:39:20][INFO] Init CcdApi with UserAgentID: localhost.localdomain-1694014760-XZ7Ztt, Host: http://alice-ccdb.cern.ch/
[11509:TRAP]: Info in <TJAlienConnectionManager>: Opening connection to JCentral. Please wait
[11509:TRAP]: Info in <TJAlienConnectionManager>: Opening connection to 137.138.99.141
[11509:TRAP]: Info in <TJAlienConnectionManager>: Successfully connected to 137.138.99.141
[11509:TRAP]: Info in <TJAlienFile::Open>: Accessing file /alice/data/CCDB/TRD/Calib/ChamberCalibrations/07/05389/e704b36a-d22d-11ec-8dd8-511cc1ec24ee in SE <ALICE::CERN::OCDB>
[11509:TRAP]: [17:39:21][INFO] ccdb reads http://alice-ccdb.cern.ch/TRD/Calib/ChamberCalibrations/1/e704b36a-d22d-11ec-8dd8-511cc1ec24ee for 1546300800000 (retrieve, agent_id: localhost.localdomain-1694014760-XZ7Ztt), 
[11509:TRAP]: Info in <TJAlienFile::Open>: Accessing file /alice/data/CCDB/TRD/Calib/LocalGainFactor/15/61343/100756ad-4ec7-11ed-bee3-200114580202 in SE <ALICE::CERN::OCDB>
[11509:TRAP]: [17:39:22][INFO] ccdb reads http://alice-ccdb.cern.ch/TRD/Calib/LocalGainFactor/1/100756ad-4ec7-11ed-bee3-200114580202 for 1546300800000 (retrieve, agent_id: localhost.localdomain-1694014760-XZ7Ztt), 
[11509:TRAP]: Info in <TJAlienFile::Open>: Accessing file /alice/data/CCDB/TRD/Calib/PadNoise/15/62708/e81c639a-d22d-11ec-8dd8-511cc1ec24ee in SE <ALICE::CERN::OCDB>
[11509:TRAP]: [17:39:22][INFO] ccdb reads http://alice-ccdb.cern.ch/TRD/Calib/PadNoise/1/e81c639a-d22d-11ec-8dd8-511cc1ec24ee for 1546300800000 (retrieve, agent_id: localhost.localdomain-1694014760-XZ7Ztt), 
[11509:TRAP]: Info in <TJAlienFile::Open>: Accessing file /alice/data/CCDB/TRD/Calib/ChamberStatus/13/46772/e724d29a-d22d-11ec-8dd8-511cc1ec24ee in SE <ALICE::CERN::OCDB>
[11509:TRAP]: [17:39:22][INFO] ccdb reads http://alice-ccdb.cern.ch/TRD/Calib/ChamberStatus/1/e724d29a-d22d-11ec-8dd8-511cc1ec24ee for 1546300800000 (retrieve, agent_id: localhost.localdomain-1694014760-XZ7Ztt), 
[11509:TRAP]: Info in <TJAlienFile::Open>: Accessing file /alice/data/CCDB/TRD/Calib/PadStatus/01/08482/e8418bc7-d22d-11ec-8dd8-511cc1ec24ee in SE <ALICE::CERN::OCDB>
[11509:TRAP]: [17:39:22][INFO] ccdb reads http://alice-ccdb.cern.ch/TRD/Calib/PadStatus/1/e8418bc7-d22d-11ec-8dd8-511cc1ec24ee for 1546300800000 (retrieve, agent_id: localhost.localdomain-1694014760-XZ7Ztt), 
[11509:TRAP]: Info in <TJAlienFile::Open>: Accessing file /alice/data/CCDB/TRD/TrapConfig/cf_pg-fpnp32_zs-s16-deh_tb30_trkl-b5n-fs1e24-ht200-qs0e24s24e23-pidlinear-pt100_ptrg.r5549/15/64250/e6c280c9-d22d-11ec-8dd8-511cc1ec24ee in SE <ALICE::CERN::OCDB>
[11509:TRAP]: [17:39:24][INFO] ccdb reads http://alice-ccdb.cern.ch/TRD/TrapConfig/cf_pg-fpnp32_zs-s16-deh_tb30_trkl-b5n-fs1e24-ht200-qs0e24s24e23-pidlinear-pt100_ptrg.r5549/1/e6c280c9-d22d-11ec-8dd8-511cc1ec24ee for 1546300800000 (retrieve, agent_id: localhost.localdomain-1694014760-XZ7Ztt), 
[11509:TRAP]: [17:39:24][INFO] using TRAPconfig: cf_pg-fpnp32_zs-s16-deh_tb30_trkl-b5n-fs1e24-ht200-qs0e24s24e23-pidlinear-pt100_ptrg.r5549
[11509:TRAP]: [17:39:24][WARN] you have asked to not use online gain calibrations but the selected trap config does have FGBY enabled. Gain calibrations will be 1, i.e. no effect
[11509:TRAP]: [17:39:24][INFO] Trap simulator found 507 tracklets from 13314 Digits.
[11509:TRAP]: [17:39:24][INFO] In total 0 digits were rejected due to digit downscaling factor of 1
[11509:TRAP]: [17:39:24][INFO] In total 605 MC labels are associated to the 507 tracklets
[11509:TRAP]: [17:39:24][INFO] Total processing time : 64ms
[11509:TRAP]: [17:39:24][INFO] Digit Sorting took: 1ms
[11509:TRAP]: [17:39:24][INFO] Processing time for parallel region: 62ms
[11509:TRAP]: [17:39:24][INFO] Sending end-of-stream message to channel from_TRAP_to_TRD-tracklet-writer
[11509:TRAP]: [17:39:24][INFO] Sending end-of-stream message to channel from_TRAP_to_internal-dpl-injected-dummy-sink
[INFO] Quitting
[INFO] QUIT_REQUESTED
[11509:TRAP]: [17:39:24][INFO] Received device shutdown request (signal 15).
[11509:TRAP]: [17:39:24][INFO] Waiting for graceful device shutdown. Hit Ctrl-C again to abort immediately.
[11507:internal-dpl-clock]: [17:39:24][INFO] Received device shutdown request (signal 15).
[11507:internal-dpl-clock]: [17:39:24][INFO] Waiting for graceful device shutdown. Hit Ctrl-C again to abort immediately.
[11508:TRDDIGITREADER]: [17:39:24][INFO] Received device shutdown request (signal 15).
[11508:TRDDIGITREADER]: [17:39:24][INFO] Waiting for graceful device shutdown. Hit Ctrl-C again to abort immediately.
[11511:internal-dpl-injected-dummy-sink]: [17:39:24][INFO] Received device shutdown request (signal 15).
[11511:internal-dpl-injected-dummy-sink]: [17:39:24][INFO] Waiting for graceful device shutdown. Hit Ctrl-C again to abort immediately.
[11509:TRAP]: [17:39:24][INFO] New state requested. No timeout set, quitting immediately as per --completion-policy
[11510:TRD-tracklet-writer]: [17:39:24][INFO] Received device shutdown request (signal 15).
[11510:TRD-tracklet-writer]: [17:39:24][INFO] Waiting for graceful device shutdown. Hit Ctrl-C again to abort immediately.
[11509:TRAP]: [17:39:24][STATE] RUNNING ---> READY
[11511:internal-dpl-injected-dummy-sink]: [17:39:24][INFO] New state requested. No timeout set, quitting immediately as per --completion-policy
[11511:internal-dpl-injected-dummy-sink]: [17:39:24][STATE] RUNNING ---> READY
[11507:internal-dpl-clock]: [17:39:24][INFO] New state requested. No timeout set, quitting immediately as per --completion-policy
[11507:internal-dpl-clock]: [17:39:24][INFO] Sending end-of-stream message to channel from_internal-dpl-clock_to_TRDDIGITREADER
[11507:internal-dpl-clock]: [17:39:24][STATE] RUNNING ---> READY
[11507:internal-dpl-clock]: [17:39:24][STATE] READY ---> RESETTING TASK
[11508:TRDDIGITREADER]: [17:39:24][INFO] New state requested. No timeout set, quitting immediately as per --completion-policy
[11508:TRDDIGITREADER]: [17:39:24][STATE] RUNNING ---> READY
[11508:TRDDIGITREADER]: [17:39:24][STATE] READY ---> RESETTING TASK
[11507:internal-dpl-clock]: [17:39:24][STATE] RESETTING TASK ---> DEVICE READY
[11507:internal-dpl-clock]: [17:39:24][STATE] DEVICE READY ---> RESETTING DEVICE
[11508:TRDDIGITREADER]: [17:39:24][STATE] RESETTING TASK ---> DEVICE READY
[11508:TRDDIGITREADER]: [17:39:24][STATE] DEVICE READY ---> RESETTING DEVICE
[11509:TRAP]: [17:39:24][STATE] READY ---> RESETTING TASK
[11510:TRD-tracklet-writer]: [17:39:24][INFO] New state requested. No timeout set, quitting immediately as per --completion-policy
[11511:internal-dpl-injected-dummy-sink]: [17:39:24][STATE] READY ---> RESETTING TASK
[11511:internal-dpl-injected-dummy-sink]: [17:39:24][STATE] RESETTING TASK ---> DEVICE READY
[11509:TRAP]: [17:39:24][STATE] RESETTING TASK ---> DEVICE READY
[11509:TRAP]: [17:39:24][STATE] DEVICE READY ---> RESETTING DEVICE
[11511:internal-dpl-injected-dummy-sink]: [17:39:24][STATE] DEVICE READY ---> RESETTING DEVICE
[11507:internal-dpl-clock]: [17:39:24][STATE] RESETTING DEVICE ---> IDLE
[11507:internal-dpl-clock]: [17:39:24][STATE] IDLE ---> EXITING
[11507:internal-dpl-clock]: [17:39:24][STATE] Exiting FairMQ state machine
[11511:internal-dpl-injected-dummy-sink]: [17:39:24][STATE] RESETTING DEVICE ---> IDLE
[11511:internal-dpl-injected-dummy-sink]: [17:39:24][STATE] IDLE ---> EXITING
[11511:internal-dpl-injected-dummy-sink]: [17:39:24][STATE] Exiting FairMQ state machine
[11508:TRDDIGITREADER]: [17:39:24][STATE] RESETTING DEVICE ---> IDLE
[11509:TRAP]: [17:39:24][STATE] RESETTING DEVICE ---> IDLE
[11508:TRDDIGITREADER]: [17:39:24][STATE] IDLE ---> EXITING
[11509:TRAP]: [17:39:24][STATE] IDLE ---> EXITING
[11509:TRAP]: [17:39:24][STATE] Exiting FairMQ state machine
[11508:TRDDIGITREADER]: [17:39:24][STATE] Exiting FairMQ state machine
[11510:TRD-tracklet-writer]: [17:39:25][STATE] RUNNING ---> READY
[11510:TRD-tracklet-writer]: [17:39:25][STATE] READY ---> RESETTING TASK
[11510:TRD-tracklet-writer]: [17:39:25][STATE] RESETTING TASK ---> DEVICE READY
[11510:TRD-tracklet-writer]: [17:39:25][STATE] DEVICE READY ---> RESETTING DEVICE
[11510:TRD-tracklet-writer]: [17:39:25][INFO] Cleaning up for shared memory id 'e076eb48'...
[11510:TRD-tracklet-writer]: [17:39:25][INFO] Found 0 unmanaged regions...
[11510:TRD-tracklet-writer]: [17:39:25][INFO] Found 1 managed segments...
[11510:TRD-tracklet-writer]: [17:39:25][INFO] Successfully removed 'fmq_e076eb48_m_0'.
[11510:TRD-tracklet-writer]: [17:39:25][INFO] Successfully removed 'fmq_e076eb48_mng'.
[11510:TRD-tracklet-writer]: [17:39:25][STATE] RESETTING DEVICE ---> IDLE
[11510:TRD-tracklet-writer]: [17:39:25][STATE] IDLE ---> EXITING
[11510:TRD-tracklet-writer]: [17:39:25][STATE] Exiting FairMQ state machine
[INFO] ## Processes completed. Run summary:
[INFO] ### Devices started: 5
[INFO]  - Device internal-dpl-clock: pid 11507 (exit 0)
[INFO]  - Device TRDDIGITREADER: pid 11508 (exit 0)
[INFO]  - Device TRAP: pid 11509 (exit 0)
[INFO]  - Device TRD-tracklet-writer: pid 11510 (exit 0)
[INFO]  - Device internal-dpl-injected-dummy-sink: pid 11511 (exit 0)
[INFO] Dumping used configuration in dpl-config.json
TASK-EXIT-CODE: 0
