Running: TIME="#walltime %e" /usr/bin/time --output=cpvreco.log_time ./cpvreco.log_tmp.sh
[INFO] Initialising O2 Data Processing Layer. Driver PID: 292264.
[INFO] Driver listening on port: 30344
[INFO] Rate limiting set up at 500MB distributed over 1 readers
[INFO] O2 Data Processing Layer initialised. We brake for nobody.
[INFO] Optimised build. O2DEBUG / LOG(debug) / LOGF(debug) / assert statement will not be shown.
[INFO] Redeployment of configuration asked.
[INFO] Starting internal-dpl-clock on pid 292304
[INFO] Starting cpv-digit-reader on pid 292305
[INFO] Starting internal-dpl-ccdb-backend on pid 292306
[INFO] Starting CPVClusterizerSpec on pid 292307
[INFO] Starting cpv-cluster-writer on pid 292308
[INFO] Starting internal-dpl-injected-dummy-sink on pid 292309
[INFO] Redeployment of configuration done.
[292305:cpv-digit-reader]: [INFO] Instrumenting crash signals
[292305:cpv-digit-reader]: [INFO] Spawing new device cpv-digit-reader in process with pid 292305
[292305:cpv-digit-reader]: [19:27:55][INFO] 
[292305:cpv-digit-reader]:       ______      _    _______  _________ 
[292305:cpv-digit-reader]:      / ____/___ _(_)_______   |/  /_  __ \    version 1.6.0
[292305:cpv-digit-reader]:     / /_  / __ `/ / ___/__  /|_/ /_  / / /    build RELWITHDEBINFO
[292305:cpv-digit-reader]:    / __/ / /_/ / / /    _  /  / / / /_/ /     https://github.com/FairRootGroup/FairMQ
[292305:cpv-digit-reader]:   /_/    \__,_/_/_/     /_/  /_/  \___\_\     LGPL-3.0  © 2012-2023 GSI
[292305:cpv-digit-reader]: 
[292305:cpv-digit-reader]: [19:27:55][STATE] Starting FairMQ state machine --> IDLE
[292305:cpv-digit-reader]: [19:27:55][STATE] IDLE ---> INITIALIZING DEVICE
[292306:internal-dpl-ccdb-backend]: [INFO] Instrumenting crash signals
[292306:internal-dpl-ccdb-backend]: [INFO] Spawing new device internal-dpl-ccdb-backend in process with pid 292306
[292306:internal-dpl-ccdb-backend]: [19:27:55][INFO] 
[292306:internal-dpl-ccdb-backend]:       ______      _    _______  _________ 
[292306:internal-dpl-ccdb-backend]:      / ____/___ _(_)_______   |/  /_  __ \    version 1.6.0
[292306:internal-dpl-ccdb-backend]:     / /_  / __ `/ / ___/__  /|_/ /_  / / /    build RELWITHDEBINFO
[292306:internal-dpl-ccdb-backend]:    / __/ / /_/ / / /    _  /  / / / /_/ /     https://github.com/FairRootGroup/FairMQ
[292306:internal-dpl-ccdb-backend]:   /_/    \__,_/_/_/     /_/  /_/  \___\_\     LGPL-3.0  © 2012-2023 GSI
[292306:internal-dpl-ccdb-backend]: 
[292306:internal-dpl-ccdb-backend]: [19:27:55][STATE] Starting FairMQ state machine --> IDLE
[292306:internal-dpl-ccdb-backend]: [19:27:55][STATE] IDLE ---> INITIALIZING DEVICE
[292306:internal-dpl-ccdb-backend]: [19:27:55][INFO] CCDB Backend at: http://alice-ccdb.cern.ch, validity check for every 2147483647 TF
[292306:internal-dpl-ccdb-backend]: [19:27:55][INFO] Init CcdApi with UserAgentID: localhost.localdomain-1692725275-FMHDbQ, Host: http://alice-ccdb.cern.ch
[292306:internal-dpl-ccdb-backend]: [19:27:55][INFO] Initialised default CCDB host http://alice-ccdb.cern.ch
[292306:internal-dpl-ccdb-backend]: [19:27:55][INFO] The following route is a condition CPV/CPV_SimPars/0
[292306:internal-dpl-ccdb-backend]: [19:27:55][INFO] - ccdb-path: CPV/Config/CPVSimParams
[292306:internal-dpl-ccdb-backend]: [19:27:55][STATE] INITIALIZING DEVICE ---> INITIALIZED
[292306:internal-dpl-ccdb-backend]: [19:27:55][STATE] INITIALIZED ---> BINDING
[292306:internal-dpl-ccdb-backend]: [19:27:55][STATE] BINDING ---> BOUND
[292306:internal-dpl-ccdb-backend]: [19:27:55][STATE] BOUND ---> CONNECTING
[292306:internal-dpl-ccdb-backend]: [19:27:55][STATE] CONNECTING ---> DEVICE READY
[292306:internal-dpl-ccdb-backend]: [19:27:55][STATE] DEVICE READY ---> INITIALIZING TASK
[292306:internal-dpl-ccdb-backend]: [19:27:55][STATE] INITIALIZING TASK ---> READY
[292306:internal-dpl-ccdb-backend]: [19:27:55][STATE] READY ---> RUNNING
[292306:internal-dpl-ccdb-backend]: [19:27:55][INFO] fair::mq::Device running...
[292306:internal-dpl-ccdb-backend]: [19:27:55][INFO] LHCPeriod is not available, using current month AUG
[292306:internal-dpl-ccdb-backend]: [19:27:55][INFO] Correctly handshaken websocket connection.
[292305:cpv-digit-reader]: [19:27:56][INFO] branch set up: CPVDigit
[292305:cpv-digit-reader]: [19:27:56][INFO] branch set up: CPVDigitTrigRecords
[292305:cpv-digit-reader]: [19:27:56][INFO] branch set up: CPVDigitMCTruth
[292305:cpv-digit-reader]: [19:27:56][STATE] INITIALIZING DEVICE ---> INITIALIZED
[292305:cpv-digit-reader]: [19:27:56][STATE] INITIALIZED ---> BINDING
[292305:cpv-digit-reader]: [19:27:56][STATE] BINDING ---> BOUND
[292305:cpv-digit-reader]: [19:27:56][STATE] BOUND ---> CONNECTING
[292305:cpv-digit-reader]: [19:27:56][STATE] CONNECTING ---> DEVICE READY
[292305:cpv-digit-reader]: [19:27:56][STATE] DEVICE READY ---> INITIALIZING TASK
[292305:cpv-digit-reader]: [19:27:56][STATE] INITIALIZING TASK ---> READY
[292305:cpv-digit-reader]: [19:27:56][STATE] READY ---> RUNNING
[292305:cpv-digit-reader]: [19:27:56][INFO] fair::mq::Device running...
[292305:cpv-digit-reader]: [19:27:56][INFO] LHCPeriod is not available, using current month AUG
[292308:cpv-cluster-writer]: [INFO] Instrumenting crash signals
[292309:internal-dpl-injected-dummy-sink]: [INFO] Instrumenting crash signals
[292309:internal-dpl-injected-dummy-sink]: [INFO] Spawing new device internal-dpl-injected-dummy-sink in process with pid 292309
[292308:cpv-cluster-writer]: [INFO] Spawing new device cpv-cluster-writer in process with pid 292308
[292308:cpv-cluster-writer]: [19:27:56][INFO] 
[292308:cpv-cluster-writer]:       ______      _    _______  _________ 
[292308:cpv-cluster-writer]:      / ____/___ _(_)_______   |/  /_  __ \    version 1.6.0
[292308:cpv-cluster-writer]:     / /_  / __ `/ / ___/__  /|_/ /_  / / /    build RELWITHDEBINFO
[292308:cpv-cluster-writer]:    / __/ / /_/ / / /    _  /  / / / /_/ /     https://github.com/FairRootGroup/FairMQ
[292308:cpv-cluster-writer]:   /_/    \__,_/_/_/     /_/  /_/  \___\_\     LGPL-3.0  © 2012-2023 GSI
[292308:cpv-cluster-writer]: 
[292308:cpv-cluster-writer]: [19:27:56][STATE] Starting FairMQ state machine --> IDLE
[292309:internal-dpl-injected-dummy-sink]: [19:27:56][INFO] 
[292309:internal-dpl-injected-dummy-sink]:       ______      _    _______  _________ 
[292309:internal-dpl-injected-dummy-sink]:      / ____/___ _(_)_______   |/  /_  __ \    version 1.6.0
[292309:internal-dpl-injected-dummy-sink]:     / /_  / __ `/ / ___/__  /|_/ /_  / / /    build RELWITHDEBINFO
[292309:internal-dpl-injected-dummy-sink]:    / __/ / /_/ / / /    _  /  / / / /_/ /     https://github.com/FairRootGroup/FairMQ
[292309:internal-dpl-injected-dummy-sink]:   /_/    \__,_/_/_/     /_/  /_/  \___\_\     LGPL-3.0  © 2012-2023 GSI
[292309:internal-dpl-injected-dummy-sink]: 
[292309:internal-dpl-injected-dummy-sink]: [19:27:56][STATE] Starting FairMQ state machine --> IDLE
[292309:internal-dpl-injected-dummy-sink]: [19:27:56][STATE] IDLE ---> INITIALIZING DEVICE
[292308:cpv-cluster-writer]: [19:27:56][STATE] IDLE ---> INITIALIZING DEVICE
[292309:internal-dpl-injected-dummy-sink]: [19:27:56][STATE] INITIALIZING DEVICE ---> INITIALIZED
[292309:internal-dpl-injected-dummy-sink]: [19:27:56][STATE] INITIALIZED ---> BINDING
[292309:internal-dpl-injected-dummy-sink]: [19:27:56][STATE] BINDING ---> BOUND
[292309:internal-dpl-injected-dummy-sink]: [19:27:56][STATE] BOUND ---> CONNECTING
[292309:internal-dpl-injected-dummy-sink]: [19:27:56][STATE] CONNECTING ---> DEVICE READY
[292309:internal-dpl-injected-dummy-sink]: [19:27:56][STATE] DEVICE READY ---> INITIALIZING TASK
[292309:internal-dpl-injected-dummy-sink]: [19:27:56][STATE] INITIALIZING TASK ---> READY
[292309:internal-dpl-injected-dummy-sink]: [19:27:56][STATE] READY ---> RUNNING
[292309:internal-dpl-injected-dummy-sink]: [19:27:56][INFO] fair::mq::Device running...
[292309:internal-dpl-injected-dummy-sink]: [19:27:56][INFO] LHCPeriod is not available, using current month AUG
[292307:CPVClusterizerSpec]: [INFO] Instrumenting crash signals
[292309:internal-dpl-injected-dummy-sink]: [19:27:56][INFO] Correctly handshaken websocket connection.
[292307:CPVClusterizerSpec]: [INFO] Spawing new device CPVClusterizerSpec in process with pid 292307
[292307:CPVClusterizerSpec]: [19:27:56][INFO] 
[292307:CPVClusterizerSpec]:       ______      _    _______  _________ 
[292307:CPVClusterizerSpec]:      / ____/___ _(_)_______   |/  /_  __ \    version 1.6.0
[292307:CPVClusterizerSpec]:     / /_  / __ `/ / ___/__  /|_/ /_  / / /    build RELWITHDEBINFO
[292307:CPVClusterizerSpec]:    / __/ / /_/ / / /    _  /  / / / /_/ /     https://github.com/FairRootGroup/FairMQ
[292307:CPVClusterizerSpec]:   /_/    \__,_/_/_/     /_/  /_/  \___\_\     LGPL-3.0  © 2012-2023 GSI
[292307:CPVClusterizerSpec]: 
[292307:CPVClusterizerSpec]: [19:27:56][STATE] Starting FairMQ state machine --> IDLE
[292307:CPVClusterizerSpec]: [19:27:56][STATE] IDLE ---> INITIALIZING DEVICE
[292307:CPVClusterizerSpec]: [19:27:56][STATE] INITIALIZING DEVICE ---> INITIALIZED
[292304:internal-dpl-clock]: [INFO] Instrumenting crash signals
[292304:internal-dpl-clock]: [INFO] Spawing new device internal-dpl-clock in process with pid 292304
[292304:internal-dpl-clock]: [19:27:56][INFO] 
[292304:internal-dpl-clock]:       ______      _    _______  _________ 
[292304:internal-dpl-clock]:      / ____/___ _(_)_______   |/  /_  __ \    version 1.6.0
[292304:internal-dpl-clock]:     / /_  / __ `/ / ___/__  /|_/ /_  / / /    build RELWITHDEBINFO
[292304:internal-dpl-clock]:    / __/ / /_/ / / /    _  /  / / / /_/ /     https://github.com/FairRootGroup/FairMQ
[292304:internal-dpl-clock]:   /_/    \__,_/_/_/     /_/  /_/  \___\_\     LGPL-3.0  © 2012-2023 GSI
[292304:internal-dpl-clock]: 
[292307:CPVClusterizerSpec]: [19:27:56][STATE] INITIALIZED ---> BINDING
[292307:CPVClusterizerSpec]: [19:27:56][STATE] BINDING ---> BOUND
[292304:internal-dpl-clock]: [19:27:56][STATE] Starting FairMQ state machine --> IDLE
[292304:internal-dpl-clock]: [19:27:56][STATE] IDLE ---> INITIALIZING DEVICE
[292307:CPVClusterizerSpec]: [19:27:56][STATE] BOUND ---> CONNECTING
[292307:CPVClusterizerSpec]: [19:27:56][STATE] CONNECTING ---> DEVICE READY
[292304:internal-dpl-clock]: [19:27:56][STATE] INITIALIZING DEVICE ---> INITIALIZED
[292307:CPVClusterizerSpec]: [19:27:56][STATE] DEVICE READY ---> INITIALIZING TASK
[292304:internal-dpl-clock]: [19:27:56][STATE] INITIALIZED ---> BINDING
[292304:internal-dpl-clock]: [19:27:56][STATE] BINDING ---> BOUND
[292304:internal-dpl-clock]: [19:27:56][STATE] BOUND ---> CONNECTING
[292304:internal-dpl-clock]: [19:27:56][STATE] CONNECTING ---> DEVICE READY
[292304:internal-dpl-clock]: [19:27:56][STATE] DEVICE READY ---> INITIALIZING TASK
[292304:internal-dpl-clock]: [19:27:56][STATE] INITIALIZING TASK ---> READY
[292304:internal-dpl-clock]: [19:27:56][STATE] READY ---> RUNNING
[292304:internal-dpl-clock]: [19:27:56][INFO] fair::mq::Device running...
[292307:CPVClusterizerSpec]: [19:27:56][STATE] INITIALIZING TASK ---> READY
[292304:internal-dpl-clock]: [19:27:56][INFO] LHCPeriod is not available, using current month AUG
[292304:internal-dpl-clock]: [19:27:56][INFO] Correctly handshaken websocket connection.
[292307:CPVClusterizerSpec]: [19:27:56][STATE] READY ---> RUNNING
[292307:CPVClusterizerSpec]: [19:27:56][INFO] fair::mq::Device running...
[292307:CPVClusterizerSpec]: [19:27:56][INFO] LHCPeriod is not available, using current month AUG
[292307:CPVClusterizerSpec]: [19:27:56][INFO] Correctly handshaken websocket connection.
[292308:cpv-cluster-writer]: [19:27:56][INFO] 0: branch  CPVCluster set up
[292308:cpv-cluster-writer]: [19:27:56][INFO] 1: branch  CPVClusterTrigRec set up
[292308:cpv-cluster-writer]: [19:27:56][INFO] 2: branch  CPVClusterTrueMC set up
[292308:cpv-cluster-writer]: [19:27:56][STATE] INITIALIZING DEVICE ---> INITIALIZED
[292308:cpv-cluster-writer]: [19:27:56][STATE] INITIALIZED ---> BINDING
[292308:cpv-cluster-writer]: [19:27:56][STATE] BINDING ---> BOUND
[292305:cpv-digit-reader]: [19:27:56][INFO] Correctly handshaken websocket connection.
[292308:cpv-cluster-writer]: [19:27:56][STATE] BOUND ---> CONNECTING
[292305:cpv-digit-reader]: [19:27:56][INFO] Sending end-of-stream message to channel from_cpv-digit-reader_to_internal-dpl-ccdb-backend
[292305:cpv-digit-reader]: [19:27:56][INFO] Sending end-of-stream message to channel from_cpv-digit-reader_to_CPVClusterizerSpec
[292308:cpv-cluster-writer]: [19:27:56][STATE] CONNECTING ---> DEVICE READY
[292308:cpv-cluster-writer]: [19:27:56][STATE] DEVICE READY ---> INITIALIZING TASK
[292308:cpv-cluster-writer]: [19:27:56][STATE] INITIALIZING TASK ---> READY
[292308:cpv-cluster-writer]: [19:27:56][STATE] READY ---> RUNNING
[292308:cpv-cluster-writer]: [19:27:56][INFO] fair::mq::Device running...
[292308:cpv-cluster-writer]: [19:27:56][INFO] LHCPeriod is not available, using current month AUG
[292308:cpv-cluster-writer]: [19:27:56][INFO] Correctly handshaken websocket connection.
[292306:internal-dpl-ccdb-backend]: Info in <TJAlienConnectionManager>: Opening connection to JCentral. Please wait
[292306:internal-dpl-ccdb-backend]: Info in <TJAlienConnectionManager>: Opening connection to 137.138.99.172
[292306:internal-dpl-ccdb-backend]: Info in <TJAlienConnectionManager>: Successfully connected to 137.138.99.172
[292306:internal-dpl-ccdb-backend]: Info in <TJAlienFile::Open>: Accessing file /alice/data/CCDB/CTP/Calib/OrbitReset/06/62200/b9f985c3-b4b0-11ec-8fd3-90ce809b24ee in SE <ALICE::CERN::EOS>
[292306:internal-dpl-ccdb-backend]: [19:27:57][INFO] ccdb reads http://alice-ccdb.cern.ch/CTP/Calib/OrbitReset/1546300800000/b9f985c3-b4b0-11ec-8fd3-90ce809b24ee for 1546300800000 (load to memory, agent_id: localhost.localdomain-1692725275-FMHDbQ), 
[292306:internal-dpl-ccdb-backend]: Info in <TJAlienFile::Open>: Accessing file /alice/data/CCDB/CPV/Config/CPVSimParams/02/18202/5ce9988b-d60c-11ec-8000-0aa202a21b9a in SE <ALICE::CERN::EOS>
[292306:internal-dpl-ccdb-backend]: [19:27:57][INFO] ccdb reads http://alice-ccdb.cern.ch/CPV/Config/CPVSimParams/946684800000/5ce9988b-d60c-11ec-8000-0aa202a21b9a for 1546300800000 (load to memory, agent_id: localhost.localdomain-1692725275-FMHDbQ), 
[292306:internal-dpl-ccdb-backend]: [19:27:57][INFO] Sending end-of-stream message to channel from_internal-dpl-ccdb-backend_to_CPVClusterizerSpec
[292306:internal-dpl-ccdb-backend]: [19:27:57][INFO] Sending end-of-stream message to channel from_internal-dpl-ccdb-backend_to_internal-dpl-injected-dummy-sink
[292307:CPVClusterizerSpec]: [19:27:57][INFO] Starting ClusterizerSpec::run() 
[292307:CPVClusterizerSpec]: [19:27:57][INFO] ClusterizerSpec::run() : fetching o2::cpv::CPVSimParams from CCDB
[292307:CPVClusterizerSpec]: [19:27:57][INFO] Caching in 139861399774464 ptr to CPV/CPV_SimPars/0 (0x7f367cf58420)
[292307:CPVClusterizerSpec]: [19:27:57][INFO] ClusterizerSpec::run() : o2::cpv::CPVSimParams::Instance() now is following:
[292307:CPVClusterizerSpec]: CPVSimParams.mnCellX : 128		[ CCDB ]
[292307:CPVClusterizerSpec]: CPVSimParams.mnCellZ : 60		[ CCDB ]
[292307:CPVClusterizerSpec]: CPVSimParams.mPadSizeX : 1.13		[ CCDB ]
[292307:CPVClusterizerSpec]: CPVSimParams.mPadSizeZ : 2.1093		[ CCDB ]
[292307:CPVClusterizerSpec]: CPVSimParams.mDetR : 0.1		[ CCDB ]
[292307:CPVClusterizerSpec]: CPVSimParams.mdEdx : 400		[ CCDB ]
[292307:CPVClusterizerSpec]: CPVSimParams.mNgamz : 5		[ CCDB ]
[292307:CPVClusterizerSpec]: CPVSimParams.mNgamx : 9		[ CCDB ]
[292307:CPVClusterizerSpec]: CPVSimParams.mCPVGasThickness : 1.3		[ CCDB ]
[292307:CPVClusterizerSpec]: CPVSimParams.mA : 1		[ CCDB ]
[292307:CPVClusterizerSpec]: CPVSimParams.mB : 0.7		[ CCDB ]
[292307:CPVClusterizerSpec]: CPVSimParams.mReadoutTime : 5		[ CCDB ]
[292307:CPVClusterizerSpec]: CPVSimParams.mDeadTime : 20		[ CCDB ]
[292307:CPVClusterizerSpec]: CPVSimParams.mReadoutTimePU : 2000		[ CCDB ]
[292307:CPVClusterizerSpec]: CPVSimParams.mDeadTimePU : 30000		[ CCDB ]
[292307:CPVClusterizerSpec]: CPVSimParams.mApplyDigitization : true		[ CCDB ]
[292307:CPVClusterizerSpec]: CPVSimParams.mZSnSigmas : 3		[ CCDB ]
[292307:CPVClusterizerSpec]: CPVSimParams.mSortingDelta : 0.1		[ CCDB ]
[292307:CPVClusterizerSpec]: CPVSimParams.mDigitMinEnergy : 5		[ CCDB ]
[292307:CPVClusterizerSpec]: CPVSimParams.mClusteringThreshold : 10		[ CCDB ]
[292307:CPVClusterizerSpec]: CPVSimParams.mUnfogingEAccuracy : 0.001		[ CCDB ]
[292307:CPVClusterizerSpec]: CPVSimParams.mUnfogingXZAccuracy : 0.1		[ CCDB ]
[292307:CPVClusterizerSpec]: CPVSimParams.mLocalMaximumCut : 0.03		[ CCDB ]
[292307:CPVClusterizerSpec]: CPVSimParams.mLogWeight : 4.5		[ CCDB ]
[292307:CPVClusterizerSpec]: CPVSimParams.mNMaxIterations : 10		[ CCDB ]
[292307:CPVClusterizerSpec]: CPVSimParams.mUnfoldClusters : false		[ CCDB ]
[292307:CPVClusterizerSpec]: [19:27:57][INFO] ClusterizerSpec::run() : no digits; moving on
[292307:CPVClusterizerSpec]: [19:27:57][INFO] Starting ClusterizerSpec::run() 
[292307:CPVClusterizerSpec]: [19:27:57][INFO] ClusterizerSpec::run() : no digits; moving on
[292307:CPVClusterizerSpec]: [19:27:57][INFO] Sending end-of-stream message to channel from_CPVClusterizerSpec_to_cpv-cluster-writer
[292307:CPVClusterizerSpec]: [19:27:57][INFO] Sending end-of-stream message to channel from_CPVClusterizerSpec_to_internal-dpl-injected-dummy-sink
[INFO] Quitting
[INFO] QUIT_REQUESTED
[292309:internal-dpl-injected-dummy-sink]: [19:27:57][INFO] Received device shutdown request (signal 15).
[292309:internal-dpl-injected-dummy-sink]: [19:27:57][INFO] Waiting for graceful device shutdown. Hit Ctrl-C again to abort immediately.
[292309:internal-dpl-injected-dummy-sink]: [19:27:57][INFO] New state requested. No timeout set, quitting immediately as per --completion-policy
[292309:internal-dpl-injected-dummy-sink]: [19:27:57][STATE] RUNNING ---> READY
[292307:CPVClusterizerSpec]: [19:27:57][INFO] Received device shutdown request (signal 15).
[292307:CPVClusterizerSpec]: [19:27:57][INFO] Waiting for graceful device shutdown. Hit Ctrl-C again to abort immediately.
[292309:internal-dpl-injected-dummy-sink]: [19:27:57][STATE] READY ---> RESETTING TASK
[292309:internal-dpl-injected-dummy-sink]: [19:27:57][STATE] RESETTING TASK ---> DEVICE READY
[292307:CPVClusterizerSpec]: [19:27:57][INFO] New state requested. No timeout set, quitting immediately as per --completion-policy
[292307:CPVClusterizerSpec]: [19:27:57][STATE] RUNNING ---> READY
[292309:internal-dpl-injected-dummy-sink]: [19:27:57][STATE] DEVICE READY ---> RESETTING DEVICE
[292307:CPVClusterizerSpec]: [19:27:57][STATE] READY ---> RESETTING TASK
[292307:CPVClusterizerSpec]: [19:27:57][STATE] RESETTING TASK ---> DEVICE READY
[292307:CPVClusterizerSpec]: [19:27:57][STATE] DEVICE READY ---> RESETTING DEVICE
[292309:internal-dpl-injected-dummy-sink]: [19:27:57][STATE] RESETTING DEVICE ---> IDLE
[292309:internal-dpl-injected-dummy-sink]: [19:27:57][STATE] IDLE ---> EXITING
[292309:internal-dpl-injected-dummy-sink]: [19:27:57][STATE] Exiting FairMQ state machine
[292307:CPVClusterizerSpec]: [19:27:57][STATE] RESETTING DEVICE ---> IDLE
[292307:CPVClusterizerSpec]: [19:27:57][STATE] IDLE ---> EXITING
[292307:CPVClusterizerSpec]: [19:27:57][STATE] Exiting FairMQ state machine
[292304:internal-dpl-clock]: [19:27:57][INFO] Received device shutdown request (signal 15).
[292304:internal-dpl-clock]: [19:27:57][INFO] Waiting for graceful device shutdown. Hit Ctrl-C again to abort immediately.
[292304:internal-dpl-clock]: [19:27:57][INFO] New state requested. No timeout set, quitting immediately as per --completion-policy
[292304:internal-dpl-clock]: [19:27:57][STATE] RUNNING ---> READY
[292304:internal-dpl-clock]: [19:27:57][STATE] READY ---> RESETTING TASK
[292304:internal-dpl-clock]: [19:27:57][STATE] RESETTING TASK ---> DEVICE READY
[292304:internal-dpl-clock]: [19:27:57][STATE] DEVICE READY ---> RESETTING DEVICE
[292306:internal-dpl-ccdb-backend]: [19:27:57][INFO] Received device shutdown request (signal 15).
[292306:internal-dpl-ccdb-backend]: [19:27:57][INFO] Waiting for graceful device shutdown. Hit Ctrl-C again to abort immediately.
[292305:cpv-digit-reader]: [19:27:57][INFO] Received device shutdown request (signal 15).
[292305:cpv-digit-reader]: [19:27:57][INFO] Waiting for graceful device shutdown. Hit Ctrl-C again to abort immediately.
[292305:cpv-digit-reader]: [19:27:57][INFO] New state requested. No timeout set, quitting immediately as per --completion-policy
[292305:cpv-digit-reader]: [19:27:57][STATE] RUNNING ---> READY
[292306:internal-dpl-ccdb-backend]: [19:27:57][INFO] New state requested. No timeout set, quitting immediately as per --completion-policy
[292306:internal-dpl-ccdb-backend]: [19:27:57][INFO] CCDB cache miss/hit ratio:
[292306:internal-dpl-ccdb-backend]: [19:27:57][INFO]   CPV/Config/CPVSimParams: 1/1 (3072-3072 bytes)
[292306:internal-dpl-ccdb-backend]: [19:27:57][INFO]   CTP/Calib/OrbitReset: 1/2 (1024-1024 bytes)
[292306:internal-dpl-ccdb-backend]: [19:27:57][STATE] RUNNING ---> READY
[292306:internal-dpl-ccdb-backend]: [19:27:57][STATE] READY ---> RESETTING TASK
[292306:internal-dpl-ccdb-backend]: [19:27:57][STATE] RESETTING TASK ---> DEVICE READY
[292306:internal-dpl-ccdb-backend]: [19:27:57][STATE] DEVICE READY ---> RESETTING DEVICE
[292304:internal-dpl-clock]: [19:27:57][STATE] RESETTING DEVICE ---> IDLE
[292305:cpv-digit-reader]: [19:27:57][STATE] READY ---> RESETTING TASK
[292305:cpv-digit-reader]: [19:27:57][STATE] RESETTING TASK ---> DEVICE READY
[292305:cpv-digit-reader]: [19:27:57][STATE] DEVICE READY ---> RESETTING DEVICE
[292304:internal-dpl-clock]: [19:27:57][STATE] IDLE ---> EXITING
[292304:internal-dpl-clock]: [19:27:57][STATE] Exiting FairMQ state machine
[292305:cpv-digit-reader]: [19:27:57][STATE] RESETTING DEVICE ---> IDLE
[292305:cpv-digit-reader]: [19:27:57][STATE] IDLE ---> EXITING
[292305:cpv-digit-reader]: [19:27:57][STATE] Exiting FairMQ state machine
[292308:cpv-cluster-writer]: [19:27:57][INFO] Received device shutdown request (signal 15).
[292308:cpv-cluster-writer]: [19:27:57][INFO] Waiting for graceful device shutdown. Hit Ctrl-C again to abort immediately.
[292306:internal-dpl-ccdb-backend]: [19:27:57][STATE] RESETTING DEVICE ---> IDLE
[292306:internal-dpl-ccdb-backend]: [19:27:57][STATE] IDLE ---> EXITING
[292308:cpv-cluster-writer]: [19:27:57][INFO] New state requested. No timeout set, quitting immediately as per --completion-policy
[292306:internal-dpl-ccdb-backend]: [19:27:57][STATE] Exiting FairMQ state machine
[292308:cpv-cluster-writer]: [19:27:57][STATE] RUNNING ---> READY
[292308:cpv-cluster-writer]: [19:27:57][STATE] READY ---> RESETTING TASK
[292308:cpv-cluster-writer]: [19:27:57][STATE] RESETTING TASK ---> DEVICE READY
[292308:cpv-cluster-writer]: [19:27:57][STATE] DEVICE READY ---> RESETTING DEVICE
[292308:cpv-cluster-writer]: [19:27:57][INFO] Cleaning up for shared memory id '93a1c9e4'...
[292308:cpv-cluster-writer]: [19:27:57][INFO] Found 0 unmanaged regions...
[292308:cpv-cluster-writer]: [19:27:57][INFO] Found 1 managed segments...
[292308:cpv-cluster-writer]: [19:27:57][INFO] Successfully removed 'fmq_93a1c9e4_m_0'.
[292308:cpv-cluster-writer]: [19:27:57][INFO] Successfully removed 'fmq_93a1c9e4_mng'.
[292308:cpv-cluster-writer]: [19:27:57][STATE] RESETTING DEVICE ---> IDLE
[292308:cpv-cluster-writer]: [19:27:57][STATE] IDLE ---> EXITING
[292308:cpv-cluster-writer]: [19:27:57][STATE] Exiting FairMQ state machine
[INFO] ## Processes completed. Run summary:
[INFO] ### Devices started: 6
[INFO]  - Device internal-dpl-clock: pid 292304 (exit 0)
[INFO]  - Device cpv-digit-reader: pid 292305 (exit 0)
[INFO]  - Device internal-dpl-ccdb-backend: pid 292306 (exit 0)
[INFO]  - Device CPVClusterizerSpec: pid 292307 (exit 0)
[INFO]  - Device cpv-cluster-writer: pid 292308 (exit 0)
[INFO]  - Device internal-dpl-injected-dummy-sink: pid 292309 (exit 0)
[INFO] Dumping used configuration in dpl-config.json
TASK-EXIT-CODE: 0
