Running: TIME="#walltime %e" /usr/bin/time --output=emcreco.log_time ./emcreco.log_tmp.sh
[INFO] Initialising O2 Data Processing Layer. Driver PID: 291754.
[INFO] Driver listening on port: 29834
[INFO] Rate limiting set up at 500MB distributed over 1 readers
[INFO] O2 Data Processing Layer initialised. We brake for nobody.
[INFO] Optimised build. O2DEBUG / LOG(debug) / LOGF(debug) / assert statement will not be shown.
[INFO] Redeployment of configuration asked.
[INFO] Starting internal-dpl-clock on pid 291794
[INFO] Starting emcal-digit-reader on pid 291795
[INFO] Starting EMCALCellConverterSpec on pid 291796
[INFO] Starting emcal-cells-writer on pid 291797
[INFO] Redeployment of configuration done.
[291795:emcal-digit-reader]: [INFO] Instrumenting crash signals
[291795:emcal-digit-reader]: [INFO] Spawing new device emcal-digit-reader in process with pid 291795
[291795:emcal-digit-reader]: [19:27:49][INFO] 
[291795:emcal-digit-reader]:       ______      _    _______  _________ 
[291795:emcal-digit-reader]:      / ____/___ _(_)_______   |/  /_  __ \    version 1.6.0
[291795:emcal-digit-reader]:     / /_  / __ `/ / ___/__  /|_/ /_  / / /    build RELWITHDEBINFO
[291795:emcal-digit-reader]:    / __/ / /_/ / / /    _  /  / / / /_/ /     https://github.com/FairRootGroup/FairMQ
[291795:emcal-digit-reader]:   /_/    \__,_/_/_/     /_/  /_/  \___\_\     LGPL-3.0  © 2012-2023 GSI
[291795:emcal-digit-reader]: 
[291795:emcal-digit-reader]: [19:27:49][STATE] Starting FairMQ state machine --> IDLE
[291797:emcal-cells-writer]: [INFO] Instrumenting crash signals
[291797:emcal-cells-writer]: [INFO] Spawing new device emcal-cells-writer in process with pid 291797
[291797:emcal-cells-writer]: [19:27:49][INFO] 
[291797:emcal-cells-writer]:       ______      _    _______  _________ 
[291797:emcal-cells-writer]:      / ____/___ _(_)_______   |/  /_  __ \    version 1.6.0
[291797:emcal-cells-writer]:     / /_  / __ `/ / ___/__  /|_/ /_  / / /    build RELWITHDEBINFO
[291797:emcal-cells-writer]:    / __/ / /_/ / / /    _  /  / / / /_/ /     https://github.com/FairRootGroup/FairMQ
[291797:emcal-cells-writer]:   /_/    \__,_/_/_/     /_/  /_/  \___\_\     LGPL-3.0  © 2012-2023 GSI
[291797:emcal-cells-writer]: 
[291797:emcal-cells-writer]: [19:27:49][STATE] Starting FairMQ state machine --> IDLE
[291797:emcal-cells-writer]: [19:27:49][STATE] IDLE ---> INITIALIZING DEVICE
[291795:emcal-digit-reader]: [19:27:49][STATE] IDLE ---> INITIALIZING DEVICE
[291794:internal-dpl-clock]: [INFO] Instrumenting crash signals
[291794:internal-dpl-clock]: [INFO] Spawing new device internal-dpl-clock in process with pid 291794
[291794:internal-dpl-clock]: [19:27:49][INFO] 
[291794:internal-dpl-clock]:       ______      _    _______  _________ 
[291794:internal-dpl-clock]:      / ____/___ _(_)_______   |/  /_  __ \    version 1.6.0
[291794:internal-dpl-clock]:     / /_  / __ `/ / ___/__  /|_/ /_  / / /    build RELWITHDEBINFO
[291794:internal-dpl-clock]:    / __/ / /_/ / / /    _  /  / / / /_/ /     https://github.com/FairRootGroup/FairMQ
[291794:internal-dpl-clock]:   /_/    \__,_/_/_/     /_/  /_/  \___\_\     LGPL-3.0  © 2012-2023 GSI
[291794:internal-dpl-clock]: 
[291794:internal-dpl-clock]: [19:27:49][STATE] Starting FairMQ state machine --> IDLE
[291794:internal-dpl-clock]: [19:27:49][STATE] IDLE ---> INITIALIZING DEVICE
[291794:internal-dpl-clock]: [19:27:49][STATE] INITIALIZING DEVICE ---> INITIALIZED
[291794:internal-dpl-clock]: [19:27:49][STATE] INITIALIZED ---> BINDING
[291794:internal-dpl-clock]: [19:27:49][STATE] BINDING ---> BOUND
[291794:internal-dpl-clock]: [19:27:49][STATE] BOUND ---> CONNECTING
[291794:internal-dpl-clock]: [19:27:49][STATE] CONNECTING ---> DEVICE READY
[291794:internal-dpl-clock]: [19:27:49][STATE] DEVICE READY ---> INITIALIZING TASK
[291794:internal-dpl-clock]: [19:27:49][STATE] INITIALIZING TASK ---> READY
[291794:internal-dpl-clock]: [19:27:49][STATE] READY ---> RUNNING
[291794:internal-dpl-clock]: [19:27:49][INFO] fair::mq::Device running...
[291794:internal-dpl-clock]: [19:27:49][INFO] LHCPeriod is not available, using current month AUG
[291794:internal-dpl-clock]: [19:27:49][INFO] Correctly handshaken websocket connection.
[291796:EMCALCellConverterSpec]: [INFO] Instrumenting crash signals
[291796:EMCALCellConverterSpec]: [INFO] Spawing new device EMCALCellConverterSpec in process with pid 291796
[291796:EMCALCellConverterSpec]: [19:27:49][INFO] 
[291796:EMCALCellConverterSpec]:       ______      _    _______  _________ 
[291796:EMCALCellConverterSpec]:      / ____/___ _(_)_______   |/  /_  __ \    version 1.6.0
[291796:EMCALCellConverterSpec]:     / /_  / __ `/ / ___/__  /|_/ /_  / / /    build RELWITHDEBINFO
[291796:EMCALCellConverterSpec]:    / __/ / /_/ / / /    _  /  / / / /_/ /     https://github.com/FairRootGroup/FairMQ
[291796:EMCALCellConverterSpec]:   /_/    \__,_/_/_/     /_/  /_/  \___\_\     LGPL-3.0  © 2012-2023 GSI
[291796:EMCALCellConverterSpec]: 
[291796:EMCALCellConverterSpec]: [19:27:49][STATE] Starting FairMQ state machine --> IDLE
[291796:EMCALCellConverterSpec]: [19:27:49][STATE] IDLE ---> INITIALIZING DEVICE
[291796:EMCALCellConverterSpec]: [19:27:49][INFO] o2::emcal::Geometry::GetInstanceFromRunNumber() - Initialized geometry with name <<EMCAL_COMPLETE12SMV1_DCAL_8SM>>
[291796:EMCALCellConverterSpec]: [19:27:49][INFO] Using gamma2 raw fitter
[291796:EMCALCellConverterSpec]: [19:27:49][STATE] INITIALIZING DEVICE ---> INITIALIZED
[291796:EMCALCellConverterSpec]: [19:27:49][STATE] INITIALIZED ---> BINDING
[291797:emcal-cells-writer]: [19:27:49][INFO] 0: branch  EMCALCell set up
[291796:EMCALCellConverterSpec]: [19:27:49][STATE] BINDING ---> BOUND
[291797:emcal-cells-writer]: [19:27:49][INFO] 1: branch  EMCALCellTRGR set up
[291797:emcal-cells-writer]: [19:27:49][INFO] 2: branch  EMCALCellMCTruth set up
[291796:EMCALCellConverterSpec]: [19:27:49][STATE] BOUND ---> CONNECTING
[291796:EMCALCellConverterSpec]: [19:27:49][STATE] CONNECTING ---> DEVICE READY
[291796:EMCALCellConverterSpec]: [19:27:49][STATE] DEVICE READY ---> INITIALIZING TASK
[291797:emcal-cells-writer]: [19:27:49][STATE] INITIALIZING DEVICE ---> INITIALIZED
[291797:emcal-cells-writer]: [19:27:49][STATE] INITIALIZED ---> BINDING
[291797:emcal-cells-writer]: [19:27:49][STATE] BINDING ---> BOUND
[291796:EMCALCellConverterSpec]: [19:27:49][STATE] INITIALIZING TASK ---> READY
[291796:EMCALCellConverterSpec]: [19:27:49][STATE] READY ---> RUNNING
[291796:EMCALCellConverterSpec]: [19:27:49][INFO] fair::mq::Device running...
[291796:EMCALCellConverterSpec]: [19:27:49][INFO] LHCPeriod is not available, using current month AUG
[291797:emcal-cells-writer]: [19:27:49][STATE] BOUND ---> CONNECTING
[291797:emcal-cells-writer]: [19:27:49][STATE] CONNECTING ---> DEVICE READY
[291796:EMCALCellConverterSpec]: [19:27:49][INFO] Correctly handshaken websocket connection.
[291797:emcal-cells-writer]: [19:27:49][STATE] DEVICE READY ---> INITIALIZING TASK
[291797:emcal-cells-writer]: [19:27:49][STATE] INITIALIZING TASK ---> READY
[291797:emcal-cells-writer]: [19:27:49][STATE] READY ---> RUNNING
[291797:emcal-cells-writer]: [19:27:49][INFO] fair::mq::Device running...
[291797:emcal-cells-writer]: [19:27:49][INFO] LHCPeriod is not available, using current month AUG
[291797:emcal-cells-writer]: [19:27:49][INFO] Correctly handshaken websocket connection.
[291795:emcal-digit-reader]: [19:27:49][INFO] branch set up: EMCALDigitMCTruth
[291795:emcal-digit-reader]: [19:27:49][INFO] branch set up: EMCALDigit
[291795:emcal-digit-reader]: [19:27:49][INFO] branch set up: EMCALDigitTRGR
[291795:emcal-digit-reader]: [19:27:49][STATE] INITIALIZING DEVICE ---> INITIALIZED
[291795:emcal-digit-reader]: [19:27:49][STATE] INITIALIZED ---> BINDING
[291795:emcal-digit-reader]: [19:27:49][STATE] BINDING ---> BOUND
[291795:emcal-digit-reader]: [19:27:49][STATE] BOUND ---> CONNECTING
[291795:emcal-digit-reader]: [19:27:49][STATE] CONNECTING ---> DEVICE READY
[291795:emcal-digit-reader]: [19:27:49][STATE] DEVICE READY ---> INITIALIZING TASK
[291795:emcal-digit-reader]: [19:27:49][STATE] INITIALIZING TASK ---> READY
[291795:emcal-digit-reader]: [19:27:49][STATE] READY ---> RUNNING
[291795:emcal-digit-reader]: [19:27:49][INFO] fair::mq::Device running...
[291795:emcal-digit-reader]: [19:27:49][INFO] LHCPeriod is not available, using current month AUG
[291795:emcal-digit-reader]: [19:27:49][INFO] Correctly handshaken websocket connection.
[291795:emcal-digit-reader]: [19:27:49][INFO] Sending end-of-stream message to channel from_emcal-digit-reader_to_EMCALCellConverterSpec
[291796:EMCALCellConverterSpec]: [19:27:49][INFO] Sending end-of-stream message to channel from_EMCALCellConverterSpec_to_emcal-cells-writer
[INFO] Quitting
[291797:emcal-cells-writer]: [19:27:49][ERROR] Some Lifetime::Timeframe data got dropped starting at 1
[INFO] QUIT_REQUESTED
[291796:EMCALCellConverterSpec]: [19:27:49][INFO] Received device shutdown request (signal 15).
[291796:EMCALCellConverterSpec]: [19:27:49][INFO] Waiting for graceful device shutdown. Hit Ctrl-C again to abort immediately.
[291796:EMCALCellConverterSpec]: [19:27:49][INFO] New state requested. No timeout set, quitting immediately as per --completion-policy
[291796:EMCALCellConverterSpec]: [19:27:49][STATE] RUNNING ---> READY
[291796:EMCALCellConverterSpec]: [19:27:49][STATE] READY ---> RESETTING TASK
[291796:EMCALCellConverterSpec]: [19:27:49][STATE] RESETTING TASK ---> DEVICE READY
[291796:EMCALCellConverterSpec]: [19:27:49][STATE] DEVICE READY ---> RESETTING DEVICE
[291796:EMCALCellConverterSpec]: [19:27:49][STATE] RESETTING DEVICE ---> IDLE
[291796:EMCALCellConverterSpec]: [19:27:49][STATE] IDLE ---> EXITING
[291796:EMCALCellConverterSpec]: [19:27:49][STATE] Exiting FairMQ state machine
[291797:emcal-cells-writer]: [19:27:49][INFO] Received device shutdown request (signal 15).
[291797:emcal-cells-writer]: [19:27:49][INFO] Waiting for graceful device shutdown. Hit Ctrl-C again to abort immediately.
[291795:emcal-digit-reader]: [19:27:49][INFO] Received device shutdown request (signal 15).
[291795:emcal-digit-reader]: [19:27:49][INFO] Waiting for graceful device shutdown. Hit Ctrl-C again to abort immediately.
[291797:emcal-cells-writer]: [19:27:49][INFO] New state requested. No timeout set, quitting immediately as per --completion-policy
[291795:emcal-digit-reader]: [19:27:49][INFO] New state requested. No timeout set, quitting immediately as per --completion-policy
[291795:emcal-digit-reader]: [19:27:49][STATE] RUNNING ---> READY
[291795:emcal-digit-reader]: [19:27:49][STATE] READY ---> RESETTING TASK
[291795:emcal-digit-reader]: [19:27:49][STATE] RESETTING TASK ---> DEVICE READY
[291795:emcal-digit-reader]: [19:27:49][STATE] DEVICE READY ---> RESETTING DEVICE
[291795:emcal-digit-reader]: [19:27:50][STATE] RESETTING DEVICE ---> IDLE
[291795:emcal-digit-reader]: [19:27:50][STATE] IDLE ---> EXITING
[291795:emcal-digit-reader]: [19:27:50][STATE] Exiting FairMQ state machine
[291794:internal-dpl-clock]: [19:27:50][INFO] Received device shutdown request (signal 15).
[291794:internal-dpl-clock]: [19:27:50][INFO] Waiting for graceful device shutdown. Hit Ctrl-C again to abort immediately.
[291794:internal-dpl-clock]: [19:27:50][INFO] New state requested. No timeout set, quitting immediately as per --completion-policy
[291794:internal-dpl-clock]: [19:27:50][STATE] RUNNING ---> READY
[291794:internal-dpl-clock]: [19:27:50][STATE] READY ---> RESETTING TASK
[291794:internal-dpl-clock]: [19:27:50][STATE] RESETTING TASK ---> DEVICE READY
[291794:internal-dpl-clock]: [19:27:50][STATE] DEVICE READY ---> RESETTING DEVICE
[291794:internal-dpl-clock]: [19:27:50][STATE] RESETTING DEVICE ---> IDLE
[291794:internal-dpl-clock]: [19:27:50][STATE] IDLE ---> EXITING
[291794:internal-dpl-clock]: [19:27:50][STATE] Exiting FairMQ state machine
[291797:emcal-cells-writer]: [19:27:50][STATE] RUNNING ---> READY
[291797:emcal-cells-writer]: [19:27:50][STATE] READY ---> RESETTING TASK
[291797:emcal-cells-writer]: [19:27:50][STATE] RESETTING TASK ---> DEVICE READY
[291797:emcal-cells-writer]: [19:27:50][STATE] DEVICE READY ---> RESETTING DEVICE
[291797:emcal-cells-writer]: [19:27:50][INFO] Cleaning up for shared memory id '99356d75'...
[291797:emcal-cells-writer]: [19:27:50][INFO] Found 0 unmanaged regions...
[291797:emcal-cells-writer]: [19:27:50][INFO] Found 1 managed segments...
[291797:emcal-cells-writer]: [19:27:50][INFO] Successfully removed 'fmq_99356d75_m_0'.
[291797:emcal-cells-writer]: [19:27:50][INFO] Successfully removed 'fmq_99356d75_mng'.
[291797:emcal-cells-writer]: [19:27:50][STATE] RESETTING DEVICE ---> IDLE
[291797:emcal-cells-writer]: [19:27:50][STATE] IDLE ---> EXITING
[291797:emcal-cells-writer]: [19:27:50][STATE] Exiting FairMQ state machine
[INFO] ## Processes completed. Run summary:
[INFO] ### Devices started: 4
[INFO]  - Device internal-dpl-clock: pid 291794 (exit 0)
[INFO]  - Device emcal-digit-reader: pid 291795 (exit 0)
[INFO]  - Device EMCALCellConverterSpec: pid 291796 (exit 0)
[INFO]  - Device emcal-cells-writer: pid 291797 (exit 0)
[INFO] Dumping used configuration in dpl-config.json
TASK-EXIT-CODE: 0
