Running: TIME="#walltime %e" /usr/bin/time --output=hmpreco.log_time ./hmpreco.log_tmp.sh
[INFO] Initialising O2 Data Processing Layer. Driver PID: 284208.
[INFO] Driver listening on port: 22288
[INFO] Rate limiting set up at 500MB distributed over 1 readers
[INFO] O2 Data Processing Layer initialised. We brake for nobody.
[INFO] Optimised build. O2DEBUG / LOG(debug) / LOGF(debug) / assert statement will not be shown.
[INFO] Redeployment of configuration asked.
[INFO] Starting internal-dpl-clock on pid 284283
[INFO] Starting HMP-DigitReader on pid 284284
[INFO] Starting HMP-Clusterization on pid 284285
[INFO] Starting HMPClustersWriter on pid 284286
[INFO] Redeployment of configuration done.
[284283:internal-dpl-clock]: [INFO] Instrumenting crash signals
[284283:internal-dpl-clock]: [INFO] Spawing new device internal-dpl-clock in process with pid 284283
[284283:internal-dpl-clock]: [19:25:33][INFO] 
[284283:internal-dpl-clock]:       ______      _    _______  _________ 
[284283:internal-dpl-clock]:      / ____/___ _(_)_______   |/  /_  __ \    version 1.6.0
[284283:internal-dpl-clock]:     / /_  / __ `/ / ___/__  /|_/ /_  / / /    build RELWITHDEBINFO
[284283:internal-dpl-clock]:    / __/ / /_/ / / /    _  /  / / / /_/ /     https://github.com/FairRootGroup/FairMQ
[284283:internal-dpl-clock]:   /_/    \__,_/_/_/     /_/  /_/  \___\_\     LGPL-3.0  © 2012-2023 GSI
[284283:internal-dpl-clock]: 
[284283:internal-dpl-clock]: [19:25:33][STATE] Starting FairMQ state machine --> IDLE
[284284:HMP-DigitReader]: [INFO] Instrumenting crash signals
[284284:HMP-DigitReader]: [INFO] Spawing new device HMP-DigitReader in process with pid 284284
[284284:HMP-DigitReader]: [19:25:33][INFO] 
[284284:HMP-DigitReader]:       ______      _    _______  _________ 
[284284:HMP-DigitReader]:      / ____/___ _(_)_______   |/  /_  __ \    version 1.6.0
[284284:HMP-DigitReader]:     / /_  / __ `/ / ___/__  /|_/ /_  / / /    build RELWITHDEBINFO
[284284:HMP-DigitReader]:    / __/ / /_/ / / /    _  /  / / / /_/ /     https://github.com/FairRootGroup/FairMQ
[284284:HMP-DigitReader]:   /_/    \__,_/_/_/     /_/  /_/  \___\_\     LGPL-3.0  © 2012-2023 GSI
[284284:HMP-DigitReader]: 
[284284:HMP-DigitReader]: [19:25:33][STATE] Starting FairMQ state machine --> IDLE
[284284:HMP-DigitReader]: [19:25:33][STATE] IDLE ---> INITIALIZING DEVICE
[284283:internal-dpl-clock]: [19:25:33][STATE] IDLE ---> INITIALIZING DEVICE
[284283:internal-dpl-clock]: [19:25:33][STATE] INITIALIZING DEVICE ---> INITIALIZED
[284283:internal-dpl-clock]: [19:25:33][STATE] INITIALIZED ---> BINDING
[284283:internal-dpl-clock]: [19:25:33][STATE] BINDING ---> BOUND
[284283:internal-dpl-clock]: [19:25:33][STATE] BOUND ---> CONNECTING
[284283:internal-dpl-clock]: [19:25:33][STATE] CONNECTING ---> DEVICE READY
[284283:internal-dpl-clock]: [19:25:33][STATE] DEVICE READY ---> INITIALIZING TASK
[284283:internal-dpl-clock]: [19:25:33][STATE] INITIALIZING TASK ---> READY
[284283:internal-dpl-clock]: [19:25:33][STATE] READY ---> RUNNING
[284283:internal-dpl-clock]: [19:25:33][INFO] fair::mq::Device running...
[284283:internal-dpl-clock]: [19:25:33][INFO] LHCPeriod is not available, using current month AUG
[284285:HMP-Clusterization]: [INFO] Instrumenting crash signals
[284285:HMP-Clusterization]: [INFO] Spawing new device HMP-Clusterization in process with pid 284285
[284285:HMP-Clusterization]: [19:25:33][INFO] 
[284285:HMP-Clusterization]:       ______      _    _______  _________ 
[284285:HMP-Clusterization]:      / ____/___ _(_)_______   |/  /_  __ \    version 1.6.0
[284285:HMP-Clusterization]:     / /_  / __ `/ / ___/__  /|_/ /_  / / /    build RELWITHDEBINFO
[284285:HMP-Clusterization]:    / __/ / /_/ / / /    _  /  / / / /_/ /     https://github.com/FairRootGroup/FairMQ
[284285:HMP-Clusterization]:   /_/    \__,_/_/_/     /_/  /_/  \___\_\     LGPL-3.0  © 2012-2023 GSI
[284285:HMP-Clusterization]: 
[284285:HMP-Clusterization]: [19:25:33][STATE] Starting FairMQ state machine --> IDLE
[284285:HMP-Clusterization]: [19:25:33][STATE] IDLE ---> INITIALIZING DEVICE
[284283:internal-dpl-clock]: [19:25:33][INFO] Correctly handshaken websocket connection.
[284285:HMP-Clusterization]: [19:25:33][STATE] INITIALIZING DEVICE ---> INITIALIZED
[284285:HMP-Clusterization]: [19:25:33][STATE] INITIALIZED ---> BINDING
[284285:HMP-Clusterization]: [19:25:33][STATE] BINDING ---> BOUND
[284285:HMP-Clusterization]: [19:25:33][STATE] BOUND ---> CONNECTING
[284285:HMP-Clusterization]: [19:25:33][STATE] CONNECTING ---> DEVICE READY
[284285:HMP-Clusterization]: [19:25:33][STATE] DEVICE READY ---> INITIALIZING TASK
[284285:HMP-Clusterization]: [19:25:33][STATE] INITIALIZING TASK ---> READY
[284285:HMP-Clusterization]: [19:25:33][STATE] READY ---> RUNNING
[284285:HMP-Clusterization]: [19:25:33][INFO] fair::mq::Device running...
[284285:HMP-Clusterization]: [19:25:33][INFO] LHCPeriod is not available, using current month AUG
[284285:HMP-Clusterization]: [19:25:33][INFO] Correctly handshaken websocket connection.
[284284:HMP-DigitReader]: [19:25:34][INFO] HMPID DigitWriterSpec::init() : Trying to read File : /root/CNN_PID/ML/fullPP/hmpiddigits.root
[284286:HMPClustersWriter]: [INFO] Instrumenting crash signals
[284286:HMPClustersWriter]: [INFO] Spawing new device HMPClustersWriter in process with pid 284286
[284286:HMPClustersWriter]: [19:25:34][INFO] 
[284286:HMPClustersWriter]:       ______      _    _______  _________ 
[284286:HMPClustersWriter]:      / ____/___ _(_)_______   |/  /_  __ \    version 1.6.0
[284286:HMPClustersWriter]:     / /_  / __ `/ / ___/__  /|_/ /_  / / /    build RELWITHDEBINFO
[284286:HMPClustersWriter]:    / __/ / /_/ / / /    _  /  / / / /_/ /     https://github.com/FairRootGroup/FairMQ
[284286:HMPClustersWriter]:   /_/    \__,_/_/_/     /_/  /_/  \___\_\     LGPL-3.0  © 2012-2023 GSI
[284286:HMPClustersWriter]: 
[284286:HMPClustersWriter]: [19:25:34][STATE] Starting FairMQ state machine --> IDLE
[284286:HMPClustersWriter]: [19:25:34][STATE] IDLE ---> INITIALIZING DEVICE
[284284:HMP-DigitReader]: [19:25:34][STATE] INITIALIZING DEVICE ---> INITIALIZED
[284284:HMP-DigitReader]: [19:25:34][STATE] INITIALIZED ---> BINDING
[284284:HMP-DigitReader]: [19:25:34][STATE] BINDING ---> BOUND
[284284:HMP-DigitReader]: [19:25:34][STATE] BOUND ---> CONNECTING
[284284:HMP-DigitReader]: [19:25:34][STATE] CONNECTING ---> DEVICE READY
[284284:HMP-DigitReader]: [19:25:34][STATE] DEVICE READY ---> INITIALIZING TASK
[284284:HMP-DigitReader]: [19:25:34][STATE] INITIALIZING TASK ---> READY
[284284:HMP-DigitReader]: [19:25:34][STATE] READY ---> RUNNING
[284284:HMP-DigitReader]: [19:25:34][INFO] fair::mq::Device running...
[284284:HMP-DigitReader]: [19:25:34][INFO] LHCPeriod is not available, using current month AUG
[284284:HMP-DigitReader]: [19:25:34][INFO] [HMPID DigitsReader - run() ] digits  = 201
[284284:HMP-DigitReader]: [19:25:34][INFO] End DigitsReader !  digits = 201 Execution time = 0.56
[284284:HMP-DigitReader]: [19:25:34][INFO] Sending end-of-stream message to channel from_HMP-DigitReader_to_HMP-Clusterization
[284284:HMP-DigitReader]: [19:25:34][INFO] Correctly handshaken websocket connection.
[284285:HMP-Clusterization]: [19:25:34][INFO] [HMPID DClusterization - run() ] Enter ...
[284285:HMP-Clusterization]: [19:25:34][INFO] [HMPID DClusterization - run() ] nObjects <<< calling clusterer->Dig2Clu119
[284286:HMPClustersWriter]: [19:25:35][INFO] 0: branch  HMPIDclusters set up
[284286:HMPClustersWriter]: [19:25:35][INFO] 1: branch  HMPIDDigitTopology set up
[284286:HMPClustersWriter]: [19:25:35][INFO] 2: branch  InteractionRecords set up
[284286:HMPClustersWriter]: [19:25:35][STATE] INITIALIZING DEVICE ---> INITIALIZED
[284286:HMPClustersWriter]: [19:25:35][STATE] INITIALIZED ---> BINDING
[284286:HMPClustersWriter]: [19:25:35][STATE] BINDING ---> BOUND
[284286:HMPClustersWriter]: [19:25:35][STATE] BOUND ---> CONNECTING
[284286:HMPClustersWriter]: [19:25:35][STATE] CONNECTING ---> DEVICE READY
[284286:HMPClustersWriter]: [19:25:35][STATE] DEVICE READY ---> INITIALIZING TASK
[284286:HMPClustersWriter]: [19:25:35][STATE] INITIALIZING TASK ---> READY
[284286:HMPClustersWriter]: [19:25:35][STATE] READY ---> RUNNING
[284286:HMPClustersWriter]: [19:25:35][INFO] fair::mq::Device running...
[284286:HMPClustersWriter]: [19:25:35][INFO] LHCPeriod is not available, using current month AUG
[284286:HMPClustersWriter]: [19:25:35][INFO] Correctly handshaken websocket connection.
[284285:HMP-Clusterization]: [19:25:35][INFO] [HMPID DClusterization - return from dig2clu
[284285:HMP-Clusterization]: [19:25:35][INFO] [HMPID DClusterization - run() ] nObjects <<< calling clusterer->Dig2Clu82
[284285:HMP-Clusterization]: [19:25:35][INFO] [HMPID DClusterization - return from dig2clu
[284285:HMP-Clusterization]: [19:25:35][INFO] Received 3 triggers with 201 digits -> 2 triggers with 83 clusters
[284285:HMP-Clusterization]: [19:25:35][INFO] End Clusterization !  digits = 201 Execution time = 0.08
[284285:HMP-Clusterization]: [19:25:35][INFO] Sending end-of-stream message to channel from_HMP-Clusterization_to_HMPClustersWriter
[INFO] Quitting
[INFO] QUIT_REQUESTED
[284286:HMPClustersWriter]: [19:25:35][INFO] Received device shutdown request (signal 15).
[284286:HMPClustersWriter]: [19:25:35][INFO] Waiting for graceful device shutdown. Hit Ctrl-C again to abort immediately.
[284286:HMPClustersWriter]: [19:25:35][INFO] New state requested. No timeout set, quitting immediately as per --completion-policy
[284285:HMP-Clusterization]: [19:25:35][INFO] Received device shutdown request (signal 15).
[284285:HMP-Clusterization]: [19:25:35][INFO] Waiting for graceful device shutdown. Hit Ctrl-C again to abort immediately.
[284285:HMP-Clusterization]: [19:25:35][INFO] New state requested. No timeout set, quitting immediately as per --completion-policy
[284285:HMP-Clusterization]: [19:25:35][STATE] RUNNING ---> READY
[284285:HMP-Clusterization]: [19:25:35][STATE] READY ---> RESETTING TASK
[284285:HMP-Clusterization]: [19:25:35][STATE] RESETTING TASK ---> DEVICE READY
[284285:HMP-Clusterization]: [19:25:35][STATE] DEVICE READY ---> RESETTING DEVICE
[284285:HMP-Clusterization]: [19:25:35][STATE] RESETTING DEVICE ---> IDLE
[284285:HMP-Clusterization]: [19:25:35][STATE] IDLE ---> EXITING
[284283:internal-dpl-clock]: [19:25:35][INFO] Received device shutdown request (signal 15).
[284283:internal-dpl-clock]: [19:25:35][INFO] Waiting for graceful device shutdown. Hit Ctrl-C again to abort immediately.
[284283:internal-dpl-clock]: [19:25:35][INFO] New state requested. No timeout set, quitting immediately as per --completion-policy
[284283:internal-dpl-clock]: [19:25:35][STATE] RUNNING ---> READY
[284283:internal-dpl-clock]: [19:25:35][STATE] READY ---> RESETTING TASK
[284283:internal-dpl-clock]: [19:25:35][STATE] RESETTING TASK ---> DEVICE READY
[284283:internal-dpl-clock]: [19:25:35][STATE] DEVICE READY ---> RESETTING DEVICE
[284285:HMP-Clusterization]: [19:25:35][STATE] Exiting FairMQ state machine
[284283:internal-dpl-clock]: [19:25:35][STATE] RESETTING DEVICE ---> IDLE
[284283:internal-dpl-clock]: [19:25:35][STATE] IDLE ---> EXITING
[284284:HMP-DigitReader]: [19:25:35][INFO] Received device shutdown request (signal 15).
[284284:HMP-DigitReader]: [19:25:35][INFO] Waiting for graceful device shutdown. Hit Ctrl-C again to abort immediately.
[284283:internal-dpl-clock]: [19:25:35][STATE] Exiting FairMQ state machine
[284284:HMP-DigitReader]: [19:25:35][INFO] New state requested. No timeout set, quitting immediately as per --completion-policy
[284284:HMP-DigitReader]: [19:25:35][STATE] RUNNING ---> READY
[284284:HMP-DigitReader]: [19:25:35][STATE] READY ---> RESETTING TASK
[284284:HMP-DigitReader]: [19:25:35][STATE] RESETTING TASK ---> DEVICE READY
[284284:HMP-DigitReader]: [19:25:35][STATE] DEVICE READY ---> RESETTING DEVICE
[284284:HMP-DigitReader]: [19:25:35][STATE] RESETTING DEVICE ---> IDLE
[284284:HMP-DigitReader]: [19:25:35][STATE] IDLE ---> EXITING
[284284:HMP-DigitReader]: [19:25:35][STATE] Exiting FairMQ state machine
[284286:HMPClustersWriter]: [19:25:39][STATE] RUNNING ---> READY
[284286:HMPClustersWriter]: [19:25:39][STATE] READY ---> RESETTING TASK
[284286:HMPClustersWriter]: [19:25:39][STATE] RESETTING TASK ---> DEVICE READY
[284286:HMPClustersWriter]: [19:25:39][STATE] DEVICE READY ---> RESETTING DEVICE
[284286:HMPClustersWriter]: [19:25:39][INFO] Cleaning up for shared memory id 'e6fcabd2'...
[284286:HMPClustersWriter]: [19:25:39][INFO] Found 0 unmanaged regions...
[284286:HMPClustersWriter]: [19:25:39][INFO] Found 1 managed segments...
[284286:HMPClustersWriter]: [19:25:39][INFO] Successfully removed 'fmq_e6fcabd2_m_0'.
[284286:HMPClustersWriter]: [19:25:39][INFO] Successfully removed 'fmq_e6fcabd2_mng'.
[284286:HMPClustersWriter]: [19:25:39][STATE] RESETTING DEVICE ---> IDLE
[284286:HMPClustersWriter]: [19:25:39][STATE] IDLE ---> EXITING
[284286:HMPClustersWriter]: [19:25:39][STATE] Exiting FairMQ state machine
[INFO] ## Processes completed. Run summary:
[INFO] ### Devices started: 4
[INFO]  - Device internal-dpl-clock: pid 284283 (exit 0)
[INFO]  - Device HMP-DigitReader: pid 284284 (exit 0)
[INFO]  - Device HMP-Clusterization: pid 284285 (exit 0)
[INFO]  - Device HMPClustersWriter: pid 284286 (exit 0)
[INFO] Dumping used configuration in dpl-config.json
TASK-EXIT-CODE: 0
