Running: TIME="#walltime %e" /usr/bin/time --output=itstpcMatch.log_time ./itstpcMatch.log_tmp.sh
[WARN] MC-truth is not supported for FT0 recpoints currently
[INFO] Initialising O2 Data Processing Layer. Driver PID: 284985.
[INFO] Driver listening on port: 23065
[INFO] Rate limiting set up at 500MB distributed over 1 readers
[INFO] O2 Data Processing Layer initialised. We brake for nobody.
[INFO] Optimised build. O2DEBUG / LOG(debug) / LOGF(debug) / assert statement will not be shown.
[INFO] Redeployment of configuration asked.
[INFO] Starting internal-dpl-clock on pid 285208
[INFO] Starting tpc-native-cluster-reader on pid 285209
[INFO] Starting its-track-reader on pid 285210
[INFO] Starting its-cluster-reader on pid 285211
[INFO] Starting ft0-recpoints-reader on pid 285212
[INFO] Starting tpc-track-reader on pid 285213
[INFO] Starting internal-dpl-ccdb-backend on pid 285214
[INFO] Starting tpc-clusters-sharing-map-producer on pid 285215
[INFO] Starting itstpc-track-matcher on pid 285216
[INFO] Starting itstpc-track-writer on pid 285221
[INFO] Starting internal-dpl-injected-dummy-sink on pid 285222
[INFO] Redeployment of configuration done.
[285214:internal-dpl-ccdb-backend]: [WARN] MC-truth is not supported for FT0 recpoints currently
[285212:ft0-recpoints-reader]: [WARN] MC-truth is not supported for FT0 recpoints currently
[285210:its-track-reader]: [WARN] MC-truth is not supported for FT0 recpoints currently
[285212:ft0-recpoints-reader]: [INFO] Instrumenting crash signals
[285212:ft0-recpoints-reader]: [INFO] Spawing new device ft0-recpoints-reader in process with pid 285212
[285210:its-track-reader]: [INFO] Instrumenting crash signals
[285210:its-track-reader]: [INFO] Spawing new device its-track-reader in process with pid 285210
[285210:its-track-reader]: [19:25:47][INFO] 
[285210:its-track-reader]:       ______      _    _______  _________ 
[285210:its-track-reader]:      / ____/___ _(_)_______   |/  /_  __ \    version 1.6.0
[285210:its-track-reader]:     / /_  / __ `/ / ___/__  /|_/ /_  / / /    build RELWITHDEBINFO
[285210:its-track-reader]:    / __/ / /_/ / / /    _  /  / / / /_/ /     https://github.com/FairRootGroup/FairMQ
[285210:its-track-reader]:   /_/    \__,_/_/_/     /_/  /_/  \___\_\     LGPL-3.0  © 2012-2023 GSI
[285210:its-track-reader]: 
[285210:its-track-reader]: [19:25:47][STATE] Starting FairMQ state machine --> IDLE
[285212:ft0-recpoints-reader]: [19:25:47][INFO] 
[285212:ft0-recpoints-reader]:       ______      _    _______  _________ 
[285212:ft0-recpoints-reader]:      / ____/___ _(_)_______   |/  /_  __ \    version 1.6.0
[285212:ft0-recpoints-reader]:     / /_  / __ `/ / ___/__  /|_/ /_  / / /    build RELWITHDEBINFO
[285212:ft0-recpoints-reader]:    / __/ / /_/ / / /    _  /  / / / /_/ /     https://github.com/FairRootGroup/FairMQ
[285212:ft0-recpoints-reader]:   /_/    \__,_/_/_/     /_/  /_/  \___\_\     LGPL-3.0  © 2012-2023 GSI
[285212:ft0-recpoints-reader]: 
[285212:ft0-recpoints-reader]: [19:25:47][STATE] Starting FairMQ state machine --> IDLE
[285210:its-track-reader]: [19:25:47][STATE] IDLE ---> INITIALIZING DEVICE
[285209:tpc-native-cluster-reader]: [WARN] MC-truth is not supported for FT0 recpoints currently
[285212:ft0-recpoints-reader]: [19:25:47][STATE] IDLE ---> INITIALIZING DEVICE
[285214:internal-dpl-ccdb-backend]: [INFO] Instrumenting crash signals
[285214:internal-dpl-ccdb-backend]: [INFO] Spawing new device internal-dpl-ccdb-backend in process with pid 285214
[285214:internal-dpl-ccdb-backend]: [19:25:47][INFO] 
[285214:internal-dpl-ccdb-backend]:       ______      _    _______  _________ 
[285214:internal-dpl-ccdb-backend]:      / ____/___ _(_)_______   |/  /_  __ \    version 1.6.0
[285214:internal-dpl-ccdb-backend]:     / /_  / __ `/ / ___/__  /|_/ /_  / / /    build RELWITHDEBINFO
[285214:internal-dpl-ccdb-backend]:    / __/ / /_/ / / /    _  /  / / / /_/ /     https://github.com/FairRootGroup/FairMQ
[285214:internal-dpl-ccdb-backend]:   /_/    \__,_/_/_/     /_/  /_/  \___\_\     LGPL-3.0  © 2012-2023 GSI
[285214:internal-dpl-ccdb-backend]: 
[285214:internal-dpl-ccdb-backend]: [19:25:47][STATE] Starting FairMQ state machine --> IDLE
[285214:internal-dpl-ccdb-backend]: [19:25:47][STATE] IDLE ---> INITIALIZING DEVICE
[285208:internal-dpl-clock]: [WARN] MC-truth is not supported for FT0 recpoints currently
[285214:internal-dpl-ccdb-backend]: [19:25:47][INFO] CCDB Backend at: http://alice-ccdb.cern.ch, validity check for every 2147483647 TF
[285214:internal-dpl-ccdb-backend]: [19:25:47][INFO] Init CcdApi with UserAgentID: localhost.localdomain-1692725147-d04Hj4, Host: http://alice-ccdb.cern.ch
[285214:internal-dpl-ccdb-backend]: [19:25:47][INFO] Initialised default CCDB host http://alice-ccdb.cern.ch
[285214:internal-dpl-ccdb-backend]: [19:25:47][INFO] The following route is a condition GLO/MATLUT/0
[285214:internal-dpl-ccdb-backend]: [19:25:47][INFO] - ccdb-path: GLO/Param/MatLUT
[285214:internal-dpl-ccdb-backend]: [19:25:47][INFO] The following route is a condition CTP/ORBITRESET/0
[285214:internal-dpl-ccdb-backend]: [19:25:47][INFO] - ccdb-path: CTP/Calib/OrbitReset
[285214:internal-dpl-ccdb-backend]: [19:25:47][INFO] The following route is a condition ITS/CLUSDICT/0
[285214:internal-dpl-ccdb-backend]: [19:25:47][INFO] - ccdb-path: ITS/Calib/ClusterDictionary
[285214:internal-dpl-ccdb-backend]: [19:25:47][INFO] The following route is a condition ITS/ALPIDEPARAM/0
[285214:internal-dpl-ccdb-backend]: [19:25:47][INFO] - ccdb-path: ITS/Config/AlpideParam
[285214:internal-dpl-ccdb-backend]: [19:25:47][INFO] The following route is a condition GLO/GEOMALIGN/0
[285214:internal-dpl-ccdb-backend]: [19:25:47][INFO] - ccdb-path: GLO/Config/GeometryAligned
[285214:internal-dpl-ccdb-backend]: [19:25:47][INFO] The following route is a condition TPC/CalibLaserTracks/0
[285214:internal-dpl-ccdb-backend]: [19:25:47][INFO] - ccdb-path: TPC/Calib/LaserTracks
[285214:internal-dpl-ccdb-backend]: [19:25:47][INFO] The following route is a condition TPC/CorrMap/0
[285214:internal-dpl-ccdb-backend]: [19:25:47][INFO] - ccdb-path: TPC/Calib/CorrectionMapV2
[285214:internal-dpl-ccdb-backend]: [19:25:47][INFO] The following route is a condition TPC/CorrMapRef/0
[285214:internal-dpl-ccdb-backend]: [19:25:47][INFO] - ccdb-path: TPC/Calib/CorrectionMapRefV2
[285214:internal-dpl-ccdb-backend]: [19:25:47][INFO] The following route is a condition GLO/GRPECS/0
[285214:internal-dpl-ccdb-backend]: [19:25:47][INFO] - ccdb-path: GLO/Config/GRPECS
[285214:internal-dpl-ccdb-backend]: [19:25:47][INFO] The following route is a condition TPC/VDriftTgl/0
[285214:internal-dpl-ccdb-backend]: [19:25:47][INFO] - ccdb-path: TPC/Calib/VDriftTgl
[285214:internal-dpl-ccdb-backend]: [19:25:47][INFO] The following route is a condition GLO/GRPLHCIF/0
[285214:internal-dpl-ccdb-backend]: [19:25:47][INFO] - ccdb-path: GLO/Config/GRPLHCIF
[285214:internal-dpl-ccdb-backend]: [19:25:47][INFO] The following route is a condition GLO/GRPMAGFIELD/0
[285214:internal-dpl-ccdb-backend]: [19:25:47][INFO] - ccdb-path: GLO/Config/GRPMagField
[285214:internal-dpl-ccdb-backend]: [19:25:47][STATE] INITIALIZING DEVICE ---> INITIALIZED
[285209:tpc-native-cluster-reader]: [INFO] Instrumenting crash signals
[285209:tpc-native-cluster-reader]: [INFO] Spawing new device tpc-native-cluster-reader in process with pid 285209
[285209:tpc-native-cluster-reader]: [19:25:47][INFO] 
[285209:tpc-native-cluster-reader]:       ______      _    _______  _________ 
[285209:tpc-native-cluster-reader]:      / ____/___ _(_)_______   |/  /_  __ \    version 1.6.0
[285209:tpc-native-cluster-reader]:     / /_  / __ `/ / ___/__  /|_/ /_  / / /    build RELWITHDEBINFO
[285209:tpc-native-cluster-reader]:    / __/ / /_/ / / /    _  /  / / / /_/ /     https://github.com/FairRootGroup/FairMQ
[285209:tpc-native-cluster-reader]:   /_/    \__,_/_/_/     /_/  /_/  \___\_\     LGPL-3.0  © 2012-2023 GSI
[285209:tpc-native-cluster-reader]: 
[285209:tpc-native-cluster-reader]: [19:25:47][STATE] Starting FairMQ state machine --> IDLE
[285214:internal-dpl-ccdb-backend]: [19:25:47][STATE] INITIALIZED ---> BINDING
[285214:internal-dpl-ccdb-backend]: [19:25:47][STATE] BINDING ---> BOUND
[285214:internal-dpl-ccdb-backend]: [19:25:47][STATE] BOUND ---> CONNECTING
[285214:internal-dpl-ccdb-backend]: [19:25:47][STATE] CONNECTING ---> DEVICE READY
[285214:internal-dpl-ccdb-backend]: [19:25:47][STATE] DEVICE READY ---> INITIALIZING TASK
[285209:tpc-native-cluster-reader]: [19:25:47][STATE] IDLE ---> INITIALIZING DEVICE
[285214:internal-dpl-ccdb-backend]: [19:25:47][STATE] INITIALIZING TASK ---> READY
[285214:internal-dpl-ccdb-backend]: [19:25:47][STATE] READY ---> RUNNING
[285214:internal-dpl-ccdb-backend]: [19:25:47][INFO] fair::mq::Device running...
[285214:internal-dpl-ccdb-backend]: [19:25:47][INFO] LHCPeriod is not available, using current month AUG
[285214:internal-dpl-ccdb-backend]: [19:25:47][INFO] Correctly handshaken websocket connection.
[285208:internal-dpl-clock]: [INFO] Instrumenting crash signals
[285208:internal-dpl-clock]: [INFO] Spawing new device internal-dpl-clock in process with pid 285208
[285208:internal-dpl-clock]: [19:25:47][INFO] 
[285208:internal-dpl-clock]:       ______      _    _______  _________ 
[285208:internal-dpl-clock]:      / ____/___ _(_)_______   |/  /_  __ \    version 1.6.0
[285208:internal-dpl-clock]:     / /_  / __ `/ / ___/__  /|_/ /_  / / /    build RELWITHDEBINFO
[285208:internal-dpl-clock]:    / __/ / /_/ / / /    _  /  / / / /_/ /     https://github.com/FairRootGroup/FairMQ
[285208:internal-dpl-clock]:   /_/    \__,_/_/_/     /_/  /_/  \___\_\     LGPL-3.0  © 2012-2023 GSI
[285208:internal-dpl-clock]: 
[285208:internal-dpl-clock]: [19:25:47][STATE] Starting FairMQ state machine --> IDLE
[285208:internal-dpl-clock]: [19:25:47][STATE] IDLE ---> INITIALIZING DEVICE
[285208:internal-dpl-clock]: [19:25:47][STATE] INITIALIZING DEVICE ---> INITIALIZED
[285208:internal-dpl-clock]: [19:25:47][STATE] INITIALIZED ---> BINDING
[285208:internal-dpl-clock]: [19:25:47][STATE] BINDING ---> BOUND
[285208:internal-dpl-clock]: [19:25:47][STATE] BOUND ---> CONNECTING
[285208:internal-dpl-clock]: [19:25:47][STATE] CONNECTING ---> DEVICE READY
[285208:internal-dpl-clock]: [19:25:47][STATE] DEVICE READY ---> INITIALIZING TASK
[285221:itstpc-track-writer]: [WARN] MC-truth is not supported for FT0 recpoints currently
[285208:internal-dpl-clock]: [19:25:47][STATE] INITIALIZING TASK ---> READY
[285208:internal-dpl-clock]: [19:25:47][STATE] READY ---> RUNNING
[285208:internal-dpl-clock]: [19:25:47][INFO] fair::mq::Device running...
[285208:internal-dpl-clock]: [19:25:47][INFO] LHCPeriod is not available, using current month AUG
[285208:internal-dpl-clock]: [19:25:47][INFO] Correctly handshaken websocket connection.
[285213:tpc-track-reader]: [WARN] MC-truth is not supported for FT0 recpoints currently
[285216:itstpc-track-matcher]: [WARN] MC-truth is not supported for FT0 recpoints currently
[285222:internal-dpl-injected-dummy-sink]: [WARN] MC-truth is not supported for FT0 recpoints currently
[285221:itstpc-track-writer]: [INFO] Instrumenting crash signals
[285222:internal-dpl-injected-dummy-sink]: [INFO] Instrumenting crash signals
[285222:internal-dpl-injected-dummy-sink]: [INFO] Spawing new device internal-dpl-injected-dummy-sink in process with pid 285222
[285222:internal-dpl-injected-dummy-sink]: [19:25:48][INFO] 
[285222:internal-dpl-injected-dummy-sink]:       ______      _    _______  _________ 
[285222:internal-dpl-injected-dummy-sink]:      / ____/___ _(_)_______   |/  /_  __ \    version 1.6.0
[285222:internal-dpl-injected-dummy-sink]:     / /_  / __ `/ / ___/__  /|_/ /_  / / /    build RELWITHDEBINFO
[285222:internal-dpl-injected-dummy-sink]:    / __/ / /_/ / / /    _  /  / / / /_/ /     https://github.com/FairRootGroup/FairMQ
[285222:internal-dpl-injected-dummy-sink]:   /_/    \__,_/_/_/     /_/  /_/  \___\_\     LGPL-3.0  © 2012-2023 GSI
[285222:internal-dpl-injected-dummy-sink]: 
[285222:internal-dpl-injected-dummy-sink]: [19:25:48][STATE] Starting FairMQ state machine --> IDLE
[285211:its-cluster-reader]: [WARN] MC-truth is not supported for FT0 recpoints currently
[285216:itstpc-track-matcher]: [INFO] Instrumenting crash signals
[285216:itstpc-track-matcher]: [INFO] Spawing new device itstpc-track-matcher in process with pid 285216
[285216:itstpc-track-matcher]: [19:25:48][INFO] 
[285216:itstpc-track-matcher]:       ______      _    _______  _________ 
[285216:itstpc-track-matcher]:      / ____/___ _(_)_______   |/  /_  __ \    version 1.6.0
[285216:itstpc-track-matcher]:     / /_  / __ `/ / ___/__  /|_/ /_  / / /    build RELWITHDEBINFO
[285216:itstpc-track-matcher]:    / __/ / /_/ / / /    _  /  / / / /_/ /     https://github.com/FairRootGroup/FairMQ
[285216:itstpc-track-matcher]:   /_/    \__,_/_/_/     /_/  /_/  \___\_\     LGPL-3.0  © 2012-2023 GSI
[285216:itstpc-track-matcher]: 
[285216:itstpc-track-matcher]: [19:25:48][STATE] Starting FairMQ state machine --> IDLE
[285221:itstpc-track-writer]: [INFO] Spawing new device itstpc-track-writer in process with pid 285221
[285221:itstpc-track-writer]: [19:25:48][INFO] 
[285221:itstpc-track-writer]:       ______      _    _______  _________ 
[285221:itstpc-track-writer]:      / ____/___ _(_)_______   |/  /_  __ \    version 1.6.0
[285221:itstpc-track-writer]:     / /_  / __ `/ / ___/__  /|_/ /_  / / /    build RELWITHDEBINFO
[285221:itstpc-track-writer]:    / __/ / /_/ / / /    _  /  / / / /_/ /     https://github.com/FairRootGroup/FairMQ
[285221:itstpc-track-writer]:   /_/    \__,_/_/_/     /_/  /_/  \___\_\     LGPL-3.0  © 2012-2023 GSI
[285221:itstpc-track-writer]: 
[285221:itstpc-track-writer]: [19:25:48][STATE] Starting FairMQ state machine --> IDLE
[285221:itstpc-track-writer]: [19:25:48][STATE] IDLE ---> INITIALIZING DEVICE
[285215:tpc-clusters-sharing-map-producer]: [WARN] MC-truth is not supported for FT0 recpoints currently
[285211:its-cluster-reader]: [INFO] Instrumenting crash signals
[285213:tpc-track-reader]: [INFO] Instrumenting crash signals
[285213:tpc-track-reader]: [INFO] Spawing new device tpc-track-reader in process with pid 285213
[285213:tpc-track-reader]: [19:25:48][INFO] 
[285213:tpc-track-reader]:       ______      _    _______  _________ 
[285213:tpc-track-reader]:      / ____/___ _(_)_______   |/  /_  __ \    version 1.6.0
[285213:tpc-track-reader]:     / /_  / __ `/ / ___/__  /|_/ /_  / / /    build RELWITHDEBINFO
[285213:tpc-track-reader]:    / __/ / /_/ / / /    _  /  / / / /_/ /     https://github.com/FairRootGroup/FairMQ
[285213:tpc-track-reader]:   /_/    \__,_/_/_/     /_/  /_/  \___\_\     LGPL-3.0  © 2012-2023 GSI
[285213:tpc-track-reader]: 
[285213:tpc-track-reader]: [19:25:48][STATE] Starting FairMQ state machine --> IDLE
[285216:itstpc-track-matcher]: [19:25:48][STATE] IDLE ---> INITIALIZING DEVICE
[285213:tpc-track-reader]: [19:25:48][STATE] IDLE ---> INITIALIZING DEVICE
[285211:its-cluster-reader]: [INFO] Spawing new device its-cluster-reader in process with pid 285211
[285211:its-cluster-reader]: [19:25:48][INFO] 
[285211:its-cluster-reader]:       ______      _    _______  _________ 
[285211:its-cluster-reader]:      / ____/___ _(_)_______   |/  /_  __ \    version 1.6.0
[285211:its-cluster-reader]:     / /_  / __ `/ / ___/__  /|_/ /_  / / /    build RELWITHDEBINFO
[285211:its-cluster-reader]:    / __/ / /_/ / / /    _  /  / / / /_/ /     https://github.com/FairRootGroup/FairMQ
[285211:its-cluster-reader]:   /_/    \__,_/_/_/     /_/  /_/  \___\_\     LGPL-3.0  © 2012-2023 GSI
[285211:its-cluster-reader]: 
[285211:its-cluster-reader]: [19:25:48][STATE] Starting FairMQ state machine --> IDLE
[285216:itstpc-track-matcher]: [19:25:48][INFO] CTP Lumi request for TPC corr.map scaling=OFF, override values: lumiMean=0 lumiInst=0 lumiScaleMode=0
[285216:itstpc-track-matcher]: [19:25:48][STATE] INITIALIZING DEVICE ---> INITIALIZED
[285222:internal-dpl-injected-dummy-sink]: [19:25:48][STATE] IDLE ---> INITIALIZING DEVICE
[285215:tpc-clusters-sharing-map-producer]: [INFO] Instrumenting crash signals
[285215:tpc-clusters-sharing-map-producer]: [INFO] Spawing new device tpc-clusters-sharing-map-producer in process with pid 285215
[285215:tpc-clusters-sharing-map-producer]: [19:25:48][INFO] 
[285215:tpc-clusters-sharing-map-producer]:       ______      _    _______  _________ 
[285215:tpc-clusters-sharing-map-producer]:      / ____/___ _(_)_______   |/  /_  __ \    version 1.6.0
[285215:tpc-clusters-sharing-map-producer]:     / /_  / __ `/ / ___/__  /|_/ /_  / / /    build RELWITHDEBINFO
[285215:tpc-clusters-sharing-map-producer]:    / __/ / /_/ / / /    _  /  / / / /_/ /     https://github.com/FairRootGroup/FairMQ
[285215:tpc-clusters-sharing-map-producer]:   /_/    \__,_/_/_/     /_/  /_/  \___\_\     LGPL-3.0  © 2012-2023 GSI
[285215:tpc-clusters-sharing-map-producer]: 
[285215:tpc-clusters-sharing-map-producer]: [19:25:48][STATE] Starting FairMQ state machine --> IDLE
[285215:tpc-clusters-sharing-map-producer]: [19:25:48][STATE] IDLE ---> INITIALIZING DEVICE
[285215:tpc-clusters-sharing-map-producer]: [19:25:48][STATE] INITIALIZING DEVICE ---> INITIALIZED
[285215:tpc-clusters-sharing-map-producer]: [19:25:48][STATE] INITIALIZED ---> BINDING
[285215:tpc-clusters-sharing-map-producer]: [19:25:48][STATE] BINDING ---> BOUND
[285215:tpc-clusters-sharing-map-producer]: [19:25:48][STATE] BOUND ---> CONNECTING
[285215:tpc-clusters-sharing-map-producer]: [19:25:48][STATE] CONNECTING ---> DEVICE READY
[285215:tpc-clusters-sharing-map-producer]: [19:25:48][STATE] DEVICE READY ---> INITIALIZING TASK
[285221:itstpc-track-writer]: [19:25:48][INFO] 0: branch  TPCITS set up
[285221:itstpc-track-writer]: [19:25:48][INFO] 1: branch  TPCITSABRefs set up
[285216:itstpc-track-matcher]: [19:25:48][STATE] INITIALIZED ---> BINDING
[285215:tpc-clusters-sharing-map-producer]: [19:25:48][STATE] INITIALIZING TASK ---> READY
[285215:tpc-clusters-sharing-map-producer]: [19:25:48][STATE] READY ---> RUNNING
[285215:tpc-clusters-sharing-map-producer]: [19:25:48][INFO] fair::mq::Device running...
[285215:tpc-clusters-sharing-map-producer]: [19:25:48][INFO] LHCPeriod is not available, using current month AUG
[285222:internal-dpl-injected-dummy-sink]: [19:25:48][STATE] INITIALIZING DEVICE ---> INITIALIZED
[285215:tpc-clusters-sharing-map-producer]: [19:25:48][INFO] Correctly handshaken websocket connection.
[285216:itstpc-track-matcher]: [19:25:48][STATE] BINDING ---> BOUND
[285216:itstpc-track-matcher]: [19:25:48][STATE] BOUND ---> CONNECTING
[285211:its-cluster-reader]: [19:25:48][STATE] IDLE ---> INITIALIZING DEVICE
[285216:itstpc-track-matcher]: [19:25:48][STATE] CONNECTING ---> DEVICE READY
[285222:internal-dpl-injected-dummy-sink]: [19:25:48][STATE] INITIALIZED ---> BINDING
[285222:internal-dpl-injected-dummy-sink]: [19:25:48][STATE] BINDING ---> BOUND
[285216:itstpc-track-matcher]: [19:25:48][STATE] DEVICE READY ---> INITIALIZING TASK
[285222:internal-dpl-injected-dummy-sink]: [19:25:48][STATE] BOUND ---> CONNECTING
[285222:internal-dpl-injected-dummy-sink]: [19:25:48][STATE] CONNECTING ---> DEVICE READY
[285221:itstpc-track-writer]: [19:25:48][INFO] 2: branch  TPCITSABCLID set up
[285221:itstpc-track-writer]: [19:25:48][INFO] 3: branch  MatchMCTruth set up
[285221:itstpc-track-writer]: [19:25:48][INFO] 4: branch  MatchABMCTruth set up
[285221:itstpc-track-writer]: [19:25:48][STATE] INITIALIZING DEVICE ---> INITIALIZED
[285221:itstpc-track-writer]: [19:25:48][STATE] INITIALIZED ---> BINDING
[285221:itstpc-track-writer]: [19:25:48][STATE] BINDING ---> BOUND
[285221:itstpc-track-writer]: [19:25:48][STATE] BOUND ---> CONNECTING
[285221:itstpc-track-writer]: [19:25:49][STATE] CONNECTING ---> DEVICE READY
[285221:itstpc-track-writer]: [19:25:49][STATE] DEVICE READY ---> INITIALIZING TASK
[285221:itstpc-track-writer]: [19:25:49][STATE] INITIALIZING TASK ---> READY
[285221:itstpc-track-writer]: [19:25:49][STATE] READY ---> RUNNING
[285221:itstpc-track-writer]: [19:25:49][INFO] fair::mq::Device running...
[285221:itstpc-track-writer]: [19:25:49][INFO] LHCPeriod is not available, using current month AUG
[285222:internal-dpl-injected-dummy-sink]: [19:25:48][STATE] DEVICE READY ---> INITIALIZING TASK
[285221:itstpc-track-writer]: [19:25:49][INFO] Correctly handshaken websocket connection.
[285216:itstpc-track-matcher]: [19:25:49][STATE] INITIALIZING TASK ---> READY
[285216:itstpc-track-matcher]: [19:25:49][STATE] READY ---> RUNNING
[285216:itstpc-track-matcher]: [19:25:49][INFO] fair::mq::Device running...
[285216:itstpc-track-matcher]: [19:25:49][INFO] LHCPeriod is not available, using current month AUG
[285216:itstpc-track-matcher]: [19:25:49][INFO] Correctly handshaken websocket connection.
[285222:internal-dpl-injected-dummy-sink]: [19:25:49][STATE] INITIALIZING TASK ---> READY
[285222:internal-dpl-injected-dummy-sink]: [19:25:49][STATE] READY ---> RUNNING
[285222:internal-dpl-injected-dummy-sink]: [19:25:49][INFO] fair::mq::Device running...
[285222:internal-dpl-injected-dummy-sink]: [19:25:49][INFO] LHCPeriod is not available, using current month AUG
[285222:internal-dpl-injected-dummy-sink]: [19:25:49][INFO] Correctly handshaken websocket connection.
[285209:tpc-native-cluster-reader]: [19:25:49][INFO] binary branch set up: TPCClusterNative_0
[285209:tpc-native-cluster-reader]: [19:25:49][INFO] binary branch set up: TPCClusterNative_1
[285209:tpc-native-cluster-reader]: [19:25:49][INFO] binary branch set up: TPCClusterNative_2
[285209:tpc-native-cluster-reader]: [19:25:49][INFO] binary branch set up: TPCClusterNative_3
[285209:tpc-native-cluster-reader]: [19:25:49][INFO] binary branch set up: TPCClusterNative_4
[285209:tpc-native-cluster-reader]: [19:25:49][INFO] binary branch set up: TPCClusterNative_5
[285209:tpc-native-cluster-reader]: [19:25:49][INFO] binary branch set up: TPCClusterNative_6
[285209:tpc-native-cluster-reader]: [19:25:49][INFO] binary branch set up: TPCClusterNative_7
[285209:tpc-native-cluster-reader]: [19:25:49][INFO] binary branch set up: TPCClusterNative_8
[285209:tpc-native-cluster-reader]: [19:25:49][INFO] binary branch set up: TPCClusterNative_9
[285209:tpc-native-cluster-reader]: [19:25:49][INFO] binary branch set up: TPCClusterNative_10
[285209:tpc-native-cluster-reader]: [19:25:49][INFO] binary branch set up: TPCClusterNative_11
[285209:tpc-native-cluster-reader]: [19:25:49][INFO] binary branch set up: TPCClusterNative_12
[285209:tpc-native-cluster-reader]: [19:25:49][INFO] binary branch set up: TPCClusterNative_13
[285210:its-track-reader]: [19:25:49][INFO] Loaded tree from o2trac_its.root with 1 entries
[285210:its-track-reader]: [19:25:49][STATE] INITIALIZING DEVICE ---> INITIALIZED
[285209:tpc-native-cluster-reader]: [19:25:49][INFO] binary branch set up: TPCClusterNative_14
[285209:tpc-native-cluster-reader]: [19:25:49][INFO] binary branch set up: TPCClusterNative_15
[285209:tpc-native-cluster-reader]: [19:25:49][INFO] binary branch set up: TPCClusterNative_16
[285209:tpc-native-cluster-reader]: [19:25:49][INFO] binary branch set up: TPCClusterNative_17
[285209:tpc-native-cluster-reader]: [19:25:49][INFO] binary branch set up: TPCClusterNative_18
[285209:tpc-native-cluster-reader]: [19:25:49][INFO] binary branch set up: TPCClusterNative_19
[285210:its-track-reader]: [19:25:49][STATE] INITIALIZED ---> BINDING
[285210:its-track-reader]: [19:25:49][STATE] BINDING ---> BOUND
[285209:tpc-native-cluster-reader]: [19:25:49][INFO] binary branch set up: TPCClusterNative_20
[285209:tpc-native-cluster-reader]: [19:25:49][INFO] binary branch set up: TPCClusterNative_21
[285209:tpc-native-cluster-reader]: [19:25:49][INFO] binary branch set up: TPCClusterNative_22
[285209:tpc-native-cluster-reader]: [19:25:49][INFO] binary branch set up: TPCClusterNative_23
[285209:tpc-native-cluster-reader]: [19:25:49][INFO] binary branch set up: TPCClusterNative_24
[285209:tpc-native-cluster-reader]: [19:25:49][INFO] binary branch set up: TPCClusterNative_25
[285209:tpc-native-cluster-reader]: [19:25:49][INFO] binary branch set up: TPCClusterNative_26
[285209:tpc-native-cluster-reader]: [19:25:49][INFO] binary branch set up: TPCClusterNative_27
[285209:tpc-native-cluster-reader]: [19:25:49][INFO] binary branch set up: TPCClusterNative_28
[285209:tpc-native-cluster-reader]: [19:25:49][INFO] binary branch set up: TPCClusterNative_29
[285209:tpc-native-cluster-reader]: [19:25:49][INFO] binary branch set up: TPCClusterNative_30
[285209:tpc-native-cluster-reader]: [19:25:49][INFO] binary branch set up: TPCClusterNative_31
[285209:tpc-native-cluster-reader]: [19:25:49][INFO] binary branch set up: TPCClusterNative_32
[285209:tpc-native-cluster-reader]: [19:25:49][INFO] binary branch set up: TPCClusterNative_33
[285209:tpc-native-cluster-reader]: [19:25:49][INFO] binary branch set up: TPCClusterNative_34
[285209:tpc-native-cluster-reader]: [19:25:49][INFO] binary branch set up: TPCClusterNative_35
[285209:tpc-native-cluster-reader]: [19:25:49][STATE] INITIALIZING DEVICE ---> INITIALIZED
[285209:tpc-native-cluster-reader]: [19:25:49][STATE] INITIALIZED ---> BINDING
[285209:tpc-native-cluster-reader]: [19:25:49][STATE] BINDING ---> BOUND
[285209:tpc-native-cluster-reader]: [19:25:49][STATE] BOUND ---> CONNECTING
[285210:its-track-reader]: [19:25:49][STATE] BOUND ---> CONNECTING
[285210:its-track-reader]: [19:25:49][STATE] CONNECTING ---> DEVICE READY
[285210:its-track-reader]: [19:25:49][STATE] DEVICE READY ---> INITIALIZING TASK
[285210:its-track-reader]: [19:25:49][STATE] INITIALIZING TASK ---> READY
[285210:its-track-reader]: [19:25:49][STATE] READY ---> RUNNING
[285210:its-track-reader]: [19:25:49][INFO] fair::mq::Device running...
[285210:its-track-reader]: [19:25:49][INFO] LHCPeriod is not available, using current month AUG
[285210:its-track-reader]: [19:25:49][INFO] Pushing 548 track in 9 ROFs at entry 0
[285209:tpc-native-cluster-reader]: [19:25:50][STATE] CONNECTING ---> DEVICE READY
[285210:its-track-reader]: [19:25:50][INFO] Sending end-of-stream message to channel from_its-track-reader_to_itstpc-track-matcher
[285210:its-track-reader]: [19:25:50][INFO] Sending end-of-stream message to channel from_its-track-reader_to_internal-dpl-injected-dummy-sink
[285209:tpc-native-cluster-reader]: [19:25:50][STATE] DEVICE READY ---> INITIALIZING TASK
[285210:its-track-reader]: [19:25:50][INFO] Correctly handshaken websocket connection.
[285209:tpc-native-cluster-reader]: [19:25:50][STATE] INITIALIZING TASK ---> READY
[285209:tpc-native-cluster-reader]: [19:25:50][STATE] READY ---> RUNNING
[285209:tpc-native-cluster-reader]: [19:25:50][INFO] fair::mq::Device running...
[285209:tpc-native-cluster-reader]: [19:25:50][INFO] LHCPeriod is not available, using current month AUG
[285209:tpc-native-cluster-reader]: [19:25:50][INFO] branch TPCClusterNative_0: publishing binary chunk of 102288 bytes(s)
[285209:tpc-native-cluster-reader]: [19:25:50][INFO] branch TPCClusterNative_1: publishing binary chunk of 92040 bytes(s)
[285209:tpc-native-cluster-reader]: [19:25:50][INFO] branch TPCClusterNative_2: publishing binary chunk of 112044 bytes(s)
[285209:tpc-native-cluster-reader]: [19:25:50][INFO] branch TPCClusterNative_3: publishing binary chunk of 92520 bytes(s)
[285209:tpc-native-cluster-reader]: [19:25:50][INFO] branch TPCClusterNative_4: publishing binary chunk of 98364 bytes(s)
[285209:tpc-native-cluster-reader]: [19:25:50][INFO] branch TPCClusterNative_5: publishing binary chunk of 102324 bytes(s)
[285209:tpc-native-cluster-reader]: [19:25:50][INFO] branch TPCClusterNative_6: publishing binary chunk of 97296 bytes(s)
[285209:tpc-native-cluster-reader]: [19:25:50][INFO] branch TPCClusterNative_7: publishing binary chunk of 106764 bytes(s)
[285209:tpc-native-cluster-reader]: [19:25:50][INFO] branch TPCClusterNative_8: publishing binary chunk of 128028 bytes(s)
[285209:tpc-native-cluster-reader]: [19:25:50][INFO] branch TPCClusterNative_9: publishing binary chunk of 109968 bytes(s)
[285209:tpc-native-cluster-reader]: [19:25:50][INFO] branch TPCClusterNative_10: publishing binary chunk of 128496 bytes(s)
[285209:tpc-native-cluster-reader]: [19:25:50][INFO] branch TPCClusterNative_11: publishing binary chunk of 106452 bytes(s)
[285209:tpc-native-cluster-reader]: [19:25:50][INFO] branch TPCClusterNative_12: publishing binary chunk of 93972 bytes(s)
[285209:tpc-native-cluster-reader]: [19:25:50][INFO] branch TPCClusterNative_13: publishing binary chunk of 101496 bytes(s)
[285209:tpc-native-cluster-reader]: [19:25:50][INFO] branch TPCClusterNative_14: publishing binary chunk of 104496 bytes(s)
[285209:tpc-native-cluster-reader]: [19:25:50][INFO] branch TPCClusterNative_15: publishing binary chunk of 119868 bytes(s)
[285209:tpc-native-cluster-reader]: [19:25:50][INFO] branch TPCClusterNative_16: publishing binary chunk of 102528 bytes(s)
[285209:tpc-native-cluster-reader]: [19:25:50][INFO] branch TPCClusterNative_17: publishing binary chunk of 114840 bytes(s)
[285209:tpc-native-cluster-reader]: [19:25:50][INFO] branch TPCClusterNative_18: publishing binary chunk of 132744 bytes(s)
[285209:tpc-native-cluster-reader]: [19:25:50][INFO] branch TPCClusterNative_19: publishing binary chunk of 98964 bytes(s)
[285209:tpc-native-cluster-reader]: [19:25:50][INFO] branch TPCClusterNative_20: publishing binary chunk of 108084 bytes(s)
[285209:tpc-native-cluster-reader]: [19:25:50][INFO] branch TPCClusterNative_21: publishing binary chunk of 105420 bytes(s)
[285212:ft0-recpoints-reader]: [19:25:50][INFO] Loaded FT0 RecPoints tree from o2reco_ft0.root with 1 entries
[285212:ft0-recpoints-reader]: [19:25:50][STATE] INITIALIZING DEVICE ---> INITIALIZED
[285212:ft0-recpoints-reader]: [19:25:50][STATE] INITIALIZED ---> BINDING
[285209:tpc-native-cluster-reader]: [19:25:50][INFO] branch TPCClusterNative_22: publishing binary chunk of 114672 bytes(s)
[285209:tpc-native-cluster-reader]: [19:25:50][INFO] branch TPCClusterNative_23: publishing binary chunk of 113880 bytes(s)
[285209:tpc-native-cluster-reader]: [19:25:50][INFO] branch TPCClusterNative_24: publishing binary chunk of 76884 bytes(s)
[285212:ft0-recpoints-reader]: [19:25:50][STATE] BINDING ---> BOUND
[285209:tpc-native-cluster-reader]: [19:25:50][INFO] branch TPCClusterNative_25: publishing binary chunk of 84696 bytes(s)
[285209:tpc-native-cluster-reader]: [19:25:50][INFO] branch TPCClusterNative_26: publishing binary chunk of 120000 bytes(s)
[285209:tpc-native-cluster-reader]: [19:25:50][INFO] branch TPCClusterNative_27: publishing binary chunk of 87780 bytes(s)
[285209:tpc-native-cluster-reader]: [19:25:50][INFO] branch TPCClusterNative_28: publishing binary chunk of 98136 bytes(s)
[285209:tpc-native-cluster-reader]: [19:25:50][INFO] branch TPCClusterNative_29: publishing binary chunk of 99144 bytes(s)
[285209:tpc-native-cluster-reader]: [19:25:50][INFO] branch TPCClusterNative_30: publishing binary chunk of 73968 bytes(s)
[285209:tpc-native-cluster-reader]: [19:25:50][INFO] branch TPCClusterNative_31: publishing binary chunk of 73440 bytes(s)
[285209:tpc-native-cluster-reader]: [19:25:50][INFO] branch TPCClusterNative_32: publishing binary chunk of 100428 bytes(s)
[285209:tpc-native-cluster-reader]: [19:25:50][INFO] branch TPCClusterNative_33: publishing binary chunk of 95184 bytes(s)
[285209:tpc-native-cluster-reader]: [19:25:50][INFO] branch TPCClusterNative_34: publishing binary chunk of 104004 bytes(s)
[285209:tpc-native-cluster-reader]: [19:25:50][INFO] branch TPCClusterNative_35: publishing binary chunk of 115896 bytes(s)
[285209:tpc-native-cluster-reader]: [19:25:50][INFO] Correctly handshaken websocket connection.
[285212:ft0-recpoints-reader]: [19:25:50][STATE] BOUND ---> CONNECTING
[285212:ft0-recpoints-reader]: [19:25:50][STATE] CONNECTING ---> DEVICE READY
[285212:ft0-recpoints-reader]: [19:25:50][STATE] DEVICE READY ---> INITIALIZING TASK
[285209:tpc-native-cluster-reader]: [19:25:50][INFO] Sending end-of-stream message to channel from_tpc-native-cluster-reader_to_tpc-clusters-sharing-map-producer
[285212:ft0-recpoints-reader]: [19:25:50][STATE] INITIALIZING TASK ---> READY
[285212:ft0-recpoints-reader]: [19:25:50][STATE] READY ---> RUNNING
[285212:ft0-recpoints-reader]: [19:25:50][INFO] fair::mq::Device running...
[285212:ft0-recpoints-reader]: [19:25:50][INFO] LHCPeriod is not available, using current month AUG
[285211:its-cluster-reader]: [19:25:50][INFO] Loaded tree from o2clus_its.root with 1 entries
[285211:its-cluster-reader]: [19:25:50][STATE] INITIALIZING DEVICE ---> INITIALIZED
[285211:its-cluster-reader]: [19:25:50][STATE] INITIALIZED ---> BINDING
[285211:its-cluster-reader]: [19:25:50][STATE] BINDING ---> BOUND
[285211:its-cluster-reader]: [19:25:50][STATE] BOUND ---> CONNECTING
[285211:its-cluster-reader]: [19:25:50][STATE] CONNECTING ---> DEVICE READY
[285211:its-cluster-reader]: [19:25:50][STATE] DEVICE READY ---> INITIALIZING TASK
[285211:its-cluster-reader]: [19:25:50][STATE] INITIALIZING TASK ---> READY
[285211:its-cluster-reader]: [19:25:50][STATE] READY ---> RUNNING
[285211:its-cluster-reader]: [19:25:50][INFO] fair::mq::Device running...
[285211:its-cluster-reader]: [19:25:50][INFO] LHCPeriod is not available, using current month AUG
[285211:its-cluster-reader]: [19:25:50][INFO] ITSClusterReader pushes 9 ROFRecords,7894 compact clusters at entry 0
[285213:tpc-track-reader]: [19:25:50][INFO] Will use MC-truth from TPCTracksMCTruth
[285213:tpc-track-reader]: [19:25:50][INFO] Loaded tree from tpctracks.root with 1 entries
[285212:ft0-recpoints-reader]: [19:25:50][INFO] Sending end-of-stream message to channel from_ft0-recpoints-reader_to_internal-dpl-ccdb-backend
[285212:ft0-recpoints-reader]: [19:25:50][INFO] Sending end-of-stream message to channel from_ft0-recpoints-reader_to_itstpc-track-matcher
[285212:ft0-recpoints-reader]: [19:25:50][INFO] Correctly handshaken websocket connection.
[285213:tpc-track-reader]: [19:25:50][STATE] INITIALIZING DEVICE ---> INITIALIZED
[285213:tpc-track-reader]: [19:25:50][STATE] INITIALIZED ---> BINDING
[285213:tpc-track-reader]: [19:25:50][STATE] BINDING ---> BOUND
[285211:its-cluster-reader]: [19:25:50][INFO] Sending end-of-stream message to channel from_its-cluster-reader_to_itstpc-track-matcher
[285211:its-cluster-reader]: [19:25:50][INFO] Sending end-of-stream message to channel from_its-cluster-reader_to_internal-dpl-injected-dummy-sink
[285211:its-cluster-reader]: [19:25:50][INFO] Correctly handshaken websocket connection.
[285213:tpc-track-reader]: [19:25:50][STATE] BOUND ---> CONNECTING
[285213:tpc-track-reader]: [19:25:50][STATE] CONNECTING ---> DEVICE READY
[285213:tpc-track-reader]: [19:25:50][STATE] DEVICE READY ---> INITIALIZING TASK
[285213:tpc-track-reader]: [19:25:50][STATE] INITIALIZING TASK ---> READY
[285213:tpc-track-reader]: [19:25:50][STATE] READY ---> RUNNING
[285213:tpc-track-reader]: [19:25:50][INFO] fair::mq::Device running...
[285213:tpc-track-reader]: [19:25:50][INFO] LHCPeriod is not available, using current month AUG
[285213:tpc-track-reader]: [19:25:50][INFO] TPCTrackReader pushes 1395 tracks from entries 0 : 0
[285215:tpc-clusters-sharing-map-producer]: [19:25:50][INFO] Timing for TPC clusters sharing map creation: Cpu: 0.000e+00 Real: 4.550e-03 s
[285213:tpc-track-reader]: [19:25:50][INFO] Sending end-of-stream message to channel from_tpc-track-reader_to_tpc-clusters-sharing-map-producer
[285213:tpc-track-reader]: [19:25:50][INFO] Sending end-of-stream message to channel from_tpc-track-reader_to_itstpc-track-matcher
[285213:tpc-track-reader]: [19:25:50][INFO] Correctly handshaken websocket connection.
[285215:tpc-clusters-sharing-map-producer]: [19:25:50][INFO] Sending end-of-stream message to channel from_tpc-clusters-sharing-map-producer_to_itstpc-track-matcher
[285214:internal-dpl-ccdb-backend]: Info in <TJAlienConnectionManager>: Opening connection to JCentral. Please wait
[285214:internal-dpl-ccdb-backend]: Info in <TJAlienConnectionManager>: Opening connection to 137.138.99.139
[285214:internal-dpl-ccdb-backend]: Info in <TJAlienConnectionManager>: Successfully connected to 137.138.99.139
[285214:internal-dpl-ccdb-backend]: Info in <TJAlienFile::Open>: Accessing file /alice/data/CCDB/CTP/Calib/OrbitReset/06/62200/b9f985c3-b4b0-11ec-8fd3-90ce809b24ee in SE <ALICE::CERN::EOS>
[285214:internal-dpl-ccdb-backend]: [19:25:52][INFO] ccdb reads http://alice-ccdb.cern.ch/CTP/Calib/OrbitReset/1546300800000/b9f985c3-b4b0-11ec-8fd3-90ce809b24ee for 1546300800000 (load to memory, agent_id: localhost.localdomain-1692725147-d04Hj4), 
[285214:internal-dpl-ccdb-backend]: Info in <TJAlienFile::Open>: Accessing file /alice/data/CCDB/GLO/Param/MatLUT/05/24630/d5a2a33e-dba4-11ec-9e90-2a010e0a0b16 in SE <ALICE::CERN::OCDB>
[285214:internal-dpl-ccdb-backend]: [19:25:53][INFO] ccdb reads http://alice-ccdb.cern.ch/GLO/Param/MatLUT/1546300800000/d5a2a33e-dba4-11ec-9e90-2a010e0a0b16 for 1546300800000 (load to memory, agent_id: localhost.localdomain-1692725147-d04Hj4), 
[285214:internal-dpl-ccdb-backend]: Info in <TJAlienFile::Open>: Accessing file /alice/data/CCDB/ITS/Calib/ClusterDictionary/09/10449/c245a720-9fe3-11ec-975c-200114580202 in SE <ALICE::CERN::OCDB>
[285214:internal-dpl-ccdb-backend]: [19:25:53][INFO] ccdb reads http://alice-ccdb.cern.ch/ITS/Calib/ClusterDictionary/0/c245a720-9fe3-11ec-975c-200114580202 for 1546300800000 (load to memory, agent_id: localhost.localdomain-1692725147-d04Hj4), 
[285214:internal-dpl-ccdb-backend]: Info in <TJAlienFile::Open>: Accessing file /alice/data/CCDB/ITS/Config/AlpideParam/02/10715/76f24ad5-e339-11ec-9e90-200114580204 in SE <ALICE::CERN::OCDB>
[285214:internal-dpl-ccdb-backend]: [19:25:53][INFO] ccdb reads http://alice-ccdb.cern.ch/ITS/Config/AlpideParam/1546300800000/76f24ad5-e339-11ec-9e90-200114580204 for 1546300800000 (load to memory, agent_id: localhost.localdomain-1692725147-d04Hj4), 
[285214:internal-dpl-ccdb-backend]: Info in <TJAlienFile::Open>: Accessing file /alice/data/CCDB/GLO/Config/GeometryAligned/06/21224/787687c0-287a-11ed-8141-200114580202 in SE <ALICE::CERN::OCDB>
[285214:internal-dpl-ccdb-backend]: [19:25:53][INFO] ccdb reads http://alice-ccdb.cern.ch/GLO/Config/GeometryAligned/1546300800000/787687c0-287a-11ed-8141-200114580202 for 1546300800000 (load to memory, agent_id: localhost.localdomain-1692725147-d04Hj4), 
[285214:internal-dpl-ccdb-backend]: Info in <TJAlienFile::Open>: Accessing file /alice/data/CCDB/TPC/Calib/LaserTracks/14/60057/dd26d771-0929-11ed-8000-2a010e0a0b16 in SE <ALICE::CERN::OCDB>
[285214:internal-dpl-ccdb-backend]: [19:25:53][INFO] ccdb reads http://alice-ccdb.cern.ch/TPC/Calib/LaserTracks/1546300800000/dd26d771-0929-11ed-8000-2a010e0a0b16 for 1546300800000 (load to memory, agent_id: localhost.localdomain-1692725147-d04Hj4), 
[285214:internal-dpl-ccdb-backend]: Info in <TJAlienFile::Open>: Accessing file /alice/data/CCDB/TPC/Calib/CorrectionMapV2/04/24306/188b3306-3a84-11ee-a1e3-200114580202 in SE <ALICE::CERN::OCDB>
[285214:internal-dpl-ccdb-backend]: [19:25:54][INFO] ccdb reads http://alice-ccdb.cern.ch/TPC/Calib/CorrectionMapV2/1/188b3306-3a84-11ee-a1e3-200114580202 for 1546300800000 (load to memory, agent_id: localhost.localdomain-1692725147-d04Hj4), 
[285214:internal-dpl-ccdb-backend]: Info in <TJAlienFile::Open>: Accessing file /alice/data/CCDB/TPC/Calib/CorrectionMapRefV2/10/16377/1f4bfb7e-3a84-11ee-a1e3-200114580202 in SE <ALICE::CERN::OCDB>
[285214:internal-dpl-ccdb-backend]: [19:25:55][INFO] ccdb reads http://alice-ccdb.cern.ch/TPC/Calib/CorrectionMapRefV2/1/1f4bfb7e-3a84-11ee-a1e3-200114580202 for 1546300800000 (load to memory, agent_id: localhost.localdomain-1692725147-d04Hj4), 
[285214:internal-dpl-ccdb-backend]: Info in <TJAlienFile::Open>: Accessing file /alice/data/CCDB/GLO/Config/GRPECS/03/07584/646e9be2-0210-11ed-8000-200114580202 in SE <ALICE::CERN::OCDB>
[285214:internal-dpl-ccdb-backend]: [19:25:55][INFO] ccdb reads http://alice-ccdb.cern.ch/GLO/Config/GRPECS/1546300800000/646e9be2-0210-11ed-8000-200114580202 for 1546300800000 (load to memory, agent_id: localhost.localdomain-1692725147-d04Hj4), 
[285214:internal-dpl-ccdb-backend]: Info in <TJAlienFile::Open>: Accessing file /alice/data/CCDB/TPC/Calib/VDriftTgl/04/00148/01683855-2e90-11ed-ac0b-200114580202 in SE <ALICE::CERN::OCDB>
[285214:internal-dpl-ccdb-backend]: [19:25:55][INFO] ccdb reads http://alice-ccdb.cern.ch/TPC/Calib/VDriftTgl/1546300800000/01683855-2e90-11ed-ac0b-200114580202 for 1546300800000 (load to memory, agent_id: localhost.localdomain-1692725147-d04Hj4), 
[285214:internal-dpl-ccdb-backend]: Info in <TJAlienFile::Open>: Accessing file /alice/data/CCDB/GLO/Config/GRPLHCIF/04/60609/b3296373-efea-11ec-b9c0-2a010e0a0b16 in SE <ALICE::CERN::OCDB>
[285214:internal-dpl-ccdb-backend]: [19:25:55][INFO] ccdb reads http://alice-ccdb.cern.ch/GLO/Config/GRPLHCIF/1546300800000/b3296373-efea-11ec-b9c0-2a010e0a0b16 for 1546300800000 (load to memory, agent_id: localhost.localdomain-1692725147-d04Hj4), 
[285214:internal-dpl-ccdb-backend]: Info in <TJAlienFile::Open>: Accessing file /alice/data/CCDB/GLO/Config/GRPMagField/06/62924/01d633ab-efdf-11ec-841e-2a010e0a0b16 in SE <ALICE::CERN::OCDB>
[285214:internal-dpl-ccdb-backend]: [19:25:55][INFO] ccdb reads http://alice-ccdb.cern.ch/GLO/Config/GRPMagField/1546300800000/01d633ab-efdf-11ec-841e-2a010e0a0b16 for 1546300800000 (load to memory, agent_id: localhost.localdomain-1692725147-d04Hj4), 
[285214:internal-dpl-ccdb-backend]: [19:25:55][INFO] Sending end-of-stream message to channel from_internal-dpl-ccdb-backend_to_itstpc-track-matcher
[285214:internal-dpl-ccdb-backend]: [19:25:55][INFO] Sending end-of-stream message to channel from_internal-dpl-ccdb-backend_to_internal-dpl-injected-dummy-sink
[285216:itstpc-track-matcher]: [19:25:56][INFO] ITS Alpide param updated
[285216:itstpc-track-matcher]: ITSAlpideParam.roFrameLengthInBC : 198		[ CCDB ]
[285216:itstpc-track-matcher]: ITSAlpideParam.roFrameLengthTrig : 6000		[ CCDB ]
[285216:itstpc-track-matcher]: ITSAlpideParam.strobeDelay : 99.8031		[ CCDB ]
[285216:itstpc-track-matcher]: ITSAlpideParam.strobeLengthCont : -1		[ CCDB ]
[285216:itstpc-track-matcher]: ITSAlpideParam.strobeLengthTrig : 100		[ CCDB ]
[285216:itstpc-track-matcher]: ITSAlpideParam.roFrameBiasInBC : 64		[ CCDB ]
[285216:itstpc-track-matcher]: [19:25:56][INFO] Caching in 139760410816624 ptr to ITS/ALPIDEPARAM/0 (0x7f1f01ab22a0)
[285216:itstpc-track-matcher]: [19:25:56][INFO] cluster dictionary updated
[285216:itstpc-track-matcher]: [19:25:56][INFO] Caching in 139760410788752 ptr to ITS/CLUSDICT/0 (0x65c1a40)
[285216:itstpc-track-matcher]: [19:25:56][INFO] GRP MagField object updated
[285216:itstpc-track-matcher]: [19:25:56][INFO] MagneticField::Print: MagneticFieldMap:
[285216:itstpc-track-matcher]: [19:25:56][INFO] MagneticField::Print: Solenoid (-1*)5 kG, Dipole ON (-1) 
[285216:itstpc-track-matcher]: [19:25:56][INFO] MagneticField::Print: Machine B fields for p-p  beam (7000 GeV): QGrad: 22.0002 Dipole: 37.8781
[285216:itstpc-track-matcher]: [19:25:56][INFO] MagneticField::Print: Uses Sol30_Dip6_Hole  of /root/alice/sw/slc8_x86-64/O2/segment-local1/share/Common/maps/mfchebKGI_sym.root
[285216:itstpc-track-matcher]: Info in <TGeoGlobalMagField::SetField>: Global magnetic field set to <MagneticFieldMap>
[285216:itstpc-track-matcher]: Info in <TGeoGlobalMagField::Lock>: Global magnetic field <MagneticFieldMap> is now locked
[285216:itstpc-track-matcher]: [19:25:56][INFO] Caching in 139760412694384 ptr to GLO/GRPMAGFIELD/0 (0x693d4a0)
[285216:itstpc-track-matcher]: [19:25:56][INFO] GRP LHCIF object updated
[285216:itstpc-track-matcher]: [19:25:56][INFO] Caching in 139760412692112 ptr to GLO/GRPLHCIF/0 (0x77e7b70)
[285216:itstpc-track-matcher]: [19:25:56][INFO] GRP ECS object updated
[285216:itstpc-track-matcher]: [19:25:56][INFO] Caching in 139760412687568 ptr to GLO/GRPECS/0 (0x462ae00)
[285216:itstpc-track-matcher]: [19:25:56][INFO] orbit reset time updated to 1546300800000
[285216:itstpc-track-matcher]: [19:25:56][INFO] Caching in 139760401561872 ptr to CTP/ORBITRESET/0 (0x77eb600)
[285216:itstpc-track-matcher]: [19:25:57][INFO] material LUT updated
[285216:itstpc-track-matcher]: [19:25:57][INFO] Loaded 440 params from $(O2_ROOT)/share/Common/maps/sol5k.txt
[285216:itstpc-track-matcher]: [19:25:57][INFO] Caching in 139760401563120 ptr to GLO/MATLUT/0 (0x78717e0)
[285216:itstpc-track-matcher]: Info in <TGeoManager::CloseGeometry>: Geometry loaded from file...
[285216:itstpc-track-matcher]: Info in <TGeoManager::SetTopVolume>: Top volume is cave. Master volume is cave
[285216:itstpc-track-matcher]: Info in <TGeoNavigator::BuildCache>: --- Maximum geometry depth set to 100
[285216:itstpc-track-matcher]: Info in <TGeoManager::Voxelize>: Voxelizing...
[285216:itstpc-track-matcher]: Info in <TGeoManager::CountLevels>: max level = 13, max placements = 735
[285216:itstpc-track-matcher]: Info in <TGeoManager::CloseGeometry>: 5346742 nodes/ 27442 volume UID's in FAIR geometry
[285216:itstpc-track-matcher]: Info in <TGeoManager::CloseGeometry>: ----------------modeler ready----------------
[285216:itstpc-track-matcher]: [19:25:58][INFO] aligned geometry updated
[285216:itstpc-track-matcher]: [19:25:58][INFO] Caching in 139760410818896 ptr to GLO/GEOMALIGN/0 (0x6ffe250)
[285216:itstpc-track-matcher]: [19:25:58][INFO] accountLaserCalibration 1 t 10 vs 0
[285216:itstpc-track-matcher]: [19:25:58][INFO] Caching in 139760412666416 ptr to TPC/CalibLaserTracks/0 (0x4d940e0)
[285216:itstpc-track-matcher]: [19:25:58][INFO] accountDriftCorrectionITSTPCTgl 1 t 0 vs 0
[285216:itstpc-track-matcher]: [19:25:58][INFO] Caching in 139760412689840 ptr to TPC/VDriftTgl/0 (0x6e47700)
[285216:itstpc-track-matcher]: [19:25:58][INFO] Will prefer TPC Drift from Laser with time 10 to TPCITSTgl with time 0
[285216:itstpc-track-matcher]: [19:25:58][INFO] InstLumiOverride=0, UseCTPLumi=false -> instLumi=0, meanLumi=1 -> LumiScale=0, lumiScaleMode=0
[285216:itstpc-track-matcher]: [19:25:58][INFO] Caching in 139760412668688 ptr to TPC/CorrMap/0 (0x6c92160)
[285216:itstpc-track-matcher]: [19:25:58][INFO] Caching in 139760412678128 ptr to TPC/CorrMapRef/0 (0x6c943a0)
[285216:itstpc-track-matcher]: tpcitsMatch.runAfterBurner : true		[ CODE ]
[285216:itstpc-track-matcher]: tpcitsMatch.validateMatchByFIT : Prefer		[ CODE ]
[285216:itstpc-track-matcher]: tpcitsMatch.crudeAbsDiffCut[0] : 2		[ CODE ]
[285216:itstpc-track-matcher]: tpcitsMatch.crudeAbsDiffCut[1] : 2		[ CODE ]
[285216:itstpc-track-matcher]: tpcitsMatch.crudeAbsDiffCut[2] : 0.2		[ CODE ]
[285216:itstpc-track-matcher]: tpcitsMatch.crudeAbsDiffCut[3] : 0.2		[ CODE ]
[285216:itstpc-track-matcher]: tpcitsMatch.crudeAbsDiffCut[4] : 4		[ CODE ]
[285216:itstpc-track-matcher]: tpcitsMatch.crudeNSigma2Cut[0] : 49		[ CODE ]
[285216:itstpc-track-matcher]: tpcitsMatch.crudeNSigma2Cut[1] : 49		[ CODE ]
[285216:itstpc-track-matcher]: tpcitsMatch.crudeNSigma2Cut[2] : 49		[ CODE ]
[285216:itstpc-track-matcher]: tpcitsMatch.crudeNSigma2Cut[3] : 49		[ CODE ]
[285216:itstpc-track-matcher]: tpcitsMatch.crudeNSigma2Cut[4] : 49		[ CODE ]
[285216:itstpc-track-matcher]: tpcitsMatch.XMatchingRef : 70		[ CODE ]
[285216:itstpc-track-matcher]: tpcitsMatch.minTPCTrackR : 50		[ CODE ]
[285216:itstpc-track-matcher]: tpcitsMatch.minITSTrackR : 50		[ CODE ]
[285216:itstpc-track-matcher]: tpcitsMatch.minTPCClusters : 25		[ CODE ]
[285216:itstpc-track-matcher]: tpcitsMatch.askMinTPCRow : 15		[ CODE ]
[285216:itstpc-track-matcher]: tpcitsMatch.cutMatchingChi2 : 30		[ CODE ]
[285216:itstpc-track-matcher]: tpcitsMatch.maxMatchCandidates : 5		[ CODE ]
[285216:itstpc-track-matcher]: tpcitsMatch.safeMarginTimeCorrErr : 0		[ CODE ]
[285216:itstpc-track-matcher]: tpcitsMatch.safeMarginTPCITSTimeBin : 1		[ CODE ]
[285216:itstpc-track-matcher]: tpcitsMatch.safeMarginTPCTimeEdge : 20		[ CODE ]
[285216:itstpc-track-matcher]: tpcitsMatch.tpcTimeICMatchingNSigma : 4		[ CODE ]
[285216:itstpc-track-matcher]: tpcitsMatch.tpcExtConstrainedNSigma : 4		[ CODE ]
[285216:itstpc-track-matcher]: tpcitsMatch.tfEdgeTimeToleranceMUS : 1		[ CODE ]
[285216:itstpc-track-matcher]: tpcitsMatch.maxVDriftUncertainty : 0.02		[ CODE ]
[285216:itstpc-track-matcher]: tpcitsMatch.maxVDriftTrackQ2Pt : 1		[ CODE ]
[285216:itstpc-track-matcher]: tpcitsMatch.maxVDritTimeOffset : 5		[ CODE ]
[285216:itstpc-track-matcher]: tpcitsMatch.globalTimeBiasMUS : 0		[ CODE ]
[285216:itstpc-track-matcher]: tpcitsMatch.globalTimeExtraErrorMUS : 0		[ CODE ]
[285216:itstpc-track-matcher]: tpcitsMatch.requireToReachLayerAB : 5		[ CODE ]
[285216:itstpc-track-matcher]: tpcitsMatch.lowestLayerAB : 3		[ CODE ]
[285216:itstpc-track-matcher]: tpcitsMatch.minContributingLayersAB : 2		[ CODE ]
[285216:itstpc-track-matcher]: tpcitsMatch.maxABLinksOnLayer : 10		[ CODE ]
[285216:itstpc-track-matcher]: tpcitsMatch.maxABFinalHyp : 20		[ CODE ]
[285216:itstpc-track-matcher]: tpcitsMatch.cutABTrack2ClChi2 : 30		[ CODE ]
[285216:itstpc-track-matcher]: tpcitsMatch.nABSigmaY : 4		[ CODE ]
[285216:itstpc-track-matcher]: tpcitsMatch.nABSigmaZ : 4		[ CODE ]
[285216:itstpc-track-matcher]: tpcitsMatch.err2ABExtraY : 0.01		[ CODE ]
[285216:itstpc-track-matcher]: tpcitsMatch.err2ABExtraZ : 0.01		[ CODE ]
[285216:itstpc-track-matcher]: tpcitsMatch.verbosity : 0		[ CODE ]
[285216:itstpc-track-matcher]: tpcitsMatch.matCorr : 2		[ CODE ]
[285216:itstpc-track-matcher]: [19:25:58][INFO] Loading ITS T2L matrices from TGeo
[285216:itstpc-track-matcher]: [19:25:58][INFO] Loading ITS T2G rotation 2D matrices
[285216:itstpc-track-matcher]: 
[285216:itstpc-track-matcher]: ******************** TPC-ITS matching component ********************
[285216:itstpc-track-matcher]: MC truth: on
[285216:itstpc-track-matcher]: Matching reference X: 70.000
[285216:itstpc-track-matcher]: Account Z dimension: off
[285216:itstpc-track-matcher]: Cut on matching chi2: 30.000
[285216:itstpc-track-matcher]: Max number ITS candidates per TPC track: 5
[285216:itstpc-track-matcher]: Crude cut on track params:  2.000e+00 2.000e+00 2.000e-01 2.000e-01 4.000e+00
[285216:itstpc-track-matcher]: NSigma^2 cut on track params:   49.00  49.00  49.00  49.00  49.00
[285216:itstpc-track-matcher]: TPC Z->time(bins) bracketing safety margin:  20.00
[285216:itstpc-track-matcher]: Output debug tree (off) file: dbg_TPCITSmatch.root
[285216:itstpc-track-matcher]: **********************************************************************
[285216:itstpc-track-matcher]: [19:25:58][INFO] Updating TPC fast transform map with new VDrift factor of 1 wrt reference 2.58 and DriftTimeOffset correction 0 wrt 0 from source Laser
[285216:itstpc-track-matcher]: [19:25:58][INFO] RecoContainer::createTracks took 0.004366 CPU s.
[285216:itstpc-track-matcher]: [19:25:58][INFO] Validated 346 matches out of 350 for 976 TPC and 614 ITS tracks in 2 iterations
[285216:itstpc-track-matcher]: [19:25:58][INFO] AfterBurner will check 5000 seeds from 570 TPC tracks and 18 interaction candidates with 1 threads
[285216:itstpc-track-matcher]: [19:25:58][INFO] AfterBurner validated 100 tracks
[285216:itstpc-track-matcher]: [19:25:58][INFO] TPC-ITS matching total timing: Cpu: 2.510e+00 Real: 2.584e+00 s in 1 slots
[285216:itstpc-track-matcher]: [19:25:58][INFO] Sending end-of-stream message to channel from_itstpc-track-matcher_to_itstpc-track-writer
[285221:itstpc-track-writer]: [19:25:58][INFO] Writing 446 TPC-ITS matches
[INFO] Quitting
[INFO] QUIT_REQUESTED
[285211:its-cluster-reader]: [19:25:58][INFO] Received device shutdown request (signal 15).
[285208:internal-dpl-clock]: [19:25:58][INFO] Received device shutdown request (signal 15).
[285208:internal-dpl-clock]: [19:25:58][INFO] Waiting for graceful device shutdown. Hit Ctrl-C again to abort immediately.
[285209:tpc-native-cluster-reader]: [19:25:58][INFO] Received device shutdown request (signal 15).
[285209:tpc-native-cluster-reader]: [19:25:58][INFO] Waiting for graceful device shutdown. Hit Ctrl-C again to abort immediately.
[285211:its-cluster-reader]: [19:25:58][INFO] Waiting for graceful device shutdown. Hit Ctrl-C again to abort immediately.
[285212:ft0-recpoints-reader]: [19:25:58][INFO] Received device shutdown request (signal 15).
[285212:ft0-recpoints-reader]: [19:25:58][INFO] Waiting for graceful device shutdown. Hit Ctrl-C again to abort immediately.
[285213:tpc-track-reader]: [19:25:58][INFO] Received device shutdown request (signal 15).
[285213:tpc-track-reader]: [19:25:58][INFO] Waiting for graceful device shutdown. Hit Ctrl-C again to abort immediately.
[285214:internal-dpl-ccdb-backend]: [19:25:58][INFO] Received device shutdown request (signal 15).
[285214:internal-dpl-ccdb-backend]: [19:25:58][INFO] Waiting for graceful device shutdown. Hit Ctrl-C again to abort immediately.
[285215:tpc-clusters-sharing-map-producer]: [19:25:58][INFO] Received device shutdown request (signal 15).
[285215:tpc-clusters-sharing-map-producer]: [19:25:58][INFO] Waiting for graceful device shutdown. Hit Ctrl-C again to abort immediately.
[285216:itstpc-track-matcher]: [19:25:58][INFO] Received device shutdown request (signal 15).
[285216:itstpc-track-matcher]: [19:25:58][INFO] Waiting for graceful device shutdown. Hit Ctrl-C again to abort immediately.
[285222:internal-dpl-injected-dummy-sink]: [19:25:58][INFO] Received device shutdown request (signal 15).
[285222:internal-dpl-injected-dummy-sink]: [19:25:58][INFO] Waiting for graceful device shutdown. Hit Ctrl-C again to abort immediately.
[285221:itstpc-track-writer]: [19:25:58][INFO] Received device shutdown request (signal 15).
[285210:its-track-reader]: [19:25:58][INFO] Received device shutdown request (signal 15).
[285210:its-track-reader]: [19:25:58][INFO] Waiting for graceful device shutdown. Hit Ctrl-C again to abort immediately.
[285221:itstpc-track-writer]: [19:25:58][INFO] Waiting for graceful device shutdown. Hit Ctrl-C again to abort immediately.
[285209:tpc-native-cluster-reader]: [19:25:58][INFO] New state requested. No timeout set, quitting immediately as per --completion-policy
[285209:tpc-native-cluster-reader]: [19:25:58][STATE] RUNNING ---> READY
[285210:its-track-reader]: [19:25:58][INFO] New state requested. No timeout set, quitting immediately as per --completion-policy
[285210:its-track-reader]: [19:25:58][STATE] RUNNING ---> READY
[285211:its-cluster-reader]: [19:25:58][INFO] New state requested. No timeout set, quitting immediately as per --completion-policy
[285211:its-cluster-reader]: [19:25:58][STATE] RUNNING ---> READY
[285212:ft0-recpoints-reader]: [19:25:58][INFO] New state requested. No timeout set, quitting immediately as per --completion-policy
[285212:ft0-recpoints-reader]: [19:25:58][STATE] RUNNING ---> READY
[285213:tpc-track-reader]: [19:25:58][INFO] New state requested. No timeout set, quitting immediately as per --completion-policy
[285213:tpc-track-reader]: [19:25:58][STATE] RUNNING ---> READY
[285214:internal-dpl-ccdb-backend]: [19:25:58][INFO] New state requested. No timeout set, quitting immediately as per --completion-policy
[285214:internal-dpl-ccdb-backend]: [19:25:58][INFO] CCDB cache miss/hit ratio:
[285214:internal-dpl-ccdb-backend]: [19:25:58][INFO]   GLO/Config/GRPMagField: 1/0 (1024-1024 bytes)
[285214:internal-dpl-ccdb-backend]: [19:25:58][INFO]   GLO/Config/GRPLHCIF: 1/0 (2048-2048 bytes)
[285214:internal-dpl-ccdb-backend]: [19:25:58][INFO]   TPC/Calib/CorrectionMapRefV2: 1/0 (9216-9216 bytes)
[285214:internal-dpl-ccdb-backend]: [19:25:58][INFO]   TPC/Calib/VDriftTgl: 1/0 (2048-2048 bytes)
[285214:internal-dpl-ccdb-backend]: [19:25:58][INFO]   GLO/Config/GRPECS: 1/0 (2048-2048 bytes)
[285214:internal-dpl-ccdb-backend]: [19:25:58][INFO]   TPC/Calib/CorrectionMapV2: 1/0 (9216-9216 bytes)
[285214:internal-dpl-ccdb-backend]: [19:25:58][INFO]   TPC/Calib/LaserTracks: 1/0 (2048-2048 bytes)
[285214:internal-dpl-ccdb-backend]: [19:25:58][INFO]   GLO/Config/GeometryAligned: 1/0 (1847296-1847296 bytes)
[285214:internal-dpl-ccdb-backend]: [19:25:58][INFO]   ITS/Config/AlpideParam: 1/0 (2048-2048 bytes)
[285214:internal-dpl-ccdb-backend]: [19:25:58][INFO]   ITS/Calib/ClusterDictionary: 1/0 (27648-27648 bytes)
[285214:internal-dpl-ccdb-backend]: [19:25:58][INFO]   GLO/Param/MatLUT: 1/0 (9225216-9225216 bytes)
[285214:internal-dpl-ccdb-backend]: [19:25:58][INFO]   CTP/Calib/OrbitReset: 1/2 (1024-1024 bytes)
[285214:internal-dpl-ccdb-backend]: [19:25:58][STATE] RUNNING ---> READY
[285215:tpc-clusters-sharing-map-producer]: [19:25:58][INFO] New state requested. No timeout set, quitting immediately as per --completion-policy
[285215:tpc-clusters-sharing-map-producer]: [19:25:58][STATE] RUNNING ---> READY
[285215:tpc-clusters-sharing-map-producer]: [19:25:58][STATE] READY ---> RESETTING TASK
[285215:tpc-clusters-sharing-map-producer]: [19:25:58][STATE] RESETTING TASK ---> DEVICE READY
[285215:tpc-clusters-sharing-map-producer]: [19:25:58][STATE] DEVICE READY ---> RESETTING DEVICE
[285216:itstpc-track-matcher]: [19:25:58][INFO] New state requested. No timeout set, quitting immediately as per --completion-policy
[285216:itstpc-track-matcher]: [19:25:58][STATE] RUNNING ---> READY
[285209:tpc-native-cluster-reader]: [19:25:58][STATE] READY ---> RESETTING TASK
[285209:tpc-native-cluster-reader]: [19:25:58][STATE] RESETTING TASK ---> DEVICE READY
[285210:its-track-reader]: [19:25:58][STATE] READY ---> RESETTING TASK
[285210:its-track-reader]: [19:25:58][STATE] RESETTING TASK ---> DEVICE READY
[285222:internal-dpl-injected-dummy-sink]: [19:25:58][INFO] New state requested. No timeout set, quitting immediately as per --completion-policy
[285222:internal-dpl-injected-dummy-sink]: [19:25:58][STATE] RUNNING ---> READY
[285208:internal-dpl-clock]: [19:25:58][INFO] New state requested. No timeout set, quitting immediately as per --completion-policy
[285208:internal-dpl-clock]: [19:25:58][STATE] RUNNING ---> READY
[285209:tpc-native-cluster-reader]: [19:25:58][STATE] DEVICE READY ---> RESETTING DEVICE
[285210:its-track-reader]: [19:25:58][STATE] DEVICE READY ---> RESETTING DEVICE
[285211:its-cluster-reader]: [19:25:58][STATE] READY ---> RESETTING TASK
[285211:its-cluster-reader]: [19:25:58][STATE] RESETTING TASK ---> DEVICE READY
[285213:tpc-track-reader]: [19:25:58][STATE] READY ---> RESETTING TASK
[285213:tpc-track-reader]: [19:25:58][STATE] RESETTING TASK ---> DEVICE READY
[285214:internal-dpl-ccdb-backend]: [19:25:58][STATE] READY ---> RESETTING TASK
[285214:internal-dpl-ccdb-backend]: [19:25:58][STATE] RESETTING TASK ---> DEVICE READY
[285214:internal-dpl-ccdb-backend]: [19:25:58][STATE] DEVICE READY ---> RESETTING DEVICE
[285216:itstpc-track-matcher]: [19:25:58][STATE] READY ---> RESETTING TASK
[285216:itstpc-track-matcher]: [19:25:58][STATE] RESETTING TASK ---> DEVICE READY
[285221:itstpc-track-writer]: [19:25:58][INFO] New state requested. No timeout set, quitting immediately as per --completion-policy
[285222:internal-dpl-injected-dummy-sink]: [19:25:58][STATE] READY ---> RESETTING TASK
[285222:internal-dpl-injected-dummy-sink]: [19:25:58][STATE] RESETTING TASK ---> DEVICE READY
[285213:tpc-track-reader]: [19:25:58][STATE] DEVICE READY ---> RESETTING DEVICE
[285216:itstpc-track-matcher]: [19:25:58][STATE] DEVICE READY ---> RESETTING DEVICE
[285211:its-cluster-reader]: [19:25:58][STATE] DEVICE READY ---> RESETTING DEVICE
[285222:internal-dpl-injected-dummy-sink]: [19:25:58][STATE] DEVICE READY ---> RESETTING DEVICE
[285212:ft0-recpoints-reader]: [19:25:58][STATE] READY ---> RESETTING TASK
[285212:ft0-recpoints-reader]: [19:25:58][STATE] RESETTING TASK ---> DEVICE READY
[285209:tpc-native-cluster-reader]: [19:25:58][STATE] RESETTING DEVICE ---> IDLE
[285210:its-track-reader]: [19:25:58][STATE] RESETTING DEVICE ---> IDLE
[285209:tpc-native-cluster-reader]: [19:25:58][STATE] IDLE ---> EXITING
[285208:internal-dpl-clock]: [19:25:58][STATE] READY ---> RESETTING TASK
[285208:internal-dpl-clock]: [19:25:58][STATE] RESETTING TASK ---> DEVICE READY
[285208:internal-dpl-clock]: [19:25:58][STATE] DEVICE READY ---> RESETTING DEVICE
[285212:ft0-recpoints-reader]: [19:25:58][STATE] DEVICE READY ---> RESETTING DEVICE
[285213:tpc-track-reader]: [19:25:58][STATE] RESETTING DEVICE ---> IDLE
[285215:tpc-clusters-sharing-map-producer]: [19:25:58][STATE] RESETTING DEVICE ---> IDLE
[285213:tpc-track-reader]: [19:25:58][STATE] IDLE ---> EXITING
[285213:tpc-track-reader]: [19:25:58][STATE] Exiting FairMQ state machine
[285216:itstpc-track-matcher]: [19:25:58][STATE] RESETTING DEVICE ---> IDLE
[285209:tpc-native-cluster-reader]: [19:25:58][STATE] Exiting FairMQ state machine
[285215:tpc-clusters-sharing-map-producer]: [19:25:58][STATE] IDLE ---> EXITING
[285210:its-track-reader]: [19:25:58][STATE] IDLE ---> EXITING
[285210:its-track-reader]: [19:25:58][STATE] Exiting FairMQ state machine
[285211:its-cluster-reader]: [19:25:58][STATE] RESETTING DEVICE ---> IDLE
[285214:internal-dpl-ccdb-backend]: [19:25:58][STATE] RESETTING DEVICE ---> IDLE
[285214:internal-dpl-ccdb-backend]: [19:25:58][STATE] IDLE ---> EXITING
[285214:internal-dpl-ccdb-backend]: [19:25:58][STATE] Exiting FairMQ state machine
[285215:tpc-clusters-sharing-map-producer]: [19:25:58][STATE] Exiting FairMQ state machine
[285216:itstpc-track-matcher]: [19:25:58][STATE] IDLE ---> EXITING
[285222:internal-dpl-injected-dummy-sink]: [19:25:58][STATE] RESETTING DEVICE ---> IDLE
[285222:internal-dpl-injected-dummy-sink]: [19:25:58][STATE] IDLE ---> EXITING
[285211:its-cluster-reader]: [19:25:58][STATE] IDLE ---> EXITING
[285216:itstpc-track-matcher]: [19:25:58][STATE] Exiting FairMQ state machine
[285222:internal-dpl-injected-dummy-sink]: [19:25:58][STATE] Exiting FairMQ state machine
[285208:internal-dpl-clock]: [19:25:58][STATE] RESETTING DEVICE ---> IDLE
[285212:ft0-recpoints-reader]: [19:25:58][STATE] RESETTING DEVICE ---> IDLE
[285208:internal-dpl-clock]: [19:25:58][STATE] IDLE ---> EXITING
[285208:internal-dpl-clock]: [19:25:58][STATE] Exiting FairMQ state machine
[285211:its-cluster-reader]: [19:25:58][STATE] Exiting FairMQ state machine
[285212:ft0-recpoints-reader]: [19:25:58][STATE] IDLE ---> EXITING
[285212:ft0-recpoints-reader]: [19:25:58][STATE] Exiting FairMQ state machine
[285221:itstpc-track-writer]: [19:25:59][STATE] RUNNING ---> READY
[285221:itstpc-track-writer]: [19:25:59][STATE] READY ---> RESETTING TASK
[285221:itstpc-track-writer]: [19:25:59][STATE] RESETTING TASK ---> DEVICE READY
[285221:itstpc-track-writer]: [19:25:59][STATE] DEVICE READY ---> RESETTING DEVICE
[285221:itstpc-track-writer]: [19:25:59][INFO] Cleaning up for shared memory id 'ab6b3ef6'...
[285221:itstpc-track-writer]: [19:25:59][INFO] Found 0 unmanaged regions...
[285221:itstpc-track-writer]: [19:25:59][INFO] Found 1 managed segments...
[285221:itstpc-track-writer]: [19:25:59][INFO] Successfully removed 'fmq_ab6b3ef6_m_0'.
[285221:itstpc-track-writer]: [19:25:59][INFO] Successfully removed 'fmq_ab6b3ef6_mng'.
[285221:itstpc-track-writer]: [19:25:59][STATE] RESETTING DEVICE ---> IDLE
[285221:itstpc-track-writer]: [19:25:59][STATE] IDLE ---> EXITING
[285221:itstpc-track-writer]: [19:25:59][STATE] Exiting FairMQ state machine
[INFO] ## Processes completed. Run summary:
[INFO] ### Devices started: 11
[INFO]  - Device internal-dpl-clock: pid 285208 (exit 0)
[INFO]  - Device tpc-native-cluster-reader: pid 285209 (exit 0)
[INFO]  - Device its-track-reader: pid 285210 (exit 0)
[INFO]  - Device its-cluster-reader: pid 285211 (exit 0)
[INFO]  - Device ft0-recpoints-reader: pid 285212 (exit 0)
[INFO]  - Device tpc-track-reader: pid 285213 (exit 0)
[INFO]  - Device internal-dpl-ccdb-backend: pid 285214 (exit 0)
[INFO]  - Device tpc-clusters-sharing-map-producer: pid 285215 (exit 0)
[INFO]  - Device itstpc-track-matcher: pid 285216 (exit 0)
[INFO]  - Device itstpc-track-writer: pid 285221 (exit 0)
[INFO]  - Device internal-dpl-injected-dummy-sink: pid 285222 (exit 0)
[INFO] Dumping used configuration in dpl-config.json
TASK-EXIT-CODE: 0
