Running: TIME="#walltime %e" /usr/bin/time --output=mchmidMatch.log_time ./mchmidMatch.log_tmp.sh
[INFO] Initialising O2 Data Processing Layer. Driver PID: 284589.
[INFO] Driver listening on port: 22669
[INFO] Rate limiting set up at 500MB distributed over 1 readers
[INFO] O2 Data Processing Layer initialised. We brake for nobody.
[INFO] Optimised build. O2DEBUG / LOG(debug) / LOGF(debug) / assert statement will not be shown.
[INFO] Redeployment of configuration asked.
[INFO] Starting internal-dpl-clock on pid 284629
[INFO] Starting mid-track-reader on pid 284630
[INFO] Starting mch-track-reader0 on pid 284631
[INFO] Starting muon-track-matcher on pid 284632
[INFO] Starting muon-track-writer on pid 284633
[INFO] Starting internal-dpl-injected-dummy-sink on pid 284634
[INFO] Redeployment of configuration done.
[284629:internal-dpl-clock]: [INFO] Instrumenting crash signals
[284629:internal-dpl-clock]: [INFO] Spawing new device internal-dpl-clock in process with pid 284629
[284629:internal-dpl-clock]: [19:25:41][INFO] 
[284629:internal-dpl-clock]:       ______      _    _______  _________ 
[284629:internal-dpl-clock]:      / ____/___ _(_)_______   |/  /_  __ \    version 1.6.0
[284629:internal-dpl-clock]:     / /_  / __ `/ / ___/__  /|_/ /_  / / /    build RELWITHDEBINFO
[284629:internal-dpl-clock]:    / __/ / /_/ / / /    _  /  / / / /_/ /     https://github.com/FairRootGroup/FairMQ
[284629:internal-dpl-clock]:   /_/    \__,_/_/_/     /_/  /_/  \___\_\     LGPL-3.0  © 2012-2023 GSI
[284629:internal-dpl-clock]: 
[284629:internal-dpl-clock]: [19:25:41][STATE] Starting FairMQ state machine --> IDLE
[284629:internal-dpl-clock]: [19:25:41][STATE] IDLE ---> INITIALIZING DEVICE
[284629:internal-dpl-clock]: [19:25:41][STATE] INITIALIZING DEVICE ---> INITIALIZED
[284629:internal-dpl-clock]: [19:25:41][STATE] INITIALIZED ---> BINDING
[284629:internal-dpl-clock]: [19:25:41][STATE] BINDING ---> BOUND
[284629:internal-dpl-clock]: [19:25:41][STATE] BOUND ---> CONNECTING
[284629:internal-dpl-clock]: [19:25:41][STATE] CONNECTING ---> DEVICE READY
[284629:internal-dpl-clock]: [19:25:41][STATE] DEVICE READY ---> INITIALIZING TASK
[284629:internal-dpl-clock]: [19:25:41][STATE] INITIALIZING TASK ---> READY
[284629:internal-dpl-clock]: [19:25:41][STATE] READY ---> RUNNING
[284629:internal-dpl-clock]: [19:25:41][INFO] fair::mq::Device running...
[284629:internal-dpl-clock]: [19:25:41][INFO] LHCPeriod is not available, using current month AUG
[284629:internal-dpl-clock]: [19:25:41][INFO] Correctly handshaken websocket connection.
[284631:mch-track-reader0]: [INFO] Instrumenting crash signals
[284631:mch-track-reader0]: [INFO] Spawing new device mch-track-reader0 in process with pid 284631
[284631:mch-track-reader0]: [19:25:41][INFO] 
[284631:mch-track-reader0]:       ______      _    _______  _________ 
[284631:mch-track-reader0]:      / ____/___ _(_)_______   |/  /_  __ \    version 1.6.0
[284631:mch-track-reader0]:     / /_  / __ `/ / ___/__  /|_/ /_  / / /    build RELWITHDEBINFO
[284631:mch-track-reader0]:    / __/ / /_/ / / /    _  /  / / / /_/ /     https://github.com/FairRootGroup/FairMQ
[284631:mch-track-reader0]:   /_/    \__,_/_/_/     /_/  /_/  \___\_\     LGPL-3.0  © 2012-2023 GSI
[284631:mch-track-reader0]: 
[284631:mch-track-reader0]: [19:25:41][STATE] Starting FairMQ state machine --> IDLE
[284631:mch-track-reader0]: [19:25:41][STATE] IDLE ---> INITIALIZING DEVICE
[284630:mid-track-reader]: [INFO] Instrumenting crash signals
[284630:mid-track-reader]: [INFO] Spawing new device mid-track-reader in process with pid 284630
[284630:mid-track-reader]: [19:25:41][INFO] 
[284630:mid-track-reader]:       ______      _    _______  _________ 
[284630:mid-track-reader]:      / ____/___ _(_)_______   |/  /_  __ \    version 1.6.0
[284630:mid-track-reader]:     / /_  / __ `/ / ___/__  /|_/ /_  / / /    build RELWITHDEBINFO
[284630:mid-track-reader]:    / __/ / /_/ / / /    _  /  / / / /_/ /     https://github.com/FairRootGroup/FairMQ
[284630:mid-track-reader]:   /_/    \__,_/_/_/     /_/  /_/  \___\_\     LGPL-3.0  © 2012-2023 GSI
[284630:mid-track-reader]: 
[284630:mid-track-reader]: [19:25:41][STATE] Starting FairMQ state machine --> IDLE
[284630:mid-track-reader]: [19:25:41][STATE] IDLE ---> INITIALIZING DEVICE
[284633:muon-track-writer]: [INFO] Instrumenting crash signals
[284633:muon-track-writer]: [INFO] Spawing new device muon-track-writer in process with pid 284633
[284633:muon-track-writer]: [19:25:41][INFO] 
[284633:muon-track-writer]:       ______      _    _______  _________ 
[284633:muon-track-writer]:      / ____/___ _(_)_______   |/  /_  __ \    version 1.6.0
[284633:muon-track-writer]:     / /_  / __ `/ / ___/__  /|_/ /_  / / /    build RELWITHDEBINFO
[284633:muon-track-writer]:    / __/ / /_/ / / /    _  /  / / / /_/ /     https://github.com/FairRootGroup/FairMQ
[284633:muon-track-writer]:   /_/    \__,_/_/_/     /_/  /_/  \___\_\     LGPL-3.0  © 2012-2023 GSI
[284633:muon-track-writer]: 
[284633:muon-track-writer]: [19:25:41][STATE] Starting FairMQ state machine --> IDLE
[284633:muon-track-writer]: [19:25:41][STATE] IDLE ---> INITIALIZING DEVICE
[284634:internal-dpl-injected-dummy-sink]: [INFO] Instrumenting crash signals
[284634:internal-dpl-injected-dummy-sink]: [INFO] Spawing new device internal-dpl-injected-dummy-sink in process with pid 284634
[284634:internal-dpl-injected-dummy-sink]: [19:25:41][INFO] 
[284634:internal-dpl-injected-dummy-sink]:       ______      _    _______  _________ 
[284634:internal-dpl-injected-dummy-sink]:      / ____/___ _(_)_______   |/  /_  __ \    version 1.6.0
[284634:internal-dpl-injected-dummy-sink]:     / /_  / __ `/ / ___/__  /|_/ /_  / / /    build RELWITHDEBINFO
[284634:internal-dpl-injected-dummy-sink]:    / __/ / /_/ / / /    _  /  / / / /_/ /     https://github.com/FairRootGroup/FairMQ
[284634:internal-dpl-injected-dummy-sink]:   /_/    \__,_/_/_/     /_/  /_/  \___\_\     LGPL-3.0  © 2012-2023 GSI
[284634:internal-dpl-injected-dummy-sink]: 
[284634:internal-dpl-injected-dummy-sink]: [19:25:41][STATE] Starting FairMQ state machine --> IDLE
[284634:internal-dpl-injected-dummy-sink]: [19:25:41][STATE] IDLE ---> INITIALIZING DEVICE
[284634:internal-dpl-injected-dummy-sink]: [19:25:41][STATE] INITIALIZING DEVICE ---> INITIALIZED
[284634:internal-dpl-injected-dummy-sink]: [19:25:41][STATE] INITIALIZED ---> BINDING
[284634:internal-dpl-injected-dummy-sink]: [19:25:41][STATE] BINDING ---> BOUND
[284634:internal-dpl-injected-dummy-sink]: [19:25:41][STATE] BOUND ---> CONNECTING
[284634:internal-dpl-injected-dummy-sink]: [19:25:41][STATE] CONNECTING ---> DEVICE READY
[284634:internal-dpl-injected-dummy-sink]: [19:25:41][STATE] DEVICE READY ---> INITIALIZING TASK
[284634:internal-dpl-injected-dummy-sink]: [19:25:41][STATE] INITIALIZING TASK ---> READY
[284634:internal-dpl-injected-dummy-sink]: [19:25:41][STATE] READY ---> RUNNING
[284634:internal-dpl-injected-dummy-sink]: [19:25:41][INFO] fair::mq::Device running...
[284634:internal-dpl-injected-dummy-sink]: [19:25:41][INFO] LHCPeriod is not available, using current month AUG
[284634:internal-dpl-injected-dummy-sink]: [19:25:41][INFO] Correctly handshaken websocket connection.
[284632:muon-track-matcher]: [INFO] Instrumenting crash signals
[284632:muon-track-matcher]: [INFO] Spawing new device muon-track-matcher in process with pid 284632
[284632:muon-track-matcher]: [19:25:41][INFO] 
[284632:muon-track-matcher]:       ______      _    _______  _________ 
[284632:muon-track-matcher]:      / ____/___ _(_)_______   |/  /_  __ \    version 1.6.0
[284632:muon-track-matcher]:     / /_  / __ `/ / ___/__  /|_/ /_  / / /    build RELWITHDEBINFO
[284632:muon-track-matcher]:    / __/ / /_/ / / /    _  /  / / / /_/ /     https://github.com/FairRootGroup/FairMQ
[284632:muon-track-matcher]:   /_/    \__,_/_/_/     /_/  /_/  \___\_\     LGPL-3.0  © 2012-2023 GSI
[284632:muon-track-matcher]: 
[284632:muon-track-matcher]: [19:25:41][STATE] Starting FairMQ state machine --> IDLE
[284632:muon-track-matcher]: [19:25:41][STATE] IDLE ---> INITIALIZING DEVICE
[284632:muon-track-matcher]: [19:25:41][INFO] initializing track matching
[284632:muon-track-matcher]: [19:25:41][STATE] INITIALIZING DEVICE ---> INITIALIZED
[284632:muon-track-matcher]: [19:25:41][STATE] INITIALIZED ---> BINDING
[284632:muon-track-matcher]: [19:25:41][STATE] BINDING ---> BOUND
[284632:muon-track-matcher]: [19:25:41][STATE] BOUND ---> CONNECTING
[284632:muon-track-matcher]: [19:25:41][STATE] CONNECTING ---> DEVICE READY
[284632:muon-track-matcher]: [19:25:41][STATE] DEVICE READY ---> INITIALIZING TASK
[284632:muon-track-matcher]: [19:25:41][STATE] INITIALIZING TASK ---> READY
[284632:muon-track-matcher]: [19:25:41][STATE] READY ---> RUNNING
[284632:muon-track-matcher]: [19:25:41][INFO] fair::mq::Device running...
[284632:muon-track-matcher]: [19:25:41][INFO] LHCPeriod is not available, using current month AUG
[284632:muon-track-matcher]: [19:25:41][INFO] Correctly handshaken websocket connection.
[284631:mch-track-reader0]: [19:25:41][INFO] branch set up: trackrofs
[284631:mch-track-reader0]: [19:25:41][INFO] branch set up: tracks
[284631:mch-track-reader0]: [19:25:41][INFO] branch set up: trackclusters
[284631:mch-track-reader0]: [19:25:41][INFO] branch set up: tracklabels
[284631:mch-track-reader0]: [19:25:41][STATE] INITIALIZING DEVICE ---> INITIALIZED
[284631:mch-track-reader0]: [19:25:41][STATE] INITIALIZED ---> BINDING
[284631:mch-track-reader0]: [19:25:41][STATE] BINDING ---> BOUND
[284631:mch-track-reader0]: [19:25:41][STATE] BOUND ---> CONNECTING
[284631:mch-track-reader0]: [19:25:41][STATE] CONNECTING ---> DEVICE READY
[284631:mch-track-reader0]: [19:25:41][STATE] DEVICE READY ---> INITIALIZING TASK
[284631:mch-track-reader0]: [19:25:41][STATE] INITIALIZING TASK ---> READY
[284631:mch-track-reader0]: [19:25:41][STATE] READY ---> RUNNING
[284631:mch-track-reader0]: [19:25:41][INFO] fair::mq::Device running...
[284631:mch-track-reader0]: [19:25:41][INFO] LHCPeriod is not available, using current month AUG
[284631:mch-track-reader0]: [19:25:41][INFO] MCH 3 ROFS
[284631:mch-track-reader0]: [19:25:41][INFO] MCH 1 TRACKS
[284631:mch-track-reader0]: [19:25:41][INFO] MCH 11 CLUSTERS
[284631:mch-track-reader0]: [19:25:41][INFO] MCH 1 LABELS
[284630:mid-track-reader]: [19:25:41][INFO] branch set up: MIDTrack
[284630:mid-track-reader]: [19:25:41][INFO] branch set up: MIDTrackROF
[284630:mid-track-reader]: [19:25:41][INFO] branch set up: MIDTrackCluster
[284630:mid-track-reader]: [19:25:41][INFO] branch set up: MIDTrackClusterROF
[284630:mid-track-reader]: [19:25:41][INFO] branch set up: MIDTrackLabels
[284630:mid-track-reader]: [19:25:41][INFO] branch set up: MIDTrackClusterLabels
[284630:mid-track-reader]: [19:25:41][STATE] INITIALIZING DEVICE ---> INITIALIZED
[284630:mid-track-reader]: [19:25:41][STATE] INITIALIZED ---> BINDING
[284630:mid-track-reader]: [19:25:41][STATE] BINDING ---> BOUND
[284630:mid-track-reader]: [19:25:41][STATE] BOUND ---> CONNECTING
[284630:mid-track-reader]: [19:25:41][STATE] CONNECTING ---> DEVICE READY
[284630:mid-track-reader]: [19:25:41][STATE] DEVICE READY ---> INITIALIZING TASK
[284630:mid-track-reader]: [19:25:41][STATE] INITIALIZING TASK ---> READY
[284630:mid-track-reader]: [19:25:41][STATE] READY ---> RUNNING
[284630:mid-track-reader]: [19:25:41][INFO] fair::mq::Device running...
[284630:mid-track-reader]: [19:25:41][INFO] LHCPeriod is not available, using current month AUG
[284630:mid-track-reader]: [19:25:41][INFO] MID 1 TRACKS
[284630:mid-track-reader]: [19:25:41][INFO] MID 7 TRACKROFS
[284630:mid-track-reader]: [19:25:41][INFO] MID 17 TRACKCLUSTERS
[284630:mid-track-reader]: [19:25:41][INFO] MID 7 TRCLUSROFS
[284630:mid-track-reader]: [19:25:41][INFO] MID 1 TRACKLABELS
[284630:mid-track-reader]: [19:25:41][INFO] MID 17 TRCLUSLABELS
[284630:mid-track-reader]: [19:25:41][INFO] Correctly handshaken websocket connection.
[284630:mid-track-reader]: [19:25:41][INFO] Sending end-of-stream message to channel from_mid-track-reader_to_muon-track-matcher
[284630:mid-track-reader]: [19:25:41][INFO] Sending end-of-stream message to channel from_mid-track-reader_to_internal-dpl-injected-dummy-sink
[284631:mch-track-reader0]: [19:25:42][INFO] Correctly handshaken websocket connection.
[284631:mch-track-reader0]: [19:25:42][INFO] Sending end-of-stream message to channel from_mch-track-reader0_to_muon-track-matcher
[284631:mch-track-reader0]: [19:25:42][INFO] Sending end-of-stream message to channel from_mch-track-reader0_to_internal-dpl-injected-dummy-sink
[284633:muon-track-writer]: [19:25:42][INFO] 0: branch  tracks set up
[284633:muon-track-writer]: [19:25:42][INFO] 1: branch  tracklabels set up
[284633:muon-track-writer]: [19:25:42][STATE] INITIALIZING DEVICE ---> INITIALIZED
[284633:muon-track-writer]: [19:25:42][STATE] INITIALIZED ---> BINDING
[284633:muon-track-writer]: [19:25:42][STATE] BINDING ---> BOUND
[284633:muon-track-writer]: [19:25:42][STATE] BOUND ---> CONNECTING
[284633:muon-track-writer]: [19:25:42][STATE] CONNECTING ---> DEVICE READY
[284633:muon-track-writer]: [19:25:42][STATE] DEVICE READY ---> INITIALIZING TASK
[284633:muon-track-writer]: [19:25:42][STATE] INITIALIZING TASK ---> READY
[284633:muon-track-writer]: [19:25:42][STATE] READY ---> RUNNING
[284633:muon-track-writer]: [19:25:42][INFO] fair::mq::Device running...
[284633:muon-track-writer]: [19:25:42][INFO] LHCPeriod is not available, using current month AUG
[284633:muon-track-writer]: [19:25:42][INFO] Correctly handshaken websocket connection.
[284632:muon-track-matcher]: [19:25:42][INFO] Sending end-of-stream message to channel from_muon-track-matcher_to_muon-track-writer
[284633:muon-track-writer]: [19:25:42][ERROR] Some Lifetime::Timeframe data got dropped starting at 1
[INFO] Quitting
[INFO] QUIT_REQUESTED
[284629:internal-dpl-clock]: [19:25:42][INFO] Received device shutdown request (signal 15).
[284629:internal-dpl-clock]: [19:25:42][INFO] Waiting for graceful device shutdown. Hit Ctrl-C again to abort immediately.
[284629:internal-dpl-clock]: [19:25:42][INFO] New state requested. No timeout set, quitting immediately as per --completion-policy
[284629:internal-dpl-clock]: [19:25:42][STATE] RUNNING ---> READY
[284630:mid-track-reader]: [19:25:42][INFO] Received device shutdown request (signal 15).
[284630:mid-track-reader]: [19:25:42][INFO] Waiting for graceful device shutdown. Hit Ctrl-C again to abort immediately.
[284631:mch-track-reader0]: [19:25:42][INFO] Received device shutdown request (signal 15).
[284631:mch-track-reader0]: [19:25:42][INFO] Waiting for graceful device shutdown. Hit Ctrl-C again to abort immediately.
[284631:mch-track-reader0]: [19:25:42][INFO] New state requested. No timeout set, quitting immediately as per --completion-policy
[284633:muon-track-writer]: [19:25:42][INFO] Received device shutdown request (signal 15).
[284633:muon-track-writer]: [19:25:42][INFO] Waiting for graceful device shutdown. Hit Ctrl-C again to abort immediately.
[284634:internal-dpl-injected-dummy-sink]: [19:25:42][INFO] Received device shutdown request (signal 15).
[284634:internal-dpl-injected-dummy-sink]: [19:25:42][INFO] Waiting for graceful device shutdown. Hit Ctrl-C again to abort immediately.
[284634:internal-dpl-injected-dummy-sink]: [19:25:42][INFO] New state requested. No timeout set, quitting immediately as per --completion-policy
[284634:internal-dpl-injected-dummy-sink]: [19:25:42][STATE] RUNNING ---> READY
[284631:mch-track-reader0]: [19:25:42][STATE] RUNNING ---> READY
[284629:internal-dpl-clock]: [19:25:42][STATE] READY ---> RESETTING TASK
[284629:internal-dpl-clock]: [19:25:42][STATE] RESETTING TASK ---> DEVICE READY
[284629:internal-dpl-clock]: [19:25:42][STATE] DEVICE READY ---> RESETTING DEVICE
[284630:mid-track-reader]: [19:25:42][INFO] New state requested. No timeout set, quitting immediately as per --completion-policy
[284630:mid-track-reader]: [19:25:42][STATE] RUNNING ---> READY
[284631:mch-track-reader0]: [19:25:42][STATE] READY ---> RESETTING TASK
[284631:mch-track-reader0]: [19:25:42][STATE] RESETTING TASK ---> DEVICE READY
[284633:muon-track-writer]: [19:25:42][INFO] New state requested. No timeout set, quitting immediately as per --completion-policy
[284634:internal-dpl-injected-dummy-sink]: [19:25:42][STATE] READY ---> RESETTING TASK
[284634:internal-dpl-injected-dummy-sink]: [19:25:42][STATE] RESETTING TASK ---> DEVICE READY
[284634:internal-dpl-injected-dummy-sink]: [19:25:42][STATE] DEVICE READY ---> RESETTING DEVICE
[284631:mch-track-reader0]: [19:25:42][STATE] DEVICE READY ---> RESETTING DEVICE
[284630:mid-track-reader]: [19:25:42][STATE] READY ---> RESETTING TASK
[284630:mid-track-reader]: [19:25:42][STATE] RESETTING TASK ---> DEVICE READY
[284630:mid-track-reader]: [19:25:42][STATE] DEVICE READY ---> RESETTING DEVICE
[284631:mch-track-reader0]: [19:25:42][STATE] RESETTING DEVICE ---> IDLE
[284631:mch-track-reader0]: [19:25:42][STATE] IDLE ---> EXITING
[284629:internal-dpl-clock]: [19:25:42][STATE] RESETTING DEVICE ---> IDLE
[284629:internal-dpl-clock]: [19:25:42][STATE] IDLE ---> EXITING
[284629:internal-dpl-clock]: [19:25:42][STATE] Exiting FairMQ state machine
[284630:mid-track-reader]: [19:25:42][STATE] RESETTING DEVICE ---> IDLE
[284630:mid-track-reader]: [19:25:42][STATE] IDLE ---> EXITING
[284630:mid-track-reader]: [19:25:42][STATE] Exiting FairMQ state machine
[284631:mch-track-reader0]: [19:25:42][STATE] Exiting FairMQ state machine
[284634:internal-dpl-injected-dummy-sink]: [19:25:42][STATE] RESETTING DEVICE ---> IDLE
[284634:internal-dpl-injected-dummy-sink]: [19:25:42][STATE] IDLE ---> EXITING
[284634:internal-dpl-injected-dummy-sink]: [19:25:42][STATE] Exiting FairMQ state machine
[284632:muon-track-matcher]: [19:25:43][INFO] Received device shutdown request (signal 15).
[284632:muon-track-matcher]: [19:25:43][INFO] Waiting for graceful device shutdown. Hit Ctrl-C again to abort immediately.
[284632:muon-track-matcher]: [19:25:43][INFO] New state requested. No timeout set, quitting immediately as per --completion-policy
[284632:muon-track-matcher]: [19:25:43][INFO] track matching duration = 1.8984e-05 s
[284632:muon-track-matcher]: [19:25:43][STATE] RUNNING ---> READY
[284632:muon-track-matcher]: [19:25:43][STATE] READY ---> RESETTING TASK
[284632:muon-track-matcher]: [19:25:43][STATE] RESETTING TASK ---> DEVICE READY
[284632:muon-track-matcher]: [19:25:43][STATE] DEVICE READY ---> RESETTING DEVICE
[284632:muon-track-matcher]: [19:25:43][STATE] RESETTING DEVICE ---> IDLE
[284632:muon-track-matcher]: [19:25:43][STATE] IDLE ---> EXITING
[284632:muon-track-matcher]: [19:25:43][STATE] Exiting FairMQ state machine
[284633:muon-track-writer]: [19:25:43][STATE] RUNNING ---> READY
[284633:muon-track-writer]: [19:25:43][STATE] READY ---> RESETTING TASK
[284633:muon-track-writer]: [19:25:43][STATE] RESETTING TASK ---> DEVICE READY
[284633:muon-track-writer]: [19:25:43][STATE] DEVICE READY ---> RESETTING DEVICE
[284633:muon-track-writer]: [19:25:43][INFO] Cleaning up for shared memory id '0a21b6b0'...
[284633:muon-track-writer]: [19:25:43][INFO] Found 0 unmanaged regions...
[284633:muon-track-writer]: [19:25:43][INFO] Found 1 managed segments...
[284633:muon-track-writer]: [19:25:43][INFO] Successfully removed 'fmq_0a21b6b0_m_0'.
[284633:muon-track-writer]: [19:25:43][INFO] Successfully removed 'fmq_0a21b6b0_mng'.
[284633:muon-track-writer]: [19:25:43][STATE] RESETTING DEVICE ---> IDLE
[284633:muon-track-writer]: [19:25:43][STATE] IDLE ---> EXITING
[284633:muon-track-writer]: [19:25:43][STATE] Exiting FairMQ state machine
[INFO] ## Processes completed. Run summary:
[INFO] ### Devices started: 6
[INFO]  - Device internal-dpl-clock: pid 284629 (exit 0)
[INFO]  - Device mid-track-reader: pid 284630 (exit 0)
[INFO]  - Device mch-track-reader0: pid 284631 (exit 0)
[INFO]  - Device muon-track-matcher: pid 284632 (exit 0)
[INFO]  - Device muon-track-writer: pid 284633 (exit 0)
[INFO]  - Device internal-dpl-injected-dummy-sink: pid 284634 (exit 0)
[INFO] Dumping used configuration in dpl-config.json
TASK-EXIT-CODE: 0
