Running: TIME="#walltime %e" /usr/bin/time --output=mchreco.log_time ./mchreco.log_tmp.sh
[INFO] Initialising O2 Data Processing Layer. Driver PID: 280229.
[INFO] Driver listening on port: 18309
[INFO] Rate limiting set up at 500MB distributed over 1 readers
[INFO] O2 Data Processing Layer initialised. We brake for nobody.
[INFO] Optimised build. O2DEBUG / LOG(debug) / LOGF(debug) / assert statement will not be shown.
[INFO] Redeployment of configuration asked.
[INFO] Starting internal-dpl-clock on pid 280261
[INFO] Starting mch-digit-reader on pid 280262
[INFO] Starting internal-dpl-ccdb-backend on pid 280263
[INFO] Starting mch-digit-filtering on pid 280264
[INFO] Starting mch-time-cluster-finder on pid 280265
[INFO] Starting mch-precluster-finder on pid 280266
[INFO] Starting mch-cluster-finder on pid 280267
[INFO] Starting mch-cluster-transformer on pid 280268
[INFO] Starting mch-track-finder on pid 280269
[INFO] Starting mch-error-merger on pid 280270
[INFO] Starting mch-track-mc-label-finder on pid 280271
[INFO] Starting mch-error-writer on pid 280272
[INFO] Starting mch-track-writer on pid 280273
[INFO] Starting internal-dpl-injected-dummy-sink on pid 280274
[INFO] Redeployment of configuration done.
[280266:mch-precluster-finder]: [INFO] Instrumenting crash signals
[280266:mch-precluster-finder]: [INFO] Spawing new device mch-precluster-finder in process with pid 280266
[280266:mch-precluster-finder]: [19:24:39][INFO] 
[280266:mch-precluster-finder]:       ______      _    _______  _________ 
[280266:mch-precluster-finder]:      / ____/___ _(_)_______   |/  /_  __ \    version 1.6.0
[280266:mch-precluster-finder]:     / /_  / __ `/ / ___/__  /|_/ /_  / / /    build RELWITHDEBINFO
[280266:mch-precluster-finder]:    / __/ / /_/ / / /    _  /  / / / /_/ /     https://github.com/FairRootGroup/FairMQ
[280266:mch-precluster-finder]:   /_/    \__,_/_/_/     /_/  /_/  \___\_\     LGPL-3.0  © 2012-2023 GSI
[280266:mch-precluster-finder]: 
[280266:mch-precluster-finder]: [19:24:39][STATE] Starting FairMQ state machine --> IDLE
[280262:mch-digit-reader]: [INFO] Instrumenting crash signals
[280261:internal-dpl-clock]: [INFO] Instrumenting crash signals
[280261:internal-dpl-clock]: [INFO] Spawing new device internal-dpl-clock in process with pid 280261
[280261:internal-dpl-clock]: [19:24:39][INFO] 
[280261:internal-dpl-clock]:       ______      _    _______  _________ 
[280261:internal-dpl-clock]:      / ____/___ _(_)_______   |/  /_  __ \    version 1.6.0
[280261:internal-dpl-clock]:     / /_  / __ `/ / ___/__  /|_/ /_  / / /    build RELWITHDEBINFO
[280261:internal-dpl-clock]:    / __/ / /_/ / / /    _  /  / / / /_/ /     https://github.com/FairRootGroup/FairMQ
[280261:internal-dpl-clock]:   /_/    \__,_/_/_/     /_/  /_/  \___\_\     LGPL-3.0  © 2012-2023 GSI
[280261:internal-dpl-clock]: 
[280261:internal-dpl-clock]: [19:24:39][STATE] Starting FairMQ state machine --> IDLE
[280262:mch-digit-reader]: [INFO] Spawing new device mch-digit-reader in process with pid 280262
[280262:mch-digit-reader]: [19:24:39][INFO] 
[280262:mch-digit-reader]:       ______      _    _______  _________ 
[280262:mch-digit-reader]:      / ____/___ _(_)_______   |/  /_  __ \    version 1.6.0
[280262:mch-digit-reader]:     / /_  / __ `/ / ___/__  /|_/ /_  / / /    build RELWITHDEBINFO
[280262:mch-digit-reader]:    / __/ / /_/ / / /    _  /  / / / /_/ /     https://github.com/FairRootGroup/FairMQ
[280262:mch-digit-reader]:   /_/    \__,_/_/_/     /_/  /_/  \___\_\     LGPL-3.0  © 2012-2023 GSI
[280262:mch-digit-reader]: 
[280262:mch-digit-reader]: [19:24:39][STATE] Starting FairMQ state machine --> IDLE
[280272:mch-error-writer]: [INFO] Instrumenting crash signals
[280272:mch-error-writer]: [INFO] Spawing new device mch-error-writer in process with pid 280272
[280272:mch-error-writer]: [19:24:39][INFO] 
[280272:mch-error-writer]:       ______      _    _______  _________ 
[280272:mch-error-writer]:      / ____/___ _(_)_______   |/  /_  __ \    version 1.6.0
[280272:mch-error-writer]:     / /_  / __ `/ / ___/__  /|_/ /_  / / /    build RELWITHDEBINFO
[280272:mch-error-writer]:    / __/ / /_/ / / /    _  /  / / / /_/ /     https://github.com/FairRootGroup/FairMQ
[280272:mch-error-writer]:   /_/    \__,_/_/_/     /_/  /_/  \___\_\     LGPL-3.0  © 2012-2023 GSI
[280272:mch-error-writer]: 
[280272:mch-error-writer]: [19:24:39][STATE] Starting FairMQ state machine --> IDLE
[280263:internal-dpl-ccdb-backend]: [INFO] Instrumenting crash signals
[280263:internal-dpl-ccdb-backend]: [INFO] Spawing new device internal-dpl-ccdb-backend in process with pid 280263
[280263:internal-dpl-ccdb-backend]: [19:24:39][INFO] 
[280263:internal-dpl-ccdb-backend]:       ______      _    _______  _________ 
[280263:internal-dpl-ccdb-backend]:      / ____/___ _(_)_______   |/  /_  __ \    version 1.6.0
[280263:internal-dpl-ccdb-backend]:     / /_  / __ `/ / ___/__  /|_/ /_  / / /    build RELWITHDEBINFO
[280263:internal-dpl-ccdb-backend]:    / __/ / /_/ / / /    _  /  / / / /_/ /     https://github.com/FairRootGroup/FairMQ
[280263:internal-dpl-ccdb-backend]:   /_/    \__,_/_/_/     /_/  /_/  \___\_\     LGPL-3.0  © 2012-2023 GSI
[280263:internal-dpl-ccdb-backend]: 
[280263:internal-dpl-ccdb-backend]: [19:24:39][STATE] Starting FairMQ state machine --> IDLE
[280264:mch-digit-filtering]: [INFO] Instrumenting crash signals
[280265:mch-time-cluster-finder]: [INFO] Instrumenting crash signals
[280265:mch-time-cluster-finder]: [INFO] Spawing new device mch-time-cluster-finder in process with pid 280265
[280265:mch-time-cluster-finder]: [19:24:39][INFO] 
[280265:mch-time-cluster-finder]:       ______      _    _______  _________ 
[280265:mch-time-cluster-finder]:      / ____/___ _(_)_______   |/  /_  __ \    version 1.6.0
[280265:mch-time-cluster-finder]:     / /_  / __ `/ / ___/__  /|_/ /_  / / /    build RELWITHDEBINFO
[280265:mch-time-cluster-finder]:    / __/ / /_/ / / /    _  /  / / / /_/ /     https://github.com/FairRootGroup/FairMQ
[280265:mch-time-cluster-finder]:   /_/    \__,_/_/_/     /_/  /_/  \___\_\     LGPL-3.0  © 2012-2023 GSI
[280265:mch-time-cluster-finder]: 
[280265:mch-time-cluster-finder]: [19:24:39][STATE] Starting FairMQ state machine --> IDLE
[280266:mch-precluster-finder]: [19:24:39][STATE] IDLE ---> INITIALIZING DEVICE
[280266:mch-precluster-finder]: [19:24:39][INFO] initializing preclusterizer
[280273:mch-track-writer]: [INFO] Instrumenting crash signals
[280268:mch-cluster-transformer]: [INFO] Instrumenting crash signals
[280268:mch-cluster-transformer]: [INFO] Spawing new device mch-cluster-transformer in process with pid 280268
[280268:mch-cluster-transformer]: [19:24:39][INFO] 
[280268:mch-cluster-transformer]:       ______      _    _______  _________ 
[280268:mch-cluster-transformer]:      / ____/___ _(_)_______   |/  /_  __ \    version 1.6.0
[280268:mch-cluster-transformer]:     / /_  / __ `/ / ___/__  /|_/ /_  / / /    build RELWITHDEBINFO
[280268:mch-cluster-transformer]:    / __/ / /_/ / / /    _  /  / / / /_/ /     https://github.com/FairRootGroup/FairMQ
[280268:mch-cluster-transformer]:   /_/    \__,_/_/_/     /_/  /_/  \___\_\     LGPL-3.0  © 2012-2023 GSI
[280268:mch-cluster-transformer]: 
[280268:mch-cluster-transformer]: [19:24:39][STATE] Starting FairMQ state machine --> IDLE
[280269:mch-track-finder]: [INFO] Instrumenting crash signals
[280269:mch-track-finder]: [INFO] Spawing new device mch-track-finder in process with pid 280269
[280269:mch-track-finder]: [19:24:39][INFO] 
[280269:mch-track-finder]:       ______      _    _______  _________ 
[280269:mch-track-finder]:      / ____/___ _(_)_______   |/  /_  __ \    version 1.6.0
[280269:mch-track-finder]:     / /_  / __ `/ / ___/__  /|_/ /_  / / /    build RELWITHDEBINFO
[280269:mch-track-finder]:    / __/ / /_/ / / /    _  /  / / / /_/ /     https://github.com/FairRootGroup/FairMQ
[280269:mch-track-finder]:   /_/    \__,_/_/_/     /_/  /_/  \___\_\     LGPL-3.0  © 2012-2023 GSI
[280269:mch-track-finder]: 
[280269:mch-track-finder]: [19:24:39][STATE] Starting FairMQ state machine --> IDLE
[280271:mch-track-mc-label-finder]: [INFO] Instrumenting crash signals
[280271:mch-track-mc-label-finder]: [INFO] Spawing new device mch-track-mc-label-finder in process with pid 280271
[280271:mch-track-mc-label-finder]: [19:24:39][INFO] 
[280271:mch-track-mc-label-finder]:       ______      _    _______  _________ 
[280271:mch-track-mc-label-finder]:      / ____/___ _(_)_______   |/  /_  __ \    version 1.6.0
[280271:mch-track-mc-label-finder]:     / /_  / __ `/ / ___/__  /|_/ /_  / / /    build RELWITHDEBINFO
[280271:mch-track-mc-label-finder]:    / __/ / /_/ / / /    _  /  / / / /_/ /     https://github.com/FairRootGroup/FairMQ
[280271:mch-track-mc-label-finder]:   /_/    \__,_/_/_/     /_/  /_/  \___\_\     LGPL-3.0  © 2012-2023 GSI
[280271:mch-track-mc-label-finder]: 
[280271:mch-track-mc-label-finder]: [19:24:39][STATE] Starting FairMQ state machine --> IDLE
[280272:mch-error-writer]: [19:24:39][STATE] IDLE ---> INITIALIZING DEVICE
[280274:internal-dpl-injected-dummy-sink]: [INFO] Instrumenting crash signals
[280274:internal-dpl-injected-dummy-sink]: [INFO] Spawing new device internal-dpl-injected-dummy-sink in process with pid 280274
[280274:internal-dpl-injected-dummy-sink]: [19:24:39][INFO] 
[280274:internal-dpl-injected-dummy-sink]:       ______      _    _______  _________ 
[280274:internal-dpl-injected-dummy-sink]:      / ____/___ _(_)_______   |/  /_  __ \    version 1.6.0
[280274:internal-dpl-injected-dummy-sink]:     / /_  / __ `/ / ___/__  /|_/ /_  / / /    build RELWITHDEBINFO
[280274:internal-dpl-injected-dummy-sink]:    / __/ / /_/ / / /    _  /  / / / /_/ /     https://github.com/FairRootGroup/FairMQ
[280274:internal-dpl-injected-dummy-sink]:   /_/    \__,_/_/_/     /_/  /_/  \___\_\     LGPL-3.0  © 2012-2023 GSI
[280274:internal-dpl-injected-dummy-sink]: 
[280274:internal-dpl-injected-dummy-sink]: [19:24:39][STATE] Starting FairMQ state machine --> IDLE
[280273:mch-track-writer]: [INFO] Spawing new device mch-track-writer in process with pid 280273
[280273:mch-track-writer]: [19:24:39][INFO] 
[280273:mch-track-writer]:       ______      _    _______  _________ 
[280273:mch-track-writer]:      / ____/___ _(_)_______   |/  /_  __ \    version 1.6.0
[280273:mch-track-writer]:     / /_  / __ `/ / ___/__  /|_/ /_  / / /    build RELWITHDEBINFO
[280273:mch-track-writer]:    / __/ / /_/ / / /    _  /  / / / /_/ /     https://github.com/FairRootGroup/FairMQ
[280273:mch-track-writer]:   /_/    \__,_/_/_/     /_/  /_/  \___\_\     LGPL-3.0  © 2012-2023 GSI
[280273:mch-track-writer]: 
[280273:mch-track-writer]: [19:24:39][STATE] Starting FairMQ state machine --> IDLE
[280270:mch-error-merger]: [INFO] Instrumenting crash signals
[280267:mch-cluster-finder]: [INFO] Instrumenting crash signals
[280264:mch-digit-filtering]: [INFO] Spawing new device mch-digit-filtering in process with pid 280264
[280264:mch-digit-filtering]: [19:24:39][INFO] 
[280264:mch-digit-filtering]:       ______      _    _______  _________ 
[280264:mch-digit-filtering]:      / ____/___ _(_)_______   |/  /_  __ \    version 1.6.0
[280264:mch-digit-filtering]:     / /_  / __ `/ / ___/__  /|_/ /_  / / /    build RELWITHDEBINFO
[280264:mch-digit-filtering]:    / __/ / /_/ / / /    _  /  / / / /_/ /     https://github.com/FairRootGroup/FairMQ
[280264:mch-digit-filtering]:   /_/    \__,_/_/_/     /_/  /_/  \___\_\     LGPL-3.0  © 2012-2023 GSI
[280264:mch-digit-filtering]: 
[280262:mch-digit-reader]: [19:24:39][STATE] IDLE ---> INITIALIZING DEVICE
[280261:internal-dpl-clock]: [19:24:39][STATE] IDLE ---> INITIALIZING DEVICE
[280267:mch-cluster-finder]: [INFO] Spawing new device mch-cluster-finder in process with pid 280267
[280267:mch-cluster-finder]: [19:24:39][INFO] 
[280267:mch-cluster-finder]:       ______      _    _______  _________ 
[280267:mch-cluster-finder]:      / ____/___ _(_)_______   |/  /_  __ \    version 1.6.0
[280267:mch-cluster-finder]:     / /_  / __ `/ / ___/__  /|_/ /_  / / /    build RELWITHDEBINFO
[280267:mch-cluster-finder]:    / __/ / /_/ / / /    _  /  / / / /_/ /     https://github.com/FairRootGroup/FairMQ
[280267:mch-cluster-finder]:   /_/    \__,_/_/_/     /_/  /_/  \___\_\     LGPL-3.0  © 2012-2023 GSI
[280267:mch-cluster-finder]: 
[280267:mch-cluster-finder]: [19:24:39][STATE] Starting FairMQ state machine --> IDLE
[280261:internal-dpl-clock]: [19:24:39][STATE] INITIALIZING DEVICE ---> INITIALIZED
[280261:internal-dpl-clock]: [19:24:39][STATE] INITIALIZED ---> BINDING
[280273:mch-track-writer]: [19:24:39][STATE] IDLE ---> INITIALIZING DEVICE
[280261:internal-dpl-clock]: [19:24:39][STATE] BINDING ---> BOUND
[280261:internal-dpl-clock]: [19:24:39][STATE] BOUND ---> CONNECTING
[280261:internal-dpl-clock]: [19:24:39][STATE] CONNECTING ---> DEVICE READY
[280261:internal-dpl-clock]: [19:24:39][STATE] DEVICE READY ---> INITIALIZING TASK
[280261:internal-dpl-clock]: [19:24:39][STATE] INITIALIZING TASK ---> READY
[280261:internal-dpl-clock]: [19:24:39][STATE] READY ---> RUNNING
[280261:internal-dpl-clock]: [19:24:39][INFO] fair::mq::Device running...
[280261:internal-dpl-clock]: [19:24:39][INFO] LHCPeriod is not available, using current month AUG
[280269:mch-track-finder]: [19:24:39][STATE] IDLE ---> INITIALIZING DEVICE
[280261:internal-dpl-clock]: [19:24:39][INFO] Correctly handshaken websocket connection.
[280264:mch-digit-filtering]: [19:24:39][STATE] Starting FairMQ state machine --> IDLE
[280269:mch-track-finder]: [19:24:39][INFO] initializing track finder
[280269:mch-track-finder]: [19:24:39][STATE] INITIALIZING DEVICE ---> INITIALIZED
[280265:mch-time-cluster-finder]: [19:24:39][STATE] IDLE ---> INITIALIZING DEVICE
[280270:mch-error-merger]: [INFO] Spawing new device mch-error-merger in process with pid 280270
[280270:mch-error-merger]: [19:24:39][INFO] 
[280270:mch-error-merger]:       ______      _    _______  _________ 
[280270:mch-error-merger]:      / ____/___ _(_)_______   |/  /_  __ \    version 1.6.0
[280270:mch-error-merger]:     / /_  / __ `/ / ___/__  /|_/ /_  / / /    build RELWITHDEBINFO
[280270:mch-error-merger]:    / __/ / /_/ / / /    _  /  / / / /_/ /     https://github.com/FairRootGroup/FairMQ
[280270:mch-error-merger]:   /_/    \__,_/_/_/     /_/  /_/  \___\_\     LGPL-3.0  © 2012-2023 GSI
[280270:mch-error-merger]: 
[280270:mch-error-merger]: [19:24:39][STATE] Starting FairMQ state machine --> IDLE
[280273:mch-track-writer]: [19:24:39][INFO] 0: branch  tracks set up
[280273:mch-track-writer]: [19:24:39][INFO] 1: branch  trackrofs set up
[280273:mch-track-writer]: [19:24:39][INFO] 2: branch  trackclusters set up
[280273:mch-track-writer]: [19:24:39][INFO] 4: branch  tracklabels set up
[280273:mch-track-writer]: [19:24:39][STATE] INITIALIZING DEVICE ---> INITIALIZED
[280273:mch-track-writer]: [19:24:39][STATE] INITIALIZED ---> BINDING
[280273:mch-track-writer]: [19:24:39][STATE] BINDING ---> BOUND
[280273:mch-track-writer]: [19:24:39][STATE] BOUND ---> CONNECTING
[280271:mch-track-mc-label-finder]: [19:24:39][STATE] IDLE ---> INITIALIZING DEVICE
[280268:mch-cluster-transformer]: [19:24:39][STATE] IDLE ---> INITIALIZING DEVICE
[280271:mch-track-mc-label-finder]: [19:24:39][INFO] initializing track MC label finder
[280267:mch-cluster-finder]: [19:24:39][STATE] IDLE ---> INITIALIZING DEVICE
[280273:mch-track-writer]: [19:24:39][STATE] CONNECTING ---> DEVICE READY
[280273:mch-track-writer]: [19:24:39][STATE] DEVICE READY ---> INITIALIZING TASK
[280267:mch-cluster-finder]: [19:24:39][INFO] initializing cluster finder
[280273:mch-track-writer]: [19:24:39][STATE] INITIALIZING TASK ---> READY
[280273:mch-track-writer]: [19:24:39][STATE] READY ---> RUNNING
[280273:mch-track-writer]: [19:24:39][INFO] fair::mq::Device running...
[280273:mch-track-writer]: [19:24:39][INFO] LHCPeriod is not available, using current month AUG
[280273:mch-track-writer]: [19:24:39][INFO] Correctly handshaken websocket connection.
[280269:mch-track-finder]: [19:24:39][STATE] INITIALIZED ---> BINDING
[280269:mch-track-finder]: [19:24:39][STATE] BINDING ---> BOUND
[280269:mch-track-finder]: [19:24:39][STATE] BOUND ---> CONNECTING
[280269:mch-track-finder]: [19:24:39][STATE] CONNECTING ---> DEVICE READY
[280269:mch-track-finder]: [19:24:39][STATE] DEVICE READY ---> INITIALIZING TASK
[280265:mch-time-cluster-finder]: [19:24:39][INFO] TimeClusterWidth      : 40
[280265:mch-time-cluster-finder]: [19:24:39][INFO] BinsInOneWindow       : 5 
[280265:mch-time-cluster-finder]: [19:24:39][INFO] MinDigitPerROF        : 0
[280265:mch-time-cluster-finder]: [19:24:39][INFO] OnlyTrackable         : true
[280265:mch-time-cluster-finder]: [19:24:39][INFO] PeakSearchSignalOnly  : true
[280265:mch-time-cluster-finder]: [19:24:39][INFO] IRFramesOnly          : false
[280265:mch-time-cluster-finder]: [19:24:39][INFO] ROFRejectionFraction  : 0
[280265:mch-time-cluster-finder]: [19:24:39][STATE] INITIALIZING DEVICE ---> INITIALIZED
[280272:mch-error-writer]: [19:24:39][INFO] 0: branch  errors set up
[280272:mch-error-writer]: [19:24:39][STATE] INITIALIZING DEVICE ---> INITIALIZED
[280268:mch-cluster-transformer]: [19:24:39][STATE] INITIALIZING DEVICE ---> INITIALIZED
[280270:mch-error-merger]: [19:24:39][STATE] IDLE ---> INITIALIZING DEVICE
[280263:internal-dpl-ccdb-backend]: [19:24:39][STATE] IDLE ---> INITIALIZING DEVICE
[280268:mch-cluster-transformer]: [19:24:39][STATE] INITIALIZED ---> BINDING
[280272:mch-error-writer]: [19:24:39][STATE] INITIALIZED ---> BINDING
[280272:mch-error-writer]: [19:24:39][STATE] BINDING ---> BOUND
[280272:mch-error-writer]: [19:24:39][STATE] BOUND ---> CONNECTING
[280268:mch-cluster-transformer]: [19:24:39][STATE] BINDING ---> BOUND
[280272:mch-error-writer]: [19:24:39][STATE] CONNECTING ---> DEVICE READY
[280264:mch-digit-filtering]: [19:24:39][STATE] IDLE ---> INITIALIZING DEVICE
[280265:mch-time-cluster-finder]: [19:24:39][STATE] INITIALIZED ---> BINDING
[280265:mch-time-cluster-finder]: [19:24:39][STATE] BINDING ---> BOUND
[280268:mch-cluster-transformer]: [19:24:39][STATE] BOUND ---> CONNECTING
[280268:mch-cluster-transformer]: [19:24:39][STATE] CONNECTING ---> DEVICE READY
[280268:mch-cluster-transformer]: [19:24:39][STATE] DEVICE READY ---> INITIALIZING TASK
[280270:mch-error-merger]: [19:24:39][STATE] INITIALIZING DEVICE ---> INITIALIZED
[280272:mch-error-writer]: [19:24:39][STATE] DEVICE READY ---> INITIALIZING TASK
[280272:mch-error-writer]: [19:24:39][STATE] INITIALIZING TASK ---> READY
[280274:internal-dpl-injected-dummy-sink]: [19:24:39][STATE] IDLE ---> INITIALIZING DEVICE
[280263:internal-dpl-ccdb-backend]: [19:24:39][INFO] CCDB Backend at: http://alice-ccdb.cern.ch, validity check for every 2147483647 TF
[280263:internal-dpl-ccdb-backend]: [19:24:39][INFO] Init CcdApi with UserAgentID: localhost.localdomain-1692725079-bFdFLb, Host: http://alice-ccdb.cern.ch
[280263:internal-dpl-ccdb-backend]: [19:24:39][INFO] Initialised default CCDB host http://alice-ccdb.cern.ch
[280263:internal-dpl-ccdb-backend]: [19:24:39][INFO] The following route is a condition GLO/GEOMALIGN/0
[280263:internal-dpl-ccdb-backend]: [19:24:39][INFO] - ccdb-path: GLO/Config/GeometryAligned
[280263:internal-dpl-ccdb-backend]: [19:24:39][INFO] The following route is a condition GLO/GRPMAGFIELD/0
[280263:internal-dpl-ccdb-backend]: [19:24:39][INFO] - ccdb-path: GLO/Config/GRPMagField
[280265:mch-time-cluster-finder]: [19:24:39][STATE] BOUND ---> CONNECTING
[280265:mch-time-cluster-finder]: [19:24:39][STATE] CONNECTING ---> DEVICE READY
[280264:mch-digit-filtering]: [19:24:39][STATE] INITIALIZING DEVICE ---> INITIALIZED
[280274:internal-dpl-injected-dummy-sink]: [19:24:39][STATE] INITIALIZING DEVICE ---> INITIALIZED
[280265:mch-time-cluster-finder]: [19:24:39][STATE] DEVICE READY ---> INITIALIZING TASK
[280272:mch-error-writer]: [19:24:39][STATE] READY ---> RUNNING
[280272:mch-error-writer]: [19:24:39][INFO] fair::mq::Device running...
[280272:mch-error-writer]: [19:24:39][INFO] LHCPeriod is not available, using current month AUG
[280272:mch-error-writer]: [19:24:39][INFO] Correctly handshaken websocket connection.
[280265:mch-time-cluster-finder]: [19:24:39][STATE] INITIALIZING TASK ---> READY
[280264:mch-digit-filtering]: [19:24:39][STATE] INITIALIZED ---> BINDING
[280264:mch-digit-filtering]: [19:24:39][STATE] BINDING ---> BOUND
[280265:mch-time-cluster-finder]: [19:24:39][STATE] READY ---> RUNNING
[280265:mch-time-cluster-finder]: [19:24:39][INFO] fair::mq::Device running...
[280265:mch-time-cluster-finder]: [19:24:39][INFO] LHCPeriod is not available, using current month AUG
[280270:mch-error-merger]: [19:24:39][STATE] INITIALIZED ---> BINDING
[280270:mch-error-merger]: [19:24:39][STATE] BINDING ---> BOUND
[280274:internal-dpl-injected-dummy-sink]: [19:24:39][STATE] INITIALIZED ---> BINDING
[280274:internal-dpl-injected-dummy-sink]: [19:24:39][STATE] BINDING ---> BOUND
[280265:mch-time-cluster-finder]: [19:24:39][INFO] Correctly handshaken websocket connection.
[280270:mch-error-merger]: [19:24:39][STATE] BOUND ---> CONNECTING
[280270:mch-error-merger]: [19:24:39][STATE] CONNECTING ---> DEVICE READY
[280270:mch-error-merger]: [19:24:39][STATE] DEVICE READY ---> INITIALIZING TASK
[280268:mch-cluster-transformer]: [19:24:39][STATE] INITIALIZING TASK ---> READY
[280268:mch-cluster-transformer]: [19:24:39][STATE] READY ---> RUNNING
[280268:mch-cluster-transformer]: [19:24:39][INFO] fair::mq::Device running...
[280268:mch-cluster-transformer]: [19:24:39][INFO] LHCPeriod is not available, using current month AUG
[280264:mch-digit-filtering]: [19:24:39][STATE] BOUND ---> CONNECTING
[280263:internal-dpl-ccdb-backend]: [19:24:39][STATE] INITIALIZING DEVICE ---> INITIALIZED
[280264:mch-digit-filtering]: [19:24:39][STATE] CONNECTING ---> DEVICE READY
[280274:internal-dpl-injected-dummy-sink]: [19:24:39][STATE] BOUND ---> CONNECTING
[280263:internal-dpl-ccdb-backend]: [19:24:39][STATE] INITIALIZED ---> BINDING
[280268:mch-cluster-transformer]: [19:24:39][INFO] Correctly handshaken websocket connection.
[280263:internal-dpl-ccdb-backend]: [19:24:39][STATE] BINDING ---> BOUND
[280264:mch-digit-filtering]: [19:24:39][STATE] DEVICE READY ---> INITIALIZING TASK
[280274:internal-dpl-injected-dummy-sink]: [19:24:39][STATE] CONNECTING ---> DEVICE READY
[280274:internal-dpl-injected-dummy-sink]: [19:24:39][STATE] DEVICE READY ---> INITIALIZING TASK
[280274:internal-dpl-injected-dummy-sink]: [19:24:39][STATE] INITIALIZING TASK ---> READY
[280274:internal-dpl-injected-dummy-sink]: [19:24:39][STATE] READY ---> RUNNING
[280274:internal-dpl-injected-dummy-sink]: [19:24:39][INFO] fair::mq::Device running...
[280274:internal-dpl-injected-dummy-sink]: [19:24:39][INFO] LHCPeriod is not available, using current month AUG
[280274:internal-dpl-injected-dummy-sink]: [19:24:39][INFO] Correctly handshaken websocket connection.
[280263:internal-dpl-ccdb-backend]: [19:24:39][STATE] BOUND ---> CONNECTING
[280263:internal-dpl-ccdb-backend]: [19:24:39][STATE] CONNECTING ---> DEVICE READY
[280269:mch-track-finder]: [19:24:39][STATE] INITIALIZING TASK ---> READY
[280269:mch-track-finder]: [19:24:39][STATE] READY ---> RUNNING
[280269:mch-track-finder]: [19:24:39][INFO] fair::mq::Device running...
[280269:mch-track-finder]: [19:24:39][INFO] LHCPeriod is not available, using current month AUG
[280269:mch-track-finder]: [19:24:39][INFO] Correctly handshaken websocket connection.
[280263:internal-dpl-ccdb-backend]: [19:24:39][STATE] DEVICE READY ---> INITIALIZING TASK
[280264:mch-digit-filtering]: [19:24:39][STATE] INITIALIZING TASK ---> READY
[280264:mch-digit-filtering]: [19:24:39][STATE] READY ---> RUNNING
[280264:mch-digit-filtering]: [19:24:39][INFO] fair::mq::Device running...
[280264:mch-digit-filtering]: [19:24:39][INFO] LHCPeriod is not available, using current month AUG
[280264:mch-digit-filtering]: [19:24:39][INFO] Correctly handshaken websocket connection.
[280263:internal-dpl-ccdb-backend]: [19:24:39][STATE] INITIALIZING TASK ---> READY
[280263:internal-dpl-ccdb-backend]: [19:24:39][STATE] READY ---> RUNNING
[280263:internal-dpl-ccdb-backend]: [19:24:39][INFO] fair::mq::Device running...
[280263:internal-dpl-ccdb-backend]: [19:24:39][INFO] LHCPeriod is not available, using current month AUG
[280263:internal-dpl-ccdb-backend]: [19:24:39][INFO] Correctly handshaken websocket connection.
[280270:mch-error-merger]: [19:24:39][STATE] INITIALIZING TASK ---> READY
[280270:mch-error-merger]: [19:24:39][STATE] READY ---> RUNNING
[280270:mch-error-merger]: [19:24:39][INFO] fair::mq::Device running...
[280270:mch-error-merger]: [19:24:39][INFO] LHCPeriod is not available, using current month AUG
[280271:mch-track-mc-label-finder]: [19:24:39][STATE] INITIALIZING DEVICE ---> INITIALIZED
[280270:mch-error-merger]: [19:24:39][INFO] Correctly handshaken websocket connection.
[280271:mch-track-mc-label-finder]: [19:24:39][STATE] INITIALIZED ---> BINDING
[280271:mch-track-mc-label-finder]: [19:24:39][STATE] BINDING ---> BOUND
[280271:mch-track-mc-label-finder]: [19:24:39][STATE] BOUND ---> CONNECTING
[280271:mch-track-mc-label-finder]: [19:24:39][STATE] CONNECTING ---> DEVICE READY
[280271:mch-track-mc-label-finder]: [19:24:39][STATE] DEVICE READY ---> INITIALIZING TASK
[280271:mch-track-mc-label-finder]: [19:24:39][STATE] INITIALIZING TASK ---> READY
[280271:mch-track-mc-label-finder]: [19:24:39][STATE] READY ---> RUNNING
[280271:mch-track-mc-label-finder]: [19:24:39][INFO] fair::mq::Device running...
[280271:mch-track-mc-label-finder]: [19:24:39][INFO] LHCPeriod is not available, using current month AUG
[280271:mch-track-mc-label-finder]: [19:24:39][INFO] Correctly handshaken websocket connection.
[280262:mch-digit-reader]: [19:24:40][INFO] branch set up: MCHDigit
[280262:mch-digit-reader]: [19:24:40][INFO] branch set up: MCHROFRecords
[280262:mch-digit-reader]: [19:24:40][INFO] branch set up: MCHMCLabels
[280262:mch-digit-reader]: [19:24:40][STATE] INITIALIZING DEVICE ---> INITIALIZED
[280262:mch-digit-reader]: [19:24:40][STATE] INITIALIZED ---> BINDING
[280262:mch-digit-reader]: [19:24:40][STATE] BINDING ---> BOUND
[280262:mch-digit-reader]: [19:24:40][STATE] BOUND ---> CONNECTING
[280262:mch-digit-reader]: [19:24:40][STATE] CONNECTING ---> DEVICE READY
[280262:mch-digit-reader]: [19:24:40][STATE] DEVICE READY ---> INITIALIZING TASK
[280262:mch-digit-reader]: [19:24:40][STATE] INITIALIZING TASK ---> READY
[280262:mch-digit-reader]: [19:24:40][STATE] READY ---> RUNNING
[280262:mch-digit-reader]: [19:24:40][INFO] fair::mq::Device running...
[280262:mch-digit-reader]: [19:24:40][INFO] LHCPeriod is not available, using current month AUG
[280262:mch-digit-reader]: [19:24:40][INFO] Correctly handshaken websocket connection.
[280262:mch-digit-reader]: [19:24:40][INFO] Sending end-of-stream message to channel from_mch-digit-reader_to_internal-dpl-ccdb-backend
[280262:mch-digit-reader]: [19:24:40][INFO] Sending end-of-stream message to channel from_mch-digit-reader_to_mch-digit-filtering
[280264:mch-digit-filtering]: [19:24:40][INFO] Kept after filtering : 71 rofs (out of 71) | 654 digits (out of 654) | 718 labels (out of 718)
[280264:mch-digit-filtering]: [19:24:40][INFO] Sending end-of-stream message to channel from_mch-digit-filtering_to_mch-time-cluster-finder
[280264:mch-digit-filtering]: [19:24:40][INFO] Sending end-of-stream message to channel from_mch-digit-filtering_to_mch-track-mc-label-finder
[280265:mch-time-cluster-finder]: [19:24:40][INFO] TF 0 Processed 71 input ROFs, time-clusterized them into 26 ROFs ( 37%) and output 3 (  4%) of them
[280266:mch-precluster-finder]: [19:24:40][INFO] create mapping in: 998.842 ms
[280266:mch-precluster-finder]: [19:24:40][STATE] INITIALIZING DEVICE ---> INITIALIZED
[280266:mch-precluster-finder]: [19:24:40][STATE] INITIALIZED ---> BINDING
[280266:mch-precluster-finder]: [19:24:40][STATE] BINDING ---> BOUND
[280266:mch-precluster-finder]: [19:24:40][STATE] BOUND ---> CONNECTING
[280266:mch-precluster-finder]: [19:24:40][STATE] CONNECTING ---> DEVICE READY
[280266:mch-precluster-finder]: [19:24:40][STATE] DEVICE READY ---> INITIALIZING TASK
[280265:mch-time-cluster-finder]: [19:24:40][INFO] Sending end-of-stream message to channel from_mch-time-cluster-finder_to_mch-precluster-finder
[280266:mch-precluster-finder]: [19:24:40][STATE] INITIALIZING TASK ---> READY
[280266:mch-precluster-finder]: [19:24:40][STATE] READY ---> RUNNING
[280266:mch-precluster-finder]: [19:24:40][INFO] fair::mq::Device running...
[280266:mch-precluster-finder]: [19:24:40][INFO] LHCPeriod is not available, using current month AUG
[280266:mch-precluster-finder]: [19:24:40][INFO] Correctly handshaken websocket connection.
[280266:mch-precluster-finder]: [19:24:40][INFO] Processed 3 digit rofs with 314 digits and output 3 precluster rofs with 62 preclusters and 314 digits
[280267:mch-cluster-finder]: [19:24:40][INFO] create mapping in: 942.418 ms
[280267:mch-cluster-finder]: [19:24:40][STATE] INITIALIZING DEVICE ---> INITIALIZED
[280267:mch-cluster-finder]: [19:24:40][STATE] INITIALIZED ---> BINDING
[280267:mch-cluster-finder]: [19:24:40][STATE] BINDING ---> BOUND
[280267:mch-cluster-finder]: [19:24:40][STATE] BOUND ---> CONNECTING
[280267:mch-cluster-finder]: [19:24:40][STATE] CONNECTING ---> DEVICE READY
[280267:mch-cluster-finder]: [19:24:40][STATE] DEVICE READY ---> INITIALIZING TASK
[280267:mch-cluster-finder]: [19:24:40][STATE] INITIALIZING TASK ---> READY
[280267:mch-cluster-finder]: [19:24:40][STATE] READY ---> RUNNING
[280267:mch-cluster-finder]: [19:24:40][INFO] fair::mq::Device running...
[280267:mch-cluster-finder]: [19:24:40][INFO] LHCPeriod is not available, using current month AUG
[280267:mch-cluster-finder]: [19:24:40][INFO] Correctly handshaken websocket connection.
[280267:mch-cluster-finder]: [19:24:40][INFO] Found   59 clusters from   62 preclusters in  3 ROFs
[280266:mch-precluster-finder]: [19:24:40][INFO] Sending end-of-stream message to channel from_mch-precluster-finder_to_mch-cluster-finder
[280266:mch-precluster-finder]: [19:24:40][INFO] Sending end-of-stream message to channel from_mch-precluster-finder_to_mch-error-merger
[280266:mch-precluster-finder]: [19:24:40][INFO] Sending end-of-stream message to channel from_mch-precluster-finder_to_mch-track-mc-label-finder
[280267:mch-cluster-finder]: [19:24:40][INFO] Sending end-of-stream message to channel from_mch-cluster-finder_to_mch-cluster-transformer
[280267:mch-cluster-finder]: [19:24:40][INFO] Sending end-of-stream message to channel from_mch-cluster-finder_to_mch-track-finder
[280267:mch-cluster-finder]: [19:24:40][INFO] Sending end-of-stream message to channel from_mch-cluster-finder_to_mch-error-merger
[280263:internal-dpl-ccdb-backend]: Info in <TJAlienConnectionManager>: Opening connection to JCentral. Please wait
[280263:internal-dpl-ccdb-backend]: Info in <TJAlienConnectionManager>: Opening connection to 137.138.47.219
[280263:internal-dpl-ccdb-backend]: Info in <TJAlienConnectionManager>: Successfully connected to 137.138.47.219
[280263:internal-dpl-ccdb-backend]: Info in <TJAlienFile::Open>: Accessing file /alice/data/CCDB/CTP/Calib/OrbitReset/06/62200/b9f985c3-b4b0-11ec-8fd3-90ce809b24ee in SE <ALICE::CERN::EOS>
[280263:internal-dpl-ccdb-backend]: [19:24:41][INFO] ccdb reads http://alice-ccdb.cern.ch/CTP/Calib/OrbitReset/1546300800000/b9f985c3-b4b0-11ec-8fd3-90ce809b24ee for 1546300800000 (load to memory, agent_id: localhost.localdomain-1692725079-bFdFLb), 
[280263:internal-dpl-ccdb-backend]: Info in <TJAlienFile::Open>: Accessing file /alice/data/CCDB/GLO/Config/GeometryAligned/06/21224/787687c0-287a-11ed-8141-200114580202 in SE <ALICE::CERN::OCDB>
[280263:internal-dpl-ccdb-backend]: [19:24:42][INFO] ccdb reads http://alice-ccdb.cern.ch/GLO/Config/GeometryAligned/1546300800000/787687c0-287a-11ed-8141-200114580202 for 1546300800000 (load to memory, agent_id: localhost.localdomain-1692725079-bFdFLb), 
[280263:internal-dpl-ccdb-backend]: Info in <TJAlienFile::Open>: Accessing file /alice/data/CCDB/GLO/Config/GRPMagField/06/62924/01d633ab-efdf-11ec-841e-2a010e0a0b16 in SE <ALICE::CERN::OCDB>
[280263:internal-dpl-ccdb-backend]: [19:24:42][INFO] ccdb reads http://alice-ccdb.cern.ch/GLO/Config/GRPMagField/1546300800000/01d633ab-efdf-11ec-841e-2a010e0a0b16 for 1546300800000 (load to memory, agent_id: localhost.localdomain-1692725079-bFdFLb), 
[280263:internal-dpl-ccdb-backend]: [19:24:42][INFO] Sending end-of-stream message to channel from_internal-dpl-ccdb-backend_to_mch-cluster-transformer
[280263:internal-dpl-ccdb-backend]: [19:24:42][INFO] Sending end-of-stream message to channel from_internal-dpl-ccdb-backend_to_mch-track-finder
[280263:internal-dpl-ccdb-backend]: [19:24:42][INFO] Sending end-of-stream message to channel from_internal-dpl-ccdb-backend_to_internal-dpl-injected-dummy-sink
[280268:mch-cluster-transformer]: Info in <TGeoManager::CloseGeometry>: Geometry loaded from file...
[280268:mch-cluster-transformer]: Info in <TGeoManager::SetTopVolume>: Top volume is cave. Master volume is cave
[280268:mch-cluster-transformer]: Info in <TGeoNavigator::BuildCache>: --- Maximum geometry depth set to 100
[280268:mch-cluster-transformer]: Info in <TGeoManager::Voxelize>: Voxelizing...
[280268:mch-cluster-transformer]: Info in <TGeoManager::CountLevels>: max level = 13, max placements = 735
[280268:mch-cluster-transformer]: Info in <TGeoManager::CloseGeometry>: 5346742 nodes/ 27442 volume UID's in FAIR geometry
[280268:mch-cluster-transformer]: Info in <TGeoManager::CloseGeometry>: ----------------modeler ready----------------
[280268:mch-cluster-transformer]: [19:24:43][INFO] aligned geometry updated
[280268:mch-cluster-transformer]: [19:24:43][INFO] Caching in 140253171870144 ptr to GLO/GEOMALIGN/0 (0x563b310)
[280268:mch-cluster-transformer]: [19:24:43][INFO] Sending end-of-stream message to channel from_mch-cluster-transformer_to_mch-track-finder
[280269:mch-track-finder]: [19:24:43][INFO] GRP MagField object updated
[280269:mch-track-finder]: [19:24:43][INFO] MagneticField::Print: MagneticFieldMap:
[280269:mch-track-finder]: [19:24:43][INFO] MagneticField::Print: Solenoid (-1*)5 kG, Dipole ON (-1) 
[280269:mch-track-finder]: [19:24:43][INFO] MagneticField::Print: Machine B fields for p-p  beam (7000 GeV): QGrad: 22.0002 Dipole: 37.8781
[280269:mch-track-finder]: [19:24:43][INFO] MagneticField::Print: Uses Sol30_Dip6_Hole  of /root/alice/sw/slc8_x86-64/O2/segment-local1/share/Common/maps/mfchebKGI_sym.root
[280269:mch-track-finder]: Info in <TGeoGlobalMagField::SetField>: Global magnetic field set to <MagneticFieldMap>
[280269:mch-track-finder]: Info in <TGeoGlobalMagField::Lock>: Global magnetic field <MagneticFieldMap> is now locked
[280269:mch-track-finder]: [19:24:43][INFO] Track extrapolation with magnetic field ON
[280269:mch-track-finder]: [19:24:43][INFO] Caching in 140002245610992 ptr to GLO/GRPMAGFIELD/0 (0x3ac4630)
[280269:mch-track-finder]: [19:24:43][INFO] Found   1 MCH tracks from   59 clusters in  3 ROFs in        5 ms
[280269:mch-track-finder]: [19:24:43][INFO] Sending end-of-stream message to channel from_mch-track-finder_to_mch-error-merger
[280269:mch-track-finder]: [19:24:43][INFO] Sending end-of-stream message to channel from_mch-track-finder_to_mch-track-mc-label-finder
[280270:mch-error-merger]: [19:24:43][INFO] Sending end-of-stream message to channel from_mch-error-merger_to_mch-error-writer
[280272:mch-error-writer]: [19:24:43][ERROR] Some Lifetime::Timeframe data got dropped starting at 1
[280271:mch-track-mc-label-finder]: [19:24:44][INFO] Sending end-of-stream message to channel from_mch-track-mc-label-finder_to_mch-track-writer
[280273:mch-track-writer]: [19:24:44][ERROR] Some Lifetime::Timeframe data got dropped starting at 1
[INFO] Quitting
[INFO] QUIT_REQUESTED
[280261:internal-dpl-clock]: [19:24:44][INFO] Received device shutdown request (signal 15).
[280261:internal-dpl-clock]: [19:24:44][INFO] Waiting for graceful device shutdown. Hit Ctrl-C again to abort immediately.
[280262:mch-digit-reader]: [19:24:44][INFO] Received device shutdown request (signal 15).
[280262:mch-digit-reader]: [19:24:44][INFO] Waiting for graceful device shutdown. Hit Ctrl-C again to abort immediately.
[280263:internal-dpl-ccdb-backend]: [19:24:44][INFO] Received device shutdown request (signal 15).
[280263:internal-dpl-ccdb-backend]: [19:24:44][INFO] Waiting for graceful device shutdown. Hit Ctrl-C again to abort immediately.
[280263:internal-dpl-ccdb-backend]: [19:24:44][INFO] New state requested. No timeout set, quitting immediately as per --completion-policy
[280263:internal-dpl-ccdb-backend]: [19:24:44][INFO] CCDB cache miss/hit ratio:
[280263:internal-dpl-ccdb-backend]: [19:24:44][INFO]   GLO/Config/GRPMagField: 1/0 (1024-1024 bytes)
[280263:internal-dpl-ccdb-backend]: [19:24:44][INFO]   GLO/Config/GeometryAligned: 1/0 (1847296-1847296 bytes)
[280263:internal-dpl-ccdb-backend]: [19:24:44][INFO]   CTP/Calib/OrbitReset: 1/1 (1024-1024 bytes)
[280263:internal-dpl-ccdb-backend]: [19:24:44][STATE] RUNNING ---> READY
[280264:mch-digit-filtering]: [19:24:44][INFO] Received device shutdown request (signal 15).
[280264:mch-digit-filtering]: [19:24:44][INFO] Waiting for graceful device shutdown. Hit Ctrl-C again to abort immediately.
[280265:mch-time-cluster-finder]: [19:24:44][INFO] Received device shutdown request (signal 15).
[280265:mch-time-cluster-finder]: [19:24:44][INFO] Waiting for graceful device shutdown. Hit Ctrl-C again to abort immediately.
[280266:mch-precluster-finder]: [19:24:44][INFO] Received device shutdown request (signal 15).
[280266:mch-precluster-finder]: [19:24:44][INFO] Waiting for graceful device shutdown. Hit Ctrl-C again to abort immediately.
[280267:mch-cluster-finder]: [19:24:44][INFO] Received device shutdown request (signal 15).
[280267:mch-cluster-finder]: [19:24:44][INFO] Waiting for graceful device shutdown. Hit Ctrl-C again to abort immediately.
[280267:mch-cluster-finder]: [19:24:44][INFO] New state requested. No timeout set, quitting immediately as per --completion-policy
[280267:mch-cluster-finder]: [19:24:44][INFO] cluster finder duration = 0.00438702 s
[280267:mch-cluster-finder]: [19:24:44][STATE] RUNNING ---> READY
[280267:mch-cluster-finder]: [19:24:44][STATE] READY ---> RESETTING TASK
[280267:mch-cluster-finder]: [19:24:44][STATE] RESETTING TASK ---> DEVICE READY
[280267:mch-cluster-finder]: [19:24:44][STATE] DEVICE READY ---> RESETTING DEVICE
[280268:mch-cluster-transformer]: [19:24:44][INFO] Received device shutdown request (signal 15).
[280268:mch-cluster-transformer]: [19:24:44][INFO] Waiting for graceful device shutdown. Hit Ctrl-C again to abort immediately.
[280269:mch-track-finder]: [19:24:44][INFO] Received device shutdown request (signal 15).
[280269:mch-track-finder]: [19:24:44][INFO] Waiting for graceful device shutdown. Hit Ctrl-C again to abort immediately.
[280270:mch-error-merger]: [19:24:44][INFO] Received device shutdown request (signal 15).
[280270:mch-error-merger]: [19:24:44][INFO] Waiting for graceful device shutdown. Hit Ctrl-C again to abort immediately.
[280270:mch-error-merger]: [19:24:44][INFO] New state requested. No timeout set, quitting immediately as per --completion-policy
[280270:mch-error-merger]: [19:24:44][STATE] RUNNING ---> READY
[280271:mch-track-mc-label-finder]: [19:24:44][INFO] Received device shutdown request (signal 15).
[280271:mch-track-mc-label-finder]: [19:24:44][INFO] Waiting for graceful device shutdown. Hit Ctrl-C again to abort immediately.
[280271:mch-track-mc-label-finder]: [19:24:44][INFO] New state requested. No timeout set, quitting immediately as per --completion-policy
[280271:mch-track-mc-label-finder]: [19:24:44][STATE] RUNNING ---> READY
[280271:mch-track-mc-label-finder]: [19:24:44][STATE] READY ---> RESETTING TASK
[280271:mch-track-mc-label-finder]: [19:24:44][STATE] RESETTING TASK ---> DEVICE READY
[280271:mch-track-mc-label-finder]: [19:24:44][STATE] DEVICE READY ---> RESETTING DEVICE
[280272:mch-error-writer]: [19:24:44][INFO] Received device shutdown request (signal 15).
[280272:mch-error-writer]: [19:24:44][INFO] Waiting for graceful device shutdown. Hit Ctrl-C again to abort immediately.
[280273:mch-track-writer]: [19:24:44][INFO] Received device shutdown request (signal 15).
[280273:mch-track-writer]: [19:24:44][INFO] Waiting for graceful device shutdown. Hit Ctrl-C again to abort immediately.
[280273:mch-track-writer]: [19:24:44][INFO] New state requested. No timeout set, quitting immediately as per --completion-policy
[280274:internal-dpl-injected-dummy-sink]: [19:24:44][INFO] Received device shutdown request (signal 15).
[280274:internal-dpl-injected-dummy-sink]: [19:24:44][INFO] Waiting for graceful device shutdown. Hit Ctrl-C again to abort immediately.
[280270:mch-error-merger]: [19:24:44][STATE] READY ---> RESETTING TASK
[280270:mch-error-merger]: [19:24:44][STATE] RESETTING TASK ---> DEVICE READY
[280265:mch-time-cluster-finder]: [19:24:44][INFO] New state requested. No timeout set, quitting immediately as per --completion-policy
[280263:internal-dpl-ccdb-backend]: [19:24:44][STATE] READY ---> RESETTING TASK
[280263:internal-dpl-ccdb-backend]: [19:24:44][STATE] RESETTING TASK ---> DEVICE READY
[280263:internal-dpl-ccdb-backend]: [19:24:44][STATE] DEVICE READY ---> RESETTING DEVICE
[280261:internal-dpl-clock]: [19:24:44][INFO] New state requested. No timeout set, quitting immediately as per --completion-policy
[280261:internal-dpl-clock]: [19:24:44][STATE] RUNNING ---> READY
[280261:internal-dpl-clock]: [19:24:44][STATE] READY ---> RESETTING TASK
[280261:internal-dpl-clock]: [19:24:44][STATE] RESETTING TASK ---> DEVICE READY
[280270:mch-error-merger]: [19:24:44][STATE] DEVICE READY ---> RESETTING DEVICE
[280265:mch-time-cluster-finder]: [19:24:44][INFO] duration = 347.432 us / TF
[280261:internal-dpl-clock]: [19:24:44][STATE] DEVICE READY ---> RESETTING DEVICE
[280262:mch-digit-reader]: [19:24:44][INFO] New state requested. No timeout set, quitting immediately as per --completion-policy
[280262:mch-digit-reader]: [19:24:44][STATE] RUNNING ---> READY
[280265:mch-time-cluster-finder]: [19:24:44][STATE] RUNNING ---> READY
[280268:mch-cluster-transformer]: [19:24:44][INFO] New state requested. No timeout set, quitting immediately as per --completion-policy
[280268:mch-cluster-transformer]: [19:24:44][STATE] RUNNING ---> READY
[280274:internal-dpl-injected-dummy-sink]: [19:24:44][INFO] New state requested. No timeout set, quitting immediately as per --completion-policy
[280274:internal-dpl-injected-dummy-sink]: [19:24:44][STATE] RUNNING ---> READY
[280264:mch-digit-filtering]: [19:24:44][INFO] New state requested. No timeout set, quitting immediately as per --completion-policy
[280264:mch-digit-filtering]: [19:24:44][INFO] digit filtering duration = 0.326699 ms
[280264:mch-digit-filtering]: [19:24:44][STATE] RUNNING ---> READY
[280274:internal-dpl-injected-dummy-sink]: [19:24:44][STATE] READY ---> RESETTING TASK
[280268:mch-cluster-transformer]: [19:24:44][STATE] READY ---> RESETTING TASK
[280268:mch-cluster-transformer]: [19:24:44][STATE] RESETTING TASK ---> DEVICE READY
[280274:internal-dpl-injected-dummy-sink]: [19:24:44][STATE] RESETTING TASK ---> DEVICE READY
[280261:internal-dpl-clock]: [19:24:44][STATE] RESETTING DEVICE ---> IDLE
[280261:internal-dpl-clock]: [19:24:44][STATE] IDLE ---> EXITING
[280262:mch-digit-reader]: [19:24:44][STATE] READY ---> RESETTING TASK
[280262:mch-digit-reader]: [19:24:44][STATE] RESETTING TASK ---> DEVICE READY
[280264:mch-digit-filtering]: [19:24:44][STATE] READY ---> RESETTING TASK
[280264:mch-digit-filtering]: [19:24:44][STATE] RESETTING TASK ---> DEVICE READY
[280264:mch-digit-filtering]: [19:24:44][STATE] DEVICE READY ---> RESETTING DEVICE
[280265:mch-time-cluster-finder]: [19:24:44][STATE] READY ---> RESETTING TASK
[280265:mch-time-cluster-finder]: [19:24:44][STATE] RESETTING TASK ---> DEVICE READY
[280266:mch-precluster-finder]: [19:24:44][INFO] New state requested. No timeout set, quitting immediately as per --completion-policy
[280266:mch-precluster-finder]: [19:24:44][INFO] reset precluster finder duration = 0.009825 ms
[280266:mch-precluster-finder]: [19:24:44][INFO] load digits duration = 0.079318 ms
[280266:mch-precluster-finder]: [19:24:44][INFO] discard high occupancy duration = 0.000797 ms
[280266:mch-precluster-finder]: [19:24:44][INFO] precluster finder duration = 0.06531 ms
[280266:mch-precluster-finder]: [19:24:44][INFO] store precluster duration = 0.020009 ms
[280266:mch-precluster-finder]: [19:24:44][INFO] deinitializing preclusterizer in: 0.280945 ms
[280266:mch-precluster-finder]: [19:24:44][STATE] RUNNING ---> READY
[280267:mch-cluster-finder]: [19:24:44][STATE] RESETTING DEVICE ---> IDLE
[280268:mch-cluster-transformer]: [19:24:44][STATE] DEVICE READY ---> RESETTING DEVICE
[280272:mch-error-writer]: [19:24:44][INFO] New state requested. No timeout set, quitting immediately as per --completion-policy
[280274:internal-dpl-injected-dummy-sink]: [19:24:44][STATE] DEVICE READY ---> RESETTING DEVICE
[280261:internal-dpl-clock]: [19:24:44][STATE] Exiting FairMQ state machine
[280262:mch-digit-reader]: [19:24:44][STATE] DEVICE READY ---> RESETTING DEVICE
[280264:mch-digit-filtering]: [19:24:44][STATE] RESETTING DEVICE ---> IDLE
[280265:mch-time-cluster-finder]: [19:24:44][STATE] DEVICE READY ---> RESETTING DEVICE
[280266:mch-precluster-finder]: [19:24:44][STATE] READY ---> RESETTING TASK
[280266:mch-precluster-finder]: [19:24:44][STATE] RESETTING TASK ---> DEVICE READY
[280266:mch-precluster-finder]: [19:24:44][STATE] DEVICE READY ---> RESETTING DEVICE
[280269:mch-track-finder]: [19:24:44][INFO] New state requested. No timeout set, quitting immediately as per --completion-policy
[280269:mch-track-finder]: [19:24:44][INFO] number of candidates tracked = 5
[280269:mch-track-finder]: [19:24:44][INFO] number of times extrapToZCov() is called = 92
[280269:mch-track-finder]: [19:24:44][INFO] number of times Field() is called = 7917
[280269:mch-track-finder]: [19:24:44][INFO] number of times tryOneClusterFast() is called = 128
[280269:mch-track-finder]: [19:24:44][INFO] number of times tryOneCluster() is called = 21
[280269:mch-track-finder]: [19:24:44][INFO] findTrackCandidates duration = 0.00338228 s
[280269:mch-track-finder]: [19:24:44][INFO] findMoreTrackCandidates duration = 0 s
[280269:mch-track-finder]: [19:24:44][INFO] followTracks duration = 0.00108408 s
[280269:mch-track-finder]: [19:24:44][INFO] improveTracks duration = 2.2184e-05 s
[280269:mch-track-finder]: [19:24:44][INFO] removeConnectedTracks duration = 5.12e-07 s
[280269:mch-track-finder]: [19:24:44][INFO] refineTracks duration = 0.000262594 s
[280269:mch-track-finder]: [19:24:44][INFO] tracking duration = 0.0047878 s
[280269:mch-track-finder]: [19:24:44][STATE] RUNNING ---> READY
[280269:mch-track-finder]: [19:24:44][STATE] READY ---> RESETTING TASK
[280269:mch-track-finder]: [19:24:44][STATE] RESETTING TASK ---> DEVICE READY
[280269:mch-track-finder]: [19:24:44][STATE] DEVICE READY ---> RESETTING DEVICE
[280263:internal-dpl-ccdb-backend]: [19:24:44][STATE] RESETTING DEVICE ---> IDLE
[280264:mch-digit-filtering]: [19:24:44][STATE] IDLE ---> EXITING
[280267:mch-cluster-finder]: [19:24:44][STATE] IDLE ---> EXITING
[280263:internal-dpl-ccdb-backend]: [19:24:44][STATE] IDLE ---> EXITING
[280264:mch-digit-filtering]: [19:24:44][STATE] Exiting FairMQ state machine
[280270:mch-error-merger]: [19:24:44][STATE] RESETTING DEVICE ---> IDLE
[280270:mch-error-merger]: [19:24:44][STATE] IDLE ---> EXITING
[280270:mch-error-merger]: [19:24:44][STATE] Exiting FairMQ state machine
[280262:mch-digit-reader]: [19:24:44][STATE] RESETTING DEVICE ---> IDLE
[280262:mch-digit-reader]: [19:24:44][STATE] IDLE ---> EXITING
[280262:mch-digit-reader]: [19:24:44][STATE] Exiting FairMQ state machine
[280263:internal-dpl-ccdb-backend]: [19:24:44][STATE] Exiting FairMQ state machine
[280265:mch-time-cluster-finder]: [19:24:44][STATE] RESETTING DEVICE ---> IDLE
[280265:mch-time-cluster-finder]: [19:24:44][STATE] IDLE ---> EXITING
[280265:mch-time-cluster-finder]: [19:24:44][STATE] Exiting FairMQ state machine
[280266:mch-precluster-finder]: [19:24:44][STATE] RESETTING DEVICE ---> IDLE
[280266:mch-precluster-finder]: [19:24:44][STATE] IDLE ---> EXITING
[280267:mch-cluster-finder]: [19:24:44][STATE] Exiting FairMQ state machine
[280268:mch-cluster-transformer]: [19:24:44][STATE] RESETTING DEVICE ---> IDLE
[280268:mch-cluster-transformer]: [19:24:44][STATE] IDLE ---> EXITING
[280268:mch-cluster-transformer]: [19:24:44][STATE] Exiting FairMQ state machine
[280271:mch-track-mc-label-finder]: [19:24:44][STATE] RESETTING DEVICE ---> IDLE
[280271:mch-track-mc-label-finder]: [19:24:44][STATE] IDLE ---> EXITING
[280271:mch-track-mc-label-finder]: [19:24:44][STATE] Exiting FairMQ state machine
[280274:internal-dpl-injected-dummy-sink]: [19:24:44][STATE] RESETTING DEVICE ---> IDLE
[280274:internal-dpl-injected-dummy-sink]: [19:24:44][STATE] IDLE ---> EXITING
[280274:internal-dpl-injected-dummy-sink]: [19:24:44][STATE] Exiting FairMQ state machine
[280266:mch-precluster-finder]: [19:24:44][STATE] Exiting FairMQ state machine
[280269:mch-track-finder]: [19:24:44][STATE] RESETTING DEVICE ---> IDLE
[280269:mch-track-finder]: [19:24:44][STATE] IDLE ---> EXITING
[280269:mch-track-finder]: [19:24:44][STATE] Exiting FairMQ state machine
[280272:mch-error-writer]: [19:24:44][STATE] RUNNING ---> READY
[280272:mch-error-writer]: [19:24:44][STATE] READY ---> RESETTING TASK
[280272:mch-error-writer]: [19:24:44][STATE] RESETTING TASK ---> DEVICE READY
[280272:mch-error-writer]: [19:24:44][STATE] DEVICE READY ---> RESETTING DEVICE
[280272:mch-error-writer]: [19:24:44][STATE] RESETTING DEVICE ---> IDLE
[280272:mch-error-writer]: [19:24:44][STATE] IDLE ---> EXITING
[280272:mch-error-writer]: [19:24:44][STATE] Exiting FairMQ state machine
[280273:mch-track-writer]: [19:24:44][STATE] RUNNING ---> READY
[280273:mch-track-writer]: [19:24:44][STATE] READY ---> RESETTING TASK
[280273:mch-track-writer]: [19:24:44][STATE] RESETTING TASK ---> DEVICE READY
[280273:mch-track-writer]: [19:24:44][STATE] DEVICE READY ---> RESETTING DEVICE
[280273:mch-track-writer]: [19:24:44][INFO] Cleaning up for shared memory id '4430eeb1'...
[280273:mch-track-writer]: [19:24:44][INFO] Found 0 unmanaged regions...
[280273:mch-track-writer]: [19:24:44][INFO] Found 1 managed segments...
[280273:mch-track-writer]: [19:24:44][INFO] Successfully removed 'fmq_4430eeb1_m_0'.
[280273:mch-track-writer]: [19:24:44][INFO] Successfully removed 'fmq_4430eeb1_mng'.
[280273:mch-track-writer]: [19:24:44][STATE] RESETTING DEVICE ---> IDLE
[280273:mch-track-writer]: [19:24:44][STATE] IDLE ---> EXITING
[280273:mch-track-writer]: [19:24:44][STATE] Exiting FairMQ state machine
[INFO] ## Processes completed. Run summary:
[INFO] ### Devices started: 14
[INFO]  - Device internal-dpl-clock: pid 280261 (exit 0)
[INFO]  - Device mch-digit-reader: pid 280262 (exit 0)
[INFO]  - Device internal-dpl-ccdb-backend: pid 280263 (exit 0)
[INFO]  - Device mch-digit-filtering: pid 280264 (exit 0)
[INFO]  - Device mch-time-cluster-finder: pid 280265 (exit 0)
[INFO]  - Device mch-precluster-finder: pid 280266 (exit 0)
[INFO]  - Device mch-cluster-finder: pid 280267 (exit 0)
[INFO]  - Device mch-cluster-transformer: pid 280268 (exit 0)
[INFO]  - Device mch-track-finder: pid 280269 (exit 0)
[INFO]  - Device mch-error-merger: pid 280270 (exit 0)
[INFO]  - Device mch-track-mc-label-finder: pid 280271 (exit 0)
[INFO]  - Device mch-error-writer: pid 280272 (exit 0)
[INFO]  - Device mch-track-writer: pid 280273 (exit 0)
[INFO]  - Device internal-dpl-injected-dummy-sink: pid 280274 (exit 0)
[INFO] Dumping used configuration in dpl-config.json
TASK-EXIT-CODE: 0
