Running: TIME="#walltime %e" /usr/bin/time --output=mftreco.log_time ./mftreco.log_tmp.sh
[INFO] Initialising O2 Data Processing Layer. Driver PID: 279704.
[INFO] Driver listening on port: 17784
[INFO] Rate limiting set up at 500MB distributed over 1 readers
[INFO] O2 Data Processing Layer initialised. We brake for nobody.
[INFO] Optimised build. O2DEBUG / LOG(debug) / LOGF(debug) / assert statement will not be shown.
[INFO] Redeployment of configuration asked.
[INFO] Starting internal-dpl-clock on pid 279744
[INFO] Starting mft-digit-reader on pid 279745
[INFO] Starting internal-dpl-ccdb-backend on pid 279746
[INFO] Starting mft-clusterer on pid 279747
[INFO] Starting mft-cluster-writer on pid 279748
[INFO] Starting mft-tracker on pid 279749
[INFO] Starting mft-track-writer on pid 279750
[INFO] Starting internal-dpl-injected-dummy-sink on pid 279751
[INFO] Redeployment of configuration done.
[279744:internal-dpl-clock]: [INFO] Instrumenting crash signals
[279744:internal-dpl-clock]: [INFO] Spawing new device internal-dpl-clock in process with pid 279744
[279744:internal-dpl-clock]: [19:24:31][INFO] 
[279744:internal-dpl-clock]:       ______      _    _______  _________ 
[279744:internal-dpl-clock]:      / ____/___ _(_)_______   |/  /_  __ \    version 1.6.0
[279744:internal-dpl-clock]:     / /_  / __ `/ / ___/__  /|_/ /_  / / /    build RELWITHDEBINFO
[279744:internal-dpl-clock]:    / __/ / /_/ / / /    _  /  / / / /_/ /     https://github.com/FairRootGroup/FairMQ
[279744:internal-dpl-clock]:   /_/    \__,_/_/_/     /_/  /_/  \___\_\     LGPL-3.0  © 2012-2023 GSI
[279744:internal-dpl-clock]: 
[279744:internal-dpl-clock]: [19:24:31][STATE] Starting FairMQ state machine --> IDLE
[279748:mft-cluster-writer]: [INFO] Instrumenting crash signals
[279744:internal-dpl-clock]: [19:24:31][STATE] IDLE ---> INITIALIZING DEVICE
[279744:internal-dpl-clock]: [19:24:31][STATE] INITIALIZING DEVICE ---> INITIALIZED
[279748:mft-cluster-writer]: [INFO] Spawing new device mft-cluster-writer in process with pid 279748
[279748:mft-cluster-writer]: [19:24:31][INFO] 
[279748:mft-cluster-writer]:       ______      _    _______  _________ 
[279748:mft-cluster-writer]:      / ____/___ _(_)_______   |/  /_  __ \    version 1.6.0
[279748:mft-cluster-writer]:     / /_  / __ `/ / ___/__  /|_/ /_  / / /    build RELWITHDEBINFO
[279748:mft-cluster-writer]:    / __/ / /_/ / / /    _  /  / / / /_/ /     https://github.com/FairRootGroup/FairMQ
[279748:mft-cluster-writer]:   /_/    \__,_/_/_/     /_/  /_/  \___\_\     LGPL-3.0  © 2012-2023 GSI
[279748:mft-cluster-writer]: 
[279748:mft-cluster-writer]: [19:24:31][STATE] Starting FairMQ state machine --> IDLE
[279748:mft-cluster-writer]: [19:24:31][STATE] IDLE ---> INITIALIZING DEVICE
[279749:mft-tracker]: [INFO] Instrumenting crash signals
[279749:mft-tracker]: [INFO] Spawing new device mft-tracker in process with pid 279749
[279749:mft-tracker]: [19:24:31][INFO] 
[279749:mft-tracker]:       ______      _    _______  _________ 
[279749:mft-tracker]:      / ____/___ _(_)_______   |/  /_  __ \    version 1.6.0
[279749:mft-tracker]:     / /_  / __ `/ / ___/__  /|_/ /_  / / /    build RELWITHDEBINFO
[279749:mft-tracker]:    / __/ / /_/ / / /    _  /  / / / /_/ /     https://github.com/FairRootGroup/FairMQ
[279749:mft-tracker]:   /_/    \__,_/_/_/     /_/  /_/  \___\_\     LGPL-3.0  © 2012-2023 GSI
[279749:mft-tracker]: 
[279749:mft-tracker]: [19:24:31][STATE] Starting FairMQ state machine --> IDLE
[279744:internal-dpl-clock]: [19:24:31][STATE] INITIALIZED ---> BINDING
[279744:internal-dpl-clock]: [19:24:31][STATE] BINDING ---> BOUND
[279749:mft-tracker]: [19:24:31][STATE] IDLE ---> INITIALIZING DEVICE
[279749:mft-tracker]: [19:24:31][STATE] INITIALIZING DEVICE ---> INITIALIZED
[279749:mft-tracker]: [19:24:31][STATE] INITIALIZED ---> BINDING
[279749:mft-tracker]: [19:24:31][STATE] BINDING ---> BOUND
[279749:mft-tracker]: [19:24:31][STATE] BOUND ---> CONNECTING
[279749:mft-tracker]: [19:24:31][STATE] CONNECTING ---> DEVICE READY
[279749:mft-tracker]: [19:24:31][STATE] DEVICE READY ---> INITIALIZING TASK
[279744:internal-dpl-clock]: [19:24:31][STATE] BOUND ---> CONNECTING
[279744:internal-dpl-clock]: [19:24:31][STATE] CONNECTING ---> DEVICE READY
[279750:mft-track-writer]: [INFO] Instrumenting crash signals
[279750:mft-track-writer]: [INFO] Spawing new device mft-track-writer in process with pid 279750
[279750:mft-track-writer]: [19:24:31][INFO] 
[279750:mft-track-writer]:       ______      _    _______  _________ 
[279750:mft-track-writer]:      / ____/___ _(_)_______   |/  /_  __ \    version 1.6.0
[279750:mft-track-writer]:     / /_  / __ `/ / ___/__  /|_/ /_  / / /    build RELWITHDEBINFO
[279750:mft-track-writer]:    / __/ / /_/ / / /    _  /  / / / /_/ /     https://github.com/FairRootGroup/FairMQ
[279750:mft-track-writer]:   /_/    \__,_/_/_/     /_/  /_/  \___\_\     LGPL-3.0  © 2012-2023 GSI
[279750:mft-track-writer]: 
[279750:mft-track-writer]: [19:24:31][STATE] Starting FairMQ state machine --> IDLE
[279750:mft-track-writer]: [19:24:31][STATE] IDLE ---> INITIALIZING DEVICE
[279751:internal-dpl-injected-dummy-sink]: [INFO] Instrumenting crash signals
[279751:internal-dpl-injected-dummy-sink]: [INFO] Spawing new device internal-dpl-injected-dummy-sink in process with pid 279751
[279744:internal-dpl-clock]: [19:24:31][STATE] DEVICE READY ---> INITIALIZING TASK
[279744:internal-dpl-clock]: [19:24:31][STATE] INITIALIZING TASK ---> READY
[279751:internal-dpl-injected-dummy-sink]: [19:24:31][INFO] 
[279751:internal-dpl-injected-dummy-sink]:       ______      _    _______  _________ 
[279751:internal-dpl-injected-dummy-sink]:      / ____/___ _(_)_______   |/  /_  __ \    version 1.6.0
[279751:internal-dpl-injected-dummy-sink]:     / /_  / __ `/ / ___/__  /|_/ /_  / / /    build RELWITHDEBINFO
[279751:internal-dpl-injected-dummy-sink]:    / __/ / /_/ / / /    _  /  / / / /_/ /     https://github.com/FairRootGroup/FairMQ
[279751:internal-dpl-injected-dummy-sink]:   /_/    \__,_/_/_/     /_/  /_/  \___\_\     LGPL-3.0  © 2012-2023 GSI
[279751:internal-dpl-injected-dummy-sink]: 
[279751:internal-dpl-injected-dummy-sink]: [19:24:31][STATE] Starting FairMQ state machine --> IDLE
[279744:internal-dpl-clock]: [19:24:31][STATE] READY ---> RUNNING
[279744:internal-dpl-clock]: [19:24:31][INFO] fair::mq::Device running...
[279744:internal-dpl-clock]: [19:24:31][INFO] LHCPeriod is not available, using current month AUG
[279744:internal-dpl-clock]: [19:24:31][INFO] Correctly handshaken websocket connection.
[279751:internal-dpl-injected-dummy-sink]: [19:24:31][STATE] IDLE ---> INITIALIZING DEVICE
[279749:mft-tracker]: [19:24:31][STATE] INITIALIZING TASK ---> READY
[279751:internal-dpl-injected-dummy-sink]: [19:24:31][STATE] INITIALIZING DEVICE ---> INITIALIZED
[279751:internal-dpl-injected-dummy-sink]: [19:24:31][STATE] INITIALIZED ---> BINDING
[279751:internal-dpl-injected-dummy-sink]: [19:24:31][STATE] BINDING ---> BOUND
[279751:internal-dpl-injected-dummy-sink]: [19:24:31][STATE] BOUND ---> CONNECTING
[279751:internal-dpl-injected-dummy-sink]: [19:24:31][STATE] CONNECTING ---> DEVICE READY
[279751:internal-dpl-injected-dummy-sink]: [19:24:31][STATE] DEVICE READY ---> INITIALIZING TASK
[279751:internal-dpl-injected-dummy-sink]: [19:24:31][STATE] INITIALIZING TASK ---> READY
[279751:internal-dpl-injected-dummy-sink]: [19:24:31][STATE] READY ---> RUNNING
[279751:internal-dpl-injected-dummy-sink]: [19:24:31][INFO] fair::mq::Device running...
[279751:internal-dpl-injected-dummy-sink]: [19:24:31][INFO] LHCPeriod is not available, using current month AUG
[279751:internal-dpl-injected-dummy-sink]: [19:24:31][INFO] Correctly handshaken websocket connection.
[279748:mft-cluster-writer]: [19:24:31][INFO] 0: branch  MFTClusterComp set up
[279748:mft-cluster-writer]: [19:24:31][INFO] 1: branch  MFTClusterPatt set up
[279748:mft-cluster-writer]: [19:24:31][INFO] 2: branch  MFTClustersROF set up
[279748:mft-cluster-writer]: [19:24:31][INFO] 3: branch  MFTClusterMCTruth set up
[279748:mft-cluster-writer]: [19:24:31][INFO] 4: branch  MFTClustersMC2ROF set up
[279748:mft-cluster-writer]: [19:24:31][STATE] INITIALIZING DEVICE ---> INITIALIZED
[279749:mft-tracker]: [19:24:31][STATE] READY ---> RUNNING
[279749:mft-tracker]: [19:24:31][INFO] fair::mq::Device running...
[279749:mft-tracker]: [19:24:31][INFO] LHCPeriod is not available, using current month AUG
[279748:mft-cluster-writer]: [19:24:31][STATE] INITIALIZED ---> BINDING
[279748:mft-cluster-writer]: [19:24:31][STATE] BINDING ---> BOUND
[279748:mft-cluster-writer]: [19:24:31][STATE] BOUND ---> CONNECTING
[279748:mft-cluster-writer]: [19:24:31][STATE] CONNECTING ---> DEVICE READY
[279748:mft-cluster-writer]: [19:24:31][STATE] DEVICE READY ---> INITIALIZING TASK
[279748:mft-cluster-writer]: [19:24:31][STATE] INITIALIZING TASK ---> READY
[279748:mft-cluster-writer]: [19:24:31][STATE] READY ---> RUNNING
[279748:mft-cluster-writer]: [19:24:31][INFO] fair::mq::Device running...
[279748:mft-cluster-writer]: [19:24:31][INFO] LHCPeriod is not available, using current month AUG
[279748:mft-cluster-writer]: [19:24:31][INFO] Correctly handshaken websocket connection.
[279749:mft-tracker]: [19:24:31][INFO] Correctly handshaken websocket connection.
[279747:mft-clusterer]: [INFO] Instrumenting crash signals
[279747:mft-clusterer]: [INFO] Spawing new device mft-clusterer in process with pid 279747
[279747:mft-clusterer]: [19:24:31][INFO] 
[279747:mft-clusterer]:       ______      _    _______  _________ 
[279747:mft-clusterer]:      / ____/___ _(_)_______   |/  /_  __ \    version 1.6.0
[279747:mft-clusterer]:     / /_  / __ `/ / ___/__  /|_/ /_  / / /    build RELWITHDEBINFO
[279747:mft-clusterer]:    / __/ / /_/ / / /    _  /  / / / /_/ /     https://github.com/FairRootGroup/FairMQ
[279747:mft-clusterer]:   /_/    \__,_/_/_/     /_/  /_/  \___\_\     LGPL-3.0  © 2012-2023 GSI
[279747:mft-clusterer]: 
[279747:mft-clusterer]: [19:24:31][STATE] Starting FairMQ state machine --> IDLE
[279747:mft-clusterer]: [19:24:31][STATE] IDLE ---> INITIALIZING DEVICE
[279747:mft-clusterer]: [19:24:31][STATE] INITIALIZING DEVICE ---> INITIALIZED
[279747:mft-clusterer]: [19:24:31][STATE] INITIALIZED ---> BINDING
[279747:mft-clusterer]: [19:24:31][STATE] BINDING ---> BOUND
[279747:mft-clusterer]: [19:24:31][STATE] BOUND ---> CONNECTING
[279747:mft-clusterer]: [19:24:31][STATE] CONNECTING ---> DEVICE READY
[279747:mft-clusterer]: [19:24:31][STATE] DEVICE READY ---> INITIALIZING TASK
[279747:mft-clusterer]: [19:24:31][STATE] INITIALIZING TASK ---> READY
[279747:mft-clusterer]: [19:24:31][STATE] READY ---> RUNNING
[279747:mft-clusterer]: [19:24:31][INFO] fair::mq::Device running...
[279747:mft-clusterer]: [19:24:31][INFO] LHCPeriod is not available, using current month AUG
[279747:mft-clusterer]: [19:24:31][INFO] Correctly handshaken websocket connection.
[279746:internal-dpl-ccdb-backend]: [INFO] Instrumenting crash signals
[279746:internal-dpl-ccdb-backend]: [INFO] Spawing new device internal-dpl-ccdb-backend in process with pid 279746
[279746:internal-dpl-ccdb-backend]: [19:24:31][INFO] 
[279746:internal-dpl-ccdb-backend]:       ______      _    _______  _________ 
[279746:internal-dpl-ccdb-backend]:      / ____/___ _(_)_______   |/  /_  __ \    version 1.6.0
[279746:internal-dpl-ccdb-backend]:     / /_  / __ `/ / ___/__  /|_/ /_  / / /    build RELWITHDEBINFO
[279746:internal-dpl-ccdb-backend]:    / __/ / /_/ / / /    _  /  / / / /_/ /     https://github.com/FairRootGroup/FairMQ
[279746:internal-dpl-ccdb-backend]:   /_/    \__,_/_/_/     /_/  /_/  \___\_\     LGPL-3.0  © 2012-2023 GSI
[279746:internal-dpl-ccdb-backend]: 
[279746:internal-dpl-ccdb-backend]: [19:24:31][STATE] Starting FairMQ state machine --> IDLE
[279746:internal-dpl-ccdb-backend]: [19:24:31][STATE] IDLE ---> INITIALIZING DEVICE
[279746:internal-dpl-ccdb-backend]: [19:24:31][INFO] CCDB Backend at: http://alice-ccdb.cern.ch, validity check for every 2147483647 TF
[279746:internal-dpl-ccdb-backend]: [19:24:31][INFO] Init CcdApi with UserAgentID: localhost.localdomain-1692725071-dglQna, Host: http://alice-ccdb.cern.ch
[279746:internal-dpl-ccdb-backend]: [19:24:31][INFO] Initialised default CCDB host http://alice-ccdb.cern.ch
[279746:internal-dpl-ccdb-backend]: [19:24:31][INFO] The following route is a condition MFT/CLUSDICT/0
[279746:internal-dpl-ccdb-backend]: [19:24:31][INFO] - ccdb-path: MFT/Calib/ClusterDictionary
[279746:internal-dpl-ccdb-backend]: [19:24:31][INFO] The following route is a condition GLO/GRPECS/0
[279746:internal-dpl-ccdb-backend]: [19:24:31][INFO] - ccdb-path: GLO/Config/GRPECS
[279746:internal-dpl-ccdb-backend]: [19:24:31][INFO] The following route is a condition MFT/ALPIDEPARAM/0
[279746:internal-dpl-ccdb-backend]: [19:24:31][INFO] - ccdb-path: MFT/Config/AlpideParam
[279746:internal-dpl-ccdb-backend]: [19:24:31][INFO] The following route is a condition MFT/CLUSPARAM/0
[279746:internal-dpl-ccdb-backend]: [19:24:31][INFO] - ccdb-path: MFT/Config/ClustererParam
[279746:internal-dpl-ccdb-backend]: [19:24:31][INFO] The following route is a condition GLO/GRPMAGFIELD/0
[279746:internal-dpl-ccdb-backend]: [19:24:31][INFO] - ccdb-path: GLO/Config/GRPMagField
[279746:internal-dpl-ccdb-backend]: [19:24:31][INFO] The following route is a condition GLO/GEOMALIGN/0
[279746:internal-dpl-ccdb-backend]: [19:24:31][INFO] - ccdb-path: GLO/Config/GeometryAligned
[279746:internal-dpl-ccdb-backend]: [19:24:31][STATE] INITIALIZING DEVICE ---> INITIALIZED
[279746:internal-dpl-ccdb-backend]: [19:24:31][STATE] INITIALIZED ---> BINDING
[279746:internal-dpl-ccdb-backend]: [19:24:31][STATE] BINDING ---> BOUND
[279746:internal-dpl-ccdb-backend]: [19:24:31][STATE] BOUND ---> CONNECTING
[279746:internal-dpl-ccdb-backend]: [19:24:31][STATE] CONNECTING ---> DEVICE READY
[279746:internal-dpl-ccdb-backend]: [19:24:31][STATE] DEVICE READY ---> INITIALIZING TASK
[279746:internal-dpl-ccdb-backend]: [19:24:31][STATE] INITIALIZING TASK ---> READY
[279746:internal-dpl-ccdb-backend]: [19:24:31][STATE] READY ---> RUNNING
[279746:internal-dpl-ccdb-backend]: [19:24:31][INFO] fair::mq::Device running...
[279746:internal-dpl-ccdb-backend]: [19:24:31][INFO] LHCPeriod is not available, using current month AUG
[279746:internal-dpl-ccdb-backend]: [19:24:31][INFO] Correctly handshaken websocket connection.
[279750:mft-track-writer]: [19:24:31][INFO] 0: branch  MFTTrack set up
[279750:mft-track-writer]: [19:24:31][INFO] 1: branch  MFTTrackClusIdx set up
[279750:mft-track-writer]: [19:24:31][INFO] 2: branch  MFTTrackMCTruth set up
[279750:mft-track-writer]: [19:24:31][INFO] 3: branch  MFTTracksROF set up
[279750:mft-track-writer]: [19:24:31][INFO] 4: branch  MFTTracksMC2ROF set up
[279750:mft-track-writer]: [19:24:31][STATE] INITIALIZING DEVICE ---> INITIALIZED
[279750:mft-track-writer]: [19:24:31][STATE] INITIALIZED ---> BINDING
[279750:mft-track-writer]: [19:24:31][STATE] BINDING ---> BOUND
[279750:mft-track-writer]: [19:24:31][STATE] BOUND ---> CONNECTING
[279750:mft-track-writer]: [19:24:31][STATE] CONNECTING ---> DEVICE READY
[279750:mft-track-writer]: [19:24:31][STATE] DEVICE READY ---> INITIALIZING TASK
[279750:mft-track-writer]: [19:24:31][STATE] INITIALIZING TASK ---> READY
[279750:mft-track-writer]: [19:24:31][STATE] READY ---> RUNNING
[279750:mft-track-writer]: [19:24:31][INFO] fair::mq::Device running...
[279750:mft-track-writer]: [19:24:31][INFO] LHCPeriod is not available, using current month AUG
[279750:mft-track-writer]: [19:24:31][INFO] Correctly handshaken websocket connection.
[279745:mft-digit-reader]: [INFO] Instrumenting crash signals
[279745:mft-digit-reader]: [INFO] Spawing new device mft-digit-reader in process with pid 279745
[279745:mft-digit-reader]: [19:24:31][INFO] 
[279745:mft-digit-reader]:       ______      _    _______  _________ 
[279745:mft-digit-reader]:      / ____/___ _(_)_______   |/  /_  __ \    version 1.6.0
[279745:mft-digit-reader]:     / /_  / __ `/ / ___/__  /|_/ /_  / / /    build RELWITHDEBINFO
[279745:mft-digit-reader]:    / __/ / /_/ / / /    _  /  / / / /_/ /     https://github.com/FairRootGroup/FairMQ
[279745:mft-digit-reader]:   /_/    \__,_/_/_/     /_/  /_/  \___\_\     LGPL-3.0  © 2012-2023 GSI
[279745:mft-digit-reader]: 
[279745:mft-digit-reader]: [19:24:31][STATE] Starting FairMQ state machine --> IDLE
[279745:mft-digit-reader]: [19:24:31][STATE] IDLE ---> INITIALIZING DEVICE
[279745:mft-digit-reader]: [19:24:32][INFO] Loaded tree from mftdigits.root with 1 entries
[279745:mft-digit-reader]: [19:24:32][STATE] INITIALIZING DEVICE ---> INITIALIZED
[279745:mft-digit-reader]: [19:24:32][STATE] INITIALIZED ---> BINDING
[279745:mft-digit-reader]: [19:24:32][STATE] BINDING ---> BOUND
[279745:mft-digit-reader]: [19:24:32][STATE] BOUND ---> CONNECTING
[279745:mft-digit-reader]: [19:24:32][STATE] CONNECTING ---> DEVICE READY
[279745:mft-digit-reader]: [19:24:32][STATE] DEVICE READY ---> INITIALIZING TASK
[279745:mft-digit-reader]: [19:24:32][STATE] INITIALIZING TASK ---> READY
[279745:mft-digit-reader]: [19:24:32][STATE] READY ---> RUNNING
[279745:mft-digit-reader]: [19:24:32][INFO] fair::mq::Device running...
[279745:mft-digit-reader]: [19:24:32][INFO] LHCPeriod is not available, using current month AUG
[279745:mft-digit-reader]: [19:24:32][INFO] MFTDigitReader pushes 9 ROFRecords, 23140 digits at entry 0
[279745:mft-digit-reader]: [19:24:32][INFO] Sending end-of-stream message to channel from_mft-digit-reader_to_internal-dpl-ccdb-backend
[279745:mft-digit-reader]: [19:24:32][INFO] Sending end-of-stream message to channel from_mft-digit-reader_to_mft-clusterer
[279745:mft-digit-reader]: [19:24:32][INFO] Sending end-of-stream message to channel from_mft-digit-reader_to_internal-dpl-injected-dummy-sink
[279745:mft-digit-reader]: [19:24:32][INFO] Correctly handshaken websocket connection.
[279746:internal-dpl-ccdb-backend]: Info in <TJAlienConnectionManager>: Opening connection to JCentral. Please wait
[279746:internal-dpl-ccdb-backend]: Info in <TJAlienConnectionManager>: Opening connection to 137.138.99.172
[279746:internal-dpl-ccdb-backend]: Info in <TJAlienConnectionManager>: Successfully connected to 137.138.99.172
[279746:internal-dpl-ccdb-backend]: Info in <TJAlienFile::Open>: Accessing file /alice/data/CCDB/CTP/Calib/OrbitReset/06/62200/b9f985c3-b4b0-11ec-8fd3-90ce809b24ee in SE <ALICE::CERN::EOS>
[279746:internal-dpl-ccdb-backend]: [19:24:33][INFO] ccdb reads http://alice-ccdb.cern.ch/CTP/Calib/OrbitReset/1546300800000/b9f985c3-b4b0-11ec-8fd3-90ce809b24ee for 1546300800000 (load to memory, agent_id: localhost.localdomain-1692725071-dglQna), 
[279746:internal-dpl-ccdb-backend]: Info in <TJAlienFile::Open>: Accessing file /alice/data/CCDB/MFT/Calib/ClusterDictionary/13/20237/c9a0bd70-9fe3-11ec-975c-200114580202 in SE <ALICE::CERN::EOS>
[279746:internal-dpl-ccdb-backend]: [19:24:33][INFO] ccdb reads http://alice-ccdb.cern.ch/MFT/Calib/ClusterDictionary/0/c9a0bd70-9fe3-11ec-975c-200114580202 for 1546300800000 (load to memory, agent_id: localhost.localdomain-1692725071-dglQna), 
[279746:internal-dpl-ccdb-backend]: Info in <TJAlienFile::Open>: Accessing file /alice/data/CCDB/GLO/Config/GRPECS/03/07584/646e9be2-0210-11ed-8000-200114580202 in SE <ALICE::CERN::OCDB>
[279746:internal-dpl-ccdb-backend]: [19:24:34][INFO] ccdb reads http://alice-ccdb.cern.ch/GLO/Config/GRPECS/1546300800000/646e9be2-0210-11ed-8000-200114580202 for 1546300800000 (load to memory, agent_id: localhost.localdomain-1692725071-dglQna), 
[279746:internal-dpl-ccdb-backend]: Info in <TJAlienFile::Open>: Accessing file /alice/data/CCDB/MFT/Config/AlpideParam/04/29512/fd421b4c-d4ae-11ec-90c5-2a010e0a0b16 in SE <ALICE::CERN::OCDB>
[279746:internal-dpl-ccdb-backend]: [19:24:34][INFO] ccdb reads http://alice-ccdb.cern.ch/MFT/Config/AlpideParam/1/fd421b4c-d4ae-11ec-90c5-2a010e0a0b16 for 1546300800000 (load to memory, agent_id: localhost.localdomain-1692725071-dglQna), 
[279746:internal-dpl-ccdb-backend]: Info in <TJAlienFile::Open>: Accessing file /alice/data/CCDB/MFT/Config/ClustererParam/06/44388/8c661b10-f480-11ec-841e-2a010e0a0b16 in SE <ALICE::CERN::OCDB>
[279746:internal-dpl-ccdb-backend]: [19:24:34][INFO] ccdb reads http://alice-ccdb.cern.ch/MFT/Config/ClustererParam/1/8c661b10-f480-11ec-841e-2a010e0a0b16 for 1546300800000 (load to memory, agent_id: localhost.localdomain-1692725071-dglQna), 
[279746:internal-dpl-ccdb-backend]: Info in <TJAlienFile::Open>: Accessing file /alice/data/CCDB/GLO/Config/GRPMagField/06/62924/01d633ab-efdf-11ec-841e-2a010e0a0b16 in SE <ALICE::CERN::OCDB>
[279746:internal-dpl-ccdb-backend]: [19:24:34][INFO] ccdb reads http://alice-ccdb.cern.ch/GLO/Config/GRPMagField/1546300800000/01d633ab-efdf-11ec-841e-2a010e0a0b16 for 1546300800000 (load to memory, agent_id: localhost.localdomain-1692725071-dglQna), 
[279746:internal-dpl-ccdb-backend]: Info in <TJAlienFile::Open>: Accessing file /alice/data/CCDB/GLO/Config/GeometryAligned/06/21224/787687c0-287a-11ed-8141-200114580202 in SE <ALICE::CERN::OCDB>
[279746:internal-dpl-ccdb-backend]: [19:24:34][INFO] ccdb reads http://alice-ccdb.cern.ch/GLO/Config/GeometryAligned/1546300800000/787687c0-287a-11ed-8141-200114580202 for 1546300800000 (load to memory, agent_id: localhost.localdomain-1692725071-dglQna), 
[279746:internal-dpl-ccdb-backend]: [19:24:34][INFO] Sending end-of-stream message to channel from_internal-dpl-ccdb-backend_to_mft-clusterer
[279746:internal-dpl-ccdb-backend]: [19:24:34][INFO] Sending end-of-stream message to channel from_internal-dpl-ccdb-backend_to_mft-tracker
[279746:internal-dpl-ccdb-backend]: [19:24:34][INFO] Sending end-of-stream message to channel from_internal-dpl-ccdb-backend_to_internal-dpl-injected-dummy-sink
[279747:mft-clusterer]: [19:24:34][INFO] GRP ECS object updated
[279747:mft-clusterer]: [19:24:34][INFO] Caching in 140222120830688 ptr to GLO/GRPECS/0 (0x2e7d5a0)
[279747:mft-clusterer]: [19:24:34][INFO] cluster dictionary updated
[279747:mft-clusterer]: [19:24:34][INFO] Caching in 140222120808960 ptr to MFT/CLUSDICT/0 (0x41d8130)
[279747:mft-clusterer]: [19:24:34][INFO] Alpide param updated
[279747:mft-clusterer]: MFTAlpideParam.roFrameLengthInBC : 198		[ CCDB ]
[279747:mft-clusterer]: MFTAlpideParam.roFrameLengthTrig : 6000		[ CCDB ]
[279747:mft-clusterer]: MFTAlpideParam.strobeDelay : 99.8031		[ CCDB ]
[279747:mft-clusterer]: MFTAlpideParam.strobeLengthCont : -1		[ CCDB ]
[279747:mft-clusterer]: MFTAlpideParam.strobeLengthTrig : 100		[ CCDB ]
[279747:mft-clusterer]: MFTAlpideParam.roFrameBiasInBC : 0		[ CCDB ]
[279747:mft-clusterer]: [19:24:34][INFO] Caching in 140222120832960 ptr to MFT/ALPIDEPARAM/0 (0x7f8a7b6276e0)
[279747:mft-clusterer]: [19:24:34][INFO] Cluster param updated
[279747:mft-clusterer]: MFTClustererParam.maxRowColDiffToMask : 1		[ CCDB ]
[279747:mft-clusterer]: MFTClustererParam.maxBCDiffToMaskBias : 10		[ CCDB ]
[279747:mft-clusterer]: MFTClustererParam.maxBCDiffToSquashBias : -10		[ CCDB ]
[279747:mft-clusterer]: MFTClustererParam.maxSOTMUS : 8		[ CCDB ]
[279747:mft-clusterer]: [19:24:34][INFO] Caching in 140222120835232 ptr to MFT/CLUSPARAM/0 (0x7f8a7b6276b0)
[279747:mft-clusterer]: [19:24:34][INFO] Clusterizer squashes overflow pixels separated by 188 BC and <= 1 in row/col seeking down to 3 neighbour ROFs
[279747:mft-clusterer]: [19:24:34][INFO] Clusterizer masks overflow pixels separated by < 208 BC and <= 1 in row/col
[279747:mft-clusterer]: [19:24:34][INFO] Inclusive clusterization timing (w/o disk IO): Cpu: 0 Real: 0 s in 1 slots
[279747:mft-clusterer]: [19:24:34][INFO] Threads output merging timing                : Cpu: 0 Real: 0 s in 1 slots
[279747:mft-clusterer]: [19:24:34][INFO] Sending end-of-stream message to channel from_mft-clusterer_to_mft-cluster-writer
[279747:mft-clusterer]: [19:24:34][INFO] Sending end-of-stream message to channel from_mft-clusterer_to_mft-tracker
[279748:mft-cluster-writer]: [19:24:34][INFO] MFTClusterWriter pulled 3200 clusters, in 9 RO frames
[279748:mft-cluster-writer]: [19:24:34][INFO] Sending end-of-stream message to channel from_mft-cluster-writer_to_mft-tracker
[279749:mft-tracker]: [19:24:34][INFO] GRP MagField object updated
[279749:mft-tracker]: [19:24:34][INFO] MagneticField::Print: MagneticFieldMap:
[279749:mft-tracker]: [19:24:34][INFO] MagneticField::Print: Solenoid (-1*)5 kG, Dipole ON (-1) 
[279749:mft-tracker]: [19:24:34][INFO] MagneticField::Print: Machine B fields for p-p  beam (7000 GeV): QGrad: 22.0002 Dipole: 37.8781
[279749:mft-tracker]: [19:24:34][INFO] MagneticField::Print: Uses Sol30_Dip6_Hole  of /root/alice/sw/slc8_x86-64/O2/segment-local1/share/Common/maps/mfchebKGI_sym.root
[279749:mft-tracker]: Info in <TGeoGlobalMagField::SetField>: Global magnetic field set to <MagneticFieldMap>
[279749:mft-tracker]: Info in <TGeoGlobalMagField::Lock>: Global magnetic field <MagneticFieldMap> is now locked
[279749:mft-tracker]: [19:24:34][INFO] Caching in 140324900749696 ptr to GLO/GRPMAGFIELD/0 (0x42ad570)
[279749:mft-tracker]: [19:24:34][INFO] GRP ECS object updated
[279749:mft-tracker]: [19:24:34][INFO] Caching in 140324900742880 ptr to GLO/GRPECS/0 (0x34ade40)
[279749:mft-tracker]: Info in <TGeoManager::CloseGeometry>: Geometry loaded from file...
[279749:mft-tracker]: Info in <TGeoManager::SetTopVolume>: Top volume is cave. Master volume is cave
[279749:mft-tracker]: Info in <TGeoNavigator::BuildCache>: --- Maximum geometry depth set to 100
[279749:mft-tracker]: Info in <TGeoManager::Voxelize>: Voxelizing...
[279749:mft-tracker]: Info in <TGeoManager::CountLevels>: max level = 13, max placements = 735
[279749:mft-tracker]: Info in <TGeoManager::CloseGeometry>: 5346742 nodes/ 27442 volume UID's in FAIR geometry
[279749:mft-tracker]: Info in <TGeoManager::CloseGeometry>: ----------------modeler ready----------------
[279749:mft-tracker]: [19:24:35][INFO] aligned geometry updated
[279749:mft-tracker]: [19:24:35][INFO] Caching in 140324901532352 ptr to GLO/GEOMALIGN/0 (0x5230690)
[279749:mft-tracker]: [19:24:35][INFO] cluster dictionary updated
[279749:mft-tracker]: [19:24:35][INFO] Caching in 140324900721152 ptr to MFT/CLUSDICT/0 (0x4865ad0)
[279749:mft-tracker]: [19:24:35][INFO] MFTTracker RO: continuous =1
[279749:mft-tracker]: [19:24:36][INFO] MFT GeometryTGeo::Build total number of sensors 936
[279749:mft-tracker]: [19:24:36][INFO] Loading MFT T2L matrices from TGeo
[279749:mft-tracker]: [19:24:36][INFO] Loading MFT T2G matrices from TGeo
[279749:mft-tracker]: [19:24:36][INFO] Starting MFT tracker: Field is on! Bz = -5.00188
[279749:mft-tracker]: [19:24:36][INFO]   MFT tracker running with 1 threads
[279749:mft-tracker]: [19:24:36][INFO] Configurable tracker parameters:
[279749:mft-tracker]: [19:24:36][INFO] Fwd track model     = Optimized
[279749:mft-tracker]: [19:24:36][INFO] alignResidual       = 0
[279749:mft-tracker]: [19:24:36][INFO] MinTrackPointsLTF   = 5
[279749:mft-tracker]: [19:24:36][INFO] MinTrackPointsCA    = 5
[279749:mft-tracker]: [19:24:36][INFO] MinTrackStationsLTF = 4
[279749:mft-tracker]: [19:24:36][INFO] MinTrackStationsCA  = 4
[279749:mft-tracker]: [19:24:36][INFO] LTFConeRadius       = false
[279749:mft-tracker]: [19:24:36][INFO] CAConeRadius        = false
[279749:mft-tracker]: [19:24:36][INFO] LTFclsRCut          = 0.01
[279749:mft-tracker]: [19:24:36][INFO] ROADclsRCut         = 0.04
[279749:mft-tracker]: [19:24:36][INFO] RBins               = 30
[279749:mft-tracker]: [19:24:36][INFO] PhiBins             = 120
[279749:mft-tracker]: [19:24:36][INFO] ZVtxMin             = -13
[279749:mft-tracker]: [19:24:36][INFO] ZVtxMax             = 13
[279749:mft-tracker]: [19:24:36][INFO] RCutAtZmin          = 0.1
[279749:mft-tracker]: [19:24:36][INFO] TrueTrackMCThreshold          = 0.8
[279749:mft-tracker]: [19:24:36][INFO] FullClusterScan     = false
[279749:mft-tracker]: [19:24:36][INFO] forceZeroField      = false
[279749:mft-tracker]: [19:24:36][INFO] MFTRadLength        = 0.042
[279749:mft-tracker]: [19:24:36][INFO] irFramesOnly        = false
[279749:mft-tracker]: [19:24:36][INFO] isMultCutRequested  = false
[279749:mft-tracker]: [19:24:36][INFO] MFTTracker pulled 3200 compressed clusters in 9 RO frames
[279749:mft-tracker]: [19:24:36][INFO] 3200 MC label objects , in 20 MC events
[279749:mft-tracker]: [19:24:36][INFO] Loading MFT L2G matrices from TGeo
[279749:mft-tracker]: [19:24:36][INFO] MFTTracker pushed 261 tracks
[279749:mft-tracker]: [19:24:36][INFO] Timing    TotalProcessing: Cpu: 1.430e+00 s; Real: 1.469e+00 s in 1 slots
[279749:mft-tracker]: [19:24:36][INFO] Timing           LoadData: Cpu: 0.000e+00 s; Real: 3.085e-03 s in 1 slots
[279749:mft-tracker]: [19:24:36][INFO] Timing         FindTracks: Cpu: 1.000e-02 s; Real: 3.709e-03 s in 1 slots
[279749:mft-tracker]: [19:24:36][INFO] Timing          FitTracks: Cpu: 0.000e+00 s; Real: 2.905e-03 s in 1 slots
[279749:mft-tracker]: [19:24:36][INFO] Timing      ComputeLabels: Cpu: 0.000e+00 s; Real: 2.694e-05 s in 1 slots
[279749:mft-tracker]: [19:24:36][INFO] Sending end-of-stream message to channel from_mft-tracker_to_mft-track-writer
[INFO] Quitting
[INFO] QUIT_REQUESTED
[279744:internal-dpl-clock]: [19:24:36][INFO] Received device shutdown request (signal 15).
[279744:internal-dpl-clock]: [19:24:36][INFO] Waiting for graceful device shutdown. Hit Ctrl-C again to abort immediately.
[279745:mft-digit-reader]: [19:24:36][INFO] Received device shutdown request (signal 15).
[279745:mft-digit-reader]: [19:24:36][INFO] Waiting for graceful device shutdown. Hit Ctrl-C again to abort immediately.
[279745:mft-digit-reader]: [19:24:36][INFO] New state requested. No timeout set, quitting immediately as per --completion-policy
[279745:mft-digit-reader]: [19:24:36][STATE] RUNNING ---> READY
[279745:mft-digit-reader]: [19:24:36][STATE] READY ---> RESETTING TASK
[279745:mft-digit-reader]: [19:24:36][STATE] RESETTING TASK ---> DEVICE READY
[279745:mft-digit-reader]: [19:24:36][STATE] DEVICE READY ---> RESETTING DEVICE
[279746:internal-dpl-ccdb-backend]: [19:24:36][INFO] Received device shutdown request (signal 15).
[279746:internal-dpl-ccdb-backend]: [19:24:36][INFO] Waiting for graceful device shutdown. Hit Ctrl-C again to abort immediately.
[279747:mft-clusterer]: [19:24:36][INFO] Received device shutdown request (signal 15).
[279747:mft-clusterer]: [19:24:36][INFO] Waiting for graceful device shutdown. Hit Ctrl-C again to abort immediately.
[279747:mft-clusterer]: [19:24:36][INFO] New state requested. No timeout set, quitting immediately as per --completion-policy
[279747:mft-clusterer]: [19:24:36][STATE] RUNNING ---> READY
[279747:mft-clusterer]: [19:24:36][STATE] READY ---> RESETTING TASK
[279747:mft-clusterer]: [19:24:36][STATE] RESETTING TASK ---> DEVICE READY
[279747:mft-clusterer]: [19:24:36][STATE] DEVICE READY ---> RESETTING DEVICE
[279748:mft-cluster-writer]: [19:24:36][INFO] Received device shutdown request (signal 15).
[279748:mft-cluster-writer]: [19:24:36][INFO] Waiting for graceful device shutdown. Hit Ctrl-C again to abort immediately.
[279748:mft-cluster-writer]: [19:24:36][INFO] New state requested. No timeout set, quitting immediately as per --completion-policy
[279749:mft-tracker]: [19:24:36][INFO] Received device shutdown request (signal 15).
[279749:mft-tracker]: [19:24:36][INFO] Waiting for graceful device shutdown. Hit Ctrl-C again to abort immediately.
[279749:mft-tracker]: [19:24:36][INFO] New state requested. No timeout set, quitting immediately as per --completion-policy
[279749:mft-tracker]: [19:24:36][STATE] RUNNING ---> READY
[279749:mft-tracker]: [19:24:36][STATE] READY ---> RESETTING TASK
[279749:mft-tracker]: [19:24:36][STATE] RESETTING TASK ---> DEVICE READY
[279749:mft-tracker]: [19:24:36][STATE] DEVICE READY ---> RESETTING DEVICE
[279749:mft-tracker]: [19:24:36][STATE] RESETTING DEVICE ---> IDLE
[279749:mft-tracker]: [19:24:36][STATE] IDLE ---> EXITING
[279749:mft-tracker]: [19:24:36][STATE] Exiting FairMQ state machine
[279750:mft-track-writer]: [19:24:36][INFO] Received device shutdown request (signal 15).
[279750:mft-track-writer]: [19:24:36][INFO] Waiting for graceful device shutdown. Hit Ctrl-C again to abort immediately.
[279751:internal-dpl-injected-dummy-sink]: [19:24:36][INFO] Received device shutdown request (signal 15).
[279751:internal-dpl-injected-dummy-sink]: [19:24:36][INFO] Waiting for graceful device shutdown. Hit Ctrl-C again to abort immediately.
[279751:internal-dpl-injected-dummy-sink]: [19:24:36][INFO] New state requested. No timeout set, quitting immediately as per --completion-policy
[279751:internal-dpl-injected-dummy-sink]: [19:24:36][STATE] RUNNING ---> READY
[279751:internal-dpl-injected-dummy-sink]: [19:24:36][STATE] READY ---> RESETTING TASK
[279751:internal-dpl-injected-dummy-sink]: [19:24:36][STATE] RESETTING TASK ---> DEVICE READY
[279751:internal-dpl-injected-dummy-sink]: [19:24:36][STATE] DEVICE READY ---> RESETTING DEVICE
[279746:internal-dpl-ccdb-backend]: [19:24:36][INFO] New state requested. No timeout set, quitting immediately as per --completion-policy
[279746:internal-dpl-ccdb-backend]: [19:24:36][INFO] CCDB cache miss/hit ratio:
[279746:internal-dpl-ccdb-backend]: [19:24:36][INFO]   GLO/Config/GeometryAligned: 1/0 (1847296-1847296 bytes)
[279746:internal-dpl-ccdb-backend]: [19:24:36][INFO]   MFT/Config/ClustererParam: 1/0 (2048-2048 bytes)
[279746:internal-dpl-ccdb-backend]: [19:24:36][INFO]   MFT/Config/AlpideParam: 1/0 (2048-2048 bytes)
[279746:internal-dpl-ccdb-backend]: [19:24:36][INFO]   GLO/Config/GRPECS: 1/0 (2048-2048 bytes)
[279746:internal-dpl-ccdb-backend]: [19:24:36][INFO]   GLO/Config/GRPMagField: 1/0 (1024-1024 bytes)
[279746:internal-dpl-ccdb-backend]: [19:24:36][INFO]   MFT/Calib/ClusterDictionary: 1/0 (21504-21504 bytes)
[279746:internal-dpl-ccdb-backend]: [19:24:36][INFO]   CTP/Calib/OrbitReset: 1/1 (1024-1024 bytes)
[279746:internal-dpl-ccdb-backend]: [19:24:36][STATE] RUNNING ---> READY
[279747:mft-clusterer]: [19:24:36][STATE] RESETTING DEVICE ---> IDLE
[279747:mft-clusterer]: [19:24:36][STATE] IDLE ---> EXITING
[279746:internal-dpl-ccdb-backend]: [19:24:36][STATE] READY ---> RESETTING TASK
[279746:internal-dpl-ccdb-backend]: [19:24:36][STATE] RESETTING TASK ---> DEVICE READY
[279746:internal-dpl-ccdb-backend]: [19:24:36][STATE] DEVICE READY ---> RESETTING DEVICE
[279747:mft-clusterer]: [19:24:36][STATE] Exiting FairMQ state machine
[279744:internal-dpl-clock]: [19:24:36][INFO] New state requested. No timeout set, quitting immediately as per --completion-policy
[279744:internal-dpl-clock]: [19:24:36][STATE] RUNNING ---> READY
[279750:mft-track-writer]: [19:24:36][INFO] New state requested. No timeout set, quitting immediately as per --completion-policy
[279745:mft-digit-reader]: [19:24:36][STATE] RESETTING DEVICE ---> IDLE
[279744:internal-dpl-clock]: [19:24:36][STATE] READY ---> RESETTING TASK
[279744:internal-dpl-clock]: [19:24:36][STATE] RESETTING TASK ---> DEVICE READY
[279751:internal-dpl-injected-dummy-sink]: [19:24:36][STATE] RESETTING DEVICE ---> IDLE
[279745:mft-digit-reader]: [19:24:36][STATE] IDLE ---> EXITING
[279751:internal-dpl-injected-dummy-sink]: [19:24:36][STATE] IDLE ---> EXITING
[279751:internal-dpl-injected-dummy-sink]: [19:24:36][STATE] Exiting FairMQ state machine
[279744:internal-dpl-clock]: [19:24:36][STATE] DEVICE READY ---> RESETTING DEVICE
[279745:mft-digit-reader]: [19:24:36][STATE] Exiting FairMQ state machine
[279746:internal-dpl-ccdb-backend]: [19:24:36][STATE] RESETTING DEVICE ---> IDLE
[279746:internal-dpl-ccdb-backend]: [19:24:36][STATE] IDLE ---> EXITING
[279746:internal-dpl-ccdb-backend]: [19:24:36][STATE] Exiting FairMQ state machine
[279744:internal-dpl-clock]: [19:24:36][STATE] RESETTING DEVICE ---> IDLE
[279744:internal-dpl-clock]: [19:24:36][STATE] IDLE ---> EXITING
[279744:internal-dpl-clock]: [19:24:36][STATE] Exiting FairMQ state machine
[279750:mft-track-writer]: [19:24:36][STATE] RUNNING ---> READY
[279750:mft-track-writer]: [19:24:36][STATE] READY ---> RESETTING TASK
[279750:mft-track-writer]: [19:24:36][STATE] RESETTING TASK ---> DEVICE READY
[279750:mft-track-writer]: [19:24:36][STATE] DEVICE READY ---> RESETTING DEVICE
[279750:mft-track-writer]: [19:24:36][STATE] RESETTING DEVICE ---> IDLE
[279750:mft-track-writer]: [19:24:36][STATE] IDLE ---> EXITING
[279750:mft-track-writer]: [19:24:36][STATE] Exiting FairMQ state machine
[279748:mft-cluster-writer]: [19:24:36][STATE] RUNNING ---> READY
[279748:mft-cluster-writer]: [19:24:36][STATE] READY ---> RESETTING TASK
[279748:mft-cluster-writer]: [19:24:36][STATE] RESETTING TASK ---> DEVICE READY
[279748:mft-cluster-writer]: [19:24:36][STATE] DEVICE READY ---> RESETTING DEVICE
[279748:mft-cluster-writer]: [19:24:36][INFO] Cleaning up for shared memory id '6586801f'...
[279748:mft-cluster-writer]: [19:24:36][INFO] Found 0 unmanaged regions...
[279748:mft-cluster-writer]: [19:24:36][INFO] Found 1 managed segments...
[279748:mft-cluster-writer]: [19:24:36][INFO] Successfully removed 'fmq_6586801f_m_0'.
[279748:mft-cluster-writer]: [19:24:36][INFO] Successfully removed 'fmq_6586801f_mng'.
[279748:mft-cluster-writer]: [19:24:36][STATE] RESETTING DEVICE ---> IDLE
[279748:mft-cluster-writer]: [19:24:36][STATE] IDLE ---> EXITING
[279748:mft-cluster-writer]: [19:24:36][STATE] Exiting FairMQ state machine
[INFO] ## Processes completed. Run summary:
[INFO] ### Devices started: 8
[INFO]  - Device internal-dpl-clock: pid 279744 (exit 0)
[INFO]  - Device mft-digit-reader: pid 279745 (exit 0)
[INFO]  - Device internal-dpl-ccdb-backend: pid 279746 (exit 0)
[INFO]  - Device mft-clusterer: pid 279747 (exit 0)
[INFO]  - Device mft-cluster-writer: pid 279748 (exit 0)
[INFO]  - Device mft-tracker: pid 279749 (exit 0)
[INFO]  - Device mft-track-writer: pid 279750 (exit 0)
[INFO]  - Device internal-dpl-injected-dummy-sink: pid 279751 (exit 0)
[INFO] Dumping used configuration in dpl-config.json
TASK-EXIT-CODE: 0
