Running: TIME="#walltime %e" /usr/bin/time --output=svfinder.log_time ./svfinder.log_tmp.sh
[INFO] Strangeness tracker will use MC
[INFO] Initialising O2 Data Processing Layer. Driver PID: 295360.
[INFO] Driver listening on port: 33440
[INFO] Rate limiting set up at 500MB distributed over 1 readers
[INFO] O2 Data Processing Layer initialised. We brake for nobody.
[INFO] Optimised build. O2DEBUG / LOG(debug) / LOGF(debug) / assert statement will not be shown.
[INFO] Redeployment of configuration asked.
[INFO] Starting internal-dpl-clock on pid 295431
[INFO] Starting its-track-reader on pid 295432
[INFO] Starting its-cluster-reader on pid 295433
[INFO] Starting itstpc-track-reader on pid 295434
[INFO] Starting itstpctrd-track-reader on pid 295435
[INFO] Starting primary-vertex-reader on pid 295436
[INFO] Starting tpctrd-track-reader on pid 295437
[INFO] Starting TOFMatchedReader_ITSTPC on pid 295438
[INFO] Starting TOFMatchedReader_TPC on pid 295439
[INFO] Starting tof-cluster-reader on pid 295440
[INFO] Starting tpc-track-reader on pid 295441
[INFO] Starting TOFMatchedReader_ITSTPCTRD on pid 295442
[INFO] Starting TOFMatchedReader_TPCTRD on pid 295443
[INFO] Starting internal-dpl-ccdb-backend on pid 295444
[INFO] Starting secondary-vertexing on pid 295445
[INFO] Starting secondary-vertex-writer on pid 295447
[INFO] Starting strangenesstracking-writer on pid 295448
[INFO] Starting internal-dpl-injected-dummy-sink on pid 295449
[INFO] Redeployment of configuration done.
[295439:TOFMatchedReader_TPC]: [INFO] Strangeness tracker will use MC
[295441:tpc-track-reader]: [INFO] Strangeness tracker will use MC
[295434:itstpc-track-reader]: [INFO] Strangeness tracker will use MC
[295435:itstpctrd-track-reader]: [INFO] Strangeness tracker will use MC
[295431:internal-dpl-clock]: [INFO] Strangeness tracker will use MC
[295437:tpctrd-track-reader]: [INFO] Strangeness tracker will use MC
[295443:TOFMatchedReader_TPCTRD]: [INFO] Strangeness tracker will use MC
[295438:TOFMatchedReader_ITSTPC]: [INFO] Strangeness tracker will use MC
[295440:tof-cluster-reader]: [INFO] Strangeness tracker will use MC
[295444:internal-dpl-ccdb-backend]: [INFO] Strangeness tracker will use MC
[295435:itstpctrd-track-reader]: [INFO] Instrumenting crash signals
[295435:itstpctrd-track-reader]: [INFO] Spawing new device itstpctrd-track-reader in process with pid 295435
[295435:itstpctrd-track-reader]: [19:29:04][INFO] 
[295435:itstpctrd-track-reader]:       ______      _    _______  _________ 
[295435:itstpctrd-track-reader]:      / ____/___ _(_)_______   |/  /_  __ \    version 1.6.0
[295435:itstpctrd-track-reader]:     / /_  / __ `/ / ___/__  /|_/ /_  / / /    build RELWITHDEBINFO
[295435:itstpctrd-track-reader]:    / __/ / /_/ / / /    _  /  / / / /_/ /     https://github.com/FairRootGroup/FairMQ
[295435:itstpctrd-track-reader]:   /_/    \__,_/_/_/     /_/  /_/  \___\_\     LGPL-3.0  © 2012-2023 GSI
[295435:itstpctrd-track-reader]: 
[295435:itstpctrd-track-reader]: [19:29:04][STATE] Starting FairMQ state machine --> IDLE
[295434:itstpc-track-reader]: [INFO] Instrumenting crash signals
[295435:itstpctrd-track-reader]: [19:29:04][STATE] IDLE ---> INITIALIZING DEVICE
[295434:itstpc-track-reader]: [INFO] Spawing new device itstpc-track-reader in process with pid 295434
[295434:itstpc-track-reader]: [19:29:04][INFO] 
[295434:itstpc-track-reader]:       ______      _    _______  _________ 
[295434:itstpc-track-reader]:      / ____/___ _(_)_______   |/  /_  __ \    version 1.6.0
[295434:itstpc-track-reader]:     / /_  / __ `/ / ___/__  /|_/ /_  / / /    build RELWITHDEBINFO
[295434:itstpc-track-reader]:    / __/ / /_/ / / /    _  /  / / / /_/ /     https://github.com/FairRootGroup/FairMQ
[295434:itstpc-track-reader]:   /_/    \__,_/_/_/     /_/  /_/  \___\_\     LGPL-3.0  © 2012-2023 GSI
[295434:itstpc-track-reader]: 
[295434:itstpc-track-reader]: [19:29:04][STATE] Starting FairMQ state machine --> IDLE
[295437:tpctrd-track-reader]: [INFO] Instrumenting crash signals
[295437:tpctrd-track-reader]: [INFO] Spawing new device tpctrd-track-reader in process with pid 295437
[295437:tpctrd-track-reader]: [19:29:04][INFO] 
[295437:tpctrd-track-reader]:       ______      _    _______  _________ 
[295437:tpctrd-track-reader]:      / ____/___ _(_)_______   |/  /_  __ \    version 1.6.0
[295437:tpctrd-track-reader]:     / /_  / __ `/ / ___/__  /|_/ /_  / / /    build RELWITHDEBINFO
[295437:tpctrd-track-reader]:    / __/ / /_/ / / /    _  /  / / / /_/ /     https://github.com/FairRootGroup/FairMQ
[295437:tpctrd-track-reader]:   /_/    \__,_/_/_/     /_/  /_/  \___\_\     LGPL-3.0  © 2012-2023 GSI
[295437:tpctrd-track-reader]: 
[295437:tpctrd-track-reader]: [19:29:04][STATE] Starting FairMQ state machine --> IDLE
[295431:internal-dpl-clock]: [INFO] Instrumenting crash signals
[295431:internal-dpl-clock]: [INFO] Spawing new device internal-dpl-clock in process with pid 295431
[295431:internal-dpl-clock]: [19:29:04][INFO] 
[295431:internal-dpl-clock]:       ______      _    _______  _________ 
[295431:internal-dpl-clock]:      / ____/___ _(_)_______   |/  /_  __ \    version 1.6.0
[295431:internal-dpl-clock]:     / /_  / __ `/ / ___/__  /|_/ /_  / / /    build RELWITHDEBINFO
[295431:internal-dpl-clock]:    / __/ / /_/ / / /    _  /  / / / /_/ /     https://github.com/FairRootGroup/FairMQ
[295431:internal-dpl-clock]:   /_/    \__,_/_/_/     /_/  /_/  \___\_\     LGPL-3.0  © 2012-2023 GSI
[295431:internal-dpl-clock]: 
[295431:internal-dpl-clock]: [19:29:04][STATE] Starting FairMQ state machine --> IDLE
[295437:tpctrd-track-reader]: [19:29:04][STATE] IDLE ---> INITIALIZING DEVICE
[295431:internal-dpl-clock]: [19:29:04][STATE] IDLE ---> INITIALIZING DEVICE
[295434:itstpc-track-reader]: [19:29:04][STATE] IDLE ---> INITIALIZING DEVICE
[295438:TOFMatchedReader_ITSTPC]: [INFO] Instrumenting crash signals
[295438:TOFMatchedReader_ITSTPC]: [INFO] Spawing new device TOFMatchedReader_ITSTPC in process with pid 295438
[295438:TOFMatchedReader_ITSTPC]: [19:29:04][INFO] 
[295438:TOFMatchedReader_ITSTPC]:       ______      _    _______  _________ 
[295438:TOFMatchedReader_ITSTPC]:      / ____/___ _(_)_______   |/  /_  __ \    version 1.6.0
[295438:TOFMatchedReader_ITSTPC]:     / /_  / __ `/ / ___/__  /|_/ /_  / / /    build RELWITHDEBINFO
[295438:TOFMatchedReader_ITSTPC]:    / __/ / /_/ / / /    _  /  / / / /_/ /     https://github.com/FairRootGroup/FairMQ
[295438:TOFMatchedReader_ITSTPC]:   /_/    \__,_/_/_/     /_/  /_/  \___\_\     LGPL-3.0  © 2012-2023 GSI
[295438:TOFMatchedReader_ITSTPC]: 
[295438:TOFMatchedReader_ITSTPC]: [19:29:04][STATE] Starting FairMQ state machine --> IDLE
[295432:its-track-reader]: [INFO] Strangeness tracker will use MC
[295431:internal-dpl-clock]: [19:29:04][STATE] INITIALIZING DEVICE ---> INITIALIZED
[295449:internal-dpl-injected-dummy-sink]: [INFO] Strangeness tracker will use MC
[295447:secondary-vertex-writer]: [INFO] Strangeness tracker will use MC
[295438:TOFMatchedReader_ITSTPC]: [19:29:04][STATE] IDLE ---> INITIALIZING DEVICE
[295431:internal-dpl-clock]: [19:29:04][STATE] INITIALIZED ---> BINDING
[295433:its-cluster-reader]: [INFO] Strangeness tracker will use MC
[295436:primary-vertex-reader]: [INFO] Strangeness tracker will use MC
[295439:TOFMatchedReader_TPC]: [INFO] Instrumenting crash signals
[295431:internal-dpl-clock]: [19:29:05][STATE] BINDING ---> BOUND
[295439:TOFMatchedReader_TPC]: [INFO] Spawing new device TOFMatchedReader_TPC in process with pid 295439
[295439:TOFMatchedReader_TPC]: [19:29:05][INFO] 
[295439:TOFMatchedReader_TPC]:       ______      _    _______  _________ 
[295439:TOFMatchedReader_TPC]:      / ____/___ _(_)_______   |/  /_  __ \    version 1.6.0
[295439:TOFMatchedReader_TPC]:     / /_  / __ `/ / ___/__  /|_/ /_  / / /    build RELWITHDEBINFO
[295439:TOFMatchedReader_TPC]:    / __/ / /_/ / / /    _  /  / / / /_/ /     https://github.com/FairRootGroup/FairMQ
[295439:TOFMatchedReader_TPC]:   /_/    \__,_/_/_/     /_/  /_/  \___\_\     LGPL-3.0  © 2012-2023 GSI
[295439:TOFMatchedReader_TPC]: 
[295439:TOFMatchedReader_TPC]: [19:29:05][STATE] Starting FairMQ state machine --> IDLE
[295431:internal-dpl-clock]: [19:29:05][STATE] BOUND ---> CONNECTING
[295431:internal-dpl-clock]: [19:29:05][STATE] CONNECTING ---> DEVICE READY
[295431:internal-dpl-clock]: [19:29:05][STATE] DEVICE READY ---> INITIALIZING TASK
[295444:internal-dpl-ccdb-backend]: [INFO] Instrumenting crash signals
[295432:its-track-reader]: [INFO] Instrumenting crash signals
[295444:internal-dpl-ccdb-backend]: [INFO] Spawing new device internal-dpl-ccdb-backend in process with pid 295444
[295444:internal-dpl-ccdb-backend]: [19:29:05][INFO] 
[295444:internal-dpl-ccdb-backend]:       ______      _    _______  _________ 
[295444:internal-dpl-ccdb-backend]:      / ____/___ _(_)_______   |/  /_  __ \    version 1.6.0
[295444:internal-dpl-ccdb-backend]:     / /_  / __ `/ / ___/__  /|_/ /_  / / /    build RELWITHDEBINFO
[295444:internal-dpl-ccdb-backend]:    / __/ / /_/ / / /    _  /  / / / /_/ /     https://github.com/FairRootGroup/FairMQ
[295444:internal-dpl-ccdb-backend]:   /_/    \__,_/_/_/     /_/  /_/  \___\_\     LGPL-3.0  © 2012-2023 GSI
[295444:internal-dpl-ccdb-backend]: 
[295444:internal-dpl-ccdb-backend]: [19:29:05][STATE] Starting FairMQ state machine --> IDLE
[295440:tof-cluster-reader]: [INFO] Instrumenting crash signals
[295444:internal-dpl-ccdb-backend]: [19:29:05][STATE] IDLE ---> INITIALIZING DEVICE
[295444:internal-dpl-ccdb-backend]: [19:29:05][INFO] CCDB Backend at: http://alice-ccdb.cern.ch, validity check for every 2147483647 TF
[295444:internal-dpl-ccdb-backend]: [19:29:05][INFO] Init CcdApi with UserAgentID: localhost.localdomain-1692725345-gUHtWQ, Host: http://alice-ccdb.cern.ch
[295444:internal-dpl-ccdb-backend]: [19:29:05][INFO] Initialised default CCDB host http://alice-ccdb.cern.ch
[295444:internal-dpl-ccdb-backend]: [19:29:05][INFO] The following route is a condition TPC/VDriftTgl/0
[295444:internal-dpl-ccdb-backend]: [19:29:05][INFO] - ccdb-path: TPC/Calib/VDriftTgl
[295444:internal-dpl-ccdb-backend]: [19:29:05][INFO] The following route is a condition GLO/GEOMALIGN/0
[295444:internal-dpl-ccdb-backend]: [19:29:05][INFO] - ccdb-path: GLO/Config/GeometryAligned
[295444:internal-dpl-ccdb-backend]: [19:29:05][INFO] The following route is a condition GLO/GRPECS/0
[295444:internal-dpl-ccdb-backend]: [19:29:05][INFO] - ccdb-path: GLO/Config/GRPECS
[295444:internal-dpl-ccdb-backend]: [19:29:05][INFO] The following route is a condition GLO/GRPMAGFIELD/0
[295444:internal-dpl-ccdb-backend]: [19:29:05][INFO] - ccdb-path: GLO/Config/GRPMagField
[295444:internal-dpl-ccdb-backend]: [19:29:05][INFO] The following route is a condition GLO/MATLUT/0
[295444:internal-dpl-ccdb-backend]: [19:29:05][INFO] - ccdb-path: GLO/Param/MatLUT
[295444:internal-dpl-ccdb-backend]: [19:29:05][INFO] The following route is a condition ITS/ALPIDEPARAM/0
[295444:internal-dpl-ccdb-backend]: [19:29:05][INFO] - ccdb-path: ITS/Config/AlpideParam
[295444:internal-dpl-ccdb-backend]: [19:29:05][INFO] The following route is a condition ITS/CLUSDICT/0
[295444:internal-dpl-ccdb-backend]: [19:29:05][INFO] - ccdb-path: ITS/Calib/ClusterDictionary
[295444:internal-dpl-ccdb-backend]: [19:29:05][INFO] The following route is a condition TPC/CalibLaserTracks/0
[295444:internal-dpl-ccdb-backend]: [19:29:05][INFO] - ccdb-path: TPC/Calib/LaserTracks
[295444:internal-dpl-ccdb-backend]: [19:29:05][INFO] The following route is a condition TPC/CorrMap/0
[295444:internal-dpl-ccdb-backend]: [19:29:05][INFO] - ccdb-path: TPC/Calib/CorrectionMapV2
[295444:internal-dpl-ccdb-backend]: [19:29:05][INFO] The following route is a condition TPC/CorrMapRef/0
[295444:internal-dpl-ccdb-backend]: [19:29:05][INFO] - ccdb-path: TPC/Calib/CorrectionMapRefV2
[295444:internal-dpl-ccdb-backend]: [19:29:05][STATE] INITIALIZING DEVICE ---> INITIALIZED
[295444:internal-dpl-ccdb-backend]: [19:29:05][STATE] INITIALIZED ---> BINDING
[295444:internal-dpl-ccdb-backend]: [19:29:05][STATE] BINDING ---> BOUND
[295444:internal-dpl-ccdb-backend]: [19:29:05][STATE] BOUND ---> CONNECTING
[295444:internal-dpl-ccdb-backend]: [19:29:05][STATE] CONNECTING ---> DEVICE READY
[295444:internal-dpl-ccdb-backend]: [19:29:05][STATE] DEVICE READY ---> INITIALIZING TASK
[295433:its-cluster-reader]: [INFO] Instrumenting crash signals
[295444:internal-dpl-ccdb-backend]: [19:29:05][STATE] INITIALIZING TASK ---> READY
[295444:internal-dpl-ccdb-backend]: [19:29:05][STATE] READY ---> RUNNING
[295444:internal-dpl-ccdb-backend]: [19:29:05][INFO] fair::mq::Device running...
[295444:internal-dpl-ccdb-backend]: [19:29:05][INFO] LHCPeriod is not available, using current month AUG
[295444:internal-dpl-ccdb-backend]: [19:29:05][INFO] Correctly handshaken websocket connection.
[295432:its-track-reader]: [INFO] Spawing new device its-track-reader in process with pid 295432
[295432:its-track-reader]: [19:29:05][INFO] 
[295432:its-track-reader]:       ______      _    _______  _________ 
[295432:its-track-reader]:      / ____/___ _(_)_______   |/  /_  __ \    version 1.6.0
[295432:its-track-reader]:     / /_  / __ `/ / ___/__  /|_/ /_  / / /    build RELWITHDEBINFO
[295432:its-track-reader]:    / __/ / /_/ / / /    _  /  / / / /_/ /     https://github.com/FairRootGroup/FairMQ
[295432:its-track-reader]:   /_/    \__,_/_/_/     /_/  /_/  \___\_\     LGPL-3.0  © 2012-2023 GSI
[295432:its-track-reader]: 
[295432:its-track-reader]: [19:29:05][STATE] Starting FairMQ state machine --> IDLE
[295439:TOFMatchedReader_TPC]: [19:29:05][STATE] IDLE ---> INITIALIZING DEVICE
[295441:tpc-track-reader]: [INFO] Instrumenting crash signals
[295441:tpc-track-reader]: [INFO] Spawing new device tpc-track-reader in process with pid 295441
[295441:tpc-track-reader]: [19:29:05][INFO] 
[295441:tpc-track-reader]:       ______      _    _______  _________ 
[295441:tpc-track-reader]:      / ____/___ _(_)_______   |/  /_  __ \    version 1.6.0
[295441:tpc-track-reader]:     / /_  / __ `/ / ___/__  /|_/ /_  / / /    build RELWITHDEBINFO
[295441:tpc-track-reader]:    / __/ / /_/ / / /    _  /  / / / /_/ /     https://github.com/FairRootGroup/FairMQ
[295441:tpc-track-reader]:   /_/    \__,_/_/_/     /_/  /_/  \___\_\     LGPL-3.0  © 2012-2023 GSI
[295441:tpc-track-reader]: 
[295441:tpc-track-reader]: [19:29:05][STATE] Starting FairMQ state machine --> IDLE
[295449:internal-dpl-injected-dummy-sink]: [INFO] Instrumenting crash signals
[295449:internal-dpl-injected-dummy-sink]: [INFO] Spawing new device internal-dpl-injected-dummy-sink in process with pid 295449
[295449:internal-dpl-injected-dummy-sink]: [19:29:05][INFO] 
[295449:internal-dpl-injected-dummy-sink]:       ______      _    _______  _________ 
[295449:internal-dpl-injected-dummy-sink]:      / ____/___ _(_)_______   |/  /_  __ \    version 1.6.0
[295449:internal-dpl-injected-dummy-sink]:     / /_  / __ `/ / ___/__  /|_/ /_  / / /    build RELWITHDEBINFO
[295449:internal-dpl-injected-dummy-sink]:    / __/ / /_/ / / /    _  /  / / / /_/ /     https://github.com/FairRootGroup/FairMQ
[295449:internal-dpl-injected-dummy-sink]:   /_/    \__,_/_/_/     /_/  /_/  \___\_\     LGPL-3.0  © 2012-2023 GSI
[295449:internal-dpl-injected-dummy-sink]: 
[295449:internal-dpl-injected-dummy-sink]: [19:29:05][STATE] Starting FairMQ state machine --> IDLE
[295447:secondary-vertex-writer]: [INFO] Instrumenting crash signals
[295432:its-track-reader]: [19:29:05][STATE] IDLE ---> INITIALIZING DEVICE
[295436:primary-vertex-reader]: [INFO] Instrumenting crash signals
[295436:primary-vertex-reader]: [INFO] Spawing new device primary-vertex-reader in process with pid 295436
[295436:primary-vertex-reader]: [19:29:05][INFO] 
[295436:primary-vertex-reader]:       ______      _    _______  _________ 
[295436:primary-vertex-reader]:      / ____/___ _(_)_______   |/  /_  __ \    version 1.6.0
[295436:primary-vertex-reader]:     / /_  / __ `/ / ___/__  /|_/ /_  / / /    build RELWITHDEBINFO
[295436:primary-vertex-reader]:    / __/ / /_/ / / /    _  /  / / / /_/ /     https://github.com/FairRootGroup/FairMQ
[295436:primary-vertex-reader]:   /_/    \__,_/_/_/     /_/  /_/  \___\_\     LGPL-3.0  © 2012-2023 GSI
[295436:primary-vertex-reader]: 
[295436:primary-vertex-reader]: [19:29:05][STATE] Starting FairMQ state machine --> IDLE
[295431:internal-dpl-clock]: [19:29:05][STATE] INITIALIZING TASK ---> READY
[295431:internal-dpl-clock]: [19:29:05][STATE] READY ---> RUNNING
[295431:internal-dpl-clock]: [19:29:05][INFO] fair::mq::Device running...
[295431:internal-dpl-clock]: [19:29:05][INFO] LHCPeriod is not available, using current month AUG
[295440:tof-cluster-reader]: [INFO] Spawing new device tof-cluster-reader in process with pid 295440
[295431:internal-dpl-clock]: [19:29:05][INFO] Correctly handshaken websocket connection.
[295440:tof-cluster-reader]: [19:29:05][INFO] 
[295440:tof-cluster-reader]:       ______      _    _______  _________ 
[295440:tof-cluster-reader]:      / ____/___ _(_)_______   |/  /_  __ \    version 1.6.0
[295440:tof-cluster-reader]:     / /_  / __ `/ / ___/__  /|_/ /_  / / /    build RELWITHDEBINFO
[295440:tof-cluster-reader]:    / __/ / /_/ / / /    _  /  / / / /_/ /     https://github.com/FairRootGroup/FairMQ
[295440:tof-cluster-reader]:   /_/    \__,_/_/_/     /_/  /_/  \___\_\     LGPL-3.0  © 2012-2023 GSI
[295440:tof-cluster-reader]: 
[295440:tof-cluster-reader]: [19:29:05][STATE] Starting FairMQ state machine --> IDLE
[295443:TOFMatchedReader_TPCTRD]: [INFO] Instrumenting crash signals
[295443:TOFMatchedReader_TPCTRD]: [INFO] Spawing new device TOFMatchedReader_TPCTRD in process with pid 295443
[295447:secondary-vertex-writer]: [INFO] Spawing new device secondary-vertex-writer in process with pid 295447
[295447:secondary-vertex-writer]: [19:29:05][INFO] 
[295447:secondary-vertex-writer]:       ______      _    _______  _________ 
[295447:secondary-vertex-writer]:      / ____/___ _(_)_______   |/  /_  __ \    version 1.6.0
[295447:secondary-vertex-writer]:     / /_  / __ `/ / ___/__  /|_/ /_  / / /    build RELWITHDEBINFO
[295447:secondary-vertex-writer]:    / __/ / /_/ / / /    _  /  / / / /_/ /     https://github.com/FairRootGroup/FairMQ
[295447:secondary-vertex-writer]:   /_/    \__,_/_/_/     /_/  /_/  \___\_\     LGPL-3.0  © 2012-2023 GSI
[295447:secondary-vertex-writer]: 
[295447:secondary-vertex-writer]: [19:29:05][STATE] Starting FairMQ state machine --> IDLE
[295433:its-cluster-reader]: [INFO] Spawing new device its-cluster-reader in process with pid 295433
[295433:its-cluster-reader]: [19:29:05][INFO] 
[295433:its-cluster-reader]:       ______      _    _______  _________ 
[295433:its-cluster-reader]:      / ____/___ _(_)_______   |/  /_  __ \    version 1.6.0
[295433:its-cluster-reader]:     / /_  / __ `/ / ___/__  /|_/ /_  / / /    build RELWITHDEBINFO
[295433:its-cluster-reader]:    / __/ / /_/ / / /    _  /  / / / /_/ /     https://github.com/FairRootGroup/FairMQ
[295433:its-cluster-reader]:   /_/    \__,_/_/_/     /_/  /_/  \___\_\     LGPL-3.0  © 2012-2023 GSI
[295433:its-cluster-reader]: 
[295433:its-cluster-reader]: [19:29:05][STATE] Starting FairMQ state machine --> IDLE
[295449:internal-dpl-injected-dummy-sink]: [19:29:05][STATE] IDLE ---> INITIALIZING DEVICE
[295443:TOFMatchedReader_TPCTRD]: [19:29:05][INFO] 
[295443:TOFMatchedReader_TPCTRD]:       ______      _    _______  _________ 
[295443:TOFMatchedReader_TPCTRD]:      / ____/___ _(_)_______   |/  /_  __ \    version 1.6.0
[295443:TOFMatchedReader_TPCTRD]:     / /_  / __ `/ / ___/__  /|_/ /_  / / /    build RELWITHDEBINFO
[295443:TOFMatchedReader_TPCTRD]:    / __/ / /_/ / / /    _  /  / / / /_/ /     https://github.com/FairRootGroup/FairMQ
[295443:TOFMatchedReader_TPCTRD]:   /_/    \__,_/_/_/     /_/  /_/  \___\_\     LGPL-3.0  © 2012-2023 GSI
[295443:TOFMatchedReader_TPCTRD]: 
[295443:TOFMatchedReader_TPCTRD]: [19:29:05][STATE] Starting FairMQ state machine --> IDLE
[295435:itstpctrd-track-reader]: [19:29:05][INFO] Loaded tree from trdmatches_itstpc.root with 1 entries
[295436:primary-vertex-reader]: [19:29:05][STATE] IDLE ---> INITIALIZING DEVICE
[295440:tof-cluster-reader]: [19:29:05][STATE] IDLE ---> INITIALIZING DEVICE
[295441:tpc-track-reader]: [19:29:05][STATE] IDLE ---> INITIALIZING DEVICE
[295447:secondary-vertex-writer]: [19:29:05][STATE] IDLE ---> INITIALIZING DEVICE
[295449:internal-dpl-injected-dummy-sink]: [19:29:05][STATE] INITIALIZING DEVICE ---> INITIALIZED
[295449:internal-dpl-injected-dummy-sink]: [19:29:05][STATE] INITIALIZED ---> BINDING
[295449:internal-dpl-injected-dummy-sink]: [19:29:05][STATE] BINDING ---> BOUND
[295449:internal-dpl-injected-dummy-sink]: [19:29:05][STATE] BOUND ---> CONNECTING
[295449:internal-dpl-injected-dummy-sink]: [19:29:05][STATE] CONNECTING ---> DEVICE READY
[295449:internal-dpl-injected-dummy-sink]: [19:29:05][STATE] DEVICE READY ---> INITIALIZING TASK
[295443:TOFMatchedReader_TPCTRD]: [19:29:05][STATE] IDLE ---> INITIALIZING DEVICE
[295435:itstpctrd-track-reader]: [19:29:05][STATE] INITIALIZING DEVICE ---> INITIALIZED
[295435:itstpctrd-track-reader]: [19:29:05][STATE] INITIALIZED ---> BINDING
[295435:itstpctrd-track-reader]: [19:29:05][STATE] BINDING ---> BOUND
[295435:itstpctrd-track-reader]: [19:29:05][STATE] BOUND ---> CONNECTING
[295435:itstpctrd-track-reader]: [19:29:05][STATE] CONNECTING ---> DEVICE READY
[295435:itstpctrd-track-reader]: [19:29:05][STATE] DEVICE READY ---> INITIALIZING TASK
[295433:its-cluster-reader]: [19:29:05][STATE] IDLE ---> INITIALIZING DEVICE
[295435:itstpctrd-track-reader]: [19:29:05][STATE] INITIALIZING TASK ---> READY
[295435:itstpctrd-track-reader]: [19:29:05][STATE] READY ---> RUNNING
[295435:itstpctrd-track-reader]: [19:29:05][INFO] fair::mq::Device running...
[295435:itstpctrd-track-reader]: [19:29:05][INFO] LHCPeriod is not available, using current month AUG
[295435:itstpctrd-track-reader]: [19:29:05][INFO] Pushing 39 tracks and 3 trigger records at entry 0
[295435:itstpctrd-track-reader]: [19:29:05][INFO] Pushing 39 MC labels at entry 0
[295449:internal-dpl-injected-dummy-sink]: [19:29:05][STATE] INITIALIZING TASK ---> READY
[295449:internal-dpl-injected-dummy-sink]: [19:29:05][STATE] READY ---> RUNNING
[295449:internal-dpl-injected-dummy-sink]: [19:29:05][INFO] fair::mq::Device running...
[295449:internal-dpl-injected-dummy-sink]: [19:29:05][INFO] LHCPeriod is not available, using current month AUG
[295449:internal-dpl-injected-dummy-sink]: [19:29:05][INFO] Correctly handshaken websocket connection.
[295445:secondary-vertexing]: [INFO] Strangeness tracker will use MC
[295447:secondary-vertex-writer]: [19:29:05][INFO] 0: branch  V0sID set up
[295447:secondary-vertex-writer]: [19:29:05][INFO] 1: branch  V0s set up
[295447:secondary-vertex-writer]: [19:29:05][INFO] 2: branch  PV2V0Refs set up
[295447:secondary-vertex-writer]: [19:29:05][INFO] 3: branch  CascadesID set up
[295447:secondary-vertex-writer]: [19:29:05][INFO] 4: branch  Cascades set up
[295447:secondary-vertex-writer]: [19:29:05][INFO] 5: branch  PV2CascRefs set up
[295447:secondary-vertex-writer]: [19:29:05][INFO] 6: branch  Decays3BodyID set up
[295447:secondary-vertex-writer]: [19:29:05][INFO] 7: branch  Decays3Body set up
[295447:secondary-vertex-writer]: [19:29:05][INFO] 8: branch  PV23BodyRefs set up
[295447:secondary-vertex-writer]: [19:29:05][STATE] INITIALIZING DEVICE ---> INITIALIZED
[295447:secondary-vertex-writer]: [19:29:05][STATE] INITIALIZED ---> BINDING
[295447:secondary-vertex-writer]: [19:29:05][STATE] BINDING ---> BOUND
[295447:secondary-vertex-writer]: [19:29:05][STATE] BOUND ---> CONNECTING
[295447:secondary-vertex-writer]: [19:29:05][STATE] CONNECTING ---> DEVICE READY
[295447:secondary-vertex-writer]: [19:29:05][STATE] DEVICE READY ---> INITIALIZING TASK
[295447:secondary-vertex-writer]: [19:29:05][STATE] INITIALIZING TASK ---> READY
[295447:secondary-vertex-writer]: [19:29:05][STATE] READY ---> RUNNING
[295447:secondary-vertex-writer]: [19:29:05][INFO] fair::mq::Device running...
[295447:secondary-vertex-writer]: [19:29:05][INFO] LHCPeriod is not available, using current month AUG
[295447:secondary-vertex-writer]: [19:29:05][INFO] Correctly handshaken websocket connection.
[295445:secondary-vertexing]: [INFO] Instrumenting crash signals
[295445:secondary-vertexing]: [INFO] Spawing new device secondary-vertexing in process with pid 295445
[295445:secondary-vertexing]: [19:29:05][INFO] 
[295445:secondary-vertexing]:       ______      _    _______  _________ 
[295445:secondary-vertexing]:      / ____/___ _(_)_______   |/  /_  __ \    version 1.6.0
[295445:secondary-vertexing]:     / /_  / __ `/ / ___/__  /|_/ /_  / / /    build RELWITHDEBINFO
[295445:secondary-vertexing]:    / __/ / /_/ / / /    _  /  / / / /_/ /     https://github.com/FairRootGroup/FairMQ
[295445:secondary-vertexing]:   /_/    \__,_/_/_/     /_/  /_/  \___\_\     LGPL-3.0  © 2012-2023 GSI
[295445:secondary-vertexing]: 
[295445:secondary-vertexing]: [19:29:05][STATE] Starting FairMQ state machine --> IDLE
[295445:secondary-vertexing]: [19:29:05][STATE] IDLE ---> INITIALIZING DEVICE
[295445:secondary-vertexing]: [19:29:05][INFO] CTP Lumi request for TPC corr.map scaling=OFF, override values: lumiMean=0 lumiInst=0 lumiScaleMode=0
[295445:secondary-vertexing]: [19:29:05][STATE] INITIALIZING DEVICE ---> INITIALIZED
[295445:secondary-vertexing]: [19:29:05][STATE] INITIALIZED ---> BINDING
[295445:secondary-vertexing]: [19:29:05][STATE] BINDING ---> BOUND
[295445:secondary-vertexing]: [19:29:05][STATE] BOUND ---> CONNECTING
[295445:secondary-vertexing]: [19:29:05][STATE] CONNECTING ---> DEVICE READY
[295445:secondary-vertexing]: [19:29:05][STATE] DEVICE READY ---> INITIALIZING TASK
[295435:itstpctrd-track-reader]: [19:29:05][INFO] Sending end-of-stream message to channel from_itstpctrd-track-reader_to_secondary-vertexing
[295435:itstpctrd-track-reader]: [19:29:05][INFO] Correctly handshaken websocket connection.
[295445:secondary-vertexing]: [19:29:07][STATE] INITIALIZING TASK ---> READY
[295445:secondary-vertexing]: [19:29:07][STATE] READY ---> RUNNING
[295445:secondary-vertexing]: [19:29:07][INFO] fair::mq::Device running...
[295445:secondary-vertexing]: [19:29:07][INFO] LHCPeriod is not available, using current month AUG
[295445:secondary-vertexing]: [19:29:07][INFO] Correctly handshaken websocket connection.
[295448:strangenesstracking-writer]: [INFO] Strangeness tracker will use MC
[295442:TOFMatchedReader_ITSTPCTRD]: [INFO] Strangeness tracker will use MC
[295448:strangenesstracking-writer]: [INFO] Instrumenting crash signals
[295448:strangenesstracking-writer]: [INFO] Spawing new device strangenesstracking-writer in process with pid 295448
[295442:TOFMatchedReader_ITSTPCTRD]: [INFO] Instrumenting crash signals
[295448:strangenesstracking-writer]: [19:29:07][INFO] 
[295448:strangenesstracking-writer]:       ______      _    _______  _________ 
[295448:strangenesstracking-writer]:      / ____/___ _(_)_______   |/  /_  __ \    version 1.6.0
[295448:strangenesstracking-writer]:     / /_  / __ `/ / ___/__  /|_/ /_  / / /    build RELWITHDEBINFO
[295448:strangenesstracking-writer]:    / __/ / /_/ / / /    _  /  / / / /_/ /     https://github.com/FairRootGroup/FairMQ
[295448:strangenesstracking-writer]:   /_/    \__,_/_/_/     /_/  /_/  \___\_\     LGPL-3.0  © 2012-2023 GSI
[295448:strangenesstracking-writer]: 
[295448:strangenesstracking-writer]: [19:29:07][STATE] Starting FairMQ state machine --> IDLE
[295442:TOFMatchedReader_ITSTPCTRD]: [INFO] Spawing new device TOFMatchedReader_ITSTPCTRD in process with pid 295442
[295442:TOFMatchedReader_ITSTPCTRD]: [19:29:07][INFO] 
[295442:TOFMatchedReader_ITSTPCTRD]:       ______      _    _______  _________ 
[295442:TOFMatchedReader_ITSTPCTRD]:      / ____/___ _(_)_______   |/  /_  __ \    version 1.6.0
[295442:TOFMatchedReader_ITSTPCTRD]:     / /_  / __ `/ / ___/__  /|_/ /_  / / /    build RELWITHDEBINFO
[295442:TOFMatchedReader_ITSTPCTRD]:    / __/ / /_/ / / /    _  /  / / / /_/ /     https://github.com/FairRootGroup/FairMQ
[295442:TOFMatchedReader_ITSTPCTRD]:   /_/    \__,_/_/_/     /_/  /_/  \___\_\     LGPL-3.0  © 2012-2023 GSI
[295442:TOFMatchedReader_ITSTPCTRD]: 
[295442:TOFMatchedReader_ITSTPCTRD]: [19:29:07][STATE] Starting FairMQ state machine --> IDLE
[295442:TOFMatchedReader_ITSTPCTRD]: [19:29:07][STATE] IDLE ---> INITIALIZING DEVICE
[295448:strangenesstracking-writer]: [19:29:07][STATE] IDLE ---> INITIALIZING DEVICE
[295436:primary-vertex-reader]: [19:29:07][INFO] Loaded o2sim tree from o2_primary_vertex.root with 1 entries
[295436:primary-vertex-reader]: [19:29:07][STATE] INITIALIZING DEVICE ---> INITIALIZED
[295438:TOFMatchedReader_ITSTPC]: [19:29:07][STATE] INITIALIZING DEVICE ---> INITIALIZED
[295438:TOFMatchedReader_ITSTPC]: [19:29:07][STATE] INITIALIZED ---> BINDING
[295438:TOFMatchedReader_ITSTPC]: [19:29:07][STATE] BINDING ---> BOUND
[295436:primary-vertex-reader]: [19:29:07][STATE] INITIALIZED ---> BINDING
[295436:primary-vertex-reader]: [19:29:07][STATE] BINDING ---> BOUND
[295436:primary-vertex-reader]: [19:29:07][STATE] BOUND ---> CONNECTING
[295436:primary-vertex-reader]: [19:29:07][STATE] CONNECTING ---> DEVICE READY
[295436:primary-vertex-reader]: [19:29:07][STATE] DEVICE READY ---> INITIALIZING TASK
[295438:TOFMatchedReader_ITSTPC]: [19:29:07][STATE] BOUND ---> CONNECTING
[295438:TOFMatchedReader_ITSTPC]: [19:29:07][STATE] CONNECTING ---> DEVICE READY
[295436:primary-vertex-reader]: [19:29:07][STATE] INITIALIZING TASK ---> READY
[295436:primary-vertex-reader]: [19:29:07][STATE] READY ---> RUNNING
[295436:primary-vertex-reader]: [19:29:07][INFO] fair::mq::Device running...
[295436:primary-vertex-reader]: [19:29:07][INFO] LHCPeriod is not available, using current month AUG
[295436:primary-vertex-reader]: [19:29:07][INFO] Pushing 17 vertices at entry 0
[295438:TOFMatchedReader_ITSTPC]: [19:29:07][STATE] DEVICE READY ---> INITIALIZING TASK
[295448:strangenesstracking-writer]: [19:29:08][INFO] 0: branch  StrangeTracks set up
[295448:strangenesstracking-writer]: [19:29:08][INFO] 1: branch  ClusUpdates set up
[295448:strangenesstracking-writer]: [19:29:08][INFO] 2: branch  StrangeTrackMCLab set up
[295438:TOFMatchedReader_ITSTPC]: [19:29:08][STATE] INITIALIZING TASK ---> READY
[295438:TOFMatchedReader_ITSTPC]: [19:29:08][STATE] READY ---> RUNNING
[295438:TOFMatchedReader_ITSTPC]: [19:29:08][INFO] fair::mq::Device running...
[295438:TOFMatchedReader_ITSTPC]: [19:29:08][INFO] LHCPeriod is not available, using current month AUG
[295436:primary-vertex-reader]: [19:29:08][INFO] Sending end-of-stream message to channel from_primary-vertex-reader_to_secondary-vertexing
[295436:primary-vertex-reader]: [19:29:08][INFO] Correctly handshaken websocket connection.
[295448:strangenesstracking-writer]: [19:29:08][STATE] INITIALIZING DEVICE ---> INITIALIZED
[295448:strangenesstracking-writer]: [19:29:08][STATE] INITIALIZED ---> BINDING
[295448:strangenesstracking-writer]: [19:29:08][STATE] BINDING ---> BOUND
[295448:strangenesstracking-writer]: [19:29:08][STATE] BOUND ---> CONNECTING
[295448:strangenesstracking-writer]: [19:29:08][STATE] CONNECTING ---> DEVICE READY
[295438:TOFMatchedReader_ITSTPC]: [19:29:08][INFO] Sending end-of-stream message to channel from_TOFMatchedReader_ITSTPC_to_internal-dpl-ccdb-backend
[295438:TOFMatchedReader_ITSTPC]: [19:29:08][INFO] Sending end-of-stream message to channel from_TOFMatchedReader_ITSTPC_to_secondary-vertexing
[295438:TOFMatchedReader_ITSTPC]: [19:29:08][INFO] Correctly handshaken websocket connection.
[295448:strangenesstracking-writer]: [19:29:08][STATE] DEVICE READY ---> INITIALIZING TASK
[295448:strangenesstracking-writer]: [19:29:08][STATE] INITIALIZING TASK ---> READY
[295448:strangenesstracking-writer]: [19:29:08][STATE] READY ---> RUNNING
[295448:strangenesstracking-writer]: [19:29:08][INFO] fair::mq::Device running...
[295448:strangenesstracking-writer]: [19:29:08][INFO] LHCPeriod is not available, using current month AUG
[295448:strangenesstracking-writer]: [19:29:08][INFO] Correctly handshaken websocket connection.
[295443:TOFMatchedReader_TPCTRD]: [19:29:08][STATE] INITIALIZING DEVICE ---> INITIALIZED
[295443:TOFMatchedReader_TPCTRD]: [19:29:08][STATE] INITIALIZED ---> BINDING
[295443:TOFMatchedReader_TPCTRD]: [19:29:08][STATE] BINDING ---> BOUND
[295443:TOFMatchedReader_TPCTRD]: [19:29:08][STATE] BOUND ---> CONNECTING
[295443:TOFMatchedReader_TPCTRD]: [19:29:08][STATE] CONNECTING ---> DEVICE READY
[295443:TOFMatchedReader_TPCTRD]: [19:29:08][STATE] DEVICE READY ---> INITIALIZING TASK
[295443:TOFMatchedReader_TPCTRD]: [19:29:08][STATE] INITIALIZING TASK ---> READY
[295443:TOFMatchedReader_TPCTRD]: [19:29:08][STATE] READY ---> RUNNING
[295443:TOFMatchedReader_TPCTRD]: [19:29:08][INFO] fair::mq::Device running...
[295443:TOFMatchedReader_TPCTRD]: [19:29:08][INFO] LHCPeriod is not available, using current month AUG
[295443:TOFMatchedReader_TPCTRD]: [19:29:08][INFO] Sending end-of-stream message to channel from_TOFMatchedReader_TPCTRD_to_secondary-vertexing
[295443:TOFMatchedReader_TPCTRD]: [19:29:08][INFO] Correctly handshaken websocket connection.
[295434:itstpc-track-reader]: [19:29:09][INFO] Loaded tree from o2match_itstpc.root with 1 entries
[295434:itstpc-track-reader]: [19:29:09][STATE] INITIALIZING DEVICE ---> INITIALIZED
[295433:its-cluster-reader]: [19:29:09][INFO] Loaded tree from o2clus_its.root with 1 entries
[295433:its-cluster-reader]: [19:29:09][STATE] INITIALIZING DEVICE ---> INITIALIZED
[295433:its-cluster-reader]: [19:29:09][STATE] INITIALIZED ---> BINDING
[295433:its-cluster-reader]: [19:29:09][STATE] BINDING ---> BOUND
[295433:its-cluster-reader]: [19:29:09][STATE] BOUND ---> CONNECTING
[295433:its-cluster-reader]: [19:29:09][STATE] CONNECTING ---> DEVICE READY
[295433:its-cluster-reader]: [19:29:09][STATE] DEVICE READY ---> INITIALIZING TASK
[295434:itstpc-track-reader]: [19:29:09][STATE] INITIALIZED ---> BINDING
[295434:itstpc-track-reader]: [19:29:09][STATE] BINDING ---> BOUND
[295434:itstpc-track-reader]: [19:29:09][STATE] BOUND ---> CONNECTING
[295434:itstpc-track-reader]: [19:29:09][STATE] CONNECTING ---> DEVICE READY
[295434:itstpc-track-reader]: [19:29:09][STATE] DEVICE READY ---> INITIALIZING TASK
[295434:itstpc-track-reader]: [19:29:09][STATE] INITIALIZING TASK ---> READY
[295434:itstpc-track-reader]: [19:29:09][STATE] READY ---> RUNNING
[295434:itstpc-track-reader]: [19:29:09][INFO] fair::mq::Device running...
[295434:itstpc-track-reader]: [19:29:09][INFO] LHCPeriod is not available, using current month AUG
[295434:itstpc-track-reader]: [19:29:09][INFO] Pushing 446 TPC-ITS matches at entry 0
[295433:its-cluster-reader]: [19:29:09][STATE] INITIALIZING TASK ---> READY
[295433:its-cluster-reader]: [19:29:09][STATE] READY ---> RUNNING
[295433:its-cluster-reader]: [19:29:09][INFO] fair::mq::Device running...
[295433:its-cluster-reader]: [19:29:09][INFO] LHCPeriod is not available, using current month AUG
[295433:its-cluster-reader]: [19:29:09][INFO] ITSClusterReader pushes 9 ROFRecords,7894 compact clusters at entry 0
[295434:itstpc-track-reader]: [19:29:09][INFO] Sending end-of-stream message to channel from_itstpc-track-reader_to_secondary-vertexing
[295434:itstpc-track-reader]: [19:29:09][INFO] Correctly handshaken websocket connection.
[295437:tpctrd-track-reader]: [19:29:09][INFO] Loaded tree from trdmatches_tpc.root with 1 entries
[295437:tpctrd-track-reader]: [19:29:09][STATE] INITIALIZING DEVICE ---> INITIALIZED
[295437:tpctrd-track-reader]: [19:29:09][STATE] INITIALIZED ---> BINDING
[295437:tpctrd-track-reader]: [19:29:09][STATE] BINDING ---> BOUND
[295437:tpctrd-track-reader]: [19:29:09][STATE] BOUND ---> CONNECTING
[295437:tpctrd-track-reader]: [19:29:09][STATE] CONNECTING ---> DEVICE READY
[295433:its-cluster-reader]: [19:29:09][INFO] Sending end-of-stream message to channel from_its-cluster-reader_to_secondary-vertexing
[295433:its-cluster-reader]: [19:29:09][INFO] Sending end-of-stream message to channel from_its-cluster-reader_to_internal-dpl-injected-dummy-sink
[295433:its-cluster-reader]: [19:29:09][INFO] Correctly handshaken websocket connection.
[295437:tpctrd-track-reader]: [19:29:09][STATE] DEVICE READY ---> INITIALIZING TASK
[295437:tpctrd-track-reader]: [19:29:09][STATE] INITIALIZING TASK ---> READY
[295437:tpctrd-track-reader]: [19:29:09][STATE] READY ---> RUNNING
[295437:tpctrd-track-reader]: [19:29:09][INFO] fair::mq::Device running...
[295437:tpctrd-track-reader]: [19:29:09][INFO] LHCPeriod is not available, using current month AUG
[295437:tpctrd-track-reader]: [19:29:09][INFO] Pushing 20 tracks and 3 trigger records at entry 0
[295437:tpctrd-track-reader]: [19:29:09][INFO] Pushing 20 MC labels at entry 0
[295440:tof-cluster-reader]: [19:29:09][STATE] INITIALIZING DEVICE ---> INITIALIZED
[295440:tof-cluster-reader]: [19:29:09][STATE] INITIALIZED ---> BINDING
[295440:tof-cluster-reader]: [19:29:09][STATE] BINDING ---> BOUND
[295440:tof-cluster-reader]: [19:29:09][STATE] BOUND ---> CONNECTING
[295440:tof-cluster-reader]: [19:29:09][STATE] CONNECTING ---> DEVICE READY
[295440:tof-cluster-reader]: [19:29:09][STATE] DEVICE READY ---> INITIALIZING TASK
[295440:tof-cluster-reader]: [19:29:09][STATE] INITIALIZING TASK ---> READY
[295440:tof-cluster-reader]: [19:29:09][STATE] READY ---> RUNNING
[295440:tof-cluster-reader]: [19:29:09][INFO] fair::mq::Device running...
[295440:tof-cluster-reader]: [19:29:09][INFO] LHCPeriod is not available, using current month AUG
[295441:tpc-track-reader]: [19:29:09][INFO] Will use MC-truth from TPCTracksMCTruth
[295441:tpc-track-reader]: [19:29:09][INFO] Loaded tree from tpctracks.root with 1 entries
[295441:tpc-track-reader]: [19:29:09][STATE] INITIALIZING DEVICE ---> INITIALIZED
[295441:tpc-track-reader]: [19:29:09][STATE] INITIALIZED ---> BINDING
[295441:tpc-track-reader]: [19:29:09][STATE] BINDING ---> BOUND
[295441:tpc-track-reader]: [19:29:09][STATE] BOUND ---> CONNECTING
[295441:tpc-track-reader]: [19:29:09][STATE] CONNECTING ---> DEVICE READY
[295441:tpc-track-reader]: [19:29:09][STATE] DEVICE READY ---> INITIALIZING TASK
[295441:tpc-track-reader]: [19:29:09][STATE] INITIALIZING TASK ---> READY
[295437:tpctrd-track-reader]: [19:29:09][INFO] Sending end-of-stream message to channel from_tpctrd-track-reader_to_secondary-vertexing
[295437:tpctrd-track-reader]: [19:29:09][INFO] Correctly handshaken websocket connection.
[295441:tpc-track-reader]: [19:29:09][STATE] READY ---> RUNNING
[295441:tpc-track-reader]: [19:29:09][INFO] fair::mq::Device running...
[295441:tpc-track-reader]: [19:29:09][INFO] LHCPeriod is not available, using current month AUG
[295441:tpc-track-reader]: [19:29:09][INFO] TPCTrackReader pushes 1395 tracks from entries 0 : 0
[295439:TOFMatchedReader_TPC]: [19:29:09][STATE] INITIALIZING DEVICE ---> INITIALIZED
[295439:TOFMatchedReader_TPC]: [19:29:09][STATE] INITIALIZED ---> BINDING
[295439:TOFMatchedReader_TPC]: [19:29:09][STATE] BINDING ---> BOUND
[295439:TOFMatchedReader_TPC]: [19:29:09][STATE] BOUND ---> CONNECTING
[295439:TOFMatchedReader_TPC]: [19:29:09][STATE] CONNECTING ---> DEVICE READY
[295440:tof-cluster-reader]: [19:29:09][INFO] Sending end-of-stream message to channel from_tof-cluster-reader_to_secondary-vertexing
[295440:tof-cluster-reader]: [19:29:09][INFO] Sending end-of-stream message to channel from_tof-cluster-reader_to_internal-dpl-injected-dummy-sink
[295440:tof-cluster-reader]: [19:29:09][INFO] Correctly handshaken websocket connection.
[295441:tpc-track-reader]: [19:29:09][INFO] Sending end-of-stream message to channel from_tpc-track-reader_to_secondary-vertexing
[295441:tpc-track-reader]: [19:29:09][INFO] Correctly handshaken websocket connection.
[295439:TOFMatchedReader_TPC]: [19:29:09][STATE] DEVICE READY ---> INITIALIZING TASK
[295439:TOFMatchedReader_TPC]: [19:29:09][STATE] INITIALIZING TASK ---> READY
[295439:TOFMatchedReader_TPC]: [19:29:09][STATE] READY ---> RUNNING
[295439:TOFMatchedReader_TPC]: [19:29:09][INFO] fair::mq::Device running...
[295439:TOFMatchedReader_TPC]: [19:29:09][INFO] LHCPeriod is not available, using current month AUG
[295439:TOFMatchedReader_TPC]: [19:29:09][INFO] Sending end-of-stream message to channel from_TOFMatchedReader_TPC_to_secondary-vertexing
[295439:TOFMatchedReader_TPC]: [19:29:09][INFO] Correctly handshaken websocket connection.
[295432:its-track-reader]: [19:29:10][INFO] Loaded tree from o2trac_its.root with 1 entries
[295432:its-track-reader]: [19:29:10][STATE] INITIALIZING DEVICE ---> INITIALIZED
[295432:its-track-reader]: [19:29:10][STATE] INITIALIZED ---> BINDING
[295432:its-track-reader]: [19:29:10][STATE] BINDING ---> BOUND
[295432:its-track-reader]: [19:29:10][STATE] BOUND ---> CONNECTING
[295432:its-track-reader]: [19:29:10][STATE] CONNECTING ---> DEVICE READY
[295432:its-track-reader]: [19:29:10][STATE] DEVICE READY ---> INITIALIZING TASK
[295432:its-track-reader]: [19:29:10][STATE] INITIALIZING TASK ---> READY
[295432:its-track-reader]: [19:29:10][STATE] READY ---> RUNNING
[295432:its-track-reader]: [19:29:10][INFO] fair::mq::Device running...
[295432:its-track-reader]: [19:29:10][INFO] LHCPeriod is not available, using current month AUG
[295432:its-track-reader]: [19:29:10][INFO] Pushing 548 track in 9 ROFs at entry 0
[295432:its-track-reader]: [19:29:10][INFO] Sending end-of-stream message to channel from_its-track-reader_to_secondary-vertexing
[295432:its-track-reader]: [19:29:10][INFO] Sending end-of-stream message to channel from_its-track-reader_to_internal-dpl-injected-dummy-sink
[295432:its-track-reader]: [19:29:10][INFO] Correctly handshaken websocket connection.
[295442:TOFMatchedReader_ITSTPCTRD]: [19:29:10][STATE] INITIALIZING DEVICE ---> INITIALIZED
[295442:TOFMatchedReader_ITSTPCTRD]: [19:29:10][STATE] INITIALIZED ---> BINDING
[295442:TOFMatchedReader_ITSTPCTRD]: [19:29:10][STATE] BINDING ---> BOUND
[295442:TOFMatchedReader_ITSTPCTRD]: [19:29:10][STATE] BOUND ---> CONNECTING
[295442:TOFMatchedReader_ITSTPCTRD]: [19:29:10][STATE] CONNECTING ---> DEVICE READY
[295442:TOFMatchedReader_ITSTPCTRD]: [19:29:10][STATE] DEVICE READY ---> INITIALIZING TASK
[295442:TOFMatchedReader_ITSTPCTRD]: [19:29:10][STATE] INITIALIZING TASK ---> READY
[295442:TOFMatchedReader_ITSTPCTRD]: [19:29:10][STATE] READY ---> RUNNING
[295442:TOFMatchedReader_ITSTPCTRD]: [19:29:10][INFO] fair::mq::Device running...
[295442:TOFMatchedReader_ITSTPCTRD]: [19:29:10][INFO] LHCPeriod is not available, using current month AUG
[295442:TOFMatchedReader_ITSTPCTRD]: [19:29:10][INFO] Sending end-of-stream message to channel from_TOFMatchedReader_ITSTPCTRD_to_secondary-vertexing
[295442:TOFMatchedReader_ITSTPCTRD]: [19:29:10][INFO] Correctly handshaken websocket connection.
[295444:internal-dpl-ccdb-backend]: Info in <TJAlienConnectionManager>: Opening connection to JCentral. Please wait
[295444:internal-dpl-ccdb-backend]: Info in <TJAlienConnectionManager>: Opening connection to 137.138.47.221
[295444:internal-dpl-ccdb-backend]: Info in <TJAlienConnectionManager>: Successfully connected to 137.138.47.221
[295444:internal-dpl-ccdb-backend]: Info in <TJAlienFile::Open>: Accessing file /alice/data/CCDB/CTP/Calib/OrbitReset/06/62200/b9f985c3-b4b0-11ec-8fd3-90ce809b24ee in SE <ALICE::CERN::EOS>
[295444:internal-dpl-ccdb-backend]: [19:29:11][INFO] ccdb reads http://alice-ccdb.cern.ch/CTP/Calib/OrbitReset/1546300800000/b9f985c3-b4b0-11ec-8fd3-90ce809b24ee for 1546300800000 (load to memory, agent_id: localhost.localdomain-1692725345-gUHtWQ), 
[295444:internal-dpl-ccdb-backend]: Info in <TJAlienFile::Open>: Accessing file /alice/data/CCDB/TPC/Calib/VDriftTgl/04/00148/01683855-2e90-11ed-ac0b-200114580202 in SE <ALICE::CERN::OCDB>
[295444:internal-dpl-ccdb-backend]: [19:29:12][INFO] ccdb reads http://alice-ccdb.cern.ch/TPC/Calib/VDriftTgl/1546300800000/01683855-2e90-11ed-ac0b-200114580202 for 1546300800000 (load to memory, agent_id: localhost.localdomain-1692725345-gUHtWQ), 
[295444:internal-dpl-ccdb-backend]: Info in <TJAlienFile::Open>: Accessing file /alice/data/CCDB/GLO/Config/GeometryAligned/06/21224/787687c0-287a-11ed-8141-200114580202 in SE <ALICE::CERN::OCDB>
[295444:internal-dpl-ccdb-backend]: [19:29:12][INFO] ccdb reads http://alice-ccdb.cern.ch/GLO/Config/GeometryAligned/1546300800000/787687c0-287a-11ed-8141-200114580202 for 1546300800000 (load to memory, agent_id: localhost.localdomain-1692725345-gUHtWQ), 
[295444:internal-dpl-ccdb-backend]: Info in <TJAlienFile::Open>: Accessing file /alice/data/CCDB/GLO/Config/GRPECS/03/07584/646e9be2-0210-11ed-8000-200114580202 in SE <ALICE::CERN::OCDB>
[295444:internal-dpl-ccdb-backend]: [19:29:12][INFO] ccdb reads http://alice-ccdb.cern.ch/GLO/Config/GRPECS/1546300800000/646e9be2-0210-11ed-8000-200114580202 for 1546300800000 (load to memory, agent_id: localhost.localdomain-1692725345-gUHtWQ), 
[295444:internal-dpl-ccdb-backend]: Info in <TJAlienFile::Open>: Accessing file /alice/data/CCDB/GLO/Config/GRPMagField/06/62924/01d633ab-efdf-11ec-841e-2a010e0a0b16 in SE <ALICE::CERN::OCDB>
[295444:internal-dpl-ccdb-backend]: [19:29:12][INFO] ccdb reads http://alice-ccdb.cern.ch/GLO/Config/GRPMagField/1546300800000/01d633ab-efdf-11ec-841e-2a010e0a0b16 for 1546300800000 (load to memory, agent_id: localhost.localdomain-1692725345-gUHtWQ), 
[295444:internal-dpl-ccdb-backend]: Info in <TJAlienFile::Open>: Accessing file /alice/data/CCDB/GLO/Param/MatLUT/05/24630/d5a2a33e-dba4-11ec-9e90-2a010e0a0b16 in SE <ALICE::CERN::OCDB>
[295444:internal-dpl-ccdb-backend]: [19:29:12][INFO] ccdb reads http://alice-ccdb.cern.ch/GLO/Param/MatLUT/1546300800000/d5a2a33e-dba4-11ec-9e90-2a010e0a0b16 for 1546300800000 (load to memory, agent_id: localhost.localdomain-1692725345-gUHtWQ), 
[295444:internal-dpl-ccdb-backend]: Info in <TJAlienFile::Open>: Accessing file /alice/data/CCDB/ITS/Config/AlpideParam/02/10715/76f24ad5-e339-11ec-9e90-200114580204 in SE <ALICE::CERN::OCDB>
[295444:internal-dpl-ccdb-backend]: [19:29:12][INFO] ccdb reads http://alice-ccdb.cern.ch/ITS/Config/AlpideParam/1546300800000/76f24ad5-e339-11ec-9e90-200114580204 for 1546300800000 (load to memory, agent_id: localhost.localdomain-1692725345-gUHtWQ), 
[295444:internal-dpl-ccdb-backend]: Info in <TJAlienFile::Open>: Accessing file /alice/data/CCDB/ITS/Calib/ClusterDictionary/09/10449/c245a720-9fe3-11ec-975c-200114580202 in SE <ALICE::CERN::OCDB>
[295444:internal-dpl-ccdb-backend]: [19:29:13][INFO] ccdb reads http://alice-ccdb.cern.ch/ITS/Calib/ClusterDictionary/0/c245a720-9fe3-11ec-975c-200114580202 for 1546300800000 (load to memory, agent_id: localhost.localdomain-1692725345-gUHtWQ), 
[295444:internal-dpl-ccdb-backend]: Info in <TJAlienFile::Open>: Accessing file /alice/data/CCDB/TPC/Calib/LaserTracks/14/60057/dd26d771-0929-11ed-8000-2a010e0a0b16 in SE <ALICE::CERN::OCDB>
[295444:internal-dpl-ccdb-backend]: [19:29:13][INFO] ccdb reads http://alice-ccdb.cern.ch/TPC/Calib/LaserTracks/1546300800000/dd26d771-0929-11ed-8000-2a010e0a0b16 for 1546300800000 (load to memory, agent_id: localhost.localdomain-1692725345-gUHtWQ), 
[295444:internal-dpl-ccdb-backend]: Info in <TJAlienFile::Open>: Accessing file /alice/data/CCDB/TPC/Calib/CorrectionMapV2/04/24306/188b3306-3a84-11ee-a1e3-200114580202 in SE <ALICE::CERN::OCDB>
[295444:internal-dpl-ccdb-backend]: [19:29:13][INFO] ccdb reads http://alice-ccdb.cern.ch/TPC/Calib/CorrectionMapV2/1/188b3306-3a84-11ee-a1e3-200114580202 for 1546300800000 (load to memory, agent_id: localhost.localdomain-1692725345-gUHtWQ), 
[295444:internal-dpl-ccdb-backend]: Info in <TJAlienFile::Open>: Accessing file /alice/data/CCDB/TPC/Calib/CorrectionMapRefV2/10/16377/1f4bfb7e-3a84-11ee-a1e3-200114580202 in SE <ALICE::CERN::OCDB>
[295444:internal-dpl-ccdb-backend]: [19:29:13][INFO] ccdb reads http://alice-ccdb.cern.ch/TPC/Calib/CorrectionMapRefV2/1/1f4bfb7e-3a84-11ee-a1e3-200114580202 for 1546300800000 (load to memory, agent_id: localhost.localdomain-1692725345-gUHtWQ), 
[295444:internal-dpl-ccdb-backend]: [19:29:13][INFO] Sending end-of-stream message to channel from_internal-dpl-ccdb-backend_to_secondary-vertexing
[295444:internal-dpl-ccdb-backend]: [19:29:13][INFO] Sending end-of-stream message to channel from_internal-dpl-ccdb-backend_to_internal-dpl-injected-dummy-sink
[295445:secondary-vertexing]: [19:29:14][INFO] Caching in 140628769296016 ptr to ITS/ALPIDEPARAM/0 (0x7fe930b372a0)
[295445:secondary-vertexing]: [19:29:14][INFO] cluster dictionary updated
[295445:secondary-vertexing]: [19:29:14][INFO] Caching in 140628769298288 ptr to ITS/CLUSDICT/0 (0x6721ca0)
[295445:secondary-vertexing]: [19:29:14][INFO] GRP MagField object updated
[295445:secondary-vertexing]: [19:29:14][INFO] MagneticField::Print: MagneticFieldMap:
[295445:secondary-vertexing]: [19:29:14][INFO] MagneticField::Print: Solenoid (-1*)5 kG, Dipole ON (-1) 
[295445:secondary-vertexing]: [19:29:14][INFO] MagneticField::Print: Machine B fields for p-p  beam (7000 GeV): QGrad: 22.0002 Dipole: 37.8781
[295445:secondary-vertexing]: [19:29:14][INFO] MagneticField::Print: Uses Sol30_Dip6_Hole  of /root/alice/sw/slc8_x86-64/O2/segment-local1/share/Common/maps/mfchebKGI_sym.root
[295445:secondary-vertexing]: Info in <TGeoGlobalMagField::SetField>: Global magnetic field set to <MagneticFieldMap>
[295445:secondary-vertexing]: Info in <TGeoGlobalMagField::Lock>: Global magnetic field <MagneticFieldMap> is now locked
[295445:secondary-vertexing]: [19:29:14][INFO] Caching in 140628769294576 ptr to GLO/GRPMAGFIELD/0 (0x69a6340)
[295445:secondary-vertexing]: [19:29:14][INFO] GRP ECS object updated
[295445:secondary-vertexing]: [19:29:14][INFO] Caching in 140628769292304 ptr to GLO/GRPECS/0 (0x4627cc0)
[295445:secondary-vertexing]: [19:29:14][INFO] material LUT updated
[295445:secondary-vertexing]: [19:29:14][INFO] Loaded 440 params from $(O2_ROOT)/share/Common/maps/sol5k.txt
[295445:secondary-vertexing]: [19:29:14][INFO] Caching in 140628773916064 ptr to GLO/MATLUT/0 (0x76240e0)
[295445:secondary-vertexing]: Info in <TGeoManager::CloseGeometry>: Geometry loaded from file...
[295445:secondary-vertexing]: Info in <TGeoManager::SetTopVolume>: Top volume is cave. Master volume is cave
[295445:secondary-vertexing]: Info in <TGeoNavigator::BuildCache>: --- Maximum geometry depth set to 100
[295445:secondary-vertexing]: Info in <TGeoManager::Voxelize>: Voxelizing...
[295445:secondary-vertexing]: Info in <TGeoManager::CountLevels>: max level = 13, max placements = 735
[295445:secondary-vertexing]: Info in <TGeoManager::CloseGeometry>: 5346742 nodes/ 27442 volume UID's in FAIR geometry
[295445:secondary-vertexing]: Info in <TGeoManager::CloseGeometry>: ----------------modeler ready----------------
[295445:secondary-vertexing]: [19:29:15][INFO] aligned geometry updated
[295445:secondary-vertexing]: [19:29:15][INFO] Caching in 140628772068736 ptr to GLO/GEOMALIGN/0 (0x7700c10)
[295445:secondary-vertexing]: [19:29:15][INFO] accountLaserCalibration 1 t 10 vs 0
[295445:secondary-vertexing]: [19:29:15][INFO] Caching in 140628769326160 ptr to TPC/CalibLaserTracks/0 (0x4d910c0)
[295445:secondary-vertexing]: [19:29:15][INFO] accountDriftCorrectionITSTPCTgl 1 t 0 vs 0
[295445:secondary-vertexing]: [19:29:15][INFO] Caching in 140628769289840 ptr to TPC/VDriftTgl/0 (0x6abb6b0)
[295445:secondary-vertexing]: [19:29:15][INFO] Will prefer TPC Drift from Laser with time 10 to TPCITSTgl with time 0
[295445:secondary-vertexing]: [19:29:15][INFO] InstLumiOverride=0, UseCTPLumi=false -> instLumi=0, meanLumi=1 -> LumiScale=0, lumiScaleMode=0
[295445:secondary-vertexing]: [19:29:15][INFO] Caching in 140628769328432 ptr to TPC/CorrMap/0 (0x6d19990)
[295445:secondary-vertexing]: [19:29:15][INFO] Caching in 140628769337872 ptr to TPC/CorrMapRef/0 (0x6d1bbd0)
[295445:secondary-vertexing]: svertexer.createFullV0s : false		[ CODE ]
[295445:secondary-vertexing]: svertexer.createFullCascades : false		[ CODE ]
[295445:secondary-vertexing]: svertexer.createFull3Bodies : false		[ CODE ]
[295445:secondary-vertexing]: svertexer.useAbsDCA : true		[ CODE ]
[295445:secondary-vertexing]: svertexer.selectBestV0 : false		[ CODE ]
[295445:secondary-vertexing]: svertexer.maxChi2 : 2		[ CODE ]
[295445:secondary-vertexing]: svertexer.minParamChange : 0.001		[ CODE ]
[295445:secondary-vertexing]: svertexer.minRelChi2Change : 0.9		[ CODE ]
[295445:secondary-vertexing]: svertexer.maxDZIni : 5		[ CODE ]
[295445:secondary-vertexing]: svertexer.maxRIni : 150		[ CODE ]
[295445:secondary-vertexing]: svertexer.matCorr : 0		[ CODE ]
[295445:secondary-vertexing]: svertexer.minRFor3DField : 40		[ CODE ]
[295445:secondary-vertexing]: svertexer.maxStep : 2		[ CODE ]
[295445:secondary-vertexing]: svertexer.maxSnp : 0.95		[ CODE ]
[295445:secondary-vertexing]: svertexer.minXSeed : -1		[ CODE ]
[295445:secondary-vertexing]: svertexer.usePropagator : false		[ CODE ]
[295445:secondary-vertexing]: svertexer.refitWithMatCorr : false		[ CODE ]
[295445:secondary-vertexing]: svertexer.maxPVContributors : 2		[ CODE ]
[295445:secondary-vertexing]: svertexer.minDCAToPV : 0.05		[ CODE ]
[295445:secondary-vertexing]: svertexer.minRToMeanVertex : 0.5		[ CODE ]
[295445:secondary-vertexing]: svertexer.maxDCAXYToMeanVertex : 0.2		[ CODE ]
[295445:secondary-vertexing]: svertexer.maxDCAXYToMeanVertexV0Casc : 2		[ CODE ]
[295445:secondary-vertexing]: svertexer.maxDCAXYToMeanVertex3bodyV0 : 2		[ CODE ]
[295445:secondary-vertexing]: svertexer.minPtV0 : 0.01		[ CODE ]
[295445:secondary-vertexing]: svertexer.maxTglV0 : 2		[ CODE ]
[295445:secondary-vertexing]: svertexer.causalityRTolerance : 1		[ CODE ]
[295445:secondary-vertexing]: svertexer.maxV0ToProngsRDiff : 50		[ CODE ]
[295445:secondary-vertexing]: svertexer.minCosPAXYMeanVertex : 0.95		[ CODE ]
[295445:secondary-vertexing]: svertexer.minCosPAXYMeanVertexCascV0 : 0.8		[ CODE ]
[295445:secondary-vertexing]: svertexer.minCosPAXYMeanVertex3bodyV0 : 0.9		[ CODE ]
[295445:secondary-vertexing]: svertexer.maxRToMeanVertexCascV0 : 80		[ CODE ]
[295445:secondary-vertexing]: svertexer.minCosPACascV0 : 0.8		[ CODE ]
[295445:secondary-vertexing]: svertexer.minCosPA3bodyV0 : 0.8		[ CODE ]
[295445:secondary-vertexing]: svertexer.minCosPA : 0.9		[ CODE ]
[295445:secondary-vertexing]: svertexer.minRDiffV0Casc : 0.2		[ CODE ]
[295445:secondary-vertexing]: svertexer.maxRDiffV03body : 3		[ CODE ]
[295445:secondary-vertexing]: svertexer.maxRIniCasc : 90		[ CODE ]
[295445:secondary-vertexing]: svertexer.maxDCAXYCasc : 0.3		[ CODE ]
[295445:secondary-vertexing]: svertexer.maxDCAZCasc : 0.3		[ CODE ]
[295445:secondary-vertexing]: svertexer.maxDCAXY3Body : 0.5		[ CODE ]
[295445:secondary-vertexing]: svertexer.maxDCAZ3Body : 1		[ CODE ]
[295445:secondary-vertexing]: svertexer.minCosPACasc : 0.7		[ CODE ]
[295445:secondary-vertexing]: svertexer.minCosPA3body : 0.8		[ CODE ]
[295445:secondary-vertexing]: svertexer.minPtCasc : 0.01		[ CODE ]
[295445:secondary-vertexing]: svertexer.maxTglCasc : 2		[ CODE ]
[295445:secondary-vertexing]: svertexer.minPt3Body : 0.01		[ CODE ]
[295445:secondary-vertexing]: svertexer.maxTgl3Body : 2		[ CODE ]
[295445:secondary-vertexing]: svertexer.maxRIni3body : 90		[ CODE ]
[295445:secondary-vertexing]: svertexer.mExcludeTPCtracks : false		[ CODE ]
[295445:secondary-vertexing]: svertexer.mTPCTrackMaxX : -1		[ CODE ]
[295445:secondary-vertexing]: svertexer.minTPCdEdx : 250		[ CODE ]
[295445:secondary-vertexing]: svertexer.minMomTPCdEdx : 0.8		[ CODE ]
[295445:secondary-vertexing]: svertexer.checkV0Hypothesis : true		[ CODE ]
[295445:secondary-vertexing]: svertexer.pidCutsPhoton[0] : 0.001		[ CODE ]
[295445:secondary-vertexing]: svertexer.pidCutsPhoton[1] : 20		[ CODE ]
[295445:secondary-vertexing]: svertexer.pidCutsPhoton[2] : 0.6		[ CODE ]
[295445:secondary-vertexing]: svertexer.pidCutsPhoton[3] : 0		[ CODE ]
[295445:secondary-vertexing]: svertexer.pidCutsK0[0] : 0.003		[ CODE ]
[295445:secondary-vertexing]: svertexer.pidCutsK0[1] : 20		[ CODE ]
[295445:secondary-vertexing]: svertexer.pidCutsK0[2] : 0.07		[ CODE ]
[295445:secondary-vertexing]: svertexer.pidCutsK0[3] : 0.5		[ CODE ]
[295445:secondary-vertexing]: svertexer.pidCutsLambda[0] : 0.001		[ CODE ]
[295445:secondary-vertexing]: svertexer.pidCutsLambda[1] : 20		[ CODE ]
[295445:secondary-vertexing]: svertexer.pidCutsLambda[2] : 0.07		[ CODE ]
[295445:secondary-vertexing]: svertexer.pidCutsLambda[3] : 0.5		[ CODE ]
[295445:secondary-vertexing]: svertexer.pidCutsHTriton[0] : 0.0025		[ CODE ]
[295445:secondary-vertexing]: svertexer.pidCutsHTriton[1] : 14		[ CODE ]
[295445:secondary-vertexing]: svertexer.pidCutsHTriton[2] : 0.07		[ CODE ]
[295445:secondary-vertexing]: svertexer.pidCutsHTriton[3] : 0.5		[ CODE ]
[295445:secondary-vertexing]: svertexer.pidCutsHhydrog4[0] : 0.0025		[ CODE ]
[295445:secondary-vertexing]: svertexer.pidCutsHhydrog4[1] : 14		[ CODE ]
[295445:secondary-vertexing]: svertexer.pidCutsHhydrog4[2] : 0.07		[ CODE ]
[295445:secondary-vertexing]: svertexer.pidCutsHhydrog4[3] : 0.5		[ CODE ]
[295445:secondary-vertexing]: svertexer.checkCascadeHypothesis : true		[ CODE ]
[295445:secondary-vertexing]: svertexer.pidCutsXiMinus[0] : 0.001		[ CODE ]
[295445:secondary-vertexing]: svertexer.pidCutsXiMinus[1] : 20		[ CODE ]
[295445:secondary-vertexing]: svertexer.pidCutsXiMinus[2] : 0.07		[ CODE ]
[295445:secondary-vertexing]: svertexer.pidCutsXiMinus[3] : 0.5		[ CODE ]
[295445:secondary-vertexing]: svertexer.pidCutsOmegaMinus[0] : 0.001		[ CODE ]
[295445:secondary-vertexing]: svertexer.pidCutsOmegaMinus[1] : 20		[ CODE ]
[295445:secondary-vertexing]: svertexer.pidCutsOmegaMinus[2] : 0.07		[ CODE ]
[295445:secondary-vertexing]: svertexer.pidCutsOmegaMinus[3] : 0.5		[ CODE ]
[295445:secondary-vertexing]: svertexer.check3bodyHypothesis : true		[ CODE ]
[295445:secondary-vertexing]: svertexer.pidCutsH3L3body[0] : 0.0025		[ CODE ]
[295445:secondary-vertexing]: svertexer.pidCutsH3L3body[1] : 14		[ CODE ]
[295445:secondary-vertexing]: svertexer.pidCutsH3L3body[2] : 0.07		[ CODE ]
[295445:secondary-vertexing]: svertexer.pidCutsH3L3body[3] : 0.5		[ CODE ]
[295445:secondary-vertexing]: svertexer.pidCutsHe4L3body[0] : 0.0025		[ CODE ]
[295445:secondary-vertexing]: svertexer.pidCutsHe4L3body[1] : 14		[ CODE ]
[295445:secondary-vertexing]: svertexer.pidCutsHe4L3body[2] : 0.07		[ CODE ]
[295445:secondary-vertexing]: svertexer.pidCutsHe4L3body[3] : 0.5		[ CODE ]
[295445:secondary-vertexing]: [19:29:15][INFO] Loading ITS T2L matrices from TGeo
[295445:secondary-vertexing]: [19:29:16][WARN] It is faster to use 2D rotation for T2G instead of full Transform3D matrices
[295445:secondary-vertexing]: [19:29:16][INFO] Loading ITS T2G matrices from TGeo
[295445:secondary-vertexing]: [19:29:16][INFO] Loading ITS T2G rotation 2D matrices
[295445:secondary-vertexing]: [19:29:16][INFO] Updating TPC fast transform map with new VDrift factor of 1 wrt reference 2.58 and DriftTimeOffset correction 0 wrt 0 from source Laser
[295445:secondary-vertexing]: [19:29:16][INFO] Collected 6592 positive and 5466 negative seeds
[295445:secondary-vertexing]: [19:29:17][INFO] Found 38 V0s, 10 cascades, 9 3-body decays, 0 strange tracks. Timing: CPU: 3.6 Real: 3.78517 s
[295445:secondary-vertexing]: [19:29:17][INFO] Secondary vertexing total timing: Cpu: 3.600e+00 Real: 3.785e+00 s in 1 slots, nThreads = 1
[295445:secondary-vertexing]: [19:29:17][INFO] Sending end-of-stream message to channel from_secondary-vertexing_to_secondary-vertex-writer
[295445:secondary-vertexing]: [19:29:17][INFO] Sending end-of-stream message to channel from_secondary-vertexing_to_strangenesstracking-writer
[295447:secondary-vertex-writer]: [19:29:17][INFO] SecondaryVertexWriter pulled 38 v0s
[295447:secondary-vertex-writer]: [19:29:17][INFO] SecondaryVertexWriter pulled 10 cascades
[295447:secondary-vertex-writer]: [19:29:17][INFO] SecondaryVertexWriter pulled 9 decays3body
[295448:strangenesstracking-writer]: [19:29:17][INFO] StrangenessTracker writer pulled 0 strange tracks
[INFO] Quitting
[INFO] QUIT_REQUESTED
[295435:itstpctrd-track-reader]: [19:29:17][INFO] Received device shutdown request (signal 15).
[295435:itstpctrd-track-reader]: [19:29:17][INFO] Waiting for graceful device shutdown. Hit Ctrl-C again to abort immediately.
[295444:internal-dpl-ccdb-backend]: [19:29:17][INFO] Received device shutdown request (signal 15).
[295444:internal-dpl-ccdb-backend]: [19:29:17][INFO] Waiting for graceful device shutdown. Hit Ctrl-C again to abort immediately.
[295431:internal-dpl-clock]: [19:29:17][INFO] Received device shutdown request (signal 15).
[295431:internal-dpl-clock]: [19:29:17][INFO] Waiting for graceful device shutdown. Hit Ctrl-C again to abort immediately.
[295434:itstpc-track-reader]: [19:29:17][INFO] Received device shutdown request (signal 15).
[295434:itstpc-track-reader]: [19:29:17][INFO] Waiting for graceful device shutdown. Hit Ctrl-C again to abort immediately.
[295436:primary-vertex-reader]: [19:29:17][INFO] Received device shutdown request (signal 15).
[295436:primary-vertex-reader]: [19:29:17][INFO] Waiting for graceful device shutdown. Hit Ctrl-C again to abort immediately.
[295437:tpctrd-track-reader]: [19:29:17][INFO] Received device shutdown request (signal 15).
[295437:tpctrd-track-reader]: [19:29:17][INFO] Waiting for graceful device shutdown. Hit Ctrl-C again to abort immediately.
[295438:TOFMatchedReader_ITSTPC]: [19:29:17][INFO] Received device shutdown request (signal 15).
[295438:TOFMatchedReader_ITSTPC]: [19:29:17][INFO] Waiting for graceful device shutdown. Hit Ctrl-C again to abort immediately.
[295441:tpc-track-reader]: [19:29:17][INFO] Received device shutdown request (signal 15).
[295441:tpc-track-reader]: [19:29:17][INFO] Waiting for graceful device shutdown. Hit Ctrl-C again to abort immediately.
[295442:TOFMatchedReader_ITSTPCTRD]: [19:29:17][INFO] Received device shutdown request (signal 15).
[295442:TOFMatchedReader_ITSTPCTRD]: [19:29:17][INFO] Waiting for graceful device shutdown. Hit Ctrl-C again to abort immediately.
[295443:TOFMatchedReader_TPCTRD]: [19:29:17][INFO] Received device shutdown request (signal 15).
[295443:TOFMatchedReader_TPCTRD]: [19:29:17][INFO] Waiting for graceful device shutdown. Hit Ctrl-C again to abort immediately.
[295444:internal-dpl-ccdb-backend]: [19:29:17][INFO] New state requested. No timeout set, quitting immediately as per --completion-policy
[295444:internal-dpl-ccdb-backend]: [19:29:17][INFO] CCDB cache miss/hit ratio:
[295444:internal-dpl-ccdb-backend]: [19:29:17][INFO]   TPC/Calib/CorrectionMapRefV2: 1/0 (9216-9216 bytes)
[295444:internal-dpl-ccdb-backend]: [19:29:17][INFO]   ITS/Config/AlpideParam: 1/0 (2048-2048 bytes)
[295444:internal-dpl-ccdb-backend]: [19:29:17][INFO]   ITS/Calib/ClusterDictionary: 1/0 (27648-27648 bytes)
[295444:internal-dpl-ccdb-backend]: [19:29:17][INFO]   GLO/Param/MatLUT: 1/0 (9225216-9225216 bytes)
[295444:internal-dpl-ccdb-backend]: [19:29:17][INFO]   GLO/Config/GRPMagField: 1/0 (1024-1024 bytes)
[295444:internal-dpl-ccdb-backend]: [19:29:17][INFO]   TPC/Calib/LaserTracks: 1/0 (2048-2048 bytes)
[295444:internal-dpl-ccdb-backend]: [19:29:17][INFO]   GLO/Config/GeometryAligned: 1/0 (1847296-1847296 bytes)
[295444:internal-dpl-ccdb-backend]: [19:29:17][INFO]   TPC/Calib/CorrectionMapV2: 1/0 (9216-9216 bytes)
[295444:internal-dpl-ccdb-backend]: [19:29:17][INFO]   GLO/Config/GRPECS: 1/0 (2048-2048 bytes)
[295444:internal-dpl-ccdb-backend]: [19:29:17][INFO]   TPC/Calib/VDriftTgl: 1/0 (2048-2048 bytes)
[295444:internal-dpl-ccdb-backend]: [19:29:17][INFO]   CTP/Calib/OrbitReset: 1/1 (1024-1024 bytes)
[295444:internal-dpl-ccdb-backend]: [19:29:17][STATE] RUNNING ---> READY
[295444:internal-dpl-ccdb-backend]: [19:29:17][STATE] READY ---> RESETTING TASK
[295444:internal-dpl-ccdb-backend]: [19:29:17][STATE] RESETTING TASK ---> DEVICE READY
[295444:internal-dpl-ccdb-backend]: [19:29:17][STATE] DEVICE READY ---> RESETTING DEVICE
[295445:secondary-vertexing]: [19:29:17][INFO] Received device shutdown request (signal 15).
[295445:secondary-vertexing]: [19:29:17][INFO] Waiting for graceful device shutdown. Hit Ctrl-C again to abort immediately.
[295447:secondary-vertex-writer]: [19:29:17][INFO] Received device shutdown request (signal 15).
[295447:secondary-vertex-writer]: [19:29:17][INFO] Waiting for graceful device shutdown. Hit Ctrl-C again to abort immediately.
[295449:internal-dpl-injected-dummy-sink]: [19:29:17][INFO] Received device shutdown request (signal 15).
[295449:internal-dpl-injected-dummy-sink]: [19:29:17][INFO] Waiting for graceful device shutdown. Hit Ctrl-C again to abort immediately.
[295434:itstpc-track-reader]: [19:29:17][INFO] New state requested. No timeout set, quitting immediately as per --completion-policy
[295434:itstpc-track-reader]: [19:29:17][STATE] RUNNING ---> READY
[295435:itstpctrd-track-reader]: [19:29:17][INFO] New state requested. No timeout set, quitting immediately as per --completion-policy
[295435:itstpctrd-track-reader]: [19:29:17][STATE] RUNNING ---> READY
[295435:itstpctrd-track-reader]: [19:29:17][STATE] READY ---> RESETTING TASK
[295435:itstpctrd-track-reader]: [19:29:17][STATE] RESETTING TASK ---> DEVICE READY
[295436:primary-vertex-reader]: [19:29:17][INFO] New state requested. No timeout set, quitting immediately as per --completion-policy
[295436:primary-vertex-reader]: [19:29:17][STATE] RUNNING ---> READY
[295437:tpctrd-track-reader]: [19:29:17][INFO] New state requested. No timeout set, quitting immediately as per --completion-policy
[295437:tpctrd-track-reader]: [19:29:17][STATE] RUNNING ---> READY
[295437:tpctrd-track-reader]: [19:29:17][STATE] READY ---> RESETTING TASK
[295437:tpctrd-track-reader]: [19:29:17][STATE] RESETTING TASK ---> DEVICE READY
[295437:tpctrd-track-reader]: [19:29:17][STATE] DEVICE READY ---> RESETTING DEVICE
[295438:TOFMatchedReader_ITSTPC]: [19:29:17][INFO] New state requested. No timeout set, quitting immediately as per --completion-policy
[295438:TOFMatchedReader_ITSTPC]: [19:29:17][STATE] RUNNING ---> READY
[295441:tpc-track-reader]: [19:29:17][INFO] New state requested. No timeout set, quitting immediately as per --completion-policy
[295441:tpc-track-reader]: [19:29:17][STATE] RUNNING ---> READY
[295442:TOFMatchedReader_ITSTPCTRD]: [19:29:17][INFO] New state requested. No timeout set, quitting immediately as per --completion-policy
[295442:TOFMatchedReader_ITSTPCTRD]: [19:29:17][STATE] RUNNING ---> READY
[295442:TOFMatchedReader_ITSTPCTRD]: [19:29:17][STATE] READY ---> RESETTING TASK
[295442:TOFMatchedReader_ITSTPCTRD]: [19:29:17][STATE] RESETTING TASK ---> DEVICE READY
[295442:TOFMatchedReader_ITSTPCTRD]: [19:29:17][STATE] DEVICE READY ---> RESETTING DEVICE
[295443:TOFMatchedReader_TPCTRD]: [19:29:17][INFO] New state requested. No timeout set, quitting immediately as per --completion-policy
[295443:TOFMatchedReader_TPCTRD]: [19:29:17][STATE] RUNNING ---> READY
[295443:TOFMatchedReader_TPCTRD]: [19:29:17][STATE] READY ---> RESETTING TASK
[295443:TOFMatchedReader_TPCTRD]: [19:29:17][STATE] RESETTING TASK ---> DEVICE READY
[295445:secondary-vertexing]: [19:29:17][INFO] New state requested. No timeout set, quitting immediately as per --completion-policy
[295445:secondary-vertexing]: [19:29:17][STATE] RUNNING ---> READY
[295445:secondary-vertexing]: [19:29:17][STATE] READY ---> RESETTING TASK
[295445:secondary-vertexing]: [19:29:17][STATE] RESETTING TASK ---> DEVICE READY
[295445:secondary-vertexing]: [19:29:17][STATE] DEVICE READY ---> RESETTING DEVICE
[295447:secondary-vertex-writer]: [19:29:17][INFO] New state requested. No timeout set, quitting immediately as per --completion-policy
[295449:internal-dpl-injected-dummy-sink]: [19:29:17][INFO] New state requested. No timeout set, quitting immediately as per --completion-policy
[295449:internal-dpl-injected-dummy-sink]: [19:29:17][STATE] RUNNING ---> READY
[295431:internal-dpl-clock]: [19:29:17][INFO] New state requested. No timeout set, quitting immediately as per --completion-policy
[295431:internal-dpl-clock]: [19:29:17][STATE] RUNNING ---> READY
[295431:internal-dpl-clock]: [19:29:17][STATE] READY ---> RESETTING TASK
[295431:internal-dpl-clock]: [19:29:17][STATE] RESETTING TASK ---> DEVICE READY
[295431:internal-dpl-clock]: [19:29:17][STATE] DEVICE READY ---> RESETTING DEVICE
[295432:its-track-reader]: [19:29:17][INFO] Received device shutdown request (signal 15).
[295432:its-track-reader]: [19:29:17][INFO] Waiting for graceful device shutdown. Hit Ctrl-C again to abort immediately.
[295432:its-track-reader]: [19:29:17][INFO] New state requested. No timeout set, quitting immediately as per --completion-policy
[295432:its-track-reader]: [19:29:17][STATE] RUNNING ---> READY
[295433:its-cluster-reader]: [19:29:17][INFO] Received device shutdown request (signal 15).
[295433:its-cluster-reader]: [19:29:17][INFO] Waiting for graceful device shutdown. Hit Ctrl-C again to abort immediately.
[295433:its-cluster-reader]: [19:29:17][INFO] New state requested. No timeout set, quitting immediately as per --completion-policy
[295433:its-cluster-reader]: [19:29:17][STATE] RUNNING ---> READY
[295433:its-cluster-reader]: [19:29:17][STATE] READY ---> RESETTING TASK
[295433:its-cluster-reader]: [19:29:17][STATE] RESETTING TASK ---> DEVICE READY
[295435:itstpctrd-track-reader]: [19:29:17][STATE] DEVICE READY ---> RESETTING DEVICE
[295436:primary-vertex-reader]: [19:29:17][STATE] READY ---> RESETTING TASK
[295436:primary-vertex-reader]: [19:29:17][STATE] RESETTING TASK ---> DEVICE READY
[295439:TOFMatchedReader_TPC]: [19:29:17][INFO] Received device shutdown request (signal 15).
[295439:TOFMatchedReader_TPC]: [19:29:17][INFO] Waiting for graceful device shutdown. Hit Ctrl-C again to abort immediately.
[295439:TOFMatchedReader_TPC]: [19:29:17][INFO] New state requested. No timeout set, quitting immediately as per --completion-policy
[295439:TOFMatchedReader_TPC]: [19:29:17][STATE] RUNNING ---> READY
[295439:TOFMatchedReader_TPC]: [19:29:17][STATE] READY ---> RESETTING TASK
[295439:TOFMatchedReader_TPC]: [19:29:17][STATE] RESETTING TASK ---> DEVICE READY
[295439:TOFMatchedReader_TPC]: [19:29:17][STATE] DEVICE READY ---> RESETTING DEVICE
[295440:tof-cluster-reader]: [19:29:17][INFO] Received device shutdown request (signal 15).
[295440:tof-cluster-reader]: [19:29:17][INFO] Waiting for graceful device shutdown. Hit Ctrl-C again to abort immediately.
[295440:tof-cluster-reader]: [19:29:17][INFO] New state requested. No timeout set, quitting immediately as per --completion-policy
[295440:tof-cluster-reader]: [19:29:17][STATE] RUNNING ---> READY
[295440:tof-cluster-reader]: [19:29:17][STATE] READY ---> RESETTING TASK
[295440:tof-cluster-reader]: [19:29:17][STATE] RESETTING TASK ---> DEVICE READY
[295441:tpc-track-reader]: [19:29:17][STATE] READY ---> RESETTING TASK
[295441:tpc-track-reader]: [19:29:17][STATE] RESETTING TASK ---> DEVICE READY
[295441:tpc-track-reader]: [19:29:17][STATE] DEVICE READY ---> RESETTING DEVICE
[295443:TOFMatchedReader_TPCTRD]: [19:29:17][STATE] DEVICE READY ---> RESETTING DEVICE
[295448:strangenesstracking-writer]: [19:29:17][INFO] Received device shutdown request (signal 15).
[295448:strangenesstracking-writer]: [19:29:17][INFO] Waiting for graceful device shutdown. Hit Ctrl-C again to abort immediately.
[295449:internal-dpl-injected-dummy-sink]: [19:29:17][STATE] READY ---> RESETTING TASK
[295449:internal-dpl-injected-dummy-sink]: [19:29:17][STATE] RESETTING TASK ---> DEVICE READY
[295449:internal-dpl-injected-dummy-sink]: [19:29:17][STATE] DEVICE READY ---> RESETTING DEVICE
[295434:itstpc-track-reader]: [19:29:17][STATE] READY ---> RESETTING TASK
[295434:itstpc-track-reader]: [19:29:17][STATE] RESETTING TASK ---> DEVICE READY
[295438:TOFMatchedReader_ITSTPC]: [19:29:17][STATE] READY ---> RESETTING TASK
[295438:TOFMatchedReader_ITSTPC]: [19:29:17][STATE] RESETTING TASK ---> DEVICE READY
[295440:tof-cluster-reader]: [19:29:17][STATE] DEVICE READY ---> RESETTING DEVICE
[295432:its-track-reader]: [19:29:17][STATE] READY ---> RESETTING TASK
[295432:its-track-reader]: [19:29:17][STATE] RESETTING TASK ---> DEVICE READY
[295433:its-cluster-reader]: [19:29:17][STATE] DEVICE READY ---> RESETTING DEVICE
[295443:TOFMatchedReader_TPCTRD]: [19:29:17][STATE] RESETTING DEVICE ---> IDLE
[295448:strangenesstracking-writer]: [19:29:17][INFO] New state requested. No timeout set, quitting immediately as per --completion-policy
[295432:its-track-reader]: [19:29:17][STATE] DEVICE READY ---> RESETTING DEVICE
[295436:primary-vertex-reader]: [19:29:17][STATE] DEVICE READY ---> RESETTING DEVICE
[295434:itstpc-track-reader]: [19:29:17][STATE] DEVICE READY ---> RESETTING DEVICE
[295435:itstpctrd-track-reader]: [19:29:17][STATE] RESETTING DEVICE ---> IDLE
[295435:itstpctrd-track-reader]: [19:29:17][STATE] IDLE ---> EXITING
[295438:TOFMatchedReader_ITSTPC]: [19:29:17][STATE] DEVICE READY ---> RESETTING DEVICE
[295443:TOFMatchedReader_TPCTRD]: [19:29:17][STATE] IDLE ---> EXITING
[295443:TOFMatchedReader_TPCTRD]: [19:29:17][STATE] Exiting FairMQ state machine
[295433:its-cluster-reader]: [19:29:17][STATE] RESETTING DEVICE ---> IDLE
[295435:itstpctrd-track-reader]: [19:29:17][STATE] Exiting FairMQ state machine
[295442:TOFMatchedReader_ITSTPCTRD]: [19:29:17][STATE] RESETTING DEVICE ---> IDLE
[295432:its-track-reader]: [19:29:17][STATE] RESETTING DEVICE ---> IDLE
[295433:its-cluster-reader]: [19:29:17][STATE] IDLE ---> EXITING
[295433:its-cluster-reader]: [19:29:17][STATE] Exiting FairMQ state machine
[295437:tpctrd-track-reader]: [19:29:17][STATE] RESETTING DEVICE ---> IDLE
[295440:tof-cluster-reader]: [19:29:17][STATE] RESETTING DEVICE ---> IDLE
[295441:tpc-track-reader]: [19:29:17][STATE] RESETTING DEVICE ---> IDLE
[295442:TOFMatchedReader_ITSTPCTRD]: [19:29:17][STATE] IDLE ---> EXITING
[295442:TOFMatchedReader_ITSTPCTRD]: [19:29:17][STATE] Exiting FairMQ state machine
[295444:internal-dpl-ccdb-backend]: [19:29:17][STATE] RESETTING DEVICE ---> IDLE
[295445:secondary-vertexing]: [19:29:17][STATE] RESETTING DEVICE ---> IDLE
[295449:internal-dpl-injected-dummy-sink]: [19:29:17][STATE] RESETTING DEVICE ---> IDLE
[295449:internal-dpl-injected-dummy-sink]: [19:29:17][STATE] IDLE ---> EXITING
[295431:internal-dpl-clock]: [19:29:17][STATE] RESETTING DEVICE ---> IDLE
[295440:tof-cluster-reader]: [19:29:17][STATE] IDLE ---> EXITING
[295449:internal-dpl-injected-dummy-sink]: [19:29:17][STATE] Exiting FairMQ state machine
[295432:its-track-reader]: [19:29:17][STATE] IDLE ---> EXITING
[295436:primary-vertex-reader]: [19:29:17][STATE] RESETTING DEVICE ---> IDLE
[295436:primary-vertex-reader]: [19:29:17][STATE] IDLE ---> EXITING
[295436:primary-vertex-reader]: [19:29:17][STATE] Exiting FairMQ state machine
[295441:tpc-track-reader]: [19:29:17][STATE] IDLE ---> EXITING
[295441:tpc-track-reader]: [19:29:17][STATE] Exiting FairMQ state machine
[295431:internal-dpl-clock]: [19:29:17][STATE] IDLE ---> EXITING
[295431:internal-dpl-clock]: [19:29:17][STATE] Exiting FairMQ state machine
[295432:its-track-reader]: [19:29:17][STATE] Exiting FairMQ state machine
[295434:itstpc-track-reader]: [19:29:17][STATE] RESETTING DEVICE ---> IDLE
[295434:itstpc-track-reader]: [19:29:17][STATE] IDLE ---> EXITING
[295434:itstpc-track-reader]: [19:29:17][STATE] Exiting FairMQ state machine
[295437:tpctrd-track-reader]: [19:29:17][STATE] IDLE ---> EXITING
[295437:tpctrd-track-reader]: [19:29:17][STATE] Exiting FairMQ state machine
[295438:TOFMatchedReader_ITSTPC]: [19:29:17][STATE] RESETTING DEVICE ---> IDLE
[295438:TOFMatchedReader_ITSTPC]: [19:29:17][STATE] IDLE ---> EXITING
[295439:TOFMatchedReader_TPC]: [19:29:17][STATE] RESETTING DEVICE ---> IDLE
[295439:TOFMatchedReader_TPC]: [19:29:17][STATE] IDLE ---> EXITING
[295439:TOFMatchedReader_TPC]: [19:29:17][STATE] Exiting FairMQ state machine
[295440:tof-cluster-reader]: [19:29:17][STATE] Exiting FairMQ state machine
[295444:internal-dpl-ccdb-backend]: [19:29:17][STATE] IDLE ---> EXITING
[295444:internal-dpl-ccdb-backend]: [19:29:17][STATE] Exiting FairMQ state machine
[295445:secondary-vertexing]: [19:29:17][STATE] IDLE ---> EXITING
[295445:secondary-vertexing]: [19:29:17][STATE] Exiting FairMQ state machine
[295438:TOFMatchedReader_ITSTPC]: [19:29:17][STATE] Exiting FairMQ state machine
[295447:secondary-vertex-writer]: [19:29:19][STATE] RUNNING ---> READY
[295447:secondary-vertex-writer]: [19:29:19][STATE] READY ---> RESETTING TASK
[295447:secondary-vertex-writer]: [19:29:19][STATE] RESETTING TASK ---> DEVICE READY
[295447:secondary-vertex-writer]: [19:29:19][STATE] DEVICE READY ---> RESETTING DEVICE
[295447:secondary-vertex-writer]: [19:29:19][STATE] RESETTING DEVICE ---> IDLE
[295447:secondary-vertex-writer]: [19:29:19][STATE] IDLE ---> EXITING
[295447:secondary-vertex-writer]: [19:29:19][STATE] Exiting FairMQ state machine
[295448:strangenesstracking-writer]: [19:29:19][STATE] RUNNING ---> READY
[295448:strangenesstracking-writer]: [19:29:19][STATE] READY ---> RESETTING TASK
[295448:strangenesstracking-writer]: [19:29:19][STATE] RESETTING TASK ---> DEVICE READY
[295448:strangenesstracking-writer]: [19:29:19][STATE] DEVICE READY ---> RESETTING DEVICE
[295448:strangenesstracking-writer]: [19:29:19][INFO] Cleaning up for shared memory id '2b7972b5'...
[295448:strangenesstracking-writer]: [19:29:19][INFO] Found 0 unmanaged regions...
[295448:strangenesstracking-writer]: [19:29:19][INFO] Found 1 managed segments...
[295448:strangenesstracking-writer]: [19:29:19][INFO] Successfully removed 'fmq_2b7972b5_m_0'.
[295448:strangenesstracking-writer]: [19:29:19][INFO] Successfully removed 'fmq_2b7972b5_mng'.
[295448:strangenesstracking-writer]: [19:29:19][STATE] RESETTING DEVICE ---> IDLE
[295448:strangenesstracking-writer]: [19:29:19][STATE] IDLE ---> EXITING
[295448:strangenesstracking-writer]: [19:29:19][STATE] Exiting FairMQ state machine
[INFO] ## Processes completed. Run summary:
[INFO] ### Devices started: 18
[INFO]  - Device internal-dpl-clock: pid 295431 (exit 0)
[INFO]  - Device its-track-reader: pid 295432 (exit 0)
[INFO]  - Device its-cluster-reader: pid 295433 (exit 0)
[INFO]  - Device itstpc-track-reader: pid 295434 (exit 0)
[INFO]  - Device itstpctrd-track-reader: pid 295435 (exit 0)
[INFO]  - Device primary-vertex-reader: pid 295436 (exit 0)
[INFO]  - Device tpctrd-track-reader: pid 295437 (exit 0)
[INFO]  - Device TOFMatchedReader_ITSTPC: pid 295438 (exit 0)
[INFO]  - Device TOFMatchedReader_TPC: pid 295439 (exit 0)
[INFO]  - Device tof-cluster-reader: pid 295440 (exit 0)
[INFO]  - Device tpc-track-reader: pid 295441 (exit 0)
[INFO]  - Device TOFMatchedReader_ITSTPCTRD: pid 295442 (exit 0)
[INFO]  - Device TOFMatchedReader_TPCTRD: pid 295443 (exit 0)
[INFO]  - Device internal-dpl-ccdb-backend: pid 295444 (exit 0)
[INFO]  - Device secondary-vertexing: pid 295445 (exit 0)
[INFO]  - Device secondary-vertex-writer: pid 295447 (exit 0)
[INFO]  - Device strangenesstracking-writer: pid 295448 (exit 0)
[INFO]  - Device internal-dpl-injected-dummy-sink: pid 295449 (exit 0)
[INFO] Dumping used configuration in dpl-config.json
TASK-EXIT-CODE: 0
