Running: TIME="#walltime %e" /usr/bin/time --output=tofReco.log_time ./tofReco.log_tmp.sh
[INFO] Initialising O2 Data Processing Layer. Driver PID: 288557.
[INFO] Driver listening on port: 26637
[INFO] Rate limiting set up at 500MB distributed over 1 readers
[INFO] O2 Data Processing Layer initialised. We brake for nobody.
[INFO] Optimised build. O2DEBUG / LOG(debug) / LOGF(debug) / assert statement will not be shown.
[INFO] Redeployment of configuration asked.
[INFO] Starting internal-dpl-clock on pid 288597
[INFO] Starting tof-digit-reader on pid 288598
[INFO] Starting internal-dpl-ccdb-backend on pid 288599
[INFO] Starting TOFClusterer on pid 288600
[INFO] Starting TOFClusterWriter on pid 288601
[INFO] Starting internal-dpl-injected-dummy-sink on pid 288602
[INFO] Redeployment of configuration done.
[288598:tof-digit-reader]: [INFO] Instrumenting crash signals
[288598:tof-digit-reader]: [INFO] Spawing new device tof-digit-reader in process with pid 288598
[288598:tof-digit-reader]: [19:27:03][INFO] 
[288598:tof-digit-reader]:       ______      _    _______  _________ 
[288598:tof-digit-reader]:      / ____/___ _(_)_______   |/  /_  __ \    version 1.6.0
[288598:tof-digit-reader]:     / /_  / __ `/ / ___/__  /|_/ /_  / / /    build RELWITHDEBINFO
[288598:tof-digit-reader]:    / __/ / /_/ / / /    _  /  / / / /_/ /     https://github.com/FairRootGroup/FairMQ
[288598:tof-digit-reader]:   /_/    \__,_/_/_/     /_/  /_/  \___\_\     LGPL-3.0  © 2012-2023 GSI
[288598:tof-digit-reader]: 
[288598:tof-digit-reader]: [19:27:03][STATE] Starting FairMQ state machine --> IDLE
[288597:internal-dpl-clock]: [INFO] Instrumenting crash signals
[288597:internal-dpl-clock]: [INFO] Spawing new device internal-dpl-clock in process with pid 288597
[288597:internal-dpl-clock]: [19:27:03][INFO] 
[288597:internal-dpl-clock]:       ______      _    _______  _________ 
[288597:internal-dpl-clock]:      / ____/___ _(_)_______   |/  /_  __ \    version 1.6.0
[288597:internal-dpl-clock]:     / /_  / __ `/ / ___/__  /|_/ /_  / / /    build RELWITHDEBINFO
[288597:internal-dpl-clock]:    / __/ / /_/ / / /    _  /  / / / /_/ /     https://github.com/FairRootGroup/FairMQ
[288597:internal-dpl-clock]:   /_/    \__,_/_/_/     /_/  /_/  \___\_\     LGPL-3.0  © 2012-2023 GSI
[288597:internal-dpl-clock]: 
[288597:internal-dpl-clock]: [19:27:03][STATE] Starting FairMQ state machine --> IDLE
[288598:tof-digit-reader]: [19:27:03][STATE] IDLE ---> INITIALIZING DEVICE
[288600:TOFClusterer]: [INFO] Instrumenting crash signals
[288600:TOFClusterer]: [INFO] Spawing new device TOFClusterer in process with pid 288600
[288600:TOFClusterer]: [19:27:03][INFO] 
[288600:TOFClusterer]:       ______      _    _______  _________ 
[288600:TOFClusterer]:      / ____/___ _(_)_______   |/  /_  __ \    version 1.6.0
[288600:TOFClusterer]:     / /_  / __ `/ / ___/__  /|_/ /_  / / /    build RELWITHDEBINFO
[288600:TOFClusterer]:    / __/ / /_/ / / /    _  /  / / / /_/ /     https://github.com/FairRootGroup/FairMQ
[288600:TOFClusterer]:   /_/    \__,_/_/_/     /_/  /_/  \___\_\     LGPL-3.0  © 2012-2023 GSI
[288600:TOFClusterer]: 
[288600:TOFClusterer]: [19:27:03][STATE] Starting FairMQ state machine --> IDLE
[288600:TOFClusterer]: [19:27:03][STATE] IDLE ---> INITIALIZING DEVICE
[288600:TOFClusterer]: [19:27:03][STATE] INITIALIZING DEVICE ---> INITIALIZED
[288600:TOFClusterer]: [19:27:03][STATE] INITIALIZED ---> BINDING
[288600:TOFClusterer]: [19:27:03][STATE] BINDING ---> BOUND
[288600:TOFClusterer]: [19:27:03][STATE] BOUND ---> CONNECTING
[288600:TOFClusterer]: [19:27:03][STATE] CONNECTING ---> DEVICE READY
[288600:TOFClusterer]: [19:27:03][STATE] DEVICE READY ---> INITIALIZING TASK
[288597:internal-dpl-clock]: [19:27:03][STATE] IDLE ---> INITIALIZING DEVICE
[288597:internal-dpl-clock]: [19:27:03][STATE] INITIALIZING DEVICE ---> INITIALIZED
[288597:internal-dpl-clock]: [19:27:03][STATE] INITIALIZED ---> BINDING
[288597:internal-dpl-clock]: [19:27:03][STATE] BINDING ---> BOUND
[288597:internal-dpl-clock]: [19:27:03][STATE] BOUND ---> CONNECTING
[288597:internal-dpl-clock]: [19:27:03][STATE] CONNECTING ---> DEVICE READY
[288597:internal-dpl-clock]: [19:27:03][STATE] DEVICE READY ---> INITIALIZING TASK
[288597:internal-dpl-clock]: [19:27:03][STATE] INITIALIZING TASK ---> READY
[288597:internal-dpl-clock]: [19:27:03][STATE] READY ---> RUNNING
[288597:internal-dpl-clock]: [19:27:03][INFO] fair::mq::Device running...
[288597:internal-dpl-clock]: [19:27:03][INFO] LHCPeriod is not available, using current month AUG
[288600:TOFClusterer]: [19:27:03][STATE] INITIALIZING TASK ---> READY
[288600:TOFClusterer]: [19:27:03][STATE] READY ---> RUNNING
[288600:TOFClusterer]: [19:27:03][INFO] fair::mq::Device running...
[288600:TOFClusterer]: [19:27:03][INFO] LHCPeriod is not available, using current month AUG
[288597:internal-dpl-clock]: [19:27:03][INFO] Correctly handshaken websocket connection.
[288600:TOFClusterer]: [19:27:03][INFO] Correctly handshaken websocket connection.
[288598:tof-digit-reader]: [19:27:03][STATE] INITIALIZING DEVICE ---> INITIALIZED
[288598:tof-digit-reader]: [19:27:03][STATE] INITIALIZED ---> BINDING
[288598:tof-digit-reader]: [19:27:03][STATE] BINDING ---> BOUND
[288598:tof-digit-reader]: [19:27:03][STATE] BOUND ---> CONNECTING
[288598:tof-digit-reader]: [19:27:03][STATE] CONNECTING ---> DEVICE READY
[288598:tof-digit-reader]: [19:27:03][STATE] DEVICE READY ---> INITIALIZING TASK
[288598:tof-digit-reader]: [19:27:04][STATE] INITIALIZING TASK ---> READY
[288598:tof-digit-reader]: [19:27:04][STATE] READY ---> RUNNING
[288598:tof-digit-reader]: [19:27:04][INFO] fair::mq::Device running...
[288598:tof-digit-reader]: [19:27:04][INFO] LHCPeriod is not available, using current month AUG
[288599:internal-dpl-ccdb-backend]: [INFO] Instrumenting crash signals
[288599:internal-dpl-ccdb-backend]: [INFO] Spawing new device internal-dpl-ccdb-backend in process with pid 288599
[288599:internal-dpl-ccdb-backend]: [19:27:04][INFO] 
[288599:internal-dpl-ccdb-backend]:       ______      _    _______  _________ 
[288599:internal-dpl-ccdb-backend]:      / ____/___ _(_)_______   |/  /_  __ \    version 1.6.0
[288599:internal-dpl-ccdb-backend]:     / /_  / __ `/ / ___/__  /|_/ /_  / / /    build RELWITHDEBINFO
[288599:internal-dpl-ccdb-backend]:    / __/ / /_/ / / /    _  /  / / / /_/ /     https://github.com/FairRootGroup/FairMQ
[288599:internal-dpl-ccdb-backend]:   /_/    \__,_/_/_/     /_/  /_/  \___\_\     LGPL-3.0  © 2012-2023 GSI
[288599:internal-dpl-ccdb-backend]: 
[288599:internal-dpl-ccdb-backend]: [19:27:04][STATE] Starting FairMQ state machine --> IDLE
[288599:internal-dpl-ccdb-backend]: [19:27:04][STATE] IDLE ---> INITIALIZING DEVICE
[288599:internal-dpl-ccdb-backend]: [19:27:04][INFO] CCDB Backend at: http://alice-ccdb.cern.ch, validity check for every 2147483647 TF
[288599:internal-dpl-ccdb-backend]: [19:27:04][INFO] Init CcdApi with UserAgentID: localhost.localdomain-1692725224-LtBLTN, Host: http://alice-ccdb.cern.ch
[288599:internal-dpl-ccdb-backend]: [19:27:04][INFO] Initialised default CCDB host http://alice-ccdb.cern.ch
[288599:internal-dpl-ccdb-backend]: [19:27:04][INFO] The following route is a condition GLO/GEOMALIGN/0
[288599:internal-dpl-ccdb-backend]: [19:27:04][INFO] - ccdb-path: GLO/Config/GeometryAligned
[288599:internal-dpl-ccdb-backend]: [19:27:04][INFO] The following route is a condition GLO/GRPECS/0
[288599:internal-dpl-ccdb-backend]: [19:27:04][INFO] - ccdb-path: GLO/Config/GRPECS
[288599:internal-dpl-ccdb-backend]: [19:27:04][INFO] The following route is a condition GLO/GRPLHCIF/0
[288599:internal-dpl-ccdb-backend]: [19:27:04][INFO] - ccdb-path: GLO/Config/GRPLHCIF
[288599:internal-dpl-ccdb-backend]: [19:27:04][STATE] INITIALIZING DEVICE ---> INITIALIZED
[288599:internal-dpl-ccdb-backend]: [19:27:04][STATE] INITIALIZED ---> BINDING
[288599:internal-dpl-ccdb-backend]: [19:27:04][STATE] BINDING ---> BOUND
[288599:internal-dpl-ccdb-backend]: [19:27:04][STATE] BOUND ---> CONNECTING
[288599:internal-dpl-ccdb-backend]: [19:27:04][STATE] CONNECTING ---> DEVICE READY
[288599:internal-dpl-ccdb-backend]: [19:27:04][STATE] DEVICE READY ---> INITIALIZING TASK
[288599:internal-dpl-ccdb-backend]: [19:27:04][STATE] INITIALIZING TASK ---> READY
[288599:internal-dpl-ccdb-backend]: [19:27:04][STATE] READY ---> RUNNING
[288599:internal-dpl-ccdb-backend]: [19:27:04][INFO] fair::mq::Device running...
[288599:internal-dpl-ccdb-backend]: [19:27:04][INFO] LHCPeriod is not available, using current month AUG
[288599:internal-dpl-ccdb-backend]: [19:27:04][INFO] Correctly handshaken websocket connection.
[288602:internal-dpl-injected-dummy-sink]: [INFO] Instrumenting crash signals
[288602:internal-dpl-injected-dummy-sink]: [INFO] Spawing new device internal-dpl-injected-dummy-sink in process with pid 288602
[288602:internal-dpl-injected-dummy-sink]: [19:27:04][INFO] 
[288602:internal-dpl-injected-dummy-sink]:       ______      _    _______  _________ 
[288602:internal-dpl-injected-dummy-sink]:      / ____/___ _(_)_______   |/  /_  __ \    version 1.6.0
[288602:internal-dpl-injected-dummy-sink]:     / /_  / __ `/ / ___/__  /|_/ /_  / / /    build RELWITHDEBINFO
[288602:internal-dpl-injected-dummy-sink]:    / __/ / /_/ / / /    _  /  / / / /_/ /     https://github.com/FairRootGroup/FairMQ
[288602:internal-dpl-injected-dummy-sink]:   /_/    \__,_/_/_/     /_/  /_/  \___\_\     LGPL-3.0  © 2012-2023 GSI
[288602:internal-dpl-injected-dummy-sink]: 
[288602:internal-dpl-injected-dummy-sink]: [19:27:04][STATE] Starting FairMQ state machine --> IDLE
[288602:internal-dpl-injected-dummy-sink]: [19:27:04][STATE] IDLE ---> INITIALIZING DEVICE
[288602:internal-dpl-injected-dummy-sink]: [19:27:04][STATE] INITIALIZING DEVICE ---> INITIALIZED
[288602:internal-dpl-injected-dummy-sink]: [19:27:04][STATE] INITIALIZED ---> BINDING
[288602:internal-dpl-injected-dummy-sink]: [19:27:04][STATE] BINDING ---> BOUND
[288602:internal-dpl-injected-dummy-sink]: [19:27:04][STATE] BOUND ---> CONNECTING
[288602:internal-dpl-injected-dummy-sink]: [19:27:04][STATE] CONNECTING ---> DEVICE READY
[288602:internal-dpl-injected-dummy-sink]: [19:27:04][STATE] DEVICE READY ---> INITIALIZING TASK
[288602:internal-dpl-injected-dummy-sink]: [19:27:04][STATE] INITIALIZING TASK ---> READY
[288602:internal-dpl-injected-dummy-sink]: [19:27:04][STATE] READY ---> RUNNING
[288602:internal-dpl-injected-dummy-sink]: [19:27:04][INFO] fair::mq::Device running...
[288602:internal-dpl-injected-dummy-sink]: [19:27:04][INFO] LHCPeriod is not available, using current month AUG
[288602:internal-dpl-injected-dummy-sink]: [19:27:04][INFO] Correctly handshaken websocket connection.
[288601:TOFClusterWriter]: [INFO] Instrumenting crash signals
[288601:TOFClusterWriter]: [INFO] Spawing new device TOFClusterWriter in process with pid 288601
[288601:TOFClusterWriter]: [19:27:04][INFO] 
[288601:TOFClusterWriter]:       ______      _    _______  _________ 
[288601:TOFClusterWriter]:      / ____/___ _(_)_______   |/  /_  __ \    version 1.6.0
[288601:TOFClusterWriter]:     / /_  / __ `/ / ___/__  /|_/ /_  / / /    build RELWITHDEBINFO
[288601:TOFClusterWriter]:    / __/ / /_/ / / /    _  /  / / / /_/ /     https://github.com/FairRootGroup/FairMQ
[288601:TOFClusterWriter]:   /_/    \__,_/_/_/     /_/  /_/  \___\_\     LGPL-3.0  © 2012-2023 GSI
[288601:TOFClusterWriter]: 
[288601:TOFClusterWriter]: [19:27:04][STATE] Starting FairMQ state machine --> IDLE
[288601:TOFClusterWriter]: [19:27:04][STATE] IDLE ---> INITIALIZING DEVICE
[288601:TOFClusterWriter]: [19:27:04][INFO] 0: branch  TOFCluster set up
[288601:TOFClusterWriter]: [19:27:04][INFO] 1: branch  TOFClusterMult set up
[288601:TOFClusterWriter]: [19:27:04][INFO] 2: branch  TOFClusterMCTruth set up
[288601:TOFClusterWriter]: [19:27:04][STATE] INITIALIZING DEVICE ---> INITIALIZED
[288601:TOFClusterWriter]: [19:27:04][STATE] INITIALIZED ---> BINDING
[288601:TOFClusterWriter]: [19:27:04][STATE] BINDING ---> BOUND
[288601:TOFClusterWriter]: [19:27:04][STATE] BOUND ---> CONNECTING
[288601:TOFClusterWriter]: [19:27:04][STATE] CONNECTING ---> DEVICE READY
[288601:TOFClusterWriter]: [19:27:04][STATE] DEVICE READY ---> INITIALIZING TASK
[288601:TOFClusterWriter]: [19:27:04][STATE] INITIALIZING TASK ---> READY
[288601:TOFClusterWriter]: [19:27:04][STATE] READY ---> RUNNING
[288601:TOFClusterWriter]: [19:27:04][INFO] fair::mq::Device running...
[288601:TOFClusterWriter]: [19:27:04][INFO] LHCPeriod is not available, using current month AUG
[288601:TOFClusterWriter]: [19:27:04][INFO] Correctly handshaken websocket connection.
[288598:tof-digit-reader]: [19:27:04][INFO] Sending end-of-stream message to channel from_tof-digit-reader_to_internal-dpl-ccdb-backend
[288598:tof-digit-reader]: [19:27:04][INFO] Sending end-of-stream message to channel from_tof-digit-reader_to_TOFClusterer
[288598:tof-digit-reader]: [19:27:04][INFO] Sending end-of-stream message to channel from_tof-digit-reader_to_internal-dpl-injected-dummy-sink
[288598:tof-digit-reader]: [19:27:04][INFO] Correctly handshaken websocket connection.
[288599:internal-dpl-ccdb-backend]: Info in <TJAlienConnectionManager>: Opening connection to JCentral. Please wait
[288599:internal-dpl-ccdb-backend]: Info in <TJAlienConnectionManager>: Opening connection to 137.138.99.187
[288599:internal-dpl-ccdb-backend]: Info in <TJAlienConnectionManager>: Successfully connected to 137.138.99.187
[288599:internal-dpl-ccdb-backend]: Info in <TJAlienFile::Open>: Accessing file /alice/data/CCDB/CTP/Calib/OrbitReset/06/62200/b9f985c3-b4b0-11ec-8fd3-90ce809b24ee in SE <ALICE::CERN::EOS>
[288599:internal-dpl-ccdb-backend]: [19:27:05][INFO] ccdb reads http://alice-ccdb.cern.ch/CTP/Calib/OrbitReset/1546300800000/b9f985c3-b4b0-11ec-8fd3-90ce809b24ee for 1546300800000 (load to memory, agent_id: localhost.localdomain-1692725224-LtBLTN), 
[288599:internal-dpl-ccdb-backend]: Info in <TJAlienFile::Open>: Accessing file /alice/data/CCDB/GLO/Config/GeometryAligned/06/21224/787687c0-287a-11ed-8141-200114580202 in SE <ALICE::CERN::OCDB>
[288599:internal-dpl-ccdb-backend]: [19:27:05][INFO] ccdb reads http://alice-ccdb.cern.ch/GLO/Config/GeometryAligned/1546300800000/787687c0-287a-11ed-8141-200114580202 for 1546300800000 (load to memory, agent_id: localhost.localdomain-1692725224-LtBLTN), 
[288599:internal-dpl-ccdb-backend]: Info in <TJAlienFile::Open>: Accessing file /alice/data/CCDB/GLO/Config/GRPECS/03/07584/646e9be2-0210-11ed-8000-200114580202 in SE <ALICE::CERN::OCDB>
[288599:internal-dpl-ccdb-backend]: [19:27:05][INFO] ccdb reads http://alice-ccdb.cern.ch/GLO/Config/GRPECS/1546300800000/646e9be2-0210-11ed-8000-200114580202 for 1546300800000 (load to memory, agent_id: localhost.localdomain-1692725224-LtBLTN), 
[288599:internal-dpl-ccdb-backend]: Info in <TJAlienFile::Open>: Accessing file /alice/data/CCDB/GLO/Config/GRPLHCIF/04/60609/b3296373-efea-11ec-b9c0-2a010e0a0b16 in SE <ALICE::CERN::OCDB>
[288599:internal-dpl-ccdb-backend]: [19:27:06][INFO] ccdb reads http://alice-ccdb.cern.ch/GLO/Config/GRPLHCIF/1546300800000/b3296373-efea-11ec-b9c0-2a010e0a0b16 for 1546300800000 (load to memory, agent_id: localhost.localdomain-1692725224-LtBLTN), 
[288599:internal-dpl-ccdb-backend]: [19:27:06][INFO] Sending end-of-stream message to channel from_internal-dpl-ccdb-backend_to_TOFClusterer
[288599:internal-dpl-ccdb-backend]: [19:27:06][INFO] Sending end-of-stream message to channel from_internal-dpl-ccdb-backend_to_internal-dpl-injected-dummy-sink
[288600:TOFClusterer]: [19:27:06][INFO] GRP LHCIF object updated
[288600:TOFClusterer]: [19:27:06][INFO] Caching in 139976649954864 ptr to GLO/GRPLHCIF/0 (0x4c21380)
[288600:TOFClusterer]: [19:27:06][INFO] GRP ECS object updated
[288600:TOFClusterer]: [19:27:06][INFO] Caching in 139976649952592 ptr to GLO/GRPECS/0 (0x3a11080)
[288600:TOFClusterer]: Info in <TGeoManager::CloseGeometry>: Geometry loaded from file...
[288600:TOFClusterer]: Info in <TGeoManager::SetTopVolume>: Top volume is cave. Master volume is cave
[288600:TOFClusterer]: Info in <TGeoNavigator::BuildCache>: --- Maximum geometry depth set to 100
[288600:TOFClusterer]: Info in <TGeoManager::Voxelize>: Voxelizing...
[288600:TOFClusterer]: Info in <TGeoManager::CountLevels>: max level = 13, max placements = 735
[288600:TOFClusterer]: Info in <TGeoManager::CloseGeometry>: 5346742 nodes/ 27442 volume UID's in FAIR geometry
[288600:TOFClusterer]: Info in <TGeoManager::CloseGeometry>: ----------------modeler ready----------------
[288600:TOFClusterer]: [19:27:07][INFO] aligned geometry updated
[288600:TOFClusterer]: [19:27:07][INFO] Caching in 139976648105072 ptr to GLO/GEOMALIGN/0 (0x52e3710)
[288600:TOFClusterer]: [19:27:07][INFO] tof::Geo: Initialization of TOF rotation parameters
[288600:TOFClusterer]: [19:27:07][INFO] Sending end-of-stream message to channel from_TOFClusterer_to_TOFClusterWriter
[INFO] Quitting
[INFO] QUIT_REQUESTED
[288597:internal-dpl-clock]: [19:27:07][INFO] Received device shutdown request (signal 15).
[288597:internal-dpl-clock]: [19:27:07][INFO] Waiting for graceful device shutdown. Hit Ctrl-C again to abort immediately.
[288599:internal-dpl-ccdb-backend]: [19:27:07][INFO] Received device shutdown request (signal 15).
[288599:internal-dpl-ccdb-backend]: [19:27:07][INFO] Waiting for graceful device shutdown. Hit Ctrl-C again to abort immediately.
[288600:TOFClusterer]: [19:27:07][INFO] Received device shutdown request (signal 15).
[288600:TOFClusterer]: [19:27:07][INFO] Waiting for graceful device shutdown. Hit Ctrl-C again to abort immediately.
[288601:TOFClusterWriter]: [19:27:07][INFO] Received device shutdown request (signal 15).
[288601:TOFClusterWriter]: [19:27:07][INFO] Waiting for graceful device shutdown. Hit Ctrl-C again to abort immediately.
[288602:internal-dpl-injected-dummy-sink]: [19:27:07][INFO] Received device shutdown request (signal 15).
[288602:internal-dpl-injected-dummy-sink]: [19:27:07][INFO] Waiting for graceful device shutdown. Hit Ctrl-C again to abort immediately.
[288597:internal-dpl-clock]: [19:27:07][INFO] New state requested. No timeout set, quitting immediately as per --completion-policy
[288597:internal-dpl-clock]: [19:27:07][STATE] RUNNING ---> READY
[288597:internal-dpl-clock]: [19:27:07][STATE] READY ---> RESETTING TASK
[288597:internal-dpl-clock]: [19:27:07][STATE] RESETTING TASK ---> DEVICE READY
[288597:internal-dpl-clock]: [19:27:07][STATE] DEVICE READY ---> RESETTING DEVICE
[288598:tof-digit-reader]: [19:27:07][INFO] Received device shutdown request (signal 15).
[288598:tof-digit-reader]: [19:27:07][INFO] Waiting for graceful device shutdown. Hit Ctrl-C again to abort immediately.
[288599:internal-dpl-ccdb-backend]: [19:27:07][INFO] New state requested. No timeout set, quitting immediately as per --completion-policy
[288599:internal-dpl-ccdb-backend]: [19:27:07][INFO] CCDB cache miss/hit ratio:
[288599:internal-dpl-ccdb-backend]: [19:27:07][INFO]   GLO/Config/GRPLHCIF: 1/0 (2048-2048 bytes)
[288599:internal-dpl-ccdb-backend]: [19:27:07][INFO]   GLO/Config/GRPECS: 1/0 (2048-2048 bytes)
[288599:internal-dpl-ccdb-backend]: [19:27:07][INFO]   GLO/Config/GeometryAligned: 1/0 (1847296-1847296 bytes)
[288599:internal-dpl-ccdb-backend]: [19:27:07][INFO]   CTP/Calib/OrbitReset: 1/1 (1024-1024 bytes)
[288599:internal-dpl-ccdb-backend]: [19:27:07][STATE] RUNNING ---> READY
[288599:internal-dpl-ccdb-backend]: [19:27:07][STATE] READY ---> RESETTING TASK
[288599:internal-dpl-ccdb-backend]: [19:27:07][STATE] RESETTING TASK ---> DEVICE READY
[288599:internal-dpl-ccdb-backend]: [19:27:07][STATE] DEVICE READY ---> RESETTING DEVICE
[288600:TOFClusterer]: [19:27:07][INFO] New state requested. No timeout set, quitting immediately as per --completion-policy
[288600:TOFClusterer]: [19:27:07][STATE] RUNNING ---> READY
[288601:TOFClusterWriter]: [19:27:07][INFO] New state requested. No timeout set, quitting immediately as per --completion-policy
[288602:internal-dpl-injected-dummy-sink]: [19:27:07][INFO] New state requested. No timeout set, quitting immediately as per --completion-policy
[288602:internal-dpl-injected-dummy-sink]: [19:27:07][STATE] RUNNING ---> READY
[288598:tof-digit-reader]: [19:27:07][INFO] New state requested. No timeout set, quitting immediately as per --completion-policy
[288598:tof-digit-reader]: [19:27:07][STATE] RUNNING ---> READY
[288602:internal-dpl-injected-dummy-sink]: [19:27:07][STATE] READY ---> RESETTING TASK
[288598:tof-digit-reader]: [19:27:07][STATE] READY ---> RESETTING TASK
[288598:tof-digit-reader]: [19:27:07][STATE] RESETTING TASK ---> DEVICE READY
[288598:tof-digit-reader]: [19:27:07][STATE] DEVICE READY ---> RESETTING DEVICE
[288602:internal-dpl-injected-dummy-sink]: [19:27:07][STATE] RESETTING TASK ---> DEVICE READY
[288602:internal-dpl-injected-dummy-sink]: [19:27:07][STATE] DEVICE READY ---> RESETTING DEVICE
[288600:TOFClusterer]: [19:27:07][STATE] READY ---> RESETTING TASK
[288600:TOFClusterer]: [19:27:07][STATE] RESETTING TASK ---> DEVICE READY
[288600:TOFClusterer]: [19:27:07][STATE] DEVICE READY ---> RESETTING DEVICE
[288599:internal-dpl-ccdb-backend]: [19:27:07][STATE] RESETTING DEVICE ---> IDLE
[288599:internal-dpl-ccdb-backend]: [19:27:07][STATE] IDLE ---> EXITING
[288599:internal-dpl-ccdb-backend]: [19:27:07][STATE] Exiting FairMQ state machine
[288597:internal-dpl-clock]: [19:27:07][STATE] RESETTING DEVICE ---> IDLE
[288602:internal-dpl-injected-dummy-sink]: [19:27:07][STATE] RESETTING DEVICE ---> IDLE
[288602:internal-dpl-injected-dummy-sink]: [19:27:07][STATE] IDLE ---> EXITING
[288598:tof-digit-reader]: [19:27:07][STATE] RESETTING DEVICE ---> IDLE
[288598:tof-digit-reader]: [19:27:07][STATE] IDLE ---> EXITING
[288602:internal-dpl-injected-dummy-sink]: [19:27:07][STATE] Exiting FairMQ state machine
[288597:internal-dpl-clock]: [19:27:07][STATE] IDLE ---> EXITING
[288598:tof-digit-reader]: [19:27:07][STATE] Exiting FairMQ state machine
[288597:internal-dpl-clock]: [19:27:07][STATE] Exiting FairMQ state machine
[288600:TOFClusterer]: [19:27:07][STATE] RESETTING DEVICE ---> IDLE
[288600:TOFClusterer]: [19:27:07][STATE] IDLE ---> EXITING
[288600:TOFClusterer]: [19:27:07][STATE] Exiting FairMQ state machine
[288601:TOFClusterWriter]: [19:27:08][STATE] RUNNING ---> READY
[288601:TOFClusterWriter]: [19:27:08][STATE] READY ---> RESETTING TASK
[288601:TOFClusterWriter]: [19:27:08][STATE] RESETTING TASK ---> DEVICE READY
[288601:TOFClusterWriter]: [19:27:08][STATE] DEVICE READY ---> RESETTING DEVICE
[288601:TOFClusterWriter]: [19:27:08][INFO] Cleaning up for shared memory id '2f4d0acb'...
[288601:TOFClusterWriter]: [19:27:08][INFO] Found 0 unmanaged regions...
[288601:TOFClusterWriter]: [19:27:08][INFO] Found 1 managed segments...
[288601:TOFClusterWriter]: [19:27:08][INFO] Successfully removed 'fmq_2f4d0acb_m_0'.
[288601:TOFClusterWriter]: [19:27:08][INFO] Successfully removed 'fmq_2f4d0acb_mng'.
[288601:TOFClusterWriter]: [19:27:08][STATE] RESETTING DEVICE ---> IDLE
[288601:TOFClusterWriter]: [19:27:08][STATE] IDLE ---> EXITING
[288601:TOFClusterWriter]: [19:27:08][STATE] Exiting FairMQ state machine
[INFO] ## Processes completed. Run summary:
[INFO] ### Devices started: 6
[INFO]  - Device internal-dpl-clock: pid 288597 (exit 0)
[INFO]  - Device tof-digit-reader: pid 288598 (exit 0)
[INFO]  - Device internal-dpl-ccdb-backend: pid 288599 (exit 0)
[INFO]  - Device TOFClusterer: pid 288600 (exit 0)
[INFO]  - Device TOFClusterWriter: pid 288601 (exit 0)
[INFO]  - Device internal-dpl-injected-dummy-sink: pid 288602 (exit 0)
[INFO] Dumping used configuration in dpl-config.json
TASK-EXIT-CODE: 0
