Running: TIME="#walltime %e" /usr/bin/time --output=trdMatch.log_time ./trdMatch.log_tmp.sh
[WARN] MC-truth is not supported for FT0 recpoints currently
[INFO] Initialising O2 Data Processing Layer. Driver PID: 286894.
[INFO] Driver listening on port: 24974
[INFO] Rate limiting set up at 500MB distributed over 1 readers
[INFO] O2 Data Processing Layer initialised. We brake for nobody.
[INFO] Optimised build. O2DEBUG / LOG(debug) / LOGF(debug) / assert statement will not be shown.
[INFO] Redeployment of configuration asked.
[INFO] Starting internal-dpl-clock on pid 286934
[INFO] Starting tpc-native-cluster-reader on pid 286935
[INFO] Starting its-track-reader on pid 286936
[INFO] Starting TRDTrackletReader on pid 286937
[INFO] Starting its-cluster-reader on pid 286938
[INFO] Starting itstpc-track-reader on pid 286939
[INFO] Starting tpc-track-reader on pid 286940
[INFO] Starting ft0-recpoints-reader on pid 286941
[INFO] Starting internal-dpl-ccdb-backend on pid 286942
[INFO] Starting tpc-clusters-sharing-map-producer on pid 286943
[INFO] Starting trd-globaltracking_TPC_FT0_ITS-TPC_ on pid 286944
[INFO] Starting trd-track-writer-tpc on pid 286945
[INFO] Starting trd-track-writer-tpcits on pid 286946
[INFO] Starting internal-dpl-injected-dummy-sink on pid 286947
[INFO] Redeployment of configuration done.
[286936:its-track-reader]: [WARN] MC-truth is not supported for FT0 recpoints currently
[286941:ft0-recpoints-reader]: [WARN] MC-truth is not supported for FT0 recpoints currently
[286936:its-track-reader]: [INFO] Instrumenting crash signals
[286936:its-track-reader]: [INFO] Spawing new device its-track-reader in process with pid 286936
[286936:its-track-reader]: [19:26:13][INFO] 
[286936:its-track-reader]:       ______      _    _______  _________ 
[286936:its-track-reader]:      / ____/___ _(_)_______   |/  /_  __ \    version 1.6.0
[286936:its-track-reader]:     / /_  / __ `/ / ___/__  /|_/ /_  / / /    build RELWITHDEBINFO
[286936:its-track-reader]:    / __/ / /_/ / / /    _  /  / / / /_/ /     https://github.com/FairRootGroup/FairMQ
[286936:its-track-reader]:   /_/    \__,_/_/_/     /_/  /_/  \___\_\     LGPL-3.0  © 2012-2023 GSI
[286936:its-track-reader]: 
[286936:its-track-reader]: [19:26:13][STATE] Starting FairMQ state machine --> IDLE
[286936:its-track-reader]: [19:26:13][STATE] IDLE ---> INITIALIZING DEVICE
[286944:trd-globaltracking_TPC_FT0_ITS-TPC_]: [WARN] MC-truth is not supported for FT0 recpoints currently
[286947:internal-dpl-injected-dummy-sink]: [WARN] MC-truth is not supported for FT0 recpoints currently
[286940:tpc-track-reader]: [WARN] MC-truth is not supported for FT0 recpoints currently
[286946:trd-track-writer-tpcits]: [WARN] MC-truth is not supported for FT0 recpoints currently
[286942:internal-dpl-ccdb-backend]: [WARN] MC-truth is not supported for FT0 recpoints currently
[286934:internal-dpl-clock]: [WARN] MC-truth is not supported for FT0 recpoints currently
[286945:trd-track-writer-tpc]: [WARN] MC-truth is not supported for FT0 recpoints currently
[286934:internal-dpl-clock]: [INFO] Instrumenting crash signals
[286934:internal-dpl-clock]: [INFO] Spawing new device internal-dpl-clock in process with pid 286934
[286934:internal-dpl-clock]: [19:26:14][INFO] 
[286934:internal-dpl-clock]:       ______      _    _______  _________ 
[286934:internal-dpl-clock]:      / ____/___ _(_)_______   |/  /_  __ \    version 1.6.0
[286934:internal-dpl-clock]:     / /_  / __ `/ / ___/__  /|_/ /_  / / /    build RELWITHDEBINFO
[286934:internal-dpl-clock]:    / __/ / /_/ / / /    _  /  / / / /_/ /     https://github.com/FairRootGroup/FairMQ
[286934:internal-dpl-clock]:   /_/    \__,_/_/_/     /_/  /_/  \___\_\     LGPL-3.0  © 2012-2023 GSI
[286934:internal-dpl-clock]: 
[286934:internal-dpl-clock]: [19:26:14][STATE] Starting FairMQ state machine --> IDLE
[286934:internal-dpl-clock]: [19:26:14][STATE] IDLE ---> INITIALIZING DEVICE
[286934:internal-dpl-clock]: [19:26:14][STATE] INITIALIZING DEVICE ---> INITIALIZED
[286934:internal-dpl-clock]: [19:26:14][STATE] INITIALIZED ---> BINDING
[286934:internal-dpl-clock]: [19:26:14][STATE] BINDING ---> BOUND
[286934:internal-dpl-clock]: [19:26:14][STATE] BOUND ---> CONNECTING
[286934:internal-dpl-clock]: [19:26:14][STATE] CONNECTING ---> DEVICE READY
[286934:internal-dpl-clock]: [19:26:14][STATE] DEVICE READY ---> INITIALIZING TASK
[286938:its-cluster-reader]: [WARN] MC-truth is not supported for FT0 recpoints currently
[286938:its-cluster-reader]: [INFO] Instrumenting crash signals
[286938:its-cluster-reader]: [INFO] Spawing new device its-cluster-reader in process with pid 286938
[286938:its-cluster-reader]: [19:26:14][INFO] 
[286938:its-cluster-reader]:       ______      _    _______  _________ 
[286938:its-cluster-reader]:      / ____/___ _(_)_______   |/  /_  __ \    version 1.6.0
[286938:its-cluster-reader]:     / /_  / __ `/ / ___/__  /|_/ /_  / / /    build RELWITHDEBINFO
[286938:its-cluster-reader]:    / __/ / /_/ / / /    _  /  / / / /_/ /     https://github.com/FairRootGroup/FairMQ
[286938:its-cluster-reader]:   /_/    \__,_/_/_/     /_/  /_/  \___\_\     LGPL-3.0  © 2012-2023 GSI
[286938:its-cluster-reader]: 
[286938:its-cluster-reader]: [19:26:14][STATE] Starting FairMQ state machine --> IDLE
[286938:its-cluster-reader]: [19:26:14][STATE] IDLE ---> INITIALIZING DEVICE
[286940:tpc-track-reader]: [INFO] Instrumenting crash signals
[286942:internal-dpl-ccdb-backend]: [INFO] Instrumenting crash signals
[286942:internal-dpl-ccdb-backend]: [INFO] Spawing new device internal-dpl-ccdb-backend in process with pid 286942
[286942:internal-dpl-ccdb-backend]: [19:26:14][INFO] 
[286942:internal-dpl-ccdb-backend]:       ______      _    _______  _________ 
[286942:internal-dpl-ccdb-backend]:      / ____/___ _(_)_______   |/  /_  __ \    version 1.6.0
[286942:internal-dpl-ccdb-backend]:     / /_  / __ `/ / ___/__  /|_/ /_  / / /    build RELWITHDEBINFO
[286942:internal-dpl-ccdb-backend]:    / __/ / /_/ / / /    _  /  / / / /_/ /     https://github.com/FairRootGroup/FairMQ
[286942:internal-dpl-ccdb-backend]:   /_/    \__,_/_/_/     /_/  /_/  \___\_\     LGPL-3.0  © 2012-2023 GSI
[286942:internal-dpl-ccdb-backend]: 
[286942:internal-dpl-ccdb-backend]: [19:26:14][STATE] Starting FairMQ state machine --> IDLE
[286935:tpc-native-cluster-reader]: [WARN] MC-truth is not supported for FT0 recpoints currently
[286940:tpc-track-reader]: [INFO] Spawing new device tpc-track-reader in process with pid 286940
[286940:tpc-track-reader]: [19:26:14][INFO] 
[286940:tpc-track-reader]:       ______      _    _______  _________ 
[286940:tpc-track-reader]:      / ____/___ _(_)_______   |/  /_  __ \    version 1.6.0
[286940:tpc-track-reader]:     / /_  / __ `/ / ___/__  /|_/ /_  / / /    build RELWITHDEBINFO
[286940:tpc-track-reader]:    / __/ / /_/ / / /    _  /  / / / /_/ /     https://github.com/FairRootGroup/FairMQ
[286940:tpc-track-reader]:   /_/    \__,_/_/_/     /_/  /_/  \___\_\     LGPL-3.0  © 2012-2023 GSI
[286940:tpc-track-reader]: 
[286940:tpc-track-reader]: [19:26:14][STATE] Starting FairMQ state machine --> IDLE
[286941:ft0-recpoints-reader]: [INFO] Instrumenting crash signals
[286941:ft0-recpoints-reader]: [INFO] Spawing new device ft0-recpoints-reader in process with pid 286941
[286941:ft0-recpoints-reader]: [19:26:14][INFO] 
[286941:ft0-recpoints-reader]:       ______      _    _______  _________ 
[286941:ft0-recpoints-reader]:      / ____/___ _(_)_______   |/  /_  __ \    version 1.6.0
[286941:ft0-recpoints-reader]:     / /_  / __ `/ / ___/__  /|_/ /_  / / /    build RELWITHDEBINFO
[286941:ft0-recpoints-reader]:    / __/ / /_/ / / /    _  /  / / / /_/ /     https://github.com/FairRootGroup/FairMQ
[286941:ft0-recpoints-reader]:   /_/    \__,_/_/_/     /_/  /_/  \___\_\     LGPL-3.0  © 2012-2023 GSI
[286941:ft0-recpoints-reader]: 
[286941:ft0-recpoints-reader]: [19:26:14][STATE] Starting FairMQ state machine --> IDLE
[286941:ft0-recpoints-reader]: [19:26:14][STATE] IDLE ---> INITIALIZING DEVICE
[286940:tpc-track-reader]: [19:26:14][STATE] IDLE ---> INITIALIZING DEVICE
[286942:internal-dpl-ccdb-backend]: [19:26:14][STATE] IDLE ---> INITIALIZING DEVICE
[286942:internal-dpl-ccdb-backend]: [19:26:14][INFO] CCDB Backend at: http://alice-ccdb.cern.ch, validity check for every 2147483647 TF
[286942:internal-dpl-ccdb-backend]: [19:26:14][INFO] Init CcdApi with UserAgentID: localhost.localdomain-1692725174-IUods0, Host: http://alice-ccdb.cern.ch
[286942:internal-dpl-ccdb-backend]: [19:26:14][INFO] Initialised default CCDB host http://alice-ccdb.cern.ch
[286942:internal-dpl-ccdb-backend]: [19:26:14][INFO] The following route is a condition TPC/CorrMapRef/0
[286942:internal-dpl-ccdb-backend]: [19:26:14][INFO] - ccdb-path: TPC/Calib/CorrectionMapRefV2
[286942:internal-dpl-ccdb-backend]: [19:26:14][INFO] The following route is a condition TPC/VDriftTgl/0
[286942:internal-dpl-ccdb-backend]: [19:26:14][INFO] - ccdb-path: TPC/Calib/VDriftTgl
[286942:internal-dpl-ccdb-backend]: [19:26:14][INFO] The following route is a condition GLO/GRPMAGFIELD/0
[286942:internal-dpl-ccdb-backend]: [19:26:14][INFO] - ccdb-path: GLO/Config/GRPMagField
[286942:internal-dpl-ccdb-backend]: [19:26:14][INFO] The following route is a condition GLO/MATLUT/0
[286942:internal-dpl-ccdb-backend]: [19:26:14][INFO] - ccdb-path: GLO/Param/MatLUT
[286942:internal-dpl-ccdb-backend]: [19:26:14][INFO] The following route is a condition ITS/CLUSDICT/0
[286942:internal-dpl-ccdb-backend]: [19:26:14][INFO] - ccdb-path: ITS/Calib/ClusterDictionary
[286942:internal-dpl-ccdb-backend]: [19:26:14][INFO] The following route is a condition ITS/ALPIDEPARAM/0
[286942:internal-dpl-ccdb-backend]: [19:26:14][INFO] - ccdb-path: ITS/Config/AlpideParam
[286942:internal-dpl-ccdb-backend]: [19:26:14][INFO] The following route is a condition TPC/CorrMap/0
[286942:internal-dpl-ccdb-backend]: [19:26:14][INFO] - ccdb-path: TPC/Calib/CorrectionMapV2
[286942:internal-dpl-ccdb-backend]: [19:26:14][INFO] The following route is a condition TPC/CalibLaserTracks/0
[286942:internal-dpl-ccdb-backend]: [19:26:14][INFO] - ccdb-path: TPC/Calib/LaserTracks
[286942:internal-dpl-ccdb-backend]: [19:26:14][INFO] The following route is a condition GLO/GEOMALIGN/0
[286942:internal-dpl-ccdb-backend]: [19:26:14][INFO] - ccdb-path: GLO/Config/GeometryAligned
[286942:internal-dpl-ccdb-backend]: [19:26:14][STATE] INITIALIZING DEVICE ---> INITIALIZED
[286944:trd-globaltracking_TPC_FT0_ITS-TPC_]: [INFO] Instrumenting crash signals
[286944:trd-globaltracking_TPC_FT0_ITS-TPC_]: [INFO] Spawing new device trd-globaltracking_TPC_FT0_ITS-TPC_ in process with pid 286944
[286942:internal-dpl-ccdb-backend]: [19:26:14][STATE] INITIALIZED ---> BINDING
[286942:internal-dpl-ccdb-backend]: [19:26:14][STATE] BINDING ---> BOUND
[286942:internal-dpl-ccdb-backend]: [19:26:14][STATE] BOUND ---> CONNECTING
[286942:internal-dpl-ccdb-backend]: [19:26:14][STATE] CONNECTING ---> DEVICE READY
[286942:internal-dpl-ccdb-backend]: [19:26:14][STATE] DEVICE READY ---> INITIALIZING TASK
[286944:trd-globaltracking_TPC_FT0_ITS-TPC_]: [19:26:14][INFO] 
[286944:trd-globaltracking_TPC_FT0_ITS-TPC_]:       ______      _    _______  _________ 
[286944:trd-globaltracking_TPC_FT0_ITS-TPC_]:      / ____/___ _(_)_______   |/  /_  __ \    version 1.6.0
[286944:trd-globaltracking_TPC_FT0_ITS-TPC_]:     / /_  / __ `/ / ___/__  /|_/ /_  / / /    build RELWITHDEBINFO
[286944:trd-globaltracking_TPC_FT0_ITS-TPC_]:    / __/ / /_/ / / /    _  /  / / / /_/ /     https://github.com/FairRootGroup/FairMQ
[286944:trd-globaltracking_TPC_FT0_ITS-TPC_]:   /_/    \__,_/_/_/     /_/  /_/  \___\_\     LGPL-3.0  © 2012-2023 GSI
[286944:trd-globaltracking_TPC_FT0_ITS-TPC_]: 
[286944:trd-globaltracking_TPC_FT0_ITS-TPC_]: [19:26:14][STATE] Starting FairMQ state machine --> IDLE
[286934:internal-dpl-clock]: [19:26:14][STATE] INITIALIZING TASK ---> READY
[286934:internal-dpl-clock]: [19:26:14][STATE] READY ---> RUNNING
[286934:internal-dpl-clock]: [19:26:14][INFO] fair::mq::Device running...
[286934:internal-dpl-clock]: [19:26:14][INFO] LHCPeriod is not available, using current month AUG
[286934:internal-dpl-clock]: [19:26:14][INFO] Correctly handshaken websocket connection.
[286944:trd-globaltracking_TPC_FT0_ITS-TPC_]: [19:26:14][STATE] IDLE ---> INITIALIZING DEVICE
[286939:itstpc-track-reader]: [WARN] MC-truth is not supported for FT0 recpoints currently
[286942:internal-dpl-ccdb-backend]: [19:26:14][STATE] INITIALIZING TASK ---> READY
[286942:internal-dpl-ccdb-backend]: [19:26:14][STATE] READY ---> RUNNING
[286942:internal-dpl-ccdb-backend]: [19:26:14][INFO] fair::mq::Device running...
[286942:internal-dpl-ccdb-backend]: [19:26:14][INFO] LHCPeriod is not available, using current month AUG
[286942:internal-dpl-ccdb-backend]: [19:26:15][INFO] Correctly handshaken websocket connection.
[286946:trd-track-writer-tpcits]: [INFO] Instrumenting crash signals
[286946:trd-track-writer-tpcits]: [INFO] Spawing new device trd-track-writer-tpcits in process with pid 286946
[286944:trd-globaltracking_TPC_FT0_ITS-TPC_]: [19:26:15][INFO] CTP Lumi request for TPC corr.map scaling=OFF, override values: lumiMean=0 lumiInst=0 lumiScaleMode=0
[286944:trd-globaltracking_TPC_FT0_ITS-TPC_]: [19:26:15][STATE] INITIALIZING DEVICE ---> INITIALIZED
[286946:trd-track-writer-tpcits]: [19:26:15][INFO] 
[286946:trd-track-writer-tpcits]:       ______      _    _______  _________ 
[286946:trd-track-writer-tpcits]:      / ____/___ _(_)_______   |/  /_  __ \    version 1.6.0
[286946:trd-track-writer-tpcits]:     / /_  / __ `/ / ___/__  /|_/ /_  / / /    build RELWITHDEBINFO
[286946:trd-track-writer-tpcits]:    / __/ / /_/ / / /    _  /  / / / /_/ /     https://github.com/FairRootGroup/FairMQ
[286946:trd-track-writer-tpcits]:   /_/    \__,_/_/_/     /_/  /_/  \___\_\     LGPL-3.0  © 2012-2023 GSI
[286946:trd-track-writer-tpcits]: 
[286946:trd-track-writer-tpcits]: [19:26:15][STATE] Starting FairMQ state machine --> IDLE
[286935:tpc-native-cluster-reader]: [INFO] Instrumenting crash signals
[286944:trd-globaltracking_TPC_FT0_ITS-TPC_]: [19:26:15][STATE] INITIALIZED ---> BINDING
[286944:trd-globaltracking_TPC_FT0_ITS-TPC_]: [19:26:15][STATE] BINDING ---> BOUND
[286935:tpc-native-cluster-reader]: [INFO] Spawing new device tpc-native-cluster-reader in process with pid 286935
[286944:trd-globaltracking_TPC_FT0_ITS-TPC_]: [19:26:15][STATE] BOUND ---> CONNECTING
[286944:trd-globaltracking_TPC_FT0_ITS-TPC_]: [19:26:15][STATE] CONNECTING ---> DEVICE READY
[286945:trd-track-writer-tpc]: [INFO] Instrumenting crash signals
[286947:internal-dpl-injected-dummy-sink]: [INFO] Instrumenting crash signals
[286939:itstpc-track-reader]: [INFO] Instrumenting crash signals
[286944:trd-globaltracking_TPC_FT0_ITS-TPC_]: [19:26:15][STATE] DEVICE READY ---> INITIALIZING TASK
[286946:trd-track-writer-tpcits]: [19:26:15][STATE] IDLE ---> INITIALIZING DEVICE
[286947:internal-dpl-injected-dummy-sink]: [INFO] Spawing new device internal-dpl-injected-dummy-sink in process with pid 286947
[286947:internal-dpl-injected-dummy-sink]: [19:26:15][INFO] 
[286947:internal-dpl-injected-dummy-sink]:       ______      _    _______  _________ 
[286947:internal-dpl-injected-dummy-sink]:      / ____/___ _(_)_______   |/  /_  __ \    version 1.6.0
[286947:internal-dpl-injected-dummy-sink]:     / /_  / __ `/ / ___/__  /|_/ /_  / / /    build RELWITHDEBINFO
[286947:internal-dpl-injected-dummy-sink]:    / __/ / /_/ / / /    _  /  / / / /_/ /     https://github.com/FairRootGroup/FairMQ
[286947:internal-dpl-injected-dummy-sink]:   /_/    \__,_/_/_/     /_/  /_/  \___\_\     LGPL-3.0  © 2012-2023 GSI
[286947:internal-dpl-injected-dummy-sink]: 
[286947:internal-dpl-injected-dummy-sink]: [19:26:15][STATE] Starting FairMQ state machine --> IDLE
[286939:itstpc-track-reader]: [INFO] Spawing new device itstpc-track-reader in process with pid 286939
[286939:itstpc-track-reader]: [19:26:15][INFO] 
[286939:itstpc-track-reader]:       ______      _    _______  _________ 
[286939:itstpc-track-reader]:      / ____/___ _(_)_______   |/  /_  __ \    version 1.6.0
[286939:itstpc-track-reader]:     / /_  / __ `/ / ___/__  /|_/ /_  / / /    build RELWITHDEBINFO
[286939:itstpc-track-reader]:    / __/ / /_/ / / /    _  /  / / / /_/ /     https://github.com/FairRootGroup/FairMQ
[286939:itstpc-track-reader]:   /_/    \__,_/_/_/     /_/  /_/  \___\_\     LGPL-3.0  © 2012-2023 GSI
[286939:itstpc-track-reader]: 
[286939:itstpc-track-reader]: [19:26:15][STATE] Starting FairMQ state machine --> IDLE
[286945:trd-track-writer-tpc]: [INFO] Spawing new device trd-track-writer-tpc in process with pid 286945
[286945:trd-track-writer-tpc]: [19:26:15][INFO] 
[286945:trd-track-writer-tpc]:       ______      _    _______  _________ 
[286945:trd-track-writer-tpc]:      / ____/___ _(_)_______   |/  /_  __ \    version 1.6.0
[286945:trd-track-writer-tpc]:     / /_  / __ `/ / ___/__  /|_/ /_  / / /    build RELWITHDEBINFO
[286945:trd-track-writer-tpc]:    / __/ / /_/ / / /    _  /  / / / /_/ /     https://github.com/FairRootGroup/FairMQ
[286945:trd-track-writer-tpc]:   /_/    \__,_/_/_/     /_/  /_/  \___\_\     LGPL-3.0  © 2012-2023 GSI
[286945:trd-track-writer-tpc]: 
[286945:trd-track-writer-tpc]: [19:26:15][STATE] Starting FairMQ state machine --> IDLE
[286945:trd-track-writer-tpc]: [19:26:15][STATE] IDLE ---> INITIALIZING DEVICE
[286935:tpc-native-cluster-reader]: [19:26:15][INFO] 
[286935:tpc-native-cluster-reader]:       ______      _    _______  _________ 
[286935:tpc-native-cluster-reader]:      / ____/___ _(_)_______   |/  /_  __ \    version 1.6.0
[286935:tpc-native-cluster-reader]:     / /_  / __ `/ / ___/__  /|_/ /_  / / /    build RELWITHDEBINFO
[286935:tpc-native-cluster-reader]:    / __/ / /_/ / / /    _  /  / / / /_/ /     https://github.com/FairRootGroup/FairMQ
[286935:tpc-native-cluster-reader]:   /_/    \__,_/_/_/     /_/  /_/  \___\_\     LGPL-3.0  © 2012-2023 GSI
[286935:tpc-native-cluster-reader]: 
[286935:tpc-native-cluster-reader]: [19:26:15][STATE] Starting FairMQ state machine --> IDLE
[286947:internal-dpl-injected-dummy-sink]: [19:26:15][STATE] IDLE ---> INITIALIZING DEVICE
[286947:internal-dpl-injected-dummy-sink]: [19:26:15][STATE] INITIALIZING DEVICE ---> INITIALIZED
[286947:internal-dpl-injected-dummy-sink]: [19:26:15][STATE] INITIALIZED ---> BINDING
[286947:internal-dpl-injected-dummy-sink]: [19:26:15][STATE] BINDING ---> BOUND
[286947:internal-dpl-injected-dummy-sink]: [19:26:15][STATE] BOUND ---> CONNECTING
[286947:internal-dpl-injected-dummy-sink]: [19:26:15][STATE] CONNECTING ---> DEVICE READY
[286947:internal-dpl-injected-dummy-sink]: [19:26:15][STATE] DEVICE READY ---> INITIALIZING TASK
[286935:tpc-native-cluster-reader]: [19:26:15][STATE] IDLE ---> INITIALIZING DEVICE
[286945:trd-track-writer-tpc]: [19:26:15][INFO] 0: branch  tracks set up
[286945:trd-track-writer-tpc]: [19:26:15][INFO] 1: branch  trgrec set up
[286945:trd-track-writer-tpc]: [19:26:15][INFO] 2: branch  labelsTRD set up
[286945:trd-track-writer-tpc]: [19:26:15][INFO] 3: branch  labels set up
[286945:trd-track-writer-tpc]: [19:26:15][STATE] INITIALIZING DEVICE ---> INITIALIZED
[286945:trd-track-writer-tpc]: [19:26:15][STATE] INITIALIZED ---> BINDING
[286945:trd-track-writer-tpc]: [19:26:15][STATE] BINDING ---> BOUND
[286945:trd-track-writer-tpc]: [19:26:15][STATE] BOUND ---> CONNECTING
[286945:trd-track-writer-tpc]: [19:26:15][STATE] CONNECTING ---> DEVICE READY
[286945:trd-track-writer-tpc]: [19:26:15][STATE] DEVICE READY ---> INITIALIZING TASK
[286945:trd-track-writer-tpc]: [19:26:15][STATE] INITIALIZING TASK ---> READY
[286945:trd-track-writer-tpc]: [19:26:15][STATE] READY ---> RUNNING
[286945:trd-track-writer-tpc]: [19:26:15][INFO] fair::mq::Device running...
[286945:trd-track-writer-tpc]: [19:26:15][INFO] LHCPeriod is not available, using current month AUG
[286946:trd-track-writer-tpcits]: [19:26:15][INFO] 0: branch  tracks set up
[286946:trd-track-writer-tpcits]: [19:26:15][INFO] 1: branch  trgrec set up
[286946:trd-track-writer-tpcits]: [19:26:15][INFO] 2: branch  labelsTRD set up
[286946:trd-track-writer-tpcits]: [19:26:15][INFO] 3: branch  labels set up
[286946:trd-track-writer-tpcits]: [19:26:15][STATE] INITIALIZING DEVICE ---> INITIALIZED
[286946:trd-track-writer-tpcits]: [19:26:15][STATE] INITIALIZED ---> BINDING
[286946:trd-track-writer-tpcits]: [19:26:15][STATE] BINDING ---> BOUND
[286946:trd-track-writer-tpcits]: [19:26:15][STATE] BOUND ---> CONNECTING
[286946:trd-track-writer-tpcits]: [19:26:15][STATE] CONNECTING ---> DEVICE READY
[286946:trd-track-writer-tpcits]: [19:26:15][STATE] DEVICE READY ---> INITIALIZING TASK
[286946:trd-track-writer-tpcits]: [19:26:15][STATE] INITIALIZING TASK ---> READY
[286946:trd-track-writer-tpcits]: [19:26:15][STATE] READY ---> RUNNING
[286946:trd-track-writer-tpcits]: [19:26:15][INFO] fair::mq::Device running...
[286946:trd-track-writer-tpcits]: [19:26:15][INFO] LHCPeriod is not available, using current month AUG
[286939:itstpc-track-reader]: [19:26:15][STATE] IDLE ---> INITIALIZING DEVICE
[286937:TRDTrackletReader]: [WARN] MC-truth is not supported for FT0 recpoints currently
[286945:trd-track-writer-tpc]: [19:26:15][INFO] Correctly handshaken websocket connection.
[286946:trd-track-writer-tpcits]: [19:26:15][INFO] Correctly handshaken websocket connection.
[286937:TRDTrackletReader]: [INFO] Instrumenting crash signals
[286937:TRDTrackletReader]: [INFO] Spawing new device TRDTrackletReader in process with pid 286937
[286937:TRDTrackletReader]: [19:26:15][INFO] 
[286937:TRDTrackletReader]:       ______      _    _______  _________ 
[286937:TRDTrackletReader]:      / ____/___ _(_)_______   |/  /_  __ \    version 1.6.0
[286937:TRDTrackletReader]:     / /_  / __ `/ / ___/__  /|_/ /_  / / /    build RELWITHDEBINFO
[286937:TRDTrackletReader]:    / __/ / /_/ / / /    _  /  / / / /_/ /     https://github.com/FairRootGroup/FairMQ
[286937:TRDTrackletReader]:   /_/    \__,_/_/_/     /_/  /_/  \___\_\     LGPL-3.0  © 2012-2023 GSI
[286937:TRDTrackletReader]: 
[286937:TRDTrackletReader]: [19:26:15][STATE] Starting FairMQ state machine --> IDLE
[286937:TRDTrackletReader]: [19:26:15][STATE] IDLE ---> INITIALIZING DEVICE
[286937:TRDTrackletReader]: [19:26:15][INFO] Init TRD tracklet reader!
[286936:its-track-reader]: [19:26:15][INFO] Loaded tree from o2trac_its.root with 1 entries
[286947:internal-dpl-injected-dummy-sink]: [19:26:15][STATE] INITIALIZING TASK ---> READY
[286947:internal-dpl-injected-dummy-sink]: [19:26:15][STATE] READY ---> RUNNING
[286947:internal-dpl-injected-dummy-sink]: [19:26:15][INFO] fair::mq::Device running...
[286947:internal-dpl-injected-dummy-sink]: [19:26:15][INFO] LHCPeriod is not available, using current month AUG
[286936:its-track-reader]: [19:26:15][STATE] INITIALIZING DEVICE ---> INITIALIZED
[286947:internal-dpl-injected-dummy-sink]: [19:26:15][INFO] Correctly handshaken websocket connection.
[286944:trd-globaltracking_TPC_FT0_ITS-TPC_]: [19:26:15][STATE] INITIALIZING TASK ---> READY
[286944:trd-globaltracking_TPC_FT0_ITS-TPC_]: [19:26:16][STATE] READY ---> RUNNING
[286944:trd-globaltracking_TPC_FT0_ITS-TPC_]: [19:26:16][INFO] fair::mq::Device running...
[286944:trd-globaltracking_TPC_FT0_ITS-TPC_]: [19:26:16][INFO] LHCPeriod is not available, using current month AUG
[286944:trd-globaltracking_TPC_FT0_ITS-TPC_]: [19:26:16][INFO] Correctly handshaken websocket connection.
[286936:its-track-reader]: [19:26:16][STATE] INITIALIZED ---> BINDING
[286936:its-track-reader]: [19:26:16][STATE] BINDING ---> BOUND
[286936:its-track-reader]: [19:26:16][STATE] BOUND ---> CONNECTING
[286936:its-track-reader]: [19:26:16][STATE] CONNECTING ---> DEVICE READY
[286936:its-track-reader]: [19:26:16][STATE] DEVICE READY ---> INITIALIZING TASK
[286943:tpc-clusters-sharing-map-producer]: [WARN] MC-truth is not supported for FT0 recpoints currently
[286936:its-track-reader]: [19:26:16][STATE] INITIALIZING TASK ---> READY
[286936:its-track-reader]: [19:26:16][STATE] READY ---> RUNNING
[286936:its-track-reader]: [19:26:16][INFO] fair::mq::Device running...
[286936:its-track-reader]: [19:26:16][INFO] LHCPeriod is not available, using current month AUG
[286936:its-track-reader]: [19:26:16][INFO] Pushing 548 track in 9 ROFs at entry 0
[286943:tpc-clusters-sharing-map-producer]: [INFO] Instrumenting crash signals
[286943:tpc-clusters-sharing-map-producer]: [INFO] Spawing new device tpc-clusters-sharing-map-producer in process with pid 286943
[286943:tpc-clusters-sharing-map-producer]: [19:26:16][INFO] 
[286943:tpc-clusters-sharing-map-producer]:       ______      _    _______  _________ 
[286943:tpc-clusters-sharing-map-producer]:      / ____/___ _(_)_______   |/  /_  __ \    version 1.6.0
[286943:tpc-clusters-sharing-map-producer]:     / /_  / __ `/ / ___/__  /|_/ /_  / / /    build RELWITHDEBINFO
[286943:tpc-clusters-sharing-map-producer]:    / __/ / /_/ / / /    _  /  / / / /_/ /     https://github.com/FairRootGroup/FairMQ
[286943:tpc-clusters-sharing-map-producer]:   /_/    \__,_/_/_/     /_/  /_/  \___\_\     LGPL-3.0  © 2012-2023 GSI
[286943:tpc-clusters-sharing-map-producer]: 
[286943:tpc-clusters-sharing-map-producer]: [19:26:16][STATE] Starting FairMQ state machine --> IDLE
[286943:tpc-clusters-sharing-map-producer]: [19:26:16][STATE] IDLE ---> INITIALIZING DEVICE
[286943:tpc-clusters-sharing-map-producer]: [19:26:16][STATE] INITIALIZING DEVICE ---> INITIALIZED
[286943:tpc-clusters-sharing-map-producer]: [19:26:16][STATE] INITIALIZED ---> BINDING
[286943:tpc-clusters-sharing-map-producer]: [19:26:16][STATE] BINDING ---> BOUND
[286943:tpc-clusters-sharing-map-producer]: [19:26:16][STATE] BOUND ---> CONNECTING
[286943:tpc-clusters-sharing-map-producer]: [19:26:16][STATE] CONNECTING ---> DEVICE READY
[286943:tpc-clusters-sharing-map-producer]: [19:26:16][STATE] DEVICE READY ---> INITIALIZING TASK
[286943:tpc-clusters-sharing-map-producer]: [19:26:16][STATE] INITIALIZING TASK ---> READY
[286943:tpc-clusters-sharing-map-producer]: [19:26:16][STATE] READY ---> RUNNING
[286943:tpc-clusters-sharing-map-producer]: [19:26:16][INFO] fair::mq::Device running...
[286943:tpc-clusters-sharing-map-producer]: [19:26:16][INFO] LHCPeriod is not available, using current month AUG
[286943:tpc-clusters-sharing-map-producer]: [19:26:16][INFO] Correctly handshaken websocket connection.
[286937:TRDTrackletReader]: [19:26:16][INFO] Loaded tree from trdtracklets.root with 1 entries
[286936:its-track-reader]: [19:26:16][INFO] Sending end-of-stream message to channel from_its-track-reader_to_trd-globaltracking_TPC_FT0_ITS-TPC_
[286936:its-track-reader]: [19:26:16][INFO] Sending end-of-stream message to channel from_its-track-reader_to_internal-dpl-injected-dummy-sink
[286936:its-track-reader]: [19:26:16][INFO] Correctly handshaken websocket connection.
[286938:its-cluster-reader]: [19:26:16][INFO] Loaded tree from o2clus_its.root with 1 entries
[286938:its-cluster-reader]: [19:26:16][STATE] INITIALIZING DEVICE ---> INITIALIZED
[286938:its-cluster-reader]: [19:26:16][STATE] INITIALIZED ---> BINDING
[286938:its-cluster-reader]: [19:26:16][STATE] BINDING ---> BOUND
[286938:its-cluster-reader]: [19:26:16][STATE] BOUND ---> CONNECTING
[286938:its-cluster-reader]: [19:26:16][STATE] CONNECTING ---> DEVICE READY
[286938:its-cluster-reader]: [19:26:16][STATE] DEVICE READY ---> INITIALIZING TASK
[286937:TRDTrackletReader]: [19:26:16][INFO] Loaded tree from trdcalibratedtracklets.root with 1 entries
[286937:TRDTrackletReader]: [19:26:16][STATE] INITIALIZING DEVICE ---> INITIALIZED
[286937:TRDTrackletReader]: [19:26:16][STATE] INITIALIZED ---> BINDING
[286937:TRDTrackletReader]: [19:26:16][STATE] BINDING ---> BOUND
[286937:TRDTrackletReader]: [19:26:16][STATE] BOUND ---> CONNECTING
[286937:TRDTrackletReader]: [19:26:16][STATE] CONNECTING ---> DEVICE READY
[286937:TRDTrackletReader]: [19:26:16][STATE] DEVICE READY ---> INITIALIZING TASK
[286938:its-cluster-reader]: [19:26:16][STATE] INITIALIZING TASK ---> READY
[286938:its-cluster-reader]: [19:26:16][STATE] READY ---> RUNNING
[286938:its-cluster-reader]: [19:26:16][INFO] fair::mq::Device running...
[286938:its-cluster-reader]: [19:26:16][INFO] LHCPeriod is not available, using current month AUG
[286938:its-cluster-reader]: [19:26:16][INFO] ITSClusterReader pushes 9 ROFRecords,7894 compact clusters at entry 0
[286937:TRDTrackletReader]: [19:26:16][STATE] INITIALIZING TASK ---> READY
[286937:TRDTrackletReader]: [19:26:16][STATE] READY ---> RUNNING
[286937:TRDTrackletReader]: [19:26:16][INFO] fair::mq::Device running...
[286937:TRDTrackletReader]: [19:26:16][INFO] LHCPeriod is not available, using current month AUG
[286937:TRDTrackletReader]: [19:26:16][INFO] Pushing 3 TRD trigger records at entry 0
[286937:TRDTrackletReader]: [19:26:16][INFO] Pushing 2205 uncalibrated TRD tracklets for these trigger records
[286937:TRDTrackletReader]: [19:26:16][INFO] Pushing 2205 calibrated TRD tracklets for these trigger records
[286937:TRDTrackletReader]: [19:26:16][INFO] Pushing 3 flags for the given TRD trigger records
[286937:TRDTrackletReader]: [19:26:16][INFO] Pushing 2930 TRD tracklet labels
[286937:TRDTrackletReader]: [19:26:17][INFO] Sending end-of-stream message to channel from_TRDTrackletReader_to_internal-dpl-ccdb-backend
[286937:TRDTrackletReader]: [19:26:17][INFO] Sending end-of-stream message to channel from_TRDTrackletReader_to_trd-globaltracking_TPC_FT0_ITS-TPC_
[286937:TRDTrackletReader]: [19:26:17][INFO] Correctly handshaken websocket connection.
[286938:its-cluster-reader]: [19:26:17][INFO] Sending end-of-stream message to channel from_its-cluster-reader_to_trd-globaltracking_TPC_FT0_ITS-TPC_
[286938:its-cluster-reader]: [19:26:17][INFO] Sending end-of-stream message to channel from_its-cluster-reader_to_internal-dpl-injected-dummy-sink
[286938:its-cluster-reader]: [19:26:17][INFO] Correctly handshaken websocket connection.
[286939:itstpc-track-reader]: [19:26:17][INFO] Loaded tree from o2match_itstpc.root with 1 entries
[286935:tpc-native-cluster-reader]: [19:26:17][INFO] branch set up: TPCClusterNativeMCTruth_0
[286935:tpc-native-cluster-reader]: [19:26:17][INFO] binary branch set up: TPCClusterNative_0
[286935:tpc-native-cluster-reader]: [19:26:17][INFO] branch set up: TPCClusterNativeMCTruth_1
[286935:tpc-native-cluster-reader]: [19:26:17][INFO] binary branch set up: TPCClusterNative_1
[286935:tpc-native-cluster-reader]: [19:26:17][INFO] branch set up: TPCClusterNativeMCTruth_2
[286935:tpc-native-cluster-reader]: [19:26:17][INFO] binary branch set up: TPCClusterNative_2
[286935:tpc-native-cluster-reader]: [19:26:17][INFO] branch set up: TPCClusterNativeMCTruth_3
[286935:tpc-native-cluster-reader]: [19:26:17][INFO] binary branch set up: TPCClusterNative_3
[286935:tpc-native-cluster-reader]: [19:26:17][INFO] branch set up: TPCClusterNativeMCTruth_4
[286935:tpc-native-cluster-reader]: [19:26:17][INFO] binary branch set up: TPCClusterNative_4
[286935:tpc-native-cluster-reader]: [19:26:17][INFO] branch set up: TPCClusterNativeMCTruth_5
[286935:tpc-native-cluster-reader]: [19:26:17][INFO] binary branch set up: TPCClusterNative_5
[286935:tpc-native-cluster-reader]: [19:26:17][INFO] branch set up: TPCClusterNativeMCTruth_6
[286935:tpc-native-cluster-reader]: [19:26:17][INFO] binary branch set up: TPCClusterNative_6
[286939:itstpc-track-reader]: [19:26:17][STATE] INITIALIZING DEVICE ---> INITIALIZED
[286935:tpc-native-cluster-reader]: [19:26:17][INFO] branch set up: TPCClusterNativeMCTruth_7
[286935:tpc-native-cluster-reader]: [19:26:17][INFO] binary branch set up: TPCClusterNative_7
[286939:itstpc-track-reader]: [19:26:17][STATE] INITIALIZED ---> BINDING
[286939:itstpc-track-reader]: [19:26:17][STATE] BINDING ---> BOUND
[286935:tpc-native-cluster-reader]: [19:26:17][INFO] branch set up: TPCClusterNativeMCTruth_8
[286935:tpc-native-cluster-reader]: [19:26:17][INFO] binary branch set up: TPCClusterNative_8
[286939:itstpc-track-reader]: [19:26:17][STATE] BOUND ---> CONNECTING
[286939:itstpc-track-reader]: [19:26:17][STATE] CONNECTING ---> DEVICE READY
[286939:itstpc-track-reader]: [19:26:17][STATE] DEVICE READY ---> INITIALIZING TASK
[286935:tpc-native-cluster-reader]: [19:26:17][INFO] branch set up: TPCClusterNativeMCTruth_9
[286935:tpc-native-cluster-reader]: [19:26:17][INFO] binary branch set up: TPCClusterNative_9
[286935:tpc-native-cluster-reader]: [19:26:17][INFO] branch set up: TPCClusterNativeMCTruth_10
[286935:tpc-native-cluster-reader]: [19:26:17][INFO] binary branch set up: TPCClusterNative_10
[286939:itstpc-track-reader]: [19:26:17][STATE] INITIALIZING TASK ---> READY
[286939:itstpc-track-reader]: [19:26:17][STATE] READY ---> RUNNING
[286939:itstpc-track-reader]: [19:26:17][INFO] fair::mq::Device running...
[286939:itstpc-track-reader]: [19:26:17][INFO] LHCPeriod is not available, using current month AUG
[286939:itstpc-track-reader]: [19:26:17][INFO] Pushing 446 TPC-ITS matches at entry 0
[286935:tpc-native-cluster-reader]: [19:26:17][INFO] branch set up: TPCClusterNativeMCTruth_11
[286935:tpc-native-cluster-reader]: [19:26:17][INFO] binary branch set up: TPCClusterNative_11
[286935:tpc-native-cluster-reader]: [19:26:17][INFO] branch set up: TPCClusterNativeMCTruth_12
[286935:tpc-native-cluster-reader]: [19:26:17][INFO] binary branch set up: TPCClusterNative_12
[286935:tpc-native-cluster-reader]: [19:26:17][INFO] branch set up: TPCClusterNativeMCTruth_13
[286935:tpc-native-cluster-reader]: [19:26:17][INFO] binary branch set up: TPCClusterNative_13
[286935:tpc-native-cluster-reader]: [19:26:17][INFO] branch set up: TPCClusterNativeMCTruth_14
[286935:tpc-native-cluster-reader]: [19:26:17][INFO] binary branch set up: TPCClusterNative_14
[286935:tpc-native-cluster-reader]: [19:26:17][INFO] branch set up: TPCClusterNativeMCTruth_15
[286935:tpc-native-cluster-reader]: [19:26:17][INFO] binary branch set up: TPCClusterNative_15
[286935:tpc-native-cluster-reader]: [19:26:17][INFO] branch set up: TPCClusterNativeMCTruth_16
[286935:tpc-native-cluster-reader]: [19:26:17][INFO] binary branch set up: TPCClusterNative_16
[286935:tpc-native-cluster-reader]: [19:26:17][INFO] branch set up: TPCClusterNativeMCTruth_17
[286935:tpc-native-cluster-reader]: [19:26:17][INFO] binary branch set up: TPCClusterNative_17
[286935:tpc-native-cluster-reader]: [19:26:17][INFO] branch set up: TPCClusterNativeMCTruth_18
[286935:tpc-native-cluster-reader]: [19:26:17][INFO] binary branch set up: TPCClusterNative_18
[286935:tpc-native-cluster-reader]: [19:26:17][INFO] branch set up: TPCClusterNativeMCTruth_19
[286935:tpc-native-cluster-reader]: [19:26:17][INFO] binary branch set up: TPCClusterNative_19
[286935:tpc-native-cluster-reader]: [19:26:17][INFO] branch set up: TPCClusterNativeMCTruth_20
[286935:tpc-native-cluster-reader]: [19:26:17][INFO] binary branch set up: TPCClusterNative_20
[286935:tpc-native-cluster-reader]: [19:26:17][INFO] branch set up: TPCClusterNativeMCTruth_21
[286935:tpc-native-cluster-reader]: [19:26:17][INFO] binary branch set up: TPCClusterNative_21
[286935:tpc-native-cluster-reader]: [19:26:17][INFO] branch set up: TPCClusterNativeMCTruth_22
[286935:tpc-native-cluster-reader]: [19:26:17][INFO] binary branch set up: TPCClusterNative_22
[286935:tpc-native-cluster-reader]: [19:26:17][INFO] branch set up: TPCClusterNativeMCTruth_23
[286935:tpc-native-cluster-reader]: [19:26:17][INFO] binary branch set up: TPCClusterNative_23
[286935:tpc-native-cluster-reader]: [19:26:17][INFO] branch set up: TPCClusterNativeMCTruth_24
[286935:tpc-native-cluster-reader]: [19:26:17][INFO] binary branch set up: TPCClusterNative_24
[286935:tpc-native-cluster-reader]: [19:26:17][INFO] branch set up: TPCClusterNativeMCTruth_25
[286935:tpc-native-cluster-reader]: [19:26:17][INFO] binary branch set up: TPCClusterNative_25
[286935:tpc-native-cluster-reader]: [19:26:17][INFO] branch set up: TPCClusterNativeMCTruth_26
[286935:tpc-native-cluster-reader]: [19:26:17][INFO] binary branch set up: TPCClusterNative_26
[286935:tpc-native-cluster-reader]: [19:26:17][INFO] branch set up: TPCClusterNativeMCTruth_27
[286935:tpc-native-cluster-reader]: [19:26:17][INFO] binary branch set up: TPCClusterNative_27
[286935:tpc-native-cluster-reader]: [19:26:17][INFO] branch set up: TPCClusterNativeMCTruth_28
[286935:tpc-native-cluster-reader]: [19:26:17][INFO] binary branch set up: TPCClusterNative_28
[286935:tpc-native-cluster-reader]: [19:26:17][INFO] branch set up: TPCClusterNativeMCTruth_29
[286935:tpc-native-cluster-reader]: [19:26:17][INFO] binary branch set up: TPCClusterNative_29
[286935:tpc-native-cluster-reader]: [19:26:17][INFO] branch set up: TPCClusterNativeMCTruth_30
[286935:tpc-native-cluster-reader]: [19:26:17][INFO] binary branch set up: TPCClusterNative_30
[286935:tpc-native-cluster-reader]: [19:26:17][INFO] branch set up: TPCClusterNativeMCTruth_31
[286935:tpc-native-cluster-reader]: [19:26:17][INFO] binary branch set up: TPCClusterNative_31
[286939:itstpc-track-reader]: [19:26:17][INFO] Sending end-of-stream message to channel from_itstpc-track-reader_to_trd-globaltracking_TPC_FT0_ITS-TPC_
[286939:itstpc-track-reader]: [19:26:17][INFO] Correctly handshaken websocket connection.
[286935:tpc-native-cluster-reader]: [19:26:17][INFO] branch set up: TPCClusterNativeMCTruth_32
[286935:tpc-native-cluster-reader]: [19:26:17][INFO] binary branch set up: TPCClusterNative_32
[286935:tpc-native-cluster-reader]: [19:26:17][INFO] branch set up: TPCClusterNativeMCTruth_33
[286935:tpc-native-cluster-reader]: [19:26:17][INFO] binary branch set up: TPCClusterNative_33
[286940:tpc-track-reader]: [19:26:17][INFO] Will use MC-truth from TPCTracksMCTruth
[286940:tpc-track-reader]: [19:26:17][INFO] Loaded tree from tpctracks.root with 1 entries
[286940:tpc-track-reader]: [19:26:17][STATE] INITIALIZING DEVICE ---> INITIALIZED
[286940:tpc-track-reader]: [19:26:17][STATE] INITIALIZED ---> BINDING
[286935:tpc-native-cluster-reader]: [19:26:17][INFO] branch set up: TPCClusterNativeMCTruth_34
[286935:tpc-native-cluster-reader]: [19:26:17][INFO] binary branch set up: TPCClusterNative_34
[286940:tpc-track-reader]: [19:26:17][STATE] BINDING ---> BOUND
[286940:tpc-track-reader]: [19:26:17][STATE] BOUND ---> CONNECTING
[286940:tpc-track-reader]: [19:26:17][STATE] CONNECTING ---> DEVICE READY
[286940:tpc-track-reader]: [19:26:17][STATE] DEVICE READY ---> INITIALIZING TASK
[286935:tpc-native-cluster-reader]: [19:26:17][INFO] branch set up: TPCClusterNativeMCTruth_35
[286935:tpc-native-cluster-reader]: [19:26:17][INFO] binary branch set up: TPCClusterNative_35
[286940:tpc-track-reader]: [19:26:17][STATE] INITIALIZING TASK ---> READY
[286940:tpc-track-reader]: [19:26:17][STATE] READY ---> RUNNING
[286940:tpc-track-reader]: [19:26:17][INFO] fair::mq::Device running...
[286940:tpc-track-reader]: [19:26:17][INFO] LHCPeriod is not available, using current month AUG
[286935:tpc-native-cluster-reader]: [19:26:17][STATE] INITIALIZING DEVICE ---> INITIALIZED
[286935:tpc-native-cluster-reader]: [19:26:17][STATE] INITIALIZED ---> BINDING
[286940:tpc-track-reader]: [19:26:17][INFO] TPCTrackReader pushes 1395 tracks from entries 0 : 0
[286935:tpc-native-cluster-reader]: [19:26:17][STATE] BINDING ---> BOUND
[286935:tpc-native-cluster-reader]: [19:26:17][STATE] BOUND ---> CONNECTING
[286935:tpc-native-cluster-reader]: [19:26:17][STATE] CONNECTING ---> DEVICE READY
[286935:tpc-native-cluster-reader]: [19:26:17][STATE] DEVICE READY ---> INITIALIZING TASK
[286935:tpc-native-cluster-reader]: [19:26:17][STATE] INITIALIZING TASK ---> READY
[286935:tpc-native-cluster-reader]: [19:26:17][STATE] READY ---> RUNNING
[286935:tpc-native-cluster-reader]: [19:26:17][INFO] fair::mq::Device running...
[286935:tpc-native-cluster-reader]: [19:26:17][INFO] LHCPeriod is not available, using current month AUG
[286935:tpc-native-cluster-reader]: [19:26:17][INFO] branch TPCClusterNative_0: publishing binary chunk of 102288 bytes(s)
[286935:tpc-native-cluster-reader]: [19:26:17][INFO] branch TPCClusterNative_1: publishing binary chunk of 92040 bytes(s)
[286935:tpc-native-cluster-reader]: [19:26:17][INFO] branch TPCClusterNative_2: publishing binary chunk of 112044 bytes(s)
[286935:tpc-native-cluster-reader]: [19:26:17][INFO] branch TPCClusterNative_3: publishing binary chunk of 92520 bytes(s)
[286935:tpc-native-cluster-reader]: [19:26:17][INFO] branch TPCClusterNative_4: publishing binary chunk of 98364 bytes(s)
[286941:ft0-recpoints-reader]: [19:26:17][INFO] Loaded FT0 RecPoints tree from o2reco_ft0.root with 1 entries
[286935:tpc-native-cluster-reader]: [19:26:17][INFO] branch TPCClusterNative_5: publishing binary chunk of 102324 bytes(s)
[286941:ft0-recpoints-reader]: [19:26:17][STATE] INITIALIZING DEVICE ---> INITIALIZED
[286935:tpc-native-cluster-reader]: [19:26:17][INFO] branch TPCClusterNative_6: publishing binary chunk of 97296 bytes(s)
[286935:tpc-native-cluster-reader]: [19:26:17][INFO] branch TPCClusterNative_7: publishing binary chunk of 106764 bytes(s)
[286935:tpc-native-cluster-reader]: [19:26:17][INFO] branch TPCClusterNative_8: publishing binary chunk of 128028 bytes(s)
[286941:ft0-recpoints-reader]: [19:26:17][STATE] INITIALIZED ---> BINDING
[286935:tpc-native-cluster-reader]: [19:26:17][INFO] branch TPCClusterNative_9: publishing binary chunk of 109968 bytes(s)
[286941:ft0-recpoints-reader]: [19:26:17][STATE] BINDING ---> BOUND
[286941:ft0-recpoints-reader]: [19:26:17][STATE] BOUND ---> CONNECTING
[286941:ft0-recpoints-reader]: [19:26:17][STATE] CONNECTING ---> DEVICE READY
[286935:tpc-native-cluster-reader]: [19:26:17][INFO] branch TPCClusterNative_10: publishing binary chunk of 128496 bytes(s)
[286935:tpc-native-cluster-reader]: [19:26:17][INFO] branch TPCClusterNative_11: publishing binary chunk of 106452 bytes(s)
[286935:tpc-native-cluster-reader]: [19:26:17][INFO] branch TPCClusterNative_12: publishing binary chunk of 93972 bytes(s)
[286941:ft0-recpoints-reader]: [19:26:17][STATE] DEVICE READY ---> INITIALIZING TASK
[286935:tpc-native-cluster-reader]: [19:26:17][INFO] branch TPCClusterNative_13: publishing binary chunk of 101496 bytes(s)
[286935:tpc-native-cluster-reader]: [19:26:17][INFO] branch TPCClusterNative_14: publishing binary chunk of 104496 bytes(s)
[286941:ft0-recpoints-reader]: [19:26:17][STATE] INITIALIZING TASK ---> READY
[286941:ft0-recpoints-reader]: [19:26:17][STATE] READY ---> RUNNING
[286941:ft0-recpoints-reader]: [19:26:17][INFO] fair::mq::Device running...
[286941:ft0-recpoints-reader]: [19:26:17][INFO] LHCPeriod is not available, using current month AUG
[286935:tpc-native-cluster-reader]: [19:26:17][INFO] branch TPCClusterNative_15: publishing binary chunk of 119868 bytes(s)
[286935:tpc-native-cluster-reader]: [19:26:17][INFO] branch TPCClusterNative_16: publishing binary chunk of 102528 bytes(s)
[286935:tpc-native-cluster-reader]: [19:26:17][INFO] branch TPCClusterNative_17: publishing binary chunk of 114840 bytes(s)
[286940:tpc-track-reader]: [19:26:17][INFO] Sending end-of-stream message to channel from_tpc-track-reader_to_tpc-clusters-sharing-map-producer
[286940:tpc-track-reader]: [19:26:17][INFO] Sending end-of-stream message to channel from_tpc-track-reader_to_trd-globaltracking_TPC_FT0_ITS-TPC_
[286940:tpc-track-reader]: [19:26:17][INFO] Correctly handshaken websocket connection.
[286935:tpc-native-cluster-reader]: [19:26:17][INFO] branch TPCClusterNative_18: publishing binary chunk of 132744 bytes(s)
[286935:tpc-native-cluster-reader]: [19:26:17][INFO] branch TPCClusterNative_19: publishing binary chunk of 98964 bytes(s)
[286935:tpc-native-cluster-reader]: [19:26:17][INFO] branch TPCClusterNative_20: publishing binary chunk of 108084 bytes(s)
[286935:tpc-native-cluster-reader]: [19:26:17][INFO] branch TPCClusterNative_21: publishing binary chunk of 105420 bytes(s)
[286935:tpc-native-cluster-reader]: [19:26:17][INFO] branch TPCClusterNative_22: publishing binary chunk of 114672 bytes(s)
[286935:tpc-native-cluster-reader]: [19:26:17][INFO] branch TPCClusterNative_23: publishing binary chunk of 113880 bytes(s)
[286935:tpc-native-cluster-reader]: [19:26:17][INFO] branch TPCClusterNative_24: publishing binary chunk of 76884 bytes(s)
[286935:tpc-native-cluster-reader]: [19:26:17][INFO] branch TPCClusterNative_25: publishing binary chunk of 84696 bytes(s)
[286935:tpc-native-cluster-reader]: [19:26:17][INFO] branch TPCClusterNative_26: publishing binary chunk of 120000 bytes(s)
[286935:tpc-native-cluster-reader]: [19:26:17][INFO] branch TPCClusterNative_27: publishing binary chunk of 87780 bytes(s)
[286935:tpc-native-cluster-reader]: [19:26:17][INFO] branch TPCClusterNative_28: publishing binary chunk of 98136 bytes(s)
[286935:tpc-native-cluster-reader]: [19:26:17][INFO] branch TPCClusterNative_29: publishing binary chunk of 99144 bytes(s)
[286935:tpc-native-cluster-reader]: [19:26:17][INFO] branch TPCClusterNative_30: publishing binary chunk of 73968 bytes(s)
[286935:tpc-native-cluster-reader]: [19:26:17][INFO] branch TPCClusterNative_31: publishing binary chunk of 73440 bytes(s)
[286935:tpc-native-cluster-reader]: [19:26:17][INFO] branch TPCClusterNative_32: publishing binary chunk of 100428 bytes(s)
[286935:tpc-native-cluster-reader]: [19:26:17][INFO] branch TPCClusterNative_33: publishing binary chunk of 95184 bytes(s)
[286935:tpc-native-cluster-reader]: [19:26:17][INFO] branch TPCClusterNative_34: publishing binary chunk of 104004 bytes(s)
[286935:tpc-native-cluster-reader]: [19:26:17][INFO] branch TPCClusterNative_35: publishing binary chunk of 115896 bytes(s)
[286935:tpc-native-cluster-reader]: [19:26:17][INFO] Correctly handshaken websocket connection.
[286943:tpc-clusters-sharing-map-producer]: [19:26:17][INFO] Timing for TPC clusters sharing map creation: Cpu: 1.000e-02 Real: 1.073e-02 s
[286935:tpc-native-cluster-reader]: [19:26:17][INFO] Sending end-of-stream message to channel from_tpc-native-cluster-reader_to_tpc-clusters-sharing-map-producer
[286935:tpc-native-cluster-reader]: [19:26:17][INFO] Sending end-of-stream message to channel from_tpc-native-cluster-reader_to_internal-dpl-injected-dummy-sink
[286941:ft0-recpoints-reader]: [19:26:17][INFO] Sending end-of-stream message to channel from_ft0-recpoints-reader_to_trd-globaltracking_TPC_FT0_ITS-TPC_
[286941:ft0-recpoints-reader]: [19:26:17][INFO] Correctly handshaken websocket connection.
[286943:tpc-clusters-sharing-map-producer]: [19:26:17][INFO] Sending end-of-stream message to channel from_tpc-clusters-sharing-map-producer_to_trd-globaltracking_TPC_FT0_ITS-TPC_
[286942:internal-dpl-ccdb-backend]: Info in <TJAlienConnectionManager>: Opening connection to JCentral. Please wait
[286942:internal-dpl-ccdb-backend]: Info in <TJAlienConnectionManager>: Opening connection to 137.138.99.147
[286942:internal-dpl-ccdb-backend]: Info in <TJAlienConnectionManager>: Successfully connected to 137.138.99.147
[286942:internal-dpl-ccdb-backend]: Info in <TJAlienFile::Open>: Accessing file /alice/data/CCDB/CTP/Calib/OrbitReset/06/62200/b9f985c3-b4b0-11ec-8fd3-90ce809b24ee in SE <ALICE::CERN::EOS>
[286942:internal-dpl-ccdb-backend]: [19:26:20][INFO] ccdb reads http://alice-ccdb.cern.ch/CTP/Calib/OrbitReset/1546300800000/b9f985c3-b4b0-11ec-8fd3-90ce809b24ee for 1546300800000 (load to memory, agent_id: localhost.localdomain-1692725174-IUods0), 
[286942:internal-dpl-ccdb-backend]: Info in <TJAlienFile::Open>: Accessing file /alice/data/CCDB/TPC/Calib/CorrectionMapRefV2/10/16377/1f4bfb7e-3a84-11ee-a1e3-200114580202 in SE <ALICE::CERN::OCDB>
[286942:internal-dpl-ccdb-backend]: [19:26:20][INFO] ccdb reads http://alice-ccdb.cern.ch/TPC/Calib/CorrectionMapRefV2/1/1f4bfb7e-3a84-11ee-a1e3-200114580202 for 1546300800000 (load to memory, agent_id: localhost.localdomain-1692725174-IUods0), 
[286942:internal-dpl-ccdb-backend]: Info in <TJAlienFile::Open>: Accessing file /alice/data/CCDB/TPC/Calib/VDriftTgl/04/00148/01683855-2e90-11ed-ac0b-200114580202 in SE <ALICE::CERN::OCDB>
[286942:internal-dpl-ccdb-backend]: [19:26:20][INFO] ccdb reads http://alice-ccdb.cern.ch/TPC/Calib/VDriftTgl/1546300800000/01683855-2e90-11ed-ac0b-200114580202 for 1546300800000 (load to memory, agent_id: localhost.localdomain-1692725174-IUods0), 
[286942:internal-dpl-ccdb-backend]: Info in <TJAlienFile::Open>: Accessing file /alice/data/CCDB/GLO/Config/GRPMagField/06/62924/01d633ab-efdf-11ec-841e-2a010e0a0b16 in SE <ALICE::CERN::OCDB>
[286942:internal-dpl-ccdb-backend]: [19:26:20][INFO] ccdb reads http://alice-ccdb.cern.ch/GLO/Config/GRPMagField/1546300800000/01d633ab-efdf-11ec-841e-2a010e0a0b16 for 1546300800000 (load to memory, agent_id: localhost.localdomain-1692725174-IUods0), 
[286942:internal-dpl-ccdb-backend]: Info in <TJAlienFile::Open>: Accessing file /alice/data/CCDB/GLO/Param/MatLUT/05/24630/d5a2a33e-dba4-11ec-9e90-2a010e0a0b16 in SE <ALICE::CERN::OCDB>
[286942:internal-dpl-ccdb-backend]: [19:26:21][INFO] ccdb reads http://alice-ccdb.cern.ch/GLO/Param/MatLUT/1546300800000/d5a2a33e-dba4-11ec-9e90-2a010e0a0b16 for 1546300800000 (load to memory, agent_id: localhost.localdomain-1692725174-IUods0), 
[286942:internal-dpl-ccdb-backend]: Info in <TJAlienFile::Open>: Accessing file /alice/data/CCDB/ITS/Calib/ClusterDictionary/09/10449/c245a720-9fe3-11ec-975c-200114580202 in SE <ALICE::CERN::OCDB>
[286942:internal-dpl-ccdb-backend]: [19:26:21][INFO] ccdb reads http://alice-ccdb.cern.ch/ITS/Calib/ClusterDictionary/0/c245a720-9fe3-11ec-975c-200114580202 for 1546300800000 (load to memory, agent_id: localhost.localdomain-1692725174-IUods0), 
[286942:internal-dpl-ccdb-backend]: Info in <TJAlienFile::Open>: Accessing file /alice/data/CCDB/ITS/Config/AlpideParam/02/10715/76f24ad5-e339-11ec-9e90-200114580204 in SE <ALICE::CERN::OCDB>
[286942:internal-dpl-ccdb-backend]: [19:26:21][INFO] ccdb reads http://alice-ccdb.cern.ch/ITS/Config/AlpideParam/1546300800000/76f24ad5-e339-11ec-9e90-200114580204 for 1546300800000 (load to memory, agent_id: localhost.localdomain-1692725174-IUods0), 
[286942:internal-dpl-ccdb-backend]: Info in <TJAlienFile::Open>: Accessing file /alice/data/CCDB/TPC/Calib/CorrectionMapV2/04/24306/188b3306-3a84-11ee-a1e3-200114580202 in SE <ALICE::CERN::OCDB>
[286942:internal-dpl-ccdb-backend]: [19:26:21][INFO] ccdb reads http://alice-ccdb.cern.ch/TPC/Calib/CorrectionMapV2/1/188b3306-3a84-11ee-a1e3-200114580202 for 1546300800000 (load to memory, agent_id: localhost.localdomain-1692725174-IUods0), 
[286942:internal-dpl-ccdb-backend]: Info in <TJAlienFile::Open>: Accessing file /alice/data/CCDB/TPC/Calib/LaserTracks/14/60057/dd26d771-0929-11ed-8000-2a010e0a0b16 in SE <ALICE::CERN::OCDB>
[286942:internal-dpl-ccdb-backend]: [19:26:21][INFO] ccdb reads http://alice-ccdb.cern.ch/TPC/Calib/LaserTracks/1546300800000/dd26d771-0929-11ed-8000-2a010e0a0b16 for 1546300800000 (load to memory, agent_id: localhost.localdomain-1692725174-IUods0), 
[286942:internal-dpl-ccdb-backend]: Info in <TJAlienFile::Open>: Accessing file /alice/data/CCDB/GLO/Config/GeometryAligned/06/21224/787687c0-287a-11ed-8141-200114580202 in SE <ALICE::CERN::OCDB>
[286942:internal-dpl-ccdb-backend]: [19:26:21][INFO] ccdb reads http://alice-ccdb.cern.ch/GLO/Config/GeometryAligned/1546300800000/787687c0-287a-11ed-8141-200114580202 for 1546300800000 (load to memory, agent_id: localhost.localdomain-1692725174-IUods0), 
[286942:internal-dpl-ccdb-backend]: [19:26:21][INFO] Sending end-of-stream message to channel from_internal-dpl-ccdb-backend_to_trd-globaltracking_TPC_FT0_ITS-TPC_
[286942:internal-dpl-ccdb-backend]: [19:26:21][INFO] Sending end-of-stream message to channel from_internal-dpl-ccdb-backend_to_internal-dpl-injected-dummy-sink
[286944:trd-globaltracking_TPC_FT0_ITS-TPC_]: [19:26:23][INFO] Caching in 140526782816992 ptr to ITS/ALPIDEPARAM/0 (0x7fd1712dcfe0)
[286944:trd-globaltracking_TPC_FT0_ITS-TPC_]: [19:26:23][INFO] cluster dictionary updated
[286944:trd-globaltracking_TPC_FT0_ITS-TPC_]: [19:26:23][INFO] Caching in 140526782789312 ptr to ITS/CLUSDICT/0 (0x93c4200)
[286944:trd-globaltracking_TPC_FT0_ITS-TPC_]: [19:26:23][INFO] GRP MagField object updated
[286944:trd-globaltracking_TPC_FT0_ITS-TPC_]: [19:26:23][INFO] MagneticField::Print: MagneticFieldMap:
[286944:trd-globaltracking_TPC_FT0_ITS-TPC_]: [19:26:23][INFO] MagneticField::Print: Solenoid (-1*)5 kG, Dipole ON (-1) 
[286944:trd-globaltracking_TPC_FT0_ITS-TPC_]: [19:26:23][INFO] MagneticField::Print: Machine B fields for p-p  beam (7000 GeV): QGrad: 22.0002 Dipole: 37.8781
[286944:trd-globaltracking_TPC_FT0_ITS-TPC_]: [19:26:23][INFO] MagneticField::Print: Uses Sol30_Dip6_Hole  of /root/alice/sw/slc8_x86-64/O2/segment-local1/share/Common/maps/mfchebKGI_sym.root
[286944:trd-globaltracking_TPC_FT0_ITS-TPC_]: Info in <TGeoGlobalMagField::SetField>: Global magnetic field set to <MagneticFieldMap>
[286944:trd-globaltracking_TPC_FT0_ITS-TPC_]: Info in <TGeoGlobalMagField::Lock>: Global magnetic field <MagneticFieldMap> is now locked
[286944:trd-globaltracking_TPC_FT0_ITS-TPC_]: [19:26:23][INFO] Caching in 140526782788256 ptr to GLO/GRPMAGFIELD/0 (0x9741060)
[286944:trd-globaltracking_TPC_FT0_ITS-TPC_]: [19:26:24][INFO] material LUT updated
[286944:trd-globaltracking_TPC_FT0_ITS-TPC_]: [19:26:24][INFO] Loaded 440 params from $(O2_ROOT)/share/Common/maps/sol5k.txt
[286944:trd-globaltracking_TPC_FT0_ITS-TPC_]: [19:26:24][INFO] Caching in 140526783918736 ptr to GLO/MATLUT/0 (0x9740bf0)
[286944:trd-globaltracking_TPC_FT0_ITS-TPC_]: Info in <TGeoManager::CloseGeometry>: Geometry loaded from file...
[286944:trd-globaltracking_TPC_FT0_ITS-TPC_]: Info in <TGeoManager::SetTopVolume>: Top volume is cave. Master volume is cave
[286944:trd-globaltracking_TPC_FT0_ITS-TPC_]: Info in <TGeoNavigator::BuildCache>: --- Maximum geometry depth set to 100
[286944:trd-globaltracking_TPC_FT0_ITS-TPC_]: Info in <TGeoManager::Voxelize>: Voxelizing...
[286944:trd-globaltracking_TPC_FT0_ITS-TPC_]: Info in <TGeoManager::CountLevels>: max level = 13, max placements = 735
[286944:trd-globaltracking_TPC_FT0_ITS-TPC_]: Info in <TGeoManager::CloseGeometry>: 5346742 nodes/ 27442 volume UID's in FAIR geometry
[286944:trd-globaltracking_TPC_FT0_ITS-TPC_]: Info in <TGeoManager::CloseGeometry>: ----------------modeler ready----------------
[286944:trd-globaltracking_TPC_FT0_ITS-TPC_]: [19:26:26][INFO] aligned geometry updated
[286944:trd-globaltracking_TPC_FT0_ITS-TPC_]: [19:26:26][INFO] Caching in 140526793143984 ptr to GLO/GEOMALIGN/0 (0xa648d70)
[286944:trd-globaltracking_TPC_FT0_ITS-TPC_]: [19:26:26][INFO] accountLaserCalibration 1 t 10 vs 0
[286944:trd-globaltracking_TPC_FT0_ITS-TPC_]: [19:26:26][INFO] Caching in 140526782828320 ptr to TPC/CalibLaserTracks/0 (0x5737b00)
[286944:trd-globaltracking_TPC_FT0_ITS-TPC_]: [19:26:26][INFO] accountDriftCorrectionITSTPCTgl 1 t 0 vs 0
[286944:trd-globaltracking_TPC_FT0_ITS-TPC_]: [19:26:26][INFO] Caching in 140526782786176 ptr to TPC/VDriftTgl/0 (0x9a28f90)
[286944:trd-globaltracking_TPC_FT0_ITS-TPC_]: [19:26:26][INFO] Will prefer TPC Drift from Laser with time 10 to TPCITSTgl with time 0
[286944:trd-globaltracking_TPC_FT0_ITS-TPC_]: [19:26:26][INFO] InstLumiOverride=0, UseCTPLumi=false -> instLumi=0, meanLumi=1 -> LumiScale=0, lumiScaleMode=0
[286944:trd-globaltracking_TPC_FT0_ITS-TPC_]: [19:26:26][INFO] Caching in 140526782819072 ptr to TPC/CorrMap/0 (0x9c8a760)
[286944:trd-globaltracking_TPC_FT0_ITS-TPC_]: [19:26:26][INFO] Caching in 140526782776928 ptr to TPC/CorrMapRef/0 (0x9c8c9a0)
[286944:trd-globaltracking_TPC_FT0_ITS-TPC_]: [19:26:26][INFO] Loading ITS T2L matrices from TGeo
[286944:trd-globaltracking_TPC_FT0_ITS-TPC_]: [19:26:26][INFO] Loading ITS T2G rotation 2D matrices
[286944:trd-globaltracking_TPC_FT0_ITS-TPC_]: [19:26:26][INFO] Created GPUReconstruction instance for device type CPU (1) 
[286944:trd-globaltracking_TPC_FT0_ITS-TPC_]: [19:26:26][INFO] Initializing with B-field: -5.006750 kG
[286944:trd-globaltracking_TPC_FT0_ITS-TPC_]: [19:26:26][INFO] Loading error parameterization for Bz = -5 kG
[286944:trd-globaltracking_TPC_FT0_ITS-TPC_]: [19:26:26][INFO] Loaded error parameterization for Bz = -5.00675
[286944:trd-globaltracking_TPC_FT0_ITS-TPC_]: [19:26:26][INFO] ##############################################################
[286944:trd-globaltracking_TPC_FT0_ITS-TPC_]: [19:26:26][INFO] Current settings for GPU TRD tracker:
[286944:trd-globaltracking_TPC_FT0_ITS-TPC_]: [19:26:26][INFO]  maxChi2(20.00), chi2Penalty(12.00), nCandidates(3), maxMissingLayers(6)
[286944:trd-globaltracking_TPC_FT0_ITS-TPC_]: [19:26:26][INFO]  ptCut = 0.50 GeV, abs(eta) < 0.84
[286944:trd-globaltracking_TPC_FT0_ITS-TPC_]: [19:26:26][INFO] ##############################################################
[286944:trd-globaltracking_TPC_FT0_ITS-TPC_]: [19:26:26][INFO] Strict matching mode is OFF
[286944:trd-globaltracking_TPC_FT0_ITS-TPC_]: [19:26:26][INFO] The search road in time for ITS-TPC tracks is set to 4.0 sigma and 2.50 us are added to it on top
[286944:trd-globaltracking_TPC_FT0_ITS-TPC_]: [19:26:26][INFO] Updating TPC VDrift factor of 1 wrt reference 2.58 and DriftTimeOffset correction 0 wrt 0 from source Laser
[286944:trd-globaltracking_TPC_FT0_ITS-TPC_]: [19:26:26][INFO] RecoContainer::createTracks took 0.000195 CPU s.
[286944:trd-globaltracking_TPC_FT0_ITS-TPC_]: [19:26:26][INFO] There are 2205 tracklets in total from 3 trigger records
[286944:trd-globaltracking_TPC_FT0_ITS-TPC_]: [19:26:26][INFO] As input seeds are available: 446 ITS-TPC matched tracks and 1395 TPC tracks
[286944:trd-globaltracking_TPC_FT0_ITS-TPC_]: [19:26:26][INFO] 201 tracks are loaded into the TRD tracker. Out of those 116 ITS-TPC tracks and 85 TPC tracks
[286944:trd-globaltracking_TPC_FT0_ITS-TPC_]: [19:26:26][INFO] The TRD tracker found 20 tracks from TPC seeds and 39 tracks from ITS-TPC seeds and attached in total 258 tracklets out of 2205
[286944:trd-globaltracking_TPC_FT0_ITS-TPC_]: [19:26:26][INFO] Number of tracks failed in the refit: TPC-TRD (0), ITS-TPC-TRD (0)
[286944:trd-globaltracking_TPC_FT0_ITS-TPC_]: [19:26:26][INFO] TRD global tracking total timing: Cpu: 4.580e+00 Real: 4.952e+00 s in 1 slots
[286944:trd-globaltracking_TPC_FT0_ITS-TPC_]: [19:26:26][INFO] Sending end-of-stream message to channel from_trd-globaltracking_TPC_FT0_ITS-TPC__to_trd-track-writer-tpc
[286944:trd-globaltracking_TPC_FT0_ITS-TPC_]: [19:26:26][INFO] Sending end-of-stream message to channel from_trd-globaltracking_TPC_FT0_ITS-TPC__to_trd-track-writer-tpcits
[INFO] Quitting
[INFO] QUIT_REQUESTED
[286934:internal-dpl-clock]: [19:26:26][INFO] Received device shutdown request (signal 15).
[286934:internal-dpl-clock]: [19:26:26][INFO] Waiting for graceful device shutdown. Hit Ctrl-C again to abort immediately.
[286934:internal-dpl-clock]: [19:26:26][INFO] New state requested. No timeout set, quitting immediately as per --completion-policy
[286934:internal-dpl-clock]: [19:26:26][STATE] RUNNING ---> READY
[286935:tpc-native-cluster-reader]: [19:26:26][INFO] Received device shutdown request (signal 15).
[286935:tpc-native-cluster-reader]: [19:26:26][INFO] Waiting for graceful device shutdown. Hit Ctrl-C again to abort immediately.
[286935:tpc-native-cluster-reader]: [19:26:26][INFO] New state requested. No timeout set, quitting immediately as per --completion-policy
[286935:tpc-native-cluster-reader]: [19:26:26][STATE] RUNNING ---> READY
[286936:its-track-reader]: [19:26:26][INFO] Received device shutdown request (signal 15).
[286936:its-track-reader]: [19:26:26][INFO] Waiting for graceful device shutdown. Hit Ctrl-C again to abort immediately.
[286936:its-track-reader]: [19:26:26][INFO] New state requested. No timeout set, quitting immediately as per --completion-policy
[286936:its-track-reader]: [19:26:26][STATE] RUNNING ---> READY
[286937:TRDTrackletReader]: [19:26:26][INFO] Received device shutdown request (signal 15).
[286937:TRDTrackletReader]: [19:26:26][INFO] Waiting for graceful device shutdown. Hit Ctrl-C again to abort immediately.
[286937:TRDTrackletReader]: [19:26:26][INFO] New state requested. No timeout set, quitting immediately as per --completion-policy
[286937:TRDTrackletReader]: [19:26:26][STATE] RUNNING ---> READY
[286938:its-cluster-reader]: [19:26:26][INFO] Received device shutdown request (signal 15).
[286938:its-cluster-reader]: [19:26:26][INFO] Waiting for graceful device shutdown. Hit Ctrl-C again to abort immediately.
[286938:its-cluster-reader]: [19:26:26][INFO] New state requested. No timeout set, quitting immediately as per --completion-policy
[286938:its-cluster-reader]: [19:26:26][STATE] RUNNING ---> READY
[286939:itstpc-track-reader]: [19:26:26][INFO] Received device shutdown request (signal 15).
[286939:itstpc-track-reader]: [19:26:26][INFO] Waiting for graceful device shutdown. Hit Ctrl-C again to abort immediately.
[286939:itstpc-track-reader]: [19:26:26][INFO] New state requested. No timeout set, quitting immediately as per --completion-policy
[286939:itstpc-track-reader]: [19:26:26][STATE] RUNNING ---> READY
[286939:itstpc-track-reader]: [19:26:26][STATE] READY ---> RESETTING TASK
[286939:itstpc-track-reader]: [19:26:26][STATE] RESETTING TASK ---> DEVICE READY
[286939:itstpc-track-reader]: [19:26:26][STATE] DEVICE READY ---> RESETTING DEVICE
[286940:tpc-track-reader]: [19:26:26][INFO] Received device shutdown request (signal 15).
[286940:tpc-track-reader]: [19:26:26][INFO] Waiting for graceful device shutdown. Hit Ctrl-C again to abort immediately.
[286940:tpc-track-reader]: [19:26:26][INFO] New state requested. No timeout set, quitting immediately as per --completion-policy
[286940:tpc-track-reader]: [19:26:26][STATE] RUNNING ---> READY
[286940:tpc-track-reader]: [19:26:26][STATE] READY ---> RESETTING TASK
[286940:tpc-track-reader]: [19:26:26][STATE] RESETTING TASK ---> DEVICE READY
[286941:ft0-recpoints-reader]: [19:26:26][INFO] Received device shutdown request (signal 15).
[286941:ft0-recpoints-reader]: [19:26:26][INFO] Waiting for graceful device shutdown. Hit Ctrl-C again to abort immediately.
[286942:internal-dpl-ccdb-backend]: [19:26:26][INFO] Received device shutdown request (signal 15).
[286942:internal-dpl-ccdb-backend]: [19:26:26][INFO] Waiting for graceful device shutdown. Hit Ctrl-C again to abort immediately.
[286942:internal-dpl-ccdb-backend]: [19:26:26][INFO] New state requested. No timeout set, quitting immediately as per --completion-policy
[286942:internal-dpl-ccdb-backend]: [19:26:26][INFO] CCDB cache miss/hit ratio:
[286942:internal-dpl-ccdb-backend]: [19:26:26][INFO]   GLO/Config/GeometryAligned: 1/0 (1847296-1847296 bytes)
[286942:internal-dpl-ccdb-backend]: [19:26:26][INFO]   TPC/Calib/LaserTracks: 1/0 (2048-2048 bytes)
[286942:internal-dpl-ccdb-backend]: [19:26:26][INFO]   ITS/Config/AlpideParam: 1/0 (2048-2048 bytes)
[286942:internal-dpl-ccdb-backend]: [19:26:26][INFO]   ITS/Calib/ClusterDictionary: 1/0 (27648-27648 bytes)
[286942:internal-dpl-ccdb-backend]: [19:26:26][INFO]   GLO/Param/MatLUT: 1/0 (9225216-9225216 bytes)
[286942:internal-dpl-ccdb-backend]: [19:26:26][INFO]   GLO/Config/GRPMagField: 1/0 (1024-1024 bytes)
[286942:internal-dpl-ccdb-backend]: [19:26:26][INFO]   TPC/Calib/CorrectionMapV2: 1/0 (9216-9216 bytes)
[286942:internal-dpl-ccdb-backend]: [19:26:26][INFO]   TPC/Calib/VDriftTgl: 1/0 (2048-2048 bytes)
[286942:internal-dpl-ccdb-backend]: [19:26:26][INFO]   TPC/Calib/CorrectionMapRefV2: 1/0 (9216-9216 bytes)
[286942:internal-dpl-ccdb-backend]: [19:26:26][INFO]   CTP/Calib/OrbitReset: 1/1 (1024-1024 bytes)
[286942:internal-dpl-ccdb-backend]: [19:26:26][STATE] RUNNING ---> READY
[286942:internal-dpl-ccdb-backend]: [19:26:26][STATE] READY ---> RESETTING TASK
[286943:tpc-clusters-sharing-map-producer]: [19:26:26][INFO] Received device shutdown request (signal 15).
[286943:tpc-clusters-sharing-map-producer]: [19:26:26][INFO] Waiting for graceful device shutdown. Hit Ctrl-C again to abort immediately.
[286943:tpc-clusters-sharing-map-producer]: [19:26:26][INFO] New state requested. No timeout set, quitting immediately as per --completion-policy
[286943:tpc-clusters-sharing-map-producer]: [19:26:26][STATE] RUNNING ---> READY
[286944:trd-globaltracking_TPC_FT0_ITS-TPC_]: [19:26:26][INFO] Received device shutdown request (signal 15).
[286944:trd-globaltracking_TPC_FT0_ITS-TPC_]: [19:26:26][INFO] Waiting for graceful device shutdown. Hit Ctrl-C again to abort immediately.
[286944:trd-globaltracking_TPC_FT0_ITS-TPC_]: [19:26:26][INFO] New state requested. No timeout set, quitting immediately as per --completion-policy
[286944:trd-globaltracking_TPC_FT0_ITS-TPC_]: [19:26:26][STATE] RUNNING ---> READY
[286945:trd-track-writer-tpc]: [19:26:26][INFO] Received device shutdown request (signal 15).
[286945:trd-track-writer-tpc]: [19:26:26][INFO] Waiting for graceful device shutdown. Hit Ctrl-C again to abort immediately.
[286946:trd-track-writer-tpcits]: [19:26:26][INFO] Received device shutdown request (signal 15).
[286946:trd-track-writer-tpcits]: [19:26:26][INFO] Waiting for graceful device shutdown. Hit Ctrl-C again to abort immediately.
[286946:trd-track-writer-tpcits]: [19:26:26][INFO] New state requested. No timeout set, quitting immediately as per --completion-policy
[286947:internal-dpl-injected-dummy-sink]: [19:26:26][INFO] Received device shutdown request (signal 15).
[286947:internal-dpl-injected-dummy-sink]: [19:26:26][INFO] Waiting for graceful device shutdown. Hit Ctrl-C again to abort immediately.
[286943:tpc-clusters-sharing-map-producer]: [19:26:26][STATE] READY ---> RESETTING TASK
[286942:internal-dpl-ccdb-backend]: [19:26:26][STATE] RESETTING TASK ---> DEVICE READY
[286935:tpc-native-cluster-reader]: [19:26:26][STATE] READY ---> RESETTING TASK
[286935:tpc-native-cluster-reader]: [19:26:26][STATE] RESETTING TASK ---> DEVICE READY
[286936:its-track-reader]: [19:26:26][STATE] READY ---> RESETTING TASK
[286936:its-track-reader]: [19:26:26][STATE] RESETTING TASK ---> DEVICE READY
[286937:TRDTrackletReader]: [19:26:26][STATE] READY ---> RESETTING TASK
[286937:TRDTrackletReader]: [19:26:26][STATE] RESETTING TASK ---> DEVICE READY
[286938:its-cluster-reader]: [19:26:26][STATE] READY ---> RESETTING TASK
[286938:its-cluster-reader]: [19:26:26][STATE] RESETTING TASK ---> DEVICE READY
[286940:tpc-track-reader]: [19:26:26][STATE] DEVICE READY ---> RESETTING DEVICE
[286941:ft0-recpoints-reader]: [19:26:26][INFO] New state requested. No timeout set, quitting immediately as per --completion-policy
[286941:ft0-recpoints-reader]: [19:26:26][STATE] RUNNING ---> READY
[286941:ft0-recpoints-reader]: [19:26:26][STATE] READY ---> RESETTING TASK
[286942:internal-dpl-ccdb-backend]: [19:26:26][STATE] DEVICE READY ---> RESETTING DEVICE
[286943:tpc-clusters-sharing-map-producer]: [19:26:26][STATE] RESETTING TASK ---> DEVICE READY
[286943:tpc-clusters-sharing-map-producer]: [19:26:26][STATE] DEVICE READY ---> RESETTING DEVICE
[286934:internal-dpl-clock]: [19:26:26][STATE] READY ---> RESETTING TASK
[286934:internal-dpl-clock]: [19:26:26][STATE] RESETTING TASK ---> DEVICE READY
[286934:internal-dpl-clock]: [19:26:26][STATE] DEVICE READY ---> RESETTING DEVICE
[286936:its-track-reader]: [19:26:26][STATE] DEVICE READY ---> RESETTING DEVICE
[286937:TRDTrackletReader]: [19:26:26][STATE] DEVICE READY ---> RESETTING DEVICE
[286938:its-cluster-reader]: [19:26:26][STATE] DEVICE READY ---> RESETTING DEVICE
[286941:ft0-recpoints-reader]: [19:26:26][STATE] RESETTING TASK ---> DEVICE READY
[286945:trd-track-writer-tpc]: [19:26:26][INFO] New state requested. No timeout set, quitting immediately as per --completion-policy
[286939:itstpc-track-reader]: [19:26:26][STATE] RESETTING DEVICE ---> IDLE
[286947:internal-dpl-injected-dummy-sink]: [19:26:26][INFO] New state requested. No timeout set, quitting immediately as per --completion-policy
[286947:internal-dpl-injected-dummy-sink]: [19:26:26][STATE] RUNNING ---> READY
[286947:internal-dpl-injected-dummy-sink]: [19:26:26][STATE] READY ---> RESETTING TASK
[286947:internal-dpl-injected-dummy-sink]: [19:26:26][STATE] RESETTING TASK ---> DEVICE READY
[286939:itstpc-track-reader]: [19:26:26][STATE] IDLE ---> EXITING
[286940:tpc-track-reader]: [19:26:26][STATE] RESETTING DEVICE ---> IDLE
[286947:internal-dpl-injected-dummy-sink]: [19:26:26][STATE] DEVICE READY ---> RESETTING DEVICE
[286938:its-cluster-reader]: [19:26:26][STATE] RESETTING DEVICE ---> IDLE
[286939:itstpc-track-reader]: [19:26:26][STATE] Exiting FairMQ state machine
[286940:tpc-track-reader]: [19:26:26][STATE] IDLE ---> EXITING
[286940:tpc-track-reader]: [19:26:26][STATE] Exiting FairMQ state machine
[286936:its-track-reader]: [19:26:26][STATE] RESETTING DEVICE ---> IDLE
[286936:its-track-reader]: [19:26:26][STATE] IDLE ---> EXITING
[286936:its-track-reader]: [19:26:26][STATE] Exiting FairMQ state machine
[286938:its-cluster-reader]: [19:26:26][STATE] IDLE ---> EXITING
[286938:its-cluster-reader]: [19:26:26][STATE] Exiting FairMQ state machine
[286947:internal-dpl-injected-dummy-sink]: [19:26:26][STATE] RESETTING DEVICE ---> IDLE
[286947:internal-dpl-injected-dummy-sink]: [19:26:26][STATE] IDLE ---> EXITING
[286947:internal-dpl-injected-dummy-sink]: [19:26:26][STATE] Exiting FairMQ state machine
[286934:internal-dpl-clock]: [19:26:26][STATE] RESETTING DEVICE ---> IDLE
[286943:tpc-clusters-sharing-map-producer]: [19:26:26][STATE] RESETTING DEVICE ---> IDLE
[286935:tpc-native-cluster-reader]: [19:26:26][STATE] DEVICE READY ---> RESETTING DEVICE
[286943:tpc-clusters-sharing-map-producer]: [19:26:26][STATE] IDLE ---> EXITING
[286942:internal-dpl-ccdb-backend]: [19:26:26][STATE] RESETTING DEVICE ---> IDLE
[286944:trd-globaltracking_TPC_FT0_ITS-TPC_]: [19:26:26][STATE] READY ---> RESETTING TASK
[286944:trd-globaltracking_TPC_FT0_ITS-TPC_]: [19:26:26][STATE] RESETTING TASK ---> DEVICE READY
[286944:trd-globaltracking_TPC_FT0_ITS-TPC_]: [19:26:26][STATE] DEVICE READY ---> RESETTING DEVICE
[286942:internal-dpl-ccdb-backend]: [19:26:26][STATE] IDLE ---> EXITING
[286943:tpc-clusters-sharing-map-producer]: [19:26:26][STATE] Exiting FairMQ state machine
[286937:TRDTrackletReader]: [19:26:26][STATE] RESETTING DEVICE ---> IDLE
[286937:TRDTrackletReader]: [19:26:26][STATE] IDLE ---> EXITING
[286937:TRDTrackletReader]: [19:26:26][STATE] Exiting FairMQ state machine
[286942:internal-dpl-ccdb-backend]: [19:26:26][STATE] Exiting FairMQ state machine
[286934:internal-dpl-clock]: [19:26:27][STATE] IDLE ---> EXITING
[286934:internal-dpl-clock]: [19:26:27][STATE] Exiting FairMQ state machine
[286941:ft0-recpoints-reader]: [19:26:27][STATE] DEVICE READY ---> RESETTING DEVICE
[286941:ft0-recpoints-reader]: [19:26:27][STATE] RESETTING DEVICE ---> IDLE
[286941:ft0-recpoints-reader]: [19:26:27][STATE] IDLE ---> EXITING
[286941:ft0-recpoints-reader]: [19:26:27][STATE] Exiting FairMQ state machine
[286935:tpc-native-cluster-reader]: [19:26:27][STATE] RESETTING DEVICE ---> IDLE
[286935:tpc-native-cluster-reader]: [19:26:27][STATE] IDLE ---> EXITING
[286935:tpc-native-cluster-reader]: [19:26:27][STATE] Exiting FairMQ state machine
[286944:trd-globaltracking_TPC_FT0_ITS-TPC_]: [19:26:27][STATE] RESETTING DEVICE ---> IDLE
[286944:trd-globaltracking_TPC_FT0_ITS-TPC_]: [19:26:27][STATE] IDLE ---> EXITING
[286944:trd-globaltracking_TPC_FT0_ITS-TPC_]: [19:26:27][STATE] Exiting FairMQ state machine
[286945:trd-track-writer-tpc]: [19:26:28][STATE] RUNNING ---> READY
[286945:trd-track-writer-tpc]: [19:26:28][STATE] READY ---> RESETTING TASK
[286945:trd-track-writer-tpc]: [19:26:28][STATE] RESETTING TASK ---> DEVICE READY
[286945:trd-track-writer-tpc]: [19:26:28][STATE] DEVICE READY ---> RESETTING DEVICE
[286946:trd-track-writer-tpcits]: [19:26:28][STATE] RUNNING ---> READY
[286946:trd-track-writer-tpcits]: [19:26:28][STATE] READY ---> RESETTING TASK
[286946:trd-track-writer-tpcits]: [19:26:28][STATE] RESETTING TASK ---> DEVICE READY
[286946:trd-track-writer-tpcits]: [19:26:28][STATE] DEVICE READY ---> RESETTING DEVICE
[286945:trd-track-writer-tpc]: [19:26:28][STATE] RESETTING DEVICE ---> IDLE
[286945:trd-track-writer-tpc]: [19:26:28][STATE] IDLE ---> EXITING
[286945:trd-track-writer-tpc]: [19:26:28][STATE] Exiting FairMQ state machine
[286946:trd-track-writer-tpcits]: [19:26:28][INFO] Cleaning up for shared memory id 'a5ae03ed'...
[286946:trd-track-writer-tpcits]: [19:26:28][INFO] Found 0 unmanaged regions...
[286946:trd-track-writer-tpcits]: [19:26:28][INFO] Found 1 managed segments...
[286946:trd-track-writer-tpcits]: [19:26:28][INFO] Successfully removed 'fmq_a5ae03ed_m_0'.
[286946:trd-track-writer-tpcits]: [19:26:28][INFO] Successfully removed 'fmq_a5ae03ed_mng'.
[286946:trd-track-writer-tpcits]: [19:26:28][STATE] RESETTING DEVICE ---> IDLE
[286946:trd-track-writer-tpcits]: [19:26:28][STATE] IDLE ---> EXITING
[286946:trd-track-writer-tpcits]: [19:26:28][STATE] Exiting FairMQ state machine
[INFO] ## Processes completed. Run summary:
[INFO] ### Devices started: 14
[INFO]  - Device internal-dpl-clock: pid 286934 (exit 0)
[INFO]  - Device tpc-native-cluster-reader: pid 286935 (exit 0)
[INFO]  - Device its-track-reader: pid 286936 (exit 0)
[INFO]  - Device TRDTrackletReader: pid 286937 (exit 0)
[INFO]  - Device its-cluster-reader: pid 286938 (exit 0)
[INFO]  - Device itstpc-track-reader: pid 286939 (exit 0)
[INFO]  - Device tpc-track-reader: pid 286940 (exit 0)
[INFO]  - Device ft0-recpoints-reader: pid 286941 (exit 0)
[INFO]  - Device internal-dpl-ccdb-backend: pid 286942 (exit 0)
[INFO]  - Device tpc-clusters-sharing-map-producer: pid 286943 (exit 0)
[INFO]  - Device trd-globaltracking_TPC_FT0_ITS-TPC_: pid 286944 (exit 0)
[INFO]  - Device trd-track-writer-tpc: pid 286945 (exit 0)
[INFO]  - Device trd-track-writer-tpcits: pid 286946 (exit 0)
[INFO]  - Device internal-dpl-injected-dummy-sink: pid 286947 (exit 0)
[INFO] Dumping used configuration in dpl-config.json
TASK-EXIT-CODE: 0
