Running: TIME="#walltime %e" /usr/bin/time --output=zdcreco.log_time ./zdcreco.log_tmp.sh
[INFO] WorkflowSpec defineDataProcessing
[INFO] WorkflowSpec getRecoWorkflow useMC 1
[INFO] Initialising O2 Data Processing Layer. Driver PID: 291337.
[INFO] Driver listening on port: 29417
[INFO] Rate limiting set up at 500MB distributed over 1 readers
[INFO] O2 Data Processing Layer initialised. We brake for nobody.
[INFO] Optimised build. O2DEBUG / LOG(debug) / LOGF(debug) / assert statement will not be shown.
[INFO] Redeployment of configuration asked.
[INFO] Starting internal-dpl-clock on pid 291377
[INFO] Starting zdc-digit-reader on pid 291378
[INFO] Starting internal-dpl-ccdb-backend on pid 291379
[INFO] Starting zdc-digi-reco on pid 291380
[INFO] Starting zdc-calib-baseline-epn on pid 291381
[INFO] Starting ZDCRecoWriter on pid 291382
[INFO] Starting internal-dpl-injected-dummy-sink on pid 291383
[INFO] Redeployment of configuration done.
[291382:ZDCRecoWriter]: [INFO] WorkflowSpec defineDataProcessing
[291377:internal-dpl-clock]: [INFO] WorkflowSpec defineDataProcessing
[291379:internal-dpl-ccdb-backend]: [INFO] WorkflowSpec defineDataProcessing
[291378:zdc-digit-reader]: [INFO] WorkflowSpec defineDataProcessing
[291381:zdc-calib-baseline-epn]: [INFO] WorkflowSpec defineDataProcessing
[291383:internal-dpl-injected-dummy-sink]: [INFO] WorkflowSpec defineDataProcessing
[291380:zdc-digi-reco]: [INFO] WorkflowSpec defineDataProcessing
[291382:ZDCRecoWriter]: [INFO] WorkflowSpec getRecoWorkflow useMC 1
[291379:internal-dpl-ccdb-backend]: [INFO] WorkflowSpec getRecoWorkflow useMC 1
[291379:internal-dpl-ccdb-backend]: [INFO] Instrumenting crash signals
[291379:internal-dpl-ccdb-backend]: [INFO] Spawing new device internal-dpl-ccdb-backend in process with pid 291379
[291379:internal-dpl-ccdb-backend]: [19:27:44][INFO] 
[291379:internal-dpl-ccdb-backend]:       ______      _    _______  _________ 
[291379:internal-dpl-ccdb-backend]:      / ____/___ _(_)_______   |/  /_  __ \    version 1.6.0
[291379:internal-dpl-ccdb-backend]:     / /_  / __ `/ / ___/__  /|_/ /_  / / /    build RELWITHDEBINFO
[291379:internal-dpl-ccdb-backend]:    / __/ / /_/ / / /    _  /  / / / /_/ /     https://github.com/FairRootGroup/FairMQ
[291379:internal-dpl-ccdb-backend]:   /_/    \__,_/_/_/     /_/  /_/  \___\_\     LGPL-3.0  © 2012-2023 GSI
[291379:internal-dpl-ccdb-backend]: 
[291379:internal-dpl-ccdb-backend]: [19:27:44][STATE] Starting FairMQ state machine --> IDLE
[291379:internal-dpl-ccdb-backend]: [19:27:44][STATE] IDLE ---> INITIALIZING DEVICE
[291379:internal-dpl-ccdb-backend]: [19:27:44][INFO] CCDB Backend at: http://alice-ccdb.cern.ch, validity check for every 2147483647 TF
[291379:internal-dpl-ccdb-backend]: [19:27:44][INFO] Init CcdApi with UserAgentID: localhost.localdomain-1692725264-jJnBXF, Host: http://alice-ccdb.cern.ch
[291379:internal-dpl-ccdb-backend]: [19:27:44][INFO] Initialised default CCDB host http://alice-ccdb.cern.ch
[291379:internal-dpl-ccdb-backend]: [19:27:44][INFO] The following route is a condition ZDC/BASECALIB/0
[291379:internal-dpl-ccdb-backend]: [19:27:44][INFO] - ccdb-path: ZDC/Calib/BaselineCalib
[291379:internal-dpl-ccdb-backend]: [19:27:44][INFO] The following route is a condition ZDC/MODULECONFIG/0
[291379:internal-dpl-ccdb-backend]: [19:27:44][INFO] - ccdb-path: ZDC/Config/Module
[291379:internal-dpl-ccdb-backend]: [19:27:44][INFO] The following route is a condition ZDC/RECOCONFIG/0
[291379:internal-dpl-ccdb-backend]: [19:27:44][INFO] - ccdb-path: ZDC/Calib/RecoConfigZDC
[291379:internal-dpl-ccdb-backend]: [19:27:44][INFO] The following route is a condition ZDC/TDCCALIB/0
[291379:internal-dpl-ccdb-backend]: [19:27:44][INFO] - ccdb-path: ZDC/Calib/TDCCalib
[291379:internal-dpl-ccdb-backend]: [19:27:44][INFO] The following route is a condition ZDC/TDCCORR/0
[291379:internal-dpl-ccdb-backend]: [19:27:44][INFO] - ccdb-path: ZDC/Calib/TDCCorr
[291379:internal-dpl-ccdb-backend]: [19:27:44][INFO] The following route is a condition ZDC/TOWERCALIB/0
[291379:internal-dpl-ccdb-backend]: [19:27:44][INFO] - ccdb-path: ZDC/Calib/TowerCalib
[291379:internal-dpl-ccdb-backend]: [19:27:44][INFO] The following route is a condition ZDC/ADCCALIB/0
[291379:internal-dpl-ccdb-backend]: [19:27:44][INFO] - ccdb-path: ZDC/Calib/EnergyCalib
[291379:internal-dpl-ccdb-backend]: [19:27:44][STATE] INITIALIZING DEVICE ---> INITIALIZED
[291379:internal-dpl-ccdb-backend]: [19:27:44][STATE] INITIALIZED ---> BINDING
[291379:internal-dpl-ccdb-backend]: [19:27:44][STATE] BINDING ---> BOUND
[291379:internal-dpl-ccdb-backend]: [19:27:44][STATE] BOUND ---> CONNECTING
[291379:internal-dpl-ccdb-backend]: [19:27:44][STATE] CONNECTING ---> DEVICE READY
[291379:internal-dpl-ccdb-backend]: [19:27:44][STATE] DEVICE READY ---> INITIALIZING TASK
[291383:internal-dpl-injected-dummy-sink]: [INFO] WorkflowSpec getRecoWorkflow useMC 1
[291379:internal-dpl-ccdb-backend]: [19:27:44][STATE] INITIALIZING TASK ---> READY
[291379:internal-dpl-ccdb-backend]: [19:27:44][STATE] READY ---> RUNNING
[291379:internal-dpl-ccdb-backend]: [19:27:44][INFO] fair::mq::Device running...
[291379:internal-dpl-ccdb-backend]: [19:27:44][INFO] LHCPeriod is not available, using current month AUG
[291379:internal-dpl-ccdb-backend]: [19:27:44][INFO] Correctly handshaken websocket connection.
[291381:zdc-calib-baseline-epn]: [INFO] WorkflowSpec getRecoWorkflow useMC 1
[291380:zdc-digi-reco]: [INFO] WorkflowSpec getRecoWorkflow useMC 1
[291382:ZDCRecoWriter]: [INFO] Instrumenting crash signals
[291380:zdc-digi-reco]: [INFO] Instrumenting crash signals
[291380:zdc-digi-reco]: [INFO] Spawing new device zdc-digi-reco in process with pid 291380
[291380:zdc-digi-reco]: [19:27:44][INFO] 
[291380:zdc-digi-reco]:       ______      _    _______  _________ 
[291380:zdc-digi-reco]:      / ____/___ _(_)_______   |/  /_  __ \    version 1.6.0
[291380:zdc-digi-reco]:     / /_  / __ `/ / ___/__  /|_/ /_  / / /    build RELWITHDEBINFO
[291380:zdc-digi-reco]:    / __/ / /_/ / / /    _  /  / / / /_/ /     https://github.com/FairRootGroup/FairMQ
[291380:zdc-digi-reco]:   /_/    \__,_/_/_/     /_/  /_/  \___\_\     LGPL-3.0  © 2012-2023 GSI
[291380:zdc-digi-reco]: 
[291380:zdc-digi-reco]: [19:27:44][STATE] Starting FairMQ state machine --> IDLE
[291381:zdc-calib-baseline-epn]: [INFO] Instrumenting crash signals
[291381:zdc-calib-baseline-epn]: [INFO] Spawing new device zdc-calib-baseline-epn in process with pid 291381
[291381:zdc-calib-baseline-epn]: [19:27:44][INFO] 
[291381:zdc-calib-baseline-epn]:       ______      _    _______  _________ 
[291381:zdc-calib-baseline-epn]:      / ____/___ _(_)_______   |/  /_  __ \    version 1.6.0
[291381:zdc-calib-baseline-epn]:     / /_  / __ `/ / ___/__  /|_/ /_  / / /    build RELWITHDEBINFO
[291381:zdc-calib-baseline-epn]:    / __/ / /_/ / / /    _  /  / / / /_/ /     https://github.com/FairRootGroup/FairMQ
[291381:zdc-calib-baseline-epn]:   /_/    \__,_/_/_/     /_/  /_/  \___\_\     LGPL-3.0  © 2012-2023 GSI
[291381:zdc-calib-baseline-epn]: 
[291381:zdc-calib-baseline-epn]: [19:27:44][STATE] Starting FairMQ state machine --> IDLE
[291380:zdc-digi-reco]: [19:27:44][STATE] IDLE ---> INITIALIZING DEVICE
[291380:zdc-digi-reco]: [19:27:44][STATE] INITIALIZING DEVICE ---> INITIALIZED
[291380:zdc-digi-reco]: [19:27:44][STATE] INITIALIZED ---> BINDING
[291380:zdc-digi-reco]: [19:27:44][STATE] BINDING ---> BOUND
[291380:zdc-digi-reco]: [19:27:44][STATE] BOUND ---> CONNECTING
[291380:zdc-digi-reco]: [19:27:44][STATE] CONNECTING ---> DEVICE READY
[291380:zdc-digi-reco]: [19:27:44][STATE] DEVICE READY ---> INITIALIZING TASK
[291382:ZDCRecoWriter]: [INFO] Spawing new device ZDCRecoWriter in process with pid 291382
[291382:ZDCRecoWriter]: [19:27:44][INFO] 
[291382:ZDCRecoWriter]:       ______      _    _______  _________ 
[291382:ZDCRecoWriter]:      / ____/___ _(_)_______   |/  /_  __ \    version 1.6.0
[291382:ZDCRecoWriter]:     / /_  / __ `/ / ___/__  /|_/ /_  / / /    build RELWITHDEBINFO
[291382:ZDCRecoWriter]:    / __/ / /_/ / / /    _  /  / / / /_/ /     https://github.com/FairRootGroup/FairMQ
[291382:ZDCRecoWriter]:   /_/    \__,_/_/_/     /_/  /_/  \___\_\     LGPL-3.0  © 2012-2023 GSI
[291382:ZDCRecoWriter]: 
[291382:ZDCRecoWriter]: [19:27:44][STATE] Starting FairMQ state machine --> IDLE
[291380:zdc-digi-reco]: [19:27:44][STATE] INITIALIZING TASK ---> READY
[291381:zdc-calib-baseline-epn]: [19:27:44][STATE] IDLE ---> INITIALIZING DEVICE
[291381:zdc-calib-baseline-epn]: [19:27:44][INFO] Sending calibration data to aggregator every mModTF = 0 TF
[291381:zdc-calib-baseline-epn]: [19:27:44][STATE] INITIALIZING DEVICE ---> INITIALIZED
[291382:ZDCRecoWriter]: [19:27:44][STATE] IDLE ---> INITIALIZING DEVICE
[291380:zdc-digi-reco]: [19:27:44][STATE] READY ---> RUNNING
[291380:zdc-digi-reco]: [19:27:44][INFO] fair::mq::Device running...
[291380:zdc-digi-reco]: [19:27:44][INFO] LHCPeriod is not available, using current month AUG
[291380:zdc-digi-reco]: [19:27:44][INFO] Correctly handshaken websocket connection.
[291381:zdc-calib-baseline-epn]: [19:27:44][STATE] INITIALIZED ---> BINDING
[291381:zdc-calib-baseline-epn]: [19:27:44][STATE] BINDING ---> BOUND
[291381:zdc-calib-baseline-epn]: [19:27:44][STATE] BOUND ---> CONNECTING
[291381:zdc-calib-baseline-epn]: [19:27:44][STATE] CONNECTING ---> DEVICE READY
[291381:zdc-calib-baseline-epn]: [19:27:44][STATE] DEVICE READY ---> INITIALIZING TASK
[291381:zdc-calib-baseline-epn]: [19:27:44][STATE] INITIALIZING TASK ---> READY
[291383:internal-dpl-injected-dummy-sink]: [INFO] Instrumenting crash signals
[291381:zdc-calib-baseline-epn]: [19:27:44][STATE] READY ---> RUNNING
[291381:zdc-calib-baseline-epn]: [19:27:44][INFO] fair::mq::Device running...
[291381:zdc-calib-baseline-epn]: [19:27:44][INFO] LHCPeriod is not available, using current month AUG
[291381:zdc-calib-baseline-epn]: [19:27:44][INFO] Correctly handshaken websocket connection.
[291377:internal-dpl-clock]: [INFO] WorkflowSpec getRecoWorkflow useMC 1
[291383:internal-dpl-injected-dummy-sink]: [INFO] Spawing new device internal-dpl-injected-dummy-sink in process with pid 291383
[291383:internal-dpl-injected-dummy-sink]: [19:27:44][INFO] 
[291383:internal-dpl-injected-dummy-sink]:       ______      _    _______  _________ 
[291383:internal-dpl-injected-dummy-sink]:      / ____/___ _(_)_______   |/  /_  __ \    version 1.6.0
[291383:internal-dpl-injected-dummy-sink]:     / /_  / __ `/ / ___/__  /|_/ /_  / / /    build RELWITHDEBINFO
[291383:internal-dpl-injected-dummy-sink]:    / __/ / /_/ / / /    _  /  / / / /_/ /     https://github.com/FairRootGroup/FairMQ
[291383:internal-dpl-injected-dummy-sink]:   /_/    \__,_/_/_/     /_/  /_/  \___\_\     LGPL-3.0  © 2012-2023 GSI
[291383:internal-dpl-injected-dummy-sink]: 
[291383:internal-dpl-injected-dummy-sink]: [19:27:44][STATE] Starting FairMQ state machine --> IDLE
[291383:internal-dpl-injected-dummy-sink]: [19:27:44][STATE] IDLE ---> INITIALIZING DEVICE
[291383:internal-dpl-injected-dummy-sink]: [19:27:44][STATE] INITIALIZING DEVICE ---> INITIALIZED
[291383:internal-dpl-injected-dummy-sink]: [19:27:44][STATE] INITIALIZED ---> BINDING
[291383:internal-dpl-injected-dummy-sink]: [19:27:44][STATE] BINDING ---> BOUND
[291383:internal-dpl-injected-dummy-sink]: [19:27:44][STATE] BOUND ---> CONNECTING
[291383:internal-dpl-injected-dummy-sink]: [19:27:44][STATE] CONNECTING ---> DEVICE READY
[291383:internal-dpl-injected-dummy-sink]: [19:27:44][STATE] DEVICE READY ---> INITIALIZING TASK
[291383:internal-dpl-injected-dummy-sink]: [19:27:44][STATE] INITIALIZING TASK ---> READY
[291383:internal-dpl-injected-dummy-sink]: [19:27:44][STATE] READY ---> RUNNING
[291383:internal-dpl-injected-dummy-sink]: [19:27:44][INFO] fair::mq::Device running...
[291383:internal-dpl-injected-dummy-sink]: [19:27:44][INFO] LHCPeriod is not available, using current month AUG
[291383:internal-dpl-injected-dummy-sink]: [19:27:44][INFO] Correctly handshaken websocket connection.
[291377:internal-dpl-clock]: [INFO] Instrumenting crash signals
[291377:internal-dpl-clock]: [INFO] Spawing new device internal-dpl-clock in process with pid 291377
[291378:zdc-digit-reader]: [INFO] WorkflowSpec getRecoWorkflow useMC 1
[291377:internal-dpl-clock]: [19:27:44][INFO] 
[291377:internal-dpl-clock]:       ______      _    _______  _________ 
[291377:internal-dpl-clock]:      / ____/___ _(_)_______   |/  /_  __ \    version 1.6.0
[291377:internal-dpl-clock]:     / /_  / __ `/ / ___/__  /|_/ /_  / / /    build RELWITHDEBINFO
[291377:internal-dpl-clock]:    / __/ / /_/ / / /    _  /  / / / /_/ /     https://github.com/FairRootGroup/FairMQ
[291377:internal-dpl-clock]:   /_/    \__,_/_/_/     /_/  /_/  \___\_\     LGPL-3.0  © 2012-2023 GSI
[291377:internal-dpl-clock]: 
[291377:internal-dpl-clock]: [19:27:44][STATE] Starting FairMQ state machine --> IDLE
[291377:internal-dpl-clock]: [19:27:44][STATE] IDLE ---> INITIALIZING DEVICE
[291377:internal-dpl-clock]: [19:27:44][STATE] INITIALIZING DEVICE ---> INITIALIZED
[291377:internal-dpl-clock]: [19:27:44][STATE] INITIALIZED ---> BINDING
[291377:internal-dpl-clock]: [19:27:44][STATE] BINDING ---> BOUND
[291377:internal-dpl-clock]: [19:27:44][STATE] BOUND ---> CONNECTING
[291377:internal-dpl-clock]: [19:27:44][STATE] CONNECTING ---> DEVICE READY
[291377:internal-dpl-clock]: [19:27:44][STATE] DEVICE READY ---> INITIALIZING TASK
[291377:internal-dpl-clock]: [19:27:44][STATE] INITIALIZING TASK ---> READY
[291377:internal-dpl-clock]: [19:27:44][STATE] READY ---> RUNNING
[291377:internal-dpl-clock]: [19:27:44][INFO] fair::mq::Device running...
[291377:internal-dpl-clock]: [19:27:44][INFO] LHCPeriod is not available, using current month AUG
[291377:internal-dpl-clock]: [19:27:44][INFO] Correctly handshaken websocket connection.
[291378:zdc-digit-reader]: [INFO] Instrumenting crash signals
[291382:ZDCRecoWriter]: [19:27:44][INFO] 0: branch  ZDCRecBC set up
[291382:ZDCRecoWriter]: [19:27:44][INFO] 1: branch  ZDCRecE set up
[291382:ZDCRecoWriter]: [19:27:44][INFO] 2: branch  ZDCRecTDC set up
[291378:zdc-digit-reader]: [INFO] Spawing new device zdc-digit-reader in process with pid 291378
[291378:zdc-digit-reader]: [19:27:44][INFO] 
[291378:zdc-digit-reader]:       ______      _    _______  _________ 
[291378:zdc-digit-reader]:      / ____/___ _(_)_______   |/  /_  __ \    version 1.6.0
[291378:zdc-digit-reader]:     / /_  / __ `/ / ___/__  /|_/ /_  / / /    build RELWITHDEBINFO
[291378:zdc-digit-reader]:    / __/ / /_/ / / /    _  /  / / / /_/ /     https://github.com/FairRootGroup/FairMQ
[291378:zdc-digit-reader]:   /_/    \__,_/_/_/     /_/  /_/  \___\_\     LGPL-3.0  © 2012-2023 GSI
[291378:zdc-digit-reader]: 
[291382:ZDCRecoWriter]: [19:27:44][INFO] 3: branch  ZDCRecInfo set up
[291382:ZDCRecoWriter]: [19:27:44][INFO] 4: branch  ZDCWaveform set up
[291378:zdc-digit-reader]: [19:27:44][STATE] Starting FairMQ state machine --> IDLE
[291382:ZDCRecoWriter]: [19:27:44][STATE] INITIALIZING DEVICE ---> INITIALIZED
[291382:ZDCRecoWriter]: [19:27:44][STATE] INITIALIZED ---> BINDING
[291382:ZDCRecoWriter]: [19:27:44][STATE] BINDING ---> BOUND
[291382:ZDCRecoWriter]: [19:27:44][STATE] BOUND ---> CONNECTING
[291382:ZDCRecoWriter]: [19:27:44][STATE] CONNECTING ---> DEVICE READY
[291378:zdc-digit-reader]: [19:27:44][STATE] IDLE ---> INITIALIZING DEVICE
[291382:ZDCRecoWriter]: [19:27:44][STATE] DEVICE READY ---> INITIALIZING TASK
[291382:ZDCRecoWriter]: [19:27:44][STATE] INITIALIZING TASK ---> READY
[291382:ZDCRecoWriter]: [19:27:44][STATE] READY ---> RUNNING
[291382:ZDCRecoWriter]: [19:27:44][INFO] fair::mq::Device running...
[291382:ZDCRecoWriter]: [19:27:44][INFO] LHCPeriod is not available, using current month AUG
[291382:ZDCRecoWriter]: [19:27:44][INFO] Correctly handshaken websocket connection.
[291378:zdc-digit-reader]: [19:27:44][STATE] INITIALIZING DEVICE ---> INITIALIZED
[291378:zdc-digit-reader]: [19:27:44][STATE] INITIALIZED ---> BINDING
[291378:zdc-digit-reader]: [19:27:44][STATE] BINDING ---> BOUND
[291378:zdc-digit-reader]: [19:27:44][STATE] BOUND ---> CONNECTING
[291378:zdc-digit-reader]: [19:27:44][STATE] CONNECTING ---> DEVICE READY
[291378:zdc-digit-reader]: [19:27:44][STATE] DEVICE READY ---> INITIALIZING TASK
[291378:zdc-digit-reader]: [19:27:44][STATE] INITIALIZING TASK ---> READY
[291378:zdc-digit-reader]: [19:27:44][STATE] READY ---> RUNNING
[291378:zdc-digit-reader]: [19:27:44][INFO] fair::mq::Device running...
[291378:zdc-digit-reader]: [19:27:44][INFO] LHCPeriod is not available, using current month AUG
[291378:zdc-digit-reader]: [19:27:44][INFO] ZDCDigitReader pushed 1 orbits with 34 bcs and 292 digits
[291378:zdc-digit-reader]: [19:27:44][INFO] Sending end-of-stream message to channel from_zdc-digit-reader_to_internal-dpl-ccdb-backend
[291378:zdc-digit-reader]: [19:27:44][INFO] Sending end-of-stream message to channel from_zdc-digit-reader_to_zdc-digi-reco
[291378:zdc-digit-reader]: [19:27:44][INFO] Sending end-of-stream message to channel from_zdc-digit-reader_to_internal-dpl-injected-dummy-sink
[291378:zdc-digit-reader]: [19:27:44][INFO] Correctly handshaken websocket connection.
[291379:internal-dpl-ccdb-backend]: Info in <TJAlienConnectionManager>: Opening connection to JCentral. Please wait
[291379:internal-dpl-ccdb-backend]: Info in <TJAlienConnectionManager>: Opening connection to 137.138.99.179
[291379:internal-dpl-ccdb-backend]: Info in <TJAlienConnectionManager>: Successfully connected to 137.138.99.179
[291379:internal-dpl-ccdb-backend]: Info in <TJAlienFile::Open>: Accessing file /alice/data/CCDB/CTP/Calib/OrbitReset/06/62200/b9f985c3-b4b0-11ec-8fd3-90ce809b24ee in SE <ALICE::CERN::EOS>
[291379:internal-dpl-ccdb-backend]: [19:27:46][INFO] ccdb reads http://alice-ccdb.cern.ch/CTP/Calib/OrbitReset/1546300800000/b9f985c3-b4b0-11ec-8fd3-90ce809b24ee for 1546300800000 (load to memory, agent_id: localhost.localdomain-1692725264-jJnBXF), 
[291379:internal-dpl-ccdb-backend]: Info in <TJAlienFile::Open>: Accessing file /alice/data/CCDB/ZDC/Calib/BaselineCalib/02/59081/c6fe667e-f23b-11ec-b9c0-2a010e0a0b16 in SE <ALICE::CERN::OCDB>
[291379:internal-dpl-ccdb-backend]: [19:27:46][INFO] ccdb reads http://alice-ccdb.cern.ch/ZDC/Calib/BaselineCalib/1546300800000/c6fe667e-f23b-11ec-b9c0-2a010e0a0b16 for 1546300800000 (load to memory, agent_id: localhost.localdomain-1692725264-jJnBXF), 
[291379:internal-dpl-ccdb-backend]: Info in <TJAlienFile::Open>: Accessing file /alice/data/CCDB/ZDC/Config/Module/12/06629/706c8778-60e8-11ed-9dc3-2a010e0a0b16 in SE <ALICE::CERN::OCDB>
[291379:internal-dpl-ccdb-backend]: [19:27:46][INFO] ccdb reads http://alice-ccdb.cern.ch/ZDC/Config/Module/1546300800000/706c8778-60e8-11ed-9dc3-2a010e0a0b16 for 1546300800000 (load to memory, agent_id: localhost.localdomain-1692725264-jJnBXF), 
[291379:internal-dpl-ccdb-backend]: Info in <TJAlienFile::Open>: Accessing file /alice/data/CCDB/ZDC/Calib/RecoConfigZDC/14/01732/abbc3456-cca5-11ec-b790-200114580d00 in SE <ALICE::CERN::OCDB>
[291379:internal-dpl-ccdb-backend]: [19:27:46][INFO] ccdb reads http://alice-ccdb.cern.ch/ZDC/Calib/RecoConfigZDC/1546300800000/abbc3456-cca5-11ec-b790-200114580d00 for 1546300800000 (load to memory, agent_id: localhost.localdomain-1692725264-jJnBXF), 
[291379:internal-dpl-ccdb-backend]: Info in <TJAlienFile::Open>: Accessing file /alice/data/CCDB/ZDC/Calib/TDCCalib/00/62131/0bc5c80f-cca6-11ec-b790-200114580d00 in SE <ALICE::CERN::OCDB>
[291379:internal-dpl-ccdb-backend]: [19:27:46][INFO] ccdb reads http://alice-ccdb.cern.ch/ZDC/Calib/TDCCalib/1546300800000/0bc5c80f-cca6-11ec-b790-200114580d00 for 1546300800000 (load to memory, agent_id: localhost.localdomain-1692725264-jJnBXF), 
[291379:internal-dpl-ccdb-backend]: Info in <TJAlienFile::Open>: Accessing file /alice/data/CCDB/ZDC/Calib/TDCCorr/01/30762/0d5c2790-cca6-11ec-b790-200114580d00 in SE <ALICE::CERN::EOS>
[291379:internal-dpl-ccdb-backend]: [19:27:46][INFO] ccdb reads http://alice-ccdb.cern.ch/ZDC/Calib/TDCCorr/1546300800000/0d5c2790-cca6-11ec-b790-200114580d00 for 1546300800000 (load to memory, agent_id: localhost.localdomain-1692725264-jJnBXF), 
[291379:internal-dpl-ccdb-backend]: Info in <TJAlienFile::Open>: Accessing file /alice/data/CCDB/ZDC/Calib/TowerCalib/10/02515/0ef2f88b-cca6-11ec-b790-200114580d00 in SE <ALICE::CERN::EOS>
[291379:internal-dpl-ccdb-backend]: [19:27:46][INFO] ccdb reads http://alice-ccdb.cern.ch/ZDC/Calib/TowerCalib/1546300800000/0ef2f88b-cca6-11ec-b790-200114580d00 for 1546300800000 (load to memory, agent_id: localhost.localdomain-1692725264-jJnBXF), 
[291379:internal-dpl-ccdb-backend]: Info in <TJAlienFile::Open>: Accessing file /alice/data/CCDB/ZDC/Calib/EnergyCalib/13/25891/73c62b2f-cca4-11ec-981d-200114580d00 in SE <ALICE::CERN::OCDB>
[291379:internal-dpl-ccdb-backend]: [19:27:46][INFO] ccdb reads http://alice-ccdb.cern.ch/ZDC/Calib/EnergyCalib/1546300800000/73c62b2f-cca4-11ec-981d-200114580d00 for 1546300800000 (load to memory, agent_id: localhost.localdomain-1692725264-jJnBXF), 
[291379:internal-dpl-ccdb-backend]: [19:27:46][INFO] Sending end-of-stream message to channel from_internal-dpl-ccdb-backend_to_zdc-digi-reco
[291379:internal-dpl-ccdb-backend]: [19:27:46][INFO] Sending end-of-stream message to channel from_internal-dpl-ccdb-backend_to_internal-dpl-injected-dummy-sink
[291380:zdc-digi-reco]: [19:27:46][INFO] DigitRecoSpec::run initialization
[291380:zdc-digi-reco]: [19:27:47][INFO] Caching in 139933027456528 ptr to ZDC/MODULECONFIG/0 (0x528bec0)
[291380:zdc-digi-reco]: [19:27:47][INFO] Caching in 139933027458800 ptr to ZDC/RECOCONFIG/0 (0x53da990)
[291380:zdc-digi-reco]: [19:27:47][INFO] Caching in 139933027462096 ptr to ZDC/TDCCALIB/0 (0x89706e0)
[291380:zdc-digi-reco]: [19:27:47][INFO] Caching in 139933027463152 ptr to ZDC/TDCCORR/0 (0x8944780)
[291380:zdc-digi-reco]: [19:27:47][INFO] Caching in 139933027496176 ptr to ZDC/ADCCALIB/0 (0x897d2e0)
[291380:zdc-digi-reco]: [19:27:47][INFO] Caching in 139933027493904 ptr to ZDC/TOWERCALIB/0 (0x474eec0)
[291380:zdc-digi-reco]: [19:27:47][INFO] Caching in 139933027454256 ptr to ZDC/BASECALIB/0 (0x474f8a0)
[291380:zdc-digi-reco]: [19:27:47][INFO] Initialization of ZDC reconstruction
[291380:zdc-digi-reco]: [19:27:47][INFO] Interpolation numeric precision is 4
[291380:zdc-digi-reco]: [19:27:47][INFO] Interpolation alpha = 3
[291380:zdc-digi-reco]: [19:27:47][INFO] RecoParamZDC::print()
[291380:zdc-digi-reco]: [19:27:47][INFO] Low pass filtering is enabled
[291380:zdc-digi-reco]: [19:27:47][INFO] TRIPLE trigger condition enforced in reconstruction
[291380:zdc-digi-reco]: [19:27:47][INFO] Extended search is ON
[291380:zdc-digi-reco]: [19:27:47][INFO] Storage of EvE hits is OFF
[291380:zdc-digi-reco]: [19:27:47][INFO] Energy Calibration from CCDB ZNAC = 1
[291380:zdc-digi-reco]: [19:27:47][INFO] SUM Energy Calibration  ZNAS = 1
[291380:zdc-digi-reco]: [19:27:47][INFO] Energy Calibration from CCDB ZPAC = 1
[291380:zdc-digi-reco]: [19:27:47][INFO] SUM Energy Calibration  ZPAS = 1
[291380:zdc-digi-reco]: [19:27:47][INFO] Energy Calibration from CCDB ZEM1 = 1
[291380:zdc-digi-reco]: [19:27:47][INFO] Energy Calibration from CCDB ZEM2 = 1
[291380:zdc-digi-reco]: [19:27:47][INFO] Energy Calibration from CCDB ZNCC = 1
[291380:zdc-digi-reco]: [19:27:47][INFO] SUM Energy Calibration  ZNCS = 1
[291380:zdc-digi-reco]: [19:27:47][INFO] Energy Calibration from CCDB ZPCC = 1
[291380:zdc-digi-reco]: [19:27:47][INFO] SUM Energy Calibration  ZPCS = 1
[291380:zdc-digi-reco]: [19:27:47][INFO] Tower Calibration from CCDB ZNA1 = 1
[291380:zdc-digi-reco]: [19:27:47][INFO] Tower Calibration from CCDB ZNA2 = 1
[291380:zdc-digi-reco]: [19:27:47][INFO] Tower Calibration from CCDB ZNA3 = 1
[291380:zdc-digi-reco]: [19:27:47][INFO] Tower Calibration from CCDB ZNA4 = 1
[291380:zdc-digi-reco]: [19:27:47][INFO] Tower Calibration from CCDB ZPA1 = 1
[291380:zdc-digi-reco]: [19:27:47][INFO] Tower Calibration from CCDB ZPA2 = 1
[291380:zdc-digi-reco]: [19:27:47][INFO] Tower Calibration from CCDB ZPA3 = 1
[291380:zdc-digi-reco]: [19:27:47][INFO] Tower Calibration from CCDB ZPA4 = 1
[291380:zdc-digi-reco]: [19:27:47][INFO] Tower Calibration from CCDB ZNC1 = 1
[291380:zdc-digi-reco]: [19:27:47][INFO] Tower Calibration from CCDB ZNC2 = 1
[291380:zdc-digi-reco]: [19:27:47][INFO] Tower Calibration from CCDB ZNC3 = 1
[291380:zdc-digi-reco]: [19:27:47][INFO] Tower Calibration from CCDB ZNC4 = 1
[291380:zdc-digi-reco]: [19:27:47][INFO] Tower Calibration from CCDB ZPC1 = 1
[291380:zdc-digi-reco]: [19:27:47][INFO] Tower Calibration from CCDB ZPC2 = 1
[291380:zdc-digi-reco]: [19:27:47][INFO] Tower Calibration from CCDB ZPC3 = 1
[291380:zdc-digi-reco]: [19:27:47][INFO] Tower Calibration from CCDB ZPC4 = 1
[291380:zdc-digi-reco]: [19:27:47][INFO] Tower Calibration from CCDB ZEM2 = 1
[291380:zdc-digi-reco]: [19:27:47][INFO] Tower Energy Calibration set to ZEM2 = 1
[291380:zdc-digi-reco]: [19:27:47][WARN] ZNAC OLD Baseline = -inf OUT OF RANGE
[291380:zdc-digi-reco]: [19:27:47][WARN] ZNA1 OLD Baseline = -inf OUT OF RANGE
[291380:zdc-digi-reco]: [19:27:47][WARN] ZNA2 OLD Baseline = -inf OUT OF RANGE
[291380:zdc-digi-reco]: [19:27:47][WARN] ZNA3 OLD Baseline = -inf OUT OF RANGE
[291380:zdc-digi-reco]: [19:27:47][WARN] ZNA4 OLD Baseline = -inf OUT OF RANGE
[291380:zdc-digi-reco]: [19:27:47][WARN] ZNAS OLD Baseline = -inf OUT OF RANGE
[291380:zdc-digi-reco]: [19:27:47][WARN] ZPAC OLD Baseline = -inf OUT OF RANGE
[291380:zdc-digi-reco]: [19:27:47][WARN] ZPA1 OLD Baseline = -inf OUT OF RANGE
[291380:zdc-digi-reco]: [19:27:47][WARN] ZPA2 OLD Baseline = -inf OUT OF RANGE
[291380:zdc-digi-reco]: [19:27:47][WARN] ZPA3 OLD Baseline = -inf OUT OF RANGE
[291380:zdc-digi-reco]: [19:27:47][WARN] ZPA4 OLD Baseline = -inf OUT OF RANGE
[291380:zdc-digi-reco]: [19:27:47][WARN] ZPAS OLD Baseline = -inf OUT OF RANGE
[291380:zdc-digi-reco]: [19:27:47][WARN] ZEM1 OLD Baseline = -inf OUT OF RANGE
[291380:zdc-digi-reco]: [19:27:47][WARN] ZEM2 OLD Baseline = -inf OUT OF RANGE
[291380:zdc-digi-reco]: [19:27:47][WARN] ZNCC OLD Baseline = -inf OUT OF RANGE
[291380:zdc-digi-reco]: [19:27:47][WARN] ZNC1 OLD Baseline = -inf OUT OF RANGE
[291380:zdc-digi-reco]: [19:27:47][WARN] ZNC2 OLD Baseline = -inf OUT OF RANGE
[291380:zdc-digi-reco]: [19:27:47][WARN] ZNC3 OLD Baseline = -inf OUT OF RANGE
[291380:zdc-digi-reco]: [19:27:47][WARN] ZNC4 OLD Baseline = -inf OUT OF RANGE
[291380:zdc-digi-reco]: [19:27:47][WARN] ZNCS OLD Baseline = -inf OUT OF RANGE
[291380:zdc-digi-reco]: [19:27:47][WARN] ZPCC OLD Baseline = -inf OUT OF RANGE
[291380:zdc-digi-reco]: [19:27:47][WARN] ZPC1 OLD Baseline = -inf OUT OF RANGE
[291380:zdc-digi-reco]: [19:27:47][WARN] ZPC2 OLD Baseline = -inf OUT OF RANGE
[291380:zdc-digi-reco]: [19:27:47][WARN] ZPC3 OLD Baseline = -inf OUT OF RANGE
[291380:zdc-digi-reco]: [19:27:47][WARN] ZPC4 OLD Baseline = -inf OUT OF RANGE
[291380:zdc-digi-reco]: [19:27:47][WARN] ZPCS OLD Baseline = -inf OUT OF RANGE
[291380:zdc-digi-reco]: [19:27:47][INFO] 34 BC 292 CH 1 OD -> Reconstructed 43 signal TDCs and 92 ZDC energies and 0 info messages in 17/34 b.c. and 0 waveform chunks
[291380:zdc-digi-reco]: [19:27:47][INFO] ZDC Reconstruction total timing: Cpu: 0.000e+00 Real: 1.255e-03 s in 1 slots
[291380:zdc-digi-reco]: [19:27:47][INFO] Sending end-of-stream message to channel from_zdc-digi-reco_to_zdc-calib-baseline-epn
[291380:zdc-digi-reco]: [19:27:47][INFO] Sending end-of-stream message to channel from_zdc-digi-reco_to_ZDCRecoWriter
[291381:zdc-calib-baseline-epn]: [19:27:47][INFO] Run number changed to 300000
[291381:zdc-calib-baseline-epn]: [19:27:47][INFO] Caching in 140610843833872 ptr to ZDC/MODULECONFIG/0 (0x4cf09b0)
[291381:zdc-calib-baseline-epn]: [19:27:47][INFO] ZDC EPN Baseline calibration total timing: Cpu: 0.000e+00 Real: 3.300e-03 s in 1 slots
[291381:zdc-calib-baseline-epn]: [19:27:47][INFO] Sending end-of-stream message to channel from_zdc-calib-baseline-epn_to_internal-dpl-injected-dummy-sink
[INFO] Quitting
[INFO] QUIT_REQUESTED
[291377:internal-dpl-clock]: [19:27:47][INFO] Received device shutdown request (signal 15).
[291377:internal-dpl-clock]: [19:27:47][INFO] Waiting for graceful device shutdown. Hit Ctrl-C again to abort immediately.
[291377:internal-dpl-clock]: [19:27:47][INFO] New state requested. No timeout set, quitting immediately as per --completion-policy
[291377:internal-dpl-clock]: [19:27:47][STATE] RUNNING ---> READY
[291377:internal-dpl-clock]: [19:27:47][STATE] READY ---> RESETTING TASK
[291377:internal-dpl-clock]: [19:27:47][STATE] RESETTING TASK ---> DEVICE READY
[291377:internal-dpl-clock]: [19:27:47][STATE] DEVICE READY ---> RESETTING DEVICE
[291378:zdc-digit-reader]: [19:27:47][INFO] Received device shutdown request (signal 15).
[291378:zdc-digit-reader]: [19:27:47][INFO] Waiting for graceful device shutdown. Hit Ctrl-C again to abort immediately.
[291378:zdc-digit-reader]: [19:27:47][INFO] New state requested. No timeout set, quitting immediately as per --completion-policy
[291378:zdc-digit-reader]: [19:27:47][STATE] RUNNING ---> READY
[291378:zdc-digit-reader]: [19:27:47][STATE] READY ---> RESETTING TASK
[291378:zdc-digit-reader]: [19:27:47][STATE] RESETTING TASK ---> DEVICE READY
[291378:zdc-digit-reader]: [19:27:47][STATE] DEVICE READY ---> RESETTING DEVICE
[291379:internal-dpl-ccdb-backend]: [19:27:47][INFO] Received device shutdown request (signal 15).
[291379:internal-dpl-ccdb-backend]: [19:27:47][INFO] Waiting for graceful device shutdown. Hit Ctrl-C again to abort immediately.
[291380:zdc-digi-reco]: [19:27:47][INFO] Received device shutdown request (signal 15).
[291380:zdc-digi-reco]: [19:27:47][INFO] Waiting for graceful device shutdown. Hit Ctrl-C again to abort immediately.
[291380:zdc-digi-reco]: [19:27:47][INFO] New state requested. No timeout set, quitting immediately as per --completion-policy
[291380:zdc-digi-reco]: [19:27:47][STATE] RUNNING ---> READY
[291381:zdc-calib-baseline-epn]: [19:27:47][INFO] Received device shutdown request (signal 15).
[291381:zdc-calib-baseline-epn]: [19:27:47][INFO] Waiting for graceful device shutdown. Hit Ctrl-C again to abort immediately.
[291381:zdc-calib-baseline-epn]: [19:27:47][INFO] New state requested. No timeout set, quitting immediately as per --completion-policy
[291381:zdc-calib-baseline-epn]: [19:27:47][STATE] RUNNING ---> READY
[291382:ZDCRecoWriter]: [19:27:47][INFO] Received device shutdown request (signal 15).
[291382:ZDCRecoWriter]: [19:27:47][INFO] Waiting for graceful device shutdown. Hit Ctrl-C again to abort immediately.
[291382:ZDCRecoWriter]: [19:27:47][INFO] New state requested. No timeout set, quitting immediately as per --completion-policy
[291383:internal-dpl-injected-dummy-sink]: [19:27:47][INFO] Received device shutdown request (signal 15).
[291383:internal-dpl-injected-dummy-sink]: [19:27:47][INFO] Waiting for graceful device shutdown. Hit Ctrl-C again to abort immediately.
[291380:zdc-digi-reco]: [19:27:47][STATE] READY ---> RESETTING TASK
[291380:zdc-digi-reco]: [19:27:47][STATE] RESETTING TASK ---> DEVICE READY
[291381:zdc-calib-baseline-epn]: [19:27:47][STATE] READY ---> RESETTING TASK
[291381:zdc-calib-baseline-epn]: [19:27:47][STATE] RESETTING TASK ---> DEVICE READY
[291383:internal-dpl-injected-dummy-sink]: [19:27:47][INFO] New state requested. No timeout set, quitting immediately as per --completion-policy
[291383:internal-dpl-injected-dummy-sink]: [19:27:47][STATE] RUNNING ---> READY
[291383:internal-dpl-injected-dummy-sink]: [19:27:47][STATE] READY ---> RESETTING TASK
[291383:internal-dpl-injected-dummy-sink]: [19:27:47][STATE] RESETTING TASK ---> DEVICE READY
[291381:zdc-calib-baseline-epn]: [19:27:47][STATE] DEVICE READY ---> RESETTING DEVICE
[291378:zdc-digit-reader]: [19:27:47][STATE] RESETTING DEVICE ---> IDLE
[291378:zdc-digit-reader]: [19:27:47][STATE] IDLE ---> EXITING
[291379:internal-dpl-ccdb-backend]: [19:27:47][INFO] New state requested. No timeout set, quitting immediately as per --completion-policy
[291379:internal-dpl-ccdb-backend]: [19:27:47][INFO] CCDB cache miss/hit ratio:
[291379:internal-dpl-ccdb-backend]: [19:27:47][INFO]   ZDC/Calib/TowerCalib: 1/0 (2048-2048 bytes)
[291379:internal-dpl-ccdb-backend]: [19:27:47][INFO]   ZDC/Calib/TDCCorr: 1/0 (30720-30720 bytes)
[291379:internal-dpl-ccdb-backend]: [19:27:47][INFO]   ZDC/Calib/TDCCalib: 1/0 (1024-1024 bytes)
[291379:internal-dpl-ccdb-backend]: [19:27:47][INFO]   ZDC/Calib/RecoConfigZDC: 1/0 (2048-2048 bytes)
[291379:internal-dpl-ccdb-backend]: [19:27:47][INFO]   ZDC/Config/Module: 1/0 (2048-2048 bytes)
[291379:internal-dpl-ccdb-backend]: [19:27:47][INFO]   ZDC/Calib/BaselineCalib: 1/0 (2048-2048 bytes)
[291379:internal-dpl-ccdb-backend]: [19:27:47][INFO]   ZDC/Calib/EnergyCalib: 1/0 (1024-1024 bytes)
[291379:internal-dpl-ccdb-backend]: [19:27:47][INFO]   CTP/Calib/OrbitReset: 1/1 (1024-1024 bytes)
[291379:internal-dpl-ccdb-backend]: [19:27:47][STATE] RUNNING ---> READY
[291380:zdc-digi-reco]: [19:27:47][STATE] DEVICE READY ---> RESETTING DEVICE
[291383:internal-dpl-injected-dummy-sink]: [19:27:47][STATE] DEVICE READY ---> RESETTING DEVICE
[291378:zdc-digit-reader]: [19:27:47][STATE] Exiting FairMQ state machine
[291379:internal-dpl-ccdb-backend]: [19:27:47][STATE] READY ---> RESETTING TASK
[291379:internal-dpl-ccdb-backend]: [19:27:47][STATE] RESETTING TASK ---> DEVICE READY
[291379:internal-dpl-ccdb-backend]: [19:27:47][STATE] DEVICE READY ---> RESETTING DEVICE
[291377:internal-dpl-clock]: [19:27:47][STATE] RESETTING DEVICE ---> IDLE
[291381:zdc-calib-baseline-epn]: [19:27:47][STATE] RESETTING DEVICE ---> IDLE
[291381:zdc-calib-baseline-epn]: [19:27:47][STATE] IDLE ---> EXITING
[291383:internal-dpl-injected-dummy-sink]: [19:27:47][STATE] RESETTING DEVICE ---> IDLE
[291377:internal-dpl-clock]: [19:27:47][STATE] IDLE ---> EXITING
[291381:zdc-calib-baseline-epn]: [19:27:47][STATE] Exiting FairMQ state machine
[291383:internal-dpl-injected-dummy-sink]: [19:27:47][STATE] IDLE ---> EXITING
[291383:internal-dpl-injected-dummy-sink]: [19:27:47][STATE] Exiting FairMQ state machine
[291380:zdc-digi-reco]: [19:27:48][STATE] RESETTING DEVICE ---> IDLE
[291377:internal-dpl-clock]: [19:27:48][STATE] Exiting FairMQ state machine
[291379:internal-dpl-ccdb-backend]: [19:27:48][STATE] RESETTING DEVICE ---> IDLE
[291379:internal-dpl-ccdb-backend]: [19:27:48][STATE] IDLE ---> EXITING
[291380:zdc-digi-reco]: [19:27:48][STATE] IDLE ---> EXITING
[291380:zdc-digi-reco]: [19:27:48][STATE] Exiting FairMQ state machine
[291379:internal-dpl-ccdb-backend]: [19:27:48][STATE] Exiting FairMQ state machine
[291382:ZDCRecoWriter]: [19:27:48][STATE] RUNNING ---> READY
[291382:ZDCRecoWriter]: [19:27:48][STATE] READY ---> RESETTING TASK
[291382:ZDCRecoWriter]: [19:27:48][STATE] RESETTING TASK ---> DEVICE READY
[291382:ZDCRecoWriter]: [19:27:48][STATE] DEVICE READY ---> RESETTING DEVICE
[291382:ZDCRecoWriter]: [19:27:48][INFO] Cleaning up for shared memory id '8e6bab65'...
[291382:ZDCRecoWriter]: [19:27:48][INFO] Found 0 unmanaged regions...
[291382:ZDCRecoWriter]: [19:27:48][INFO] Found 1 managed segments...
[291382:ZDCRecoWriter]: [19:27:48][INFO] Successfully removed 'fmq_8e6bab65_m_0'.
[291382:ZDCRecoWriter]: [19:27:48][INFO] Successfully removed 'fmq_8e6bab65_mng'.
[291382:ZDCRecoWriter]: [19:27:48][STATE] RESETTING DEVICE ---> IDLE
[291382:ZDCRecoWriter]: [19:27:48][STATE] IDLE ---> EXITING
[291382:ZDCRecoWriter]: [19:27:48][STATE] Exiting FairMQ state machine
[INFO] ## Processes completed. Run summary:
[INFO] ### Devices started: 7
[INFO]  - Device internal-dpl-clock: pid 291377 (exit 0)
[INFO]  - Device zdc-digit-reader: pid 291378 (exit 0)
[INFO]  - Device internal-dpl-ccdb-backend: pid 291379 (exit 0)
[INFO]  - Device zdc-digi-reco: pid 291380 (exit 0)
[INFO]  - Device zdc-calib-baseline-epn: pid 291381 (exit 0)
[INFO]  - Device ZDCRecoWriter: pid 291382 (exit 0)
[INFO]  - Device internal-dpl-injected-dummy-sink: pid 291383 (exit 0)
[INFO] Dumping used configuration in dpl-config.json
TASK-EXIT-CODE: 0
