Running: TIME="#walltime %e" /usr/bin/time --output=midreco.log_time ./midreco.log_tmp.sh
[INFO] Initialising O2 Data Processing Layer. Driver PID: 16024.
[INFO] Driver listening on port: 24104
[INFO] Rate limiting set up at 500MB distributed over 1 readers
[INFO] O2 Data Processing Layer initialised. We brake for nobody.
[INFO] Optimised build. O2DEBUG / LOG(debug) / LOGF(debug) / assert statement will not be shown.
[INFO] Redeployment of configuration asked.
[INFO] Starting internal-dpl-clock on pid 16093
[INFO] Starting MIDDigitsReader on pid 16094
[INFO] Starting internal-dpl-ccdb-backend on pid 16095
[INFO] Starting MIDFiltering on pid 16097
[INFO] Starting MIDClusterizer on pid 16098
[INFO] Starting MIDTracker on pid 16099
[INFO] Starting MIDRecoWriter on pid 16100
[INFO] Starting internal-dpl-injected-dummy-sink on pid 16101
[INFO] Redeployment of configuration done.
[16093:internal-dpl-clock]: [INFO] Instrumenting crash signals
[16093:internal-dpl-clock]: [INFO] Spawing new device internal-dpl-clock in process with pid 16093
[16093:internal-dpl-clock]: [17:40:06][INFO] 
[16093:internal-dpl-clock]:       ______      _    _______  _________ 
[16093:internal-dpl-clock]:      / ____/___ _(_)_______   |/  /_  __ \    version 1.6.0
[16093:internal-dpl-clock]:     / /_  / __ `/ / ___/__  /|_/ /_  / / /    build RELWITHDEBINFO
[16093:internal-dpl-clock]:    / __/ / /_/ / / /    _  /  / / / /_/ /     https://github.com/FairRootGroup/FairMQ
[16093:internal-dpl-clock]:   /_/    \__,_/_/_/     /_/  /_/  \___\_\     LGPL-3.0  © 2012-2023 GSI
[16093:internal-dpl-clock]: 
[16093:internal-dpl-clock]: [17:40:06][STATE] Starting FairMQ state machine --> IDLE
[16093:internal-dpl-clock]: [17:40:06][STATE] IDLE ---> INITIALIZING DEVICE
[16093:internal-dpl-clock]: [17:40:06][STATE] INITIALIZING DEVICE ---> INITIALIZED
[16093:internal-dpl-clock]: [17:40:06][STATE] INITIALIZED ---> BINDING
[16093:internal-dpl-clock]: [17:40:06][STATE] BINDING ---> BOUND
[16093:internal-dpl-clock]: [17:40:06][STATE] BOUND ---> CONNECTING
[16093:internal-dpl-clock]: [17:40:06][STATE] CONNECTING ---> DEVICE READY
[16093:internal-dpl-clock]: [17:40:06][STATE] DEVICE READY ---> INITIALIZING TASK
[16093:internal-dpl-clock]: [17:40:06][STATE] INITIALIZING TASK ---> READY
[16093:internal-dpl-clock]: [17:40:06][STATE] READY ---> RUNNING
[16093:internal-dpl-clock]: [17:40:06][INFO] fair::mq::Device running...
[16093:internal-dpl-clock]: [17:40:06][INFO] LHCPeriod is not available, using current month SEP
[16093:internal-dpl-clock]: [17:40:06][INFO] Correctly handshaken websocket connection.
[16098:MIDClusterizer]: [INFO] Instrumenting crash signals
[16098:MIDClusterizer]: [INFO] Spawing new device MIDClusterizer in process with pid 16098
[16098:MIDClusterizer]: [17:40:06][INFO] 
[16098:MIDClusterizer]:       ______      _    _______  _________ 
[16098:MIDClusterizer]:      / ____/___ _(_)_______   |/  /_  __ \    version 1.6.0
[16098:MIDClusterizer]:     / /_  / __ `/ / ___/__  /|_/ /_  / / /    build RELWITHDEBINFO
[16098:MIDClusterizer]:    / __/ / /_/ / / /    _  /  / / / /_/ /     https://github.com/FairRootGroup/FairMQ
[16098:MIDClusterizer]:   /_/    \__,_/_/_/     /_/  /_/  \___\_\     LGPL-3.0  © 2012-2023 GSI
[16098:MIDClusterizer]: 
[16098:MIDClusterizer]: [17:40:06][STATE] Starting FairMQ state machine --> IDLE
[16098:MIDClusterizer]: [17:40:06][STATE] IDLE ---> INITIALIZING DEVICE
[16098:MIDClusterizer]: [17:40:06][STATE] INITIALIZING DEVICE ---> INITIALIZED
[16098:MIDClusterizer]: [17:40:06][STATE] INITIALIZED ---> BINDING
[16098:MIDClusterizer]: [17:40:06][STATE] BINDING ---> BOUND
[16098:MIDClusterizer]: [17:40:06][STATE] BOUND ---> CONNECTING
[16098:MIDClusterizer]: [17:40:06][STATE] CONNECTING ---> DEVICE READY
[16098:MIDClusterizer]: [17:40:06][STATE] DEVICE READY ---> INITIALIZING TASK
[16098:MIDClusterizer]: [17:40:06][STATE] INITIALIZING TASK ---> READY
[16098:MIDClusterizer]: [17:40:06][STATE] READY ---> RUNNING
[16098:MIDClusterizer]: [17:40:06][INFO] fair::mq::Device running...
[16098:MIDClusterizer]: [17:40:06][INFO] LHCPeriod is not available, using current month SEP
[16098:MIDClusterizer]: [17:40:06][INFO] Correctly handshaken websocket connection.
[16094:MIDDigitsReader]: [INFO] Instrumenting crash signals
[16094:MIDDigitsReader]: [INFO] Spawing new device MIDDigitsReader in process with pid 16094
[16094:MIDDigitsReader]: [17:40:06][INFO] 
[16094:MIDDigitsReader]:       ______      _    _______  _________ 
[16094:MIDDigitsReader]:      / ____/___ _(_)_______   |/  /_  __ \    version 1.6.0
[16094:MIDDigitsReader]:     / /_  / __ `/ / ___/__  /|_/ /_  / / /    build RELWITHDEBINFO
[16094:MIDDigitsReader]:    / __/ / /_/ / / /    _  /  / / / /_/ /     https://github.com/FairRootGroup/FairMQ
[16094:MIDDigitsReader]:   /_/    \__,_/_/_/     /_/  /_/  \___\_\     LGPL-3.0  © 2012-2023 GSI
[16094:MIDDigitsReader]: 
[16094:MIDDigitsReader]: [17:40:06][STATE] Starting FairMQ state machine --> IDLE
[16094:MIDDigitsReader]: [17:40:06][STATE] IDLE ---> INITIALIZING DEVICE
[16100:MIDRecoWriter]: [INFO] Instrumenting crash signals
[16100:MIDRecoWriter]: [INFO] Spawing new device MIDRecoWriter in process with pid 16100
[16100:MIDRecoWriter]: [17:40:06][INFO] 
[16100:MIDRecoWriter]:       ______      _    _______  _________ 
[16100:MIDRecoWriter]:      / ____/___ _(_)_______   |/  /_  __ \    version 1.6.0
[16100:MIDRecoWriter]:     / /_  / __ `/ / ___/__  /|_/ /_  / / /    build RELWITHDEBINFO
[16100:MIDRecoWriter]:    / __/ / /_/ / / /    _  /  / / / /_/ /     https://github.com/FairRootGroup/FairMQ
[16100:MIDRecoWriter]:   /_/    \__,_/_/_/     /_/  /_/  \___\_\     LGPL-3.0  © 2012-2023 GSI
[16100:MIDRecoWriter]: 
[16100:MIDRecoWriter]: [17:40:06][STATE] Starting FairMQ state machine --> IDLE
[16100:MIDRecoWriter]: [17:40:06][STATE] IDLE ---> INITIALIZING DEVICE
[16100:MIDRecoWriter]: [17:40:06][INFO] 0: branch  MIDTrack set up
[16100:MIDRecoWriter]: [17:40:06][INFO] 1: branch  MIDTrackCluster set up
[16100:MIDRecoWriter]: [17:40:06][INFO] 2: branch  MIDTrackROF set up
[16100:MIDRecoWriter]: [17:40:06][INFO] 3: branch  MIDTrackClusterROF set up
[16100:MIDRecoWriter]: [17:40:06][INFO] 4: branch  MIDTrackLabels set up
[16100:MIDRecoWriter]: [17:40:06][INFO] 5: branch  MIDTrackClusterLabels set up
[16100:MIDRecoWriter]: [17:40:06][STATE] INITIALIZING DEVICE ---> INITIALIZED
[16100:MIDRecoWriter]: [17:40:06][STATE] INITIALIZED ---> BINDING
[16100:MIDRecoWriter]: [17:40:06][STATE] BINDING ---> BOUND
[16100:MIDRecoWriter]: [17:40:06][STATE] BOUND ---> CONNECTING
[16100:MIDRecoWriter]: [17:40:06][STATE] CONNECTING ---> DEVICE READY
[16100:MIDRecoWriter]: [17:40:06][STATE] DEVICE READY ---> INITIALIZING TASK
[16100:MIDRecoWriter]: [17:40:06][STATE] INITIALIZING TASK ---> READY
[16100:MIDRecoWriter]: [17:40:06][STATE] READY ---> RUNNING
[16100:MIDRecoWriter]: [17:40:06][INFO] fair::mq::Device running...
[16100:MIDRecoWriter]: [17:40:06][INFO] LHCPeriod is not available, using current month SEP
[16100:MIDRecoWriter]: [17:40:06][INFO] Correctly handshaken websocket connection.
[16101:internal-dpl-injected-dummy-sink]: [INFO] Instrumenting crash signals
[16097:MIDFiltering]: [INFO] Instrumenting crash signals
[16097:MIDFiltering]: [INFO] Spawing new device MIDFiltering in process with pid 16097
[16097:MIDFiltering]: [17:40:06][INFO] 
[16097:MIDFiltering]:       ______      _    _______  _________ 
[16097:MIDFiltering]:      / ____/___ _(_)_______   |/  /_  __ \    version 1.6.0
[16097:MIDFiltering]:     / /_  / __ `/ / ___/__  /|_/ /_  / / /    build RELWITHDEBINFO
[16097:MIDFiltering]:    / __/ / /_/ / / /    _  /  / / / /_/ /     https://github.com/FairRootGroup/FairMQ
[16097:MIDFiltering]:   /_/    \__,_/_/_/     /_/  /_/  \___\_\     LGPL-3.0  © 2012-2023 GSI
[16097:MIDFiltering]: 
[16097:MIDFiltering]: [17:40:06][STATE] Starting FairMQ state machine --> IDLE
[16101:internal-dpl-injected-dummy-sink]: [INFO] Spawing new device internal-dpl-injected-dummy-sink in process with pid 16101
[16101:internal-dpl-injected-dummy-sink]: [17:40:06][INFO] 
[16101:internal-dpl-injected-dummy-sink]:       ______      _    _______  _________ 
[16101:internal-dpl-injected-dummy-sink]:      / ____/___ _(_)_______   |/  /_  __ \    version 1.6.0
[16101:internal-dpl-injected-dummy-sink]:     / /_  / __ `/ / ___/__  /|_/ /_  / / /    build RELWITHDEBINFO
[16101:internal-dpl-injected-dummy-sink]:    / __/ / /_/ / / /    _  /  / / / /_/ /     https://github.com/FairRootGroup/FairMQ
[16101:internal-dpl-injected-dummy-sink]:   /_/    \__,_/_/_/     /_/  /_/  \___\_\     LGPL-3.0  © 2012-2023 GSI
[16101:internal-dpl-injected-dummy-sink]: 
[16101:internal-dpl-injected-dummy-sink]: [17:40:06][STATE] Starting FairMQ state machine --> IDLE
[16101:internal-dpl-injected-dummy-sink]: [17:40:06][STATE] IDLE ---> INITIALIZING DEVICE
[16097:MIDFiltering]: [17:40:06][STATE] IDLE ---> INITIALIZING DEVICE
[16101:internal-dpl-injected-dummy-sink]: [17:40:06][STATE] INITIALIZING DEVICE ---> INITIALIZED
[16101:internal-dpl-injected-dummy-sink]: [17:40:06][STATE] INITIALIZED ---> BINDING
[16101:internal-dpl-injected-dummy-sink]: [17:40:06][STATE] BINDING ---> BOUND
[16097:MIDFiltering]: [17:40:06][STATE] INITIALIZING DEVICE ---> INITIALIZED
[16097:MIDFiltering]: [17:40:06][STATE] INITIALIZED ---> BINDING
[16101:internal-dpl-injected-dummy-sink]: [17:40:06][STATE] BOUND ---> CONNECTING
[16097:MIDFiltering]: [17:40:06][STATE] BINDING ---> BOUND
[16097:MIDFiltering]: [17:40:06][STATE] BOUND ---> CONNECTING
[16101:internal-dpl-injected-dummy-sink]: [17:40:06][STATE] CONNECTING ---> DEVICE READY
[16097:MIDFiltering]: [17:40:06][STATE] CONNECTING ---> DEVICE READY
[16097:MIDFiltering]: [17:40:06][STATE] DEVICE READY ---> INITIALIZING TASK
[16101:internal-dpl-injected-dummy-sink]: [17:40:06][STATE] DEVICE READY ---> INITIALIZING TASK
[16101:internal-dpl-injected-dummy-sink]: [17:40:06][STATE] INITIALIZING TASK ---> READY
[16101:internal-dpl-injected-dummy-sink]: [17:40:06][STATE] READY ---> RUNNING
[16101:internal-dpl-injected-dummy-sink]: [17:40:06][INFO] fair::mq::Device running...
[16101:internal-dpl-injected-dummy-sink]: [17:40:06][INFO] LHCPeriod is not available, using current month SEP
[16097:MIDFiltering]: [17:40:06][STATE] INITIALIZING TASK ---> READY
[16101:internal-dpl-injected-dummy-sink]: [17:40:06][INFO] Correctly handshaken websocket connection.
[16097:MIDFiltering]: [17:40:06][STATE] READY ---> RUNNING
[16097:MIDFiltering]: [17:40:06][INFO] fair::mq::Device running...
[16097:MIDFiltering]: [17:40:06][INFO] LHCPeriod is not available, using current month SEP
[16097:MIDFiltering]: [17:40:06][INFO] Correctly handshaken websocket connection.
[16095:internal-dpl-ccdb-backend]: [INFO] Instrumenting crash signals
[16095:internal-dpl-ccdb-backend]: [INFO] Spawing new device internal-dpl-ccdb-backend in process with pid 16095
[16095:internal-dpl-ccdb-backend]: [17:40:06][INFO] 
[16095:internal-dpl-ccdb-backend]:       ______      _    _______  _________ 
[16095:internal-dpl-ccdb-backend]:      / ____/___ _(_)_______   |/  /_  __ \    version 1.6.0
[16095:internal-dpl-ccdb-backend]:     / /_  / __ `/ / ___/__  /|_/ /_  / / /    build RELWITHDEBINFO
[16095:internal-dpl-ccdb-backend]:    / __/ / /_/ / / /    _  /  / / / /_/ /     https://github.com/FairRootGroup/FairMQ
[16095:internal-dpl-ccdb-backend]:   /_/    \__,_/_/_/     /_/  /_/  \___\_\     LGPL-3.0  © 2012-2023 GSI
[16095:internal-dpl-ccdb-backend]: 
[16095:internal-dpl-ccdb-backend]: [17:40:06][STATE] Starting FairMQ state machine --> IDLE
[16095:internal-dpl-ccdb-backend]: [17:40:06][STATE] IDLE ---> INITIALIZING DEVICE
[16095:internal-dpl-ccdb-backend]: [17:40:06][INFO] CCDB Backend at: http://alice-ccdb.cern.ch, validity check for every 2147483647 TF
[16095:internal-dpl-ccdb-backend]: [17:40:06][INFO] Init CcdApi with UserAgentID: localhost.localdomain-1694014806-9b9Pzp, Host: http://alice-ccdb.cern.ch
[16095:internal-dpl-ccdb-backend]: [17:40:06][INFO] Initialised default CCDB host http://alice-ccdb.cern.ch
[16095:internal-dpl-ccdb-backend]: [17:40:06][INFO] The following route is a condition MID/BAD_CHANNELS/0
[16095:internal-dpl-ccdb-backend]: [17:40:06][INFO] - ccdb-path: MID/Calib/BadChannels
[16095:internal-dpl-ccdb-backend]: [17:40:06][INFO] The following route is a condition MID/MASKED_CHANNELS/0
[16095:internal-dpl-ccdb-backend]: [17:40:06][INFO] - ccdb-path: MID/Calib/BadChannels
[16095:internal-dpl-ccdb-backend]: [17:40:06][INFO] The following route is a condition GLO/GEOMALIGN/0
[16095:internal-dpl-ccdb-backend]: [17:40:06][INFO] - ccdb-path: GLO/Config/GeometryAligned
[16095:internal-dpl-ccdb-backend]: [17:40:06][STATE] INITIALIZING DEVICE ---> INITIALIZED
[16095:internal-dpl-ccdb-backend]: [17:40:06][STATE] INITIALIZED ---> BINDING
[16095:internal-dpl-ccdb-backend]: [17:40:06][STATE] BINDING ---> BOUND
[16095:internal-dpl-ccdb-backend]: [17:40:06][STATE] BOUND ---> CONNECTING
[16095:internal-dpl-ccdb-backend]: [17:40:06][STATE] CONNECTING ---> DEVICE READY
[16095:internal-dpl-ccdb-backend]: [17:40:06][STATE] DEVICE READY ---> INITIALIZING TASK
[16095:internal-dpl-ccdb-backend]: [17:40:06][STATE] INITIALIZING TASK ---> READY
[16095:internal-dpl-ccdb-backend]: [17:40:06][STATE] READY ---> RUNNING
[16095:internal-dpl-ccdb-backend]: [17:40:06][INFO] fair::mq::Device running...
[16095:internal-dpl-ccdb-backend]: [17:40:06][INFO] LHCPeriod is not available, using current month SEP
[16095:internal-dpl-ccdb-backend]: [17:40:06][INFO] Correctly handshaken websocket connection.
[16099:MIDTracker]: [INFO] Instrumenting crash signals
[16099:MIDTracker]: [INFO] Spawing new device MIDTracker in process with pid 16099
[16099:MIDTracker]: [17:40:06][INFO] 
[16099:MIDTracker]:       ______      _    _______  _________ 
[16099:MIDTracker]:      / ____/___ _(_)_______   |/  /_  __ \    version 1.6.0
[16099:MIDTracker]:     / /_  / __ `/ / ___/__  /|_/ /_  / / /    build RELWITHDEBINFO
[16099:MIDTracker]:    / __/ / /_/ / / /    _  /  / / / /_/ /     https://github.com/FairRootGroup/FairMQ
[16099:MIDTracker]:   /_/    \__,_/_/_/     /_/  /_/  \___\_\     LGPL-3.0  © 2012-2023 GSI
[16099:MIDTracker]: 
[16099:MIDTracker]: [17:40:06][STATE] Starting FairMQ state machine --> IDLE
[16099:MIDTracker]: [17:40:06][STATE] IDLE ---> INITIALIZING DEVICE
[16099:MIDTracker]: [17:40:06][STATE] INITIALIZING DEVICE ---> INITIALIZED
[16099:MIDTracker]: [17:40:06][STATE] INITIALIZED ---> BINDING
[16099:MIDTracker]: [17:40:06][STATE] BINDING ---> BOUND
[16099:MIDTracker]: [17:40:06][STATE] BOUND ---> CONNECTING
[16099:MIDTracker]: [17:40:06][STATE] CONNECTING ---> DEVICE READY
[16099:MIDTracker]: [17:40:06][STATE] DEVICE READY ---> INITIALIZING TASK
[16099:MIDTracker]: [17:40:06][STATE] INITIALIZING TASK ---> READY
[16099:MIDTracker]: [17:40:06][STATE] READY ---> RUNNING
[16099:MIDTracker]: [17:40:06][INFO] fair::mq::Device running...
[16099:MIDTracker]: [17:40:06][INFO] LHCPeriod is not available, using current month SEP
[16099:MIDTracker]: [17:40:06][INFO] Correctly handshaken websocket connection.
[16094:MIDDigitsReader]: [17:40:06][INFO] branch set up: MIDDigit
[16094:MIDDigitsReader]: [17:40:06][INFO] branch set up: MIDROFRecords
[16094:MIDDigitsReader]: [17:40:06][INFO] branch set up: MIDDigitMCLabels
[16094:MIDDigitsReader]: [17:40:06][STATE] INITIALIZING DEVICE ---> INITIALIZED
[16094:MIDDigitsReader]: [17:40:06][STATE] INITIALIZED ---> BINDING
[16094:MIDDigitsReader]: [17:40:06][STATE] BINDING ---> BOUND
[16094:MIDDigitsReader]: [17:40:06][STATE] BOUND ---> CONNECTING
[16094:MIDDigitsReader]: [17:40:06][STATE] CONNECTING ---> DEVICE READY
[16094:MIDDigitsReader]: [17:40:06][STATE] DEVICE READY ---> INITIALIZING TASK
[16094:MIDDigitsReader]: [17:40:06][STATE] INITIALIZING TASK ---> READY
[16094:MIDDigitsReader]: [17:40:06][STATE] READY ---> RUNNING
[16094:MIDDigitsReader]: [17:40:06][INFO] fair::mq::Device running...
[16094:MIDDigitsReader]: [17:40:06][INFO] LHCPeriod is not available, using current month SEP
[16094:MIDDigitsReader]: [17:40:06][INFO] Correctly handshaken websocket connection.
[16094:MIDDigitsReader]: [17:40:06][INFO] Sending end-of-stream message to channel from_MIDDigitsReader_to_internal-dpl-ccdb-backend
[16094:MIDDigitsReader]: [17:40:06][INFO] Sending end-of-stream message to channel from_MIDDigitsReader_to_MIDFiltering
[16095:internal-dpl-ccdb-backend]: Info in <TJAlienConnectionManager>: Opening connection to JCentral. Please wait
[16095:internal-dpl-ccdb-backend]: Info in <TJAlienConnectionManager>: Opening connection to 137.138.99.187
[16095:internal-dpl-ccdb-backend]: Info in <TJAlienConnectionManager>: Successfully connected to 137.138.99.187
[16095:internal-dpl-ccdb-backend]: Info in <TJAlienFile::Open>: Accessing file /alice/data/CCDB/CTP/Calib/OrbitReset/06/62200/b9f985c3-b4b0-11ec-8fd3-90ce809b24ee in SE <ALICE::CERN::EOS>
[16095:internal-dpl-ccdb-backend]: [17:40:07][INFO] ccdb reads http://alice-ccdb.cern.ch/CTP/Calib/OrbitReset/1546300800000/b9f985c3-b4b0-11ec-8fd3-90ce809b24ee for 1546300800000 (load to memory, agent_id: localhost.localdomain-1694014806-9b9Pzp), 
[16095:internal-dpl-ccdb-backend]: Info in <TJAlienFile::Open>: Accessing file /alice/data/CCDB/MID/Calib/BadChannels/02/17415/639eaa1c-d070-11ec-8000-0aa204881b9a in SE <ALICE::CERN::OCDB>
[16095:internal-dpl-ccdb-backend]: [17:40:07][INFO] ccdb reads http://alice-ccdb.cern.ch/MID/Calib/BadChannels/6635/639eaa1c-d070-11ec-8000-0aa204881b9a for 1546300800000 (load to memory, agent_id: localhost.localdomain-1694014806-9b9Pzp), 
[16095:internal-dpl-ccdb-backend]: Info in <TJAlienFile::Open>: Accessing file /alice/data/CCDB/GLO/Config/GeometryAligned/06/21224/787687c0-287a-11ed-8141-200114580202 in SE <ALICE::CERN::OCDB>
[16095:internal-dpl-ccdb-backend]: [17:40:07][INFO] ccdb reads http://alice-ccdb.cern.ch/GLO/Config/GeometryAligned/1546300800000/787687c0-287a-11ed-8141-200114580202 for 1546300800000 (load to memory, agent_id: localhost.localdomain-1694014806-9b9Pzp), 
[16095:internal-dpl-ccdb-backend]: [17:40:07][INFO] Sending end-of-stream message to channel from_internal-dpl-ccdb-backend_to_MIDFiltering
[16095:internal-dpl-ccdb-backend]: [17:40:07][INFO] Sending end-of-stream message to channel from_internal-dpl-ccdb-backend_to_MIDTracker
[16095:internal-dpl-ccdb-backend]: [17:40:07][INFO] Sending end-of-stream message to channel from_internal-dpl-ccdb-backend_to_internal-dpl-injected-dummy-sink
[16097:MIDFiltering]: [17:40:08][INFO] Update MID_BAD_CHANNELS
[16097:MIDFiltering]: [17:40:08][INFO] Caching in 139641667529856 ptr to MID/BAD_CHANNELS/0 (0x3d444a0)
[16097:MIDFiltering]: [17:40:08][INFO] Sending end-of-stream message to channel from_MIDFiltering_to_MIDClusterizer
[16098:MIDClusterizer]: [17:40:08][INFO] Sending end-of-stream message to channel from_MIDClusterizer_to_MIDTracker
[16099:MIDTracker]: Info in <TGeoManager::CloseGeometry>: Geometry loaded from file...
[16099:MIDTracker]: Info in <TGeoManager::SetTopVolume>: Top volume is cave. Master volume is cave
[16099:MIDTracker]: Info in <TGeoNavigator::BuildCache>: --- Maximum geometry depth set to 100
[16099:MIDTracker]: Info in <TGeoManager::Voxelize>: Voxelizing...
[16099:MIDTracker]: Info in <TGeoManager::CountLevels>: max level = 13, max placements = 735
[16099:MIDTracker]: Info in <TGeoManager::CloseGeometry>: 5346742 nodes/ 27442 volume UID's in FAIR geometry
[16099:MIDTracker]: Info in <TGeoManager::CloseGeometry>: ----------------modeler ready----------------
[16099:MIDTracker]: [17:40:09][INFO] aligned geometry updated
[16099:MIDTracker]: [17:40:09][INFO] Caching in 139971723408928 ptr to GLO/GEOMALIGN/0 (0x42033e0)
[16099:MIDTracker]: [17:40:10][INFO] Update MID_MASKED_CHANNELS
[16099:MIDTracker]: [17:40:10][INFO] Caching in 139971723406464 ptr to MID/MASKED_CHANNELS/0 (0x404a010)
[16099:MIDTracker]: [17:40:10][INFO] Sending end-of-stream message to channel from_MIDTracker_to_MIDRecoWriter
[16100:MIDRecoWriter]: [17:40:10][ERROR] Some Lifetime::Timeframe data got dropped starting at 1
[INFO] Quitting
[INFO] QUIT_REQUESTED
[16094:MIDDigitsReader]: [17:40:10][INFO] Received device shutdown request (signal 15).
[16095:internal-dpl-ccdb-backend]: [17:40:10][INFO] Received device shutdown request (signal 15).
[16095:internal-dpl-ccdb-backend]: [17:40:10][INFO] Waiting for graceful device shutdown. Hit Ctrl-C again to abort immediately.
[16097:MIDFiltering]: [17:40:10][INFO] Received device shutdown request (signal 15).
[16097:MIDFiltering]: [17:40:10][INFO] Waiting for graceful device shutdown. Hit Ctrl-C again to abort immediately.
[16098:MIDClusterizer]: [17:40:10][INFO] Received device shutdown request (signal 15).
[16098:MIDClusterizer]: [17:40:10][INFO] Waiting for graceful device shutdown. Hit Ctrl-C again to abort immediately.
[16099:MIDTracker]: [17:40:10][INFO] Received device shutdown request (signal 15).
[16099:MIDTracker]: [17:40:10][INFO] Waiting for graceful device shutdown. Hit Ctrl-C again to abort immediately.
[16101:internal-dpl-injected-dummy-sink]: [17:40:10][INFO] Received device shutdown request (signal 15).
[16101:internal-dpl-injected-dummy-sink]: [17:40:10][INFO] Waiting for graceful device shutdown. Hit Ctrl-C again to abort immediately.
[16093:internal-dpl-clock]: [17:40:10][INFO] Received device shutdown request (signal 15).
[16093:internal-dpl-clock]: [17:40:10][INFO] Waiting for graceful device shutdown. Hit Ctrl-C again to abort immediately.
[16100:MIDRecoWriter]: [17:40:10][INFO] Received device shutdown request (signal 15).
[16100:MIDRecoWriter]: [17:40:10][INFO] Waiting for graceful device shutdown. Hit Ctrl-C again to abort immediately.
[16094:MIDDigitsReader]: [17:40:10][INFO] Waiting for graceful device shutdown. Hit Ctrl-C again to abort immediately.
[16097:MIDFiltering]: [17:40:10][INFO] New state requested. No timeout set, quitting immediately as per --completion-policy
[16097:MIDFiltering]: [17:40:10][STATE] RUNNING ---> READY
[16097:MIDFiltering]: [17:40:10][STATE] READY ---> RESETTING TASK
[16097:MIDFiltering]: [17:40:10][STATE] RESETTING TASK ---> DEVICE READY
[16097:MIDFiltering]: [17:40:10][STATE] DEVICE READY ---> RESETTING DEVICE
[16099:MIDTracker]: [17:40:10][INFO] New state requested. No timeout set, quitting immediately as per --completion-policy
[16099:MIDTracker]: [17:40:10][INFO] Processing time / 0 ROFs: full: 0 us  tracking: 0 us  hitMapBuilder: 7.59e-07 us
[16099:MIDTracker]: [17:40:10][STATE] RUNNING ---> READY
[16099:MIDTracker]: [17:40:10][STATE] READY ---> RESETTING TASK
[16099:MIDTracker]: [17:40:10][STATE] RESETTING TASK ---> DEVICE READY
[16099:MIDTracker]: [17:40:10][STATE] DEVICE READY ---> RESETTING DEVICE
[16095:internal-dpl-ccdb-backend]: [17:40:10][INFO] New state requested. No timeout set, quitting immediately as per --completion-policy
[16095:internal-dpl-ccdb-backend]: [17:40:10][INFO] CCDB cache miss/hit ratio:
[16095:internal-dpl-ccdb-backend]: [17:40:10][INFO]   GLO/Config/GeometryAligned: 1/0 (1847296-1847296 bytes)
[16095:internal-dpl-ccdb-backend]: [17:40:10][INFO]   MID/Calib/BadChannels: 1/1 (2048-2048 bytes)
[16095:internal-dpl-ccdb-backend]: [17:40:10][INFO]   CTP/Calib/OrbitReset: 1/1 (1024-1024 bytes)
[16095:internal-dpl-ccdb-backend]: [17:40:10][STATE] RUNNING ---> READY
[16093:internal-dpl-clock]: [17:40:10][INFO] New state requested. No timeout set, quitting immediately as per --completion-policy
[16095:internal-dpl-ccdb-backend]: [17:40:10][STATE] READY ---> RESETTING TASK
[16095:internal-dpl-ccdb-backend]: [17:40:10][STATE] RESETTING TASK ---> DEVICE READY
[16098:MIDClusterizer]: [17:40:10][INFO] New state requested. No timeout set, quitting immediately as per --completion-policy
[16101:internal-dpl-injected-dummy-sink]: [17:40:10][INFO] New state requested. No timeout set, quitting immediately as per --completion-policy
[16101:internal-dpl-injected-dummy-sink]: [17:40:10][STATE] RUNNING ---> READY
[16093:internal-dpl-clock]: [17:40:10][INFO] Sending end-of-stream message to channel from_internal-dpl-clock_to_MIDDigitsReader
[16093:internal-dpl-clock]: [17:40:10][STATE] RUNNING ---> READY
[16094:MIDDigitsReader]: [17:40:10][INFO] New state requested. No timeout set, quitting immediately as per --completion-policy
[16094:MIDDigitsReader]: [17:40:10][STATE] RUNNING ---> READY
[16095:internal-dpl-ccdb-backend]: [17:40:10][STATE] DEVICE READY ---> RESETTING DEVICE
[16098:MIDClusterizer]: [17:40:10][INFO] Processing time / 0 ROFs: full: 0 us  pre-clustering: 0 us  clustering: 0 us
[16098:MIDClusterizer]: [17:40:10][STATE] RUNNING ---> READY
[16100:MIDRecoWriter]: [17:40:10][INFO] New state requested. No timeout set, quitting immediately as per --completion-policy
[16098:MIDClusterizer]: [17:40:10][STATE] READY ---> RESETTING TASK
[16098:MIDClusterizer]: [17:40:10][STATE] RESETTING TASK ---> DEVICE READY
[16101:internal-dpl-injected-dummy-sink]: [17:40:10][STATE] READY ---> RESETTING TASK
[16101:internal-dpl-injected-dummy-sink]: [17:40:10][STATE] RESETTING TASK ---> DEVICE READY
[16101:internal-dpl-injected-dummy-sink]: [17:40:10][STATE] DEVICE READY ---> RESETTING DEVICE
[16093:internal-dpl-clock]: [17:40:10][STATE] READY ---> RESETTING TASK
[16093:internal-dpl-clock]: [17:40:10][STATE] RESETTING TASK ---> DEVICE READY
[16093:internal-dpl-clock]: [17:40:10][STATE] DEVICE READY ---> RESETTING DEVICE
[16094:MIDDigitsReader]: [17:40:10][STATE] READY ---> RESETTING TASK
[16094:MIDDigitsReader]: [17:40:10][STATE] RESETTING TASK ---> DEVICE READY
[16094:MIDDigitsReader]: [17:40:10][STATE] DEVICE READY ---> RESETTING DEVICE
[16098:MIDClusterizer]: [17:40:10][STATE] DEVICE READY ---> RESETTING DEVICE
[16095:internal-dpl-ccdb-backend]: [17:40:10][STATE] RESETTING DEVICE ---> IDLE
[16095:internal-dpl-ccdb-backend]: [17:40:10][STATE] IDLE ---> EXITING
[16097:MIDFiltering]: [17:40:10][STATE] RESETTING DEVICE ---> IDLE
[16097:MIDFiltering]: [17:40:10][STATE] IDLE ---> EXITING
[16101:internal-dpl-injected-dummy-sink]: [17:40:10][STATE] RESETTING DEVICE ---> IDLE
[16101:internal-dpl-injected-dummy-sink]: [17:40:10][STATE] IDLE ---> EXITING
[16101:internal-dpl-injected-dummy-sink]: [17:40:10][STATE] Exiting FairMQ state machine
[16093:internal-dpl-clock]: [17:40:10][STATE] RESETTING DEVICE ---> IDLE
[16097:MIDFiltering]: [17:40:10][STATE] Exiting FairMQ state machine
[16094:MIDDigitsReader]: [17:40:10][STATE] RESETTING DEVICE ---> IDLE
[16095:internal-dpl-ccdb-backend]: [17:40:10][STATE] Exiting FairMQ state machine
[16098:MIDClusterizer]: [17:40:10][STATE] RESETTING DEVICE ---> IDLE
[16099:MIDTracker]: [17:40:10][STATE] RESETTING DEVICE ---> IDLE
[16094:MIDDigitsReader]: [17:40:10][STATE] IDLE ---> EXITING
[16093:internal-dpl-clock]: [17:40:10][STATE] IDLE ---> EXITING
[16093:internal-dpl-clock]: [17:40:10][STATE] Exiting FairMQ state machine
[16094:MIDDigitsReader]: [17:40:10][STATE] Exiting FairMQ state machine
[16098:MIDClusterizer]: [17:40:10][STATE] IDLE ---> EXITING
[16099:MIDTracker]: [17:40:10][STATE] IDLE ---> EXITING
[16099:MIDTracker]: [17:40:10][STATE] Exiting FairMQ state machine
[16098:MIDClusterizer]: [17:40:10][STATE] Exiting FairMQ state machine
[16100:MIDRecoWriter]: [17:40:10][STATE] RUNNING ---> READY
[16100:MIDRecoWriter]: [17:40:10][STATE] READY ---> RESETTING TASK
[16100:MIDRecoWriter]: [17:40:10][STATE] RESETTING TASK ---> DEVICE READY
[16100:MIDRecoWriter]: [17:40:10][STATE] DEVICE READY ---> RESETTING DEVICE
[16100:MIDRecoWriter]: [17:40:10][INFO] Cleaning up for shared memory id '152a9afc'...
[16100:MIDRecoWriter]: [17:40:10][INFO] Found 0 unmanaged regions...
[16100:MIDRecoWriter]: [17:40:10][INFO] Found 1 managed segments...
[16100:MIDRecoWriter]: [17:40:10][INFO] Successfully removed 'fmq_152a9afc_m_0'.
[16100:MIDRecoWriter]: [17:40:10][INFO] Successfully removed 'fmq_152a9afc_mng'.
[16100:MIDRecoWriter]: [17:40:10][STATE] RESETTING DEVICE ---> IDLE
[16100:MIDRecoWriter]: [17:40:10][STATE] IDLE ---> EXITING
[16100:MIDRecoWriter]: [17:40:10][STATE] Exiting FairMQ state machine
[INFO] ## Processes completed. Run summary:
[INFO] ### Devices started: 8
[INFO]  - Device internal-dpl-clock: pid 16093 (exit 0)
[INFO]  - Device MIDDigitsReader: pid 16094 (exit 0)
[INFO]  - Device internal-dpl-ccdb-backend: pid 16095 (exit 0)
[INFO]  - Device MIDFiltering: pid 16097 (exit 0)
[INFO]  - Device MIDClusterizer: pid 16098 (exit 0)
[INFO]  - Device MIDTracker: pid 16099 (exit 0)
[INFO]  - Device MIDRecoWriter: pid 16100 (exit 0)
[INFO]  - Device internal-dpl-injected-dummy-sink: pid 16101 (exit 0)
[INFO] Dumping used configuration in dpl-config.json
TASK-EXIT-CODE: 0
