Running: TIME="#walltime %e" /usr/bin/time --output=zdcreco.log_time ./zdcreco.log_tmp.sh
[INFO] WorkflowSpec defineDataProcessing
[INFO] WorkflowSpec getRecoWorkflow useMC 1
[INFO] Initialising O2 Data Processing Layer. Driver PID: 22078.
[INFO] Driver listening on port: 30158
[INFO] Rate limiting set up at 500MB distributed over 1 readers
[INFO] O2 Data Processing Layer initialised. We brake for nobody.
[INFO] Optimised build. O2DEBUG / LOG(debug) / LOGF(debug) / assert statement will not be shown.
[INFO] Redeployment of configuration asked.
[INFO] Starting internal-dpl-clock on pid 22118
[INFO] Starting zdc-digit-reader on pid 22119
[INFO] Starting internal-dpl-ccdb-backend on pid 22120
[INFO] Starting zdc-digi-reco on pid 22121
[INFO] Starting zdc-calib-baseline-epn on pid 22122
[INFO] Starting ZDCRecoWriter on pid 22123
[INFO] Starting internal-dpl-injected-dummy-sink on pid 22124
[INFO] Redeployment of configuration done.
[22118:internal-dpl-clock]: [INFO] WorkflowSpec defineDataProcessing
[22120:internal-dpl-ccdb-backend]: [INFO] WorkflowSpec defineDataProcessing
[22121:zdc-digi-reco]: [INFO] WorkflowSpec defineDataProcessing
[22122:zdc-calib-baseline-epn]: [INFO] WorkflowSpec defineDataProcessing
[22123:ZDCRecoWriter]: [INFO] WorkflowSpec defineDataProcessing
[22124:internal-dpl-injected-dummy-sink]: [INFO] WorkflowSpec defineDataProcessing
[22119:zdc-digit-reader]: [INFO] WorkflowSpec defineDataProcessing
[22121:zdc-digi-reco]: [INFO] WorkflowSpec getRecoWorkflow useMC 1
[22120:internal-dpl-ccdb-backend]: [INFO] WorkflowSpec getRecoWorkflow useMC 1
[22121:zdc-digi-reco]: [INFO] Instrumenting crash signals
[22120:internal-dpl-ccdb-backend]: [INFO] Instrumenting crash signals
[22118:internal-dpl-clock]: [INFO] WorkflowSpec getRecoWorkflow useMC 1
[22120:internal-dpl-ccdb-backend]: [INFO] Spawing new device internal-dpl-ccdb-backend in process with pid 22120
[22120:internal-dpl-ccdb-backend]: [17:41:16][INFO] 
[22120:internal-dpl-ccdb-backend]:       ______      _    _______  _________ 
[22120:internal-dpl-ccdb-backend]:      / ____/___ _(_)_______   |/  /_  __ \    version 1.6.0
[22120:internal-dpl-ccdb-backend]:     / /_  / __ `/ / ___/__  /|_/ /_  / / /    build RELWITHDEBINFO
[22120:internal-dpl-ccdb-backend]:    / __/ / /_/ / / /    _  /  / / / /_/ /     https://github.com/FairRootGroup/FairMQ
[22120:internal-dpl-ccdb-backend]:   /_/    \__,_/_/_/     /_/  /_/  \___\_\     LGPL-3.0  © 2012-2023 GSI
[22120:internal-dpl-ccdb-backend]: 
[22120:internal-dpl-ccdb-backend]: [17:41:16][STATE] Starting FairMQ state machine --> IDLE
[22121:zdc-digi-reco]: [INFO] Spawing new device zdc-digi-reco in process with pid 22121
[22121:zdc-digi-reco]: [17:41:16][INFO] 
[22121:zdc-digi-reco]:       ______      _    _______  _________ 
[22121:zdc-digi-reco]:      / ____/___ _(_)_______   |/  /_  __ \    version 1.6.0
[22121:zdc-digi-reco]:     / /_  / __ `/ / ___/__  /|_/ /_  / / /    build RELWITHDEBINFO
[22121:zdc-digi-reco]:    / __/ / /_/ / / /    _  /  / / / /_/ /     https://github.com/FairRootGroup/FairMQ
[22121:zdc-digi-reco]:   /_/    \__,_/_/_/     /_/  /_/  \___\_\     LGPL-3.0  © 2012-2023 GSI
[22121:zdc-digi-reco]: 
[22121:zdc-digi-reco]: [17:41:16][STATE] Starting FairMQ state machine --> IDLE
[22121:zdc-digi-reco]: [17:41:16][STATE] IDLE ---> INITIALIZING DEVICE
[22121:zdc-digi-reco]: [17:41:16][STATE] INITIALIZING DEVICE ---> INITIALIZED
[22121:zdc-digi-reco]: [17:41:16][STATE] INITIALIZED ---> BINDING
[22121:zdc-digi-reco]: [17:41:16][STATE] BINDING ---> BOUND
[22121:zdc-digi-reco]: [17:41:16][STATE] BOUND ---> CONNECTING
[22122:zdc-calib-baseline-epn]: [INFO] WorkflowSpec getRecoWorkflow useMC 1
[22121:zdc-digi-reco]: [17:41:16][STATE] CONNECTING ---> DEVICE READY
[22121:zdc-digi-reco]: [17:41:16][STATE] DEVICE READY ---> INITIALIZING TASK
[22120:internal-dpl-ccdb-backend]: [17:41:16][STATE] IDLE ---> INITIALIZING DEVICE
[22120:internal-dpl-ccdb-backend]: [17:41:16][INFO] CCDB Backend at: http://alice-ccdb.cern.ch, validity check for every 2147483647 TF
[22120:internal-dpl-ccdb-backend]: [17:41:16][INFO] Init CcdApi with UserAgentID: localhost.localdomain-1694014876-InjNNy, Host: http://alice-ccdb.cern.ch
[22120:internal-dpl-ccdb-backend]: [17:41:16][INFO] Initialised default CCDB host http://alice-ccdb.cern.ch
[22120:internal-dpl-ccdb-backend]: [17:41:16][INFO] The following route is a condition ZDC/BASECALIB/0
[22120:internal-dpl-ccdb-backend]: [17:41:16][INFO] - ccdb-path: ZDC/Calib/BaselineCalib
[22120:internal-dpl-ccdb-backend]: [17:41:16][INFO] The following route is a condition ZDC/MODULECONFIG/0
[22120:internal-dpl-ccdb-backend]: [17:41:16][INFO] - ccdb-path: ZDC/Config/Module
[22120:internal-dpl-ccdb-backend]: [17:41:16][INFO] The following route is a condition ZDC/RECOCONFIG/0
[22120:internal-dpl-ccdb-backend]: [17:41:16][INFO] - ccdb-path: ZDC/Calib/RecoConfigZDC
[22120:internal-dpl-ccdb-backend]: [17:41:16][INFO] The following route is a condition ZDC/TDCCALIB/0
[22120:internal-dpl-ccdb-backend]: [17:41:16][INFO] - ccdb-path: ZDC/Calib/TDCCalib
[22120:internal-dpl-ccdb-backend]: [17:41:16][INFO] The following route is a condition ZDC/TDCCORR/0
[22120:internal-dpl-ccdb-backend]: [17:41:16][INFO] - ccdb-path: ZDC/Calib/TDCCorr
[22120:internal-dpl-ccdb-backend]: [17:41:16][INFO] The following route is a condition ZDC/TOWERCALIB/0
[22120:internal-dpl-ccdb-backend]: [17:41:16][INFO] - ccdb-path: ZDC/Calib/TowerCalib
[22120:internal-dpl-ccdb-backend]: [17:41:16][INFO] The following route is a condition ZDC/ADCCALIB/0
[22120:internal-dpl-ccdb-backend]: [17:41:16][INFO] - ccdb-path: ZDC/Calib/EnergyCalib
[22120:internal-dpl-ccdb-backend]: [17:41:16][STATE] INITIALIZING DEVICE ---> INITIALIZED
[22120:internal-dpl-ccdb-backend]: [17:41:16][STATE] INITIALIZED ---> BINDING
[22120:internal-dpl-ccdb-backend]: [17:41:16][STATE] BINDING ---> BOUND
[22120:internal-dpl-ccdb-backend]: [17:41:16][STATE] BOUND ---> CONNECTING
[22120:internal-dpl-ccdb-backend]: [17:41:16][STATE] CONNECTING ---> DEVICE READY
[22120:internal-dpl-ccdb-backend]: [17:41:16][STATE] DEVICE READY ---> INITIALIZING TASK
[22121:zdc-digi-reco]: [17:41:16][STATE] INITIALIZING TASK ---> READY
[22121:zdc-digi-reco]: [17:41:16][STATE] READY ---> RUNNING
[22121:zdc-digi-reco]: [17:41:16][INFO] fair::mq::Device running...
[22121:zdc-digi-reco]: [17:41:16][INFO] LHCPeriod is not available, using current month SEP
[22121:zdc-digi-reco]: [17:41:16][INFO] Correctly handshaken websocket connection.
[22120:internal-dpl-ccdb-backend]: [17:41:16][STATE] INITIALIZING TASK ---> READY
[22120:internal-dpl-ccdb-backend]: [17:41:16][STATE] READY ---> RUNNING
[22120:internal-dpl-ccdb-backend]: [17:41:16][INFO] fair::mq::Device running...
[22120:internal-dpl-ccdb-backend]: [17:41:16][INFO] LHCPeriod is not available, using current month SEP
[22120:internal-dpl-ccdb-backend]: [17:41:16][INFO] Correctly handshaken websocket connection.
[22118:internal-dpl-clock]: [INFO] Instrumenting crash signals
[22118:internal-dpl-clock]: [INFO] Spawing new device internal-dpl-clock in process with pid 22118
[22118:internal-dpl-clock]: [17:41:16][INFO] 
[22118:internal-dpl-clock]:       ______      _    _______  _________ 
[22118:internal-dpl-clock]:      / ____/___ _(_)_______   |/  /_  __ \    version 1.6.0
[22118:internal-dpl-clock]:     / /_  / __ `/ / ___/__  /|_/ /_  / / /    build RELWITHDEBINFO
[22118:internal-dpl-clock]:    / __/ / /_/ / / /    _  /  / / / /_/ /     https://github.com/FairRootGroup/FairMQ
[22118:internal-dpl-clock]:   /_/    \__,_/_/_/     /_/  /_/  \___\_\     LGPL-3.0  © 2012-2023 GSI
[22118:internal-dpl-clock]: 
[22118:internal-dpl-clock]: [17:41:16][STATE] Starting FairMQ state machine --> IDLE
[22118:internal-dpl-clock]: [17:41:16][STATE] IDLE ---> INITIALIZING DEVICE
[22119:zdc-digit-reader]: [INFO] WorkflowSpec getRecoWorkflow useMC 1
[22118:internal-dpl-clock]: [17:41:16][STATE] INITIALIZING DEVICE ---> INITIALIZED
[22118:internal-dpl-clock]: [17:41:16][STATE] INITIALIZED ---> BINDING
[22118:internal-dpl-clock]: [17:41:16][STATE] BINDING ---> BOUND
[22118:internal-dpl-clock]: [17:41:16][STATE] BOUND ---> CONNECTING
[22118:internal-dpl-clock]: [17:41:16][STATE] CONNECTING ---> DEVICE READY
[22118:internal-dpl-clock]: [17:41:16][STATE] DEVICE READY ---> INITIALIZING TASK
[22118:internal-dpl-clock]: [17:41:16][STATE] INITIALIZING TASK ---> READY
[22118:internal-dpl-clock]: [17:41:16][STATE] READY ---> RUNNING
[22118:internal-dpl-clock]: [17:41:16][INFO] fair::mq::Device running...
[22118:internal-dpl-clock]: [17:41:16][INFO] LHCPeriod is not available, using current month SEP
[22118:internal-dpl-clock]: [17:41:16][INFO] Correctly handshaken websocket connection.
[22122:zdc-calib-baseline-epn]: [INFO] Instrumenting crash signals
[22122:zdc-calib-baseline-epn]: [INFO] Spawing new device zdc-calib-baseline-epn in process with pid 22122
[22122:zdc-calib-baseline-epn]: [17:41:16][INFO] 
[22122:zdc-calib-baseline-epn]:       ______      _    _______  _________ 
[22122:zdc-calib-baseline-epn]:      / ____/___ _(_)_______   |/  /_  __ \    version 1.6.0
[22122:zdc-calib-baseline-epn]:     / /_  / __ `/ / ___/__  /|_/ /_  / / /    build RELWITHDEBINFO
[22122:zdc-calib-baseline-epn]:    / __/ / /_/ / / /    _  /  / / / /_/ /     https://github.com/FairRootGroup/FairMQ
[22122:zdc-calib-baseline-epn]:   /_/    \__,_/_/_/     /_/  /_/  \___\_\     LGPL-3.0  © 2012-2023 GSI
[22122:zdc-calib-baseline-epn]: 
[22122:zdc-calib-baseline-epn]: [17:41:16][STATE] Starting FairMQ state machine --> IDLE
[22122:zdc-calib-baseline-epn]: [17:41:16][STATE] IDLE ---> INITIALIZING DEVICE
[22122:zdc-calib-baseline-epn]: [17:41:16][INFO] Sending calibration data to aggregator every mModTF = 0 TF
[22122:zdc-calib-baseline-epn]: [17:41:16][STATE] INITIALIZING DEVICE ---> INITIALIZED
[22122:zdc-calib-baseline-epn]: [17:41:16][STATE] INITIALIZED ---> BINDING
[22122:zdc-calib-baseline-epn]: [17:41:16][STATE] BINDING ---> BOUND
[22122:zdc-calib-baseline-epn]: [17:41:16][STATE] BOUND ---> CONNECTING
[22122:zdc-calib-baseline-epn]: [17:41:16][STATE] CONNECTING ---> DEVICE READY
[22122:zdc-calib-baseline-epn]: [17:41:16][STATE] DEVICE READY ---> INITIALIZING TASK
[22122:zdc-calib-baseline-epn]: [17:41:16][STATE] INITIALIZING TASK ---> READY
[22119:zdc-digit-reader]: [INFO] Instrumenting crash signals
[22122:zdc-calib-baseline-epn]: [17:41:16][STATE] READY ---> RUNNING
[22122:zdc-calib-baseline-epn]: [17:41:16][INFO] fair::mq::Device running...
[22122:zdc-calib-baseline-epn]: [17:41:16][INFO] LHCPeriod is not available, using current month SEP
[22122:zdc-calib-baseline-epn]: [17:41:16][INFO] Correctly handshaken websocket connection.
[22119:zdc-digit-reader]: [INFO] Spawing new device zdc-digit-reader in process with pid 22119
[22119:zdc-digit-reader]: [17:41:16][INFO] 
[22119:zdc-digit-reader]:       ______      _    _______  _________ 
[22119:zdc-digit-reader]:      / ____/___ _(_)_______   |/  /_  __ \    version 1.6.0
[22119:zdc-digit-reader]:     / /_  / __ `/ / ___/__  /|_/ /_  / / /    build RELWITHDEBINFO
[22119:zdc-digit-reader]:    / __/ / /_/ / / /    _  /  / / / /_/ /     https://github.com/FairRootGroup/FairMQ
[22119:zdc-digit-reader]:   /_/    \__,_/_/_/     /_/  /_/  \___\_\     LGPL-3.0  © 2012-2023 GSI
[22119:zdc-digit-reader]: 
[22119:zdc-digit-reader]: [17:41:16][STATE] Starting FairMQ state machine --> IDLE
[22119:zdc-digit-reader]: [17:41:16][STATE] IDLE ---> INITIALIZING DEVICE
[22124:internal-dpl-injected-dummy-sink]: [INFO] WorkflowSpec getRecoWorkflow useMC 1
[22124:internal-dpl-injected-dummy-sink]: [INFO] Instrumenting crash signals
[22124:internal-dpl-injected-dummy-sink]: [INFO] Spawing new device internal-dpl-injected-dummy-sink in process with pid 22124
[22124:internal-dpl-injected-dummy-sink]: [17:41:16][INFO] 
[22124:internal-dpl-injected-dummy-sink]:       ______      _    _______  _________ 
[22124:internal-dpl-injected-dummy-sink]:      / ____/___ _(_)_______   |/  /_  __ \    version 1.6.0
[22124:internal-dpl-injected-dummy-sink]:     / /_  / __ `/ / ___/__  /|_/ /_  / / /    build RELWITHDEBINFO
[22124:internal-dpl-injected-dummy-sink]:    / __/ / /_/ / / /    _  /  / / / /_/ /     https://github.com/FairRootGroup/FairMQ
[22124:internal-dpl-injected-dummy-sink]:   /_/    \__,_/_/_/     /_/  /_/  \___\_\     LGPL-3.0  © 2012-2023 GSI
[22124:internal-dpl-injected-dummy-sink]: 
[22124:internal-dpl-injected-dummy-sink]: [17:41:16][STATE] Starting FairMQ state machine --> IDLE
[22124:internal-dpl-injected-dummy-sink]: [17:41:16][STATE] IDLE ---> INITIALIZING DEVICE
[22124:internal-dpl-injected-dummy-sink]: [17:41:16][STATE] INITIALIZING DEVICE ---> INITIALIZED
[22124:internal-dpl-injected-dummy-sink]: [17:41:16][STATE] INITIALIZED ---> BINDING
[22124:internal-dpl-injected-dummy-sink]: [17:41:16][STATE] BINDING ---> BOUND
[22124:internal-dpl-injected-dummy-sink]: [17:41:16][STATE] BOUND ---> CONNECTING
[22124:internal-dpl-injected-dummy-sink]: [17:41:16][STATE] CONNECTING ---> DEVICE READY
[22124:internal-dpl-injected-dummy-sink]: [17:41:16][STATE] DEVICE READY ---> INITIALIZING TASK
[22124:internal-dpl-injected-dummy-sink]: [17:41:16][STATE] INITIALIZING TASK ---> READY
[22124:internal-dpl-injected-dummy-sink]: [17:41:16][STATE] READY ---> RUNNING
[22124:internal-dpl-injected-dummy-sink]: [17:41:16][INFO] fair::mq::Device running...
[22124:internal-dpl-injected-dummy-sink]: [17:41:16][INFO] LHCPeriod is not available, using current month SEP
[22124:internal-dpl-injected-dummy-sink]: [17:41:16][INFO] Correctly handshaken websocket connection.
[22123:ZDCRecoWriter]: [INFO] WorkflowSpec getRecoWorkflow useMC 1
[22123:ZDCRecoWriter]: [INFO] Instrumenting crash signals
[22123:ZDCRecoWriter]: [INFO] Spawing new device ZDCRecoWriter in process with pid 22123
[22123:ZDCRecoWriter]: [17:41:16][INFO] 
[22123:ZDCRecoWriter]:       ______      _    _______  _________ 
[22123:ZDCRecoWriter]:      / ____/___ _(_)_______   |/  /_  __ \    version 1.6.0
[22123:ZDCRecoWriter]:     / /_  / __ `/ / ___/__  /|_/ /_  / / /    build RELWITHDEBINFO
[22123:ZDCRecoWriter]:    / __/ / /_/ / / /    _  /  / / / /_/ /     https://github.com/FairRootGroup/FairMQ
[22123:ZDCRecoWriter]:   /_/    \__,_/_/_/     /_/  /_/  \___\_\     LGPL-3.0  © 2012-2023 GSI
[22123:ZDCRecoWriter]: 
[22123:ZDCRecoWriter]: [17:41:16][STATE] Starting FairMQ state machine --> IDLE
[22123:ZDCRecoWriter]: [17:41:16][STATE] IDLE ---> INITIALIZING DEVICE
[22123:ZDCRecoWriter]: [17:41:16][INFO] 0: branch  ZDCRecBC set up
[22123:ZDCRecoWriter]: [17:41:16][INFO] 1: branch  ZDCRecE set up
[22123:ZDCRecoWriter]: [17:41:16][INFO] 2: branch  ZDCRecTDC set up
[22123:ZDCRecoWriter]: [17:41:16][INFO] 3: branch  ZDCRecInfo set up
[22123:ZDCRecoWriter]: [17:41:16][INFO] 4: branch  ZDCWaveform set up
[22123:ZDCRecoWriter]: [17:41:16][STATE] INITIALIZING DEVICE ---> INITIALIZED
[22123:ZDCRecoWriter]: [17:41:16][STATE] INITIALIZED ---> BINDING
[22123:ZDCRecoWriter]: [17:41:16][STATE] BINDING ---> BOUND
[22123:ZDCRecoWriter]: [17:41:16][STATE] BOUND ---> CONNECTING
[22123:ZDCRecoWriter]: [17:41:16][STATE] CONNECTING ---> DEVICE READY
[22123:ZDCRecoWriter]: [17:41:16][STATE] DEVICE READY ---> INITIALIZING TASK
[22123:ZDCRecoWriter]: [17:41:16][STATE] INITIALIZING TASK ---> READY
[22123:ZDCRecoWriter]: [17:41:16][STATE] READY ---> RUNNING
[22123:ZDCRecoWriter]: [17:41:16][INFO] fair::mq::Device running...
[22123:ZDCRecoWriter]: [17:41:16][INFO] LHCPeriod is not available, using current month SEP
[22123:ZDCRecoWriter]: [17:41:16][INFO] Correctly handshaken websocket connection.
[22119:zdc-digit-reader]: [17:41:16][STATE] INITIALIZING DEVICE ---> INITIALIZED
[22119:zdc-digit-reader]: [17:41:16][STATE] INITIALIZED ---> BINDING
[22119:zdc-digit-reader]: [17:41:16][STATE] BINDING ---> BOUND
[22119:zdc-digit-reader]: [17:41:16][STATE] BOUND ---> CONNECTING
[22119:zdc-digit-reader]: [17:41:16][STATE] CONNECTING ---> DEVICE READY
[22119:zdc-digit-reader]: [17:41:16][STATE] DEVICE READY ---> INITIALIZING TASK
[22119:zdc-digit-reader]: [17:41:16][STATE] INITIALIZING TASK ---> READY
[22119:zdc-digit-reader]: [17:41:16][STATE] READY ---> RUNNING
[22119:zdc-digit-reader]: [17:41:16][INFO] fair::mq::Device running...
[22119:zdc-digit-reader]: [17:41:16][INFO] LHCPeriod is not available, using current month SEP
[22119:zdc-digit-reader]: [17:41:16][INFO] ZDCDigitReader pushed 3 orbits with 0 bcs and 0 digits
[22119:zdc-digit-reader]: [17:41:16][INFO] Sending end-of-stream message to channel from_zdc-digit-reader_to_internal-dpl-ccdb-backend
[22119:zdc-digit-reader]: [17:41:16][INFO] Sending end-of-stream message to channel from_zdc-digit-reader_to_zdc-digi-reco
[22119:zdc-digit-reader]: [17:41:16][INFO] Sending end-of-stream message to channel from_zdc-digit-reader_to_internal-dpl-injected-dummy-sink
[22119:zdc-digit-reader]: [17:41:16][INFO] Correctly handshaken websocket connection.
[22120:internal-dpl-ccdb-backend]: Info in <TJAlienConnectionManager>: Opening connection to JCentral. Please wait
[22120:internal-dpl-ccdb-backend]: Info in <TJAlienConnectionManager>: Opening connection to 137.138.99.170
[22120:internal-dpl-ccdb-backend]: Info in <TJAlienConnectionManager>: Successfully connected to 137.138.99.170
[22120:internal-dpl-ccdb-backend]: Info in <TJAlienFile::Open>: Accessing file /alice/data/CCDB/CTP/Calib/OrbitReset/06/62200/b9f985c3-b4b0-11ec-8fd3-90ce809b24ee in SE <ALICE::CERN::EOS>
[22120:internal-dpl-ccdb-backend]: [17:41:17][INFO] ccdb reads http://alice-ccdb.cern.ch/CTP/Calib/OrbitReset/1546300800000/b9f985c3-b4b0-11ec-8fd3-90ce809b24ee for 1546300800000 (load to memory, agent_id: localhost.localdomain-1694014876-InjNNy), 
[22120:internal-dpl-ccdb-backend]: Info in <TJAlienFile::Open>: Accessing file /alice/data/CCDB/ZDC/Calib/BaselineCalib/02/59081/c6fe667e-f23b-11ec-b9c0-2a010e0a0b16 in SE <ALICE::CERN::OCDB>
[22120:internal-dpl-ccdb-backend]: [17:41:17][INFO] ccdb reads http://alice-ccdb.cern.ch/ZDC/Calib/BaselineCalib/1546300800000/c6fe667e-f23b-11ec-b9c0-2a010e0a0b16 for 1546300800000 (load to memory, agent_id: localhost.localdomain-1694014876-InjNNy), 
[22120:internal-dpl-ccdb-backend]: Info in <TJAlienFile::Open>: Accessing file /alice/data/CCDB/ZDC/Config/Module/12/06629/706c8778-60e8-11ed-9dc3-2a010e0a0b16 in SE <ALICE::CERN::OCDB>
[22120:internal-dpl-ccdb-backend]: [17:41:17][INFO] ccdb reads http://alice-ccdb.cern.ch/ZDC/Config/Module/1546300800000/706c8778-60e8-11ed-9dc3-2a010e0a0b16 for 1546300800000 (load to memory, agent_id: localhost.localdomain-1694014876-InjNNy), 
[22120:internal-dpl-ccdb-backend]: Info in <TJAlienFile::Open>: Accessing file /alice/data/CCDB/ZDC/Calib/RecoConfigZDC/14/01732/abbc3456-cca5-11ec-b790-200114580d00 in SE <ALICE::CERN::OCDB>
[22120:internal-dpl-ccdb-backend]: [17:41:17][INFO] ccdb reads http://alice-ccdb.cern.ch/ZDC/Calib/RecoConfigZDC/1546300800000/abbc3456-cca5-11ec-b790-200114580d00 for 1546300800000 (load to memory, agent_id: localhost.localdomain-1694014876-InjNNy), 
[22120:internal-dpl-ccdb-backend]: Info in <TJAlienFile::Open>: Accessing file /alice/data/CCDB/ZDC/Calib/TDCCalib/00/62131/0bc5c80f-cca6-11ec-b790-200114580d00 in SE <ALICE::CERN::OCDB>
[22120:internal-dpl-ccdb-backend]: [17:41:17][INFO] ccdb reads http://alice-ccdb.cern.ch/ZDC/Calib/TDCCalib/1546300800000/0bc5c80f-cca6-11ec-b790-200114580d00 for 1546300800000 (load to memory, agent_id: localhost.localdomain-1694014876-InjNNy), 
[22120:internal-dpl-ccdb-backend]: Info in <TJAlienFile::Open>: Accessing file /alice/data/CCDB/ZDC/Calib/TDCCorr/01/30762/0d5c2790-cca6-11ec-b790-200114580d00 in SE <ALICE::CERN::EOS>
[22120:internal-dpl-ccdb-backend]: [17:41:18][INFO] ccdb reads http://alice-ccdb.cern.ch/ZDC/Calib/TDCCorr/1546300800000/0d5c2790-cca6-11ec-b790-200114580d00 for 1546300800000 (load to memory, agent_id: localhost.localdomain-1694014876-InjNNy), 
[22120:internal-dpl-ccdb-backend]: Info in <TJAlienFile::Open>: Accessing file /alice/data/CCDB/ZDC/Calib/TowerCalib/10/02515/0ef2f88b-cca6-11ec-b790-200114580d00 in SE <ALICE::CERN::EOS>
[22120:internal-dpl-ccdb-backend]: [17:41:18][INFO] ccdb reads http://alice-ccdb.cern.ch/ZDC/Calib/TowerCalib/1546300800000/0ef2f88b-cca6-11ec-b790-200114580d00 for 1546300800000 (load to memory, agent_id: localhost.localdomain-1694014876-InjNNy), 
[22120:internal-dpl-ccdb-backend]: Info in <TJAlienFile::Open>: Accessing file /alice/data/CCDB/ZDC/Calib/EnergyCalib/13/25891/73c62b2f-cca4-11ec-981d-200114580d00 in SE <ALICE::CERN::OCDB>
[22120:internal-dpl-ccdb-backend]: [17:41:18][INFO] ccdb reads http://alice-ccdb.cern.ch/ZDC/Calib/EnergyCalib/1546300800000/73c62b2f-cca4-11ec-981d-200114580d00 for 1546300800000 (load to memory, agent_id: localhost.localdomain-1694014876-InjNNy), 
[22120:internal-dpl-ccdb-backend]: [17:41:18][INFO] Sending end-of-stream message to channel from_internal-dpl-ccdb-backend_to_zdc-digi-reco
[22120:internal-dpl-ccdb-backend]: [17:41:18][INFO] Sending end-of-stream message to channel from_internal-dpl-ccdb-backend_to_internal-dpl-injected-dummy-sink
[22121:zdc-digi-reco]: [17:41:18][INFO] DigitRecoSpec::run initialization
[22121:zdc-digi-reco]: [17:41:18][INFO] Caching in 140058065499584 ptr to ZDC/MODULECONFIG/0 (0x3b43af0)
[22121:zdc-digi-reco]: [17:41:18][INFO] Caching in 140058065501856 ptr to ZDC/RECOCONFIG/0 (0x457da10)
[22121:zdc-digi-reco]: [17:41:18][INFO] Caching in 140058065504128 ptr to ZDC/TDCCALIB/0 (0x4440d90)
[22121:zdc-digi-reco]: [17:41:18][INFO] Caching in 140058065505376 ptr to ZDC/TDCCORR/0 (0x7b644c0)
[22121:zdc-digi-reco]: [17:41:18][INFO] Caching in 140058065538592 ptr to ZDC/ADCCALIB/0 (0x7b3d510)
[22121:zdc-digi-reco]: [17:41:18][INFO] Caching in 140058065536320 ptr to ZDC/TOWERCALIB/0 (0x38e10c0)
[22121:zdc-digi-reco]: [17:41:18][INFO] Caching in 140058065497312 ptr to ZDC/BASECALIB/0 (0x38e1aa0)
[22121:zdc-digi-reco]: [17:41:18][INFO] Initialization of ZDC reconstruction
[22121:zdc-digi-reco]: [17:41:18][INFO] Interpolation numeric precision is 4
[22121:zdc-digi-reco]: [17:41:18][INFO] Interpolation alpha = 3
[22121:zdc-digi-reco]: [17:41:18][INFO] RecoParamZDC::print()
[22121:zdc-digi-reco]: [17:41:18][INFO] Low pass filtering is enabled
[22121:zdc-digi-reco]: [17:41:18][INFO] DOUBLE trigger condition enforced in reconstruction
[22121:zdc-digi-reco]: [17:41:18][INFO] Extended search is ON
[22121:zdc-digi-reco]: [17:41:18][INFO] Storage of EvE hits is OFF
[22121:zdc-digi-reco]: [17:41:18][INFO] Energy Calibration from CCDB ZNAC = 1
[22121:zdc-digi-reco]: [17:41:18][INFO] SUM Energy Calibration  ZNAS = 1
[22121:zdc-digi-reco]: [17:41:18][INFO] Energy Calibration from CCDB ZPAC = 1
[22121:zdc-digi-reco]: [17:41:18][INFO] SUM Energy Calibration  ZPAS = 1
[22121:zdc-digi-reco]: [17:41:18][INFO] Energy Calibration from CCDB ZEM1 = 1
[22121:zdc-digi-reco]: [17:41:18][INFO] Energy Calibration from CCDB ZEM2 = 1
[22121:zdc-digi-reco]: [17:41:18][INFO] Energy Calibration from CCDB ZNCC = 1
[22121:zdc-digi-reco]: [17:41:18][INFO] SUM Energy Calibration  ZNCS = 1
[22121:zdc-digi-reco]: [17:41:18][INFO] Energy Calibration from CCDB ZPCC = 1
[22121:zdc-digi-reco]: [17:41:18][INFO] SUM Energy Calibration  ZPCS = 1
[22121:zdc-digi-reco]: [17:41:18][INFO] Tower Calibration from CCDB ZNA1 = 1
[22121:zdc-digi-reco]: [17:41:18][INFO] Tower Calibration from CCDB ZNA2 = 1
[22121:zdc-digi-reco]: [17:41:18][INFO] Tower Calibration from CCDB ZNA3 = 1
[22121:zdc-digi-reco]: [17:41:18][INFO] Tower Calibration from CCDB ZNA4 = 1
[22121:zdc-digi-reco]: [17:41:18][INFO] Tower Calibration from CCDB ZPA1 = 1
[22121:zdc-digi-reco]: [17:41:18][INFO] Tower Calibration from CCDB ZPA2 = 1
[22121:zdc-digi-reco]: [17:41:18][INFO] Tower Calibration from CCDB ZPA3 = 1
[22121:zdc-digi-reco]: [17:41:18][INFO] Tower Calibration from CCDB ZPA4 = 1
[22121:zdc-digi-reco]: [17:41:18][INFO] Tower Calibration from CCDB ZNC1 = 1
[22121:zdc-digi-reco]: [17:41:18][INFO] Tower Calibration from CCDB ZNC2 = 1
[22121:zdc-digi-reco]: [17:41:18][INFO] Tower Calibration from CCDB ZNC3 = 1
[22121:zdc-digi-reco]: [17:41:18][INFO] Tower Calibration from CCDB ZNC4 = 1
[22121:zdc-digi-reco]: [17:41:18][INFO] Tower Calibration from CCDB ZPC1 = 1
[22121:zdc-digi-reco]: [17:41:18][INFO] Tower Calibration from CCDB ZPC2 = 1
[22121:zdc-digi-reco]: [17:41:18][INFO] Tower Calibration from CCDB ZPC3 = 1
[22121:zdc-digi-reco]: [17:41:18][INFO] Tower Calibration from CCDB ZPC4 = 1
[22121:zdc-digi-reco]: [17:41:18][INFO] Tower Calibration from CCDB ZEM2 = 1
[22121:zdc-digi-reco]: [17:41:18][INFO] Tower Energy Calibration set to ZEM2 = 1
[22121:zdc-digi-reco]: [17:41:18][WARN] ZNAC OLD Baseline = -inf OUT OF RANGE
[22121:zdc-digi-reco]: [17:41:18][WARN] ZNA1 OLD Baseline = -inf OUT OF RANGE
[22121:zdc-digi-reco]: [17:41:18][WARN] ZNA2 OLD Baseline = -inf OUT OF RANGE
[22121:zdc-digi-reco]: [17:41:18][WARN] ZNA3 OLD Baseline = -inf OUT OF RANGE
[22121:zdc-digi-reco]: [17:41:18][WARN] ZNA4 OLD Baseline = -inf OUT OF RANGE
[22121:zdc-digi-reco]: [17:41:18][WARN] ZNAS OLD Baseline = -inf OUT OF RANGE
[22121:zdc-digi-reco]: [17:41:18][WARN] ZPAC OLD Baseline = -inf OUT OF RANGE
[22121:zdc-digi-reco]: [17:41:18][WARN] ZPA1 OLD Baseline = -inf OUT OF RANGE
[22121:zdc-digi-reco]: [17:41:18][WARN] ZPA2 OLD Baseline = -inf OUT OF RANGE
[22121:zdc-digi-reco]: [17:41:18][WARN] ZPA3 OLD Baseline = -inf OUT OF RANGE
[22121:zdc-digi-reco]: [17:41:18][WARN] ZPA4 OLD Baseline = -inf OUT OF RANGE
[22121:zdc-digi-reco]: [17:41:18][WARN] ZPAS OLD Baseline = -inf OUT OF RANGE
[22121:zdc-digi-reco]: [17:41:18][WARN] ZEM1 OLD Baseline = -inf OUT OF RANGE
[22121:zdc-digi-reco]: [17:41:18][WARN] ZEM2 OLD Baseline = -inf OUT OF RANGE
[22121:zdc-digi-reco]: [17:41:18][WARN] ZNCC OLD Baseline = -inf OUT OF RANGE
[22121:zdc-digi-reco]: [17:41:18][WARN] ZNC1 OLD Baseline = -inf OUT OF RANGE
[22121:zdc-digi-reco]: [17:41:18][WARN] ZNC2 OLD Baseline = -inf OUT OF RANGE
[22121:zdc-digi-reco]: [17:41:18][WARN] ZNC3 OLD Baseline = -inf OUT OF RANGE
[22121:zdc-digi-reco]: [17:41:18][WARN] ZNC4 OLD Baseline = -inf OUT OF RANGE
[22121:zdc-digi-reco]: [17:41:18][WARN] ZNCS OLD Baseline = -inf OUT OF RANGE
[22121:zdc-digi-reco]: [17:41:18][WARN] ZPCC OLD Baseline = -inf OUT OF RANGE
[22121:zdc-digi-reco]: [17:41:18][WARN] ZPC1 OLD Baseline = -inf OUT OF RANGE
[22121:zdc-digi-reco]: [17:41:18][WARN] ZPC2 OLD Baseline = -inf OUT OF RANGE
[22121:zdc-digi-reco]: [17:41:18][WARN] ZPC3 OLD Baseline = -inf OUT OF RANGE
[22121:zdc-digi-reco]: [17:41:18][WARN] ZPC4 OLD Baseline = -inf OUT OF RANGE
[22121:zdc-digi-reco]: [17:41:18][WARN] ZPCS OLD Baseline = -inf OUT OF RANGE
[22121:zdc-digi-reco]: [17:41:18][INFO] 0 BC 0 CH 3 OD -> Reconstructed 0 signal TDCs and 0 ZDC energies and 0 info messages in 0/0 b.c. and 0 waveform chunks
[22121:zdc-digi-reco]: [17:41:18][INFO] ZDC Reconstruction total timing: Cpu: 0.000e+00 Real: 8.106e-05 s in 1 slots
[22121:zdc-digi-reco]: [17:41:18][INFO] Sending end-of-stream message to channel from_zdc-digi-reco_to_zdc-calib-baseline-epn
[22121:zdc-digi-reco]: [17:41:18][INFO] Sending end-of-stream message to channel from_zdc-digi-reco_to_ZDCRecoWriter
[22122:zdc-calib-baseline-epn]: [17:41:18][INFO] Run number changed to 300000
[22122:zdc-calib-baseline-epn]: [17:41:18][INFO] Caching in 140638209955264 ptr to ZDC/MODULECONFIG/0 (0x3bd1880)
[22122:zdc-calib-baseline-epn]: [17:41:18][INFO] ZDC EPN Baseline calibration total timing: Cpu: 0.000e+00 Real: 4.505e-03 s in 1 slots
[22122:zdc-calib-baseline-epn]: [17:41:18][INFO] Sending end-of-stream message to channel from_zdc-calib-baseline-epn_to_internal-dpl-injected-dummy-sink
[INFO] Quitting
[INFO] QUIT_REQUESTED
[22120:internal-dpl-ccdb-backend]: [17:41:18][INFO] Received device shutdown request (signal 15).
[22120:internal-dpl-ccdb-backend]: [17:41:18][INFO] Waiting for graceful device shutdown. Hit Ctrl-C again to abort immediately.
[22121:zdc-digi-reco]: [17:41:18][INFO] Received device shutdown request (signal 15).
[22121:zdc-digi-reco]: [17:41:18][INFO] Waiting for graceful device shutdown. Hit Ctrl-C again to abort immediately.
[22122:zdc-calib-baseline-epn]: [17:41:18][INFO] Received device shutdown request (signal 15).
[22122:zdc-calib-baseline-epn]: [17:41:18][INFO] Waiting for graceful device shutdown. Hit Ctrl-C again to abort immediately.
[22123:ZDCRecoWriter]: [17:41:18][INFO] Received device shutdown request (signal 15).
[22123:ZDCRecoWriter]: [17:41:18][INFO] Waiting for graceful device shutdown. Hit Ctrl-C again to abort immediately.
[22123:ZDCRecoWriter]: [17:41:18][INFO] New state requested. No timeout set, quitting immediately as per --completion-policy
[22124:internal-dpl-injected-dummy-sink]: [17:41:18][INFO] Received device shutdown request (signal 15).
[22124:internal-dpl-injected-dummy-sink]: [17:41:18][INFO] Waiting for graceful device shutdown. Hit Ctrl-C again to abort immediately.
[22118:internal-dpl-clock]: [17:41:18][INFO] Received device shutdown request (signal 15).
[22118:internal-dpl-clock]: [17:41:18][INFO] Waiting for graceful device shutdown. Hit Ctrl-C again to abort immediately.
[22119:zdc-digit-reader]: [17:41:18][INFO] Received device shutdown request (signal 15).
[22119:zdc-digit-reader]: [17:41:18][INFO] Waiting for graceful device shutdown. Hit Ctrl-C again to abort immediately.
[22118:internal-dpl-clock]: [17:41:18][INFO] New state requested. No timeout set, quitting immediately as per --completion-policy
[22118:internal-dpl-clock]: [17:41:18][INFO] Sending end-of-stream message to channel from_internal-dpl-clock_to_zdc-digit-reader
[22118:internal-dpl-clock]: [17:41:18][STATE] RUNNING ---> READY
[22118:internal-dpl-clock]: [17:41:18][STATE] READY ---> RESETTING TASK
[22118:internal-dpl-clock]: [17:41:18][STATE] RESETTING TASK ---> DEVICE READY
[22118:internal-dpl-clock]: [17:41:18][STATE] DEVICE READY ---> RESETTING DEVICE
[22120:internal-dpl-ccdb-backend]: [17:41:18][INFO] New state requested. No timeout set, quitting immediately as per --completion-policy
[22120:internal-dpl-ccdb-backend]: [17:41:18][INFO] CCDB cache miss/hit ratio:
[22120:internal-dpl-ccdb-backend]: [17:41:18][INFO]   ZDC/Calib/TowerCalib: 1/0 (2048-2048 bytes)
[22120:internal-dpl-ccdb-backend]: [17:41:18][INFO]   ZDC/Calib/TDCCorr: 1/0 (30720-30720 bytes)
[22120:internal-dpl-ccdb-backend]: [17:41:18][INFO]   ZDC/Calib/TDCCalib: 1/0 (1024-1024 bytes)
[22120:internal-dpl-ccdb-backend]: [17:41:18][INFO]   ZDC/Calib/RecoConfigZDC: 1/0 (2048-2048 bytes)
[22120:internal-dpl-ccdb-backend]: [17:41:18][INFO]   ZDC/Config/Module: 1/0 (2048-2048 bytes)
[22120:internal-dpl-ccdb-backend]: [17:41:18][INFO]   ZDC/Calib/BaselineCalib: 1/0 (2048-2048 bytes)
[22120:internal-dpl-ccdb-backend]: [17:41:18][INFO]   ZDC/Calib/EnergyCalib: 1/0 (1024-1024 bytes)
[22120:internal-dpl-ccdb-backend]: [17:41:18][INFO]   CTP/Calib/OrbitReset: 1/1 (1024-1024 bytes)
[22120:internal-dpl-ccdb-backend]: [17:41:18][STATE] RUNNING ---> READY
[22121:zdc-digi-reco]: [17:41:18][INFO] New state requested. No timeout set, quitting immediately as per --completion-policy
[22121:zdc-digi-reco]: [17:41:18][STATE] RUNNING ---> READY
[22122:zdc-calib-baseline-epn]: [17:41:18][INFO] New state requested. No timeout set, quitting immediately as per --completion-policy
[22122:zdc-calib-baseline-epn]: [17:41:18][STATE] RUNNING ---> READY
[22122:zdc-calib-baseline-epn]: [17:41:18][STATE] READY ---> RESETTING TASK
[22122:zdc-calib-baseline-epn]: [17:41:18][STATE] RESETTING TASK ---> DEVICE READY
[22122:zdc-calib-baseline-epn]: [17:41:18][STATE] DEVICE READY ---> RESETTING DEVICE
[22124:internal-dpl-injected-dummy-sink]: [17:41:18][INFO] New state requested. No timeout set, quitting immediately as per --completion-policy
[22124:internal-dpl-injected-dummy-sink]: [17:41:18][STATE] RUNNING ---> READY
[22120:internal-dpl-ccdb-backend]: [17:41:18][STATE] READY ---> RESETTING TASK
[22120:internal-dpl-ccdb-backend]: [17:41:18][STATE] RESETTING TASK ---> DEVICE READY
[22120:internal-dpl-ccdb-backend]: [17:41:18][STATE] DEVICE READY ---> RESETTING DEVICE
[22121:zdc-digi-reco]: [17:41:18][STATE] READY ---> RESETTING TASK
[22121:zdc-digi-reco]: [17:41:18][STATE] RESETTING TASK ---> DEVICE READY
[22121:zdc-digi-reco]: [17:41:18][STATE] DEVICE READY ---> RESETTING DEVICE
[22124:internal-dpl-injected-dummy-sink]: [17:41:18][STATE] READY ---> RESETTING TASK
[22124:internal-dpl-injected-dummy-sink]: [17:41:18][STATE] RESETTING TASK ---> DEVICE READY
[22119:zdc-digit-reader]: [17:41:18][INFO] New state requested. No timeout set, quitting immediately as per --completion-policy
[22119:zdc-digit-reader]: [17:41:18][STATE] RUNNING ---> READY
[22124:internal-dpl-injected-dummy-sink]: [17:41:18][STATE] DEVICE READY ---> RESETTING DEVICE
[22119:zdc-digit-reader]: [17:41:18][STATE] READY ---> RESETTING TASK
[22119:zdc-digit-reader]: [17:41:18][STATE] RESETTING TASK ---> DEVICE READY
[22119:zdc-digit-reader]: [17:41:18][STATE] DEVICE READY ---> RESETTING DEVICE
[22118:internal-dpl-clock]: [17:41:18][STATE] RESETTING DEVICE ---> IDLE
[22118:internal-dpl-clock]: [17:41:18][STATE] IDLE ---> EXITING
[22122:zdc-calib-baseline-epn]: [17:41:18][STATE] RESETTING DEVICE ---> IDLE
[22120:internal-dpl-ccdb-backend]: [17:41:18][STATE] RESETTING DEVICE ---> IDLE
[22121:zdc-digi-reco]: [17:41:18][STATE] RESETTING DEVICE ---> IDLE
[22122:zdc-calib-baseline-epn]: [17:41:18][STATE] IDLE ---> EXITING
[22118:internal-dpl-clock]: [17:41:18][STATE] Exiting FairMQ state machine
[22120:internal-dpl-ccdb-backend]: [17:41:18][STATE] IDLE ---> EXITING
[22120:internal-dpl-ccdb-backend]: [17:41:18][STATE] Exiting FairMQ state machine
[22121:zdc-digi-reco]: [17:41:18][STATE] IDLE ---> EXITING
[22121:zdc-digi-reco]: [17:41:18][STATE] Exiting FairMQ state machine
[22124:internal-dpl-injected-dummy-sink]: [17:41:18][STATE] RESETTING DEVICE ---> IDLE
[22122:zdc-calib-baseline-epn]: [17:41:18][STATE] Exiting FairMQ state machine
[22124:internal-dpl-injected-dummy-sink]: [17:41:18][STATE] IDLE ---> EXITING
[22124:internal-dpl-injected-dummy-sink]: [17:41:18][STATE] Exiting FairMQ state machine
[22119:zdc-digit-reader]: [17:41:18][STATE] RESETTING DEVICE ---> IDLE
[22119:zdc-digit-reader]: [17:41:18][STATE] IDLE ---> EXITING
[22119:zdc-digit-reader]: [17:41:18][STATE] Exiting FairMQ state machine
[22123:ZDCRecoWriter]: [17:41:18][STATE] RUNNING ---> READY
[22123:ZDCRecoWriter]: [17:41:18][STATE] READY ---> RESETTING TASK
[22123:ZDCRecoWriter]: [17:41:18][STATE] RESETTING TASK ---> DEVICE READY
[22123:ZDCRecoWriter]: [17:41:18][STATE] DEVICE READY ---> RESETTING DEVICE
[22123:ZDCRecoWriter]: [17:41:18][INFO] Cleaning up for shared memory id '1d76b718'...
[22123:ZDCRecoWriter]: [17:41:18][INFO] Found 0 unmanaged regions...
[22123:ZDCRecoWriter]: [17:41:18][INFO] Found 1 managed segments...
[22123:ZDCRecoWriter]: [17:41:18][INFO] Successfully removed 'fmq_1d76b718_m_0'.
[22123:ZDCRecoWriter]: [17:41:18][INFO] Successfully removed 'fmq_1d76b718_mng'.
[22123:ZDCRecoWriter]: [17:41:18][STATE] RESETTING DEVICE ---> IDLE
[22123:ZDCRecoWriter]: [17:41:18][STATE] IDLE ---> EXITING
[22123:ZDCRecoWriter]: [17:41:18][STATE] Exiting FairMQ state machine
[INFO] ## Processes completed. Run summary:
[INFO] ### Devices started: 7
[INFO]  - Device internal-dpl-clock: pid 22118 (exit 0)
[INFO]  - Device zdc-digit-reader: pid 22119 (exit 0)
[INFO]  - Device internal-dpl-ccdb-backend: pid 22120 (exit 0)
[INFO]  - Device zdc-digi-reco: pid 22121 (exit 0)
[INFO]  - Device zdc-calib-baseline-epn: pid 22122 (exit 0)
[INFO]  - Device ZDCRecoWriter: pid 22123 (exit 0)
[INFO]  - Device internal-dpl-injected-dummy-sink: pid 22124 (exit 0)
[INFO] Dumping used configuration in dpl-config.json
TASK-EXIT-CODE: 0
