Running: TIME="#walltime %e" /usr/bin/time --output=fddreco.log_time ./fddreco.log_tmp.sh
[INFO] Currently FDDReconstructor does not consume and provide MC truth
[INFO] Initialising O2 Data Processing Layer. Driver PID: 76184.
[INFO] Driver listening on port: 24264
[INFO] Rate limiting set up at 500MB distributed over 1 readers
[INFO] O2 Data Processing Layer initialised. We brake for nobody.
[INFO] Optimised build. O2DEBUG / LOG(debug) / LOGF(debug) / assert statement will not be shown.
[INFO] Redeployment of configuration asked.
[INFO] Starting internal-dpl-clock on pid 76223
[INFO] Starting fdd-digit-reader on pid 76224
[INFO] Starting fdd-reconstructor on pid 76225
[INFO] Starting fdd-recpoint-writer on pid 76226
[INFO] Starting internal-dpl-injected-dummy-sink on pid 76227
[INFO] Redeployment of configuration done.
[76224:fdd-digit-reader]: [INFO] Currently FDDReconstructor does not consume and provide MC truth
[76224:fdd-digit-reader]: [INFO] Instrumenting crash signals
[76224:fdd-digit-reader]: [INFO] Spawing new device fdd-digit-reader in process with pid 76224
[76224:fdd-digit-reader]: [16:36:54][INFO] 
[76224:fdd-digit-reader]:       ______      _    _______  _________ 
[76224:fdd-digit-reader]:      / ____/___ _(_)_______   |/  /_  __ \    version 1.6.0
[76224:fdd-digit-reader]:     / /_  / __ `/ / ___/__  /|_/ /_  / / /    build RELWITHDEBINFO
[76224:fdd-digit-reader]:    / __/ / /_/ / / /    _  /  / / / /_/ /     https://github.com/FairRootGroup/FairMQ
[76224:fdd-digit-reader]:   /_/    \__,_/_/_/     /_/  /_/  \___\_\     LGPL-3.0  © 2012-2023 GSI
[76224:fdd-digit-reader]: 
[76224:fdd-digit-reader]: [16:36:54][STATE] Starting FairMQ state machine --> IDLE
[76225:fdd-reconstructor]: [INFO] Currently FDDReconstructor does not consume and provide MC truth
[76223:internal-dpl-clock]: [INFO] Currently FDDReconstructor does not consume and provide MC truth
[76224:fdd-digit-reader]: [16:36:54][STATE] IDLE ---> INITIALIZING DEVICE
[76225:fdd-reconstructor]: [INFO] Instrumenting crash signals
[76225:fdd-reconstructor]: [INFO] Spawing new device fdd-reconstructor in process with pid 76225
[76225:fdd-reconstructor]: [16:36:54][INFO] 
[76225:fdd-reconstructor]:       ______      _    _______  _________ 
[76225:fdd-reconstructor]:      / ____/___ _(_)_______   |/  /_  __ \    version 1.6.0
[76225:fdd-reconstructor]:     / /_  / __ `/ / ___/__  /|_/ /_  / / /    build RELWITHDEBINFO
[76225:fdd-reconstructor]:    / __/ / /_/ / / /    _  /  / / / /_/ /     https://github.com/FairRootGroup/FairMQ
[76225:fdd-reconstructor]:   /_/    \__,_/_/_/     /_/  /_/  \___\_\     LGPL-3.0  © 2012-2023 GSI
[76225:fdd-reconstructor]: 
[76225:fdd-reconstructor]: [16:36:54][STATE] Starting FairMQ state machine --> IDLE
[76225:fdd-reconstructor]: [16:36:54][STATE] IDLE ---> INITIALIZING DEVICE
[76223:internal-dpl-clock]: [INFO] Instrumenting crash signals
[76223:internal-dpl-clock]: [INFO] Spawing new device internal-dpl-clock in process with pid 76223
[76223:internal-dpl-clock]: [16:36:54][INFO] 
[76223:internal-dpl-clock]:       ______      _    _______  _________ 
[76223:internal-dpl-clock]:      / ____/___ _(_)_______   |/  /_  __ \    version 1.6.0
[76223:internal-dpl-clock]:     / /_  / __ `/ / ___/__  /|_/ /_  / / /    build RELWITHDEBINFO
[76223:internal-dpl-clock]:    / __/ / /_/ / / /    _  /  / / / /_/ /     https://github.com/FairRootGroup/FairMQ
[76223:internal-dpl-clock]:   /_/    \__,_/_/_/     /_/  /_/  \___\_\     LGPL-3.0  © 2012-2023 GSI
[76223:internal-dpl-clock]: 
[76223:internal-dpl-clock]: [16:36:54][STATE] Starting FairMQ state machine --> IDLE
[76223:internal-dpl-clock]: [16:36:54][STATE] IDLE ---> INITIALIZING DEVICE
[76223:internal-dpl-clock]: [16:36:54][STATE] INITIALIZING DEVICE ---> INITIALIZED
[76223:internal-dpl-clock]: [16:36:54][STATE] INITIALIZED ---> BINDING
[76223:internal-dpl-clock]: [16:36:54][STATE] BINDING ---> BOUND
[76223:internal-dpl-clock]: [16:36:54][STATE] BOUND ---> CONNECTING
[76223:internal-dpl-clock]: [16:36:54][STATE] CONNECTING ---> DEVICE READY
[76223:internal-dpl-clock]: [16:36:54][STATE] DEVICE READY ---> INITIALIZING TASK
[76223:internal-dpl-clock]: [16:36:54][STATE] INITIALIZING TASK ---> READY
[76223:internal-dpl-clock]: [16:36:54][STATE] READY ---> RUNNING
[76223:internal-dpl-clock]: [16:36:54][INFO] fair::mq::Device running...
[76223:internal-dpl-clock]: [16:36:54][INFO] LHCPeriod is not available, using current month AUG
[76225:fdd-reconstructor]: [16:36:54][STATE] INITIALIZING DEVICE ---> INITIALIZED
[76225:fdd-reconstructor]: [16:36:54][STATE] INITIALIZED ---> BINDING
[76225:fdd-reconstructor]: [16:36:54][STATE] BINDING ---> BOUND
[76225:fdd-reconstructor]: [16:36:54][STATE] BOUND ---> CONNECTING
[76225:fdd-reconstructor]: [16:36:54][STATE] CONNECTING ---> DEVICE READY
[76225:fdd-reconstructor]: [16:36:54][STATE] DEVICE READY ---> INITIALIZING TASK
[76225:fdd-reconstructor]: [16:36:54][STATE] INITIALIZING TASK ---> READY
[76225:fdd-reconstructor]: [16:36:54][STATE] READY ---> RUNNING
[76225:fdd-reconstructor]: [16:36:54][INFO] fair::mq::Device running...
[76225:fdd-reconstructor]: [16:36:54][INFO] LHCPeriod is not available, using current month AUG
[76223:internal-dpl-clock]: [16:36:55][INFO] Correctly handshaken websocket connection.
[76225:fdd-reconstructor]: [16:36:55][INFO] Correctly handshaken websocket connection.
[76224:fdd-digit-reader]: [16:36:55][STATE] INITIALIZING DEVICE ---> INITIALIZED
[76224:fdd-digit-reader]: [16:36:55][STATE] INITIALIZED ---> BINDING
[76224:fdd-digit-reader]: [16:36:55][STATE] BINDING ---> BOUND
[76224:fdd-digit-reader]: [16:36:55][STATE] BOUND ---> CONNECTING
[76224:fdd-digit-reader]: [16:36:55][STATE] CONNECTING ---> DEVICE READY
[76224:fdd-digit-reader]: [16:36:55][STATE] DEVICE READY ---> INITIALIZING TASK
[76227:internal-dpl-injected-dummy-sink]: [INFO] Currently FDDReconstructor does not consume and provide MC truth
[76224:fdd-digit-reader]: [16:36:55][STATE] INITIALIZING TASK ---> READY
[76224:fdd-digit-reader]: [16:36:55][STATE] READY ---> RUNNING
[76224:fdd-digit-reader]: [16:36:55][INFO] fair::mq::Device running...
[76224:fdd-digit-reader]: [16:36:55][INFO] LHCPeriod is not available, using current month AUG
[76224:fdd-digit-reader]: [16:36:55][INFO] Will use MC-truth from FDDDigitLabels
[76224:fdd-digit-reader]: [16:36:55][INFO] FDD DigitReader pushes 210 digits
[76227:internal-dpl-injected-dummy-sink]: [INFO] Instrumenting crash signals
[76227:internal-dpl-injected-dummy-sink]: [INFO] Spawing new device internal-dpl-injected-dummy-sink in process with pid 76227
[76227:internal-dpl-injected-dummy-sink]: [16:36:55][INFO] 
[76227:internal-dpl-injected-dummy-sink]:       ______      _    _______  _________ 
[76227:internal-dpl-injected-dummy-sink]:      / ____/___ _(_)_______   |/  /_  __ \    version 1.6.0
[76227:internal-dpl-injected-dummy-sink]:     / /_  / __ `/ / ___/__  /|_/ /_  / / /    build RELWITHDEBINFO
[76227:internal-dpl-injected-dummy-sink]:    / __/ / /_/ / / /    _  /  / / / /_/ /     https://github.com/FairRootGroup/FairMQ
[76227:internal-dpl-injected-dummy-sink]:   /_/    \__,_/_/_/     /_/  /_/  \___\_\     LGPL-3.0  © 2012-2023 GSI
[76227:internal-dpl-injected-dummy-sink]: 
[76227:internal-dpl-injected-dummy-sink]: [16:36:55][STATE] Starting FairMQ state machine --> IDLE
[76227:internal-dpl-injected-dummy-sink]: [16:36:55][STATE] IDLE ---> INITIALIZING DEVICE
[76227:internal-dpl-injected-dummy-sink]: [16:36:55][STATE] INITIALIZING DEVICE ---> INITIALIZED
[76227:internal-dpl-injected-dummy-sink]: [16:36:55][STATE] INITIALIZED ---> BINDING
[76227:internal-dpl-injected-dummy-sink]: [16:36:55][STATE] BINDING ---> BOUND
[76227:internal-dpl-injected-dummy-sink]: [16:36:55][STATE] BOUND ---> CONNECTING
[76227:internal-dpl-injected-dummy-sink]: [16:36:55][STATE] CONNECTING ---> DEVICE READY
[76227:internal-dpl-injected-dummy-sink]: [16:36:55][STATE] DEVICE READY ---> INITIALIZING TASK
[76227:internal-dpl-injected-dummy-sink]: [16:36:55][STATE] INITIALIZING TASK ---> READY
[76227:internal-dpl-injected-dummy-sink]: [16:36:55][STATE] READY ---> RUNNING
[76227:internal-dpl-injected-dummy-sink]: [16:36:55][INFO] fair::mq::Device running...
[76227:internal-dpl-injected-dummy-sink]: [16:36:55][INFO] LHCPeriod is not available, using current month AUG
[76227:internal-dpl-injected-dummy-sink]: [16:36:55][INFO] Correctly handshaken websocket connection.
[76224:fdd-digit-reader]: [16:36:55][INFO] Sending end-of-stream message to channel from_fdd-digit-reader_to_fdd-reconstructor
[76224:fdd-digit-reader]: [16:36:55][INFO] Sending end-of-stream message to channel from_fdd-digit-reader_to_internal-dpl-injected-dummy-sink
[76224:fdd-digit-reader]: [16:36:55][INFO] Correctly handshaken websocket connection.
[76225:fdd-reconstructor]: [16:36:55][INFO] Ignoring MC info
[76226:fdd-recpoint-writer]: [INFO] Currently FDDReconstructor does not consume and provide MC truth
[76226:fdd-recpoint-writer]: [INFO] Instrumenting crash signals
[76226:fdd-recpoint-writer]: [INFO] Spawing new device fdd-recpoint-writer in process with pid 76226
[76226:fdd-recpoint-writer]: [16:36:55][INFO] 
[76226:fdd-recpoint-writer]:       ______      _    _______  _________ 
[76226:fdd-recpoint-writer]:      / ____/___ _(_)_______   |/  /_  __ \    version 1.6.0
[76226:fdd-recpoint-writer]:     / /_  / __ `/ / ___/__  /|_/ /_  / / /    build RELWITHDEBINFO
[76226:fdd-recpoint-writer]:    / __/ / /_/ / / /    _  /  / / / /_/ /     https://github.com/FairRootGroup/FairMQ
[76226:fdd-recpoint-writer]:   /_/    \__,_/_/_/     /_/  /_/  \___\_\     LGPL-3.0  © 2012-2023 GSI
[76226:fdd-recpoint-writer]: 
[76226:fdd-recpoint-writer]: [16:36:55][STATE] Starting FairMQ state machine --> IDLE
[76226:fdd-recpoint-writer]: [16:36:55][STATE] IDLE ---> INITIALIZING DEVICE
[76226:fdd-recpoint-writer]: [16:36:55][INFO] 0: branch  FDDCluster set up
[76226:fdd-recpoint-writer]: [16:36:55][INFO] 1: branch  FDDRecChData set up
[76226:fdd-recpoint-writer]: [16:36:55][STATE] INITIALIZING DEVICE ---> INITIALIZED
[76226:fdd-recpoint-writer]: [16:36:55][STATE] INITIALIZED ---> BINDING
[76226:fdd-recpoint-writer]: [16:36:55][STATE] BINDING ---> BOUND
[76226:fdd-recpoint-writer]: [16:36:55][STATE] BOUND ---> CONNECTING
[76225:fdd-reconstructor]: [16:36:55][INFO] Sending end-of-stream message to channel from_fdd-reconstructor_to_fdd-recpoint-writer
[76226:fdd-recpoint-writer]: [16:36:55][STATE] CONNECTING ---> DEVICE READY
[76226:fdd-recpoint-writer]: [16:36:55][STATE] DEVICE READY ---> INITIALIZING TASK
[76226:fdd-recpoint-writer]: [16:36:55][STATE] INITIALIZING TASK ---> READY
[76226:fdd-recpoint-writer]: [16:36:55][STATE] READY ---> RUNNING
[76226:fdd-recpoint-writer]: [16:36:55][INFO] fair::mq::Device running...
[76226:fdd-recpoint-writer]: [16:36:55][INFO] LHCPeriod is not available, using current month AUG
[76226:fdd-recpoint-writer]: [16:36:55][INFO] Correctly handshaken websocket connection.
[INFO] Quitting
[INFO] QUIT_REQUESTED
[76225:fdd-reconstructor]: [16:36:55][INFO] Received device shutdown request (signal 15).
[76225:fdd-reconstructor]: [16:36:55][INFO] Waiting for graceful device shutdown. Hit Ctrl-C again to abort immediately.
[76223:internal-dpl-clock]: [16:36:55][INFO] Received device shutdown request (signal 15).
[76223:internal-dpl-clock]: [16:36:55][INFO] Waiting for graceful device shutdown. Hit Ctrl-C again to abort immediately.
[76224:fdd-digit-reader]: [16:36:55][INFO] Received device shutdown request (signal 15).
[76224:fdd-digit-reader]: [16:36:55][INFO] Waiting for graceful device shutdown. Hit Ctrl-C again to abort immediately.
[76223:internal-dpl-clock]: [16:36:55][INFO] New state requested. No timeout set, quitting immediately as per --completion-policy
[76223:internal-dpl-clock]: [16:36:55][STATE] RUNNING ---> READY
[76225:fdd-reconstructor]: [16:36:55][INFO] New state requested. No timeout set, quitting immediately as per --completion-policy
[76225:fdd-reconstructor]: [16:36:55][STATE] RUNNING ---> READY
[76224:fdd-digit-reader]: [16:36:55][INFO] New state requested. No timeout set, quitting immediately as per --completion-policy
[76223:internal-dpl-clock]: [16:36:55][STATE] READY ---> RESETTING TASK
[76224:fdd-digit-reader]: [16:36:55][STATE] RUNNING ---> READY
[76225:fdd-reconstructor]: [16:36:55][STATE] READY ---> RESETTING TASK
[76225:fdd-reconstructor]: [16:36:55][STATE] RESETTING TASK ---> DEVICE READY
[76223:internal-dpl-clock]: [16:36:55][STATE] RESETTING TASK ---> DEVICE READY
[76223:internal-dpl-clock]: [16:36:55][STATE] DEVICE READY ---> RESETTING DEVICE
[76224:fdd-digit-reader]: [16:36:55][STATE] READY ---> RESETTING TASK
[76225:fdd-reconstructor]: [16:36:55][STATE] DEVICE READY ---> RESETTING DEVICE
[76224:fdd-digit-reader]: [16:36:55][STATE] RESETTING TASK ---> DEVICE READY
[76224:fdd-digit-reader]: [16:36:55][STATE] DEVICE READY ---> RESETTING DEVICE
[76225:fdd-reconstructor]: [16:36:55][STATE] RESETTING DEVICE ---> IDLE
[76225:fdd-reconstructor]: [16:36:55][STATE] IDLE ---> EXITING
[76223:internal-dpl-clock]: [16:36:55][STATE] RESETTING DEVICE ---> IDLE
[76225:fdd-reconstructor]: [16:36:55][STATE] Exiting FairMQ state machine
[76223:internal-dpl-clock]: [16:36:55][STATE] IDLE ---> EXITING
[76223:internal-dpl-clock]: [16:36:55][STATE] Exiting FairMQ state machine
[76224:fdd-digit-reader]: [16:36:55][STATE] RESETTING DEVICE ---> IDLE
[76226:fdd-recpoint-writer]: [16:36:55][INFO] Received device shutdown request (signal 15).
[76226:fdd-recpoint-writer]: [16:36:55][INFO] Waiting for graceful device shutdown. Hit Ctrl-C again to abort immediately.
[76224:fdd-digit-reader]: [16:36:55][STATE] IDLE ---> EXITING
[76226:fdd-recpoint-writer]: [16:36:55][INFO] New state requested. No timeout set, quitting immediately as per --completion-policy
[76224:fdd-digit-reader]: [16:36:55][STATE] Exiting FairMQ state machine
[76227:internal-dpl-injected-dummy-sink]: [16:36:55][INFO] Received device shutdown request (signal 15).
[76227:internal-dpl-injected-dummy-sink]: [16:36:55][INFO] Waiting for graceful device shutdown. Hit Ctrl-C again to abort immediately.
[76227:internal-dpl-injected-dummy-sink]: [16:36:55][INFO] New state requested. No timeout set, quitting immediately as per --completion-policy
[76227:internal-dpl-injected-dummy-sink]: [16:36:55][STATE] RUNNING ---> READY
[76227:internal-dpl-injected-dummy-sink]: [16:36:55][STATE] READY ---> RESETTING TASK
[76227:internal-dpl-injected-dummy-sink]: [16:36:55][STATE] RESETTING TASK ---> DEVICE READY
[76227:internal-dpl-injected-dummy-sink]: [16:36:55][STATE] DEVICE READY ---> RESETTING DEVICE
[76227:internal-dpl-injected-dummy-sink]: [16:36:55][STATE] RESETTING DEVICE ---> IDLE
[76227:internal-dpl-injected-dummy-sink]: [16:36:55][STATE] IDLE ---> EXITING
[76227:internal-dpl-injected-dummy-sink]: [16:36:55][STATE] Exiting FairMQ state machine
[76226:fdd-recpoint-writer]: [16:36:55][STATE] RUNNING ---> READY
[76226:fdd-recpoint-writer]: [16:36:55][STATE] READY ---> RESETTING TASK
[76226:fdd-recpoint-writer]: [16:36:55][STATE] RESETTING TASK ---> DEVICE READY
[76226:fdd-recpoint-writer]: [16:36:55][STATE] DEVICE READY ---> RESETTING DEVICE
[76226:fdd-recpoint-writer]: [16:36:55][INFO] Cleaning up for shared memory id '1046e24e'...
[76226:fdd-recpoint-writer]: [16:36:55][INFO] Found 0 unmanaged regions...
[76226:fdd-recpoint-writer]: [16:36:55][INFO] Found 1 managed segments...
[76226:fdd-recpoint-writer]: [16:36:55][INFO] Successfully removed 'fmq_1046e24e_m_0'.
[76226:fdd-recpoint-writer]: [16:36:55][INFO] Successfully removed 'fmq_1046e24e_mng'.
[76226:fdd-recpoint-writer]: [16:36:55][STATE] RESETTING DEVICE ---> IDLE
[76226:fdd-recpoint-writer]: [16:36:55][STATE] IDLE ---> EXITING
[76226:fdd-recpoint-writer]: [16:36:55][STATE] Exiting FairMQ state machine
[INFO] ## Processes completed. Run summary:
[INFO] ### Devices started: 5
[INFO]  - Device internal-dpl-clock: pid 76223 (exit 0)
[INFO]  - Device fdd-digit-reader: pid 76224 (exit 0)
[INFO]  - Device fdd-reconstructor: pid 76225 (exit 0)
[INFO]  - Device fdd-recpoint-writer: pid 76226 (exit 0)
[INFO]  - Device internal-dpl-injected-dummy-sink: pid 76227 (exit 0)
[INFO] Dumping used configuration in dpl-config.json
TASK-EXIT-CODE: 0
