Running: TIME="#walltime %e" /usr/bin/time --output=ft0reco.log_time ./ft0reco.log_tmp.sh
[INFO] WorkflowSpec defineDataProcessing
[INFO] WorkflowSpec getRecoWorkflow useMC 1 CCDB  http://alice-ccdb.cern.ch/
[INFO] Currently Reconstruction does not consume and provide MC truth
[INFO] Initialising O2 Data Processing Layer. Driver PID: 75631.
[INFO] Driver listening on port: 23711
[INFO] Rate limiting set up at 500MB distributed over 1 readers
[INFO] O2 Data Processing Layer initialised. We brake for nobody.
[INFO] Optimised build. O2DEBUG / LOG(debug) / LOGF(debug) / assert statement will not be shown.
[INFO] Redeployment of configuration asked.
[INFO] Starting internal-dpl-clock on pid 75671
[INFO] Starting ft0-digit-reader on pid 75672
[INFO] Starting internal-dpl-ccdb-backend on pid 75673
[INFO] Starting ft0-reconstructor on pid 75674
[INFO] Starting ft0-recpoint-writer on pid 75675
[INFO] Starting internal-dpl-injected-dummy-sink on pid 75676
[INFO] Redeployment of configuration done.
[75672:ft0-digit-reader]: [INFO] WorkflowSpec defineDataProcessing
[75674:ft0-reconstructor]: [INFO] WorkflowSpec defineDataProcessing
[75673:internal-dpl-ccdb-backend]: [INFO] WorkflowSpec defineDataProcessing
[75676:internal-dpl-injected-dummy-sink]: [INFO] WorkflowSpec defineDataProcessing
[75671:internal-dpl-clock]: [INFO] WorkflowSpec defineDataProcessing
[75675:ft0-recpoint-writer]: [INFO] WorkflowSpec defineDataProcessing
[75672:ft0-digit-reader]: [INFO] WorkflowSpec getRecoWorkflow useMC 1 CCDB  http://alice-ccdb.cern.ch/
[75672:ft0-digit-reader]: [INFO] Currently Reconstruction does not consume and provide MC truth
[75672:ft0-digit-reader]: [INFO] Instrumenting crash signals
[75672:ft0-digit-reader]: [INFO] Spawing new device ft0-digit-reader in process with pid 75672
[75672:ft0-digit-reader]: [16:36:43][INFO] 
[75672:ft0-digit-reader]:       ______      _    _______  _________ 
[75672:ft0-digit-reader]:      / ____/___ _(_)_______   |/  /_  __ \    version 1.6.0
[75672:ft0-digit-reader]:     / /_  / __ `/ / ___/__  /|_/ /_  / / /    build RELWITHDEBINFO
[75672:ft0-digit-reader]:    / __/ / /_/ / / /    _  /  / / / /_/ /     https://github.com/FairRootGroup/FairMQ
[75672:ft0-digit-reader]:   /_/    \__,_/_/_/     /_/  /_/  \___\_\     LGPL-3.0  © 2012-2023 GSI
[75672:ft0-digit-reader]: 
[75672:ft0-digit-reader]: [16:36:43][STATE] Starting FairMQ state machine --> IDLE
[75674:ft0-reconstructor]: [INFO] WorkflowSpec getRecoWorkflow useMC 1 CCDB  http://alice-ccdb.cern.ch/
[75674:ft0-reconstructor]: [INFO] Currently Reconstruction does not consume and provide MC truth
[75674:ft0-reconstructor]: [INFO] Instrumenting crash signals
[75674:ft0-reconstructor]: [INFO] Spawing new device ft0-reconstructor in process with pid 75674
[75674:ft0-reconstructor]: [16:36:43][INFO] 
[75674:ft0-reconstructor]:       ______      _    _______  _________ 
[75674:ft0-reconstructor]:      / ____/___ _(_)_______   |/  /_  __ \    version 1.6.0
[75674:ft0-reconstructor]:     / /_  / __ `/ / ___/__  /|_/ /_  / / /    build RELWITHDEBINFO
[75674:ft0-reconstructor]:    / __/ / /_/ / / /    _  /  / / / /_/ /     https://github.com/FairRootGroup/FairMQ
[75674:ft0-reconstructor]:   /_/    \__,_/_/_/     /_/  /_/  \___\_\     LGPL-3.0  © 2012-2023 GSI
[75674:ft0-reconstructor]: 
[75674:ft0-reconstructor]: [16:36:43][STATE] Starting FairMQ state machine --> IDLE
[75672:ft0-digit-reader]: [16:36:44][STATE] IDLE ---> INITIALIZING DEVICE
[75674:ft0-reconstructor]: [16:36:44][STATE] IDLE ---> INITIALIZING DEVICE
[75674:ft0-reconstructor]: FT0ChannelFilterParam.mAmpUpper : 4200		[ CODE ]
[75674:ft0-reconstructor]: FT0ChannelFilterParam.mAmpLower : -4200		[ CODE ]
[75674:ft0-reconstructor]: FT0ChannelFilterParam.mTimeUpper : 2050		[ CODE ]
[75674:ft0-reconstructor]: FT0ChannelFilterParam.mTimeLower : -2050		[ CODE ]
[75674:ft0-reconstructor]: FT0ChannelFilterParam.mPMbitsGood : 0		[ CODE ]
[75674:ft0-reconstructor]: FT0ChannelFilterParam.mPMbitsBad : 0		[ CODE ]
[75674:ft0-reconstructor]: FT0ChannelFilterParam.mPMbitsToCheck : 0		[ CODE ]
[75674:ft0-reconstructor]: FT0ChannelFilterParam.mTrgBitsGood : 0		[ CODE ]
[75674:ft0-reconstructor]: FT0ChannelFilterParam.mTrgBitsBad : 0		[ CODE ]
[75674:ft0-reconstructor]: FT0ChannelFilterParam.mTrgBitsToCheck : 0		[ CODE ]
[75674:ft0-reconstructor]: FT0TimeFilterParam.mAmpUpper : 4200		[ CODE ]
[75674:ft0-reconstructor]: FT0TimeFilterParam.mAmpLower : 10		[ CODE ]
[75674:ft0-reconstructor]: FT0TimeFilterParam.mTimeUpper : 153		[ CODE ]
[75674:ft0-reconstructor]: FT0TimeFilterParam.mTimeLower : -153		[ CODE ]
[75674:ft0-reconstructor]: FT0TimeFilterParam.mPMbitsGood : 0		[ CODE ]
[75674:ft0-reconstructor]: FT0TimeFilterParam.mPMbitsBad : 132		[ CODE ]
[75674:ft0-reconstructor]: FT0TimeFilterParam.mPMbitsToCheck : 132		[ CODE ]
[75674:ft0-reconstructor]: [16:36:44][INFO] FT0 param mMinEntriesThreshold: 500
[75674:ft0-reconstructor]: [16:36:44][INFO] FT0 param mMaxEntriesThreshold:1000
[75674:ft0-reconstructor]: [16:36:44][INFO] FT0 param mMinRMS: 3
[75674:ft0-reconstructor]: [16:36:44][INFO] FT0 param mMaxSigma: 32
[75674:ft0-reconstructor]: [16:36:44][INFO] FT0 param mMaxDiffMean: 5
[75674:ft0-reconstructor]: [16:36:44][STATE] INITIALIZING DEVICE ---> INITIALIZED
[75674:ft0-reconstructor]: [16:36:44][STATE] INITIALIZED ---> BINDING
[75674:ft0-reconstructor]: [16:36:44][STATE] BINDING ---> BOUND
[75674:ft0-reconstructor]: [16:36:44][STATE] BOUND ---> CONNECTING
[75674:ft0-reconstructor]: [16:36:44][STATE] CONNECTING ---> DEVICE READY
[75674:ft0-reconstructor]: [16:36:44][STATE] DEVICE READY ---> INITIALIZING TASK
[75674:ft0-reconstructor]: [16:36:44][STATE] INITIALIZING TASK ---> READY
[75674:ft0-reconstructor]: [16:36:44][STATE] READY ---> RUNNING
[75674:ft0-reconstructor]: [16:36:44][INFO] fair::mq::Device running...
[75674:ft0-reconstructor]: [16:36:44][INFO] LHCPeriod is not available, using current month AUG
[75674:ft0-reconstructor]: [16:36:44][INFO] Correctly handshaken websocket connection.
[75673:internal-dpl-ccdb-backend]: [INFO] WorkflowSpec getRecoWorkflow useMC 1 CCDB  http://alice-ccdb.cern.ch/
[75673:internal-dpl-ccdb-backend]: [INFO] Currently Reconstruction does not consume and provide MC truth
[75673:internal-dpl-ccdb-backend]: [INFO] Instrumenting crash signals
[75673:internal-dpl-ccdb-backend]: [INFO] Spawing new device internal-dpl-ccdb-backend in process with pid 75673
[75673:internal-dpl-ccdb-backend]: [16:36:44][INFO] 
[75673:internal-dpl-ccdb-backend]:       ______      _    _______  _________ 
[75673:internal-dpl-ccdb-backend]:      / ____/___ _(_)_______   |/  /_  __ \    version 1.6.0
[75673:internal-dpl-ccdb-backend]:     / /_  / __ `/ / ___/__  /|_/ /_  / / /    build RELWITHDEBINFO
[75673:internal-dpl-ccdb-backend]:    / __/ / /_/ / / /    _  /  / / / /_/ /     https://github.com/FairRootGroup/FairMQ
[75673:internal-dpl-ccdb-backend]:   /_/    \__,_/_/_/     /_/  /_/  \___\_\     LGPL-3.0  © 2012-2023 GSI
[75673:internal-dpl-ccdb-backend]: 
[75673:internal-dpl-ccdb-backend]: [16:36:44][STATE] Starting FairMQ state machine --> IDLE
[75673:internal-dpl-ccdb-backend]: [16:36:44][STATE] IDLE ---> INITIALIZING DEVICE
[75673:internal-dpl-ccdb-backend]: [16:36:44][INFO] CCDB Backend at: http://alice-ccdb.cern.ch, validity check for every 2147483647 TF
[75673:internal-dpl-ccdb-backend]: [16:36:44][INFO] Init CcdApi with UserAgentID: localhost.localdomain-1692715004-jfT5zN, Host: http://alice-ccdb.cern.ch
[75673:internal-dpl-ccdb-backend]: [16:36:44][INFO] Initialised default CCDB host http://alice-ccdb.cern.ch
[75673:internal-dpl-ccdb-backend]: [16:36:44][INFO] The following route is a condition FT0/TimeSpectraInfo/0
[75673:internal-dpl-ccdb-backend]: [16:36:44][INFO] - ccdb-path: FT0/Calib/TimeSpectraInfo
[75673:internal-dpl-ccdb-backend]: [16:36:44][STATE] INITIALIZING DEVICE ---> INITIALIZED
[75673:internal-dpl-ccdb-backend]: [16:36:44][STATE] INITIALIZED ---> BINDING
[75673:internal-dpl-ccdb-backend]: [16:36:44][STATE] BINDING ---> BOUND
[75673:internal-dpl-ccdb-backend]: [16:36:44][STATE] BOUND ---> CONNECTING
[75673:internal-dpl-ccdb-backend]: [16:36:44][STATE] CONNECTING ---> DEVICE READY
[75673:internal-dpl-ccdb-backend]: [16:36:44][STATE] DEVICE READY ---> INITIALIZING TASK
[75673:internal-dpl-ccdb-backend]: [16:36:44][STATE] INITIALIZING TASK ---> READY
[75673:internal-dpl-ccdb-backend]: [16:36:44][STATE] READY ---> RUNNING
[75673:internal-dpl-ccdb-backend]: [16:36:44][INFO] fair::mq::Device running...
[75673:internal-dpl-ccdb-backend]: [16:36:44][INFO] LHCPeriod is not available, using current month AUG
[75673:internal-dpl-ccdb-backend]: [16:36:44][INFO] Correctly handshaken websocket connection.
[75671:internal-dpl-clock]: [INFO] WorkflowSpec getRecoWorkflow useMC 1 CCDB  http://alice-ccdb.cern.ch/
[75671:internal-dpl-clock]: [INFO] Currently Reconstruction does not consume and provide MC truth
[75671:internal-dpl-clock]: [INFO] Instrumenting crash signals
[75671:internal-dpl-clock]: [INFO] Spawing new device internal-dpl-clock in process with pid 75671
[75671:internal-dpl-clock]: [16:36:44][INFO] 
[75671:internal-dpl-clock]:       ______      _    _______  _________ 
[75671:internal-dpl-clock]:      / ____/___ _(_)_______   |/  /_  __ \    version 1.6.0
[75671:internal-dpl-clock]:     / /_  / __ `/ / ___/__  /|_/ /_  / / /    build RELWITHDEBINFO
[75671:internal-dpl-clock]:    / __/ / /_/ / / /    _  /  / / / /_/ /     https://github.com/FairRootGroup/FairMQ
[75671:internal-dpl-clock]:   /_/    \__,_/_/_/     /_/  /_/  \___\_\     LGPL-3.0  © 2012-2023 GSI
[75671:internal-dpl-clock]: 
[75671:internal-dpl-clock]: [16:36:44][STATE] Starting FairMQ state machine --> IDLE
[75671:internal-dpl-clock]: [16:36:44][STATE] IDLE ---> INITIALIZING DEVICE
[75671:internal-dpl-clock]: [16:36:44][STATE] INITIALIZING DEVICE ---> INITIALIZED
[75671:internal-dpl-clock]: [16:36:44][STATE] INITIALIZED ---> BINDING
[75671:internal-dpl-clock]: [16:36:44][STATE] BINDING ---> BOUND
[75671:internal-dpl-clock]: [16:36:44][STATE] BOUND ---> CONNECTING
[75671:internal-dpl-clock]: [16:36:44][STATE] CONNECTING ---> DEVICE READY
[75671:internal-dpl-clock]: [16:36:44][STATE] DEVICE READY ---> INITIALIZING TASK
[75671:internal-dpl-clock]: [16:36:44][STATE] INITIALIZING TASK ---> READY
[75671:internal-dpl-clock]: [16:36:44][STATE] READY ---> RUNNING
[75671:internal-dpl-clock]: [16:36:44][INFO] fair::mq::Device running...
[75671:internal-dpl-clock]: [16:36:44][INFO] LHCPeriod is not available, using current month AUG
[75671:internal-dpl-clock]: [16:36:44][INFO] Correctly handshaken websocket connection.
[75676:internal-dpl-injected-dummy-sink]: [INFO] WorkflowSpec getRecoWorkflow useMC 1 CCDB  http://alice-ccdb.cern.ch/
[75676:internal-dpl-injected-dummy-sink]: [INFO] Currently Reconstruction does not consume and provide MC truth
[75676:internal-dpl-injected-dummy-sink]: [INFO] Instrumenting crash signals
[75676:internal-dpl-injected-dummy-sink]: [INFO] Spawing new device internal-dpl-injected-dummy-sink in process with pid 75676
[75676:internal-dpl-injected-dummy-sink]: [16:36:44][INFO] 
[75676:internal-dpl-injected-dummy-sink]:       ______      _    _______  _________ 
[75676:internal-dpl-injected-dummy-sink]:      / ____/___ _(_)_______   |/  /_  __ \    version 1.6.0
[75676:internal-dpl-injected-dummy-sink]:     / /_  / __ `/ / ___/__  /|_/ /_  / / /    build RELWITHDEBINFO
[75676:internal-dpl-injected-dummy-sink]:    / __/ / /_/ / / /    _  /  / / / /_/ /     https://github.com/FairRootGroup/FairMQ
[75676:internal-dpl-injected-dummy-sink]:   /_/    \__,_/_/_/     /_/  /_/  \___\_\     LGPL-3.0  © 2012-2023 GSI
[75676:internal-dpl-injected-dummy-sink]: 
[75676:internal-dpl-injected-dummy-sink]: [16:36:44][STATE] Starting FairMQ state machine --> IDLE
[75676:internal-dpl-injected-dummy-sink]: [16:36:44][STATE] IDLE ---> INITIALIZING DEVICE
[75676:internal-dpl-injected-dummy-sink]: [16:36:44][STATE] INITIALIZING DEVICE ---> INITIALIZED
[75676:internal-dpl-injected-dummy-sink]: [16:36:44][STATE] INITIALIZED ---> BINDING
[75676:internal-dpl-injected-dummy-sink]: [16:36:44][STATE] BINDING ---> BOUND
[75676:internal-dpl-injected-dummy-sink]: [16:36:44][STATE] BOUND ---> CONNECTING
[75676:internal-dpl-injected-dummy-sink]: [16:36:44][STATE] CONNECTING ---> DEVICE READY
[75676:internal-dpl-injected-dummy-sink]: [16:36:44][STATE] DEVICE READY ---> INITIALIZING TASK
[75672:ft0-digit-reader]: [16:36:44][STATE] INITIALIZING DEVICE ---> INITIALIZED
[75672:ft0-digit-reader]: [16:36:44][STATE] INITIALIZED ---> BINDING
[75672:ft0-digit-reader]: [16:36:44][STATE] BINDING ---> BOUND
[75672:ft0-digit-reader]: [16:36:44][STATE] BOUND ---> CONNECTING
[75672:ft0-digit-reader]: [16:36:44][STATE] CONNECTING ---> DEVICE READY
[75672:ft0-digit-reader]: [16:36:44][STATE] DEVICE READY ---> INITIALIZING TASK
[75672:ft0-digit-reader]: [16:36:44][STATE] INITIALIZING TASK ---> READY
[75672:ft0-digit-reader]: [16:36:44][STATE] READY ---> RUNNING
[75672:ft0-digit-reader]: [16:36:44][INFO] fair::mq::Device running...
[75672:ft0-digit-reader]: [16:36:44][INFO] LHCPeriod is not available, using current month AUG
[75675:ft0-recpoint-writer]: [INFO] WorkflowSpec getRecoWorkflow useMC 1 CCDB  http://alice-ccdb.cern.ch/
[75675:ft0-recpoint-writer]: [INFO] Currently Reconstruction does not consume and provide MC truth
[75676:internal-dpl-injected-dummy-sink]: [16:36:44][STATE] INITIALIZING TASK ---> READY
[75676:internal-dpl-injected-dummy-sink]: [16:36:44][STATE] READY ---> RUNNING
[75676:internal-dpl-injected-dummy-sink]: [16:36:44][INFO] fair::mq::Device running...
[75676:internal-dpl-injected-dummy-sink]: [16:36:44][INFO] LHCPeriod is not available, using current month AUG
[75676:internal-dpl-injected-dummy-sink]: [16:36:44][INFO] Correctly handshaken websocket connection.
[75675:ft0-recpoint-writer]: [INFO] Instrumenting crash signals
[75675:ft0-recpoint-writer]: [INFO] Spawing new device ft0-recpoint-writer in process with pid 75675
[75675:ft0-recpoint-writer]: [16:36:44][INFO] 
[75675:ft0-recpoint-writer]:       ______      _    _______  _________ 
[75675:ft0-recpoint-writer]:      / ____/___ _(_)_______   |/  /_  __ \    version 1.6.0
[75675:ft0-recpoint-writer]:     / /_  / __ `/ / ___/__  /|_/ /_  / / /    build RELWITHDEBINFO
[75675:ft0-recpoint-writer]:    / __/ / /_/ / / /    _  /  / / / /_/ /     https://github.com/FairRootGroup/FairMQ
[75675:ft0-recpoint-writer]:   /_/    \__,_/_/_/     /_/  /_/  \___\_\     LGPL-3.0  © 2012-2023 GSI
[75675:ft0-recpoint-writer]: 
[75675:ft0-recpoint-writer]: [16:36:44][STATE] Starting FairMQ state machine --> IDLE
[75675:ft0-recpoint-writer]: [16:36:44][STATE] IDLE ---> INITIALIZING DEVICE
[75675:ft0-recpoint-writer]: [16:36:44][INFO] 0: branch  FT0Cluster set up
[75675:ft0-recpoint-writer]: [16:36:44][INFO] 1: branch  FT0RecChData set up
[75675:ft0-recpoint-writer]: [16:36:44][STATE] INITIALIZING DEVICE ---> INITIALIZED
[75675:ft0-recpoint-writer]: [16:36:44][STATE] INITIALIZED ---> BINDING
[75675:ft0-recpoint-writer]: [16:36:44][STATE] BINDING ---> BOUND
[75675:ft0-recpoint-writer]: [16:36:44][STATE] BOUND ---> CONNECTING
[75675:ft0-recpoint-writer]: [16:36:44][STATE] CONNECTING ---> DEVICE READY
[75675:ft0-recpoint-writer]: [16:36:44][STATE] DEVICE READY ---> INITIALIZING TASK
[75675:ft0-recpoint-writer]: [16:36:44][STATE] INITIALIZING TASK ---> READY
[75675:ft0-recpoint-writer]: [16:36:44][STATE] READY ---> RUNNING
[75675:ft0-recpoint-writer]: [16:36:44][INFO] fair::mq::Device running...
[75675:ft0-recpoint-writer]: [16:36:44][INFO] LHCPeriod is not available, using current month AUG
[75675:ft0-recpoint-writer]: [16:36:44][INFO] Correctly handshaken websocket connection.
[75672:ft0-digit-reader]: [16:36:44][INFO] Sending end-of-stream message to channel from_ft0-digit-reader_to_internal-dpl-ccdb-backend
[75672:ft0-digit-reader]: [16:36:44][INFO] Sending end-of-stream message to channel from_ft0-digit-reader_to_ft0-reconstructor
[75672:ft0-digit-reader]: [16:36:44][INFO] Sending end-of-stream message to channel from_ft0-digit-reader_to_internal-dpl-injected-dummy-sink
[75672:ft0-digit-reader]: [16:36:44][INFO] Correctly handshaken websocket connection.
[75673:internal-dpl-ccdb-backend]: Info in <TJAlienConnectionManager>: Opening connection to JCentral. Please wait
[75673:internal-dpl-ccdb-backend]: Info in <TJAlienConnectionManager>: Opening connection to 137.138.99.188
[75673:internal-dpl-ccdb-backend]: Info in <TJAlienConnectionManager>: Successfully connected to 137.138.99.188
[75673:internal-dpl-ccdb-backend]: Info in <TJAlienFile::Open>: Accessing file /alice/data/CCDB/CTP/Calib/OrbitReset/06/62200/b9f985c3-b4b0-11ec-8fd3-90ce809b24ee in SE <ALICE::CERN::EOS>
[75673:internal-dpl-ccdb-backend]: [16:36:46][INFO] ccdb reads http://alice-ccdb.cern.ch/CTP/Calib/OrbitReset/1546300800000/b9f985c3-b4b0-11ec-8fd3-90ce809b24ee for 1546300800000 (load to memory, agent_id: localhost.localdomain-1692715004-jfT5zN), 
[75673:internal-dpl-ccdb-backend]: Info in <TJAlienFile::Open>: Accessing file /alice/data/CCDB/FT0/Calib/TimeSpectraInfo/00/03533/0f44968f-7af8-11ed-b86c-200114580202 in SE <ALICE::CERN::OCDB>
[75673:internal-dpl-ccdb-backend]: [16:36:46][INFO] ccdb reads http://alice-ccdb.cern.ch/FT0/Calib/TimeSpectraInfo/1546300800000/0f44968f-7af8-11ed-b86c-200114580202 for 1546300800000 (load to memory, agent_id: localhost.localdomain-1692715004-jfT5zN), 
[75673:internal-dpl-ccdb-backend]: [16:36:46][INFO] Sending end-of-stream message to channel from_internal-dpl-ccdb-backend_to_ft0-reconstructor
[75673:internal-dpl-ccdb-backend]: [16:36:46][INFO] Sending end-of-stream message to channel from_internal-dpl-ccdb-backend_to_internal-dpl-injected-dummy-sink
[75674:ft0-reconstructor]: [16:36:46][INFO] Ignoring MC info
[75674:ft0-reconstructor]: [16:36:52][INFO] Caching in 139625502067456 ptr to FT0/TimeSpectraInfo/0 (0x59fc6e0)
[75674:ft0-reconstructor]: [16:36:52][INFO] FT0 reconstruction total timing: Cpu: 5.090e+00 Real: 5.192e+00 s in 1 slots
[75674:ft0-reconstructor]: [16:36:52][INFO] Sending end-of-stream message to channel from_ft0-reconstructor_to_ft0-recpoint-writer
[INFO] Quitting
[INFO] QUIT_REQUESTED
[75671:internal-dpl-clock]: [16:36:52][INFO] Received device shutdown request (signal 15).
[75671:internal-dpl-clock]: [16:36:52][INFO] Waiting for graceful device shutdown. Hit Ctrl-C again to abort immediately.
[75672:ft0-digit-reader]: [16:36:52][INFO] Received device shutdown request (signal 15).
[75672:ft0-digit-reader]: [16:36:52][INFO] Waiting for graceful device shutdown. Hit Ctrl-C again to abort immediately.
[75673:internal-dpl-ccdb-backend]: [16:36:52][INFO] Received device shutdown request (signal 15).
[75673:internal-dpl-ccdb-backend]: [16:36:52][INFO] Waiting for graceful device shutdown. Hit Ctrl-C again to abort immediately.
[75675:ft0-recpoint-writer]: [16:36:52][INFO] Received device shutdown request (signal 15).
[75675:ft0-recpoint-writer]: [16:36:52][INFO] Waiting for graceful device shutdown. Hit Ctrl-C again to abort immediately.
[75676:internal-dpl-injected-dummy-sink]: [16:36:52][INFO] Received device shutdown request (signal 15).
[75676:internal-dpl-injected-dummy-sink]: [16:36:52][INFO] Waiting for graceful device shutdown. Hit Ctrl-C again to abort immediately.
[75674:ft0-reconstructor]: [16:36:52][INFO] Received device shutdown request (signal 15).
[75674:ft0-reconstructor]: [16:36:52][INFO] Waiting for graceful device shutdown. Hit Ctrl-C again to abort immediately.
[75671:internal-dpl-clock]: [16:36:52][INFO] New state requested. No timeout set, quitting immediately as per --completion-policy
[75671:internal-dpl-clock]: [16:36:52][STATE] RUNNING ---> READY
[75673:internal-dpl-ccdb-backend]: [16:36:52][INFO] New state requested. No timeout set, quitting immediately as per --completion-policy
[75673:internal-dpl-ccdb-backend]: [16:36:52][INFO] CCDB cache miss/hit ratio:
[75673:internal-dpl-ccdb-backend]: [16:36:52][INFO]   FT0/Calib/TimeSpectraInfo: 1/0 (2048-2048 bytes)
[75673:internal-dpl-ccdb-backend]: [16:36:52][INFO]   CTP/Calib/OrbitReset: 1/1 (1024-1024 bytes)
[75673:internal-dpl-ccdb-backend]: [16:36:52][STATE] RUNNING ---> READY
[75674:ft0-reconstructor]: [16:36:52][INFO] New state requested. No timeout set, quitting immediately as per --completion-policy
[75674:ft0-reconstructor]: [16:36:52][STATE] RUNNING ---> READY
[75676:internal-dpl-injected-dummy-sink]: [16:36:52][INFO] New state requested. No timeout set, quitting immediately as per --completion-policy
[75676:internal-dpl-injected-dummy-sink]: [16:36:52][STATE] RUNNING ---> READY
[75672:ft0-digit-reader]: [16:36:52][INFO] New state requested. No timeout set, quitting immediately as per --completion-policy
[75672:ft0-digit-reader]: [16:36:52][STATE] RUNNING ---> READY
[75673:internal-dpl-ccdb-backend]: [16:36:52][STATE] READY ---> RESETTING TASK
[75673:internal-dpl-ccdb-backend]: [16:36:52][STATE] RESETTING TASK ---> DEVICE READY
[75674:ft0-reconstructor]: [16:36:52][STATE] READY ---> RESETTING TASK
[75674:ft0-reconstructor]: [16:36:52][STATE] RESETTING TASK ---> DEVICE READY
[75675:ft0-recpoint-writer]: [16:36:52][INFO] New state requested. No timeout set, quitting immediately as per --completion-policy
[75676:internal-dpl-injected-dummy-sink]: [16:36:52][STATE] READY ---> RESETTING TASK
[75676:internal-dpl-injected-dummy-sink]: [16:36:52][STATE] RESETTING TASK ---> DEVICE READY
[75671:internal-dpl-clock]: [16:36:52][STATE] READY ---> RESETTING TASK
[75673:internal-dpl-ccdb-backend]: [16:36:52][STATE] DEVICE READY ---> RESETTING DEVICE
[75672:ft0-digit-reader]: [16:36:52][STATE] READY ---> RESETTING TASK
[75672:ft0-digit-reader]: [16:36:52][STATE] RESETTING TASK ---> DEVICE READY
[75671:internal-dpl-clock]: [16:36:52][STATE] RESETTING TASK ---> DEVICE READY
[75672:ft0-digit-reader]: [16:36:52][STATE] DEVICE READY ---> RESETTING DEVICE
[75674:ft0-reconstructor]: [16:36:52][STATE] DEVICE READY ---> RESETTING DEVICE
[75671:internal-dpl-clock]: [16:36:52][STATE] DEVICE READY ---> RESETTING DEVICE
[75676:internal-dpl-injected-dummy-sink]: [16:36:52][STATE] DEVICE READY ---> RESETTING DEVICE
[75672:ft0-digit-reader]: [16:36:52][STATE] RESETTING DEVICE ---> IDLE
[75672:ft0-digit-reader]: [16:36:52][STATE] IDLE ---> EXITING
[75672:ft0-digit-reader]: [16:36:52][STATE] Exiting FairMQ state machine
[75673:internal-dpl-ccdb-backend]: [16:36:52][STATE] RESETTING DEVICE ---> IDLE
[75673:internal-dpl-ccdb-backend]: [16:36:52][STATE] IDLE ---> EXITING
[75673:internal-dpl-ccdb-backend]: [16:36:52][STATE] Exiting FairMQ state machine
[75674:ft0-reconstructor]: [16:36:52][STATE] RESETTING DEVICE ---> IDLE
[75674:ft0-reconstructor]: [16:36:52][STATE] IDLE ---> EXITING
[75674:ft0-reconstructor]: [16:36:52][STATE] Exiting FairMQ state machine
[75676:internal-dpl-injected-dummy-sink]: [16:36:52][STATE] RESETTING DEVICE ---> IDLE
[75676:internal-dpl-injected-dummy-sink]: [16:36:52][STATE] IDLE ---> EXITING
[75676:internal-dpl-injected-dummy-sink]: [16:36:52][STATE] Exiting FairMQ state machine
[75671:internal-dpl-clock]: [16:36:52][STATE] RESETTING DEVICE ---> IDLE
[75671:internal-dpl-clock]: [16:36:52][STATE] IDLE ---> EXITING
[75671:internal-dpl-clock]: [16:36:52][STATE] Exiting FairMQ state machine
[75675:ft0-recpoint-writer]: [16:36:52][STATE] RUNNING ---> READY
[75675:ft0-recpoint-writer]: [16:36:52][STATE] READY ---> RESETTING TASK
[75675:ft0-recpoint-writer]: [16:36:52][STATE] RESETTING TASK ---> DEVICE READY
[75675:ft0-recpoint-writer]: [16:36:52][STATE] DEVICE READY ---> RESETTING DEVICE
[75675:ft0-recpoint-writer]: [16:36:52][INFO] Cleaning up for shared memory id 'e8ea3b7a'...
[75675:ft0-recpoint-writer]: [16:36:52][INFO] Found 0 unmanaged regions...
[75675:ft0-recpoint-writer]: [16:36:52][INFO] Found 1 managed segments...
[75675:ft0-recpoint-writer]: [16:36:52][INFO] Successfully removed 'fmq_e8ea3b7a_m_0'.
[75675:ft0-recpoint-writer]: [16:36:52][INFO] Successfully removed 'fmq_e8ea3b7a_mng'.
[75675:ft0-recpoint-writer]: [16:36:52][STATE] RESETTING DEVICE ---> IDLE
[75675:ft0-recpoint-writer]: [16:36:52][STATE] IDLE ---> EXITING
[75675:ft0-recpoint-writer]: [16:36:52][STATE] Exiting FairMQ state machine
[INFO] ## Processes completed. Run summary:
[INFO] ### Devices started: 6
[INFO]  - Device internal-dpl-clock: pid 75671 (exit 0)
[INFO]  - Device ft0-digit-reader: pid 75672 (exit 0)
[INFO]  - Device internal-dpl-ccdb-backend: pid 75673 (exit 0)
[INFO]  - Device ft0-reconstructor: pid 75674 (exit 0)
[INFO]  - Device ft0-recpoint-writer: pid 75675 (exit 0)
[INFO]  - Device internal-dpl-injected-dummy-sink: pid 75676 (exit 0)
[INFO] Dumping used configuration in dpl-config.json
TASK-EXIT-CODE: 0
