Running: TIME="#walltime %e" /usr/bin/time --output=itstpcMatch.log_time ./itstpcMatch.log_tmp.sh
[WARN] MC-truth is not supported for FT0 recpoints currently
[INFO] Initialising O2 Data Processing Layer. Driver PID: 78995.
[INFO] Driver listening on port: 27075
[INFO] Rate limiting set up at 500MB distributed over 1 readers
[INFO] O2 Data Processing Layer initialised. We brake for nobody.
[INFO] Optimised build. O2DEBUG / LOG(debug) / LOGF(debug) / assert statement will not be shown.
[INFO] Redeployment of configuration asked.
[INFO] Starting internal-dpl-clock on pid 79035
[INFO] Starting tpc-native-cluster-reader on pid 79036
[INFO] Starting its-track-reader on pid 79037
[INFO] Starting its-cluster-reader on pid 79038
[INFO] Starting ft0-recpoints-reader on pid 79039
[INFO] Starting tpc-track-reader on pid 79040
[INFO] Starting internal-dpl-ccdb-backend on pid 79041
[INFO] Starting tpc-clusters-sharing-map-producer on pid 79042
[INFO] Starting itstpc-track-matcher on pid 79043
[INFO] Starting itstpc-track-writer on pid 79044
[INFO] Starting internal-dpl-injected-dummy-sink on pid 79045
[INFO] Redeployment of configuration done.
[79041:internal-dpl-ccdb-backend]: [WARN] MC-truth is not supported for FT0 recpoints currently
[79042:tpc-clusters-sharing-map-producer]: [WARN] MC-truth is not supported for FT0 recpoints currently
[79043:itstpc-track-matcher]: [WARN] MC-truth is not supported for FT0 recpoints currently
[79038:its-cluster-reader]: [WARN] MC-truth is not supported for FT0 recpoints currently
[79045:internal-dpl-injected-dummy-sink]: [WARN] MC-truth is not supported for FT0 recpoints currently
[79039:ft0-recpoints-reader]: [WARN] MC-truth is not supported for FT0 recpoints currently
[79039:ft0-recpoints-reader]: [INFO] Instrumenting crash signals
[79039:ft0-recpoints-reader]: [INFO] Spawing new device ft0-recpoints-reader in process with pid 79039
[79039:ft0-recpoints-reader]: [16:37:39][INFO] 
[79039:ft0-recpoints-reader]:       ______      _    _______  _________ 
[79039:ft0-recpoints-reader]:      / ____/___ _(_)_______   |/  /_  __ \    version 1.6.0
[79039:ft0-recpoints-reader]:     / /_  / __ `/ / ___/__  /|_/ /_  / / /    build RELWITHDEBINFO
[79039:ft0-recpoints-reader]:    / __/ / /_/ / / /    _  /  / / / /_/ /     https://github.com/FairRootGroup/FairMQ
[79039:ft0-recpoints-reader]:   /_/    \__,_/_/_/     /_/  /_/  \___\_\     LGPL-3.0  © 2012-2023 GSI
[79039:ft0-recpoints-reader]: 
[79039:ft0-recpoints-reader]: [16:37:39][STATE] Starting FairMQ state machine --> IDLE
[79038:its-cluster-reader]: [INFO] Instrumenting crash signals
[79035:internal-dpl-clock]: [WARN] MC-truth is not supported for FT0 recpoints currently
[79040:tpc-track-reader]: [WARN] MC-truth is not supported for FT0 recpoints currently
[79038:its-cluster-reader]: [INFO] Spawing new device its-cluster-reader in process with pid 79038
[79038:its-cluster-reader]: [16:37:39][INFO] 
[79038:its-cluster-reader]:       ______      _    _______  _________ 
[79038:its-cluster-reader]:      / ____/___ _(_)_______   |/  /_  __ \    version 1.6.0
[79038:its-cluster-reader]:     / /_  / __ `/ / ___/__  /|_/ /_  / / /    build RELWITHDEBINFO
[79038:its-cluster-reader]:    / __/ / /_/ / / /    _  /  / / / /_/ /     https://github.com/FairRootGroup/FairMQ
[79038:its-cluster-reader]:   /_/    \__,_/_/_/     /_/  /_/  \___\_\     LGPL-3.0  © 2012-2023 GSI
[79038:its-cluster-reader]: 
[79038:its-cluster-reader]: [16:37:39][STATE] Starting FairMQ state machine --> IDLE
[79036:tpc-native-cluster-reader]: [WARN] MC-truth is not supported for FT0 recpoints currently
[79038:its-cluster-reader]: [16:37:39][STATE] IDLE ---> INITIALIZING DEVICE
[79039:ft0-recpoints-reader]: [16:37:39][STATE] IDLE ---> INITIALIZING DEVICE
[79042:tpc-clusters-sharing-map-producer]: [INFO] Instrumenting crash signals
[79035:internal-dpl-clock]: [INFO] Instrumenting crash signals
[79035:internal-dpl-clock]: [INFO] Spawing new device internal-dpl-clock in process with pid 79035
[79035:internal-dpl-clock]: [16:37:39][INFO] 
[79035:internal-dpl-clock]:       ______      _    _______  _________ 
[79035:internal-dpl-clock]:      / ____/___ _(_)_______   |/  /_  __ \    version 1.6.0
[79035:internal-dpl-clock]:     / /_  / __ `/ / ___/__  /|_/ /_  / / /    build RELWITHDEBINFO
[79035:internal-dpl-clock]:    / __/ / /_/ / / /    _  /  / / / /_/ /     https://github.com/FairRootGroup/FairMQ
[79035:internal-dpl-clock]:   /_/    \__,_/_/_/     /_/  /_/  \___\_\     LGPL-3.0  © 2012-2023 GSI
[79035:internal-dpl-clock]: 
[79035:internal-dpl-clock]: [16:37:39][STATE] Starting FairMQ state machine --> IDLE
[79045:internal-dpl-injected-dummy-sink]: [INFO] Instrumenting crash signals
[79045:internal-dpl-injected-dummy-sink]: [INFO] Spawing new device internal-dpl-injected-dummy-sink in process with pid 79045
[79045:internal-dpl-injected-dummy-sink]: [16:37:39][INFO] 
[79045:internal-dpl-injected-dummy-sink]:       ______      _    _______  _________ 
[79045:internal-dpl-injected-dummy-sink]:      / ____/___ _(_)_______   |/  /_  __ \    version 1.6.0
[79045:internal-dpl-injected-dummy-sink]:     / /_  / __ `/ / ___/__  /|_/ /_  / / /    build RELWITHDEBINFO
[79045:internal-dpl-injected-dummy-sink]:    / __/ / /_/ / / /    _  /  / / / /_/ /     https://github.com/FairRootGroup/FairMQ
[79045:internal-dpl-injected-dummy-sink]:   /_/    \__,_/_/_/     /_/  /_/  \___\_\     LGPL-3.0  © 2012-2023 GSI
[79045:internal-dpl-injected-dummy-sink]: 
[79045:internal-dpl-injected-dummy-sink]: [16:37:39][STATE] Starting FairMQ state machine --> IDLE
[79036:tpc-native-cluster-reader]: [INFO] Instrumenting crash signals
[79043:itstpc-track-matcher]: [INFO] Instrumenting crash signals
[79043:itstpc-track-matcher]: [INFO] Spawing new device itstpc-track-matcher in process with pid 79043
[79043:itstpc-track-matcher]: [16:37:39][INFO] 
[79043:itstpc-track-matcher]:       ______      _    _______  _________ 
[79043:itstpc-track-matcher]:      / ____/___ _(_)_______   |/  /_  __ \    version 1.6.0
[79043:itstpc-track-matcher]:     / /_  / __ `/ / ___/__  /|_/ /_  / / /    build RELWITHDEBINFO
[79043:itstpc-track-matcher]:    / __/ / /_/ / / /    _  /  / / / /_/ /     https://github.com/FairRootGroup/FairMQ
[79043:itstpc-track-matcher]:   /_/    \__,_/_/_/     /_/  /_/  \___\_\     LGPL-3.0  © 2012-2023 GSI
[79043:itstpc-track-matcher]: 
[79043:itstpc-track-matcher]: [16:37:39][STATE] Starting FairMQ state machine --> IDLE
[79040:tpc-track-reader]: [INFO] Instrumenting crash signals
[79036:tpc-native-cluster-reader]: [INFO] Spawing new device tpc-native-cluster-reader in process with pid 79036
[79044:itstpc-track-writer]: [WARN] MC-truth is not supported for FT0 recpoints currently
[79036:tpc-native-cluster-reader]: [16:37:39][INFO] 
[79036:tpc-native-cluster-reader]:       ______      _    _______  _________ 
[79036:tpc-native-cluster-reader]:      / ____/___ _(_)_______   |/  /_  __ \    version 1.6.0
[79036:tpc-native-cluster-reader]:     / /_  / __ `/ / ___/__  /|_/ /_  / / /    build RELWITHDEBINFO
[79036:tpc-native-cluster-reader]:    / __/ / /_/ / / /    _  /  / / / /_/ /     https://github.com/FairRootGroup/FairMQ
[79036:tpc-native-cluster-reader]:   /_/    \__,_/_/_/     /_/  /_/  \___\_\     LGPL-3.0  © 2012-2023 GSI
[79036:tpc-native-cluster-reader]: 
[79036:tpc-native-cluster-reader]: [16:37:39][STATE] Starting FairMQ state machine --> IDLE
[79041:internal-dpl-ccdb-backend]: [INFO] Instrumenting crash signals
[79041:internal-dpl-ccdb-backend]: [INFO] Spawing new device internal-dpl-ccdb-backend in process with pid 79041
[79042:tpc-clusters-sharing-map-producer]: [INFO] Spawing new device tpc-clusters-sharing-map-producer in process with pid 79042
[79042:tpc-clusters-sharing-map-producer]: [16:37:39][INFO] 
[79042:tpc-clusters-sharing-map-producer]:       ______      _    _______  _________ 
[79042:tpc-clusters-sharing-map-producer]:      / ____/___ _(_)_______   |/  /_  __ \    version 1.6.0
[79042:tpc-clusters-sharing-map-producer]:     / /_  / __ `/ / ___/__  /|_/ /_  / / /    build RELWITHDEBINFO
[79042:tpc-clusters-sharing-map-producer]:    / __/ / /_/ / / /    _  /  / / / /_/ /     https://github.com/FairRootGroup/FairMQ
[79042:tpc-clusters-sharing-map-producer]:   /_/    \__,_/_/_/     /_/  /_/  \___\_\     LGPL-3.0  © 2012-2023 GSI
[79042:tpc-clusters-sharing-map-producer]: 
[79042:tpc-clusters-sharing-map-producer]: [16:37:39][STATE] Starting FairMQ state machine --> IDLE
[79041:internal-dpl-ccdb-backend]: [16:37:39][INFO] 
[79041:internal-dpl-ccdb-backend]:       ______      _    _______  _________ 
[79041:internal-dpl-ccdb-backend]:      / ____/___ _(_)_______   |/  /_  __ \    version 1.6.0
[79041:internal-dpl-ccdb-backend]:     / /_  / __ `/ / ___/__  /|_/ /_  / / /    build RELWITHDEBINFO
[79041:internal-dpl-ccdb-backend]:    / __/ / /_/ / / /    _  /  / / / /_/ /     https://github.com/FairRootGroup/FairMQ
[79041:internal-dpl-ccdb-backend]:   /_/    \__,_/_/_/     /_/  /_/  \___\_\     LGPL-3.0  © 2012-2023 GSI
[79041:internal-dpl-ccdb-backend]: 
[79045:internal-dpl-injected-dummy-sink]: [16:37:39][STATE] IDLE ---> INITIALIZING DEVICE
[79035:internal-dpl-clock]: [16:37:39][STATE] IDLE ---> INITIALIZING DEVICE
[79040:tpc-track-reader]: [INFO] Spawing new device tpc-track-reader in process with pid 79040
[79040:tpc-track-reader]: [16:37:39][INFO] 
[79040:tpc-track-reader]:       ______      _    _______  _________ 
[79040:tpc-track-reader]:      / ____/___ _(_)_______   |/  /_  __ \    version 1.6.0
[79040:tpc-track-reader]:     / /_  / __ `/ / ___/__  /|_/ /_  / / /    build RELWITHDEBINFO
[79040:tpc-track-reader]:    / __/ / /_/ / / /    _  /  / / / /_/ /     https://github.com/FairRootGroup/FairMQ
[79040:tpc-track-reader]:   /_/    \__,_/_/_/     /_/  /_/  \___\_\     LGPL-3.0  © 2012-2023 GSI
[79040:tpc-track-reader]: 
[79035:internal-dpl-clock]: [16:37:39][STATE] INITIALIZING DEVICE ---> INITIALIZED
[79040:tpc-track-reader]: [16:37:39][STATE] Starting FairMQ state machine --> IDLE
[79045:internal-dpl-injected-dummy-sink]: [16:37:39][STATE] INITIALIZING DEVICE ---> INITIALIZED
[79042:tpc-clusters-sharing-map-producer]: [16:37:39][STATE] IDLE ---> INITIALIZING DEVICE
[79041:internal-dpl-ccdb-backend]: [16:37:39][STATE] Starting FairMQ state machine --> IDLE
[79042:tpc-clusters-sharing-map-producer]: [16:37:39][STATE] INITIALIZING DEVICE ---> INITIALIZED
[79045:internal-dpl-injected-dummy-sink]: [16:37:39][STATE] INITIALIZED ---> BINDING
[79045:internal-dpl-injected-dummy-sink]: [16:37:39][STATE] BINDING ---> BOUND
[79035:internal-dpl-clock]: [16:37:39][STATE] INITIALIZED ---> BINDING
[79035:internal-dpl-clock]: [16:37:39][STATE] BINDING ---> BOUND
[79040:tpc-track-reader]: [16:37:39][STATE] IDLE ---> INITIALIZING DEVICE
[79042:tpc-clusters-sharing-map-producer]: [16:37:39][STATE] INITIALIZED ---> BINDING
[79042:tpc-clusters-sharing-map-producer]: [16:37:39][STATE] BINDING ---> BOUND
[79045:internal-dpl-injected-dummy-sink]: [16:37:39][STATE] BOUND ---> CONNECTING
[79045:internal-dpl-injected-dummy-sink]: [16:37:39][STATE] CONNECTING ---> DEVICE READY
[79045:internal-dpl-injected-dummy-sink]: [16:37:39][STATE] DEVICE READY ---> INITIALIZING TASK
[79035:internal-dpl-clock]: [16:37:39][STATE] BOUND ---> CONNECTING
[79035:internal-dpl-clock]: [16:37:39][STATE] CONNECTING ---> DEVICE READY
[79042:tpc-clusters-sharing-map-producer]: [16:37:39][STATE] BOUND ---> CONNECTING
[79042:tpc-clusters-sharing-map-producer]: [16:37:39][STATE] CONNECTING ---> DEVICE READY
[79042:tpc-clusters-sharing-map-producer]: [16:37:39][STATE] DEVICE READY ---> INITIALIZING TASK
[79043:itstpc-track-matcher]: [16:37:39][STATE] IDLE ---> INITIALIZING DEVICE
[79043:itstpc-track-matcher]: [16:37:39][INFO] CTP Lumi request for TPC corr.map scaling=OFF, override values: lumiMean=0 lumiInst=0 lumiScaleMode=0
[79043:itstpc-track-matcher]: [16:37:39][STATE] INITIALIZING DEVICE ---> INITIALIZED
[79043:itstpc-track-matcher]: [16:37:39][STATE] INITIALIZED ---> BINDING
[79043:itstpc-track-matcher]: [16:37:39][STATE] BINDING ---> BOUND
[79043:itstpc-track-matcher]: [16:37:39][STATE] BOUND ---> CONNECTING
[79043:itstpc-track-matcher]: [16:37:39][STATE] CONNECTING ---> DEVICE READY
[79043:itstpc-track-matcher]: [16:37:39][STATE] DEVICE READY ---> INITIALIZING TASK
[79035:internal-dpl-clock]: [16:37:39][STATE] DEVICE READY ---> INITIALIZING TASK
[79041:internal-dpl-ccdb-backend]: [16:37:39][STATE] IDLE ---> INITIALIZING DEVICE
[79036:tpc-native-cluster-reader]: [16:37:39][STATE] IDLE ---> INITIALIZING DEVICE
[79041:internal-dpl-ccdb-backend]: [16:37:39][INFO] CCDB Backend at: http://alice-ccdb.cern.ch, validity check for every 2147483647 TF
[79042:tpc-clusters-sharing-map-producer]: [16:37:39][STATE] INITIALIZING TASK ---> READY
[79041:internal-dpl-ccdb-backend]: [16:37:39][INFO] Init CcdApi with UserAgentID: localhost.localdomain-1692715059-f3h7rB, Host: http://alice-ccdb.cern.ch
[79041:internal-dpl-ccdb-backend]: [16:37:39][INFO] Initialised default CCDB host http://alice-ccdb.cern.ch
[79041:internal-dpl-ccdb-backend]: [16:37:39][INFO] The following route is a condition GLO/MATLUT/0
[79041:internal-dpl-ccdb-backend]: [16:37:39][INFO] - ccdb-path: GLO/Param/MatLUT
[79041:internal-dpl-ccdb-backend]: [16:37:39][INFO] The following route is a condition CTP/ORBITRESET/0
[79041:internal-dpl-ccdb-backend]: [16:37:39][INFO] - ccdb-path: CTP/Calib/OrbitReset
[79041:internal-dpl-ccdb-backend]: [16:37:39][INFO] The following route is a condition ITS/CLUSDICT/0
[79041:internal-dpl-ccdb-backend]: [16:37:39][INFO] - ccdb-path: ITS/Calib/ClusterDictionary
[79041:internal-dpl-ccdb-backend]: [16:37:39][INFO] The following route is a condition ITS/ALPIDEPARAM/0
[79041:internal-dpl-ccdb-backend]: [16:37:39][INFO] - ccdb-path: ITS/Config/AlpideParam
[79041:internal-dpl-ccdb-backend]: [16:37:39][INFO] The following route is a condition GLO/GEOMALIGN/0
[79041:internal-dpl-ccdb-backend]: [16:37:39][INFO] - ccdb-path: GLO/Config/GeometryAligned
[79041:internal-dpl-ccdb-backend]: [16:37:39][INFO] The following route is a condition TPC/CalibLaserTracks/0
[79041:internal-dpl-ccdb-backend]: [16:37:39][INFO] - ccdb-path: TPC/Calib/LaserTracks
[79041:internal-dpl-ccdb-backend]: [16:37:39][INFO] The following route is a condition TPC/CorrMap/0
[79041:internal-dpl-ccdb-backend]: [16:37:39][INFO] - ccdb-path: TPC/Calib/CorrectionMapV2
[79041:internal-dpl-ccdb-backend]: [16:37:39][INFO] The following route is a condition TPC/CorrMapRef/0
[79041:internal-dpl-ccdb-backend]: [16:37:39][INFO] - ccdb-path: TPC/Calib/CorrectionMapRefV2
[79041:internal-dpl-ccdb-backend]: [16:37:39][INFO] The following route is a condition GLO/GRPECS/0
[79041:internal-dpl-ccdb-backend]: [16:37:39][INFO] - ccdb-path: GLO/Config/GRPECS
[79041:internal-dpl-ccdb-backend]: [16:37:39][INFO] The following route is a condition TPC/VDriftTgl/0
[79041:internal-dpl-ccdb-backend]: [16:37:39][INFO] - ccdb-path: TPC/Calib/VDriftTgl
[79041:internal-dpl-ccdb-backend]: [16:37:39][INFO] The following route is a condition GLO/GRPLHCIF/0
[79041:internal-dpl-ccdb-backend]: [16:37:39][INFO] - ccdb-path: GLO/Config/GRPLHCIF
[79041:internal-dpl-ccdb-backend]: [16:37:39][INFO] The following route is a condition GLO/GRPMAGFIELD/0
[79041:internal-dpl-ccdb-backend]: [16:37:39][INFO] - ccdb-path: GLO/Config/GRPMagField
[79042:tpc-clusters-sharing-map-producer]: [16:37:39][STATE] READY ---> RUNNING
[79042:tpc-clusters-sharing-map-producer]: [16:37:39][INFO] fair::mq::Device running...
[79042:tpc-clusters-sharing-map-producer]: [16:37:39][INFO] LHCPeriod is not available, using current month AUG
[79042:tpc-clusters-sharing-map-producer]: [16:37:39][INFO] Correctly handshaken websocket connection.
[79041:internal-dpl-ccdb-backend]: [16:37:39][STATE] INITIALIZING DEVICE ---> INITIALIZED
[79035:internal-dpl-clock]: [16:37:39][STATE] INITIALIZING TASK ---> READY
[79035:internal-dpl-clock]: [16:37:39][STATE] READY ---> RUNNING
[79035:internal-dpl-clock]: [16:37:39][INFO] fair::mq::Device running...
[79035:internal-dpl-clock]: [16:37:39][INFO] LHCPeriod is not available, using current month AUG
[79045:internal-dpl-injected-dummy-sink]: [16:37:39][STATE] INITIALIZING TASK ---> READY
[79035:internal-dpl-clock]: [16:37:39][INFO] Correctly handshaken websocket connection.
[79044:itstpc-track-writer]: [INFO] Instrumenting crash signals
[79045:internal-dpl-injected-dummy-sink]: [16:37:39][STATE] READY ---> RUNNING
[79045:internal-dpl-injected-dummy-sink]: [16:37:39][INFO] fair::mq::Device running...
[79045:internal-dpl-injected-dummy-sink]: [16:37:39][INFO] LHCPeriod is not available, using current month AUG
[79045:internal-dpl-injected-dummy-sink]: [16:37:39][INFO] Correctly handshaken websocket connection.
[79044:itstpc-track-writer]: [INFO] Spawing new device itstpc-track-writer in process with pid 79044
[79041:internal-dpl-ccdb-backend]: [16:37:39][STATE] INITIALIZED ---> BINDING
[79041:internal-dpl-ccdb-backend]: [16:37:39][STATE] BINDING ---> BOUND
[79041:internal-dpl-ccdb-backend]: [16:37:39][STATE] BOUND ---> CONNECTING
[79041:internal-dpl-ccdb-backend]: [16:37:39][STATE] CONNECTING ---> DEVICE READY
[79044:itstpc-track-writer]: [16:37:39][INFO] 
[79044:itstpc-track-writer]:       ______      _    _______  _________ 
[79044:itstpc-track-writer]:      / ____/___ _(_)_______   |/  /_  __ \    version 1.6.0
[79044:itstpc-track-writer]:     / /_  / __ `/ / ___/__  /|_/ /_  / / /    build RELWITHDEBINFO
[79044:itstpc-track-writer]:    / __/ / /_/ / / /    _  /  / / / /_/ /     https://github.com/FairRootGroup/FairMQ
[79044:itstpc-track-writer]:   /_/    \__,_/_/_/     /_/  /_/  \___\_\     LGPL-3.0  © 2012-2023 GSI
[79044:itstpc-track-writer]: 
[79044:itstpc-track-writer]: [16:37:39][STATE] Starting FairMQ state machine --> IDLE
[79041:internal-dpl-ccdb-backend]: [16:37:39][STATE] DEVICE READY ---> INITIALIZING TASK
[79044:itstpc-track-writer]: [16:37:39][STATE] IDLE ---> INITIALIZING DEVICE
[79043:itstpc-track-matcher]: [16:37:39][STATE] INITIALIZING TASK ---> READY
[79043:itstpc-track-matcher]: [16:37:39][STATE] READY ---> RUNNING
[79043:itstpc-track-matcher]: [16:37:39][INFO] fair::mq::Device running...
[79043:itstpc-track-matcher]: [16:37:39][INFO] LHCPeriod is not available, using current month AUG
[79043:itstpc-track-matcher]: [16:37:39][INFO] Correctly handshaken websocket connection.
[79041:internal-dpl-ccdb-backend]: [16:37:39][STATE] INITIALIZING TASK ---> READY
[79041:internal-dpl-ccdb-backend]: [16:37:39][STATE] READY ---> RUNNING
[79041:internal-dpl-ccdb-backend]: [16:37:39][INFO] fair::mq::Device running...
[79041:internal-dpl-ccdb-backend]: [16:37:39][INFO] LHCPeriod is not available, using current month AUG
[79044:itstpc-track-writer]: [16:37:39][INFO] 0: branch  TPCITS set up
[79044:itstpc-track-writer]: [16:37:39][INFO] 1: branch  TPCITSABRefs set up
[79041:internal-dpl-ccdb-backend]: [16:37:39][INFO] Correctly handshaken websocket connection.
[79044:itstpc-track-writer]: [16:37:39][INFO] 2: branch  TPCITSABCLID set up
[79044:itstpc-track-writer]: [16:37:39][INFO] 3: branch  MatchMCTruth set up
[79044:itstpc-track-writer]: [16:37:39][INFO] 4: branch  MatchABMCTruth set up
[79044:itstpc-track-writer]: [16:37:39][STATE] INITIALIZING DEVICE ---> INITIALIZED
[79044:itstpc-track-writer]: [16:37:39][STATE] INITIALIZED ---> BINDING
[79044:itstpc-track-writer]: [16:37:39][STATE] BINDING ---> BOUND
[79044:itstpc-track-writer]: [16:37:39][STATE] BOUND ---> CONNECTING
[79044:itstpc-track-writer]: [16:37:39][STATE] CONNECTING ---> DEVICE READY
[79044:itstpc-track-writer]: [16:37:39][STATE] DEVICE READY ---> INITIALIZING TASK
[79044:itstpc-track-writer]: [16:37:39][STATE] INITIALIZING TASK ---> READY
[79044:itstpc-track-writer]: [16:37:39][STATE] READY ---> RUNNING
[79044:itstpc-track-writer]: [16:37:39][INFO] fair::mq::Device running...
[79044:itstpc-track-writer]: [16:37:39][INFO] LHCPeriod is not available, using current month AUG
[79044:itstpc-track-writer]: [16:37:39][INFO] Correctly handshaken websocket connection.
[79037:its-track-reader]: [WARN] MC-truth is not supported for FT0 recpoints currently
[79037:its-track-reader]: [INFO] Instrumenting crash signals
[79037:its-track-reader]: [INFO] Spawing new device its-track-reader in process with pid 79037
[79037:its-track-reader]: [16:37:41][INFO] 
[79037:its-track-reader]:       ______      _    _______  _________ 
[79037:its-track-reader]:      / ____/___ _(_)_______   |/  /_  __ \    version 1.6.0
[79037:its-track-reader]:     / /_  / __ `/ / ___/__  /|_/ /_  / / /    build RELWITHDEBINFO
[79037:its-track-reader]:    / __/ / /_/ / / /    _  /  / / / /_/ /     https://github.com/FairRootGroup/FairMQ
[79037:its-track-reader]:   /_/    \__,_/_/_/     /_/  /_/  \___\_\     LGPL-3.0  © 2012-2023 GSI
[79037:its-track-reader]: 
[79037:its-track-reader]: [16:37:41][STATE] Starting FairMQ state machine --> IDLE
[79037:its-track-reader]: [16:37:41][STATE] IDLE ---> INITIALIZING DEVICE
[79040:tpc-track-reader]: [16:37:41][INFO] Will use MC-truth from TPCTracksMCTruth
[79040:tpc-track-reader]: [16:37:41][INFO] Loaded tree from tpctracks.root with 1 entries
[79040:tpc-track-reader]: [16:37:41][STATE] INITIALIZING DEVICE ---> INITIALIZED
[79040:tpc-track-reader]: [16:37:41][STATE] INITIALIZED ---> BINDING
[79040:tpc-track-reader]: [16:37:41][STATE] BINDING ---> BOUND
[79040:tpc-track-reader]: [16:37:41][STATE] BOUND ---> CONNECTING
[79040:tpc-track-reader]: [16:37:41][STATE] CONNECTING ---> DEVICE READY
[79040:tpc-track-reader]: [16:37:41][STATE] DEVICE READY ---> INITIALIZING TASK
[79040:tpc-track-reader]: [16:37:41][STATE] INITIALIZING TASK ---> READY
[79040:tpc-track-reader]: [16:37:41][STATE] READY ---> RUNNING
[79040:tpc-track-reader]: [16:37:41][INFO] fair::mq::Device running...
[79040:tpc-track-reader]: [16:37:41][INFO] LHCPeriod is not available, using current month AUG
[79040:tpc-track-reader]: [16:37:41][INFO] TPCTrackReader pushes 1066 tracks from entries 0 : 0
[79039:ft0-recpoints-reader]: [16:37:41][INFO] Loaded FT0 RecPoints tree from o2reco_ft0.root with 1 entries
[79039:ft0-recpoints-reader]: [16:37:41][STATE] INITIALIZING DEVICE ---> INITIALIZED
[79039:ft0-recpoints-reader]: [16:37:41][STATE] INITIALIZED ---> BINDING
[79039:ft0-recpoints-reader]: [16:37:41][STATE] BINDING ---> BOUND
[79039:ft0-recpoints-reader]: [16:37:41][STATE] BOUND ---> CONNECTING
[79039:ft0-recpoints-reader]: [16:37:41][STATE] CONNECTING ---> DEVICE READY
[79039:ft0-recpoints-reader]: [16:37:41][STATE] DEVICE READY ---> INITIALIZING TASK
[79039:ft0-recpoints-reader]: [16:37:41][STATE] INITIALIZING TASK ---> READY
[79039:ft0-recpoints-reader]: [16:37:41][STATE] READY ---> RUNNING
[79039:ft0-recpoints-reader]: [16:37:41][INFO] fair::mq::Device running...
[79039:ft0-recpoints-reader]: [16:37:41][INFO] LHCPeriod is not available, using current month AUG
[79039:ft0-recpoints-reader]: [16:37:41][INFO] Sending end-of-stream message to channel from_ft0-recpoints-reader_to_internal-dpl-ccdb-backend
[79039:ft0-recpoints-reader]: [16:37:41][INFO] Sending end-of-stream message to channel from_ft0-recpoints-reader_to_itstpc-track-matcher
[79039:ft0-recpoints-reader]: [16:37:41][INFO] Correctly handshaken websocket connection.
[79040:tpc-track-reader]: [16:37:41][INFO] Sending end-of-stream message to channel from_tpc-track-reader_to_tpc-clusters-sharing-map-producer
[79040:tpc-track-reader]: [16:37:41][INFO] Sending end-of-stream message to channel from_tpc-track-reader_to_itstpc-track-matcher
[79040:tpc-track-reader]: [16:37:41][INFO] Correctly handshaken websocket connection.
[79038:its-cluster-reader]: [16:37:41][INFO] Loaded tree from o2clus_its.root with 1 entries
[79038:its-cluster-reader]: [16:37:41][STATE] INITIALIZING DEVICE ---> INITIALIZED
[79038:its-cluster-reader]: [16:37:41][STATE] INITIALIZED ---> BINDING
[79038:its-cluster-reader]: [16:37:41][STATE] BINDING ---> BOUND
[79038:its-cluster-reader]: [16:37:41][STATE] BOUND ---> CONNECTING
[79038:its-cluster-reader]: [16:37:41][STATE] CONNECTING ---> DEVICE READY
[79038:its-cluster-reader]: [16:37:41][STATE] DEVICE READY ---> INITIALIZING TASK
[79038:its-cluster-reader]: [16:37:41][STATE] INITIALIZING TASK ---> READY
[79038:its-cluster-reader]: [16:37:41][STATE] READY ---> RUNNING
[79038:its-cluster-reader]: [16:37:41][INFO] fair::mq::Device running...
[79038:its-cluster-reader]: [16:37:41][INFO] LHCPeriod is not available, using current month AUG
[79038:its-cluster-reader]: [16:37:41][INFO] ITSClusterReader pushes 136 ROFRecords,22413 compact clusters at entry 0
[79038:its-cluster-reader]: [16:37:41][INFO] Sending end-of-stream message to channel from_its-cluster-reader_to_itstpc-track-matcher
[79038:its-cluster-reader]: [16:37:41][INFO] Sending end-of-stream message to channel from_its-cluster-reader_to_internal-dpl-injected-dummy-sink
[79038:its-cluster-reader]: [16:37:41][INFO] Correctly handshaken websocket connection.
[79036:tpc-native-cluster-reader]: [16:37:42][INFO] binary branch set up: TPCClusterNative_0
[79036:tpc-native-cluster-reader]: [16:37:42][INFO] binary branch set up: TPCClusterNative_1
[79036:tpc-native-cluster-reader]: [16:37:42][INFO] binary branch set up: TPCClusterNative_2
[79036:tpc-native-cluster-reader]: [16:37:42][INFO] binary branch set up: TPCClusterNative_3
[79036:tpc-native-cluster-reader]: [16:37:42][INFO] binary branch set up: TPCClusterNative_4
[79036:tpc-native-cluster-reader]: [16:37:42][INFO] binary branch set up: TPCClusterNative_5
[79036:tpc-native-cluster-reader]: [16:37:42][INFO] binary branch set up: TPCClusterNative_6
[79036:tpc-native-cluster-reader]: [16:37:42][INFO] binary branch set up: TPCClusterNative_7
[79036:tpc-native-cluster-reader]: [16:37:42][INFO] binary branch set up: TPCClusterNative_8
[79036:tpc-native-cluster-reader]: [16:37:42][INFO] binary branch set up: TPCClusterNative_9
[79036:tpc-native-cluster-reader]: [16:37:42][INFO] binary branch set up: TPCClusterNative_10
[79036:tpc-native-cluster-reader]: [16:37:42][INFO] binary branch set up: TPCClusterNative_11
[79036:tpc-native-cluster-reader]: [16:37:42][INFO] binary branch set up: TPCClusterNative_12
[79036:tpc-native-cluster-reader]: [16:37:42][INFO] binary branch set up: TPCClusterNative_13
[79036:tpc-native-cluster-reader]: [16:37:42][INFO] binary branch set up: TPCClusterNative_14
[79036:tpc-native-cluster-reader]: [16:37:42][INFO] binary branch set up: TPCClusterNative_15
[79036:tpc-native-cluster-reader]: [16:37:42][INFO] binary branch set up: TPCClusterNative_16
[79036:tpc-native-cluster-reader]: [16:37:42][INFO] binary branch set up: TPCClusterNative_17
[79036:tpc-native-cluster-reader]: [16:37:42][INFO] binary branch set up: TPCClusterNative_18
[79036:tpc-native-cluster-reader]: [16:37:42][INFO] binary branch set up: TPCClusterNative_19
[79036:tpc-native-cluster-reader]: [16:37:42][INFO] binary branch set up: TPCClusterNative_20
[79036:tpc-native-cluster-reader]: [16:37:42][INFO] binary branch set up: TPCClusterNative_21
[79036:tpc-native-cluster-reader]: [16:37:42][INFO] binary branch set up: TPCClusterNative_22
[79036:tpc-native-cluster-reader]: [16:37:42][INFO] binary branch set up: TPCClusterNative_23
[79036:tpc-native-cluster-reader]: [16:37:42][INFO] binary branch set up: TPCClusterNative_24
[79036:tpc-native-cluster-reader]: [16:37:42][INFO] binary branch set up: TPCClusterNative_25
[79036:tpc-native-cluster-reader]: [16:37:42][INFO] binary branch set up: TPCClusterNative_26
[79036:tpc-native-cluster-reader]: [16:37:42][INFO] binary branch set up: TPCClusterNative_27
[79036:tpc-native-cluster-reader]: [16:37:42][INFO] binary branch set up: TPCClusterNative_28
[79036:tpc-native-cluster-reader]: [16:37:42][INFO] binary branch set up: TPCClusterNative_29
[79036:tpc-native-cluster-reader]: [16:37:42][INFO] binary branch set up: TPCClusterNative_30
[79036:tpc-native-cluster-reader]: [16:37:42][INFO] binary branch set up: TPCClusterNative_31
[79036:tpc-native-cluster-reader]: [16:37:42][INFO] binary branch set up: TPCClusterNative_32
[79036:tpc-native-cluster-reader]: [16:37:42][INFO] binary branch set up: TPCClusterNative_33
[79036:tpc-native-cluster-reader]: [16:37:42][INFO] binary branch set up: TPCClusterNative_34
[79036:tpc-native-cluster-reader]: [16:37:43][INFO] binary branch set up: TPCClusterNative_35
[79036:tpc-native-cluster-reader]: [16:37:43][STATE] INITIALIZING DEVICE ---> INITIALIZED
[79036:tpc-native-cluster-reader]: [16:37:43][STATE] INITIALIZED ---> BINDING
[79036:tpc-native-cluster-reader]: [16:37:43][STATE] BINDING ---> BOUND
[79036:tpc-native-cluster-reader]: [16:37:43][STATE] BOUND ---> CONNECTING
[79036:tpc-native-cluster-reader]: [16:37:43][STATE] CONNECTING ---> DEVICE READY
[79036:tpc-native-cluster-reader]: [16:37:43][STATE] DEVICE READY ---> INITIALIZING TASK
[79036:tpc-native-cluster-reader]: [16:37:43][STATE] INITIALIZING TASK ---> READY
[79036:tpc-native-cluster-reader]: [16:37:43][STATE] READY ---> RUNNING
[79036:tpc-native-cluster-reader]: [16:37:43][INFO] fair::mq::Device running...
[79036:tpc-native-cluster-reader]: [16:37:43][INFO] LHCPeriod is not available, using current month AUG
[79036:tpc-native-cluster-reader]: [16:37:43][INFO] branch TPCClusterNative_0: publishing binary chunk of 88932 bytes(s)
[79036:tpc-native-cluster-reader]: [16:37:43][INFO] branch TPCClusterNative_1: publishing binary chunk of 93732 bytes(s)
[79036:tpc-native-cluster-reader]: [16:37:43][INFO] branch TPCClusterNative_2: publishing binary chunk of 99744 bytes(s)
[79036:tpc-native-cluster-reader]: [16:37:43][INFO] branch TPCClusterNative_3: publishing binary chunk of 82380 bytes(s)
[79036:tpc-native-cluster-reader]: [16:37:43][INFO] branch TPCClusterNative_4: publishing binary chunk of 69264 bytes(s)
[79036:tpc-native-cluster-reader]: [16:37:43][INFO] branch TPCClusterNative_5: publishing binary chunk of 85284 bytes(s)
[79036:tpc-native-cluster-reader]: [16:37:43][INFO] branch TPCClusterNative_6: publishing binary chunk of 102540 bytes(s)
[79036:tpc-native-cluster-reader]: [16:37:43][INFO] branch TPCClusterNative_7: publishing binary chunk of 147900 bytes(s)
[79036:tpc-native-cluster-reader]: [16:37:43][INFO] branch TPCClusterNative_8: publishing binary chunk of 107952 bytes(s)
[79036:tpc-native-cluster-reader]: [16:37:43][INFO] branch TPCClusterNative_9: publishing binary chunk of 95976 bytes(s)
[79036:tpc-native-cluster-reader]: [16:37:43][INFO] branch TPCClusterNative_10: publishing binary chunk of 90900 bytes(s)
[79036:tpc-native-cluster-reader]: [16:37:43][INFO] branch TPCClusterNative_11: publishing binary chunk of 101976 bytes(s)
[79036:tpc-native-cluster-reader]: [16:37:43][INFO] branch TPCClusterNative_12: publishing binary chunk of 79740 bytes(s)
[79036:tpc-native-cluster-reader]: [16:37:43][INFO] branch TPCClusterNative_13: publishing binary chunk of 76212 bytes(s)
[79036:tpc-native-cluster-reader]: [16:37:43][INFO] branch TPCClusterNative_14: publishing binary chunk of 75240 bytes(s)
[79036:tpc-native-cluster-reader]: [16:37:43][INFO] branch TPCClusterNative_15: publishing binary chunk of 89004 bytes(s)
[79036:tpc-native-cluster-reader]: [16:37:43][INFO] branch TPCClusterNative_16: publishing binary chunk of 95796 bytes(s)
[79036:tpc-native-cluster-reader]: [16:37:43][INFO] branch TPCClusterNative_17: publishing binary chunk of 88404 bytes(s)
[79036:tpc-native-cluster-reader]: [16:37:43][INFO] branch TPCClusterNative_18: publishing binary chunk of 88080 bytes(s)
[79036:tpc-native-cluster-reader]: [16:37:43][INFO] branch TPCClusterNative_19: publishing binary chunk of 67080 bytes(s)
[79036:tpc-native-cluster-reader]: [16:37:43][INFO] branch TPCClusterNative_20: publishing binary chunk of 69864 bytes(s)
[79036:tpc-native-cluster-reader]: [16:37:43][INFO] branch TPCClusterNative_21: publishing binary chunk of 70680 bytes(s)
[79036:tpc-native-cluster-reader]: [16:37:43][INFO] branch TPCClusterNative_22: publishing binary chunk of 74016 bytes(s)
[79036:tpc-native-cluster-reader]: [16:37:43][INFO] branch TPCClusterNative_23: publishing binary chunk of 79176 bytes(s)
[79036:tpc-native-cluster-reader]: [16:37:43][INFO] branch TPCClusterNative_24: publishing binary chunk of 81180 bytes(s)
[79036:tpc-native-cluster-reader]: [16:37:43][INFO] branch TPCClusterNative_25: publishing binary chunk of 123144 bytes(s)
[79036:tpc-native-cluster-reader]: [16:37:43][INFO] branch TPCClusterNative_26: publishing binary chunk of 94764 bytes(s)
[79036:tpc-native-cluster-reader]: [16:37:43][INFO] branch TPCClusterNative_27: publishing binary chunk of 81036 bytes(s)
[79036:tpc-native-cluster-reader]: [16:37:43][INFO] branch TPCClusterNative_28: publishing binary chunk of 72408 bytes(s)
[79036:tpc-native-cluster-reader]: [16:37:43][INFO] branch TPCClusterNative_29: publishing binary chunk of 94080 bytes(s)
[79036:tpc-native-cluster-reader]: [16:37:43][INFO] branch TPCClusterNative_30: publishing binary chunk of 70344 bytes(s)
[79036:tpc-native-cluster-reader]: [16:37:43][INFO] branch TPCClusterNative_31: publishing binary chunk of 77304 bytes(s)
[79036:tpc-native-cluster-reader]: [16:37:43][INFO] branch TPCClusterNative_32: publishing binary chunk of 83820 bytes(s)
[79036:tpc-native-cluster-reader]: [16:37:43][INFO] branch TPCClusterNative_33: publishing binary chunk of 72828 bytes(s)
[79036:tpc-native-cluster-reader]: [16:37:43][INFO] branch TPCClusterNative_34: publishing binary chunk of 93840 bytes(s)
[79036:tpc-native-cluster-reader]: [16:37:43][INFO] branch TPCClusterNative_35: publishing binary chunk of 71652 bytes(s)
[79036:tpc-native-cluster-reader]: [16:37:43][INFO] Correctly handshaken websocket connection.
[79042:tpc-clusters-sharing-map-producer]: [16:37:43][INFO] Timing for TPC clusters sharing map creation: Cpu: 1.000e-02 Real: 8.889e-03 s
[79036:tpc-native-cluster-reader]: [16:37:43][INFO] Sending end-of-stream message to channel from_tpc-native-cluster-reader_to_tpc-clusters-sharing-map-producer
[79042:tpc-clusters-sharing-map-producer]: [16:37:43][INFO] Sending end-of-stream message to channel from_tpc-clusters-sharing-map-producer_to_itstpc-track-matcher
[79037:its-track-reader]: [16:37:43][INFO] Loaded tree from o2trac_its.root with 1 entries
[79037:its-track-reader]: [16:37:43][STATE] INITIALIZING DEVICE ---> INITIALIZED
[79037:its-track-reader]: [16:37:43][STATE] INITIALIZED ---> BINDING
[79037:its-track-reader]: [16:37:43][STATE] BINDING ---> BOUND
[79037:its-track-reader]: [16:37:43][STATE] BOUND ---> CONNECTING
[79037:its-track-reader]: [16:37:43][STATE] CONNECTING ---> DEVICE READY
[79037:its-track-reader]: [16:37:43][STATE] DEVICE READY ---> INITIALIZING TASK
[79037:its-track-reader]: [16:37:43][STATE] INITIALIZING TASK ---> READY
[79037:its-track-reader]: [16:37:43][STATE] READY ---> RUNNING
[79037:its-track-reader]: [16:37:43][INFO] fair::mq::Device running...
[79037:its-track-reader]: [16:37:43][INFO] LHCPeriod is not available, using current month AUG
[79037:its-track-reader]: [16:37:43][INFO] Pushing 464 track in 136 ROFs at entry 0
[79037:its-track-reader]: [16:37:43][INFO] Sending end-of-stream message to channel from_its-track-reader_to_itstpc-track-matcher
[79037:its-track-reader]: [16:37:43][INFO] Sending end-of-stream message to channel from_its-track-reader_to_internal-dpl-injected-dummy-sink
[79037:its-track-reader]: [16:37:43][INFO] Correctly handshaken websocket connection.
[79041:internal-dpl-ccdb-backend]: Info in <TJAlienConnectionManager>: Opening connection to JCentral. Please wait
[79041:internal-dpl-ccdb-backend]: Info in <TJAlienConnectionManager>: Opening connection to 137.138.47.222
[79041:internal-dpl-ccdb-backend]: Info in <TJAlienConnectionManager>: Successfully connected to 137.138.47.222
[79041:internal-dpl-ccdb-backend]: Info in <TJAlienFile::Open>: Accessing file /alice/data/CCDB/CTP/Calib/OrbitReset/06/62200/b9f985c3-b4b0-11ec-8fd3-90ce809b24ee in SE <ALICE::CERN::EOS>
[79041:internal-dpl-ccdb-backend]: [16:37:45][INFO] ccdb reads http://alice-ccdb.cern.ch/CTP/Calib/OrbitReset/1546300800000/b9f985c3-b4b0-11ec-8fd3-90ce809b24ee for 1546300800000 (load to memory, agent_id: localhost.localdomain-1692715059-f3h7rB), 
[79041:internal-dpl-ccdb-backend]: Info in <TJAlienFile::Open>: Accessing file /alice/data/CCDB/GLO/Param/MatLUT/05/24630/d5a2a33e-dba4-11ec-9e90-2a010e0a0b16 in SE <ALICE::CERN::OCDB>
[79041:internal-dpl-ccdb-backend]: [16:37:45][INFO] ccdb reads http://alice-ccdb.cern.ch/GLO/Param/MatLUT/1546300800000/d5a2a33e-dba4-11ec-9e90-2a010e0a0b16 for 1546300800000 (load to memory, agent_id: localhost.localdomain-1692715059-f3h7rB), 
[79041:internal-dpl-ccdb-backend]: Info in <TJAlienFile::Open>: Accessing file /alice/data/CCDB/ITS/Calib/ClusterDictionary/09/10449/c245a720-9fe3-11ec-975c-200114580202 in SE <ALICE::CERN::OCDB>
[79041:internal-dpl-ccdb-backend]: [16:37:45][INFO] ccdb reads http://alice-ccdb.cern.ch/ITS/Calib/ClusterDictionary/0/c245a720-9fe3-11ec-975c-200114580202 for 1546300800000 (load to memory, agent_id: localhost.localdomain-1692715059-f3h7rB), 
[79041:internal-dpl-ccdb-backend]: Info in <TJAlienFile::Open>: Accessing file /alice/data/CCDB/ITS/Config/AlpideParam/02/10715/76f24ad5-e339-11ec-9e90-200114580204 in SE <ALICE::CERN::OCDB>
[79041:internal-dpl-ccdb-backend]: [16:37:45][INFO] ccdb reads http://alice-ccdb.cern.ch/ITS/Config/AlpideParam/1546300800000/76f24ad5-e339-11ec-9e90-200114580204 for 1546300800000 (load to memory, agent_id: localhost.localdomain-1692715059-f3h7rB), 
[79041:internal-dpl-ccdb-backend]: Info in <TJAlienFile::Open>: Accessing file /alice/data/CCDB/GLO/Config/GeometryAligned/06/21224/787687c0-287a-11ed-8141-200114580202 in SE <ALICE::CERN::OCDB>
[79041:internal-dpl-ccdb-backend]: [16:37:46][INFO] ccdb reads http://alice-ccdb.cern.ch/GLO/Config/GeometryAligned/1546300800000/787687c0-287a-11ed-8141-200114580202 for 1546300800000 (load to memory, agent_id: localhost.localdomain-1692715059-f3h7rB), 
[79041:internal-dpl-ccdb-backend]: Info in <TJAlienFile::Open>: Accessing file /alice/data/CCDB/TPC/Calib/LaserTracks/14/60057/dd26d771-0929-11ed-8000-2a010e0a0b16 in SE <ALICE::CERN::OCDB>
[79041:internal-dpl-ccdb-backend]: [16:37:46][INFO] ccdb reads http://alice-ccdb.cern.ch/TPC/Calib/LaserTracks/1546300800000/dd26d771-0929-11ed-8000-2a010e0a0b16 for 1546300800000 (load to memory, agent_id: localhost.localdomain-1692715059-f3h7rB), 
[79041:internal-dpl-ccdb-backend]: Info in <TJAlienFile::Open>: Accessing file /alice/data/CCDB/TPC/Calib/CorrectionMapV2/04/24306/188b3306-3a84-11ee-a1e3-200114580202 in SE <ALICE::CERN::OCDB>
[79041:internal-dpl-ccdb-backend]: [16:37:46][INFO] ccdb reads http://alice-ccdb.cern.ch/TPC/Calib/CorrectionMapV2/1/188b3306-3a84-11ee-a1e3-200114580202 for 1546300800000 (load to memory, agent_id: localhost.localdomain-1692715059-f3h7rB), 
[79041:internal-dpl-ccdb-backend]: Info in <TJAlienFile::Open>: Accessing file /alice/data/CCDB/TPC/Calib/CorrectionMapRefV2/10/16377/1f4bfb7e-3a84-11ee-a1e3-200114580202 in SE <ALICE::CERN::OCDB>
[79041:internal-dpl-ccdb-backend]: [16:37:46][INFO] ccdb reads http://alice-ccdb.cern.ch/TPC/Calib/CorrectionMapRefV2/1/1f4bfb7e-3a84-11ee-a1e3-200114580202 for 1546300800000 (load to memory, agent_id: localhost.localdomain-1692715059-f3h7rB), 
[79041:internal-dpl-ccdb-backend]: Info in <TJAlienFile::Open>: Accessing file /alice/data/CCDB/GLO/Config/GRPECS/03/07584/646e9be2-0210-11ed-8000-200114580202 in SE <ALICE::CERN::OCDB>
[79041:internal-dpl-ccdb-backend]: [16:37:46][INFO] ccdb reads http://alice-ccdb.cern.ch/GLO/Config/GRPECS/1546300800000/646e9be2-0210-11ed-8000-200114580202 for 1546300800000 (load to memory, agent_id: localhost.localdomain-1692715059-f3h7rB), 
[79041:internal-dpl-ccdb-backend]: Info in <TJAlienFile::Open>: Accessing file /alice/data/CCDB/TPC/Calib/VDriftTgl/04/00148/01683855-2e90-11ed-ac0b-200114580202 in SE <ALICE::CERN::OCDB>
[79041:internal-dpl-ccdb-backend]: [16:37:46][INFO] ccdb reads http://alice-ccdb.cern.ch/TPC/Calib/VDriftTgl/1546300800000/01683855-2e90-11ed-ac0b-200114580202 for 1546300800000 (load to memory, agent_id: localhost.localdomain-1692715059-f3h7rB), 
[79041:internal-dpl-ccdb-backend]: Info in <TJAlienFile::Open>: Accessing file /alice/data/CCDB/GLO/Config/GRPLHCIF/04/60609/b3296373-efea-11ec-b9c0-2a010e0a0b16 in SE <ALICE::CERN::OCDB>
[79041:internal-dpl-ccdb-backend]: [16:37:46][INFO] ccdb reads http://alice-ccdb.cern.ch/GLO/Config/GRPLHCIF/1546300800000/b3296373-efea-11ec-b9c0-2a010e0a0b16 for 1546300800000 (load to memory, agent_id: localhost.localdomain-1692715059-f3h7rB), 
[79041:internal-dpl-ccdb-backend]: Info in <TJAlienFile::Open>: Accessing file /alice/data/CCDB/GLO/Config/GRPMagField/06/62924/01d633ab-efdf-11ec-841e-2a010e0a0b16 in SE <ALICE::CERN::OCDB>
[79041:internal-dpl-ccdb-backend]: [16:37:46][INFO] ccdb reads http://alice-ccdb.cern.ch/GLO/Config/GRPMagField/1546300800000/01d633ab-efdf-11ec-841e-2a010e0a0b16 for 1546300800000 (load to memory, agent_id: localhost.localdomain-1692715059-f3h7rB), 
[79041:internal-dpl-ccdb-backend]: [16:37:46][INFO] Sending end-of-stream message to channel from_internal-dpl-ccdb-backend_to_itstpc-track-matcher
[79041:internal-dpl-ccdb-backend]: [16:37:46][INFO] Sending end-of-stream message to channel from_internal-dpl-ccdb-backend_to_internal-dpl-injected-dummy-sink
[79043:itstpc-track-matcher]: [16:37:47][INFO] ITS Alpide param updated
[79043:itstpc-track-matcher]: ITSAlpideParam.roFrameLengthInBC : 198		[ CCDB ]
[79043:itstpc-track-matcher]: ITSAlpideParam.roFrameLengthTrig : 6000		[ CCDB ]
[79043:itstpc-track-matcher]: ITSAlpideParam.strobeDelay : 99.8031		[ CCDB ]
[79043:itstpc-track-matcher]: ITSAlpideParam.strobeLengthCont : -1		[ CCDB ]
[79043:itstpc-track-matcher]: ITSAlpideParam.strobeLengthTrig : 100		[ CCDB ]
[79043:itstpc-track-matcher]: ITSAlpideParam.roFrameBiasInBC : 64		[ CCDB ]
[79043:itstpc-track-matcher]: [16:37:47][INFO] Caching in 139673056667232 ptr to ITS/ALPIDEPARAM/0 (0x7f0aab8b12a0)
[79043:itstpc-track-matcher]: [16:37:47][INFO] cluster dictionary updated
[79043:itstpc-track-matcher]: [16:37:47][INFO] Caching in 139673065899296 ptr to ITS/CLUSDICT/0 (0x55680b0)
[79043:itstpc-track-matcher]: [16:37:47][INFO] GRP MagField object updated
[79043:itstpc-track-matcher]: [16:37:47][INFO] MagneticField::Print: MagneticFieldMap:
[79043:itstpc-track-matcher]: [16:37:47][INFO] MagneticField::Print: Solenoid (-1*)5 kG, Dipole ON (-1) 
[79043:itstpc-track-matcher]: [16:37:47][INFO] MagneticField::Print: Machine B fields for p-p  beam (7000 GeV): QGrad: 22.0002 Dipole: 37.8781
[79043:itstpc-track-matcher]: [16:37:47][INFO] MagneticField::Print: Uses Sol30_Dip6_Hole  of /root/alice/sw/slc8_x86-64/O2/segment-local1/share/Common/maps/mfchebKGI_sym.root
[79043:itstpc-track-matcher]: Info in <TGeoGlobalMagField::SetField>: Global magnetic field set to <MagneticFieldMap>
[79043:itstpc-track-matcher]: Info in <TGeoGlobalMagField::Lock>: Global magnetic field <MagneticFieldMap> is now locked
[79043:itstpc-track-matcher]: [16:37:47][INFO] Caching in 139673067802080 ptr to GLO/GRPMAGFIELD/0 (0x58e3a70)
[79043:itstpc-track-matcher]: [16:37:47][INFO] GRP LHCIF object updated
[79043:itstpc-track-matcher]: [16:37:47][INFO] Caching in 139673067799808 ptr to GLO/GRPLHCIF/0 (0x67581c0)
[79043:itstpc-track-matcher]: [16:37:47][INFO] GRP ECS object updated
[79043:itstpc-track-matcher]: [16:37:47][INFO] Caching in 139673067795264 ptr to GLO/GRPECS/0 (0x35d1e00)
[79043:itstpc-track-matcher]: [16:37:47][INFO] orbit reset time updated to 1546300800000
[79043:itstpc-track-matcher]: [16:37:47][INFO] Caching in 139673056665408 ptr to CTP/ORBITRESET/0 (0x675bc50)
[79043:itstpc-track-matcher]: [16:37:47][INFO] material LUT updated
[79043:itstpc-track-matcher]: [16:37:47][INFO] Loaded 440 params from $(O2_ROOT)/share/Common/maps/sol5k.txt
[79043:itstpc-track-matcher]: [16:37:47][INFO] Caching in 139673056674048 ptr to GLO/MATLUT/0 (0x67e2030)
[79043:itstpc-track-matcher]: Info in <TGeoManager::CloseGeometry>: Geometry loaded from file...
[79043:itstpc-track-matcher]: Info in <TGeoManager::SetTopVolume>: Top volume is cave. Master volume is cave
[79043:itstpc-track-matcher]: Info in <TGeoNavigator::BuildCache>: --- Maximum geometry depth set to 100
[79043:itstpc-track-matcher]: Info in <TGeoManager::Voxelize>: Voxelizing...
[79043:itstpc-track-matcher]: Info in <TGeoManager::CountLevels>: max level = 13, max placements = 735
[79043:itstpc-track-matcher]: Info in <TGeoManager::CloseGeometry>: 5346742 nodes/ 27442 volume UID's in FAIR geometry
[79043:itstpc-track-matcher]: Info in <TGeoManager::CloseGeometry>: ----------------modeler ready----------------
[79043:itstpc-track-matcher]: [16:37:48][INFO] aligned geometry updated
[79043:itstpc-track-matcher]: [16:37:48][INFO] Caching in 139673065926976 ptr to GLO/GEOMALIGN/0 (0x5f4a950)
[79043:itstpc-track-matcher]: [16:37:48][INFO] accountLaserCalibration 1 t 10 vs 0
[79043:itstpc-track-matcher]: [16:37:48][INFO] Caching in 139673067774304 ptr to TPC/CalibLaserTracks/0 (0x3d3ab40)
[79043:itstpc-track-matcher]: [16:37:48][INFO] accountDriftCorrectionITSTPCTgl 1 t 0 vs 0
[79043:itstpc-track-matcher]: [16:37:48][INFO] Caching in 139673067797536 ptr to TPC/VDriftTgl/0 (0x5d93e00)
[79043:itstpc-track-matcher]: [16:37:48][INFO] Will prefer TPC Drift from Laser with time 10 to TPCITSTgl with time 0
[79043:itstpc-track-matcher]: [16:37:49][INFO] InstLumiOverride=0, UseCTPLumi=false -> instLumi=0, meanLumi=1 -> LumiScale=0, lumiScaleMode=0
[79043:itstpc-track-matcher]: [16:37:49][INFO] Caching in 139673067776384 ptr to TPC/CorrMap/0 (0x5bddd20)
[79043:itstpc-track-matcher]: [16:37:49][INFO] Caching in 139673067785824 ptr to TPC/CorrMapRef/0 (0x5bdff60)
[79043:itstpc-track-matcher]: tpcitsMatch.runAfterBurner : true		[ CODE ]
[79043:itstpc-track-matcher]: tpcitsMatch.validateMatchByFIT : Prefer		[ CODE ]
[79043:itstpc-track-matcher]: tpcitsMatch.crudeAbsDiffCut[0] : 2		[ CODE ]
[79043:itstpc-track-matcher]: tpcitsMatch.crudeAbsDiffCut[1] : 2		[ CODE ]
[79043:itstpc-track-matcher]: tpcitsMatch.crudeAbsDiffCut[2] : 0.2		[ CODE ]
[79043:itstpc-track-matcher]: tpcitsMatch.crudeAbsDiffCut[3] : 0.2		[ CODE ]
[79043:itstpc-track-matcher]: tpcitsMatch.crudeAbsDiffCut[4] : 4		[ CODE ]
[79043:itstpc-track-matcher]: tpcitsMatch.crudeNSigma2Cut[0] : 49		[ CODE ]
[79043:itstpc-track-matcher]: tpcitsMatch.crudeNSigma2Cut[1] : 49		[ CODE ]
[79043:itstpc-track-matcher]: tpcitsMatch.crudeNSigma2Cut[2] : 49		[ CODE ]
[79043:itstpc-track-matcher]: tpcitsMatch.crudeNSigma2Cut[3] : 49		[ CODE ]
[79043:itstpc-track-matcher]: tpcitsMatch.crudeNSigma2Cut[4] : 49		[ CODE ]
[79043:itstpc-track-matcher]: tpcitsMatch.XMatchingRef : 70		[ CODE ]
[79043:itstpc-track-matcher]: tpcitsMatch.minTPCTrackR : 50		[ CODE ]
[79043:itstpc-track-matcher]: tpcitsMatch.minITSTrackR : 50		[ CODE ]
[79043:itstpc-track-matcher]: tpcitsMatch.minTPCClusters : 25		[ CODE ]
[79043:itstpc-track-matcher]: tpcitsMatch.askMinTPCRow : 15		[ CODE ]
[79043:itstpc-track-matcher]: tpcitsMatch.cutMatchingChi2 : 30		[ CODE ]
[79043:itstpc-track-matcher]: tpcitsMatch.maxMatchCandidates : 5		[ CODE ]
[79043:itstpc-track-matcher]: tpcitsMatch.safeMarginTimeCorrErr : 0		[ CODE ]
[79043:itstpc-track-matcher]: tpcitsMatch.safeMarginTPCITSTimeBin : 1		[ CODE ]
[79043:itstpc-track-matcher]: tpcitsMatch.safeMarginTPCTimeEdge : 20		[ CODE ]
[79043:itstpc-track-matcher]: tpcitsMatch.tpcTimeICMatchingNSigma : 4		[ CODE ]
[79043:itstpc-track-matcher]: tpcitsMatch.tpcExtConstrainedNSigma : 4		[ CODE ]
[79043:itstpc-track-matcher]: tpcitsMatch.tfEdgeTimeToleranceMUS : 1		[ CODE ]
[79043:itstpc-track-matcher]: tpcitsMatch.maxVDriftUncertainty : 0.02		[ CODE ]
[79043:itstpc-track-matcher]: tpcitsMatch.maxVDriftTrackQ2Pt : 1		[ CODE ]
[79043:itstpc-track-matcher]: tpcitsMatch.maxVDritTimeOffset : 5		[ CODE ]
[79043:itstpc-track-matcher]: tpcitsMatch.globalTimeBiasMUS : 0		[ CODE ]
[79043:itstpc-track-matcher]: tpcitsMatch.globalTimeExtraErrorMUS : 0		[ CODE ]
[79043:itstpc-track-matcher]: tpcitsMatch.requireToReachLayerAB : 5		[ CODE ]
[79043:itstpc-track-matcher]: tpcitsMatch.lowestLayerAB : 3		[ CODE ]
[79043:itstpc-track-matcher]: tpcitsMatch.minContributingLayersAB : 2		[ CODE ]
[79043:itstpc-track-matcher]: tpcitsMatch.maxABLinksOnLayer : 10		[ CODE ]
[79043:itstpc-track-matcher]: tpcitsMatch.maxABFinalHyp : 20		[ CODE ]
[79043:itstpc-track-matcher]: tpcitsMatch.cutABTrack2ClChi2 : 30		[ CODE ]
[79043:itstpc-track-matcher]: tpcitsMatch.nABSigmaY : 4		[ CODE ]
[79043:itstpc-track-matcher]: tpcitsMatch.nABSigmaZ : 4		[ CODE ]
[79043:itstpc-track-matcher]: tpcitsMatch.err2ABExtraY : 0.01		[ CODE ]
[79043:itstpc-track-matcher]: tpcitsMatch.err2ABExtraZ : 0.01		[ CODE ]
[79043:itstpc-track-matcher]: tpcitsMatch.verbosity : 0		[ CODE ]
[79043:itstpc-track-matcher]: tpcitsMatch.matCorr : 2		[ CODE ]
[79043:itstpc-track-matcher]: [16:37:49][INFO] Loading ITS T2L matrices from TGeo
[79043:itstpc-track-matcher]: [16:37:49][INFO] Loading ITS T2G rotation 2D matrices
[79043:itstpc-track-matcher]: 
[79043:itstpc-track-matcher]: ******************** TPC-ITS matching component ********************
[79043:itstpc-track-matcher]: MC truth: on
[79043:itstpc-track-matcher]: Matching reference X: 70.000
[79043:itstpc-track-matcher]: Account Z dimension: off
[79043:itstpc-track-matcher]: Cut on matching chi2: 30.000
[79043:itstpc-track-matcher]: Max number ITS candidates per TPC track: 5
[79043:itstpc-track-matcher]: Crude cut on track params:  2.000e+00 2.000e+00 2.000e-01 2.000e-01 4.000e+00
[79043:itstpc-track-matcher]: NSigma^2 cut on track params:   49.00  49.00  49.00  49.00  49.00
[79043:itstpc-track-matcher]: TPC Z->time(bins) bracketing safety margin:  20.00
[79043:itstpc-track-matcher]: Output debug tree (off) file: dbg_TPCITSmatch.root
[79043:itstpc-track-matcher]: **********************************************************************
[79043:itstpc-track-matcher]: [16:37:49][INFO] Updating TPC fast transform map with new VDrift factor of 1 wrt reference 2.58 and DriftTimeOffset correction 0 wrt 0 from source Laser
[79043:itstpc-track-matcher]: [16:37:49][INFO] RecoContainer::createTracks took 0.002246 CPU s.
[79043:itstpc-track-matcher]: [16:37:49][INFO] Validated 294 matches out of 295 for 749 TPC and 535 ITS tracks in 2 iterations
[79043:itstpc-track-matcher]: [16:37:49][INFO] AfterBurner will check 494 seeds from 422 TPC tracks and 15 interaction candidates with 1 threads
[79043:itstpc-track-matcher]: [16:37:49][INFO] AfterBurner validated 76 tracks
[79043:itstpc-track-matcher]: [16:37:49][INFO] TPC-ITS matching total timing: Cpu: 2.700e+00 Real: 2.788e+00 s in 1 slots
[79043:itstpc-track-matcher]: [16:37:49][INFO] Sending end-of-stream message to channel from_itstpc-track-matcher_to_itstpc-track-writer
[79044:itstpc-track-writer]: [16:37:49][INFO] Writing 370 TPC-ITS matches
[INFO] Quitting
[INFO] QUIT_REQUESTED
[79035:internal-dpl-clock]: [16:37:49][INFO] Received device shutdown request (signal 15).
[79035:internal-dpl-clock]: [16:37:49][INFO] Waiting for graceful device shutdown. Hit Ctrl-C again to abort immediately.
[79042:tpc-clusters-sharing-map-producer]: [16:37:49][INFO] Received device shutdown request (signal 15).
[79042:tpc-clusters-sharing-map-producer]: [16:37:49][INFO] Waiting for graceful device shutdown. Hit Ctrl-C again to abort immediately.
[79042:tpc-clusters-sharing-map-producer]: [16:37:49][INFO] New state requested. No timeout set, quitting immediately as per --completion-policy
[79042:tpc-clusters-sharing-map-producer]: [16:37:49][STATE] RUNNING ---> READY
[79035:internal-dpl-clock]: [16:37:49][INFO] New state requested. No timeout set, quitting immediately as per --completion-policy
[79035:internal-dpl-clock]: [16:37:49][STATE] RUNNING ---> READY
[79035:internal-dpl-clock]: [16:37:49][STATE] READY ---> RESETTING TASK
[79035:internal-dpl-clock]: [16:37:49][STATE] RESETTING TASK ---> DEVICE READY
[79035:internal-dpl-clock]: [16:37:49][STATE] DEVICE READY ---> RESETTING DEVICE
[79036:tpc-native-cluster-reader]: [16:37:49][INFO] Received device shutdown request (signal 15).
[79036:tpc-native-cluster-reader]: [16:37:49][INFO] Waiting for graceful device shutdown. Hit Ctrl-C again to abort immediately.
[79036:tpc-native-cluster-reader]: [16:37:49][INFO] New state requested. No timeout set, quitting immediately as per --completion-policy
[79036:tpc-native-cluster-reader]: [16:37:49][STATE] RUNNING ---> READY
[79036:tpc-native-cluster-reader]: [16:37:49][STATE] READY ---> RESETTING TASK
[79036:tpc-native-cluster-reader]: [16:37:49][STATE] RESETTING TASK ---> DEVICE READY
[79036:tpc-native-cluster-reader]: [16:37:49][STATE] DEVICE READY ---> RESETTING DEVICE
[79037:its-track-reader]: [16:37:49][INFO] Received device shutdown request (signal 15).
[79037:its-track-reader]: [16:37:49][INFO] Waiting for graceful device shutdown. Hit Ctrl-C again to abort immediately.
[79037:its-track-reader]: [16:37:49][INFO] New state requested. No timeout set, quitting immediately as per --completion-policy
[79037:its-track-reader]: [16:37:49][STATE] RUNNING ---> READY
[79037:its-track-reader]: [16:37:49][STATE] READY ---> RESETTING TASK
[79037:its-track-reader]: [16:37:49][STATE] RESETTING TASK ---> DEVICE READY
[79038:its-cluster-reader]: [16:37:49][INFO] Received device shutdown request (signal 15).
[79038:its-cluster-reader]: [16:37:49][INFO] Waiting for graceful device shutdown. Hit Ctrl-C again to abort immediately.
[79038:its-cluster-reader]: [16:37:49][INFO] New state requested. No timeout set, quitting immediately as per --completion-policy
[79038:its-cluster-reader]: [16:37:49][STATE] RUNNING ---> READY
[79038:its-cluster-reader]: [16:37:49][STATE] READY ---> RESETTING TASK
[79038:its-cluster-reader]: [16:37:49][STATE] RESETTING TASK ---> DEVICE READY
[79038:its-cluster-reader]: [16:37:49][STATE] DEVICE READY ---> RESETTING DEVICE
[79039:ft0-recpoints-reader]: [16:37:49][INFO] Received device shutdown request (signal 15).
[79039:ft0-recpoints-reader]: [16:37:49][INFO] Waiting for graceful device shutdown. Hit Ctrl-C again to abort immediately.
[79039:ft0-recpoints-reader]: [16:37:49][INFO] New state requested. No timeout set, quitting immediately as per --completion-policy
[79039:ft0-recpoints-reader]: [16:37:49][STATE] RUNNING ---> READY
[79040:tpc-track-reader]: [16:37:49][INFO] Received device shutdown request (signal 15).
[79040:tpc-track-reader]: [16:37:49][INFO] Waiting for graceful device shutdown. Hit Ctrl-C again to abort immediately.
[79040:tpc-track-reader]: [16:37:49][INFO] New state requested. No timeout set, quitting immediately as per --completion-policy
[79040:tpc-track-reader]: [16:37:49][STATE] RUNNING ---> READY
[79040:tpc-track-reader]: [16:37:49][STATE] READY ---> RESETTING TASK
[79040:tpc-track-reader]: [16:37:49][STATE] RESETTING TASK ---> DEVICE READY
[79041:internal-dpl-ccdb-backend]: [16:37:49][INFO] Received device shutdown request (signal 15).
[79041:internal-dpl-ccdb-backend]: [16:37:49][INFO] Waiting for graceful device shutdown. Hit Ctrl-C again to abort immediately.
[79041:internal-dpl-ccdb-backend]: [16:37:49][INFO] New state requested. No timeout set, quitting immediately as per --completion-policy
[79041:internal-dpl-ccdb-backend]: [16:37:49][INFO] CCDB cache miss/hit ratio:
[79041:internal-dpl-ccdb-backend]: [16:37:49][INFO]   GLO/Config/GRPMagField: 1/0 (1024-1024 bytes)
[79041:internal-dpl-ccdb-backend]: [16:37:49][INFO]   GLO/Config/GRPLHCIF: 1/0 (2048-2048 bytes)
[79041:internal-dpl-ccdb-backend]: [16:37:49][INFO]   TPC/Calib/CorrectionMapRefV2: 1/0 (9216-9216 bytes)
[79041:internal-dpl-ccdb-backend]: [16:37:49][INFO]   TPC/Calib/VDriftTgl: 1/0 (2048-2048 bytes)
[79041:internal-dpl-ccdb-backend]: [16:37:49][INFO]   GLO/Config/GRPECS: 1/0 (2048-2048 bytes)
[79041:internal-dpl-ccdb-backend]: [16:37:49][INFO]   TPC/Calib/CorrectionMapV2: 1/0 (9216-9216 bytes)
[79041:internal-dpl-ccdb-backend]: [16:37:49][INFO]   TPC/Calib/LaserTracks: 1/0 (2048-2048 bytes)
[79041:internal-dpl-ccdb-backend]: [16:37:49][INFO]   GLO/Config/GeometryAligned: 1/0 (1847296-1847296 bytes)
[79041:internal-dpl-ccdb-backend]: [16:37:49][INFO]   ITS/Config/AlpideParam: 1/0 (2048-2048 bytes)
[79041:internal-dpl-ccdb-backend]: [16:37:49][INFO]   ITS/Calib/ClusterDictionary: 1/0 (27648-27648 bytes)
[79041:internal-dpl-ccdb-backend]: [16:37:49][INFO]   GLO/Param/MatLUT: 1/0 (9225216-9225216 bytes)
[79041:internal-dpl-ccdb-backend]: [16:37:49][INFO]   CTP/Calib/OrbitReset: 1/2 (1024-1024 bytes)
[79041:internal-dpl-ccdb-backend]: [16:37:49][STATE] RUNNING ---> READY
[79041:internal-dpl-ccdb-backend]: [16:37:49][STATE] READY ---> RESETTING TASK
[79041:internal-dpl-ccdb-backend]: [16:37:49][STATE] RESETTING TASK ---> DEVICE READY
[79041:internal-dpl-ccdb-backend]: [16:37:49][STATE] DEVICE READY ---> RESETTING DEVICE
[79042:tpc-clusters-sharing-map-producer]: [16:37:49][STATE] READY ---> RESETTING TASK
[79042:tpc-clusters-sharing-map-producer]: [16:37:49][STATE] RESETTING TASK ---> DEVICE READY
[79042:tpc-clusters-sharing-map-producer]: [16:37:49][STATE] DEVICE READY ---> RESETTING DEVICE
[79043:itstpc-track-matcher]: [16:37:49][INFO] Received device shutdown request (signal 15).
[79043:itstpc-track-matcher]: [16:37:49][INFO] Waiting for graceful device shutdown. Hit Ctrl-C again to abort immediately.
[79043:itstpc-track-matcher]: [16:37:49][INFO] New state requested. No timeout set, quitting immediately as per --completion-policy
[79043:itstpc-track-matcher]: [16:37:49][STATE] RUNNING ---> READY
[79043:itstpc-track-matcher]: [16:37:49][STATE] READY ---> RESETTING TASK
[79043:itstpc-track-matcher]: [16:37:49][STATE] RESETTING TASK ---> DEVICE READY
[79043:itstpc-track-matcher]: [16:37:49][STATE] DEVICE READY ---> RESETTING DEVICE
[79044:itstpc-track-writer]: [16:37:49][INFO] Received device shutdown request (signal 15).
[79044:itstpc-track-writer]: [16:37:49][INFO] Waiting for graceful device shutdown. Hit Ctrl-C again to abort immediately.
[79045:internal-dpl-injected-dummy-sink]: [16:37:49][INFO] Received device shutdown request (signal 15).
[79045:internal-dpl-injected-dummy-sink]: [16:37:49][INFO] Waiting for graceful device shutdown. Hit Ctrl-C again to abort immediately.
[79045:internal-dpl-injected-dummy-sink]: [16:37:49][INFO] New state requested. No timeout set, quitting immediately as per --completion-policy
[79045:internal-dpl-injected-dummy-sink]: [16:37:49][STATE] RUNNING ---> READY
[79045:internal-dpl-injected-dummy-sink]: [16:37:49][STATE] READY ---> RESETTING TASK
[79045:internal-dpl-injected-dummy-sink]: [16:37:49][STATE] RESETTING TASK ---> DEVICE READY
[79045:internal-dpl-injected-dummy-sink]: [16:37:49][STATE] DEVICE READY ---> RESETTING DEVICE
[79037:its-track-reader]: [16:37:49][STATE] DEVICE READY ---> RESETTING DEVICE
[79038:its-cluster-reader]: [16:37:49][STATE] RESETTING DEVICE ---> IDLE
[79039:ft0-recpoints-reader]: [16:37:49][STATE] READY ---> RESETTING TASK
[79039:ft0-recpoints-reader]: [16:37:49][STATE] RESETTING TASK ---> DEVICE READY
[79044:itstpc-track-writer]: [16:37:49][INFO] New state requested. No timeout set, quitting immediately as per --completion-policy
[79040:tpc-track-reader]: [16:37:49][STATE] DEVICE READY ---> RESETTING DEVICE
[79043:itstpc-track-matcher]: [16:37:49][STATE] RESETTING DEVICE ---> IDLE
[79039:ft0-recpoints-reader]: [16:37:49][STATE] DEVICE READY ---> RESETTING DEVICE
[79043:itstpc-track-matcher]: [16:37:49][STATE] IDLE ---> EXITING
[79043:itstpc-track-matcher]: [16:37:49][STATE] Exiting FairMQ state machine
[79041:internal-dpl-ccdb-backend]: [16:37:49][STATE] RESETTING DEVICE ---> IDLE
[79041:internal-dpl-ccdb-backend]: [16:37:49][STATE] IDLE ---> EXITING
[79037:its-track-reader]: [16:37:49][STATE] RESETTING DEVICE ---> IDLE
[79037:its-track-reader]: [16:37:49][STATE] IDLE ---> EXITING
[79037:its-track-reader]: [16:37:49][STATE] Exiting FairMQ state machine
[79038:its-cluster-reader]: [16:37:49][STATE] IDLE ---> EXITING
[79038:its-cluster-reader]: [16:37:49][STATE] Exiting FairMQ state machine
[79039:ft0-recpoints-reader]: [16:37:49][STATE] RESETTING DEVICE ---> IDLE
[79039:ft0-recpoints-reader]: [16:37:49][STATE] IDLE ---> EXITING
[79039:ft0-recpoints-reader]: [16:37:49][STATE] Exiting FairMQ state machine
[79040:tpc-track-reader]: [16:37:49][STATE] RESETTING DEVICE ---> IDLE
[79040:tpc-track-reader]: [16:37:49][STATE] IDLE ---> EXITING
[79040:tpc-track-reader]: [16:37:49][STATE] Exiting FairMQ state machine
[79041:internal-dpl-ccdb-backend]: [16:37:49][STATE] Exiting FairMQ state machine
[79042:tpc-clusters-sharing-map-producer]: [16:37:49][STATE] RESETTING DEVICE ---> IDLE
[79042:tpc-clusters-sharing-map-producer]: [16:37:49][STATE] IDLE ---> EXITING
[79042:tpc-clusters-sharing-map-producer]: [16:37:49][STATE] Exiting FairMQ state machine
[79045:internal-dpl-injected-dummy-sink]: [16:37:49][STATE] RESETTING DEVICE ---> IDLE
[79035:internal-dpl-clock]: [16:37:49][STATE] RESETTING DEVICE ---> IDLE
[79035:internal-dpl-clock]: [16:37:49][STATE] IDLE ---> EXITING
[79035:internal-dpl-clock]: [16:37:49][STATE] Exiting FairMQ state machine
[79036:tpc-native-cluster-reader]: [16:37:49][STATE] RESETTING DEVICE ---> IDLE
[79036:tpc-native-cluster-reader]: [16:37:49][STATE] IDLE ---> EXITING
[79036:tpc-native-cluster-reader]: [16:37:49][STATE] Exiting FairMQ state machine
[79045:internal-dpl-injected-dummy-sink]: [16:37:49][STATE] IDLE ---> EXITING
[79045:internal-dpl-injected-dummy-sink]: [16:37:49][STATE] Exiting FairMQ state machine
[79044:itstpc-track-writer]: [16:37:50][STATE] RUNNING ---> READY
[79044:itstpc-track-writer]: [16:37:50][STATE] READY ---> RESETTING TASK
[79044:itstpc-track-writer]: [16:37:50][STATE] RESETTING TASK ---> DEVICE READY
[79044:itstpc-track-writer]: [16:37:50][STATE] DEVICE READY ---> RESETTING DEVICE
[79044:itstpc-track-writer]: [16:37:50][INFO] Cleaning up for shared memory id '518fa554'...
[79044:itstpc-track-writer]: [16:37:50][INFO] Found 0 unmanaged regions...
[79044:itstpc-track-writer]: [16:37:50][INFO] Found 1 managed segments...
[79044:itstpc-track-writer]: [16:37:50][INFO] Successfully removed 'fmq_518fa554_m_0'.
[79044:itstpc-track-writer]: [16:37:50][INFO] Successfully removed 'fmq_518fa554_mng'.
[79044:itstpc-track-writer]: [16:37:50][STATE] RESETTING DEVICE ---> IDLE
[79044:itstpc-track-writer]: [16:37:50][STATE] IDLE ---> EXITING
[79044:itstpc-track-writer]: [16:37:50][STATE] Exiting FairMQ state machine
[INFO] ## Processes completed. Run summary:
[INFO] ### Devices started: 11
[INFO]  - Device internal-dpl-clock: pid 79035 (exit 0)
[INFO]  - Device tpc-native-cluster-reader: pid 79036 (exit 0)
[INFO]  - Device its-track-reader: pid 79037 (exit 0)
[INFO]  - Device its-cluster-reader: pid 79038 (exit 0)
[INFO]  - Device ft0-recpoints-reader: pid 79039 (exit 0)
[INFO]  - Device tpc-track-reader: pid 79040 (exit 0)
[INFO]  - Device internal-dpl-ccdb-backend: pid 79041 (exit 0)
[INFO]  - Device tpc-clusters-sharing-map-producer: pid 79042 (exit 0)
[INFO]  - Device itstpc-track-matcher: pid 79043 (exit 0)
[INFO]  - Device itstpc-track-writer: pid 79044 (exit 0)
[INFO]  - Device internal-dpl-injected-dummy-sink: pid 79045 (exit 0)
[INFO] Dumping used configuration in dpl-config.json
TASK-EXIT-CODE: 0
