Running: TIME="#walltime %e" /usr/bin/time --output=midreco.log_time ./midreco.log_tmp.sh
[INFO] Initialising O2 Data Processing Layer. Driver PID: 77705.
[INFO] Driver listening on port: 25785
[INFO] Rate limiting set up at 500MB distributed over 1 readers
[INFO] O2 Data Processing Layer initialised. We brake for nobody.
[INFO] Optimised build. O2DEBUG / LOG(debug) / LOGF(debug) / assert statement will not be shown.
[INFO] Redeployment of configuration asked.
[INFO] Starting internal-dpl-clock on pid 77779
[INFO] Starting MIDDigitsReader on pid 77780
[INFO] Starting internal-dpl-ccdb-backend on pid 77781
[INFO] Starting MIDFiltering on pid 77782
[INFO] Starting MIDClusterizer on pid 77783
[INFO] Starting MIDTracker on pid 77784
[INFO] Starting MIDRecoWriter on pid 77785
[INFO] Starting internal-dpl-injected-dummy-sink on pid 77786
[INFO] Redeployment of configuration done.
[77780:MIDDigitsReader]: [INFO] Instrumenting crash signals
[77780:MIDDigitsReader]: [INFO] Spawing new device MIDDigitsReader in process with pid 77780
[77780:MIDDigitsReader]: [16:37:15][INFO] 
[77780:MIDDigitsReader]:       ______      _    _______  _________ 
[77780:MIDDigitsReader]:      / ____/___ _(_)_______   |/  /_  __ \    version 1.6.0
[77780:MIDDigitsReader]:     / /_  / __ `/ / ___/__  /|_/ /_  / / /    build RELWITHDEBINFO
[77780:MIDDigitsReader]:    / __/ / /_/ / / /    _  /  / / / /_/ /     https://github.com/FairRootGroup/FairMQ
[77780:MIDDigitsReader]:   /_/    \__,_/_/_/     /_/  /_/  \___\_\     LGPL-3.0  © 2012-2023 GSI
[77780:MIDDigitsReader]: 
[77780:MIDDigitsReader]: [16:37:15][STATE] Starting FairMQ state machine --> IDLE
[77781:internal-dpl-ccdb-backend]: [INFO] Instrumenting crash signals
[77780:MIDDigitsReader]: [16:37:15][STATE] IDLE ---> INITIALIZING DEVICE
[77781:internal-dpl-ccdb-backend]: [INFO] Spawing new device internal-dpl-ccdb-backend in process with pid 77781
[77781:internal-dpl-ccdb-backend]: [16:37:15][INFO] 
[77781:internal-dpl-ccdb-backend]:       ______      _    _______  _________ 
[77781:internal-dpl-ccdb-backend]:      / ____/___ _(_)_______   |/  /_  __ \    version 1.6.0
[77781:internal-dpl-ccdb-backend]:     / /_  / __ `/ / ___/__  /|_/ /_  / / /    build RELWITHDEBINFO
[77781:internal-dpl-ccdb-backend]:    / __/ / /_/ / / /    _  /  / / / /_/ /     https://github.com/FairRootGroup/FairMQ
[77781:internal-dpl-ccdb-backend]:   /_/    \__,_/_/_/     /_/  /_/  \___\_\     LGPL-3.0  © 2012-2023 GSI
[77781:internal-dpl-ccdb-backend]: 
[77781:internal-dpl-ccdb-backend]: [16:37:15][STATE] Starting FairMQ state machine --> IDLE
[77781:internal-dpl-ccdb-backend]: [16:37:15][STATE] IDLE ---> INITIALIZING DEVICE
[77781:internal-dpl-ccdb-backend]: [16:37:15][INFO] CCDB Backend at: http://alice-ccdb.cern.ch, validity check for every 2147483647 TF
[77781:internal-dpl-ccdb-backend]: [16:37:15][INFO] Init CcdApi with UserAgentID: localhost.localdomain-1692715035-5dJPrD, Host: http://alice-ccdb.cern.ch
[77781:internal-dpl-ccdb-backend]: [16:37:15][INFO] Initialised default CCDB host http://alice-ccdb.cern.ch
[77781:internal-dpl-ccdb-backend]: [16:37:15][INFO] The following route is a condition MID/BAD_CHANNELS/0
[77781:internal-dpl-ccdb-backend]: [16:37:15][INFO] - ccdb-path: MID/Calib/BadChannels
[77781:internal-dpl-ccdb-backend]: [16:37:15][INFO] The following route is a condition MID/MASKED_CHANNELS/0
[77781:internal-dpl-ccdb-backend]: [16:37:15][INFO] - ccdb-path: MID/Calib/BadChannels
[77781:internal-dpl-ccdb-backend]: [16:37:15][INFO] The following route is a condition GLO/GEOMALIGN/0
[77781:internal-dpl-ccdb-backend]: [16:37:15][INFO] - ccdb-path: GLO/Config/GeometryAligned
[77781:internal-dpl-ccdb-backend]: [16:37:15][STATE] INITIALIZING DEVICE ---> INITIALIZED
[77781:internal-dpl-ccdb-backend]: [16:37:15][STATE] INITIALIZED ---> BINDING
[77781:internal-dpl-ccdb-backend]: [16:37:15][STATE] BINDING ---> BOUND
[77781:internal-dpl-ccdb-backend]: [16:37:15][STATE] BOUND ---> CONNECTING
[77781:internal-dpl-ccdb-backend]: [16:37:15][STATE] CONNECTING ---> DEVICE READY
[77781:internal-dpl-ccdb-backend]: [16:37:15][STATE] DEVICE READY ---> INITIALIZING TASK
[77785:MIDRecoWriter]: [INFO] Instrumenting crash signals
[77783:MIDClusterizer]: [INFO] Instrumenting crash signals
[77783:MIDClusterizer]: [INFO] Spawing new device MIDClusterizer in process with pid 77783
[77783:MIDClusterizer]: [16:37:15][INFO] 
[77783:MIDClusterizer]:       ______      _    _______  _________ 
[77783:MIDClusterizer]:      / ____/___ _(_)_______   |/  /_  __ \    version 1.6.0
[77783:MIDClusterizer]:     / /_  / __ `/ / ___/__  /|_/ /_  / / /    build RELWITHDEBINFO
[77783:MIDClusterizer]:    / __/ / /_/ / / /    _  /  / / / /_/ /     https://github.com/FairRootGroup/FairMQ
[77783:MIDClusterizer]:   /_/    \__,_/_/_/     /_/  /_/  \___\_\     LGPL-3.0  © 2012-2023 GSI
[77783:MIDClusterizer]: 
[77783:MIDClusterizer]: [16:37:15][STATE] Starting FairMQ state machine --> IDLE
[77785:MIDRecoWriter]: [INFO] Spawing new device MIDRecoWriter in process with pid 77785
[77785:MIDRecoWriter]: [16:37:15][INFO] 
[77785:MIDRecoWriter]:       ______      _    _______  _________ 
[77785:MIDRecoWriter]:      / ____/___ _(_)_______   |/  /_  __ \    version 1.6.0
[77785:MIDRecoWriter]:     / /_  / __ `/ / ___/__  /|_/ /_  / / /    build RELWITHDEBINFO
[77785:MIDRecoWriter]:    / __/ / /_/ / / /    _  /  / / / /_/ /     https://github.com/FairRootGroup/FairMQ
[77785:MIDRecoWriter]:   /_/    \__,_/_/_/     /_/  /_/  \___\_\     LGPL-3.0  © 2012-2023 GSI
[77785:MIDRecoWriter]: 
[77785:MIDRecoWriter]: [16:37:15][STATE] Starting FairMQ state machine --> IDLE
[77785:MIDRecoWriter]: [16:37:15][STATE] IDLE ---> INITIALIZING DEVICE
[77782:MIDFiltering]: [INFO] Instrumenting crash signals
[77782:MIDFiltering]: [INFO] Spawing new device MIDFiltering in process with pid 77782
[77783:MIDClusterizer]: [16:37:15][STATE] IDLE ---> INITIALIZING DEVICE
[77783:MIDClusterizer]: [16:37:15][STATE] INITIALIZING DEVICE ---> INITIALIZED
[77783:MIDClusterizer]: [16:37:15][STATE] INITIALIZED ---> BINDING
[77783:MIDClusterizer]: [16:37:15][STATE] BINDING ---> BOUND
[77783:MIDClusterizer]: [16:37:15][STATE] BOUND ---> CONNECTING
[77783:MIDClusterizer]: [16:37:15][STATE] CONNECTING ---> DEVICE READY
[77783:MIDClusterizer]: [16:37:15][STATE] DEVICE READY ---> INITIALIZING TASK
[77785:MIDRecoWriter]: [16:37:15][INFO] 0: branch  MIDTrack set up
[77785:MIDRecoWriter]: [16:37:15][INFO] 1: branch  MIDTrackCluster set up
[77785:MIDRecoWriter]: [16:37:15][INFO] 2: branch  MIDTrackROF set up
[77785:MIDRecoWriter]: [16:37:15][INFO] 3: branch  MIDTrackClusterROF set up
[77785:MIDRecoWriter]: [16:37:15][INFO] 4: branch  MIDTrackLabels set up
[77785:MIDRecoWriter]: [16:37:15][INFO] 5: branch  MIDTrackClusterLabels set up
[77783:MIDClusterizer]: [16:37:15][STATE] INITIALIZING TASK ---> READY
[77783:MIDClusterizer]: [16:37:15][STATE] READY ---> RUNNING
[77783:MIDClusterizer]: [16:37:15][INFO] fair::mq::Device running...
[77783:MIDClusterizer]: [16:37:15][INFO] LHCPeriod is not available, using current month AUG
[77785:MIDRecoWriter]: [16:37:15][STATE] INITIALIZING DEVICE ---> INITIALIZED
[77783:MIDClusterizer]: [16:37:15][INFO] Correctly handshaken websocket connection.
[77784:MIDTracker]: [INFO] Instrumenting crash signals
[77784:MIDTracker]: [INFO] Spawing new device MIDTracker in process with pid 77784
[77784:MIDTracker]: [16:37:15][INFO] 
[77784:MIDTracker]:       ______      _    _______  _________ 
[77784:MIDTracker]:      / ____/___ _(_)_______   |/  /_  __ \    version 1.6.0
[77784:MIDTracker]:     / /_  / __ `/ / ___/__  /|_/ /_  / / /    build RELWITHDEBINFO
[77784:MIDTracker]:    / __/ / /_/ / / /    _  /  / / / /_/ /     https://github.com/FairRootGroup/FairMQ
[77784:MIDTracker]:   /_/    \__,_/_/_/     /_/  /_/  \___\_\     LGPL-3.0  © 2012-2023 GSI
[77784:MIDTracker]: 
[77784:MIDTracker]: [16:37:15][STATE] Starting FairMQ state machine --> IDLE
[77785:MIDRecoWriter]: [16:37:15][STATE] INITIALIZED ---> BINDING
[77785:MIDRecoWriter]: [16:37:15][STATE] BINDING ---> BOUND
[77785:MIDRecoWriter]: [16:37:15][STATE] BOUND ---> CONNECTING
[77785:MIDRecoWriter]: [16:37:15][STATE] CONNECTING ---> DEVICE READY
[77785:MIDRecoWriter]: [16:37:15][STATE] DEVICE READY ---> INITIALIZING TASK
[77782:MIDFiltering]: [16:37:15][INFO] 
[77782:MIDFiltering]:       ______      _    _______  _________ 
[77782:MIDFiltering]:      / ____/___ _(_)_______   |/  /_  __ \    version 1.6.0
[77782:MIDFiltering]:     / /_  / __ `/ / ___/__  /|_/ /_  / / /    build RELWITHDEBINFO
[77782:MIDFiltering]:    / __/ / /_/ / / /    _  /  / / / /_/ /     https://github.com/FairRootGroup/FairMQ
[77782:MIDFiltering]:   /_/    \__,_/_/_/     /_/  /_/  \___\_\     LGPL-3.0  © 2012-2023 GSI
[77782:MIDFiltering]: 
[77785:MIDRecoWriter]: [16:37:15][STATE] INITIALIZING TASK ---> READY
[77782:MIDFiltering]: [16:37:15][STATE] Starting FairMQ state machine --> IDLE
[77785:MIDRecoWriter]: [16:37:15][STATE] READY ---> RUNNING
[77785:MIDRecoWriter]: [16:37:15][INFO] fair::mq::Device running...
[77785:MIDRecoWriter]: [16:37:15][INFO] LHCPeriod is not available, using current month AUG
[77782:MIDFiltering]: [16:37:15][STATE] IDLE ---> INITIALIZING DEVICE
[77782:MIDFiltering]: [16:37:15][STATE] INITIALIZING DEVICE ---> INITIALIZED
[77782:MIDFiltering]: [16:37:15][STATE] INITIALIZED ---> BINDING
[77782:MIDFiltering]: [16:37:15][STATE] BINDING ---> BOUND
[77782:MIDFiltering]: [16:37:15][STATE] BOUND ---> CONNECTING
[77782:MIDFiltering]: [16:37:15][STATE] CONNECTING ---> DEVICE READY
[77782:MIDFiltering]: [16:37:15][STATE] DEVICE READY ---> INITIALIZING TASK
[77786:internal-dpl-injected-dummy-sink]: [INFO] Instrumenting crash signals
[77785:MIDRecoWriter]: [16:37:15][INFO] Correctly handshaken websocket connection.
[77786:internal-dpl-injected-dummy-sink]: [INFO] Spawing new device internal-dpl-injected-dummy-sink in process with pid 77786
[77781:internal-dpl-ccdb-backend]: [16:37:15][STATE] INITIALIZING TASK ---> READY
[77786:internal-dpl-injected-dummy-sink]: [16:37:15][INFO] 
[77786:internal-dpl-injected-dummy-sink]:       ______      _    _______  _________ 
[77786:internal-dpl-injected-dummy-sink]:      / ____/___ _(_)_______   |/  /_  __ \    version 1.6.0
[77786:internal-dpl-injected-dummy-sink]:     / /_  / __ `/ / ___/__  /|_/ /_  / / /    build RELWITHDEBINFO
[77786:internal-dpl-injected-dummy-sink]:    / __/ / /_/ / / /    _  /  / / / /_/ /     https://github.com/FairRootGroup/FairMQ
[77786:internal-dpl-injected-dummy-sink]:   /_/    \__,_/_/_/     /_/  /_/  \___\_\     LGPL-3.0  © 2012-2023 GSI
[77786:internal-dpl-injected-dummy-sink]: 
[77786:internal-dpl-injected-dummy-sink]: [16:37:15][STATE] Starting FairMQ state machine --> IDLE
[77781:internal-dpl-ccdb-backend]: [16:37:15][STATE] READY ---> RUNNING
[77781:internal-dpl-ccdb-backend]: [16:37:15][INFO] fair::mq::Device running...
[77781:internal-dpl-ccdb-backend]: [16:37:15][INFO] LHCPeriod is not available, using current month AUG
[77781:internal-dpl-ccdb-backend]: [16:37:15][INFO] Correctly handshaken websocket connection.
[77786:internal-dpl-injected-dummy-sink]: [16:37:15][STATE] IDLE ---> INITIALIZING DEVICE
[77786:internal-dpl-injected-dummy-sink]: [16:37:15][STATE] INITIALIZING DEVICE ---> INITIALIZED
[77786:internal-dpl-injected-dummy-sink]: [16:37:15][STATE] INITIALIZED ---> BINDING
[77786:internal-dpl-injected-dummy-sink]: [16:37:15][STATE] BINDING ---> BOUND
[77786:internal-dpl-injected-dummy-sink]: [16:37:15][STATE] BOUND ---> CONNECTING
[77786:internal-dpl-injected-dummy-sink]: [16:37:15][STATE] CONNECTING ---> DEVICE READY
[77786:internal-dpl-injected-dummy-sink]: [16:37:15][STATE] DEVICE READY ---> INITIALIZING TASK
[77786:internal-dpl-injected-dummy-sink]: [16:37:15][STATE] INITIALIZING TASK ---> READY
[77786:internal-dpl-injected-dummy-sink]: [16:37:15][STATE] READY ---> RUNNING
[77786:internal-dpl-injected-dummy-sink]: [16:37:15][INFO] fair::mq::Device running...
[77786:internal-dpl-injected-dummy-sink]: [16:37:15][INFO] LHCPeriod is not available, using current month AUG
[77786:internal-dpl-injected-dummy-sink]: [16:37:15][INFO] Correctly handshaken websocket connection.
[77782:MIDFiltering]: [16:37:15][STATE] INITIALIZING TASK ---> READY
[77782:MIDFiltering]: [16:37:15][STATE] READY ---> RUNNING
[77782:MIDFiltering]: [16:37:15][INFO] fair::mq::Device running...
[77782:MIDFiltering]: [16:37:15][INFO] LHCPeriod is not available, using current month AUG
[77784:MIDTracker]: [16:37:15][STATE] IDLE ---> INITIALIZING DEVICE
[77784:MIDTracker]: [16:37:15][STATE] INITIALIZING DEVICE ---> INITIALIZED
[77782:MIDFiltering]: [16:37:15][INFO] Correctly handshaken websocket connection.
[77784:MIDTracker]: [16:37:15][STATE] INITIALIZED ---> BINDING
[77784:MIDTracker]: [16:37:15][STATE] BINDING ---> BOUND
[77784:MIDTracker]: [16:37:15][STATE] BOUND ---> CONNECTING
[77784:MIDTracker]: [16:37:15][STATE] CONNECTING ---> DEVICE READY
[77784:MIDTracker]: [16:37:15][STATE] DEVICE READY ---> INITIALIZING TASK
[77784:MIDTracker]: [16:37:15][STATE] INITIALIZING TASK ---> READY
[77784:MIDTracker]: [16:37:15][STATE] READY ---> RUNNING
[77784:MIDTracker]: [16:37:15][INFO] fair::mq::Device running...
[77784:MIDTracker]: [16:37:15][INFO] LHCPeriod is not available, using current month AUG
[77784:MIDTracker]: [16:37:15][INFO] Correctly handshaken websocket connection.
[77779:internal-dpl-clock]: [INFO] Instrumenting crash signals
[77779:internal-dpl-clock]: [INFO] Spawing new device internal-dpl-clock in process with pid 77779
[77779:internal-dpl-clock]: [16:37:15][INFO] 
[77779:internal-dpl-clock]:       ______      _    _______  _________ 
[77779:internal-dpl-clock]:      / ____/___ _(_)_______   |/  /_  __ \    version 1.6.0
[77779:internal-dpl-clock]:     / /_  / __ `/ / ___/__  /|_/ /_  / / /    build RELWITHDEBINFO
[77779:internal-dpl-clock]:    / __/ / /_/ / / /    _  /  / / / /_/ /     https://github.com/FairRootGroup/FairMQ
[77779:internal-dpl-clock]:   /_/    \__,_/_/_/     /_/  /_/  \___\_\     LGPL-3.0  © 2012-2023 GSI
[77779:internal-dpl-clock]: 
[77779:internal-dpl-clock]: [16:37:15][STATE] Starting FairMQ state machine --> IDLE
[77779:internal-dpl-clock]: [16:37:15][STATE] IDLE ---> INITIALIZING DEVICE
[77779:internal-dpl-clock]: [16:37:15][STATE] INITIALIZING DEVICE ---> INITIALIZED
[77779:internal-dpl-clock]: [16:37:15][STATE] INITIALIZED ---> BINDING
[77779:internal-dpl-clock]: [16:37:15][STATE] BINDING ---> BOUND
[77779:internal-dpl-clock]: [16:37:15][STATE] BOUND ---> CONNECTING
[77779:internal-dpl-clock]: [16:37:15][STATE] CONNECTING ---> DEVICE READY
[77779:internal-dpl-clock]: [16:37:15][STATE] DEVICE READY ---> INITIALIZING TASK
[77779:internal-dpl-clock]: [16:37:15][STATE] INITIALIZING TASK ---> READY
[77779:internal-dpl-clock]: [16:37:15][STATE] READY ---> RUNNING
[77779:internal-dpl-clock]: [16:37:15][INFO] fair::mq::Device running...
[77779:internal-dpl-clock]: [16:37:15][INFO] LHCPeriod is not available, using current month AUG
[77779:internal-dpl-clock]: [16:37:15][INFO] Correctly handshaken websocket connection.
[77780:MIDDigitsReader]: [16:37:15][INFO] branch set up: MIDDigit
[77780:MIDDigitsReader]: [16:37:15][INFO] branch set up: MIDROFRecords
[77780:MIDDigitsReader]: [16:37:15][INFO] branch set up: MIDDigitMCLabels
[77780:MIDDigitsReader]: [16:37:15][STATE] INITIALIZING DEVICE ---> INITIALIZED
[77780:MIDDigitsReader]: [16:37:15][STATE] INITIALIZED ---> BINDING
[77780:MIDDigitsReader]: [16:37:15][STATE] BINDING ---> BOUND
[77780:MIDDigitsReader]: [16:37:15][STATE] BOUND ---> CONNECTING
[77780:MIDDigitsReader]: [16:37:15][STATE] CONNECTING ---> DEVICE READY
[77780:MIDDigitsReader]: [16:37:15][STATE] DEVICE READY ---> INITIALIZING TASK
[77780:MIDDigitsReader]: [16:37:15][STATE] INITIALIZING TASK ---> READY
[77780:MIDDigitsReader]: [16:37:15][STATE] READY ---> RUNNING
[77780:MIDDigitsReader]: [16:37:15][INFO] fair::mq::Device running...
[77780:MIDDigitsReader]: [16:37:15][INFO] LHCPeriod is not available, using current month AUG
[77780:MIDDigitsReader]: [16:37:15][INFO] Correctly handshaken websocket connection.
[77780:MIDDigitsReader]: [16:37:15][INFO] Sending end-of-stream message to channel from_MIDDigitsReader_to_internal-dpl-ccdb-backend
[77780:MIDDigitsReader]: [16:37:15][INFO] Sending end-of-stream message to channel from_MIDDigitsReader_to_MIDFiltering
[77781:internal-dpl-ccdb-backend]: Info in <TJAlienConnectionManager>: Opening connection to JCentral. Please wait
[77781:internal-dpl-ccdb-backend]: Info in <TJAlienConnectionManager>: Opening connection to 137.138.47.222
[77781:internal-dpl-ccdb-backend]: Info in <TJAlienConnectionManager>: Successfully connected to 137.138.47.222
[77781:internal-dpl-ccdb-backend]: Info in <TJAlienFile::Open>: Accessing file /alice/data/CCDB/CTP/Calib/OrbitReset/06/62200/b9f985c3-b4b0-11ec-8fd3-90ce809b24ee in SE <ALICE::CERN::EOS>
[77781:internal-dpl-ccdb-backend]: [16:37:17][INFO] ccdb reads http://alice-ccdb.cern.ch/CTP/Calib/OrbitReset/1546300800000/b9f985c3-b4b0-11ec-8fd3-90ce809b24ee for 1546300800000 (load to memory, agent_id: localhost.localdomain-1692715035-5dJPrD), 
[77781:internal-dpl-ccdb-backend]: Info in <TJAlienFile::Open>: Accessing file /alice/data/CCDB/MID/Calib/BadChannels/02/17415/639eaa1c-d070-11ec-8000-0aa204881b9a in SE <ALICE::CERN::OCDB>
[77781:internal-dpl-ccdb-backend]: [16:37:17][INFO] ccdb reads http://alice-ccdb.cern.ch/MID/Calib/BadChannels/6635/639eaa1c-d070-11ec-8000-0aa204881b9a for 1546300800000 (load to memory, agent_id: localhost.localdomain-1692715035-5dJPrD), 
[77781:internal-dpl-ccdb-backend]: Info in <TJAlienFile::Open>: Accessing file /alice/data/CCDB/GLO/Config/GeometryAligned/06/21224/787687c0-287a-11ed-8141-200114580202 in SE <ALICE::CERN::OCDB>
[77781:internal-dpl-ccdb-backend]: [16:37:17][INFO] ccdb reads http://alice-ccdb.cern.ch/GLO/Config/GeometryAligned/1546300800000/787687c0-287a-11ed-8141-200114580202 for 1546300800000 (load to memory, agent_id: localhost.localdomain-1692715035-5dJPrD), 
[77781:internal-dpl-ccdb-backend]: [16:37:17][INFO] Sending end-of-stream message to channel from_internal-dpl-ccdb-backend_to_MIDFiltering
[77781:internal-dpl-ccdb-backend]: [16:37:17][INFO] Sending end-of-stream message to channel from_internal-dpl-ccdb-backend_to_MIDTracker
[77781:internal-dpl-ccdb-backend]: [16:37:17][INFO] Sending end-of-stream message to channel from_internal-dpl-ccdb-backend_to_internal-dpl-injected-dummy-sink
[77782:MIDFiltering]: [16:37:20][INFO] Update MID_BAD_CHANNELS
[77782:MIDFiltering]: [16:37:20][INFO] Caching in 140221532283584 ptr to MID/BAD_CHANNELS/0 (0x4a09c80)
[77782:MIDFiltering]: [16:37:20][INFO] Sending end-of-stream message to channel from_MIDFiltering_to_MIDClusterizer
[77783:MIDClusterizer]: [16:37:20][INFO] Sending end-of-stream message to channel from_MIDClusterizer_to_MIDTracker
[77784:MIDTracker]: Info in <TGeoManager::CloseGeometry>: Geometry loaded from file...
[77784:MIDTracker]: Info in <TGeoManager::SetTopVolume>: Top volume is cave. Master volume is cave
[77784:MIDTracker]: Info in <TGeoNavigator::BuildCache>: --- Maximum geometry depth set to 100
[77784:MIDTracker]: Info in <TGeoManager::Voxelize>: Voxelizing...
[77784:MIDTracker]: Info in <TGeoManager::CountLevels>: max level = 13, max placements = 735
[77784:MIDTracker]: Info in <TGeoManager::CloseGeometry>: 5346742 nodes/ 27442 volume UID's in FAIR geometry
[77784:MIDTracker]: Info in <TGeoManager::CloseGeometry>: ----------------modeler ready----------------
[77784:MIDTracker]: [16:37:25][INFO] aligned geometry updated
[77784:MIDTracker]: [16:37:25][INFO] Caching in 140387553082464 ptr to GLO/GEOMALIGN/0 (0x4066d00)
[77784:MIDTracker]: [16:37:27][INFO] Update MID_MASKED_CHANNELS
[77784:MIDTracker]: [16:37:27][INFO] Caching in 140387553080000 ptr to MID/MASKED_CHANNELS/0 (0x3ead8e0)
[77784:MIDTracker]: [16:37:27][INFO] Sending end-of-stream message to channel from_MIDTracker_to_MIDRecoWriter
[77785:MIDRecoWriter]: [16:37:27][ERROR] Some Lifetime::Timeframe data got dropped starting at 1
[INFO] Quitting
[INFO] QUIT_REQUESTED
[77779:internal-dpl-clock]: [16:37:27][INFO] Received device shutdown request (signal 15).
[77779:internal-dpl-clock]: [16:37:27][INFO] Waiting for graceful device shutdown. Hit Ctrl-C again to abort immediately.
[77779:internal-dpl-clock]: [16:37:27][INFO] New state requested. No timeout set, quitting immediately as per --completion-policy
[77779:internal-dpl-clock]: [16:37:27][STATE] RUNNING ---> READY
[77780:MIDDigitsReader]: [16:37:27][INFO] Received device shutdown request (signal 15).
[77780:MIDDigitsReader]: [16:37:27][INFO] Waiting for graceful device shutdown. Hit Ctrl-C again to abort immediately.
[77780:MIDDigitsReader]: [16:37:27][INFO] New state requested. No timeout set, quitting immediately as per --completion-policy
[77780:MIDDigitsReader]: [16:37:27][STATE] RUNNING ---> READY
[77780:MIDDigitsReader]: [16:37:27][STATE] READY ---> RESETTING TASK
[77780:MIDDigitsReader]: [16:37:27][STATE] RESETTING TASK ---> DEVICE READY
[77780:MIDDigitsReader]: [16:37:27][STATE] DEVICE READY ---> RESETTING DEVICE
[77781:internal-dpl-ccdb-backend]: [16:37:27][INFO] Received device shutdown request (signal 15).
[77781:internal-dpl-ccdb-backend]: [16:37:27][INFO] Waiting for graceful device shutdown. Hit Ctrl-C again to abort immediately.
[77781:internal-dpl-ccdb-backend]: [16:37:27][INFO] New state requested. No timeout set, quitting immediately as per --completion-policy
[77781:internal-dpl-ccdb-backend]: [16:37:27][INFO] CCDB cache miss/hit ratio:
[77781:internal-dpl-ccdb-backend]: [16:37:27][INFO]   GLO/Config/GeometryAligned: 1/0 (1847296-1847296 bytes)
[77781:internal-dpl-ccdb-backend]: [16:37:27][INFO]   MID/Calib/BadChannels: 1/1 (2048-2048 bytes)
[77781:internal-dpl-ccdb-backend]: [16:37:27][INFO]   CTP/Calib/OrbitReset: 1/1 (1024-1024 bytes)
[77781:internal-dpl-ccdb-backend]: [16:37:27][STATE] RUNNING ---> READY
[77782:MIDFiltering]: [16:37:27][INFO] Received device shutdown request (signal 15).
[77782:MIDFiltering]: [16:37:27][INFO] Waiting for graceful device shutdown. Hit Ctrl-C again to abort immediately.
[77782:MIDFiltering]: [16:37:27][INFO] New state requested. No timeout set, quitting immediately as per --completion-policy
[77782:MIDFiltering]: [16:37:27][STATE] RUNNING ---> READY
[77782:MIDFiltering]: [16:37:27][STATE] READY ---> RESETTING TASK
[77782:MIDFiltering]: [16:37:27][STATE] RESETTING TASK ---> DEVICE READY
[77782:MIDFiltering]: [16:37:27][STATE] DEVICE READY ---> RESETTING DEVICE
[77783:MIDClusterizer]: [16:37:27][INFO] Received device shutdown request (signal 15).
[77783:MIDClusterizer]: [16:37:27][INFO] Waiting for graceful device shutdown. Hit Ctrl-C again to abort immediately.
[77783:MIDClusterizer]: [16:37:27][INFO] New state requested. No timeout set, quitting immediately as per --completion-policy
[77783:MIDClusterizer]: [16:37:27][INFO] Processing time / 4 ROFs: full: 1039.52 us  pre-clustering: 178.22 us  clustering: 240.965 us
[77783:MIDClusterizer]: [16:37:27][STATE] RUNNING ---> READY
[77783:MIDClusterizer]: [16:37:27][STATE] READY ---> RESETTING TASK
[77783:MIDClusterizer]: [16:37:27][STATE] RESETTING TASK ---> DEVICE READY
[77783:MIDClusterizer]: [16:37:27][STATE] DEVICE READY ---> RESETTING DEVICE
[77784:MIDTracker]: [16:37:27][INFO] Received device shutdown request (signal 15).
[77784:MIDTracker]: [16:37:27][INFO] Waiting for graceful device shutdown. Hit Ctrl-C again to abort immediately.
[77784:MIDTracker]: [16:37:27][INFO] New state requested. No timeout set, quitting immediately as per --completion-policy
[77784:MIDTracker]: [16:37:27][INFO] Processing time / 4 ROFs: full: 1.75716e+06 us  tracking: 13.7605 us  hitMapBuilder: 1.987e-06 us
[77784:MIDTracker]: [16:37:27][STATE] RUNNING ---> READY
[77785:MIDRecoWriter]: [16:37:27][INFO] Received device shutdown request (signal 15).
[77785:MIDRecoWriter]: [16:37:27][INFO] Waiting for graceful device shutdown. Hit Ctrl-C again to abort immediately.
[77785:MIDRecoWriter]: [16:37:27][INFO] New state requested. No timeout set, quitting immediately as per --completion-policy
[77786:internal-dpl-injected-dummy-sink]: [16:37:27][INFO] Received device shutdown request (signal 15).
[77786:internal-dpl-injected-dummy-sink]: [16:37:27][INFO] Waiting for graceful device shutdown. Hit Ctrl-C again to abort immediately.
[77786:internal-dpl-injected-dummy-sink]: [16:37:27][INFO] New state requested. No timeout set, quitting immediately as per --completion-policy
[77786:internal-dpl-injected-dummy-sink]: [16:37:27][STATE] RUNNING ---> READY
[77786:internal-dpl-injected-dummy-sink]: [16:37:27][STATE] READY ---> RESETTING TASK
[77786:internal-dpl-injected-dummy-sink]: [16:37:27][STATE] RESETTING TASK ---> DEVICE READY
[77786:internal-dpl-injected-dummy-sink]: [16:37:27][STATE] DEVICE READY ---> RESETTING DEVICE
[77784:MIDTracker]: [16:37:27][STATE] READY ---> RESETTING TASK
[77784:MIDTracker]: [16:37:27][STATE] RESETTING TASK ---> DEVICE READY
[77784:MIDTracker]: [16:37:27][STATE] DEVICE READY ---> RESETTING DEVICE
[77779:internal-dpl-clock]: [16:37:27][STATE] READY ---> RESETTING TASK
[77779:internal-dpl-clock]: [16:37:27][STATE] RESETTING TASK ---> DEVICE READY
[77779:internal-dpl-clock]: [16:37:27][STATE] DEVICE READY ---> RESETTING DEVICE
[77781:internal-dpl-ccdb-backend]: [16:37:27][STATE] READY ---> RESETTING TASK
[77781:internal-dpl-ccdb-backend]: [16:37:27][STATE] RESETTING TASK ---> DEVICE READY
[77781:internal-dpl-ccdb-backend]: [16:37:27][STATE] DEVICE READY ---> RESETTING DEVICE
[77786:internal-dpl-injected-dummy-sink]: [16:37:27][STATE] RESETTING DEVICE ---> IDLE
[77779:internal-dpl-clock]: [16:37:27][STATE] RESETTING DEVICE ---> IDLE
[77786:internal-dpl-injected-dummy-sink]: [16:37:27][STATE] IDLE ---> EXITING
[77780:MIDDigitsReader]: [16:37:27][STATE] RESETTING DEVICE ---> IDLE
[77781:internal-dpl-ccdb-backend]: [16:37:27][STATE] RESETTING DEVICE ---> IDLE
[77779:internal-dpl-clock]: [16:37:27][STATE] IDLE ---> EXITING
[77779:internal-dpl-clock]: [16:37:27][STATE] Exiting FairMQ state machine
[77780:MIDDigitsReader]: [16:37:27][STATE] IDLE ---> EXITING
[77780:MIDDigitsReader]: [16:37:27][STATE] Exiting FairMQ state machine
[77781:internal-dpl-ccdb-backend]: [16:37:27][STATE] IDLE ---> EXITING
[77781:internal-dpl-ccdb-backend]: [16:37:27][STATE] Exiting FairMQ state machine
[77782:MIDFiltering]: [16:37:27][STATE] RESETTING DEVICE ---> IDLE
[77782:MIDFiltering]: [16:37:27][STATE] IDLE ---> EXITING
[77782:MIDFiltering]: [16:37:27][STATE] Exiting FairMQ state machine
[77783:MIDClusterizer]: [16:37:27][STATE] RESETTING DEVICE ---> IDLE
[77783:MIDClusterizer]: [16:37:27][STATE] IDLE ---> EXITING
[77783:MIDClusterizer]: [16:37:27][STATE] Exiting FairMQ state machine
[77784:MIDTracker]: [16:37:27][STATE] RESETTING DEVICE ---> IDLE
[77784:MIDTracker]: [16:37:27][STATE] IDLE ---> EXITING
[77784:MIDTracker]: [16:37:27][STATE] Exiting FairMQ state machine
[77786:internal-dpl-injected-dummy-sink]: [16:37:27][STATE] Exiting FairMQ state machine
[77785:MIDRecoWriter]: [16:37:27][STATE] RUNNING ---> READY
[77785:MIDRecoWriter]: [16:37:27][STATE] READY ---> RESETTING TASK
[77785:MIDRecoWriter]: [16:37:27][STATE] RESETTING TASK ---> DEVICE READY
[77785:MIDRecoWriter]: [16:37:27][STATE] DEVICE READY ---> RESETTING DEVICE
[77785:MIDRecoWriter]: [16:37:27][INFO] Cleaning up for shared memory id '40ec12c0'...
[77785:MIDRecoWriter]: [16:37:27][INFO] Found 0 unmanaged regions...
[77785:MIDRecoWriter]: [16:37:27][INFO] Found 1 managed segments...
[77785:MIDRecoWriter]: [16:37:27][INFO] Successfully removed 'fmq_40ec12c0_m_0'.
[77785:MIDRecoWriter]: [16:37:27][INFO] Successfully removed 'fmq_40ec12c0_mng'.
[77785:MIDRecoWriter]: [16:37:27][STATE] RESETTING DEVICE ---> IDLE
[77785:MIDRecoWriter]: [16:37:27][STATE] IDLE ---> EXITING
[77785:MIDRecoWriter]: [16:37:27][STATE] Exiting FairMQ state machine
[INFO] ## Processes completed. Run summary:
[INFO] ### Devices started: 8
[INFO]  - Device internal-dpl-clock: pid 77779 (exit 0)
[INFO]  - Device MIDDigitsReader: pid 77780 (exit 0)
[INFO]  - Device internal-dpl-ccdb-backend: pid 77781 (exit 0)
[INFO]  - Device MIDFiltering: pid 77782 (exit 0)
[INFO]  - Device MIDClusterizer: pid 77783 (exit 0)
[INFO]  - Device MIDTracker: pid 77784 (exit 0)
[INFO]  - Device MIDRecoWriter: pid 77785 (exit 0)
[INFO]  - Device internal-dpl-injected-dummy-sink: pid 77786 (exit 0)
[INFO] Dumping used configuration in dpl-config.json
TASK-EXIT-CODE: 0
