Running: TIME="#walltime %e" /usr/bin/time --output=trdtrap.log_time ./trdtrap.log_tmp.sh
[INFO] Initialising O2 Data Processing Layer. Driver PID: 70122.
[INFO] Driver listening on port: 18202
[INFO] Rate limiting set up at 500MB distributed over 1 readers
[INFO] O2 Data Processing Layer initialised. We brake for nobody.
[INFO] Optimised build. O2DEBUG / LOG(debug) / LOGF(debug) / assert statement will not be shown.
[INFO] Redeployment of configuration asked.
[INFO] Starting internal-dpl-clock on pid 70192
[INFO] Starting TRDDIGITREADER on pid 70193
[INFO] Starting TRAP on pid 70194
[INFO] Starting TRD-tracklet-writer on pid 70195
[INFO] Starting internal-dpl-injected-dummy-sink on pid 70196
[INFO] Redeployment of configuration done.
[70194:TRAP]: [INFO] Instrumenting crash signals
[70194:TRAP]: [INFO] Spawing new device TRAP in process with pid 70194
[70193:TRDDIGITREADER]: [INFO] Instrumenting crash signals
[70193:TRDDIGITREADER]: [INFO] Spawing new device TRDDIGITREADER in process with pid 70193
[70193:TRDDIGITREADER]: [16:35:37][INFO] 
[70193:TRDDIGITREADER]:       ______      _    _______  _________ 
[70193:TRDDIGITREADER]:      / ____/___ _(_)_______   |/  /_  __ \    version 1.6.0
[70193:TRDDIGITREADER]:     / /_  / __ `/ / ___/__  /|_/ /_  / / /    build RELWITHDEBINFO
[70193:TRDDIGITREADER]:    / __/ / /_/ / / /    _  /  / / / /_/ /     https://github.com/FairRootGroup/FairMQ
[70193:TRDDIGITREADER]:   /_/    \__,_/_/_/     /_/  /_/  \___\_\     LGPL-3.0  © 2012-2023 GSI
[70193:TRDDIGITREADER]: 
[70193:TRDDIGITREADER]: [16:35:37][STATE] Starting FairMQ state machine --> IDLE
[70194:TRAP]: [16:35:37][INFO] 
[70194:TRAP]:       ______      _    _______  _________ 
[70194:TRAP]:      / ____/___ _(_)_______   |/  /_  __ \    version 1.6.0
[70194:TRAP]:     / /_  / __ `/ / ___/__  /|_/ /_  / / /    build RELWITHDEBINFO
[70194:TRAP]:    / __/ / /_/ / / /    _  /  / / / /_/ /     https://github.com/FairRootGroup/FairMQ
[70194:TRAP]:   /_/    \__,_/_/_/     /_/  /_/  \___\_\     LGPL-3.0  © 2012-2023 GSI
[70194:TRAP]: 
[70194:TRAP]: [16:35:37][STATE] Starting FairMQ state machine --> IDLE
[70193:TRDDIGITREADER]: [16:35:37][STATE] IDLE ---> INITIALIZING DEVICE
[70194:TRAP]: [16:35:37][STATE] IDLE ---> INITIALIZING DEVICE
[70194:TRAP]: [16:35:37][INFO] Tracklet charges will be calculated using a fixed multiplier
[70194:TRAP]: [16:35:37][INFO] Trap simulation running with 4 threads 
[70194:TRAP]: [16:35:37][STATE] INITIALIZING DEVICE ---> INITIALIZED
[70194:TRAP]: [16:35:37][STATE] INITIALIZED ---> BINDING
[70194:TRAP]: [16:35:37][STATE] BINDING ---> BOUND
[70194:TRAP]: [16:35:37][STATE] BOUND ---> CONNECTING
[70194:TRAP]: [16:35:37][STATE] CONNECTING ---> DEVICE READY
[70194:TRAP]: [16:35:37][STATE] DEVICE READY ---> INITIALIZING TASK
[70194:TRAP]: [16:35:37][STATE] INITIALIZING TASK ---> READY
[70194:TRAP]: [16:35:37][STATE] READY ---> RUNNING
[70194:TRAP]: [16:35:37][INFO] fair::mq::Device running...
[70194:TRAP]: [16:35:37][INFO] LHCPeriod is not available, using current month AUG
[70194:TRAP]: [16:35:37][INFO] Correctly handshaken websocket connection.
[70196:internal-dpl-injected-dummy-sink]: [INFO] Instrumenting crash signals
[70196:internal-dpl-injected-dummy-sink]: [INFO] Spawing new device internal-dpl-injected-dummy-sink in process with pid 70196
[70196:internal-dpl-injected-dummy-sink]: [16:35:37][INFO] 
[70196:internal-dpl-injected-dummy-sink]:       ______      _    _______  _________ 
[70196:internal-dpl-injected-dummy-sink]:      / ____/___ _(_)_______   |/  /_  __ \    version 1.6.0
[70196:internal-dpl-injected-dummy-sink]:     / /_  / __ `/ / ___/__  /|_/ /_  / / /    build RELWITHDEBINFO
[70196:internal-dpl-injected-dummy-sink]:    / __/ / /_/ / / /    _  /  / / / /_/ /     https://github.com/FairRootGroup/FairMQ
[70196:internal-dpl-injected-dummy-sink]:   /_/    \__,_/_/_/     /_/  /_/  \___\_\     LGPL-3.0  © 2012-2023 GSI
[70196:internal-dpl-injected-dummy-sink]: 
[70196:internal-dpl-injected-dummy-sink]: [16:35:37][STATE] Starting FairMQ state machine --> IDLE
[70196:internal-dpl-injected-dummy-sink]: [16:35:37][STATE] IDLE ---> INITIALIZING DEVICE
[70196:internal-dpl-injected-dummy-sink]: [16:35:37][STATE] INITIALIZING DEVICE ---> INITIALIZED
[70196:internal-dpl-injected-dummy-sink]: [16:35:37][STATE] INITIALIZED ---> BINDING
[70196:internal-dpl-injected-dummy-sink]: [16:35:37][STATE] BINDING ---> BOUND
[70196:internal-dpl-injected-dummy-sink]: [16:35:37][STATE] BOUND ---> CONNECTING
[70196:internal-dpl-injected-dummy-sink]: [16:35:37][STATE] CONNECTING ---> DEVICE READY
[70196:internal-dpl-injected-dummy-sink]: [16:35:37][STATE] DEVICE READY ---> INITIALIZING TASK
[70196:internal-dpl-injected-dummy-sink]: [16:35:37][STATE] INITIALIZING TASK ---> READY
[70196:internal-dpl-injected-dummy-sink]: [16:35:37][STATE] READY ---> RUNNING
[70196:internal-dpl-injected-dummy-sink]: [16:35:37][INFO] fair::mq::Device running...
[70196:internal-dpl-injected-dummy-sink]: [16:35:37][INFO] LHCPeriod is not available, using current month AUG
[70196:internal-dpl-injected-dummy-sink]: [16:35:37][INFO] Correctly handshaken websocket connection.
[70192:internal-dpl-clock]: [INFO] Instrumenting crash signals
[70192:internal-dpl-clock]: [INFO] Spawing new device internal-dpl-clock in process with pid 70192
[70192:internal-dpl-clock]: [16:35:38][INFO] 
[70192:internal-dpl-clock]:       ______      _    _______  _________ 
[70192:internal-dpl-clock]:      / ____/___ _(_)_______   |/  /_  __ \    version 1.6.0
[70192:internal-dpl-clock]:     / /_  / __ `/ / ___/__  /|_/ /_  / / /    build RELWITHDEBINFO
[70192:internal-dpl-clock]:    / __/ / /_/ / / /    _  /  / / / /_/ /     https://github.com/FairRootGroup/FairMQ
[70192:internal-dpl-clock]:   /_/    \__,_/_/_/     /_/  /_/  \___\_\     LGPL-3.0  © 2012-2023 GSI
[70192:internal-dpl-clock]: 
[70192:internal-dpl-clock]: [16:35:38][STATE] Starting FairMQ state machine --> IDLE
[70192:internal-dpl-clock]: [16:35:38][STATE] IDLE ---> INITIALIZING DEVICE
[70192:internal-dpl-clock]: [16:35:38][STATE] INITIALIZING DEVICE ---> INITIALIZED
[70192:internal-dpl-clock]: [16:35:38][STATE] INITIALIZED ---> BINDING
[70192:internal-dpl-clock]: [16:35:38][STATE] BINDING ---> BOUND
[70192:internal-dpl-clock]: [16:35:38][STATE] BOUND ---> CONNECTING
[70192:internal-dpl-clock]: [16:35:38][STATE] CONNECTING ---> DEVICE READY
[70192:internal-dpl-clock]: [16:35:38][STATE] DEVICE READY ---> INITIALIZING TASK
[70192:internal-dpl-clock]: [16:35:38][STATE] INITIALIZING TASK ---> READY
[70192:internal-dpl-clock]: [16:35:38][STATE] READY ---> RUNNING
[70192:internal-dpl-clock]: [16:35:38][INFO] fair::mq::Device running...
[70192:internal-dpl-clock]: [16:35:38][INFO] LHCPeriod is not available, using current month AUG
[70192:internal-dpl-clock]: [16:35:38][INFO] Correctly handshaken websocket connection.
[70195:TRD-tracklet-writer]: [INFO] Instrumenting crash signals
[70195:TRD-tracklet-writer]: [INFO] Spawing new device TRD-tracklet-writer in process with pid 70195
[70195:TRD-tracklet-writer]: [16:35:38][INFO] 
[70195:TRD-tracklet-writer]:       ______      _    _______  _________ 
[70195:TRD-tracklet-writer]:      / ____/___ _(_)_______   |/  /_  __ \    version 1.6.0
[70195:TRD-tracklet-writer]:     / /_  / __ `/ / ___/__  /|_/ /_  / / /    build RELWITHDEBINFO
[70195:TRD-tracklet-writer]:    / __/ / /_/ / / /    _  /  / / / /_/ /     https://github.com/FairRootGroup/FairMQ
[70195:TRD-tracklet-writer]:   /_/    \__,_/_/_/     /_/  /_/  \___\_\     LGPL-3.0  © 2012-2023 GSI
[70195:TRD-tracklet-writer]: 
[70195:TRD-tracklet-writer]: [16:35:38][STATE] Starting FairMQ state machine --> IDLE
[70195:TRD-tracklet-writer]: [16:35:38][STATE] IDLE ---> INITIALIZING DEVICE
[70195:TRD-tracklet-writer]: [16:35:38][INFO] 0: branch  Tracklet set up
[70195:TRD-tracklet-writer]: [16:35:38][INFO] 1: branch  TRKLabels set up
[70195:TRD-tracklet-writer]: [16:35:38][INFO] 2: branch  TrackTrg set up
[70195:TRD-tracklet-writer]: [16:35:38][STATE] INITIALIZING DEVICE ---> INITIALIZED
[70195:TRD-tracklet-writer]: [16:35:38][STATE] INITIALIZED ---> BINDING
[70195:TRD-tracklet-writer]: [16:35:38][STATE] BINDING ---> BOUND
[70195:TRD-tracklet-writer]: [16:35:38][STATE] BOUND ---> CONNECTING
[70195:TRD-tracklet-writer]: [16:35:38][STATE] CONNECTING ---> DEVICE READY
[70195:TRD-tracklet-writer]: [16:35:38][STATE] DEVICE READY ---> INITIALIZING TASK
[70195:TRD-tracklet-writer]: [16:35:38][STATE] INITIALIZING TASK ---> READY
[70195:TRD-tracklet-writer]: [16:35:38][STATE] READY ---> RUNNING
[70195:TRD-tracklet-writer]: [16:35:38][INFO] fair::mq::Device running...
[70195:TRD-tracklet-writer]: [16:35:38][INFO] LHCPeriod is not available, using current month AUG
[70195:TRD-tracklet-writer]: [16:35:38][INFO] Correctly handshaken websocket connection.
[70193:TRDDIGITREADER]: [16:35:39][INFO] Loaded tree from trddigits.root with 1 entries
[70193:TRDDIGITREADER]: [16:35:39][STATE] INITIALIZING DEVICE ---> INITIALIZED
[70193:TRDDIGITREADER]: [16:35:39][STATE] INITIALIZED ---> BINDING
[70193:TRDDIGITREADER]: [16:35:39][STATE] BINDING ---> BOUND
[70193:TRDDIGITREADER]: [16:35:39][STATE] BOUND ---> CONNECTING
[70193:TRDDIGITREADER]: [16:35:39][STATE] CONNECTING ---> DEVICE READY
[70193:TRDDIGITREADER]: [16:35:39][STATE] DEVICE READY ---> INITIALIZING TASK
[70193:TRDDIGITREADER]: [16:35:39][STATE] INITIALIZING TASK ---> READY
[70193:TRDDIGITREADER]: [16:35:39][STATE] READY ---> RUNNING
[70193:TRDDIGITREADER]: [16:35:39][INFO] fair::mq::Device running...
[70193:TRDDIGITREADER]: [16:35:39][INFO] LHCPeriod is not available, using current month AUG
[70193:TRDDIGITREADER]: [16:35:39][INFO] Pushing 13 TRD trigger records at entry 0
[70193:TRDDIGITREADER]: [16:35:39][INFO] Pushing 23644 digits for these trigger records
[70193:TRDDIGITREADER]: [16:35:39][INFO] Sending end-of-stream message to channel from_TRDDIGITREADER_to_TRAP
[70193:TRDDIGITREADER]: [16:35:39][INFO] Correctly handshaken websocket connection.
[70194:TRAP]: [16:35:39][INFO] TRD Trap Simulator Device running over incoming message
[70194:TRAP]: [16:35:39][INFO] Init CcdApi with UserAgentID: localhost.localdomain-1692714939-KJwFWr, Host: http://alice-ccdb.cern.ch/
[70194:TRAP]: Info in <TJAlienConnectionManager>: Opening connection to JCentral. Please wait
[70194:TRAP]: Info in <TJAlienConnectionManager>: Opening connection to 137.138.99.170
[70194:TRAP]: Info in <TJAlienConnectionManager>: Successfully connected to 137.138.99.170
[70194:TRAP]: Info in <TJAlienFile::Open>: Accessing file /alice/data/CCDB/TRD/Calib/ChamberCalibrations/07/05389/e704b36a-d22d-11ec-8dd8-511cc1ec24ee in SE <ALICE::CERN::OCDB>
[70194:TRAP]: [16:35:44][INFO] ccdb reads http://alice-ccdb.cern.ch/TRD/Calib/ChamberCalibrations/1/e704b36a-d22d-11ec-8dd8-511cc1ec24ee for 1546300800000 (retrieve, agent_id: localhost.localdomain-1692714939-KJwFWr), 
[70194:TRAP]: Info in <TJAlienFile::Open>: Accessing file /alice/data/CCDB/TRD/Calib/LocalGainFactor/15/61343/100756ad-4ec7-11ed-bee3-200114580202 in SE <ALICE::CERN::OCDB>
[70194:TRAP]: [16:35:45][INFO] ccdb reads http://alice-ccdb.cern.ch/TRD/Calib/LocalGainFactor/1/100756ad-4ec7-11ed-bee3-200114580202 for 1546300800000 (retrieve, agent_id: localhost.localdomain-1692714939-KJwFWr), 
[70194:TRAP]: Info in <TJAlienFile::Open>: Accessing file /alice/data/CCDB/TRD/Calib/PadNoise/15/62708/e81c639a-d22d-11ec-8dd8-511cc1ec24ee in SE <ALICE::CERN::OCDB>
[70194:TRAP]: [16:35:46][INFO] ccdb reads http://alice-ccdb.cern.ch/TRD/Calib/PadNoise/1/e81c639a-d22d-11ec-8dd8-511cc1ec24ee for 1546300800000 (retrieve, agent_id: localhost.localdomain-1692714939-KJwFWr), 
[70194:TRAP]: Info in <TJAlienFile::Open>: Accessing file /alice/data/CCDB/TRD/Calib/ChamberStatus/13/46772/e724d29a-d22d-11ec-8dd8-511cc1ec24ee in SE <ALICE::CERN::OCDB>
[70194:TRAP]: [16:35:46][INFO] ccdb reads http://alice-ccdb.cern.ch/TRD/Calib/ChamberStatus/1/e724d29a-d22d-11ec-8dd8-511cc1ec24ee for 1546300800000 (retrieve, agent_id: localhost.localdomain-1692714939-KJwFWr), 
[70194:TRAP]: Info in <TJAlienFile::Open>: Accessing file /alice/data/CCDB/TRD/Calib/PadStatus/01/08482/e8418bc7-d22d-11ec-8dd8-511cc1ec24ee in SE <ALICE::CERN::OCDB>
[70194:TRAP]: [16:35:46][INFO] ccdb reads http://alice-ccdb.cern.ch/TRD/Calib/PadStatus/1/e8418bc7-d22d-11ec-8dd8-511cc1ec24ee for 1546300800000 (retrieve, agent_id: localhost.localdomain-1692714939-KJwFWr), 
[70194:TRAP]: Info in <TJAlienFile::Open>: Accessing file /alice/data/CCDB/TRD/TrapConfig/cf_pg-fpnp32_zs-s16-deh_tb30_trkl-b5n-fs1e24-ht200-qs0e24s24e23-pidlinear-pt100_ptrg.r5549/15/64250/e6c280c9-d22d-11ec-8dd8-511cc1ec24ee in SE <ALICE::CERN::OCDB>
[70194:TRAP]: [16:35:51][INFO] ccdb reads http://alice-ccdb.cern.ch/TRD/TrapConfig/cf_pg-fpnp32_zs-s16-deh_tb30_trkl-b5n-fs1e24-ht200-qs0e24s24e23-pidlinear-pt100_ptrg.r5549/1/e6c280c9-d22d-11ec-8dd8-511cc1ec24ee for 1546300800000 (retrieve, agent_id: localhost.localdomain-1692714939-KJwFWr), 
[70194:TRAP]: [16:35:51][INFO] using TRAPconfig: cf_pg-fpnp32_zs-s16-deh_tb30_trkl-b5n-fs1e24-ht200-qs0e24s24e23-pidlinear-pt100_ptrg.r5549
[70194:TRAP]: [16:35:51][WARN] you have asked to not use online gain calibrations but the selected trap config does have FGBY enabled. Gain calibrations will be 1, i.e. no effect
[70194:TRAP]: [16:35:51][INFO] Trap simulator found 1968 tracklets from 23644 Digits.
[70194:TRAP]: [16:35:51][INFO] In total 0 digits were rejected due to digit downscaling factor of 1
[70194:TRAP]: [16:35:51][INFO] In total 2654 MC labels are associated to the 1968 tracklets
[70194:TRAP]: [16:35:51][INFO] Total processing time : 154ms
[70194:TRAP]: [16:35:51][INFO] Digit Sorting took: 1ms
[70194:TRAP]: [16:35:51][INFO] Processing time for parallel region: 140ms
[70194:TRAP]: [16:35:51][INFO] Sending end-of-stream message to channel from_TRAP_to_TRD-tracklet-writer
[70194:TRAP]: [16:35:51][INFO] Sending end-of-stream message to channel from_TRAP_to_internal-dpl-injected-dummy-sink
[INFO] Quitting
[INFO] QUIT_REQUESTED
[70192:internal-dpl-clock]: [16:35:51][INFO] Received device shutdown request (signal 15).
[70192:internal-dpl-clock]: [16:35:51][INFO] Waiting for graceful device shutdown. Hit Ctrl-C again to abort immediately.
[70193:TRDDIGITREADER]: [16:35:51][INFO] Received device shutdown request (signal 15).
[70193:TRDDIGITREADER]: [16:35:51][INFO] Waiting for graceful device shutdown. Hit Ctrl-C again to abort immediately.
[70195:TRD-tracklet-writer]: [16:35:51][INFO] Received device shutdown request (signal 15).
[70195:TRD-tracklet-writer]: [16:35:51][INFO] Waiting for graceful device shutdown. Hit Ctrl-C again to abort immediately.
[70196:internal-dpl-injected-dummy-sink]: [16:35:51][INFO] Received device shutdown request (signal 15).
[70196:internal-dpl-injected-dummy-sink]: [16:35:51][INFO] Waiting for graceful device shutdown. Hit Ctrl-C again to abort immediately.
[70192:internal-dpl-clock]: [16:35:51][INFO] New state requested. No timeout set, quitting immediately as per --completion-policy
[70192:internal-dpl-clock]: [16:35:51][STATE] RUNNING ---> READY
[70193:TRDDIGITREADER]: [16:35:51][INFO] New state requested. No timeout set, quitting immediately as per --completion-policy
[70193:TRDDIGITREADER]: [16:35:51][STATE] RUNNING ---> READY
[70195:TRD-tracklet-writer]: [16:35:51][INFO] New state requested. No timeout set, quitting immediately as per --completion-policy
[70196:internal-dpl-injected-dummy-sink]: [16:35:51][INFO] New state requested. No timeout set, quitting immediately as per --completion-policy
[70196:internal-dpl-injected-dummy-sink]: [16:35:51][STATE] RUNNING ---> READY
[70193:TRDDIGITREADER]: [16:35:51][STATE] READY ---> RESETTING TASK
[70196:internal-dpl-injected-dummy-sink]: [16:35:51][STATE] READY ---> RESETTING TASK
[70196:internal-dpl-injected-dummy-sink]: [16:35:51][STATE] RESETTING TASK ---> DEVICE READY
[70193:TRDDIGITREADER]: [16:35:51][STATE] RESETTING TASK ---> DEVICE READY
[70192:internal-dpl-clock]: [16:35:51][STATE] READY ---> RESETTING TASK
[70192:internal-dpl-clock]: [16:35:51][STATE] RESETTING TASK ---> DEVICE READY
[70192:internal-dpl-clock]: [16:35:51][STATE] DEVICE READY ---> RESETTING DEVICE
[70196:internal-dpl-injected-dummy-sink]: [16:35:51][STATE] DEVICE READY ---> RESETTING DEVICE
[70193:TRDDIGITREADER]: [16:35:51][STATE] DEVICE READY ---> RESETTING DEVICE
[70192:internal-dpl-clock]: [16:35:51][STATE] RESETTING DEVICE ---> IDLE
[70192:internal-dpl-clock]: [16:35:51][STATE] IDLE ---> EXITING
[70196:internal-dpl-injected-dummy-sink]: [16:35:51][STATE] RESETTING DEVICE ---> IDLE
[70192:internal-dpl-clock]: [16:35:51][STATE] Exiting FairMQ state machine
[70193:TRDDIGITREADER]: [16:35:51][STATE] RESETTING DEVICE ---> IDLE
[70196:internal-dpl-injected-dummy-sink]: [16:35:51][STATE] IDLE ---> EXITING
[70196:internal-dpl-injected-dummy-sink]: [16:35:51][STATE] Exiting FairMQ state machine
[70193:TRDDIGITREADER]: [16:35:51][STATE] IDLE ---> EXITING
[70194:TRAP]: [16:35:52][INFO] Received device shutdown request (signal 15).
[70194:TRAP]: [16:35:52][INFO] Waiting for graceful device shutdown. Hit Ctrl-C again to abort immediately.
[70193:TRDDIGITREADER]: [16:35:52][STATE] Exiting FairMQ state machine
[70194:TRAP]: [16:35:52][INFO] New state requested. No timeout set, quitting immediately as per --completion-policy
[70194:TRAP]: [16:35:52][STATE] RUNNING ---> READY
[70194:TRAP]: [16:35:52][STATE] READY ---> RESETTING TASK
[70194:TRAP]: [16:35:52][STATE] RESETTING TASK ---> DEVICE READY
[70194:TRAP]: [16:35:52][STATE] DEVICE READY ---> RESETTING DEVICE
[70194:TRAP]: [16:35:52][STATE] RESETTING DEVICE ---> IDLE
[70194:TRAP]: [16:35:52][STATE] IDLE ---> EXITING
[70194:TRAP]: [16:35:52][STATE] Exiting FairMQ state machine
[70195:TRD-tracklet-writer]: [16:35:52][STATE] RUNNING ---> READY
[70195:TRD-tracklet-writer]: [16:35:52][STATE] READY ---> RESETTING TASK
[70195:TRD-tracklet-writer]: [16:35:52][STATE] RESETTING TASK ---> DEVICE READY
[70195:TRD-tracklet-writer]: [16:35:52][STATE] DEVICE READY ---> RESETTING DEVICE
[70195:TRD-tracklet-writer]: [16:35:52][INFO] Cleaning up for shared memory id '0bb0c08d'...
[70195:TRD-tracklet-writer]: [16:35:52][INFO] Found 0 unmanaged regions...
[70195:TRD-tracklet-writer]: [16:35:52][INFO] Found 1 managed segments...
[70195:TRD-tracklet-writer]: [16:35:52][INFO] Successfully removed 'fmq_0bb0c08d_m_0'.
[70195:TRD-tracklet-writer]: [16:35:52][INFO] Successfully removed 'fmq_0bb0c08d_mng'.
[70195:TRD-tracklet-writer]: [16:35:52][STATE] RESETTING DEVICE ---> IDLE
[70195:TRD-tracklet-writer]: [16:35:52][STATE] IDLE ---> EXITING
[70195:TRD-tracklet-writer]: [16:35:52][STATE] Exiting FairMQ state machine
[INFO] ## Processes completed. Run summary:
[INFO] ### Devices started: 5
[INFO]  - Device internal-dpl-clock: pid 70192 (exit 0)
[INFO]  - Device TRDDIGITREADER: pid 70193 (exit 0)
[INFO]  - Device TRAP: pid 70194 (exit 0)
[INFO]  - Device TRD-tracklet-writer: pid 70195 (exit 0)
[INFO]  - Device internal-dpl-injected-dummy-sink: pid 70196 (exit 0)
[INFO] Dumping used configuration in dpl-config.json
TASK-EXIT-CODE: 0
