Running: TIME="#walltime %e" /usr/bin/time --output=emcreco.log_time ./emcreco.log_tmp.sh
[INFO] Initialising O2 Data Processing Layer. Driver PID: 2780301.
[INFO] Driver listening on port: 28381
[INFO] Rate limiting set up at 500MB distributed over 1 readers
[INFO] O2 Data Processing Layer initialised. We brake for nobody.
[INFO] Optimised build. O2DEBUG / LOG(debug) / LOGF(debug) / assert statement will not be shown.
[INFO] Redeployment of configuration asked.
[INFO] Starting internal-dpl-clock on pid 2780354
[INFO] Starting emcal-digit-reader on pid 2780355
[INFO] Starting EMCALCellConverterSpec on pid 2780356
[INFO] Starting emcal-cells-writer on pid 2780357
[INFO] Redeployment of configuration done.
[2780355:emcal-digit-reader]: [INFO] Instrumenting crash signals
[2780355:emcal-digit-reader]: [INFO] Spawing new device emcal-digit-reader in process with pid 2780355
[2780355:emcal-digit-reader]: [20:07:40][INFO] 
[2780355:emcal-digit-reader]:       ______      _    _______  _________ 
[2780355:emcal-digit-reader]:      / ____/___ _(_)_______   |/  /_  __ \    version 1.8.0
[2780355:emcal-digit-reader]:     / /_  / __ `/ / ___/__  /|_/ /_  / / /    build RELWITHDEBINFO
[2780355:emcal-digit-reader]:    / __/ / /_/ / / /    _  /  / / / /_/ /     https://github.com/FairRootGroup/FairMQ
[2780355:emcal-digit-reader]:   /_/    \__,_/_/_/     /_/  /_/  \___\_\     LGPL-3.0  © 2012-2023 GSI
[2780355:emcal-digit-reader]: 
[2780355:emcal-digit-reader]: [20:07:40][STATE] Starting FairMQ state machine --> IDLE
[2780355:emcal-digit-reader]: [20:07:40][STATE] IDLE ---> INITIALIZING DEVICE
[2780357:emcal-cells-writer]: [INFO] Instrumenting crash signals
[2780357:emcal-cells-writer]: [INFO] Spawing new device emcal-cells-writer in process with pid 2780357
[2780357:emcal-cells-writer]: [20:07:40][INFO] 
[2780357:emcal-cells-writer]:       ______      _    _______  _________ 
[2780357:emcal-cells-writer]:      / ____/___ _(_)_______   |/  /_  __ \    version 1.8.0
[2780357:emcal-cells-writer]:     / /_  / __ `/ / ___/__  /|_/ /_  / / /    build RELWITHDEBINFO
[2780357:emcal-cells-writer]:    / __/ / /_/ / / /    _  /  / / / /_/ /     https://github.com/FairRootGroup/FairMQ
[2780357:emcal-cells-writer]:   /_/    \__,_/_/_/     /_/  /_/  \___\_\     LGPL-3.0  © 2012-2023 GSI
[2780357:emcal-cells-writer]: 
[2780357:emcal-cells-writer]: [20:07:40][STATE] Starting FairMQ state machine --> IDLE
[2780357:emcal-cells-writer]: [20:07:40][STATE] IDLE ---> INITIALIZING DEVICE
[2780356:EMCALCellConverterSpec]: [INFO] Instrumenting crash signals
[2780356:EMCALCellConverterSpec]: [INFO] Spawing new device EMCALCellConverterSpec in process with pid 2780356
[2780356:EMCALCellConverterSpec]: [20:07:40][INFO] 
[2780356:EMCALCellConverterSpec]:       ______      _    _______  _________ 
[2780356:EMCALCellConverterSpec]:      / ____/___ _(_)_______   |/  /_  __ \    version 1.8.0
[2780356:EMCALCellConverterSpec]:     / /_  / __ `/ / ___/__  /|_/ /_  / / /    build RELWITHDEBINFO
[2780356:EMCALCellConverterSpec]:    / __/ / /_/ / / /    _  /  / / / /_/ /     https://github.com/FairRootGroup/FairMQ
[2780356:EMCALCellConverterSpec]:   /_/    \__,_/_/_/     /_/  /_/  \___\_\     LGPL-3.0  © 2012-2023 GSI
[2780356:EMCALCellConverterSpec]: 
[2780356:EMCALCellConverterSpec]: [20:07:40][STATE] Starting FairMQ state machine --> IDLE
[2780356:EMCALCellConverterSpec]: [20:07:40][STATE] IDLE ---> INITIALIZING DEVICE
[2780356:EMCALCellConverterSpec]: [20:07:40][INFO] o2::emcal::Geometry::GetInstanceFromRunNumber() - Initialized geometry with name <<EMCAL_COMPLETE12SMV1_DCAL_8SM>>
[2780356:EMCALCellConverterSpec]: [20:07:40][INFO] Using gamma2 raw fitter
[2780356:EMCALCellConverterSpec]: [20:07:40][STATE] INITIALIZING DEVICE ---> INITIALIZED
[2780356:EMCALCellConverterSpec]: [20:07:40][STATE] INITIALIZED ---> BINDING
[2780356:EMCALCellConverterSpec]: [20:07:40][STATE] BINDING ---> BOUND
[2780356:EMCALCellConverterSpec]: [20:07:40][STATE] BOUND ---> CONNECTING
[2780356:EMCALCellConverterSpec]: [20:07:40][STATE] CONNECTING ---> DEVICE READY
[2780356:EMCALCellConverterSpec]: [20:07:40][STATE] DEVICE READY ---> INITIALIZING TASK
[2780357:emcal-cells-writer]: [20:07:40][INFO] 0: branch  EMCALCell set up
[2780356:EMCALCellConverterSpec]: [20:07:40][STATE] INITIALIZING TASK ---> READY
[2780357:emcal-cells-writer]: [20:07:40][INFO] 1: branch  EMCALCellTRGR set up
[2780356:EMCALCellConverterSpec]: [20:07:40][STATE] READY ---> RUNNING
[2780356:EMCALCellConverterSpec]: [20:07:40][INFO] fair::mq::Device running...
[2780356:EMCALCellConverterSpec]: [20:07:40][INFO] LHCPeriod is not available, using current month SEP
[2780357:emcal-cells-writer]: [20:07:40][INFO] 2: branch  EMCALCellMCTruth set up
[2780356:EMCALCellConverterSpec]: [20:07:40][INFO] Correctly handshaken websocket connection.
[2780357:emcal-cells-writer]: [20:07:40][STATE] INITIALIZING DEVICE ---> INITIALIZED
[2780354:internal-dpl-clock]: [INFO] Instrumenting crash signals
[2780354:internal-dpl-clock]: [INFO] Spawing new device internal-dpl-clock in process with pid 2780354
[2780354:internal-dpl-clock]: [20:07:40][INFO] 
[2780354:internal-dpl-clock]:       ______      _    _______  _________ 
[2780354:internal-dpl-clock]:      / ____/___ _(_)_______   |/  /_  __ \    version 1.8.0
[2780354:internal-dpl-clock]:     / /_  / __ `/ / ___/__  /|_/ /_  / / /    build RELWITHDEBINFO
[2780354:internal-dpl-clock]:    / __/ / /_/ / / /    _  /  / / / /_/ /     https://github.com/FairRootGroup/FairMQ
[2780354:internal-dpl-clock]:   /_/    \__,_/_/_/     /_/  /_/  \___\_\     LGPL-3.0  © 2012-2023 GSI
[2780354:internal-dpl-clock]: 
[2780354:internal-dpl-clock]: [20:07:40][STATE] Starting FairMQ state machine --> IDLE
[2780354:internal-dpl-clock]: [20:07:40][STATE] IDLE ---> INITIALIZING DEVICE
[2780357:emcal-cells-writer]: [20:07:40][STATE] INITIALIZED ---> BINDING
[2780357:emcal-cells-writer]: [20:07:40][STATE] BINDING ---> BOUND
[2780357:emcal-cells-writer]: [20:07:40][STATE] BOUND ---> CONNECTING
[2780357:emcal-cells-writer]: [20:07:40][STATE] CONNECTING ---> DEVICE READY
[2780357:emcal-cells-writer]: [20:07:40][STATE] DEVICE READY ---> INITIALIZING TASK
[2780357:emcal-cells-writer]: [20:07:40][STATE] INITIALIZING TASK ---> READY
[2780357:emcal-cells-writer]: [20:07:41][STATE] READY ---> RUNNING
[2780357:emcal-cells-writer]: [20:07:41][INFO] fair::mq::Device running...
[2780357:emcal-cells-writer]: [20:07:41][INFO] LHCPeriod is not available, using current month SEP
[2780354:internal-dpl-clock]: [20:07:41][STATE] INITIALIZING DEVICE ---> INITIALIZED
[2780354:internal-dpl-clock]: [20:07:41][STATE] INITIALIZED ---> BINDING
[2780357:emcal-cells-writer]: [20:07:41][INFO] Correctly handshaken websocket connection.
[2780354:internal-dpl-clock]: [20:07:41][STATE] BINDING ---> BOUND
[2780354:internal-dpl-clock]: [20:07:41][STATE] BOUND ---> CONNECTING
[2780354:internal-dpl-clock]: [20:07:41][STATE] CONNECTING ---> DEVICE READY
[2780354:internal-dpl-clock]: [20:07:41][STATE] DEVICE READY ---> INITIALIZING TASK
[2780354:internal-dpl-clock]: [20:07:41][STATE] INITIALIZING TASK ---> READY
[2780354:internal-dpl-clock]: [20:07:41][STATE] READY ---> RUNNING
[2780354:internal-dpl-clock]: [20:07:41][INFO] fair::mq::Device running...
[2780354:internal-dpl-clock]: [20:07:41][INFO] LHCPeriod is not available, using current month SEP
[2780354:internal-dpl-clock]: [20:07:41][INFO] Correctly handshaken websocket connection.
[2780355:emcal-digit-reader]: [20:07:41][INFO] branch set up: EMCALDigitMCTruth
[2780355:emcal-digit-reader]: [20:07:41][INFO] branch set up: EMCALDigit
[2780355:emcal-digit-reader]: [20:07:41][INFO] branch set up: EMCALDigitTRGR
[2780355:emcal-digit-reader]: [20:07:41][STATE] INITIALIZING DEVICE ---> INITIALIZED
[2780355:emcal-digit-reader]: [20:07:41][STATE] INITIALIZED ---> BINDING
[2780355:emcal-digit-reader]: [20:07:41][STATE] BINDING ---> BOUND
[2780355:emcal-digit-reader]: [20:07:41][STATE] BOUND ---> CONNECTING
[2780355:emcal-digit-reader]: [20:07:41][STATE] CONNECTING ---> DEVICE READY
[2780355:emcal-digit-reader]: [20:07:41][STATE] DEVICE READY ---> INITIALIZING TASK
[2780355:emcal-digit-reader]: [20:07:41][STATE] INITIALIZING TASK ---> READY
[2780355:emcal-digit-reader]: [20:07:41][STATE] READY ---> RUNNING
[2780355:emcal-digit-reader]: [20:07:41][INFO] fair::mq::Device running...
[2780355:emcal-digit-reader]: [20:07:41][INFO] LHCPeriod is not available, using current month SEP
[2780355:emcal-digit-reader]: [20:07:41][INFO] Correctly handshaken websocket connection.
[2780355:emcal-digit-reader]: [20:07:41][INFO] Sending end-of-stream message to channel from_emcal-digit-reader_to_EMCALCellConverterSpec
[2780356:EMCALCellConverterSpec]: [20:07:41][INFO] Sending end-of-stream message to channel from_EMCALCellConverterSpec_to_emcal-cells-writer
[INFO] Quitting
[2780357:emcal-cells-writer]: [20:07:41][ERROR] Some Lifetime::Timeframe data got dropped starting at 1
[INFO] QUIT_REQUESTED
[2780357:emcal-cells-writer]: [20:07:41][INFO] Received device shutdown request (signal 15).
[2780357:emcal-cells-writer]: [20:07:41][INFO] Waiting for graceful device shutdown. Hit Ctrl-C again to abort immediately.
[2780357:emcal-cells-writer]: [20:07:41][INFO] New state requested. No timeout set, quitting immediately as per --completion-policy
[2780354:internal-dpl-clock]: [20:07:41][INFO] Received device shutdown request (signal 15).
[2780354:internal-dpl-clock]: [20:07:41][INFO] Waiting for graceful device shutdown. Hit Ctrl-C again to abort immediately.
[2780356:EMCALCellConverterSpec]: [20:07:41][INFO] Received device shutdown request (signal 15).
[2780356:EMCALCellConverterSpec]: [20:07:41][INFO] Waiting for graceful device shutdown. Hit Ctrl-C again to abort immediately.
[2780355:emcal-digit-reader]: [20:07:41][INFO] Received device shutdown request (signal 15).
[2780355:emcal-digit-reader]: [20:07:41][INFO] Waiting for graceful device shutdown. Hit Ctrl-C again to abort immediately.
[2780354:internal-dpl-clock]: [20:07:41][INFO] New state requested. No timeout set, quitting immediately as per --completion-policy
[2780354:internal-dpl-clock]: [20:07:41][INFO] Sending end-of-stream message to channel from_internal-dpl-clock_to_emcal-digit-reader
[2780354:internal-dpl-clock]: [20:07:41][STATE] RUNNING ---> READY
[2780355:emcal-digit-reader]: [20:07:41][INFO] New state requested. No timeout set, quitting immediately as per --completion-policy
[2780355:emcal-digit-reader]: [20:07:41][STATE] RUNNING ---> READY
[2780356:EMCALCellConverterSpec]: [20:07:41][INFO] New state requested. No timeout set, quitting immediately as per --completion-policy
[2780356:EMCALCellConverterSpec]: [20:07:41][STATE] RUNNING ---> READY
[2780354:internal-dpl-clock]: [20:07:41][STATE] READY ---> RESETTING TASK
[2780354:internal-dpl-clock]: [20:07:41][STATE] RESETTING TASK ---> DEVICE READY
[2780356:EMCALCellConverterSpec]: [20:07:41][STATE] READY ---> RESETTING TASK
[2780356:EMCALCellConverterSpec]: [20:07:41][STATE] RESETTING TASK ---> DEVICE READY
[2780355:emcal-digit-reader]: [20:07:41][STATE] READY ---> RESETTING TASK
[2780355:emcal-digit-reader]: [20:07:41][STATE] RESETTING TASK ---> DEVICE READY
[2780354:internal-dpl-clock]: [20:07:41][STATE] DEVICE READY ---> RESETTING DEVICE
[2780355:emcal-digit-reader]: [20:07:41][STATE] DEVICE READY ---> RESETTING DEVICE
[2780356:EMCALCellConverterSpec]: [20:07:41][STATE] DEVICE READY ---> RESETTING DEVICE
[2780355:emcal-digit-reader]: [20:07:41][STATE] RESETTING DEVICE ---> IDLE
[2780356:EMCALCellConverterSpec]: [20:07:41][STATE] RESETTING DEVICE ---> IDLE
[2780355:emcal-digit-reader]: [20:07:41][STATE] IDLE ---> EXITING
[2780354:internal-dpl-clock]: [20:07:41][STATE] RESETTING DEVICE ---> IDLE
[2780354:internal-dpl-clock]: [20:07:41][STATE] IDLE ---> EXITING
[2780355:emcal-digit-reader]: [20:07:41][STATE] Exiting FairMQ state machine
[2780356:EMCALCellConverterSpec]: [20:07:41][STATE] IDLE ---> EXITING
[2780356:EMCALCellConverterSpec]: [20:07:41][STATE] Exiting FairMQ state machine
[2780354:internal-dpl-clock]: [20:07:41][STATE] Exiting FairMQ state machine
[2780357:emcal-cells-writer]: [20:07:41][STATE] RUNNING ---> READY
[2780357:emcal-cells-writer]: [20:07:41][STATE] READY ---> RESETTING TASK
[2780357:emcal-cells-writer]: [20:07:41][STATE] RESETTING TASK ---> DEVICE READY
[2780357:emcal-cells-writer]: [20:07:41][STATE] DEVICE READY ---> RESETTING DEVICE
[2780357:emcal-cells-writer]: [20:07:41][INFO] Cleaning up for shared memory id '03f496d5'...
[2780357:emcal-cells-writer]: [20:07:41][INFO] Found 0 unmanaged regions...
[2780357:emcal-cells-writer]: [20:07:41][INFO] Found 1 managed segments...
[2780357:emcal-cells-writer]: [20:07:41][INFO] Successfully removed 'fmq_03f496d5_m_0'.
[2780357:emcal-cells-writer]: [20:07:41][INFO] Successfully removed 'fmq_03f496d5_mng'.
[2780357:emcal-cells-writer]: [20:07:41][STATE] RESETTING DEVICE ---> IDLE
[2780357:emcal-cells-writer]: [20:07:41][STATE] IDLE ---> EXITING
[2780357:emcal-cells-writer]: [20:07:42][STATE] Exiting FairMQ state machine
[INFO] ## Processes completed. Run summary:
[INFO] ### Devices started: 4
[INFO]  - Device internal-dpl-clock: pid 2780354 (exit 0)
[INFO]  - Device emcal-digit-reader: pid 2780355 (exit 0)
[INFO]  - Device EMCALCellConverterSpec: pid 2780356 (exit 0)
[INFO]  - Device emcal-cells-writer: pid 2780357 (exit 0)
[INFO] Dumping used configuration in dpl-config.json
TASK-EXIT-CODE: 0
