Running: TIME="#walltime %e" /usr/bin/time --output=fddreco.log_time ./fddreco.log_tmp.sh
[INFO] Currently FDDReconstructor does not consume and provide MC truth
[INFO] Initialising O2 Data Processing Layer. Driver PID: 2145265.
[INFO] Driver listening on port: 23345
[INFO] Rate limiting set up at 500MB distributed over 1 readers
[INFO] O2 Data Processing Layer initialised. We brake for nobody.
[INFO] Optimised build. O2DEBUG / LOG(debug) / LOGF(debug) / assert statement will not be shown.
[INFO] Redeployment of configuration asked.
[INFO] Starting internal-dpl-clock on pid 2145301
[INFO] Starting fdd-digit-reader on pid 2145302
[INFO] Starting fdd-reconstructor on pid 2145303
[INFO] Starting fdd-recpoint-writer on pid 2145304
[INFO] Starting internal-dpl-injected-dummy-sink on pid 2145305
[INFO] Redeployment of configuration done.
[2145303:fdd-reconstructor]: [INFO] Currently FDDReconstructor does not consume and provide MC truth
[2145302:fdd-digit-reader]: [INFO] Currently FDDReconstructor does not consume and provide MC truth
[2145304:fdd-recpoint-writer]: [INFO] Currently FDDReconstructor does not consume and provide MC truth
[2145305:internal-dpl-injected-dummy-sink]: [INFO] Currently FDDReconstructor does not consume and provide MC truth
[2145303:fdd-reconstructor]: [INFO] Instrumenting crash signals
[2145303:fdd-reconstructor]: [INFO] Spawing new device fdd-reconstructor in process with pid 2145303
[2145303:fdd-reconstructor]: [14:51:49][INFO] 
[2145303:fdd-reconstructor]:       ______      _    _______  _________ 
[2145303:fdd-reconstructor]:      / ____/___ _(_)_______   |/  /_  __ \    version 1.8.0
[2145303:fdd-reconstructor]:     / /_  / __ `/ / ___/__  /|_/ /_  / / /    build RELWITHDEBINFO
[2145303:fdd-reconstructor]:    / __/ / /_/ / / /    _  /  / / / /_/ /     https://github.com/FairRootGroup/FairMQ
[2145303:fdd-reconstructor]:   /_/    \__,_/_/_/     /_/  /_/  \___\_\     LGPL-3.0  © 2012-2023 GSI
[2145303:fdd-reconstructor]: 
[2145303:fdd-reconstructor]: [14:51:49][STATE] Starting FairMQ state machine --> IDLE
[2145302:fdd-digit-reader]: [INFO] Instrumenting crash signals
[2145303:fdd-reconstructor]: [14:51:49][STATE] IDLE ---> INITIALIZING DEVICE
[2145303:fdd-reconstructor]: [14:51:49][STATE] INITIALIZING DEVICE ---> INITIALIZED
[2145304:fdd-recpoint-writer]: [INFO] Instrumenting crash signals
[2145304:fdd-recpoint-writer]: [INFO] Spawing new device fdd-recpoint-writer in process with pid 2145304
[2145302:fdd-digit-reader]: [INFO] Spawing new device fdd-digit-reader in process with pid 2145302
[2145304:fdd-recpoint-writer]: [14:51:49][INFO] 
[2145304:fdd-recpoint-writer]:       ______      _    _______  _________ 
[2145304:fdd-recpoint-writer]:      / ____/___ _(_)_______   |/  /_  __ \    version 1.8.0
[2145304:fdd-recpoint-writer]:     / /_  / __ `/ / ___/__  /|_/ /_  / / /    build RELWITHDEBINFO
[2145304:fdd-recpoint-writer]:    / __/ / /_/ / / /    _  /  / / / /_/ /     https://github.com/FairRootGroup/FairMQ
[2145304:fdd-recpoint-writer]:   /_/    \__,_/_/_/     /_/  /_/  \___\_\     LGPL-3.0  © 2012-2023 GSI
[2145304:fdd-recpoint-writer]: 
[2145304:fdd-recpoint-writer]: [14:51:49][STATE] Starting FairMQ state machine --> IDLE
[2145302:fdd-digit-reader]: [14:51:49][INFO] 
[2145302:fdd-digit-reader]:       ______      _    _______  _________ 
[2145302:fdd-digit-reader]:      / ____/___ _(_)_______   |/  /_  __ \    version 1.8.0
[2145302:fdd-digit-reader]:     / /_  / __ `/ / ___/__  /|_/ /_  / / /    build RELWITHDEBINFO
[2145302:fdd-digit-reader]:    / __/ / /_/ / / /    _  /  / / / /_/ /     https://github.com/FairRootGroup/FairMQ
[2145302:fdd-digit-reader]:   /_/    \__,_/_/_/     /_/  /_/  \___\_\     LGPL-3.0  © 2012-2023 GSI
[2145302:fdd-digit-reader]: 
[2145302:fdd-digit-reader]: [14:51:49][STATE] Starting FairMQ state machine --> IDLE
[2145303:fdd-reconstructor]: [14:51:49][STATE] INITIALIZED ---> BINDING
[2145303:fdd-reconstructor]: [14:51:49][STATE] BINDING ---> BOUND
[2145303:fdd-reconstructor]: [14:51:49][STATE] BOUND ---> CONNECTING
[2145303:fdd-reconstructor]: [14:51:49][STATE] CONNECTING ---> DEVICE READY
[2145303:fdd-reconstructor]: [14:51:49][STATE] DEVICE READY ---> INITIALIZING TASK
[2145305:internal-dpl-injected-dummy-sink]: [INFO] Instrumenting crash signals
[2145303:fdd-reconstructor]: [14:51:49][STATE] INITIALIZING TASK ---> READY
[2145302:fdd-digit-reader]: [14:51:49][STATE] IDLE ---> INITIALIZING DEVICE
[2145303:fdd-reconstructor]: [14:51:49][STATE] READY ---> RUNNING
[2145304:fdd-recpoint-writer]: [14:51:49][STATE] IDLE ---> INITIALIZING DEVICE
[2145303:fdd-reconstructor]: [14:51:49][INFO] fair::mq::Device running...
[2145303:fdd-reconstructor]: [14:51:49][INFO] LHCPeriod is not available, using current month OCT
[2145303:fdd-reconstructor]: [14:51:49][INFO] Correctly handshaken websocket connection.
[2145305:internal-dpl-injected-dummy-sink]: [INFO] Spawing new device internal-dpl-injected-dummy-sink in process with pid 2145305
[2145305:internal-dpl-injected-dummy-sink]: [14:51:49][INFO] 
[2145305:internal-dpl-injected-dummy-sink]:       ______      _    _______  _________ 
[2145305:internal-dpl-injected-dummy-sink]:      / ____/___ _(_)_______   |/  /_  __ \    version 1.8.0
[2145305:internal-dpl-injected-dummy-sink]:     / /_  / __ `/ / ___/__  /|_/ /_  / / /    build RELWITHDEBINFO
[2145305:internal-dpl-injected-dummy-sink]:    / __/ / /_/ / / /    _  /  / / / /_/ /     https://github.com/FairRootGroup/FairMQ
[2145305:internal-dpl-injected-dummy-sink]:   /_/    \__,_/_/_/     /_/  /_/  \___\_\     LGPL-3.0  © 2012-2023 GSI
[2145305:internal-dpl-injected-dummy-sink]: 
[2145305:internal-dpl-injected-dummy-sink]: [14:51:49][STATE] Starting FairMQ state machine --> IDLE
[2145305:internal-dpl-injected-dummy-sink]: [14:51:49][STATE] IDLE ---> INITIALIZING DEVICE
[2145305:internal-dpl-injected-dummy-sink]: [14:51:49][STATE] INITIALIZING DEVICE ---> INITIALIZED
[2145305:internal-dpl-injected-dummy-sink]: [14:51:49][STATE] INITIALIZED ---> BINDING
[2145305:internal-dpl-injected-dummy-sink]: [14:51:49][STATE] BINDING ---> BOUND
[2145305:internal-dpl-injected-dummy-sink]: [14:51:49][STATE] BOUND ---> CONNECTING
[2145305:internal-dpl-injected-dummy-sink]: [14:51:49][STATE] CONNECTING ---> DEVICE READY
[2145305:internal-dpl-injected-dummy-sink]: [14:51:49][STATE] DEVICE READY ---> INITIALIZING TASK
[2145305:internal-dpl-injected-dummy-sink]: [14:51:49][STATE] INITIALIZING TASK ---> READY
[2145305:internal-dpl-injected-dummy-sink]: [14:51:49][STATE] READY ---> RUNNING
[2145305:internal-dpl-injected-dummy-sink]: [14:51:49][INFO] fair::mq::Device running...
[2145305:internal-dpl-injected-dummy-sink]: [14:51:49][INFO] LHCPeriod is not available, using current month OCT
[2145305:internal-dpl-injected-dummy-sink]: [14:51:49][INFO] Correctly handshaken websocket connection.
[2145304:fdd-recpoint-writer]: [14:51:49][INFO] 0: branch  FDDCluster set up
[2145304:fdd-recpoint-writer]: [14:51:49][INFO] 1: branch  FDDRecChData set up
[2145304:fdd-recpoint-writer]: [14:51:49][STATE] INITIALIZING DEVICE ---> INITIALIZED
[2145304:fdd-recpoint-writer]: [14:51:49][STATE] INITIALIZED ---> BINDING
[2145304:fdd-recpoint-writer]: [14:51:49][STATE] BINDING ---> BOUND
[2145304:fdd-recpoint-writer]: [14:51:49][STATE] BOUND ---> CONNECTING
[2145304:fdd-recpoint-writer]: [14:51:49][STATE] CONNECTING ---> DEVICE READY
[2145304:fdd-recpoint-writer]: [14:51:49][STATE] DEVICE READY ---> INITIALIZING TASK
[2145304:fdd-recpoint-writer]: [14:51:49][STATE] INITIALIZING TASK ---> READY
[2145304:fdd-recpoint-writer]: [14:51:49][STATE] READY ---> RUNNING
[2145304:fdd-recpoint-writer]: [14:51:49][INFO] fair::mq::Device running...
[2145304:fdd-recpoint-writer]: [14:51:49][INFO] LHCPeriod is not available, using current month OCT
[2145304:fdd-recpoint-writer]: [14:51:49][INFO] Correctly handshaken websocket connection.
[2145301:internal-dpl-clock]: [INFO] Currently FDDReconstructor does not consume and provide MC truth
[2145301:internal-dpl-clock]: [INFO] Instrumenting crash signals
[2145301:internal-dpl-clock]: [INFO] Spawing new device internal-dpl-clock in process with pid 2145301
[2145301:internal-dpl-clock]: [14:51:49][INFO] 
[2145301:internal-dpl-clock]:       ______      _    _______  _________ 
[2145301:internal-dpl-clock]:      / ____/___ _(_)_______   |/  /_  __ \    version 1.8.0
[2145301:internal-dpl-clock]:     / /_  / __ `/ / ___/__  /|_/ /_  / / /    build RELWITHDEBINFO
[2145301:internal-dpl-clock]:    / __/ / /_/ / / /    _  /  / / / /_/ /     https://github.com/FairRootGroup/FairMQ
[2145301:internal-dpl-clock]:   /_/    \__,_/_/_/     /_/  /_/  \___\_\     LGPL-3.0  © 2012-2023 GSI
[2145301:internal-dpl-clock]: 
[2145301:internal-dpl-clock]: [14:51:49][STATE] Starting FairMQ state machine --> IDLE
[2145301:internal-dpl-clock]: [14:51:49][STATE] IDLE ---> INITIALIZING DEVICE
[2145301:internal-dpl-clock]: [14:51:49][STATE] INITIALIZING DEVICE ---> INITIALIZED
[2145301:internal-dpl-clock]: [14:51:49][STATE] INITIALIZED ---> BINDING
[2145301:internal-dpl-clock]: [14:51:49][STATE] BINDING ---> BOUND
[2145301:internal-dpl-clock]: [14:51:49][STATE] BOUND ---> CONNECTING
[2145301:internal-dpl-clock]: [14:51:49][STATE] CONNECTING ---> DEVICE READY
[2145301:internal-dpl-clock]: [14:51:49][STATE] DEVICE READY ---> INITIALIZING TASK
[2145301:internal-dpl-clock]: [14:51:49][STATE] INITIALIZING TASK ---> READY
[2145301:internal-dpl-clock]: [14:51:49][STATE] READY ---> RUNNING
[2145301:internal-dpl-clock]: [14:51:49][INFO] fair::mq::Device running...
[2145301:internal-dpl-clock]: [14:51:49][INFO] LHCPeriod is not available, using current month OCT
[2145301:internal-dpl-clock]: [14:51:49][INFO] Correctly handshaken websocket connection.
[2145302:fdd-digit-reader]: [14:51:49][STATE] INITIALIZING DEVICE ---> INITIALIZED
[2145302:fdd-digit-reader]: [14:51:49][STATE] INITIALIZED ---> BINDING
[2145302:fdd-digit-reader]: [14:51:49][STATE] BINDING ---> BOUND
[2145302:fdd-digit-reader]: [14:51:49][STATE] BOUND ---> CONNECTING
[2145302:fdd-digit-reader]: [14:51:49][STATE] CONNECTING ---> DEVICE READY
[2145302:fdd-digit-reader]: [14:51:49][STATE] DEVICE READY ---> INITIALIZING TASK
[2145302:fdd-digit-reader]: [14:51:49][STATE] INITIALIZING TASK ---> READY
[2145302:fdd-digit-reader]: [14:51:49][STATE] READY ---> RUNNING
[2145302:fdd-digit-reader]: [14:51:49][INFO] fair::mq::Device running...
[2145302:fdd-digit-reader]: [14:51:49][INFO] LHCPeriod is not available, using current month OCT
[2145302:fdd-digit-reader]: [14:51:49][INFO] Will use MC-truth from FDDDigitLabels
[2145302:fdd-digit-reader]: [14:51:49][INFO] FDD DigitReader pushes 0 digits
[2145302:fdd-digit-reader]: [14:51:49][INFO] Sending end-of-stream message to channel from_fdd-digit-reader_to_fdd-reconstructor
[2145302:fdd-digit-reader]: [14:51:49][INFO] Sending end-of-stream message to channel from_fdd-digit-reader_to_internal-dpl-injected-dummy-sink
[2145302:fdd-digit-reader]: [14:51:49][INFO] Correctly handshaken websocket connection.
[2145303:fdd-reconstructor]: [14:51:49][INFO] Ignoring MC info
[2145303:fdd-reconstructor]: [14:51:49][INFO] Sending end-of-stream message to channel from_fdd-reconstructor_to_fdd-recpoint-writer
[INFO] Quitting
[INFO] QUIT_REQUESTED
[2145302:fdd-digit-reader]: [14:51:49][INFO] Received device shutdown request (signal 15).
[2145302:fdd-digit-reader]: [14:51:49][INFO] Waiting for graceful device shutdown. Hit Ctrl-C again to abort immediately.
[2145302:fdd-digit-reader]: [14:51:49][INFO] New state requested. No timeout set, quitting immediately as per --completion-policy
[2145302:fdd-digit-reader]: [14:51:49][STATE] RUNNING ---> READY
[2145302:fdd-digit-reader]: [14:51:49][STATE] READY ---> RESETTING TASK
[2145302:fdd-digit-reader]: [14:51:49][STATE] RESETTING TASK ---> DEVICE READY
[2145302:fdd-digit-reader]: [14:51:49][STATE] DEVICE READY ---> RESETTING DEVICE
[2145303:fdd-reconstructor]: [14:51:49][INFO] Received device shutdown request (signal 15).
[2145303:fdd-reconstructor]: [14:51:49][INFO] Waiting for graceful device shutdown. Hit Ctrl-C again to abort immediately.
[2145304:fdd-recpoint-writer]: [14:51:49][INFO] Received device shutdown request (signal 15).
[2145304:fdd-recpoint-writer]: [14:51:49][INFO] Waiting for graceful device shutdown. Hit Ctrl-C again to abort immediately.
[2145303:fdd-reconstructor]: [14:51:49][INFO] New state requested. No timeout set, quitting immediately as per --completion-policy
[2145303:fdd-reconstructor]: [14:51:49][STATE] RUNNING ---> READY
[2145304:fdd-recpoint-writer]: [14:51:49][INFO] New state requested. No timeout set, quitting immediately as per --completion-policy
[2145303:fdd-reconstructor]: [14:51:49][STATE] READY ---> RESETTING TASK
[2145303:fdd-reconstructor]: [14:51:49][STATE] RESETTING TASK ---> DEVICE READY
[2145303:fdd-reconstructor]: [14:51:49][STATE] DEVICE READY ---> RESETTING DEVICE
[2145302:fdd-digit-reader]: [14:51:49][STATE] RESETTING DEVICE ---> IDLE
[2145302:fdd-digit-reader]: [14:51:49][STATE] IDLE ---> EXITING
[2145302:fdd-digit-reader]: [14:51:49][STATE] Exiting FairMQ state machine
[2145303:fdd-reconstructor]: [14:51:49][STATE] RESETTING DEVICE ---> IDLE
[2145303:fdd-reconstructor]: [14:51:49][STATE] IDLE ---> EXITING
[2145303:fdd-reconstructor]: [14:51:49][STATE] Exiting FairMQ state machine
[2145305:internal-dpl-injected-dummy-sink]: [14:51:49][INFO] Received device shutdown request (signal 15).
[2145305:internal-dpl-injected-dummy-sink]: [14:51:49][INFO] Waiting for graceful device shutdown. Hit Ctrl-C again to abort immediately.
[2145305:internal-dpl-injected-dummy-sink]: [14:51:49][INFO] New state requested. No timeout set, quitting immediately as per --completion-policy
[2145305:internal-dpl-injected-dummy-sink]: [14:51:49][STATE] RUNNING ---> READY
[2145305:internal-dpl-injected-dummy-sink]: [14:51:49][STATE] READY ---> RESETTING TASK
[2145305:internal-dpl-injected-dummy-sink]: [14:51:49][STATE] RESETTING TASK ---> DEVICE READY
[2145305:internal-dpl-injected-dummy-sink]: [14:51:49][STATE] DEVICE READY ---> RESETTING DEVICE
[2145305:internal-dpl-injected-dummy-sink]: [14:51:49][STATE] RESETTING DEVICE ---> IDLE
[2145305:internal-dpl-injected-dummy-sink]: [14:51:49][STATE] IDLE ---> EXITING
[2145305:internal-dpl-injected-dummy-sink]: [14:51:49][STATE] Exiting FairMQ state machine
[2145301:internal-dpl-clock]: [14:51:49][INFO] Received device shutdown request (signal 15).
[2145301:internal-dpl-clock]: [14:51:49][INFO] Waiting for graceful device shutdown. Hit Ctrl-C again to abort immediately.
[2145301:internal-dpl-clock]: [14:51:49][INFO] New state requested. No timeout set, quitting immediately as per --completion-policy
[2145304:fdd-recpoint-writer]: [14:51:49][STATE] RUNNING ---> READY
[2145304:fdd-recpoint-writer]: [14:51:49][STATE] READY ---> RESETTING TASK
[2145304:fdd-recpoint-writer]: [14:51:49][STATE] RESETTING TASK ---> DEVICE READY
[2145304:fdd-recpoint-writer]: [14:51:49][STATE] DEVICE READY ---> RESETTING DEVICE
[2145304:fdd-recpoint-writer]: [14:51:49][STATE] RESETTING DEVICE ---> IDLE
[2145304:fdd-recpoint-writer]: [14:51:49][STATE] IDLE ---> EXITING
[2145304:fdd-recpoint-writer]: [14:51:49][STATE] Exiting FairMQ state machine
[2145301:internal-dpl-clock]: [14:51:49][INFO] Sending end-of-stream message to channel from_internal-dpl-clock_to_fdd-digit-reader
[2145301:internal-dpl-clock]: [14:51:49][STATE] RUNNING ---> READY
[2145301:internal-dpl-clock]: [14:51:49][STATE] READY ---> RESETTING TASK
[2145301:internal-dpl-clock]: [14:51:49][STATE] RESETTING TASK ---> DEVICE READY
[2145301:internal-dpl-clock]: [14:51:49][STATE] DEVICE READY ---> RESETTING DEVICE
[2145301:internal-dpl-clock]: [14:51:49][INFO] Cleaning up for shared memory id 'e173c876'...
[2145301:internal-dpl-clock]: [14:51:49][INFO] Found 0 unmanaged regions...
[2145301:internal-dpl-clock]: [14:51:49][INFO] Found 1 managed segments...
[2145301:internal-dpl-clock]: [14:51:49][INFO] Successfully removed 'fmq_e173c876_m_0'.
[2145301:internal-dpl-clock]: [14:51:49][INFO] Successfully removed 'fmq_e173c876_mng'.
[2145301:internal-dpl-clock]: [14:51:49][STATE] RESETTING DEVICE ---> IDLE
[2145301:internal-dpl-clock]: [14:51:49][STATE] IDLE ---> EXITING
[2145301:internal-dpl-clock]: [14:51:49][STATE] Exiting FairMQ state machine
[INFO] ## Processes completed. Run summary:
[INFO] ### Devices started: 5
[INFO]  - Device internal-dpl-clock: pid 2145301 (exit 0)
[INFO]  - Device fdd-digit-reader: pid 2145302 (exit 0)
[INFO]  - Device fdd-reconstructor: pid 2145303 (exit 0)
[INFO]  - Device fdd-recpoint-writer: pid 2145304 (exit 0)
[INFO]  - Device internal-dpl-injected-dummy-sink: pid 2145305 (exit 0)
[INFO] Dumping used configuration in dpl-config.json
TASK-EXIT-CODE: 0
