Running: TIME="#walltime %e" /usr/bin/time --output=itsreco.log_time ./itsreco.log_tmp.sh
[INFO] Initialising O2 Data Processing Layer. Driver PID: 1158295.
[INFO] Driver listening on port: 26375
[INFO] Rate limiting set up at 500MB distributed over 1 readers
[INFO] O2 Data Processing Layer initialised. We brake for nobody.
[INFO] Optimised build. O2DEBUG / LOG(debug) / LOGF(debug) / assert statement will not be shown.
[INFO] Redeployment of configuration asked.
[INFO] Starting internal-dpl-clock on pid 1158330
[INFO] Starting its-digit-reader on pid 1158331
[INFO] Starting internal-dpl-ccdb-backend on pid 1158332
[INFO] Starting its-clusterer on pid 1158333
[INFO] Starting its-cluster-writer on pid 1158334
[INFO] Starting its-tracker on pid 1158335
[INFO] Starting irframe-writer-its on pid 1158336
[INFO] Starting its-track-writer on pid 1158337
[INFO] Starting internal-dpl-injected-dummy-sink on pid 1158338
[INFO] Redeployment of configuration done.
[1158330:internal-dpl-clock]: [INFO] Instrumenting crash signals
[1158330:internal-dpl-clock]: [INFO] Spawing new device internal-dpl-clock in process with pid 1158330
[1158330:internal-dpl-clock]: [22:54:23][INFO] 
[1158330:internal-dpl-clock]:       ______      _    _______  _________ 
[1158330:internal-dpl-clock]:      / ____/___ _(_)_______   |/  /_  __ \    version 1.8.0
[1158330:internal-dpl-clock]:     / /_  / __ `/ / ___/__  /|_/ /_  / / /    build RELWITHDEBINFO
[1158330:internal-dpl-clock]:    / __/ / /_/ / / /    _  /  / / / /_/ /     https://github.com/FairRootGroup/FairMQ
[1158330:internal-dpl-clock]:   /_/    \__,_/_/_/     /_/  /_/  \___\_\     LGPL-3.0  © 2012-2023 GSI
[1158330:internal-dpl-clock]: 
[1158330:internal-dpl-clock]: [22:54:23][STATE] Starting FairMQ state machine --> IDLE
[1158330:internal-dpl-clock]: [22:54:23][STATE] IDLE ---> INITIALIZING DEVICE
[1158330:internal-dpl-clock]: [22:54:23][STATE] INITIALIZING DEVICE ---> INITIALIZED
[1158330:internal-dpl-clock]: [22:54:23][STATE] INITIALIZED ---> BINDING
[1158330:internal-dpl-clock]: [22:54:23][STATE] BINDING ---> BOUND
[1158330:internal-dpl-clock]: [22:54:23][STATE] BOUND ---> CONNECTING
[1158330:internal-dpl-clock]: [22:54:23][STATE] CONNECTING ---> DEVICE READY
[1158330:internal-dpl-clock]: [22:54:23][STATE] DEVICE READY ---> INITIALIZING TASK
[1158330:internal-dpl-clock]: [22:54:23][STATE] INITIALIZING TASK ---> READY
[1158330:internal-dpl-clock]: [22:54:23][STATE] READY ---> RUNNING
[1158330:internal-dpl-clock]: [22:54:23][INFO] fair::mq::Device running...
[1158330:internal-dpl-clock]: [22:54:23][INFO] LHCPeriod is not available, using current month OCT
[1158330:internal-dpl-clock]: [22:54:23][INFO] Correctly handshaken websocket connection.
[1158333:its-clusterer]: [INFO] Instrumenting crash signals
[1158333:its-clusterer]: [INFO] Spawing new device its-clusterer in process with pid 1158333
[1158333:its-clusterer]: [22:54:23][INFO] 
[1158333:its-clusterer]:       ______      _    _______  _________ 
[1158333:its-clusterer]:      / ____/___ _(_)_______   |/  /_  __ \    version 1.8.0
[1158333:its-clusterer]:     / /_  / __ `/ / ___/__  /|_/ /_  / / /    build RELWITHDEBINFO
[1158333:its-clusterer]:    / __/ / /_/ / / /    _  /  / / / /_/ /     https://github.com/FairRootGroup/FairMQ
[1158333:its-clusterer]:   /_/    \__,_/_/_/     /_/  /_/  \___\_\     LGPL-3.0  © 2012-2023 GSI
[1158333:its-clusterer]: 
[1158333:its-clusterer]: [22:54:23][STATE] Starting FairMQ state machine --> IDLE
[1158333:its-clusterer]: [22:54:23][STATE] IDLE ---> INITIALIZING DEVICE
[1158333:its-clusterer]: [22:54:23][STATE] INITIALIZING DEVICE ---> INITIALIZED
[1158333:its-clusterer]: [22:54:23][STATE] INITIALIZED ---> BINDING
[1158333:its-clusterer]: [22:54:23][STATE] BINDING ---> BOUND
[1158333:its-clusterer]: [22:54:23][STATE] BOUND ---> CONNECTING
[1158333:its-clusterer]: [22:54:23][STATE] CONNECTING ---> DEVICE READY
[1158333:its-clusterer]: [22:54:23][STATE] DEVICE READY ---> INITIALIZING TASK
[1158333:its-clusterer]: [22:54:23][STATE] INITIALIZING TASK ---> READY
[1158333:its-clusterer]: [22:54:23][STATE] READY ---> RUNNING
[1158333:its-clusterer]: [22:54:23][INFO] fair::mq::Device running...
[1158333:its-clusterer]: [22:54:23][INFO] LHCPeriod is not available, using current month OCT
[1158333:its-clusterer]: [22:54:23][INFO] Correctly handshaken websocket connection.
[1158334:its-cluster-writer]: [INFO] Instrumenting crash signals
[1158334:its-cluster-writer]: [INFO] Spawing new device its-cluster-writer in process with pid 1158334
[1158334:its-cluster-writer]: [22:54:23][INFO] 
[1158334:its-cluster-writer]:       ______      _    _______  _________ 
[1158334:its-cluster-writer]:      / ____/___ _(_)_______   |/  /_  __ \    version 1.8.0
[1158334:its-cluster-writer]:     / /_  / __ `/ / ___/__  /|_/ /_  / / /    build RELWITHDEBINFO
[1158334:its-cluster-writer]:    / __/ / /_/ / / /    _  /  / / / /_/ /     https://github.com/FairRootGroup/FairMQ
[1158334:its-cluster-writer]:   /_/    \__,_/_/_/     /_/  /_/  \___\_\     LGPL-3.0  © 2012-2023 GSI
[1158334:its-cluster-writer]: 
[1158334:its-cluster-writer]: [22:54:23][STATE] Starting FairMQ state machine --> IDLE
[1158334:its-cluster-writer]: [22:54:23][STATE] IDLE ---> INITIALIZING DEVICE
[1158334:its-cluster-writer]: [22:54:23][INFO] 0: branch  ITSClusterComp set up
[1158334:its-cluster-writer]: [22:54:23][INFO] 1: branch  ITSClusterPatt set up
[1158334:its-cluster-writer]: [22:54:23][INFO] 2: branch  ITSClustersROF set up
[1158334:its-cluster-writer]: [22:54:23][INFO] 3: branch  ITSClusterMCTruth set up
[1158334:its-cluster-writer]: [22:54:23][INFO] 4: branch  ITSClustersMC2ROF set up
[1158334:its-cluster-writer]: [22:54:23][STATE] INITIALIZING DEVICE ---> INITIALIZED
[1158334:its-cluster-writer]: [22:54:23][STATE] INITIALIZED ---> BINDING
[1158334:its-cluster-writer]: [22:54:23][STATE] BINDING ---> BOUND
[1158334:its-cluster-writer]: [22:54:23][STATE] BOUND ---> CONNECTING
[1158337:its-track-writer]: [INFO] Instrumenting crash signals
[1158334:its-cluster-writer]: [22:54:23][STATE] CONNECTING ---> DEVICE READY
[1158334:its-cluster-writer]: [22:54:23][STATE] DEVICE READY ---> INITIALIZING TASK
[1158335:its-tracker]: [INFO] Instrumenting crash signals
[1158337:its-track-writer]: [INFO] Spawing new device its-track-writer in process with pid 1158337
[1158335:its-tracker]: [INFO] Spawing new device its-tracker in process with pid 1158335
[1158337:its-track-writer]: [22:54:23][INFO] 
[1158337:its-track-writer]:       ______      _    _______  _________ 
[1158337:its-track-writer]:      / ____/___ _(_)_______   |/  /_  __ \    version 1.8.0
[1158337:its-track-writer]:     / /_  / __ `/ / ___/__  /|_/ /_  / / /    build RELWITHDEBINFO
[1158337:its-track-writer]:    / __/ / /_/ / / /    _  /  / / / /_/ /     https://github.com/FairRootGroup/FairMQ
[1158337:its-track-writer]:   /_/    \__,_/_/_/     /_/  /_/  \___\_\     LGPL-3.0  © 2012-2023 GSI
[1158337:its-track-writer]: 
[1158337:its-track-writer]: [22:54:23][STATE] Starting FairMQ state machine --> IDLE
[1158335:its-tracker]: [22:54:23][INFO] 
[1158335:its-tracker]:       ______      _    _______  _________ 
[1158335:its-tracker]:      / ____/___ _(_)_______   |/  /_  __ \    version 1.8.0
[1158335:its-tracker]:     / /_  / __ `/ / ___/__  /|_/ /_  / / /    build RELWITHDEBINFO
[1158335:its-tracker]:    / __/ / /_/ / / /    _  /  / / / /_/ /     https://github.com/FairRootGroup/FairMQ
[1158335:its-tracker]:   /_/    \__,_/_/_/     /_/  /_/  \___\_\     LGPL-3.0  © 2012-2023 GSI
[1158335:its-tracker]: 
[1158335:its-tracker]: [22:54:23][STATE] Starting FairMQ state machine --> IDLE
[1158337:its-track-writer]: [22:54:23][STATE] IDLE ---> INITIALIZING DEVICE
[1158335:its-tracker]: [22:54:23][STATE] IDLE ---> INITIALIZING DEVICE
[1158335:its-tracker]: [22:54:23][INFO] Created GPUReconstruction instance for device type CPU (1) 
[1158335:its-tracker]: [22:54:23][INFO] Initializing tracker in async. phase reconstruction with 3 passes
[1158335:its-tracker]: [22:54:23][STATE] INITIALIZING DEVICE ---> INITIALIZED
[1158335:its-tracker]: [22:54:23][STATE] INITIALIZED ---> BINDING
[1158335:its-tracker]: [22:54:23][STATE] BINDING ---> BOUND
[1158335:its-tracker]: [22:54:23][STATE] BOUND ---> CONNECTING
[1158335:its-tracker]: [22:54:23][STATE] CONNECTING ---> DEVICE READY
[1158335:its-tracker]: [22:54:23][STATE] DEVICE READY ---> INITIALIZING TASK
[1158337:its-track-writer]: [22:54:23][INFO] 0: branch  ITSTrack set up
[1158335:its-tracker]: [22:54:23][STATE] INITIALIZING TASK ---> READY
[1158335:its-tracker]: [22:54:23][STATE] READY ---> RUNNING
[1158335:its-tracker]: [22:54:23][INFO] fair::mq::Device running...
[1158335:its-tracker]: [22:54:23][INFO] LHCPeriod is not available, using current month OCT
[1158335:its-tracker]: [22:54:23][INFO] Correctly handshaken websocket connection.
[1158337:its-track-writer]: [22:54:23][INFO] 1: branch  ITSTrackClusIdx set up
[1158337:its-track-writer]: [22:54:23][INFO] 2: branch  Vertices set up
[1158337:its-track-writer]: [22:54:23][INFO] 3: branch  VerticesROF set up
[1158337:its-track-writer]: [22:54:23][INFO] 4: branch  ITSTracksROF set up
[1158337:its-track-writer]: [22:54:23][INFO] 5: branch  ITSTrackMCTruth set up
[1158337:its-track-writer]: [22:54:23][INFO] 6: branch  ITSVertexMCTruth set up
[1158337:its-track-writer]: [22:54:23][INFO] 7: branch  ITSTracksMC2ROF set up
[1158337:its-track-writer]: [22:54:23][STATE] INITIALIZING DEVICE ---> INITIALIZED
[1158337:its-track-writer]: [22:54:23][STATE] INITIALIZED ---> BINDING
[1158337:its-track-writer]: [22:54:23][STATE] BINDING ---> BOUND
[1158337:its-track-writer]: [22:54:23][STATE] BOUND ---> CONNECTING
[1158337:its-track-writer]: [22:54:23][STATE] CONNECTING ---> DEVICE READY
[1158337:its-track-writer]: [22:54:23][STATE] DEVICE READY ---> INITIALIZING TASK
[1158337:its-track-writer]: [22:54:23][STATE] INITIALIZING TASK ---> READY
[1158337:its-track-writer]: [22:54:23][STATE] READY ---> RUNNING
[1158337:its-track-writer]: [22:54:23][INFO] fair::mq::Device running...
[1158337:its-track-writer]: [22:54:23][INFO] LHCPeriod is not available, using current month OCT
[1158337:its-track-writer]: [22:54:23][INFO] Correctly handshaken websocket connection.
[1158334:its-cluster-writer]: [22:54:23][STATE] INITIALIZING TASK ---> READY
[1158334:its-cluster-writer]: [22:54:23][STATE] READY ---> RUNNING
[1158334:its-cluster-writer]: [22:54:23][INFO] fair::mq::Device running...
[1158334:its-cluster-writer]: [22:54:23][INFO] LHCPeriod is not available, using current month OCT
[1158334:its-cluster-writer]: [22:54:23][INFO] Correctly handshaken websocket connection.
[1158331:its-digit-reader]: [INFO] Instrumenting crash signals
[1158331:its-digit-reader]: [INFO] Spawing new device its-digit-reader in process with pid 1158331
[1158331:its-digit-reader]: [22:54:23][INFO] 
[1158331:its-digit-reader]:       ______      _    _______  _________ 
[1158331:its-digit-reader]:      / ____/___ _(_)_______   |/  /_  __ \    version 1.8.0
[1158331:its-digit-reader]:     / /_  / __ `/ / ___/__  /|_/ /_  / / /    build RELWITHDEBINFO
[1158331:its-digit-reader]:    / __/ / /_/ / / /    _  /  / / / /_/ /     https://github.com/FairRootGroup/FairMQ
[1158331:its-digit-reader]:   /_/    \__,_/_/_/     /_/  /_/  \___\_\     LGPL-3.0  © 2012-2023 GSI
[1158331:its-digit-reader]: 
[1158331:its-digit-reader]: [22:54:23][STATE] Starting FairMQ state machine --> IDLE
[1158331:its-digit-reader]: [22:54:23][STATE] IDLE ---> INITIALIZING DEVICE
[1158338:internal-dpl-injected-dummy-sink]: [INFO] Instrumenting crash signals
[1158338:internal-dpl-injected-dummy-sink]: [INFO] Spawing new device internal-dpl-injected-dummy-sink in process with pid 1158338
[1158338:internal-dpl-injected-dummy-sink]: [22:54:23][INFO] 
[1158338:internal-dpl-injected-dummy-sink]:       ______      _    _______  _________ 
[1158338:internal-dpl-injected-dummy-sink]:      / ____/___ _(_)_______   |/  /_  __ \    version 1.8.0
[1158338:internal-dpl-injected-dummy-sink]:     / /_  / __ `/ / ___/__  /|_/ /_  / / /    build RELWITHDEBINFO
[1158338:internal-dpl-injected-dummy-sink]:    / __/ / /_/ / / /    _  /  / / / /_/ /     https://github.com/FairRootGroup/FairMQ
[1158338:internal-dpl-injected-dummy-sink]:   /_/    \__,_/_/_/     /_/  /_/  \___\_\     LGPL-3.0  © 2012-2023 GSI
[1158338:internal-dpl-injected-dummy-sink]: 
[1158338:internal-dpl-injected-dummy-sink]: [22:54:23][STATE] Starting FairMQ state machine --> IDLE
[1158338:internal-dpl-injected-dummy-sink]: [22:54:23][STATE] IDLE ---> INITIALIZING DEVICE
[1158338:internal-dpl-injected-dummy-sink]: [22:54:23][STATE] INITIALIZING DEVICE ---> INITIALIZED
[1158338:internal-dpl-injected-dummy-sink]: [22:54:23][STATE] INITIALIZED ---> BINDING
[1158338:internal-dpl-injected-dummy-sink]: [22:54:23][STATE] BINDING ---> BOUND
[1158338:internal-dpl-injected-dummy-sink]: [22:54:23][STATE] BOUND ---> CONNECTING
[1158338:internal-dpl-injected-dummy-sink]: [22:54:23][STATE] CONNECTING ---> DEVICE READY
[1158338:internal-dpl-injected-dummy-sink]: [22:54:23][STATE] DEVICE READY ---> INITIALIZING TASK
[1158338:internal-dpl-injected-dummy-sink]: [22:54:23][STATE] INITIALIZING TASK ---> READY
[1158338:internal-dpl-injected-dummy-sink]: [22:54:23][STATE] READY ---> RUNNING
[1158338:internal-dpl-injected-dummy-sink]: [22:54:23][INFO] fair::mq::Device running...
[1158338:internal-dpl-injected-dummy-sink]: [22:54:23][INFO] LHCPeriod is not available, using current month OCT
[1158338:internal-dpl-injected-dummy-sink]: [22:54:23][INFO] Correctly handshaken websocket connection.
[1158332:internal-dpl-ccdb-backend]: [INFO] Instrumenting crash signals
[1158332:internal-dpl-ccdb-backend]: [INFO] Spawing new device internal-dpl-ccdb-backend in process with pid 1158332
[1158332:internal-dpl-ccdb-backend]: [22:54:23][INFO] 
[1158332:internal-dpl-ccdb-backend]:       ______      _    _______  _________ 
[1158332:internal-dpl-ccdb-backend]:      / ____/___ _(_)_______   |/  /_  __ \    version 1.8.0
[1158332:internal-dpl-ccdb-backend]:     / /_  / __ `/ / ___/__  /|_/ /_  / / /    build RELWITHDEBINFO
[1158332:internal-dpl-ccdb-backend]:    / __/ / /_/ / / /    _  /  / / / /_/ /     https://github.com/FairRootGroup/FairMQ
[1158332:internal-dpl-ccdb-backend]:   /_/    \__,_/_/_/     /_/  /_/  \___\_\     LGPL-3.0  © 2012-2023 GSI
[1158332:internal-dpl-ccdb-backend]: 
[1158332:internal-dpl-ccdb-backend]: [22:54:23][STATE] Starting FairMQ state machine --> IDLE
[1158332:internal-dpl-ccdb-backend]: [22:54:23][STATE] IDLE ---> INITIALIZING DEVICE
[1158332:internal-dpl-ccdb-backend]: [22:54:23][INFO] CCDB Backend at: http://alice-ccdb.cern.ch, validity check for every 2147483647 TF
[1158332:internal-dpl-ccdb-backend]: [22:54:23][INFO] Init CcdApi with UserAgentID: localhost.localdomain-1697144063-HFIrmi, Host: http://alice-ccdb.cern.ch
[1158332:internal-dpl-ccdb-backend]: [22:54:23][INFO] Initialised default CCDB host http://alice-ccdb.cern.ch
[1158332:internal-dpl-ccdb-backend]: [22:54:23][INFO] The following route is a condition ITS/CLUSDICT/0
[1158332:internal-dpl-ccdb-backend]: [22:54:23][INFO] - ccdb-path: ITS/Calib/ClusterDictionary
[1158332:internal-dpl-ccdb-backend]: [22:54:23][INFO] The following route is a condition GLO/GRPECS/0
[1158332:internal-dpl-ccdb-backend]: [22:54:23][INFO] - ccdb-path: GLO/Config/GRPECS
[1158332:internal-dpl-ccdb-backend]: [22:54:23][INFO] The following route is a condition ITS/ALPIDEPARAM/0
[1158332:internal-dpl-ccdb-backend]: [22:54:23][INFO] - ccdb-path: ITS/Config/AlpideParam
[1158332:internal-dpl-ccdb-backend]: [22:54:23][INFO] The following route is a condition ITS/CLUSPARAM/0
[1158332:internal-dpl-ccdb-backend]: [22:54:23][INFO] - ccdb-path: ITS/Config/ClustererParam
[1158332:internal-dpl-ccdb-backend]: [22:54:23][INFO] The following route is a condition GLO/MATLUT/0
[1158332:internal-dpl-ccdb-backend]: [22:54:23][INFO] - ccdb-path: GLO/Param/MatLUT
[1158332:internal-dpl-ccdb-backend]: [22:54:23][INFO] The following route is a condition GLO/GRPMAGFIELD/0
[1158332:internal-dpl-ccdb-backend]: [22:54:23][INFO] - ccdb-path: GLO/Config/GRPMagField
[1158332:internal-dpl-ccdb-backend]: [22:54:23][INFO] The following route is a condition GLO/GEOMALIGN/0
[1158332:internal-dpl-ccdb-backend]: [22:54:23][INFO] - ccdb-path: GLO/Config/GeometryAligned
[1158332:internal-dpl-ccdb-backend]: [22:54:23][STATE] INITIALIZING DEVICE ---> INITIALIZED
[1158332:internal-dpl-ccdb-backend]: [22:54:23][STATE] INITIALIZED ---> BINDING
[1158332:internal-dpl-ccdb-backend]: [22:54:23][STATE] BINDING ---> BOUND
[1158332:internal-dpl-ccdb-backend]: [22:54:23][STATE] BOUND ---> CONNECTING
[1158332:internal-dpl-ccdb-backend]: [22:54:23][STATE] CONNECTING ---> DEVICE READY
[1158332:internal-dpl-ccdb-backend]: [22:54:23][STATE] DEVICE READY ---> INITIALIZING TASK
[1158332:internal-dpl-ccdb-backend]: [22:54:23][STATE] INITIALIZING TASK ---> READY
[1158332:internal-dpl-ccdb-backend]: [22:54:23][STATE] READY ---> RUNNING
[1158332:internal-dpl-ccdb-backend]: [22:54:23][INFO] fair::mq::Device running...
[1158332:internal-dpl-ccdb-backend]: [22:54:23][INFO] LHCPeriod is not available, using current month OCT
[1158332:internal-dpl-ccdb-backend]: [22:54:23][INFO] Correctly handshaken websocket connection.
[1158331:its-digit-reader]: [22:54:23][INFO] Loaded tree from itsdigits.root with 1 entries
[1158331:its-digit-reader]: [22:54:23][STATE] INITIALIZING DEVICE ---> INITIALIZED
[1158331:its-digit-reader]: [22:54:23][STATE] INITIALIZED ---> BINDING
[1158331:its-digit-reader]: [22:54:23][STATE] BINDING ---> BOUND
[1158331:its-digit-reader]: [22:54:23][STATE] BOUND ---> CONNECTING
[1158331:its-digit-reader]: [22:54:23][STATE] CONNECTING ---> DEVICE READY
[1158331:its-digit-reader]: [22:54:23][STATE] DEVICE READY ---> INITIALIZING TASK
[1158331:its-digit-reader]: [22:54:23][STATE] INITIALIZING TASK ---> READY
[1158331:its-digit-reader]: [22:54:23][STATE] READY ---> RUNNING
[1158331:its-digit-reader]: [22:54:23][INFO] fair::mq::Device running...
[1158331:its-digit-reader]: [22:54:23][INFO] LHCPeriod is not available, using current month OCT
[1158331:its-digit-reader]: [22:54:23][INFO] ITSDigitReader pushes 130 ROFRecords, 268985 digits at entry 0
[1158331:its-digit-reader]: [22:54:23][INFO] Sending end-of-stream message to channel from_its-digit-reader_to_internal-dpl-ccdb-backend
[1158331:its-digit-reader]: [22:54:23][INFO] Sending end-of-stream message to channel from_its-digit-reader_to_its-clusterer
[1158331:its-digit-reader]: [22:54:23][INFO] Sending end-of-stream message to channel from_its-digit-reader_to_internal-dpl-injected-dummy-sink
[1158331:its-digit-reader]: [22:54:23][INFO] Correctly handshaken websocket connection.
[1158336:irframe-writer-its]: [INFO] Instrumenting crash signals
[1158336:irframe-writer-its]: [INFO] Spawing new device irframe-writer-its in process with pid 1158336
[1158336:irframe-writer-its]: [22:54:24][INFO] 
[1158336:irframe-writer-its]:       ______      _    _______  _________ 
[1158336:irframe-writer-its]:      / ____/___ _(_)_______   |/  /_  __ \    version 1.8.0
[1158336:irframe-writer-its]:     / /_  / __ `/ / ___/__  /|_/ /_  / / /    build RELWITHDEBINFO
[1158336:irframe-writer-its]:    / __/ / /_/ / / /    _  /  / / / /_/ /     https://github.com/FairRootGroup/FairMQ
[1158336:irframe-writer-its]:   /_/    \__,_/_/_/     /_/  /_/  \___\_\     LGPL-3.0  © 2012-2023 GSI
[1158336:irframe-writer-its]: 
[1158336:irframe-writer-its]: [22:54:24][STATE] Starting FairMQ state machine --> IDLE
[1158336:irframe-writer-its]: [22:54:24][STATE] IDLE ---> INITIALIZING DEVICE
[1158336:irframe-writer-its]: [22:54:24][INFO] 0: branch  IRFrames set up
[1158336:irframe-writer-its]: [22:54:24][STATE] INITIALIZING DEVICE ---> INITIALIZED
[1158336:irframe-writer-its]: [22:54:24][STATE] INITIALIZED ---> BINDING
[1158336:irframe-writer-its]: [22:54:24][STATE] BINDING ---> BOUND
[1158336:irframe-writer-its]: [22:54:24][STATE] BOUND ---> CONNECTING
[1158336:irframe-writer-its]: [22:54:24][STATE] CONNECTING ---> DEVICE READY
[1158336:irframe-writer-its]: [22:54:24][STATE] DEVICE READY ---> INITIALIZING TASK
[1158336:irframe-writer-its]: [22:54:24][STATE] INITIALIZING TASK ---> READY
[1158336:irframe-writer-its]: [22:54:24][STATE] READY ---> RUNNING
[1158336:irframe-writer-its]: [22:54:24][INFO] fair::mq::Device running...
[1158336:irframe-writer-its]: [22:54:24][INFO] LHCPeriod is not available, using current month OCT
[1158336:irframe-writer-its]: [22:54:24][INFO] Correctly handshaken websocket connection.
[1158332:internal-dpl-ccdb-backend]: Info in <TJAlienConnectionManager>: Opening connection to JCentral. Please wait
[1158332:internal-dpl-ccdb-backend]: Info in <TJAlienConnectionManager>: Opening connection to 137.138.47.222
[1158332:internal-dpl-ccdb-backend]: Info in <TJAlienConnectionManager>: Successfully connected to 137.138.47.222
[1158332:internal-dpl-ccdb-backend]: Info in <TJAlienFile::Open>: Accessing file /alice/data/CCDB/CTP/Calib/OrbitReset/06/62200/b9f985c3-b4b0-11ec-8fd3-90ce809b24ee in SE <ALICE::CERN::EOS>
[1158332:internal-dpl-ccdb-backend]: [22:54:24][INFO] ccdb reads http://alice-ccdb.cern.ch/CTP/Calib/OrbitReset/1546300800000/b9f985c3-b4b0-11ec-8fd3-90ce809b24ee for 1546300800000 (load to memory, agent_id: localhost.localdomain-1697144063-HFIrmi), 
[1158332:internal-dpl-ccdb-backend]: Info in <TJAlienFile::Open>: Accessing file /alice/data/CCDB/ITS/Calib/ClusterDictionary/09/10449/c245a720-9fe3-11ec-975c-200114580202 in SE <ALICE::CERN::OCDB>
[1158332:internal-dpl-ccdb-backend]: [22:54:25][INFO] ccdb reads http://alice-ccdb.cern.ch/ITS/Calib/ClusterDictionary/0/c245a720-9fe3-11ec-975c-200114580202 for 1546300800000 (load to memory, agent_id: localhost.localdomain-1697144063-HFIrmi), 
[1158332:internal-dpl-ccdb-backend]: Info in <TJAlienFile::Open>: Accessing file /alice/data/CCDB/GLO/Config/GRPECS/03/07584/646e9be2-0210-11ed-8000-200114580202 in SE <ALICE::CERN::OCDB>
[1158332:internal-dpl-ccdb-backend]: [22:54:25][INFO] ccdb reads http://alice-ccdb.cern.ch/GLO/Config/GRPECS/1546300800000/646e9be2-0210-11ed-8000-200114580202 for 1546300800000 (load to memory, agent_id: localhost.localdomain-1697144063-HFIrmi), 
[1158332:internal-dpl-ccdb-backend]: Info in <TJAlienFile::Open>: Accessing file /alice/data/CCDB/ITS/Config/AlpideParam/02/10715/76f24ad5-e339-11ec-9e90-200114580204 in SE <ALICE::CERN::OCDB>
[1158332:internal-dpl-ccdb-backend]: [22:54:26][INFO] ccdb reads http://alice-ccdb.cern.ch/ITS/Config/AlpideParam/1546300800000/76f24ad5-e339-11ec-9e90-200114580204 for 1546300800000 (load to memory, agent_id: localhost.localdomain-1697144063-HFIrmi), 
[1158332:internal-dpl-ccdb-backend]: Info in <TJAlienFile::Open>: Accessing file /alice/data/CCDB/ITS/Config/ClustererParam/06/44918/b0c41285-f1ae-11ec-b9c0-2a010e0a0b16 in SE <ALICE::CERN::OCDB>
[1158332:internal-dpl-ccdb-backend]: [22:54:26][INFO] ccdb reads http://alice-ccdb.cern.ch/ITS/Config/ClustererParam/1/b0c41285-f1ae-11ec-b9c0-2a010e0a0b16 for 1546300800000 (load to memory, agent_id: localhost.localdomain-1697144063-HFIrmi), 
[1158332:internal-dpl-ccdb-backend]: Info in <TJAlienFile::Open>: Accessing file /alice/data/CCDB/GLO/Param/MatLUT/05/24630/d5a2a33e-dba4-11ec-9e90-2a010e0a0b16 in SE <ALICE::CERN::OCDB>
[1158332:internal-dpl-ccdb-backend]: [22:54:26][INFO] ccdb reads http://alice-ccdb.cern.ch/GLO/Param/MatLUT/1546300800000/d5a2a33e-dba4-11ec-9e90-2a010e0a0b16 for 1546300800000 (load to memory, agent_id: localhost.localdomain-1697144063-HFIrmi), 
[1158332:internal-dpl-ccdb-backend]: Info in <TJAlienFile::Open>: Accessing file /alice/data/CCDB/GLO/Config/GRPMagField/06/62924/01d633ab-efdf-11ec-841e-2a010e0a0b16 in SE <ALICE::CERN::OCDB>
[1158332:internal-dpl-ccdb-backend]: [22:54:26][INFO] ccdb reads http://alice-ccdb.cern.ch/GLO/Config/GRPMagField/1546300800000/01d633ab-efdf-11ec-841e-2a010e0a0b16 for 1546300800000 (load to memory, agent_id: localhost.localdomain-1697144063-HFIrmi), 
[1158332:internal-dpl-ccdb-backend]: Info in <TJAlienFile::Open>: Accessing file /alice/data/CCDB/GLO/Config/GeometryAligned/06/21224/787687c0-287a-11ed-8141-200114580202 in SE <ALICE::CERN::OCDB>
[1158332:internal-dpl-ccdb-backend]: [22:54:26][INFO] ccdb reads http://alice-ccdb.cern.ch/GLO/Config/GeometryAligned/1546300800000/787687c0-287a-11ed-8141-200114580202 for 1546300800000 (load to memory, agent_id: localhost.localdomain-1697144063-HFIrmi), 
[1158332:internal-dpl-ccdb-backend]: [22:54:26][INFO] Sending end-of-stream message to channel from_internal-dpl-ccdb-backend_to_its-clusterer
[1158332:internal-dpl-ccdb-backend]: [22:54:26][INFO] Sending end-of-stream message to channel from_internal-dpl-ccdb-backend_to_its-tracker
[1158332:internal-dpl-ccdb-backend]: [22:54:26][INFO] Sending end-of-stream message to channel from_internal-dpl-ccdb-backend_to_internal-dpl-injected-dummy-sink
[1158333:its-clusterer]: [22:54:26][INFO] GRP ECS object updated
[1158333:its-clusterer]: [22:54:26][INFO] Caching in 140693776103728 ptr to GLO/GRPECS/0 (0x3cbee20)
[1158333:its-clusterer]: [22:54:26][INFO] cluster dictionary updated
[1158333:its-clusterer]: [22:54:26][INFO] Caching in 140693776075856 ptr to ITS/CLUSDICT/0 (0x5043530)
[1158333:its-clusterer]: [22:54:26][INFO] Alpide param updated
[1158333:its-clusterer]: ITSAlpideParam.roFrameLengthInBC : 198		[ CCDB ]
[1158333:its-clusterer]: ITSAlpideParam.roFrameLengthTrig : 6000		[ CCDB ]
[1158333:its-clusterer]: ITSAlpideParam.strobeDelay : 99.8031		[ CCDB ]
[1158333:its-clusterer]: ITSAlpideParam.strobeLengthCont : -1		[ CCDB ]
[1158333:its-clusterer]: ITSAlpideParam.strobeLengthTrig : 100		[ CCDB ]
[1158333:its-clusterer]: ITSAlpideParam.roFrameBiasInBC : 64		[ CCDB ]
[1158333:its-clusterer]: [22:54:26][INFO] Caching in 140693776106000 ptr to ITS/ALPIDEPARAM/0 (0x7ff84e73c880)
[1158333:its-clusterer]: [22:54:26][INFO] Cluster param updated
[1158333:its-clusterer]: ITSClustererParam.maxRowColDiffToMask : 1		[ CCDB ]
[1158333:its-clusterer]: ITSClustererParam.maxBCDiffToMaskBias : 10		[ CCDB ]
[1158333:its-clusterer]: ITSClustererParam.maxBCDiffToSquashBias : -10		[ CCDB ]
[1158333:its-clusterer]: ITSClustererParam.maxSOTMUS : 8		[ CCDB ]
[1158333:its-clusterer]: [22:54:26][INFO] Caching in 140693776108272 ptr to ITS/CLUSPARAM/0 (0x7ff84e73c850)
[1158333:its-clusterer]: [22:54:26][INFO] Clusterizer squashes overflow pixels separated by 188 BC and <= 1 in row/col seeking down to 0 neighbour ROFs
[1158333:its-clusterer]: [22:54:26][INFO] Clusterizer masks overflow pixels separated by < 208 BC and <= 1 in row/col
[1158333:its-clusterer]: [22:54:26][INFO] Inclusive clusterization timing (w/o disk IO): Cpu: 0 Real: 0 s in 1 slots
[1158333:its-clusterer]: [22:54:26][INFO] Threads output merging timing                : Cpu: 0 Real: 0 s in 1 slots
[1158333:its-clusterer]: [22:54:26][INFO] ITSClusterer pulled 268985 digits, in 130 RO frames
[1158333:its-clusterer]: [22:54:26][INFO] ITSClusterer pulled 286607 labels 
[1158333:its-clusterer]: [22:54:26][INFO] ITSClusterer pushed 37143 clusters, in 130 RO frames
[1158333:its-clusterer]: [22:54:26][INFO] Clusterizer squashes overflow pixels separated by 188 BC and <= 1 in row/col seeking down to 0 neighbour ROFs
[1158333:its-clusterer]: [22:54:26][INFO] Clusterizer masks overflow pixels separated by < 208 BC and <= 1 in row/col
[1158333:its-clusterer]: [22:54:26][INFO] Inclusive clusterization timing (w/o disk IO): Cpu: 0.02 Real: 0.014883 s in 2 slots
[1158333:its-clusterer]: [22:54:26][INFO] Threads output merging timing                : Cpu: 0 Real: 0 s in 1 slots
[1158333:its-clusterer]: [22:54:26][INFO] Sending end-of-stream message to channel from_its-clusterer_to_its-cluster-writer
[1158333:its-clusterer]: [22:54:26][INFO] Sending end-of-stream message to channel from_its-clusterer_to_its-tracker
[1158334:its-cluster-writer]: [22:54:26][INFO] ITSClusterWriter pulled 37143 clusters, in 130 RO frames
[1158334:its-cluster-writer]: [22:54:26][INFO] Sending end-of-stream message to channel from_its-cluster-writer_to_its-tracker
[1158335:its-tracker]: [22:54:26][INFO] GRP MagField object updated
[1158335:its-tracker]: [22:54:26][INFO] MagneticField::Print: MagneticFieldMap:
[1158335:its-tracker]: [22:54:26][INFO] MagneticField::Print: Solenoid (-1*)5 kG, Dipole ON (-1) 
[1158335:its-tracker]: [22:54:26][INFO] MagneticField::Print: Machine B fields for p-p  beam (7000 GeV): QGrad: 22.0002 Dipole: 37.8781
[1158335:its-tracker]: [22:54:26][INFO] MagneticField::Print: Uses Sol30_Dip6_Hole  of /root/alice/sw/slc9_x86-64/O2/segment-local1/share/Common/maps/mfchebKGI_sym.root
[1158335:its-tracker]: Info in <TGeoGlobalMagField::SetField>: Global magnetic field set to <MagneticFieldMap>
[1158335:its-tracker]: Info in <TGeoGlobalMagField::Lock>: Global magnetic field <MagneticFieldMap> is now locked
[1158335:its-tracker]: [22:54:26][INFO] Caching in 140037294240912 ptr to GLO/GRPMAGFIELD/0 (0x4fc6ef0)
[1158335:its-tracker]: [22:54:26][INFO] GRP ECS object updated
[1158335:its-tracker]: [22:54:26][INFO] Caching in 140037294233904 ptr to GLO/GRPECS/0 (0x3edc040)
[1158335:its-tracker]: [22:54:26][INFO] material LUT updated
[1158335:its-tracker]: [22:54:26][INFO] Loaded 440 params from $(O2_ROOT)/share/Common/maps/sol5k.txt
[1158335:its-tracker]: [22:54:26][INFO] Caching in 140037301764352 ptr to GLO/MATLUT/0 (0x58d9880)
[1158335:its-tracker]: Info in <TGeoManager::CloseGeometry>: Geometry loaded from file...
[1158335:its-tracker]: Info in <TGeoManager::SetTopVolume>: Top volume is cave. Master volume is cave
[1158335:its-tracker]: Info in <TGeoNavigator::BuildCache>: --- Maximum geometry depth set to 100
[1158335:its-tracker]: Info in <TGeoManager::Voxelize>: Voxelizing...
[1158335:its-tracker]: Info in <TGeoManager::CountLevels>: max level = 13, max placements = 735
[1158335:its-tracker]: Info in <TGeoManager::CloseGeometry>: 5346742 nodes/ 27442 volume UID's in FAIR geometry
[1158335:its-tracker]: Info in <TGeoManager::CloseGeometry>: ----------------modeler ready----------------
[1158335:its-tracker]: [22:54:27][INFO] aligned geometry updated
[1158335:its-tracker]: [22:54:27][INFO] Caching in 140037294242160 ptr to GLO/GEOMALIGN/0 (0x59b40c0)
[1158335:its-tracker]: [22:54:27][INFO] cluster dictionary updated
[1158335:its-tracker]: [22:54:27][INFO] Caching in 140037294206032 ptr to ITS/CLUSDICT/0 (0x605ad20)
[1158335:its-tracker]: [22:54:27][INFO] Alpide param updated
[1158335:its-tracker]: ITSAlpideParam.roFrameLengthInBC : 198		[ CCDB ]
[1158335:its-tracker]: ITSAlpideParam.roFrameLengthTrig : 6000		[ CCDB ]
[1158335:its-tracker]: ITSAlpideParam.strobeDelay : 99.8031		[ CCDB ]
[1158335:its-tracker]: ITSAlpideParam.strobeLengthCont : -1		[ CCDB ]
[1158335:its-tracker]: ITSAlpideParam.strobeLengthTrig : 100		[ CCDB ]
[1158335:its-tracker]: ITSAlpideParam.roFrameBiasInBC : 64		[ CCDB ]
[1158335:its-tracker]: [22:54:27][INFO] Caching in 140037294236176 ptr to ITS/ALPIDEPARAM/0 (0x7f5f74da3880)
[1158335:its-tracker]: [22:54:27][INFO] Loading ITS T2L matrices from TGeo
[1158335:its-tracker]: [22:54:27][WARN] It is faster to use 2D rotation for T2G instead of full Transform3D matrices
[1158335:its-tracker]: [22:54:27][INFO] Loading ITS T2G matrices from TGeo
[1158335:its-tracker]: [22:54:28][INFO] Loading ITS T2G rotation 2D matrices
[1158335:its-tracker]: [22:54:28][INFO] Setting seeding vertexer with 1 threads.
[1158335:its-tracker]: [22:54:28][INFO] ITSTracker pulled 37143 clusters, 130 RO frames
[1158335:its-tracker]: [22:54:28][INFO] 37143 MC label objects , in 247 MC events
[1158335:its-tracker]: [22:54:28][INFO] ITSTracker RO: continuous=1
[1158335:its-tracker]: [22:54:28][INFO] Loading ITS L2G matrices from TGeo
[1158335:its-tracker]: [22:54:28][INFO]  - Vertexer initialisation completed in: 0.279394 ms
[1158335:its-tracker]: [22:54:28][INFO]  - Vertexer tracklet finding completed in: 1.76568 ms
[1158335:its-tracker]: [22:54:28][INFO]  - Vertexer adjacent tracklets validation completed in: 0.829337 ms
[1158335:its-tracker]: [22:54:28][INFO]  - Vertexer vertex finding completed in: 0.3434 ms
[1158335:its-tracker]: [22:54:28][INFO]  - Timeframe 0 vertexing completed in: 3.2178078 ms, using 1 thread(s).
[1158335:its-tracker]: [22:54:28][INFO]  - rejected 0/130 ROFs: random/mult.sel:0 (seed 624), vtx.sel:0
[1158335:its-tracker]: [22:54:28][INFO]  - Vertex seeding total elapsed time: 3.2178078 ms for 94 vertices found in 130 ROFs
[1158335:its-tracker]: [22:54:28][INFO]  - Beam position computed for the TF: 0.0016283209, 0.0007221253
[1158335:its-tracker]: [22:54:28][INFO]  - Timeframe initialisation completed in: 6.38878 ms
[1158335:its-tracker]: [22:54:28][INFO]  - Tracklet finding completed in: 2.17978 ms
[1158335:its-tracker]: [22:54:28][INFO] 	- Number of tracklets: 16941
[1158335:its-tracker]: [22:54:28][INFO]  - Cell finding completed in: 6.38631 ms
[1158335:its-tracker]: [22:54:28][INFO] 	- Number of Cells: 15232
[1158335:its-tracker]: [22:54:28][INFO]  - Neighbour finding completed in: 2.48709 ms
[1158335:its-tracker]: [22:54:28][INFO]  - Road finding completed in: 0.168473 ms
[1158335:its-tracker]: [22:54:28][INFO] 	- Number of Roads: 4258
[1158335:its-tracker]: [22:54:28][INFO]  - Track finding completed in: 77.2607 ms
[1158335:its-tracker]: [22:54:28][INFO] 	- Number of Tracks: 2076
[1158335:its-tracker]: [22:54:28][INFO]  - Extending tracks completed in: 0.000392 ms
[1158335:its-tracker]: [22:54:28][INFO]  - Timeframe initialisation completed in: 0.122237 ms
[1158335:its-tracker]: [22:54:28][INFO]  - Tracklet finding completed in: 1.01231 ms
[1158335:its-tracker]: [22:54:28][INFO] 	- Number of tracklets: 2394
[1158335:its-tracker]: [22:54:28][INFO]  - Cell finding completed in: 0.623093 ms
[1158335:its-tracker]: [22:54:28][INFO] 	- Number of Cells: 1720
[1158335:its-tracker]: [22:54:28][INFO]  - Neighbour finding completed in: 0.253407 ms
[1158335:its-tracker]: [22:54:28][INFO]  - Road finding completed in: 0.005303 ms
[1158335:its-tracker]: [22:54:28][INFO] 	- Number of Roads: 96
[1158335:its-tracker]: [22:54:28][INFO]  - Track finding completed in: 1.78849 ms
[1158335:its-tracker]: [22:54:28][INFO] 	- Number of Tracks: 2117
[1158335:its-tracker]: [22:54:28][INFO]  - Extending tracks completed in: 0.000279 ms
[1158335:its-tracker]: [22:54:28][INFO]  - Timeframe initialisation completed in: 0.021178 ms
[1158335:its-tracker]: [22:54:28][INFO]  - Tracklet finding completed in: 0.842075 ms
[1158335:its-tracker]: [22:54:28][INFO] 	- Number of tracklets: 2583
[1158335:its-tracker]: [22:54:28][INFO]  - Cell finding completed in: 0.622901 ms
[1158335:its-tracker]: [22:54:28][INFO] 	- Number of Cells: 1864
[1158335:its-tracker]: [22:54:28][INFO]  - Neighbour finding completed in: 0.250261 ms
[1158335:its-tracker]: [22:54:28][INFO]  - Road finding completed in: 0.027694 ms
[1158335:its-tracker]: [22:54:28][INFO] 	- Number of Roads: 1297
[1158335:its-tracker]: [22:54:28][INFO]  - Track finding completed in: 14.0462 ms
[1158335:its-tracker]: [22:54:28][INFO] 	- Number of Tracks: 2469
[1158335:its-tracker]: [22:54:28][INFO]  - Extending tracks completed in: 0.000293 ms
[1158335:its-tracker]: [22:54:28][INFO]  - Short primaries finding completed in: 0.000186 ms
[1158335:its-tracker]: [22:54:28][INFO]  - Timeframe 0 processing completed in: 114.487ms using 1 threads.
[1158335:its-tracker]: [22:54:28][INFO] ITSTracker pushed 2469 tracks and 94 vertices
[1158335:its-tracker]: [22:54:28][INFO] ITSTracker pushed 2469 track labels
[1158335:its-tracker]: [22:54:28][INFO] ITSTracker pushed 2665 vertex labels
[1158335:its-tracker]: [22:54:28][INFO] ITS CA-Tracker total timing: Cpu: 1.430e+00 Real: 1.347e+00 s in 1 slots
[1158335:its-tracker]: [22:54:28][INFO] Sending end-of-stream message to channel from_its-tracker_to_irframe-writer-its
[1158335:its-tracker]: [22:54:28][INFO] Sending end-of-stream message to channel from_its-tracker_to_its-track-writer
[1158337:its-track-writer]: [22:54:28][INFO] ITSTrackWriter pulled 2469 tracks, in 130 RO frames
[INFO] Quitting
[INFO] QUIT_REQUESTED
[1158337:its-track-writer]: [22:54:28][INFO] Received device shutdown request (signal 15).
[1158337:its-track-writer]: [22:54:28][INFO] Waiting for graceful device shutdown. Hit Ctrl-C again to abort immediately.
[1158337:its-track-writer]: [22:54:28][INFO] New state requested. No timeout set, quitting immediately as per --completion-policy
[1158331:its-digit-reader]: [22:54:28][INFO] Received device shutdown request (signal 15).
[1158331:its-digit-reader]: [22:54:28][INFO] Waiting for graceful device shutdown. Hit Ctrl-C again to abort immediately.
[1158331:its-digit-reader]: [22:54:28][INFO] New state requested. No timeout set, quitting immediately as per --completion-policy
[1158331:its-digit-reader]: [22:54:28][STATE] RUNNING ---> READY
[1158331:its-digit-reader]: [22:54:28][STATE] READY ---> RESETTING TASK
[1158331:its-digit-reader]: [22:54:28][STATE] RESETTING TASK ---> DEVICE READY
[1158331:its-digit-reader]: [22:54:28][STATE] DEVICE READY ---> RESETTING DEVICE
[1158331:its-digit-reader]: [22:54:28][STATE] RESETTING DEVICE ---> IDLE
[1158331:its-digit-reader]: [22:54:28][STATE] IDLE ---> EXITING
[1158331:its-digit-reader]: [22:54:28][STATE] Exiting FairMQ state machine
[1158335:its-tracker]: [22:54:28][INFO] Received device shutdown request (signal 15).
[1158335:its-tracker]: [22:54:28][INFO] Waiting for graceful device shutdown. Hit Ctrl-C again to abort immediately.
[1158333:its-clusterer]: [22:54:28][INFO] Received device shutdown request (signal 15).
[1158333:its-clusterer]: [22:54:28][INFO] Waiting for graceful device shutdown. Hit Ctrl-C again to abort immediately.
[1158338:internal-dpl-injected-dummy-sink]: [22:54:28][INFO] Received device shutdown request (signal 15).
[1158338:internal-dpl-injected-dummy-sink]: [22:54:28][INFO] Waiting for graceful device shutdown. Hit Ctrl-C again to abort immediately.
[1158332:internal-dpl-ccdb-backend]: [22:54:28][INFO] Received device shutdown request (signal 15).
[1158332:internal-dpl-ccdb-backend]: [22:54:28][INFO] Waiting for graceful device shutdown. Hit Ctrl-C again to abort immediately.
[1158336:irframe-writer-its]: [22:54:28][INFO] Received device shutdown request (signal 15).
[1158336:irframe-writer-its]: [22:54:28][INFO] Waiting for graceful device shutdown. Hit Ctrl-C again to abort immediately.
[1158330:internal-dpl-clock]: [22:54:28][INFO] Received device shutdown request (signal 15).
[1158330:internal-dpl-clock]: [22:54:28][INFO] Waiting for graceful device shutdown. Hit Ctrl-C again to abort immediately.
[1158334:its-cluster-writer]: [22:54:28][INFO] Received device shutdown request (signal 15).
[1158334:its-cluster-writer]: [22:54:28][INFO] Waiting for graceful device shutdown. Hit Ctrl-C again to abort immediately.
[1158335:its-tracker]: [22:54:28][INFO] New state requested. No timeout set, quitting immediately as per --completion-policy
[1158335:its-tracker]: [22:54:28][STATE] RUNNING ---> READY
[1158335:its-tracker]: [22:54:28][STATE] READY ---> RESETTING TASK
[1158335:its-tracker]: [22:54:28][STATE] RESETTING TASK ---> DEVICE READY
[1158335:its-tracker]: [22:54:28][STATE] DEVICE READY ---> RESETTING DEVICE
[1158336:irframe-writer-its]: [22:54:28][INFO] New state requested. No timeout set, quitting immediately as per --completion-policy
[1158333:its-clusterer]: [22:54:28][INFO] New state requested. No timeout set, quitting immediately as per --completion-policy
[1158333:its-clusterer]: [22:54:28][STATE] RUNNING ---> READY
[1158332:internal-dpl-ccdb-backend]: [22:54:28][INFO] New state requested. No timeout set, quitting immediately as per --completion-policy
[1158332:internal-dpl-ccdb-backend]: [22:54:28][INFO] CCDB cache miss/hit ratio:
[1158332:internal-dpl-ccdb-backend]: [22:54:28][INFO]   GLO/Config/GRPMagField: 1/0 (1024-1024 bytes)
[1158332:internal-dpl-ccdb-backend]: [22:54:28][INFO]   GLO/Config/GeometryAligned: 1/0 (1847296-1847296 bytes)
[1158332:internal-dpl-ccdb-backend]: [22:54:28][INFO]   ITS/Config/ClustererParam: 1/0 (2048-2048 bytes)
[1158332:internal-dpl-ccdb-backend]: [22:54:28][INFO]   ITS/Config/AlpideParam: 1/0 (2048-2048 bytes)
[1158338:internal-dpl-injected-dummy-sink]: [22:54:28][INFO] New state requested. No timeout set, quitting immediately as per --completion-policy
[1158332:internal-dpl-ccdb-backend]: [22:54:28][INFO]   GLO/Config/GRPECS: 1/0 (2048-2048 bytes)
[1158332:internal-dpl-ccdb-backend]: [22:54:28][INFO]   GLO/Param/MatLUT: 1/0 (9225216-9225216 bytes)
[1158332:internal-dpl-ccdb-backend]: [22:54:28][INFO]   ITS/Calib/ClusterDictionary: 1/0 (27648-27648 bytes)
[1158332:internal-dpl-ccdb-backend]: [22:54:28][INFO]   CTP/Calib/OrbitReset: 1/1 (1024-1024 bytes)
[1158332:internal-dpl-ccdb-backend]: [22:54:28][STATE] RUNNING ---> READY
[1158338:internal-dpl-injected-dummy-sink]: [22:54:28][STATE] RUNNING ---> READY
[1158338:internal-dpl-injected-dummy-sink]: [22:54:28][STATE] READY ---> RESETTING TASK
[1158338:internal-dpl-injected-dummy-sink]: [22:54:28][STATE] RESETTING TASK ---> DEVICE READY
[1158338:internal-dpl-injected-dummy-sink]: [22:54:28][STATE] DEVICE READY ---> RESETTING DEVICE
[1158333:its-clusterer]: [22:54:28][STATE] READY ---> RESETTING TASK
[1158333:its-clusterer]: [22:54:28][STATE] RESETTING TASK ---> DEVICE READY
[1158332:internal-dpl-ccdb-backend]: [22:54:28][STATE] READY ---> RESETTING TASK
[1158332:internal-dpl-ccdb-backend]: [22:54:28][STATE] RESETTING TASK ---> DEVICE READY
[1158332:internal-dpl-ccdb-backend]: [22:54:28][STATE] DEVICE READY ---> RESETTING DEVICE
[1158333:its-clusterer]: [22:54:28][STATE] DEVICE READY ---> RESETTING DEVICE
[1158330:internal-dpl-clock]: [22:54:28][INFO] New state requested. No timeout set, quitting immediately as per --completion-policy
[1158334:its-cluster-writer]: [22:54:28][INFO] New state requested. No timeout set, quitting immediately as per --completion-policy
[1158332:internal-dpl-ccdb-backend]: [22:54:28][STATE] RESETTING DEVICE ---> IDLE
[1158332:internal-dpl-ccdb-backend]: [22:54:28][STATE] IDLE ---> EXITING
[1158332:internal-dpl-ccdb-backend]: [22:54:28][STATE] Exiting FairMQ state machine
[1158333:its-clusterer]: [22:54:28][STATE] RESETTING DEVICE ---> IDLE
[1158338:internal-dpl-injected-dummy-sink]: [22:54:28][STATE] RESETTING DEVICE ---> IDLE
[1158333:its-clusterer]: [22:54:28][STATE] IDLE ---> EXITING
[1158338:internal-dpl-injected-dummy-sink]: [22:54:28][STATE] IDLE ---> EXITING
[1158338:internal-dpl-injected-dummy-sink]: [22:54:28][STATE] Exiting FairMQ state machine
[1158333:its-clusterer]: [22:54:28][STATE] Exiting FairMQ state machine
[1158335:its-tracker]: [22:54:28][STATE] RESETTING DEVICE ---> IDLE
[1158335:its-tracker]: [22:54:28][STATE] IDLE ---> EXITING
[1158335:its-tracker]: [22:54:28][STATE] Exiting FairMQ state machine
[1158330:internal-dpl-clock]: [22:54:28][INFO] Sending end-of-stream message to channel from_internal-dpl-clock_to_its-digit-reader
[1158330:internal-dpl-clock]: [22:54:28][STATE] RUNNING ---> READY
[1158330:internal-dpl-clock]: [22:54:28][STATE] READY ---> RESETTING TASK
[1158330:internal-dpl-clock]: [22:54:28][STATE] RESETTING TASK ---> DEVICE READY
[1158330:internal-dpl-clock]: [22:54:28][STATE] DEVICE READY ---> RESETTING DEVICE
[1158330:internal-dpl-clock]: [22:54:28][STATE] RESETTING DEVICE ---> IDLE
[1158330:internal-dpl-clock]: [22:54:28][STATE] IDLE ---> EXITING
[1158330:internal-dpl-clock]: [22:54:28][STATE] Exiting FairMQ state machine
[1158337:its-track-writer]: [22:54:28][STATE] RUNNING ---> READY
[1158337:its-track-writer]: [22:54:28][STATE] READY ---> RESETTING TASK
[1158337:its-track-writer]: [22:54:28][STATE] RESETTING TASK ---> DEVICE READY
[1158337:its-track-writer]: [22:54:28][STATE] DEVICE READY ---> RESETTING DEVICE
[1158337:its-track-writer]: [22:54:28][STATE] RESETTING DEVICE ---> IDLE
[1158337:its-track-writer]: [22:54:28][STATE] IDLE ---> EXITING
[1158337:its-track-writer]: [22:54:28][STATE] Exiting FairMQ state machine
[1158336:irframe-writer-its]: [22:54:28][STATE] RUNNING ---> READY
[1158336:irframe-writer-its]: [22:54:28][STATE] READY ---> RESETTING TASK
[1158336:irframe-writer-its]: [22:54:28][STATE] RESETTING TASK ---> DEVICE READY
[1158336:irframe-writer-its]: [22:54:28][STATE] DEVICE READY ---> RESETTING DEVICE
[1158336:irframe-writer-its]: [22:54:28][STATE] RESETTING DEVICE ---> IDLE
[1158336:irframe-writer-its]: [22:54:28][STATE] IDLE ---> EXITING
[1158336:irframe-writer-its]: [22:54:28][STATE] Exiting FairMQ state machine
[1158334:its-cluster-writer]: [22:54:28][STATE] RUNNING ---> READY
[1158334:its-cluster-writer]: [22:54:28][STATE] READY ---> RESETTING TASK
[1158334:its-cluster-writer]: [22:54:28][STATE] RESETTING TASK ---> DEVICE READY
[1158334:its-cluster-writer]: [22:54:28][STATE] DEVICE READY ---> RESETTING DEVICE
[1158334:its-cluster-writer]: [22:54:28][INFO] Cleaning up for shared memory id '6e54f1e8'...
[1158334:its-cluster-writer]: [22:54:28][INFO] Found 0 unmanaged regions...
[1158334:its-cluster-writer]: [22:54:28][INFO] Found 1 managed segments...
[1158334:its-cluster-writer]: [22:54:28][INFO] Successfully removed 'fmq_6e54f1e8_m_0'.
[1158334:its-cluster-writer]: [22:54:28][INFO] Successfully removed 'fmq_6e54f1e8_mng'.
[1158334:its-cluster-writer]: [22:54:28][STATE] RESETTING DEVICE ---> IDLE
[1158334:its-cluster-writer]: [22:54:28][STATE] IDLE ---> EXITING
[1158334:its-cluster-writer]: [22:54:28][STATE] Exiting FairMQ state machine
[INFO] ## Processes completed. Run summary:
[INFO] ### Devices started: 9
[INFO]  - Device internal-dpl-clock: pid 1158330 (exit 0)
[INFO]  - Device its-digit-reader: pid 1158331 (exit 0)
[INFO]  - Device internal-dpl-ccdb-backend: pid 1158332 (exit 0)
[INFO]  - Device its-clusterer: pid 1158333 (exit 0)
[INFO]  - Device its-cluster-writer: pid 1158334 (exit 0)
[INFO]  - Device its-tracker: pid 1158335 (exit 0)
[INFO]  - Device irframe-writer-its: pid 1158336 (exit 0)
[INFO]  - Device its-track-writer: pid 1158337 (exit 0)
[INFO]  - Device internal-dpl-injected-dummy-sink: pid 1158338 (exit 0)
[INFO] Dumping used configuration in dpl-config.json
TASK-EXIT-CODE: 0
