Running: TIME="#walltime %e" /usr/bin/time --output=svfinder.log_time ./svfinder.log_tmp.sh
[INFO] Strangeness tracker will use MC
[INFO] Initialising O2 Data Processing Layer. Driver PID: 2783550.
[INFO] Driver listening on port: 31630
[INFO] Rate limiting set up at 500MB distributed over 1 readers
[INFO] O2 Data Processing Layer initialised. We brake for nobody.
[INFO] Optimised build. O2DEBUG / LOG(debug) / LOGF(debug) / assert statement will not be shown.
[INFO] Redeployment of configuration asked.
[INFO] Starting internal-dpl-clock on pid 2783651
[INFO] Starting its-track-reader on pid 2783652
[INFO] Starting its-cluster-reader on pid 2783653
[INFO] Starting itstpc-track-reader on pid 2783654
[INFO] Starting itstpctrd-track-reader on pid 2783655
[INFO] Starting primary-vertex-reader on pid 2783656
[INFO] Starting tpctrd-track-reader on pid 2783657
[INFO] Starting TOFMatchedReader_ITSTPC on pid 2783658
[INFO] Starting TOFMatchedReader_TPC on pid 2783659
[INFO] Starting tof-cluster-reader on pid 2783660
[INFO] Starting tpc-track-reader on pid 2783661
[INFO] Starting TOFMatchedReader_ITSTPCTRD on pid 2783662
[INFO] Starting TOFMatchedReader_TPCTRD on pid 2783663
[INFO] Starting internal-dpl-ccdb-backend on pid 2783664
[INFO] Starting secondary-vertexing on pid 2783665
[INFO] Starting secondary-vertex-writer on pid 2783666
[INFO] Starting strangenesstracking-writer on pid 2783667
[INFO] Starting internal-dpl-injected-dummy-sink on pid 2783668
[INFO] Redeployment of configuration done.
[2783658:TOFMatchedReader_ITSTPC]: [INFO] Strangeness tracker will use MC
[2783667:strangenesstracking-writer]: [INFO] Strangeness tracker will use MC
[2783652:its-track-reader]: [INFO] Strangeness tracker will use MC
[2783668:internal-dpl-injected-dummy-sink]: [INFO] Strangeness tracker will use MC
[2783653:its-cluster-reader]: [INFO] Strangeness tracker will use MC
[2783652:its-track-reader]: [INFO] Instrumenting crash signals
[2783654:itstpc-track-reader]: [INFO] Strangeness tracker will use MC
[2783652:its-track-reader]: [INFO] Spawing new device its-track-reader in process with pid 2783652
[2783662:TOFMatchedReader_ITSTPCTRD]: [INFO] Strangeness tracker will use MC
[2783652:its-track-reader]: [20:08:20][INFO] 
[2783652:its-track-reader]:       ______      _    _______  _________ 
[2783652:its-track-reader]:      / ____/___ _(_)_______   |/  /_  __ \    version 1.8.0
[2783652:its-track-reader]:     / /_  / __ `/ / ___/__  /|_/ /_  / / /    build RELWITHDEBINFO
[2783652:its-track-reader]:    / __/ / /_/ / / /    _  /  / / / /_/ /     https://github.com/FairRootGroup/FairMQ
[2783652:its-track-reader]:   /_/    \__,_/_/_/     /_/  /_/  \___\_\     LGPL-3.0  © 2012-2023 GSI
[2783652:its-track-reader]: 
[2783652:its-track-reader]: [20:08:20][STATE] Starting FairMQ state machine --> IDLE
[2783652:its-track-reader]: [20:08:20][STATE] IDLE ---> INITIALIZING DEVICE
[2783656:primary-vertex-reader]: [INFO] Strangeness tracker will use MC
[2783663:TOFMatchedReader_TPCTRD]: [INFO] Strangeness tracker will use MC
[2783653:its-cluster-reader]: [INFO] Instrumenting crash signals
[2783653:its-cluster-reader]: [INFO] Spawing new device its-cluster-reader in process with pid 2783653
[2783651:internal-dpl-clock]: [INFO] Strangeness tracker will use MC
[2783653:its-cluster-reader]: [20:08:20][INFO] 
[2783653:its-cluster-reader]:       ______      _    _______  _________ 
[2783653:its-cluster-reader]:      / ____/___ _(_)_______   |/  /_  __ \    version 1.8.0
[2783653:its-cluster-reader]:     / /_  / __ `/ / ___/__  /|_/ /_  / / /    build RELWITHDEBINFO
[2783653:its-cluster-reader]:    / __/ / /_/ / / /    _  /  / / / /_/ /     https://github.com/FairRootGroup/FairMQ
[2783653:its-cluster-reader]:   /_/    \__,_/_/_/     /_/  /_/  \___\_\     LGPL-3.0  © 2012-2023 GSI
[2783653:its-cluster-reader]: 
[2783653:its-cluster-reader]: [20:08:20][STATE] Starting FairMQ state machine --> IDLE
[2783659:TOFMatchedReader_TPC]: [INFO] Strangeness tracker will use MC
[2783654:itstpc-track-reader]: [INFO] Instrumenting crash signals
[2783656:primary-vertex-reader]: [INFO] Instrumenting crash signals
[2783656:primary-vertex-reader]: [INFO] Spawing new device primary-vertex-reader in process with pid 2783656
[2783656:primary-vertex-reader]: [20:08:20][INFO] 
[2783656:primary-vertex-reader]:       ______      _    _______  _________ 
[2783656:primary-vertex-reader]:      / ____/___ _(_)_______   |/  /_  __ \    version 1.8.0
[2783656:primary-vertex-reader]:     / /_  / __ `/ / ___/__  /|_/ /_  / / /    build RELWITHDEBINFO
[2783656:primary-vertex-reader]:    / __/ / /_/ / / /    _  /  / / / /_/ /     https://github.com/FairRootGroup/FairMQ
[2783656:primary-vertex-reader]:   /_/    \__,_/_/_/     /_/  /_/  \___\_\     LGPL-3.0  © 2012-2023 GSI
[2783656:primary-vertex-reader]: 
[2783656:primary-vertex-reader]: [20:08:20][STATE] Starting FairMQ state machine --> IDLE
[2783653:its-cluster-reader]: [20:08:20][STATE] IDLE ---> INITIALIZING DEVICE
[2783654:itstpc-track-reader]: [INFO] Spawing new device itstpc-track-reader in process with pid 2783654
[2783654:itstpc-track-reader]: [20:08:20][INFO] 
[2783654:itstpc-track-reader]:       ______      _    _______  _________ 
[2783654:itstpc-track-reader]:      / ____/___ _(_)_______   |/  /_  __ \    version 1.8.0
[2783654:itstpc-track-reader]:     / /_  / __ `/ / ___/__  /|_/ /_  / / /    build RELWITHDEBINFO
[2783654:itstpc-track-reader]:    / __/ / /_/ / / /    _  /  / / / /_/ /     https://github.com/FairRootGroup/FairMQ
[2783654:itstpc-track-reader]:   /_/    \__,_/_/_/     /_/  /_/  \___\_\     LGPL-3.0  © 2012-2023 GSI
[2783654:itstpc-track-reader]: 
[2783654:itstpc-track-reader]: [20:08:20][STATE] Starting FairMQ state machine --> IDLE
[2783659:TOFMatchedReader_TPC]: [INFO] Instrumenting crash signals
[2783656:primary-vertex-reader]: [20:08:20][STATE] IDLE ---> INITIALIZING DEVICE
[2783659:TOFMatchedReader_TPC]: [INFO] Spawing new device TOFMatchedReader_TPC in process with pid 2783659
[2783659:TOFMatchedReader_TPC]: [20:08:20][INFO] 
[2783659:TOFMatchedReader_TPC]:       ______      _    _______  _________ 
[2783659:TOFMatchedReader_TPC]:      / ____/___ _(_)_______   |/  /_  __ \    version 1.8.0
[2783659:TOFMatchedReader_TPC]:     / /_  / __ `/ / ___/__  /|_/ /_  / / /    build RELWITHDEBINFO
[2783659:TOFMatchedReader_TPC]:    / __/ / /_/ / / /    _  /  / / / /_/ /     https://github.com/FairRootGroup/FairMQ
[2783659:TOFMatchedReader_TPC]:   /_/    \__,_/_/_/     /_/  /_/  \___\_\     LGPL-3.0  © 2012-2023 GSI
[2783659:TOFMatchedReader_TPC]: 
[2783659:TOFMatchedReader_TPC]: [20:08:20][STATE] Starting FairMQ state machine --> IDLE
[2783654:itstpc-track-reader]: [20:08:20][STATE] IDLE ---> INITIALIZING DEVICE
[2783661:tpc-track-reader]: [INFO] Strangeness tracker will use MC
[2783659:TOFMatchedReader_TPC]: [20:08:20][STATE] IDLE ---> INITIALIZING DEVICE
[2783664:internal-dpl-ccdb-backend]: [INFO] Strangeness tracker will use MC
[2783658:TOFMatchedReader_ITSTPC]: [INFO] Instrumenting crash signals
[2783658:TOFMatchedReader_ITSTPC]: [INFO] Spawing new device TOFMatchedReader_ITSTPC in process with pid 2783658
[2783651:internal-dpl-clock]: [INFO] Instrumenting crash signals
[2783658:TOFMatchedReader_ITSTPC]: [20:08:20][INFO] 
[2783658:TOFMatchedReader_ITSTPC]:       ______      _    _______  _________ 
[2783658:TOFMatchedReader_ITSTPC]:      / ____/___ _(_)_______   |/  /_  __ \    version 1.8.0
[2783658:TOFMatchedReader_ITSTPC]:     / /_  / __ `/ / ___/__  /|_/ /_  / / /    build RELWITHDEBINFO
[2783658:TOFMatchedReader_ITSTPC]:    / __/ / /_/ / / /    _  /  / / / /_/ /     https://github.com/FairRootGroup/FairMQ
[2783658:TOFMatchedReader_ITSTPC]:   /_/    \__,_/_/_/     /_/  /_/  \___\_\     LGPL-3.0  © 2012-2023 GSI
[2783658:TOFMatchedReader_ITSTPC]: 
[2783658:TOFMatchedReader_ITSTPC]: [20:08:20][STATE] Starting FairMQ state machine --> IDLE
[2783651:internal-dpl-clock]: [INFO] Spawing new device internal-dpl-clock in process with pid 2783651
[2783651:internal-dpl-clock]: [20:08:20][INFO] 
[2783651:internal-dpl-clock]:       ______      _    _______  _________ 
[2783651:internal-dpl-clock]:      / ____/___ _(_)_______   |/  /_  __ \    version 1.8.0
[2783651:internal-dpl-clock]:     / /_  / __ `/ / ___/__  /|_/ /_  / / /    build RELWITHDEBINFO
[2783651:internal-dpl-clock]:    / __/ / /_/ / / /    _  /  / / / /_/ /     https://github.com/FairRootGroup/FairMQ
[2783651:internal-dpl-clock]:   /_/    \__,_/_/_/     /_/  /_/  \___\_\     LGPL-3.0  © 2012-2023 GSI
[2783651:internal-dpl-clock]: 
[2783651:internal-dpl-clock]: [20:08:20][STATE] Starting FairMQ state machine --> IDLE
[2783655:itstpctrd-track-reader]: [INFO] Strangeness tracker will use MC
[2783658:TOFMatchedReader_ITSTPC]: [20:08:20][STATE] IDLE ---> INITIALIZING DEVICE
[2783660:tof-cluster-reader]: [INFO] Strangeness tracker will use MC
[2783663:TOFMatchedReader_TPCTRD]: [INFO] Instrumenting crash signals
[2783663:TOFMatchedReader_TPCTRD]: [INFO] Spawing new device TOFMatchedReader_TPCTRD in process with pid 2783663
[2783663:TOFMatchedReader_TPCTRD]: [20:08:21][INFO] 
[2783663:TOFMatchedReader_TPCTRD]:       ______      _    _______  _________ 
[2783663:TOFMatchedReader_TPCTRD]:      / ____/___ _(_)_______   |/  /_  __ \    version 1.8.0
[2783663:TOFMatchedReader_TPCTRD]:     / /_  / __ `/ / ___/__  /|_/ /_  / / /    build RELWITHDEBINFO
[2783663:TOFMatchedReader_TPCTRD]:    / __/ / /_/ / / /    _  /  / / / /_/ /     https://github.com/FairRootGroup/FairMQ
[2783663:TOFMatchedReader_TPCTRD]:   /_/    \__,_/_/_/     /_/  /_/  \___\_\     LGPL-3.0  © 2012-2023 GSI
[2783663:TOFMatchedReader_TPCTRD]: 
[2783663:TOFMatchedReader_TPCTRD]: [20:08:21][STATE] Starting FairMQ state machine --> IDLE
[2783663:TOFMatchedReader_TPCTRD]: [20:08:21][STATE] IDLE ---> INITIALIZING DEVICE
[2783666:secondary-vertex-writer]: [INFO] Strangeness tracker will use MC
[2783651:internal-dpl-clock]: [20:08:21][STATE] IDLE ---> INITIALIZING DEVICE
[2783657:tpctrd-track-reader]: [INFO] Strangeness tracker will use MC
[2783660:tof-cluster-reader]: [INFO] Instrumenting crash signals
[2783665:secondary-vertexing]: [INFO] Strangeness tracker will use MC
[2783662:TOFMatchedReader_ITSTPCTRD]: [INFO] Instrumenting crash signals
[2783660:tof-cluster-reader]: [INFO] Spawing new device tof-cluster-reader in process with pid 2783660
[2783651:internal-dpl-clock]: [20:08:21][STATE] INITIALIZING DEVICE ---> INITIALIZED
[2783660:tof-cluster-reader]: [20:08:21][INFO] 
[2783660:tof-cluster-reader]:       ______      _    _______  _________ 
[2783660:tof-cluster-reader]:      / ____/___ _(_)_______   |/  /_  __ \    version 1.8.0
[2783660:tof-cluster-reader]:     / /_  / __ `/ / ___/__  /|_/ /_  / / /    build RELWITHDEBINFO
[2783660:tof-cluster-reader]:    / __/ / /_/ / / /    _  /  / / / /_/ /     https://github.com/FairRootGroup/FairMQ
[2783660:tof-cluster-reader]:   /_/    \__,_/_/_/     /_/  /_/  \___\_\     LGPL-3.0  © 2012-2023 GSI
[2783660:tof-cluster-reader]: 
[2783660:tof-cluster-reader]: [20:08:21][STATE] Starting FairMQ state machine --> IDLE
[2783662:TOFMatchedReader_ITSTPCTRD]: [INFO] Spawing new device TOFMatchedReader_ITSTPCTRD in process with pid 2783662
[2783662:TOFMatchedReader_ITSTPCTRD]: [20:08:21][INFO] 
[2783662:TOFMatchedReader_ITSTPCTRD]:       ______      _    _______  _________ 
[2783662:TOFMatchedReader_ITSTPCTRD]:      / ____/___ _(_)_______   |/  /_  __ \    version 1.8.0
[2783662:TOFMatchedReader_ITSTPCTRD]:     / /_  / __ `/ / ___/__  /|_/ /_  / / /    build RELWITHDEBINFO
[2783662:TOFMatchedReader_ITSTPCTRD]:    / __/ / /_/ / / /    _  /  / / / /_/ /     https://github.com/FairRootGroup/FairMQ
[2783662:TOFMatchedReader_ITSTPCTRD]:   /_/    \__,_/_/_/     /_/  /_/  \___\_\     LGPL-3.0  © 2012-2023 GSI
[2783662:TOFMatchedReader_ITSTPCTRD]: 
[2783662:TOFMatchedReader_ITSTPCTRD]: [20:08:21][STATE] Starting FairMQ state machine --> IDLE
[2783651:internal-dpl-clock]: [20:08:21][STATE] INITIALIZED ---> BINDING
[2783660:tof-cluster-reader]: [20:08:21][STATE] IDLE ---> INITIALIZING DEVICE
[2783655:itstpctrd-track-reader]: [INFO] Instrumenting crash signals
[2783655:itstpctrd-track-reader]: [INFO] Spawing new device itstpctrd-track-reader in process with pid 2783655
[2783655:itstpctrd-track-reader]: [20:08:21][INFO] 
[2783655:itstpctrd-track-reader]:       ______      _    _______  _________ 
[2783655:itstpctrd-track-reader]:      / ____/___ _(_)_______   |/  /_  __ \    version 1.8.0
[2783655:itstpctrd-track-reader]:     / /_  / __ `/ / ___/__  /|_/ /_  / / /    build RELWITHDEBINFO
[2783655:itstpctrd-track-reader]:    / __/ / /_/ / / /    _  /  / / / /_/ /     https://github.com/FairRootGroup/FairMQ
[2783655:itstpctrd-track-reader]:   /_/    \__,_/_/_/     /_/  /_/  \___\_\     LGPL-3.0  © 2012-2023 GSI
[2783655:itstpctrd-track-reader]: 
[2783655:itstpctrd-track-reader]: [20:08:21][STATE] Starting FairMQ state machine --> IDLE
[2783651:internal-dpl-clock]: [20:08:21][STATE] BINDING ---> BOUND
[2783661:tpc-track-reader]: [INFO] Instrumenting crash signals
[2783651:internal-dpl-clock]: [20:08:21][STATE] BOUND ---> CONNECTING
[2783651:internal-dpl-clock]: [20:08:21][STATE] CONNECTING ---> DEVICE READY
[2783662:TOFMatchedReader_ITSTPCTRD]: [20:08:21][STATE] IDLE ---> INITIALIZING DEVICE
[2783664:internal-dpl-ccdb-backend]: [INFO] Instrumenting crash signals
[2783651:internal-dpl-clock]: [20:08:21][STATE] DEVICE READY ---> INITIALIZING TASK
[2783661:tpc-track-reader]: [INFO] Spawing new device tpc-track-reader in process with pid 2783661
[2783661:tpc-track-reader]: [20:08:21][INFO] 
[2783661:tpc-track-reader]:       ______      _    _______  _________ 
[2783661:tpc-track-reader]:      / ____/___ _(_)_______   |/  /_  __ \    version 1.8.0
[2783661:tpc-track-reader]:     / /_  / __ `/ / ___/__  /|_/ /_  / / /    build RELWITHDEBINFO
[2783661:tpc-track-reader]:    / __/ / /_/ / / /    _  /  / / / /_/ /     https://github.com/FairRootGroup/FairMQ
[2783661:tpc-track-reader]:   /_/    \__,_/_/_/     /_/  /_/  \___\_\     LGPL-3.0  © 2012-2023 GSI
[2783661:tpc-track-reader]: 
[2783661:tpc-track-reader]: [20:08:21][STATE] Starting FairMQ state machine --> IDLE
[2783664:internal-dpl-ccdb-backend]: [INFO] Spawing new device internal-dpl-ccdb-backend in process with pid 2783664
[2783664:internal-dpl-ccdb-backend]: [20:08:21][INFO] 
[2783664:internal-dpl-ccdb-backend]:       ______      _    _______  _________ 
[2783664:internal-dpl-ccdb-backend]:      / ____/___ _(_)_______   |/  /_  __ \    version 1.8.0
[2783664:internal-dpl-ccdb-backend]:     / /_  / __ `/ / ___/__  /|_/ /_  / / /    build RELWITHDEBINFO
[2783664:internal-dpl-ccdb-backend]:    / __/ / /_/ / / /    _  /  / / / /_/ /     https://github.com/FairRootGroup/FairMQ
[2783664:internal-dpl-ccdb-backend]:   /_/    \__,_/_/_/     /_/  /_/  \___\_\     LGPL-3.0  © 2012-2023 GSI
[2783664:internal-dpl-ccdb-backend]: 
[2783664:internal-dpl-ccdb-backend]: [20:08:21][STATE] Starting FairMQ state machine --> IDLE
[2783657:tpctrd-track-reader]: [INFO] Instrumenting crash signals
[2783657:tpctrd-track-reader]: [INFO] Spawing new device tpctrd-track-reader in process with pid 2783657
[2783657:tpctrd-track-reader]: [20:08:21][INFO] 
[2783657:tpctrd-track-reader]:       ______      _    _______  _________ 
[2783657:tpctrd-track-reader]:      / ____/___ _(_)_______   |/  /_  __ \    version 1.8.0
[2783657:tpctrd-track-reader]:     / /_  / __ `/ / ___/__  /|_/ /_  / / /    build RELWITHDEBINFO
[2783657:tpctrd-track-reader]:    / __/ / /_/ / / /    _  /  / / / /_/ /     https://github.com/FairRootGroup/FairMQ
[2783657:tpctrd-track-reader]:   /_/    \__,_/_/_/     /_/  /_/  \___\_\     LGPL-3.0  © 2012-2023 GSI
[2783657:tpctrd-track-reader]: 
[2783657:tpctrd-track-reader]: [20:08:21][STATE] Starting FairMQ state machine --> IDLE
[2783667:strangenesstracking-writer]: [INFO] Instrumenting crash signals
[2783666:secondary-vertex-writer]: [INFO] Instrumenting crash signals
[2783655:itstpctrd-track-reader]: [20:08:21][STATE] IDLE ---> INITIALIZING DEVICE
[2783668:internal-dpl-injected-dummy-sink]: [INFO] Instrumenting crash signals
[2783665:secondary-vertexing]: [INFO] Instrumenting crash signals
[2783668:internal-dpl-injected-dummy-sink]: [INFO] Spawing new device internal-dpl-injected-dummy-sink in process with pid 2783668
[2783668:internal-dpl-injected-dummy-sink]: [20:08:21][INFO] 
[2783668:internal-dpl-injected-dummy-sink]:       ______      _    _______  _________ 
[2783668:internal-dpl-injected-dummy-sink]:      / ____/___ _(_)_______   |/  /_  __ \    version 1.8.0
[2783668:internal-dpl-injected-dummy-sink]:     / /_  / __ `/ / ___/__  /|_/ /_  / / /    build RELWITHDEBINFO
[2783668:internal-dpl-injected-dummy-sink]:    / __/ / /_/ / / /    _  /  / / / /_/ /     https://github.com/FairRootGroup/FairMQ
[2783668:internal-dpl-injected-dummy-sink]:   /_/    \__,_/_/_/     /_/  /_/  \___\_\     LGPL-3.0  © 2012-2023 GSI
[2783668:internal-dpl-injected-dummy-sink]: 
[2783664:internal-dpl-ccdb-backend]: [20:08:21][STATE] IDLE ---> INITIALIZING DEVICE
[2783664:internal-dpl-ccdb-backend]: [20:08:21][INFO] CCDB Backend at: http://alice-ccdb.cern.ch, validity check for every 2147483647 TF
[2783664:internal-dpl-ccdb-backend]: [20:08:21][INFO] Init CcdApi with UserAgentID: localhost.localdomain-1694542101-LfxAXC, Host: http://alice-ccdb.cern.ch
[2783664:internal-dpl-ccdb-backend]: [20:08:21][INFO] Initialised default CCDB host http://alice-ccdb.cern.ch
[2783664:internal-dpl-ccdb-backend]: [20:08:21][INFO] The following route is a condition TPC/VDriftTgl/0
[2783664:internal-dpl-ccdb-backend]: [20:08:21][INFO] - ccdb-path: TPC/Calib/VDriftTgl
[2783664:internal-dpl-ccdb-backend]: [20:08:21][INFO] The following route is a condition GLO/GEOMALIGN/0
[2783664:internal-dpl-ccdb-backend]: [20:08:21][INFO] - ccdb-path: GLO/Config/GeometryAligned
[2783664:internal-dpl-ccdb-backend]: [20:08:21][INFO] The following route is a condition GLO/GRPECS/0
[2783664:internal-dpl-ccdb-backend]: [20:08:21][INFO] - ccdb-path: GLO/Config/GRPECS
[2783664:internal-dpl-ccdb-backend]: [20:08:21][INFO] The following route is a condition GLO/GRPMAGFIELD/0
[2783664:internal-dpl-ccdb-backend]: [20:08:21][INFO] - ccdb-path: GLO/Config/GRPMagField
[2783664:internal-dpl-ccdb-backend]: [20:08:21][INFO] The following route is a condition GLO/MATLUT/0
[2783664:internal-dpl-ccdb-backend]: [20:08:21][INFO] - ccdb-path: GLO/Param/MatLUT
[2783664:internal-dpl-ccdb-backend]: [20:08:21][INFO] The following route is a condition ITS/ALPIDEPARAM/0
[2783664:internal-dpl-ccdb-backend]: [20:08:21][INFO] - ccdb-path: ITS/Config/AlpideParam
[2783664:internal-dpl-ccdb-backend]: [20:08:21][INFO] The following route is a condition ITS/CLUSDICT/0
[2783664:internal-dpl-ccdb-backend]: [20:08:21][INFO] - ccdb-path: ITS/Calib/ClusterDictionary
[2783664:internal-dpl-ccdb-backend]: [20:08:21][INFO] The following route is a condition TPC/CalibLaserTracks/0
[2783664:internal-dpl-ccdb-backend]: [20:08:21][INFO] - ccdb-path: TPC/Calib/LaserTracks
[2783664:internal-dpl-ccdb-backend]: [20:08:21][INFO] The following route is a condition TPC/CorrMap/0
[2783664:internal-dpl-ccdb-backend]: [20:08:21][INFO] - ccdb-path: TPC/Calib/CorrectionMapV2
[2783664:internal-dpl-ccdb-backend]: [20:08:21][INFO] The following route is a condition TPC/CorrMapRef/0
[2783664:internal-dpl-ccdb-backend]: [20:08:21][INFO] - ccdb-path: TPC/Calib/CorrectionMapRefV2
[2783664:internal-dpl-ccdb-backend]: [20:08:21][STATE] INITIALIZING DEVICE ---> INITIALIZED
[2783667:strangenesstracking-writer]: [INFO] Spawing new device strangenesstracking-writer in process with pid 2783667
[2783667:strangenesstracking-writer]: [20:08:21][INFO] 
[2783667:strangenesstracking-writer]:       ______      _    _______  _________ 
[2783667:strangenesstracking-writer]:      / ____/___ _(_)_______   |/  /_  __ \    version 1.8.0
[2783667:strangenesstracking-writer]:     / /_  / __ `/ / ___/__  /|_/ /_  / / /    build RELWITHDEBINFO
[2783667:strangenesstracking-writer]:    / __/ / /_/ / / /    _  /  / / / /_/ /     https://github.com/FairRootGroup/FairMQ
[2783667:strangenesstracking-writer]:   /_/    \__,_/_/_/     /_/  /_/  \___\_\     LGPL-3.0  © 2012-2023 GSI
[2783667:strangenesstracking-writer]: 
[2783667:strangenesstracking-writer]: [20:08:21][STATE] Starting FairMQ state machine --> IDLE
[2783664:internal-dpl-ccdb-backend]: [20:08:21][STATE] INITIALIZED ---> BINDING
[2783657:tpctrd-track-reader]: [20:08:21][STATE] IDLE ---> INITIALIZING DEVICE
[2783661:tpc-track-reader]: [20:08:21][STATE] IDLE ---> INITIALIZING DEVICE
[2783664:internal-dpl-ccdb-backend]: [20:08:21][STATE] BINDING ---> BOUND
[2783664:internal-dpl-ccdb-backend]: [20:08:21][STATE] BOUND ---> CONNECTING
[2783664:internal-dpl-ccdb-backend]: [20:08:21][STATE] CONNECTING ---> DEVICE READY
[2783664:internal-dpl-ccdb-backend]: [20:08:21][STATE] DEVICE READY ---> INITIALIZING TASK
[2783668:internal-dpl-injected-dummy-sink]: [20:08:21][STATE] Starting FairMQ state machine --> IDLE
[2783667:strangenesstracking-writer]: [20:08:21][STATE] IDLE ---> INITIALIZING DEVICE
[2783668:internal-dpl-injected-dummy-sink]: [20:08:21][STATE] IDLE ---> INITIALIZING DEVICE
[2783668:internal-dpl-injected-dummy-sink]: [20:08:21][STATE] INITIALIZING DEVICE ---> INITIALIZED
[2783668:internal-dpl-injected-dummy-sink]: [20:08:21][STATE] INITIALIZED ---> BINDING
[2783668:internal-dpl-injected-dummy-sink]: [20:08:21][STATE] BINDING ---> BOUND
[2783668:internal-dpl-injected-dummy-sink]: [20:08:21][STATE] BOUND ---> CONNECTING
[2783668:internal-dpl-injected-dummy-sink]: [20:08:21][STATE] CONNECTING ---> DEVICE READY
[2783668:internal-dpl-injected-dummy-sink]: [20:08:21][STATE] DEVICE READY ---> INITIALIZING TASK
[2783665:secondary-vertexing]: [INFO] Spawing new device secondary-vertexing in process with pid 2783665
[2783665:secondary-vertexing]: [20:08:21][INFO] 
[2783665:secondary-vertexing]:       ______      _    _______  _________ 
[2783665:secondary-vertexing]:      / ____/___ _(_)_______   |/  /_  __ \    version 1.8.0
[2783665:secondary-vertexing]:     / /_  / __ `/ / ___/__  /|_/ /_  / / /    build RELWITHDEBINFO
[2783665:secondary-vertexing]:    / __/ / /_/ / / /    _  /  / / / /_/ /     https://github.com/FairRootGroup/FairMQ
[2783665:secondary-vertexing]:   /_/    \__,_/_/_/     /_/  /_/  \___\_\     LGPL-3.0  © 2012-2023 GSI
[2783665:secondary-vertexing]: 
[2783665:secondary-vertexing]: [20:08:21][STATE] Starting FairMQ state machine --> IDLE
[2783665:secondary-vertexing]: [20:08:21][STATE] IDLE ---> INITIALIZING DEVICE
[2783665:secondary-vertexing]: [20:08:21][INFO] CTP Lumi request for TPC corr.map scaling=OFF, override values: lumiMean=0 lumiInst=0 lumiScaleMode=0
[2783665:secondary-vertexing]: [20:08:21][STATE] INITIALIZING DEVICE ---> INITIALIZED
[2783665:secondary-vertexing]: [20:08:21][STATE] INITIALIZED ---> BINDING
[2783665:secondary-vertexing]: [20:08:21][STATE] BINDING ---> BOUND
[2783664:internal-dpl-ccdb-backend]: [20:08:21][STATE] INITIALIZING TASK ---> READY
[2783664:internal-dpl-ccdb-backend]: [20:08:21][STATE] READY ---> RUNNING
[2783664:internal-dpl-ccdb-backend]: [20:08:21][INFO] fair::mq::Device running...
[2783664:internal-dpl-ccdb-backend]: [20:08:21][INFO] LHCPeriod is not available, using current month SEP
[2783665:secondary-vertexing]: [20:08:21][STATE] BOUND ---> CONNECTING
[2783664:internal-dpl-ccdb-backend]: [20:08:21][INFO] Correctly handshaken websocket connection.
[2783666:secondary-vertex-writer]: [INFO] Spawing new device secondary-vertex-writer in process with pid 2783666
[2783666:secondary-vertex-writer]: [20:08:21][INFO] 
[2783666:secondary-vertex-writer]:       ______      _    _______  _________ 
[2783666:secondary-vertex-writer]:      / ____/___ _(_)_______   |/  /_  __ \    version 1.8.0
[2783666:secondary-vertex-writer]:     / /_  / __ `/ / ___/__  /|_/ /_  / / /    build RELWITHDEBINFO
[2783666:secondary-vertex-writer]:    / __/ / /_/ / / /    _  /  / / / /_/ /     https://github.com/FairRootGroup/FairMQ
[2783666:secondary-vertex-writer]:   /_/    \__,_/_/_/     /_/  /_/  \___\_\     LGPL-3.0  © 2012-2023 GSI
[2783666:secondary-vertex-writer]: 
[2783666:secondary-vertex-writer]: [20:08:21][STATE] Starting FairMQ state machine --> IDLE
[2783665:secondary-vertexing]: [20:08:21][STATE] CONNECTING ---> DEVICE READY
[2783666:secondary-vertex-writer]: [20:08:21][STATE] IDLE ---> INITIALIZING DEVICE
[2783667:strangenesstracking-writer]: [20:08:21][INFO] 0: branch  StrangeTracks set up
[2783667:strangenesstracking-writer]: [20:08:21][INFO] 1: branch  ClusUpdates set up
[2783667:strangenesstracking-writer]: [20:08:21][INFO] 2: branch  StrangeTrackMCLab set up
[2783668:internal-dpl-injected-dummy-sink]: [20:08:21][STATE] INITIALIZING TASK ---> READY
[2783665:secondary-vertexing]: [20:08:21][STATE] DEVICE READY ---> INITIALIZING TASK
[2783668:internal-dpl-injected-dummy-sink]: [20:08:21][STATE] READY ---> RUNNING
[2783668:internal-dpl-injected-dummy-sink]: [20:08:21][INFO] fair::mq::Device running...
[2783668:internal-dpl-injected-dummy-sink]: [20:08:21][INFO] LHCPeriod is not available, using current month SEP
[2783668:internal-dpl-injected-dummy-sink]: [20:08:21][INFO] Correctly handshaken websocket connection.
[2783667:strangenesstracking-writer]: [20:08:21][STATE] INITIALIZING DEVICE ---> INITIALIZED
[2783667:strangenesstracking-writer]: [20:08:21][STATE] INITIALIZED ---> BINDING
[2783667:strangenesstracking-writer]: [20:08:21][STATE] BINDING ---> BOUND
[2783667:strangenesstracking-writer]: [20:08:21][STATE] BOUND ---> CONNECTING
[2783667:strangenesstracking-writer]: [20:08:21][STATE] CONNECTING ---> DEVICE READY
[2783651:internal-dpl-clock]: [20:08:22][STATE] INITIALIZING TASK ---> READY
[2783667:strangenesstracking-writer]: [20:08:22][STATE] DEVICE READY ---> INITIALIZING TASK
[2783667:strangenesstracking-writer]: [20:08:22][STATE] INITIALIZING TASK ---> READY
[2783667:strangenesstracking-writer]: [20:08:22][STATE] READY ---> RUNNING
[2783667:strangenesstracking-writer]: [20:08:22][INFO] fair::mq::Device running...
[2783667:strangenesstracking-writer]: [20:08:22][INFO] LHCPeriod is not available, using current month SEP
[2783667:strangenesstracking-writer]: [20:08:22][INFO] Correctly handshaken websocket connection.
[2783651:internal-dpl-clock]: [20:08:22][STATE] READY ---> RUNNING
[2783651:internal-dpl-clock]: [20:08:22][INFO] fair::mq::Device running...
[2783651:internal-dpl-clock]: [20:08:22][INFO] LHCPeriod is not available, using current month SEP
[2783651:internal-dpl-clock]: [20:08:22][INFO] Correctly handshaken websocket connection.
[2783666:secondary-vertex-writer]: [20:08:22][INFO] 0: branch  V0sID set up
[2783666:secondary-vertex-writer]: [20:08:22][INFO] 1: branch  V0s set up
[2783666:secondary-vertex-writer]: [20:08:22][INFO] 2: branch  PV2V0Refs set up
[2783666:secondary-vertex-writer]: [20:08:22][INFO] 3: branch  CascadesID set up
[2783666:secondary-vertex-writer]: [20:08:22][INFO] 4: branch  Cascades set up
[2783666:secondary-vertex-writer]: [20:08:22][INFO] 5: branch  PV2CascRefs set up
[2783666:secondary-vertex-writer]: [20:08:22][INFO] 6: branch  Decays3BodyID set up
[2783666:secondary-vertex-writer]: [20:08:22][INFO] 7: branch  Decays3Body set up
[2783666:secondary-vertex-writer]: [20:08:22][INFO] 8: branch  PV23BodyRefs set up
[2783666:secondary-vertex-writer]: [20:08:22][STATE] INITIALIZING DEVICE ---> INITIALIZED
[2783666:secondary-vertex-writer]: [20:08:22][STATE] INITIALIZED ---> BINDING
[2783666:secondary-vertex-writer]: [20:08:22][STATE] BINDING ---> BOUND
[2783666:secondary-vertex-writer]: [20:08:22][STATE] BOUND ---> CONNECTING
[2783666:secondary-vertex-writer]: [20:08:22][STATE] CONNECTING ---> DEVICE READY
[2783666:secondary-vertex-writer]: [20:08:22][STATE] DEVICE READY ---> INITIALIZING TASK
[2783666:secondary-vertex-writer]: [20:08:22][STATE] INITIALIZING TASK ---> READY
[2783666:secondary-vertex-writer]: [20:08:22][STATE] READY ---> RUNNING
[2783666:secondary-vertex-writer]: [20:08:22][INFO] fair::mq::Device running...
[2783666:secondary-vertex-writer]: [20:08:22][INFO] LHCPeriod is not available, using current month SEP
[2783666:secondary-vertex-writer]: [20:08:22][INFO] Correctly handshaken websocket connection.
[2783665:secondary-vertexing]: [20:08:22][STATE] INITIALIZING TASK ---> READY
[2783665:secondary-vertexing]: [20:08:22][STATE] READY ---> RUNNING
[2783665:secondary-vertexing]: [20:08:22][INFO] fair::mq::Device running...
[2783665:secondary-vertexing]: [20:08:22][INFO] LHCPeriod is not available, using current month SEP
[2783665:secondary-vertexing]: [20:08:22][INFO] Correctly handshaken websocket connection.
[2783659:TOFMatchedReader_TPC]: [20:08:22][STATE] INITIALIZING DEVICE ---> INITIALIZED
[2783659:TOFMatchedReader_TPC]: [20:08:23][STATE] INITIALIZED ---> BINDING
[2783659:TOFMatchedReader_TPC]: [20:08:23][STATE] BINDING ---> BOUND
[2783659:TOFMatchedReader_TPC]: [20:08:23][STATE] BOUND ---> CONNECTING
[2783659:TOFMatchedReader_TPC]: [20:08:23][STATE] CONNECTING ---> DEVICE READY
[2783659:TOFMatchedReader_TPC]: [20:08:23][STATE] DEVICE READY ---> INITIALIZING TASK
[2783659:TOFMatchedReader_TPC]: [20:08:23][STATE] INITIALIZING TASK ---> READY
[2783659:TOFMatchedReader_TPC]: [20:08:23][STATE] READY ---> RUNNING
[2783659:TOFMatchedReader_TPC]: [20:08:23][INFO] fair::mq::Device running...
[2783659:TOFMatchedReader_TPC]: [20:08:23][INFO] LHCPeriod is not available, using current month SEP
[2783659:TOFMatchedReader_TPC]: [20:08:23][INFO] Sending end-of-stream message to channel from_TOFMatchedReader_TPC_to_secondary-vertexing
[2783659:TOFMatchedReader_TPC]: [20:08:23][INFO] Correctly handshaken websocket connection.
[2783658:TOFMatchedReader_ITSTPC]: [20:08:23][STATE] INITIALIZING DEVICE ---> INITIALIZED
[2783658:TOFMatchedReader_ITSTPC]: [20:08:23][STATE] INITIALIZED ---> BINDING
[2783662:TOFMatchedReader_ITSTPCTRD]: [20:08:23][STATE] INITIALIZING DEVICE ---> INITIALIZED
[2783658:TOFMatchedReader_ITSTPC]: [20:08:23][STATE] BINDING ---> BOUND
[2783662:TOFMatchedReader_ITSTPCTRD]: [20:08:23][STATE] INITIALIZED ---> BINDING
[2783662:TOFMatchedReader_ITSTPCTRD]: [20:08:23][STATE] BINDING ---> BOUND
[2783658:TOFMatchedReader_ITSTPC]: [20:08:23][STATE] BOUND ---> CONNECTING
[2783658:TOFMatchedReader_ITSTPC]: [20:08:23][STATE] CONNECTING ---> DEVICE READY
[2783662:TOFMatchedReader_ITSTPCTRD]: [20:08:23][STATE] BOUND ---> CONNECTING
[2783658:TOFMatchedReader_ITSTPC]: [20:08:23][STATE] DEVICE READY ---> INITIALIZING TASK
[2783661:tpc-track-reader]: [20:08:23][INFO] Will use MC-truth from TPCTracksMCTruth
[2783661:tpc-track-reader]: [20:08:23][INFO] Loaded tree from tpctracks.root with 1 entries
[2783661:tpc-track-reader]: [20:08:23][STATE] INITIALIZING DEVICE ---> INITIALIZED
[2783661:tpc-track-reader]: [20:08:23][STATE] INITIALIZED ---> BINDING
[2783661:tpc-track-reader]: [20:08:23][STATE] BINDING ---> BOUND
[2783661:tpc-track-reader]: [20:08:23][STATE] BOUND ---> CONNECTING
[2783661:tpc-track-reader]: [20:08:23][STATE] CONNECTING ---> DEVICE READY
[2783662:TOFMatchedReader_ITSTPCTRD]: [20:08:23][STATE] CONNECTING ---> DEVICE READY
[2783661:tpc-track-reader]: [20:08:23][STATE] DEVICE READY ---> INITIALIZING TASK
[2783652:its-track-reader]: [20:08:23][INFO] Loaded tree from o2trac_its.root with 1 entries
[2783652:its-track-reader]: [20:08:23][STATE] INITIALIZING DEVICE ---> INITIALIZED
[2783662:TOFMatchedReader_ITSTPCTRD]: [20:08:23][STATE] DEVICE READY ---> INITIALIZING TASK
[2783660:tof-cluster-reader]: [20:08:23][STATE] INITIALIZING DEVICE ---> INITIALIZED
[2783658:TOFMatchedReader_ITSTPC]: [20:08:23][STATE] INITIALIZING TASK ---> READY
[2783662:TOFMatchedReader_ITSTPCTRD]: [20:08:23][STATE] INITIALIZING TASK ---> READY
[2783661:tpc-track-reader]: [20:08:23][STATE] INITIALIZING TASK ---> READY
[2783658:TOFMatchedReader_ITSTPC]: [20:08:23][STATE] READY ---> RUNNING
[2783658:TOFMatchedReader_ITSTPC]: [20:08:23][INFO] fair::mq::Device running...
[2783658:TOFMatchedReader_ITSTPC]: [20:08:23][INFO] LHCPeriod is not available, using current month SEP
[2783658:TOFMatchedReader_ITSTPC]: [20:08:23][INFO] Sending end-of-stream message to channel from_TOFMatchedReader_ITSTPC_to_internal-dpl-ccdb-backend
[2783658:TOFMatchedReader_ITSTPC]: [20:08:23][INFO] Sending end-of-stream message to channel from_TOFMatchedReader_ITSTPC_to_secondary-vertexing
[2783658:TOFMatchedReader_ITSTPC]: [20:08:23][INFO] Correctly handshaken websocket connection.
[2783662:TOFMatchedReader_ITSTPCTRD]: [20:08:23][STATE] READY ---> RUNNING
[2783662:TOFMatchedReader_ITSTPCTRD]: [20:08:23][INFO] fair::mq::Device running...
[2783662:TOFMatchedReader_ITSTPCTRD]: [20:08:23][INFO] LHCPeriod is not available, using current month SEP
[2783662:TOFMatchedReader_ITSTPCTRD]: [20:08:23][INFO] Sending end-of-stream message to channel from_TOFMatchedReader_ITSTPCTRD_to_secondary-vertexing
[2783661:tpc-track-reader]: [20:08:23][STATE] READY ---> RUNNING
[2783661:tpc-track-reader]: [20:08:23][INFO] fair::mq::Device running...
[2783661:tpc-track-reader]: [20:08:23][INFO] LHCPeriod is not available, using current month SEP
[2783652:its-track-reader]: [20:08:23][STATE] INITIALIZED ---> BINDING
[2783652:its-track-reader]: [20:08:23][STATE] BINDING ---> BOUND
[2783660:tof-cluster-reader]: [20:08:23][STATE] INITIALIZED ---> BINDING
[2783660:tof-cluster-reader]: [20:08:23][STATE] BINDING ---> BOUND
[2783652:its-track-reader]: [20:08:23][STATE] BOUND ---> CONNECTING
[2783652:its-track-reader]: [20:08:23][STATE] CONNECTING ---> DEVICE READY
[2783662:TOFMatchedReader_ITSTPCTRD]: [20:08:23][INFO] Correctly handshaken websocket connection.
[2783660:tof-cluster-reader]: [20:08:23][STATE] BOUND ---> CONNECTING
[2783660:tof-cluster-reader]: [20:08:23][STATE] CONNECTING ---> DEVICE READY
[2783652:its-track-reader]: [20:08:23][STATE] DEVICE READY ---> INITIALIZING TASK
[2783660:tof-cluster-reader]: [20:08:23][STATE] DEVICE READY ---> INITIALIZING TASK
[2783652:its-track-reader]: [20:08:23][STATE] INITIALIZING TASK ---> READY
[2783657:tpctrd-track-reader]: [20:08:23][INFO] Loaded tree from trdmatches_tpc.root with 1 entries
[2783657:tpctrd-track-reader]: [20:08:23][STATE] INITIALIZING DEVICE ---> INITIALIZED
[2783657:tpctrd-track-reader]: [20:08:23][STATE] INITIALIZED ---> BINDING
[2783657:tpctrd-track-reader]: [20:08:23][STATE] BINDING ---> BOUND
[2783657:tpctrd-track-reader]: [20:08:23][STATE] BOUND ---> CONNECTING
[2783657:tpctrd-track-reader]: [20:08:23][STATE] CONNECTING ---> DEVICE READY
[2783660:tof-cluster-reader]: [20:08:23][STATE] INITIALIZING TASK ---> READY
[2783657:tpctrd-track-reader]: [20:08:23][STATE] DEVICE READY ---> INITIALIZING TASK
[2783652:its-track-reader]: [20:08:24][STATE] READY ---> RUNNING
[2783652:its-track-reader]: [20:08:24][INFO] fair::mq::Device running...
[2783652:its-track-reader]: [20:08:24][INFO] LHCPeriod is not available, using current month SEP
[2783660:tof-cluster-reader]: [20:08:23][STATE] READY ---> RUNNING
[2783660:tof-cluster-reader]: [20:08:23][INFO] fair::mq::Device running...
[2783660:tof-cluster-reader]: [20:08:23][INFO] LHCPeriod is not available, using current month SEP
[2783652:its-track-reader]: [20:08:24][INFO] Pushing 5351 track in 2003 ROFs at entry 0
[2783652:its-track-reader]: [20:08:24][INFO] Sending end-of-stream message to channel from_its-track-reader_to_secondary-vertexing
[2783652:its-track-reader]: [20:08:24][INFO] Sending end-of-stream message to channel from_its-track-reader_to_internal-dpl-injected-dummy-sink
[2783652:its-track-reader]: [20:08:24][INFO] Correctly handshaken websocket connection.
[2783653:its-cluster-reader]: [20:08:24][INFO] Loaded tree from o2clus_its.root with 1 entries
[2783657:tpctrd-track-reader]: [20:08:24][STATE] INITIALIZING TASK ---> READY
[2783653:its-cluster-reader]: [20:08:24][STATE] INITIALIZING DEVICE ---> INITIALIZED
[2783653:its-cluster-reader]: [20:08:24][STATE] INITIALIZED ---> BINDING
[2783653:its-cluster-reader]: [20:08:24][STATE] BINDING ---> BOUND
[2783653:its-cluster-reader]: [20:08:24][STATE] BOUND ---> CONNECTING
[2783653:its-cluster-reader]: [20:08:24][STATE] CONNECTING ---> DEVICE READY
[2783653:its-cluster-reader]: [20:08:24][STATE] DEVICE READY ---> INITIALIZING TASK
[2783663:TOFMatchedReader_TPCTRD]: [20:08:24][STATE] INITIALIZING DEVICE ---> INITIALIZED
[2783663:TOFMatchedReader_TPCTRD]: [20:08:24][STATE] INITIALIZED ---> BINDING
[2783660:tof-cluster-reader]: [20:08:24][INFO] Sending end-of-stream message to channel from_tof-cluster-reader_to_secondary-vertexing
[2783660:tof-cluster-reader]: [20:08:24][INFO] Sending end-of-stream message to channel from_tof-cluster-reader_to_internal-dpl-injected-dummy-sink
[2783660:tof-cluster-reader]: [20:08:24][INFO] Correctly handshaken websocket connection.
[2783663:TOFMatchedReader_TPCTRD]: [20:08:24][STATE] BINDING ---> BOUND
[2783657:tpctrd-track-reader]: [20:08:24][STATE] READY ---> RUNNING
[2783657:tpctrd-track-reader]: [20:08:24][INFO] fair::mq::Device running...
[2783657:tpctrd-track-reader]: [20:08:24][INFO] LHCPeriod is not available, using current month SEP
[2783657:tpctrd-track-reader]: [20:08:24][INFO] Pushing 2220 tracks and 409 trigger records at entry 0
[2783657:tpctrd-track-reader]: [20:08:24][INFO] Pushing 2220 MC labels at entry 0
[2783653:its-cluster-reader]: [20:08:24][STATE] INITIALIZING TASK ---> READY
[2783653:its-cluster-reader]: [20:08:24][STATE] READY ---> RUNNING
[2783653:its-cluster-reader]: [20:08:24][INFO] fair::mq::Device running...
[2783653:its-cluster-reader]: [20:08:24][INFO] LHCPeriod is not available, using current month SEP
[2783656:primary-vertex-reader]: [20:08:24][INFO] Loaded o2sim tree from o2_primary_vertex.root with 1 entries
[2783656:primary-vertex-reader]: [20:08:24][STATE] INITIALIZING DEVICE ---> INITIALIZED
[2783663:TOFMatchedReader_TPCTRD]: [20:08:24][STATE] BOUND ---> CONNECTING
[2783663:TOFMatchedReader_TPCTRD]: [20:08:24][STATE] CONNECTING ---> DEVICE READY
[2783663:TOFMatchedReader_TPCTRD]: [20:08:24][STATE] DEVICE READY ---> INITIALIZING TASK
[2783654:itstpc-track-reader]: [20:08:24][INFO] Loaded tree from o2match_itstpc.root with 1 entries
[2783654:itstpc-track-reader]: [20:08:24][STATE] INITIALIZING DEVICE ---> INITIALIZED
[2783656:primary-vertex-reader]: [20:08:24][STATE] INITIALIZED ---> BINDING
[2783656:primary-vertex-reader]: [20:08:24][STATE] BINDING ---> BOUND
[2783657:tpctrd-track-reader]: [20:08:24][INFO] Sending end-of-stream message to channel from_tpctrd-track-reader_to_secondary-vertexing
[2783657:tpctrd-track-reader]: [20:08:24][INFO] Correctly handshaken websocket connection.
[2783656:primary-vertex-reader]: [20:08:24][STATE] BOUND ---> CONNECTING
[2783654:itstpc-track-reader]: [20:08:24][STATE] INITIALIZED ---> BINDING
[2783656:primary-vertex-reader]: [20:08:24][STATE] CONNECTING ---> DEVICE READY
[2783654:itstpc-track-reader]: [20:08:24][STATE] BINDING ---> BOUND
[2783656:primary-vertex-reader]: [20:08:24][STATE] DEVICE READY ---> INITIALIZING TASK
[2783656:primary-vertex-reader]: [20:08:24][STATE] INITIALIZING TASK ---> READY
[2783656:primary-vertex-reader]: [20:08:24][STATE] READY ---> RUNNING
[2783656:primary-vertex-reader]: [20:08:24][INFO] fair::mq::Device running...
[2783656:primary-vertex-reader]: [20:08:24][INFO] LHCPeriod is not available, using current month SEP
[2783653:its-cluster-reader]: [20:08:24][INFO] ITSClusterReader pushes 2003 ROFRecords,453529 compact clusters at entry 0
[2783654:itstpc-track-reader]: [20:08:24][STATE] BOUND ---> CONNECTING
[2783654:itstpc-track-reader]: [20:08:24][STATE] CONNECTING ---> DEVICE READY
[2783656:primary-vertex-reader]: [20:08:24][INFO] Pushing 590 vertices at entry 0
[2783656:primary-vertex-reader]: [20:08:24][INFO] Sending end-of-stream message to channel from_primary-vertex-reader_to_secondary-vertexing
[2783656:primary-vertex-reader]: [20:08:24][INFO] Correctly handshaken websocket connection.
[2783663:TOFMatchedReader_TPCTRD]: [20:08:24][STATE] INITIALIZING TASK ---> READY
[2783663:TOFMatchedReader_TPCTRD]: [20:08:24][STATE] READY ---> RUNNING
[2783663:TOFMatchedReader_TPCTRD]: [20:08:24][INFO] fair::mq::Device running...
[2783663:TOFMatchedReader_TPCTRD]: [20:08:24][INFO] LHCPeriod is not available, using current month SEP
[2783663:TOFMatchedReader_TPCTRD]: [20:08:24][INFO] Sending end-of-stream message to channel from_TOFMatchedReader_TPCTRD_to_secondary-vertexing
[2783663:TOFMatchedReader_TPCTRD]: [20:08:24][INFO] Correctly handshaken websocket connection.
[2783654:itstpc-track-reader]: [20:08:24][STATE] DEVICE READY ---> INITIALIZING TASK
[2783654:itstpc-track-reader]: [20:08:24][STATE] INITIALIZING TASK ---> READY
[2783654:itstpc-track-reader]: [20:08:24][STATE] READY ---> RUNNING
[2783654:itstpc-track-reader]: [20:08:24][INFO] fair::mq::Device running...
[2783654:itstpc-track-reader]: [20:08:24][INFO] LHCPeriod is not available, using current month SEP
[2783653:its-cluster-reader]: [20:08:24][INFO] Sending end-of-stream message to channel from_its-cluster-reader_to_secondary-vertexing
[2783653:its-cluster-reader]: [20:08:24][INFO] Sending end-of-stream message to channel from_its-cluster-reader_to_internal-dpl-injected-dummy-sink
[2783654:itstpc-track-reader]: [20:08:24][INFO] Pushing 3741 TPC-ITS matches at entry 0
[2783653:its-cluster-reader]: [20:08:24][INFO] Correctly handshaken websocket connection.
[2783661:tpc-track-reader]: [20:08:24][INFO] TPCTrackReader pushes 33894 tracks from entries 0 : 0
[2783661:tpc-track-reader]: [20:08:24][INFO] Sending end-of-stream message to channel from_tpc-track-reader_to_secondary-vertexing
[2783661:tpc-track-reader]: [20:08:24][INFO] Correctly handshaken websocket connection.
[2783654:itstpc-track-reader]: [20:08:24][INFO] Sending end-of-stream message to channel from_itstpc-track-reader_to_secondary-vertexing
[2783654:itstpc-track-reader]: [20:08:24][INFO] Correctly handshaken websocket connection.
[2783655:itstpctrd-track-reader]: [20:08:24][INFO] Loaded tree from trdmatches_itstpc.root with 1 entries
[2783655:itstpctrd-track-reader]: [20:08:24][STATE] INITIALIZING DEVICE ---> INITIALIZED
[2783655:itstpctrd-track-reader]: [20:08:24][STATE] INITIALIZED ---> BINDING
[2783655:itstpctrd-track-reader]: [20:08:24][STATE] BINDING ---> BOUND
[2783655:itstpctrd-track-reader]: [20:08:24][STATE] BOUND ---> CONNECTING
[2783655:itstpctrd-track-reader]: [20:08:24][STATE] CONNECTING ---> DEVICE READY
[2783655:itstpctrd-track-reader]: [20:08:24][STATE] DEVICE READY ---> INITIALIZING TASK
[2783655:itstpctrd-track-reader]: [20:08:24][STATE] INITIALIZING TASK ---> READY
[2783655:itstpctrd-track-reader]: [20:08:24][STATE] READY ---> RUNNING
[2783655:itstpctrd-track-reader]: [20:08:24][INFO] fair::mq::Device running...
[2783655:itstpctrd-track-reader]: [20:08:24][INFO] LHCPeriod is not available, using current month SEP
[2783655:itstpctrd-track-reader]: [20:08:24][INFO] Pushing 895 tracks and 170 trigger records at entry 0
[2783655:itstpctrd-track-reader]: [20:08:24][INFO] Pushing 895 MC labels at entry 0
[2783655:itstpctrd-track-reader]: [20:08:25][INFO] Sending end-of-stream message to channel from_itstpctrd-track-reader_to_secondary-vertexing
[2783655:itstpctrd-track-reader]: [20:08:25][INFO] Correctly handshaken websocket connection.
[2783664:internal-dpl-ccdb-backend]: Info in <TJAlienConnectionManager>: Opening connection to JCentral. Please wait
[2783664:internal-dpl-ccdb-backend]: Info in <TJAlienConnectionManager>: Opening connection to 137.138.99.179
[2783664:internal-dpl-ccdb-backend]: Info in <TJAlienConnectionManager>: Successfully connected to 137.138.99.179
[2783664:internal-dpl-ccdb-backend]: Info in <TJAlienFile::Open>: Accessing file /alice/data/CCDB/CTP/Calib/OrbitReset/06/62200/b9f985c3-b4b0-11ec-8fd3-90ce809b24ee in SE <ALICE::CERN::EOS>
[2783664:internal-dpl-ccdb-backend]: [20:08:27][INFO] ccdb reads http://alice-ccdb.cern.ch/CTP/Calib/OrbitReset/1546300800000/b9f985c3-b4b0-11ec-8fd3-90ce809b24ee for 1546300800000 (load to memory, agent_id: localhost.localdomain-1694542101-LfxAXC), 
[2783664:internal-dpl-ccdb-backend]: Info in <TJAlienFile::Open>: Accessing file /alice/data/CCDB/TPC/Calib/VDriftTgl/04/00148/01683855-2e90-11ed-ac0b-200114580202 in SE <ALICE::CERN::OCDB>
[2783664:internal-dpl-ccdb-backend]: [20:08:27][INFO] ccdb reads http://alice-ccdb.cern.ch/TPC/Calib/VDriftTgl/1546300800000/01683855-2e90-11ed-ac0b-200114580202 for 1546300800000 (load to memory, agent_id: localhost.localdomain-1694542101-LfxAXC), 
[2783664:internal-dpl-ccdb-backend]: Info in <TJAlienFile::Open>: Accessing file /alice/data/CCDB/GLO/Config/GeometryAligned/06/21224/787687c0-287a-11ed-8141-200114580202 in SE <ALICE::CERN::OCDB>
[2783664:internal-dpl-ccdb-backend]: [20:08:28][INFO] ccdb reads http://alice-ccdb.cern.ch/GLO/Config/GeometryAligned/1546300800000/787687c0-287a-11ed-8141-200114580202 for 1546300800000 (load to memory, agent_id: localhost.localdomain-1694542101-LfxAXC), 
[2783664:internal-dpl-ccdb-backend]: Info in <TJAlienFile::Open>: Accessing file /alice/data/CCDB/GLO/Config/GRPECS/03/07584/646e9be2-0210-11ed-8000-200114580202 in SE <ALICE::CERN::OCDB>
[2783664:internal-dpl-ccdb-backend]: [20:08:28][INFO] ccdb reads http://alice-ccdb.cern.ch/GLO/Config/GRPECS/1546300800000/646e9be2-0210-11ed-8000-200114580202 for 1546300800000 (load to memory, agent_id: localhost.localdomain-1694542101-LfxAXC), 
[2783664:internal-dpl-ccdb-backend]: Info in <TJAlienFile::Open>: Accessing file /alice/data/CCDB/GLO/Config/GRPMagField/06/62924/01d633ab-efdf-11ec-841e-2a010e0a0b16 in SE <ALICE::CERN::OCDB>
[2783664:internal-dpl-ccdb-backend]: [20:08:28][INFO] ccdb reads http://alice-ccdb.cern.ch/GLO/Config/GRPMagField/1546300800000/01d633ab-efdf-11ec-841e-2a010e0a0b16 for 1546300800000 (load to memory, agent_id: localhost.localdomain-1694542101-LfxAXC), 
[2783664:internal-dpl-ccdb-backend]: Info in <TJAlienFile::Open>: Accessing file /alice/data/CCDB/GLO/Param/MatLUT/05/24630/d5a2a33e-dba4-11ec-9e90-2a010e0a0b16 in SE <ALICE::CERN::OCDB>
[2783664:internal-dpl-ccdb-backend]: [20:08:29][INFO] ccdb reads http://alice-ccdb.cern.ch/GLO/Param/MatLUT/1546300800000/d5a2a33e-dba4-11ec-9e90-2a010e0a0b16 for 1546300800000 (load to memory, agent_id: localhost.localdomain-1694542101-LfxAXC), 
[2783664:internal-dpl-ccdb-backend]: Info in <TJAlienFile::Open>: Accessing file /alice/data/CCDB/ITS/Config/AlpideParam/02/10715/76f24ad5-e339-11ec-9e90-200114580204 in SE <ALICE::CERN::OCDB>
[2783664:internal-dpl-ccdb-backend]: [20:08:29][INFO] ccdb reads http://alice-ccdb.cern.ch/ITS/Config/AlpideParam/1546300800000/76f24ad5-e339-11ec-9e90-200114580204 for 1546300800000 (load to memory, agent_id: localhost.localdomain-1694542101-LfxAXC), 
[2783664:internal-dpl-ccdb-backend]: Info in <TJAlienFile::Open>: Accessing file /alice/data/CCDB/ITS/Calib/ClusterDictionary/09/10449/c245a720-9fe3-11ec-975c-200114580202 in SE <ALICE::CERN::OCDB>
[2783664:internal-dpl-ccdb-backend]: [20:08:29][INFO] ccdb reads http://alice-ccdb.cern.ch/ITS/Calib/ClusterDictionary/0/c245a720-9fe3-11ec-975c-200114580202 for 1546300800000 (load to memory, agent_id: localhost.localdomain-1694542101-LfxAXC), 
[2783664:internal-dpl-ccdb-backend]: Info in <TJAlienFile::Open>: Accessing file /alice/data/CCDB/TPC/Calib/LaserTracks/14/60057/dd26d771-0929-11ed-8000-2a010e0a0b16 in SE <ALICE::CERN::OCDB>
[2783664:internal-dpl-ccdb-backend]: [20:08:29][INFO] ccdb reads http://alice-ccdb.cern.ch/TPC/Calib/LaserTracks/1546300800000/dd26d771-0929-11ed-8000-2a010e0a0b16 for 1546300800000 (load to memory, agent_id: localhost.localdomain-1694542101-LfxAXC), 
[2783664:internal-dpl-ccdb-backend]: Info in <TJAlienFile::Open>: Accessing file /alice/data/CCDB/TPC/Calib/CorrectionMapV2/04/24306/188b3306-3a84-11ee-a1e3-200114580202 in SE <ALICE::CERN::OCDB>
[2783664:internal-dpl-ccdb-backend]: [20:08:29][INFO] ccdb reads http://alice-ccdb.cern.ch/TPC/Calib/CorrectionMapV2/1/188b3306-3a84-11ee-a1e3-200114580202 for 1546300800000 (load to memory, agent_id: localhost.localdomain-1694542101-LfxAXC), 
[2783664:internal-dpl-ccdb-backend]: Info in <TJAlienFile::Open>: Accessing file /alice/data/CCDB/TPC/Calib/CorrectionMapRefV2/10/16377/1f4bfb7e-3a84-11ee-a1e3-200114580202 in SE <ALICE::CERN::OCDB>
[2783664:internal-dpl-ccdb-backend]: [20:08:30][INFO] ccdb reads http://alice-ccdb.cern.ch/TPC/Calib/CorrectionMapRefV2/1/1f4bfb7e-3a84-11ee-a1e3-200114580202 for 1546300800000 (load to memory, agent_id: localhost.localdomain-1694542101-LfxAXC), 
[2783664:internal-dpl-ccdb-backend]: [20:08:30][INFO] Sending end-of-stream message to channel from_internal-dpl-ccdb-backend_to_secondary-vertexing
[2783664:internal-dpl-ccdb-backend]: [20:08:30][INFO] Sending end-of-stream message to channel from_internal-dpl-ccdb-backend_to_internal-dpl-injected-dummy-sink
[2783665:secondary-vertexing]: [20:08:31][INFO] Caching in 140007257103632 ptr to ITS/ALPIDEPARAM/0 (0x7f587bc232a0)
[2783665:secondary-vertexing]: [20:08:31][INFO] cluster dictionary updated
[2783665:secondary-vertexing]: [20:08:31][INFO] Caching in 140007257105904 ptr to ITS/CLUSDICT/0 (0x687af60)
[2783665:secondary-vertexing]: [20:08:31][INFO] GRP MagField object updated
[2783665:secondary-vertexing]: [20:08:31][INFO] MagneticField::Print: MagneticFieldMap:
[2783665:secondary-vertexing]: [20:08:31][INFO] MagneticField::Print: Solenoid (-1*)5 kG, Dipole ON (-1) 
[2783665:secondary-vertexing]: [20:08:31][INFO] MagneticField::Print: Machine B fields for p-p  beam (7000 GeV): QGrad: 22.0002 Dipole: 37.8781
[2783665:secondary-vertexing]: [20:08:31][INFO] MagneticField::Print: Uses Sol30_Dip6_Hole  of /root/alice/sw/slc8_x86-64/O2/segment-local1/share/Common/maps/mfchebKGI_sym.root
[2783665:secondary-vertexing]: Info in <TGeoGlobalMagField::SetField>: Global magnetic field set to <MagneticFieldMap>
[2783665:secondary-vertexing]: Info in <TGeoGlobalMagField::Lock>: Global magnetic field <MagneticFieldMap> is now locked
[2783665:secondary-vertexing]: [20:08:31][INFO] Caching in 140007257102192 ptr to GLO/GRPMAGFIELD/0 (0x6aff950)
[2783665:secondary-vertexing]: [20:08:31][INFO] GRP ECS object updated
[2783665:secondary-vertexing]: [20:08:31][INFO] Caching in 140007257099920 ptr to GLO/GRPECS/0 (0x480f2f0)
[2783665:secondary-vertexing]: [20:08:31][INFO] material LUT updated
[2783665:secondary-vertexing]: [20:08:31][INFO] Loaded 440 params from $(O2_ROOT)/share/Common/maps/sol5k.txt
[2783665:secondary-vertexing]: [20:08:31][INFO] Caching in 140007300788880 ptr to GLO/MATLUT/0 (0x81cc870)
[2783665:secondary-vertexing]: Info in <TGeoManager::CloseGeometry>: Geometry loaded from file...
[2783665:secondary-vertexing]: Info in <TGeoManager::SetTopVolume>: Top volume is cave. Master volume is cave
[2783665:secondary-vertexing]: Info in <TGeoNavigator::BuildCache>: --- Maximum geometry depth set to 100
[2783665:secondary-vertexing]: Info in <TGeoManager::Voxelize>: Voxelizing...
[2783665:secondary-vertexing]: Info in <TGeoManager::CountLevels>: max level = 13, max placements = 735
[2783665:secondary-vertexing]: Info in <TGeoManager::CloseGeometry>: 5346742 nodes/ 27442 volume UID's in FAIR geometry
[2783665:secondary-vertexing]: Info in <TGeoManager::CloseGeometry>: ----------------modeler ready----------------
[2783665:secondary-vertexing]: [20:08:32][INFO] aligned geometry updated
[2783665:secondary-vertexing]: [20:08:32][INFO] Caching in 140007298941552 ptr to GLO/GEOMALIGN/0 (0x82a90c0)
[2783665:secondary-vertexing]: [20:08:32][INFO] accountLaserCalibration 1 t 10 vs 0
[2783665:secondary-vertexing]: [20:08:32][INFO] Caching in 140007257133776 ptr to TPC/CalibLaserTracks/0 (0x4eb5ec0)
[2783665:secondary-vertexing]: [20:08:32][INFO] accountDriftCorrectionITSTPCTgl 1 t 0 vs 0
[2783665:secondary-vertexing]: [20:08:32][INFO] Caching in 140007257097648 ptr to TPC/VDriftTgl/0 (0x7625580)
[2783665:secondary-vertexing]: [20:08:32][INFO] Will prefer TPC Drift from Laser with time 10 to TPCITSTgl with time 0
[2783665:secondary-vertexing]: [20:08:32][INFO] InstLumiOverride=0, UseCTPLumi=false -> instLumi=0, meanLumi=1 -> LumiScale=0, lumiScaleMode=0
[2783665:secondary-vertexing]: [20:08:32][INFO] Caching in 140007258646944 ptr to TPC/CorrMap/0 (0x7883a50)
[2783665:secondary-vertexing]: [20:08:32][INFO] Caching in 140007258656192 ptr to TPC/CorrMapRef/0 (0x7885c90)
[2783665:secondary-vertexing]: svertexer.createFullV0s : false		[ CODE ]
[2783665:secondary-vertexing]: svertexer.createFullCascades : false		[ CODE ]
[2783665:secondary-vertexing]: svertexer.createFull3Bodies : false		[ CODE ]
[2783665:secondary-vertexing]: svertexer.useAbsDCA : true		[ CODE ]
[2783665:secondary-vertexing]: svertexer.selectBestV0 : false		[ CODE ]
[2783665:secondary-vertexing]: svertexer.maxChi2 : 2		[ CODE ]
[2783665:secondary-vertexing]: svertexer.minParamChange : 0.001		[ CODE ]
[2783665:secondary-vertexing]: svertexer.minRelChi2Change : 0.9		[ CODE ]
[2783665:secondary-vertexing]: svertexer.maxDZIni : 5		[ CODE ]
[2783665:secondary-vertexing]: svertexer.maxRIni : 150		[ CODE ]
[2783665:secondary-vertexing]: svertexer.matCorr : 0		[ CODE ]
[2783665:secondary-vertexing]: svertexer.minRFor3DField : 40		[ CODE ]
[2783665:secondary-vertexing]: svertexer.maxStep : 2		[ CODE ]
[2783665:secondary-vertexing]: svertexer.maxSnp : 0.95		[ CODE ]
[2783665:secondary-vertexing]: svertexer.minXSeed : -1		[ CODE ]
[2783665:secondary-vertexing]: svertexer.usePropagator : false		[ CODE ]
[2783665:secondary-vertexing]: svertexer.refitWithMatCorr : false		[ CODE ]
[2783665:secondary-vertexing]: svertexer.maxPVContributors : 2		[ CODE ]
[2783665:secondary-vertexing]: svertexer.minDCAToPV : 0.05		[ CODE ]
[2783665:secondary-vertexing]: svertexer.minRToMeanVertex : 0.5		[ CODE ]
[2783665:secondary-vertexing]: svertexer.maxDCAXYToMeanVertex : 0.2		[ CODE ]
[2783665:secondary-vertexing]: svertexer.maxDCAXYToMeanVertexV0Casc : 2		[ CODE ]
[2783665:secondary-vertexing]: svertexer.maxDCAXYToMeanVertex3bodyV0 : 2		[ CODE ]
[2783665:secondary-vertexing]: svertexer.minPtV0 : 0.01		[ CODE ]
[2783665:secondary-vertexing]: svertexer.maxTglV0 : 2		[ CODE ]
[2783665:secondary-vertexing]: svertexer.causalityRTolerance : 1		[ CODE ]
[2783665:secondary-vertexing]: svertexer.maxV0ToProngsRDiff : 50		[ CODE ]
[2783665:secondary-vertexing]: svertexer.minCosPAXYMeanVertex : 0.95		[ CODE ]
[2783665:secondary-vertexing]: svertexer.minCosPAXYMeanVertexCascV0 : 0.8		[ CODE ]
[2783665:secondary-vertexing]: svertexer.minCosPAXYMeanVertex3bodyV0 : 0.9		[ CODE ]
[2783665:secondary-vertexing]: svertexer.maxRToMeanVertexCascV0 : 80		[ CODE ]
[2783665:secondary-vertexing]: svertexer.minCosPACascV0 : 0.8		[ CODE ]
[2783665:secondary-vertexing]: svertexer.minCosPA3bodyV0 : 0.8		[ CODE ]
[2783665:secondary-vertexing]: svertexer.minCosPA : 0.9		[ CODE ]
[2783665:secondary-vertexing]: svertexer.minRDiffV0Casc : 0.2		[ CODE ]
[2783665:secondary-vertexing]: svertexer.maxRDiffV03body : 3		[ CODE ]
[2783665:secondary-vertexing]: svertexer.maxRIniCasc : 90		[ CODE ]
[2783665:secondary-vertexing]: svertexer.maxDCAXYCasc : 0.3		[ CODE ]
[2783665:secondary-vertexing]: svertexer.maxDCAZCasc : 0.3		[ CODE ]
[2783665:secondary-vertexing]: svertexer.maxDCAXY3Body : 0.5		[ CODE ]
[2783665:secondary-vertexing]: svertexer.maxDCAZ3Body : 1		[ CODE ]
[2783665:secondary-vertexing]: svertexer.minCosPACasc : 0.7		[ CODE ]
[2783665:secondary-vertexing]: svertexer.minCosPA3body : 0.8		[ CODE ]
[2783665:secondary-vertexing]: svertexer.minPtCasc : 0.01		[ CODE ]
[2783665:secondary-vertexing]: svertexer.maxTglCasc : 2		[ CODE ]
[2783665:secondary-vertexing]: svertexer.minPt3Body : 0.01		[ CODE ]
[2783665:secondary-vertexing]: svertexer.maxTgl3Body : 2		[ CODE ]
[2783665:secondary-vertexing]: svertexer.maxRIni3body : 90		[ CODE ]
[2783665:secondary-vertexing]: svertexer.mExcludeTPCtracks : false		[ CODE ]
[2783665:secondary-vertexing]: svertexer.mTPCTrackMaxX : -1		[ CODE ]
[2783665:secondary-vertexing]: svertexer.minTPCdEdx : 250		[ CODE ]
[2783665:secondary-vertexing]: svertexer.minMomTPCdEdx : 0.8		[ CODE ]
[2783665:secondary-vertexing]: svertexer.checkV0Hypothesis : true		[ CODE ]
[2783665:secondary-vertexing]: svertexer.pidCutsPhoton[0] : 0.001		[ CODE ]
[2783665:secondary-vertexing]: svertexer.pidCutsPhoton[1] : 20		[ CODE ]
[2783665:secondary-vertexing]: svertexer.pidCutsPhoton[2] : 0.6		[ CODE ]
[2783665:secondary-vertexing]: svertexer.pidCutsPhoton[3] : 0		[ CODE ]
[2783665:secondary-vertexing]: svertexer.pidCutsK0[0] : 0.003		[ CODE ]
[2783665:secondary-vertexing]: svertexer.pidCutsK0[1] : 20		[ CODE ]
[2783665:secondary-vertexing]: svertexer.pidCutsK0[2] : 0.07		[ CODE ]
[2783665:secondary-vertexing]: svertexer.pidCutsK0[3] : 0.5		[ CODE ]
[2783665:secondary-vertexing]: svertexer.pidCutsLambda[0] : 0.001		[ CODE ]
[2783665:secondary-vertexing]: svertexer.pidCutsLambda[1] : 20		[ CODE ]
[2783665:secondary-vertexing]: svertexer.pidCutsLambda[2] : 0.07		[ CODE ]
[2783665:secondary-vertexing]: svertexer.pidCutsLambda[3] : 0.5		[ CODE ]
[2783665:secondary-vertexing]: svertexer.pidCutsHTriton[0] : 0.0025		[ CODE ]
[2783665:secondary-vertexing]: svertexer.pidCutsHTriton[1] : 14		[ CODE ]
[2783665:secondary-vertexing]: svertexer.pidCutsHTriton[2] : 0.07		[ CODE ]
[2783665:secondary-vertexing]: svertexer.pidCutsHTriton[3] : 0.5		[ CODE ]
[2783665:secondary-vertexing]: svertexer.pidCutsHhydrog4[0] : 0.0025		[ CODE ]
[2783665:secondary-vertexing]: svertexer.pidCutsHhydrog4[1] : 14		[ CODE ]
[2783665:secondary-vertexing]: svertexer.pidCutsHhydrog4[2] : 0.07		[ CODE ]
[2783665:secondary-vertexing]: svertexer.pidCutsHhydrog4[3] : 0.5		[ CODE ]
[2783665:secondary-vertexing]: svertexer.checkCascadeHypothesis : true		[ CODE ]
[2783665:secondary-vertexing]: svertexer.pidCutsXiMinus[0] : 0.001		[ CODE ]
[2783665:secondary-vertexing]: svertexer.pidCutsXiMinus[1] : 20		[ CODE ]
[2783665:secondary-vertexing]: svertexer.pidCutsXiMinus[2] : 0.07		[ CODE ]
[2783665:secondary-vertexing]: svertexer.pidCutsXiMinus[3] : 0.5		[ CODE ]
[2783665:secondary-vertexing]: svertexer.pidCutsOmegaMinus[0] : 0.001		[ CODE ]
[2783665:secondary-vertexing]: svertexer.pidCutsOmegaMinus[1] : 20		[ CODE ]
[2783665:secondary-vertexing]: svertexer.pidCutsOmegaMinus[2] : 0.07		[ CODE ]
[2783665:secondary-vertexing]: svertexer.pidCutsOmegaMinus[3] : 0.5		[ CODE ]
[2783665:secondary-vertexing]: svertexer.check3bodyHypothesis : true		[ CODE ]
[2783665:secondary-vertexing]: svertexer.pidCutsH3L3body[0] : 0.0025		[ CODE ]
[2783665:secondary-vertexing]: svertexer.pidCutsH3L3body[1] : 14		[ CODE ]
[2783665:secondary-vertexing]: svertexer.pidCutsH3L3body[2] : 0.07		[ CODE ]
[2783665:secondary-vertexing]: svertexer.pidCutsH3L3body[3] : 0.5		[ CODE ]
[2783665:secondary-vertexing]: svertexer.pidCutsHe4L3body[0] : 0.0025		[ CODE ]
[2783665:secondary-vertexing]: svertexer.pidCutsHe4L3body[1] : 14		[ CODE ]
[2783665:secondary-vertexing]: svertexer.pidCutsHe4L3body[2] : 0.07		[ CODE ]
[2783665:secondary-vertexing]: svertexer.pidCutsHe4L3body[3] : 0.5		[ CODE ]
[2783665:secondary-vertexing]: [20:08:32][INFO] Loading ITS T2L matrices from TGeo
[2783665:secondary-vertexing]: [20:08:32][WARN] It is faster to use 2D rotation for T2G instead of full Transform3D matrices
[2783665:secondary-vertexing]: [20:08:32][INFO] Loading ITS T2G matrices from TGeo
[2783665:secondary-vertexing]: [20:08:32][INFO] Loading ITS T2G rotation 2D matrices
[2783665:secondary-vertexing]: [20:08:32][INFO] Updating TPC fast transform map with new VDrift factor of 1 wrt reference 2.58 and DriftTimeOffset correction 0 wrt 0 from source Laser
[2783665:secondary-vertexing]: [20:08:32][INFO] Collected 52396 positive and 16646 negative seeds
[2783665:secondary-vertexing]: [20:08:33][INFO] Found 338 V0s, 3 cascades, 3513 3-body decays, 0 strange tracks. Timing: CPU: 2.5 Real: 2.75113 s
[2783665:secondary-vertexing]: [20:08:33][INFO] Secondary vertexing total timing: Cpu: 2.500e+00 Real: 2.751e+00 s in 1 slots, nThreads = 1
[2783665:secondary-vertexing]: [20:08:33][INFO] Sending end-of-stream message to channel from_secondary-vertexing_to_secondary-vertex-writer
[2783665:secondary-vertexing]: [20:08:33][INFO] Sending end-of-stream message to channel from_secondary-vertexing_to_strangenesstracking-writer
[2783666:secondary-vertex-writer]: [20:08:33][INFO] SecondaryVertexWriter pulled 338 v0s
[2783666:secondary-vertex-writer]: [20:08:33][INFO] SecondaryVertexWriter pulled 3 cascades
[2783667:strangenesstracking-writer]: [20:08:33][INFO] StrangenessTracker writer pulled 0 strange tracks
[2783666:secondary-vertex-writer]: [20:08:33][INFO] SecondaryVertexWriter pulled 3513 decays3body
[INFO] Quitting
[INFO] QUIT_REQUESTED
[2783651:internal-dpl-clock]: [20:08:33][INFO] Received device shutdown request (signal 15).
[2783651:internal-dpl-clock]: [20:08:33][INFO] Waiting for graceful device shutdown. Hit Ctrl-C again to abort immediately.
[2783652:its-track-reader]: [20:08:33][INFO] Received device shutdown request (signal 15).
[2783652:its-track-reader]: [20:08:33][INFO] Waiting for graceful device shutdown. Hit Ctrl-C again to abort immediately.
[2783653:its-cluster-reader]: [20:08:33][INFO] Received device shutdown request (signal 15).
[2783653:its-cluster-reader]: [20:08:33][INFO] Waiting for graceful device shutdown. Hit Ctrl-C again to abort immediately.
[2783657:tpctrd-track-reader]: [20:08:33][INFO] Received device shutdown request (signal 15).
[2783657:tpctrd-track-reader]: [20:08:33][INFO] Waiting for graceful device shutdown. Hit Ctrl-C again to abort immediately.
[2783659:TOFMatchedReader_TPC]: [20:08:33][INFO] Received device shutdown request (signal 15).
[2783659:TOFMatchedReader_TPC]: [20:08:33][INFO] Waiting for graceful device shutdown. Hit Ctrl-C again to abort immediately.
[2783661:tpc-track-reader]: [20:08:33][INFO] Received device shutdown request (signal 15).
[2783661:tpc-track-reader]: [20:08:33][INFO] Waiting for graceful device shutdown. Hit Ctrl-C again to abort immediately.
[2783663:TOFMatchedReader_TPCTRD]: [20:08:33][INFO] Received device shutdown request (signal 15).
[2783663:TOFMatchedReader_TPCTRD]: [20:08:33][INFO] Waiting for graceful device shutdown. Hit Ctrl-C again to abort immediately.
[2783668:internal-dpl-injected-dummy-sink]: [20:08:33][INFO] Received device shutdown request (signal 15).
[2783668:internal-dpl-injected-dummy-sink]: [20:08:33][INFO] Waiting for graceful device shutdown. Hit Ctrl-C again to abort immediately.
[2783655:itstpctrd-track-reader]: [20:08:33][INFO] Received device shutdown request (signal 15).
[2783655:itstpctrd-track-reader]: [20:08:33][INFO] Waiting for graceful device shutdown. Hit Ctrl-C again to abort immediately.
[2783658:TOFMatchedReader_ITSTPC]: [20:08:33][INFO] Received device shutdown request (signal 15).
[2783666:secondary-vertex-writer]: [20:08:33][INFO] Received device shutdown request (signal 15).
[2783666:secondary-vertex-writer]: [20:08:33][INFO] Waiting for graceful device shutdown. Hit Ctrl-C again to abort immediately.
[2783654:itstpc-track-reader]: [20:08:33][INFO] Received device shutdown request (signal 15).
[2783654:itstpc-track-reader]: [20:08:33][INFO] Waiting for graceful device shutdown. Hit Ctrl-C again to abort immediately.
[2783656:primary-vertex-reader]: [20:08:33][INFO] Received device shutdown request (signal 15).
[2783656:primary-vertex-reader]: [20:08:33][INFO] Waiting for graceful device shutdown. Hit Ctrl-C again to abort immediately.
[2783658:TOFMatchedReader_ITSTPC]: [20:08:33][INFO] Waiting for graceful device shutdown. Hit Ctrl-C again to abort immediately.
[2783658:TOFMatchedReader_ITSTPC]: [20:08:33][INFO] New state requested. No timeout set, quitting immediately as per --completion-policy
[2783658:TOFMatchedReader_ITSTPC]: [20:08:33][STATE] RUNNING ---> READY
[2783660:tof-cluster-reader]: [20:08:33][INFO] Received device shutdown request (signal 15).
[2783660:tof-cluster-reader]: [20:08:33][INFO] Waiting for graceful device shutdown. Hit Ctrl-C again to abort immediately.
[2783660:tof-cluster-reader]: [20:08:33][INFO] New state requested. No timeout set, quitting immediately as per --completion-policy
[2783660:tof-cluster-reader]: [20:08:33][STATE] RUNNING ---> READY
[2783661:tpc-track-reader]: [20:08:33][INFO] New state requested. No timeout set, quitting immediately as per --completion-policy
[2783661:tpc-track-reader]: [20:08:33][STATE] RUNNING ---> READY
[2783662:TOFMatchedReader_ITSTPCTRD]: [20:08:33][INFO] Received device shutdown request (signal 15).
[2783662:TOFMatchedReader_ITSTPCTRD]: [20:08:33][INFO] Waiting for graceful device shutdown. Hit Ctrl-C again to abort immediately.
[2783664:internal-dpl-ccdb-backend]: [20:08:33][INFO] Received device shutdown request (signal 15).
[2783664:internal-dpl-ccdb-backend]: [20:08:33][INFO] Waiting for graceful device shutdown. Hit Ctrl-C again to abort immediately.
[2783665:secondary-vertexing]: [20:08:33][INFO] Received device shutdown request (signal 15).
[2783665:secondary-vertexing]: [20:08:33][INFO] Waiting for graceful device shutdown. Hit Ctrl-C again to abort immediately.
[2783667:strangenesstracking-writer]: [20:08:33][INFO] Received device shutdown request (signal 15).
[2783667:strangenesstracking-writer]: [20:08:33][INFO] Waiting for graceful device shutdown. Hit Ctrl-C again to abort immediately.
[2783668:internal-dpl-injected-dummy-sink]: [20:08:33][INFO] New state requested. No timeout set, quitting immediately as per --completion-policy
[2783668:internal-dpl-injected-dummy-sink]: [20:08:33][STATE] RUNNING ---> READY
[2783659:TOFMatchedReader_TPC]: [20:08:33][INFO] New state requested. No timeout set, quitting immediately as per --completion-policy
[2783659:TOFMatchedReader_TPC]: [20:08:33][STATE] RUNNING ---> READY
[2783654:itstpc-track-reader]: [20:08:33][INFO] New state requested. No timeout set, quitting immediately as per --completion-policy
[2783656:primary-vertex-reader]: [20:08:33][INFO] New state requested. No timeout set, quitting immediately as per --completion-policy
[2783656:primary-vertex-reader]: [20:08:33][STATE] RUNNING ---> READY
[2783657:tpctrd-track-reader]: [20:08:33][INFO] New state requested. No timeout set, quitting immediately as per --completion-policy
[2783657:tpctrd-track-reader]: [20:08:33][STATE] RUNNING ---> READY
[2783659:TOFMatchedReader_TPC]: [20:08:33][STATE] READY ---> RESETTING TASK
[2783659:TOFMatchedReader_TPC]: [20:08:33][STATE] RESETTING TASK ---> DEVICE READY
[2783659:TOFMatchedReader_TPC]: [20:08:33][STATE] DEVICE READY ---> RESETTING DEVICE
[2783661:tpc-track-reader]: [20:08:33][STATE] READY ---> RESETTING TASK
[2783661:tpc-track-reader]: [20:08:33][STATE] RESETTING TASK ---> DEVICE READY
[2783666:secondary-vertex-writer]: [20:08:33][INFO] New state requested. No timeout set, quitting immediately as per --completion-policy
[2783667:strangenesstracking-writer]: [20:08:33][INFO] New state requested. No timeout set, quitting immediately as per --completion-policy
[2783668:internal-dpl-injected-dummy-sink]: [20:08:33][STATE] READY ---> RESETTING TASK
[2783668:internal-dpl-injected-dummy-sink]: [20:08:33][STATE] RESETTING TASK ---> DEVICE READY
[2783653:its-cluster-reader]: [20:08:33][INFO] New state requested. No timeout set, quitting immediately as per --completion-policy
[2783654:itstpc-track-reader]: [20:08:33][STATE] RUNNING ---> READY
[2783653:its-cluster-reader]: [20:08:33][STATE] RUNNING ---> READY
[2783651:internal-dpl-clock]: [20:08:33][INFO] New state requested. No timeout set, quitting immediately as per --completion-policy
[2783651:internal-dpl-clock]: [20:08:33][INFO] Sending end-of-stream message to channel from_internal-dpl-clock_to_its-track-reader
[2783651:internal-dpl-clock]: [20:08:33][INFO] Sending end-of-stream message to channel from_internal-dpl-clock_to_its-cluster-reader
[2783651:internal-dpl-clock]: [20:08:33][INFO] Sending end-of-stream message to channel from_internal-dpl-clock_to_itstpc-track-reader
[2783651:internal-dpl-clock]: [20:08:33][INFO] Sending end-of-stream message to channel from_internal-dpl-clock_to_itstpctrd-track-reader
[2783651:internal-dpl-clock]: [20:08:33][INFO] Sending end-of-stream message to channel from_internal-dpl-clock_to_primary-vertex-reader
[2783651:internal-dpl-clock]: [20:08:33][INFO] Sending end-of-stream message to channel from_internal-dpl-clock_to_tpctrd-track-reader
[2783651:internal-dpl-clock]: [20:08:33][INFO] Sending end-of-stream message to channel from_internal-dpl-clock_to_TOFMatchedReader_ITSTPC
[2783651:internal-dpl-clock]: [20:08:33][INFO] Sending end-of-stream message to channel from_internal-dpl-clock_to_TOFMatchedReader_TPC
[2783651:internal-dpl-clock]: [20:08:33][INFO] Sending end-of-stream message to channel from_internal-dpl-clock_to_tof-cluster-reader
[2783651:internal-dpl-clock]: [20:08:33][INFO] Sending end-of-stream message to channel from_internal-dpl-clock_to_tpc-track-reader
[2783652:its-track-reader]: [20:08:33][INFO] New state requested. No timeout set, quitting immediately as per --completion-policy
[2783652:its-track-reader]: [20:08:33][STATE] RUNNING ---> READY
[2783653:its-cluster-reader]: [20:08:33][STATE] READY ---> RESETTING TASK
[2783653:its-cluster-reader]: [20:08:33][STATE] RESETTING TASK ---> DEVICE READY
[2783653:its-cluster-reader]: [20:08:33][STATE] DEVICE READY ---> RESETTING DEVICE
[2783654:itstpc-track-reader]: [20:08:33][STATE] READY ---> RESETTING TASK
[2783654:itstpc-track-reader]: [20:08:33][STATE] RESETTING TASK ---> DEVICE READY
[2783654:itstpc-track-reader]: [20:08:33][STATE] DEVICE READY ---> RESETTING DEVICE
[2783655:itstpctrd-track-reader]: [20:08:33][INFO] New state requested. No timeout set, quitting immediately as per --completion-policy
[2783655:itstpctrd-track-reader]: [20:08:33][STATE] RUNNING ---> READY
[2783655:itstpctrd-track-reader]: [20:08:33][STATE] READY ---> RESETTING TASK
[2783655:itstpctrd-track-reader]: [20:08:33][STATE] RESETTING TASK ---> DEVICE READY
[2783655:itstpctrd-track-reader]: [20:08:33][STATE] DEVICE READY ---> RESETTING DEVICE
[2783656:primary-vertex-reader]: [20:08:33][STATE] READY ---> RESETTING TASK
[2783656:primary-vertex-reader]: [20:08:33][STATE] RESETTING TASK ---> DEVICE READY
[2783656:primary-vertex-reader]: [20:08:33][STATE] DEVICE READY ---> RESETTING DEVICE
[2783662:TOFMatchedReader_ITSTPCTRD]: [20:08:33][INFO] New state requested. No timeout set, quitting immediately as per --completion-policy
[2783662:TOFMatchedReader_ITSTPCTRD]: [20:08:33][STATE] RUNNING ---> READY
[2783662:TOFMatchedReader_ITSTPCTRD]: [20:08:33][STATE] READY ---> RESETTING TASK
[2783662:TOFMatchedReader_ITSTPCTRD]: [20:08:33][STATE] RESETTING TASK ---> DEVICE READY
[2783662:TOFMatchedReader_ITSTPCTRD]: [20:08:33][STATE] DEVICE READY ---> RESETTING DEVICE
[2783663:TOFMatchedReader_TPCTRD]: [20:08:33][INFO] New state requested. No timeout set, quitting immediately as per --completion-policy
[2783663:TOFMatchedReader_TPCTRD]: [20:08:33][STATE] RUNNING ---> READY
[2783663:TOFMatchedReader_TPCTRD]: [20:08:33][STATE] READY ---> RESETTING TASK
[2783663:TOFMatchedReader_TPCTRD]: [20:08:33][STATE] RESETTING TASK ---> DEVICE READY
[2783663:TOFMatchedReader_TPCTRD]: [20:08:33][STATE] DEVICE READY ---> RESETTING DEVICE
[2783664:internal-dpl-ccdb-backend]: [20:08:33][INFO] New state requested. No timeout set, quitting immediately as per --completion-policy
[2783664:internal-dpl-ccdb-backend]: [20:08:33][INFO] CCDB cache miss/hit ratio:
[2783664:internal-dpl-ccdb-backend]: [20:08:33][INFO]   TPC/Calib/CorrectionMapRefV2: 1/0 (9216-9216 bytes)
[2783664:internal-dpl-ccdb-backend]: [20:08:33][INFO]   ITS/Config/AlpideParam: 1/0 (2048-2048 bytes)
[2783664:internal-dpl-ccdb-backend]: [20:08:33][INFO]   ITS/Calib/ClusterDictionary: 1/0 (27648-27648 bytes)
[2783664:internal-dpl-ccdb-backend]: [20:08:33][INFO]   GLO/Param/MatLUT: 1/0 (9225216-9225216 bytes)
[2783664:internal-dpl-ccdb-backend]: [20:08:33][INFO]   GLO/Config/GRPMagField: 1/0 (1024-1024 bytes)
[2783664:internal-dpl-ccdb-backend]: [20:08:33][INFO]   TPC/Calib/LaserTracks: 1/0 (2048-2048 bytes)
[2783664:internal-dpl-ccdb-backend]: [20:08:33][INFO]   GLO/Config/GeometryAligned: 1/0 (1847296-1847296 bytes)
[2783664:internal-dpl-ccdb-backend]: [20:08:33][INFO]   TPC/Calib/CorrectionMapV2: 1/0 (9216-9216 bytes)
[2783664:internal-dpl-ccdb-backend]: [20:08:33][INFO]   GLO/Config/GRPECS: 1/0 (2048-2048 bytes)
[2783664:internal-dpl-ccdb-backend]: [20:08:33][INFO]   TPC/Calib/VDriftTgl: 1/0 (2048-2048 bytes)
[2783664:internal-dpl-ccdb-backend]: [20:08:33][INFO]   CTP/Calib/OrbitReset: 1/1 (1024-1024 bytes)
[2783664:internal-dpl-ccdb-backend]: [20:08:33][STATE] RUNNING ---> READY
[2783657:tpctrd-track-reader]: [20:08:33][STATE] READY ---> RESETTING TASK
[2783657:tpctrd-track-reader]: [20:08:33][STATE] RESETTING TASK ---> DEVICE READY
[2783660:tof-cluster-reader]: [20:08:33][STATE] READY ---> RESETTING TASK
[2783660:tof-cluster-reader]: [20:08:33][STATE] RESETTING TASK ---> DEVICE READY
[2783661:tpc-track-reader]: [20:08:33][STATE] DEVICE READY ---> RESETTING DEVICE
[2783665:secondary-vertexing]: [20:08:33][INFO] New state requested. No timeout set, quitting immediately as per --completion-policy
[2783665:secondary-vertexing]: [20:08:33][STATE] RUNNING ---> READY
[2783658:TOFMatchedReader_ITSTPC]: [20:08:33][STATE] READY ---> RESETTING TASK
[2783658:TOFMatchedReader_ITSTPC]: [20:08:33][STATE] RESETTING TASK ---> DEVICE READY
[2783664:internal-dpl-ccdb-backend]: [20:08:33][STATE] READY ---> RESETTING TASK
[2783664:internal-dpl-ccdb-backend]: [20:08:33][STATE] RESETTING TASK ---> DEVICE READY
[2783664:internal-dpl-ccdb-backend]: [20:08:33][STATE] DEVICE READY ---> RESETTING DEVICE
[2783668:internal-dpl-injected-dummy-sink]: [20:08:33][STATE] DEVICE READY ---> RESETTING DEVICE
[2783652:its-track-reader]: [20:08:33][STATE] READY ---> RESETTING TASK
[2783652:its-track-reader]: [20:08:33][STATE] RESETTING TASK ---> DEVICE READY
[2783657:tpctrd-track-reader]: [20:08:33][STATE] DEVICE READY ---> RESETTING DEVICE
[2783658:TOFMatchedReader_ITSTPC]: [20:08:33][STATE] DEVICE READY ---> RESETTING DEVICE
[2783660:tof-cluster-reader]: [20:08:33][STATE] DEVICE READY ---> RESETTING DEVICE
[2783662:TOFMatchedReader_ITSTPCTRD]: [20:08:33][STATE] RESETTING DEVICE ---> IDLE
[2783665:secondary-vertexing]: [20:08:33][STATE] READY ---> RESETTING TASK
[2783665:secondary-vertexing]: [20:08:33][STATE] RESETTING TASK ---> DEVICE READY
[2783652:its-track-reader]: [20:08:33][STATE] DEVICE READY ---> RESETTING DEVICE
[2783656:primary-vertex-reader]: [20:08:33][STATE] RESETTING DEVICE ---> IDLE
[2783662:TOFMatchedReader_ITSTPCTRD]: [20:08:33][STATE] IDLE ---> EXITING
[2783662:TOFMatchedReader_ITSTPCTRD]: [20:08:33][STATE] Exiting FairMQ state machine
[2783665:secondary-vertexing]: [20:08:33][STATE] DEVICE READY ---> RESETTING DEVICE
[2783656:primary-vertex-reader]: [20:08:33][STATE] IDLE ---> EXITING
[2783659:TOFMatchedReader_TPC]: [20:08:33][STATE] RESETTING DEVICE ---> IDLE
[2783668:internal-dpl-injected-dummy-sink]: [20:08:33][STATE] RESETTING DEVICE ---> IDLE
[2783659:TOFMatchedReader_TPC]: [20:08:33][STATE] IDLE ---> EXITING
[2783664:internal-dpl-ccdb-backend]: [20:08:33][STATE] RESETTING DEVICE ---> IDLE
[2783659:TOFMatchedReader_TPC]: [20:08:33][STATE] Exiting FairMQ state machine
[2783668:internal-dpl-injected-dummy-sink]: [20:08:33][STATE] IDLE ---> EXITING
[2783652:its-track-reader]: [20:08:33][STATE] RESETTING DEVICE ---> IDLE
[2783661:tpc-track-reader]: [20:08:33][STATE] RESETTING DEVICE ---> IDLE
[2783654:itstpc-track-reader]: [20:08:33][STATE] RESETTING DEVICE ---> IDLE
[2783656:primary-vertex-reader]: [20:08:33][STATE] Exiting FairMQ state machine
[2783663:TOFMatchedReader_TPCTRD]: [20:08:33][STATE] RESETTING DEVICE ---> IDLE
[2783665:secondary-vertexing]: [20:08:33][STATE] RESETTING DEVICE ---> IDLE
[2783652:its-track-reader]: [20:08:33][STATE] IDLE ---> EXITING
[2783661:tpc-track-reader]: [20:08:33][STATE] IDLE ---> EXITING
[2783664:internal-dpl-ccdb-backend]: [20:08:33][STATE] IDLE ---> EXITING
[2783668:internal-dpl-injected-dummy-sink]: [20:08:33][STATE] Exiting FairMQ state machine
[2783665:secondary-vertexing]: [20:08:33][STATE] IDLE ---> EXITING
[2783652:its-track-reader]: [20:08:33][STATE] Exiting FairMQ state machine
[2783653:its-cluster-reader]: [20:08:33][STATE] RESETTING DEVICE ---> IDLE
[2783653:its-cluster-reader]: [20:08:33][STATE] IDLE ---> EXITING
[2783653:its-cluster-reader]: [20:08:33][STATE] Exiting FairMQ state machine
[2783654:itstpc-track-reader]: [20:08:33][STATE] IDLE ---> EXITING
[2783655:itstpctrd-track-reader]: [20:08:33][STATE] RESETTING DEVICE ---> IDLE
[2783655:itstpctrd-track-reader]: [20:08:33][STATE] IDLE ---> EXITING
[2783655:itstpctrd-track-reader]: [20:08:33][STATE] Exiting FairMQ state machine
[2783661:tpc-track-reader]: [20:08:33][STATE] Exiting FairMQ state machine
[2783663:TOFMatchedReader_TPCTRD]: [20:08:33][STATE] IDLE ---> EXITING
[2783663:TOFMatchedReader_TPCTRD]: [20:08:33][STATE] Exiting FairMQ state machine
[2783664:internal-dpl-ccdb-backend]: [20:08:33][STATE] Exiting FairMQ state machine
[2783651:internal-dpl-clock]: [20:08:33][INFO] Sending end-of-stream message to channel from_internal-dpl-clock_to_TOFMatchedReader_ITSTPCTRD
[2783654:itstpc-track-reader]: [20:08:33][STATE] Exiting FairMQ state machine
[2783657:tpctrd-track-reader]: [20:08:33][STATE] RESETTING DEVICE ---> IDLE
[2783657:tpctrd-track-reader]: [20:08:33][STATE] IDLE ---> EXITING
[2783657:tpctrd-track-reader]: [20:08:33][STATE] Exiting FairMQ state machine
[2783665:secondary-vertexing]: [20:08:33][STATE] Exiting FairMQ state machine
[2783658:TOFMatchedReader_ITSTPC]: [20:08:33][STATE] RESETTING DEVICE ---> IDLE
[2783660:tof-cluster-reader]: [20:08:33][STATE] RESETTING DEVICE ---> IDLE
[2783658:TOFMatchedReader_ITSTPC]: [20:08:33][STATE] IDLE ---> EXITING
[2783658:TOFMatchedReader_ITSTPC]: [20:08:33][STATE] Exiting FairMQ state machine
[2783660:tof-cluster-reader]: [20:08:33][STATE] IDLE ---> EXITING
[2783660:tof-cluster-reader]: [20:08:33][STATE] Exiting FairMQ state machine
[2783651:internal-dpl-clock]: [20:08:33][INFO] Sending end-of-stream message to channel from_internal-dpl-clock_to_TOFMatchedReader_TPCTRD
[2783651:internal-dpl-clock]: [20:08:33][STATE] RUNNING ---> READY
[2783651:internal-dpl-clock]: [20:08:33][STATE] READY ---> RESETTING TASK
[2783651:internal-dpl-clock]: [20:08:33][STATE] RESETTING TASK ---> DEVICE READY
[2783651:internal-dpl-clock]: [20:08:33][STATE] DEVICE READY ---> RESETTING DEVICE
[2783651:internal-dpl-clock]: [20:08:33][STATE] RESETTING DEVICE ---> IDLE
[2783651:internal-dpl-clock]: [20:08:33][STATE] IDLE ---> EXITING
[2783651:internal-dpl-clock]: [20:08:33][STATE] Exiting FairMQ state machine
[2783666:secondary-vertex-writer]: [20:08:34][STATE] RUNNING ---> READY
[2783666:secondary-vertex-writer]: [20:08:34][STATE] READY ---> RESETTING TASK
[2783666:secondary-vertex-writer]: [20:08:34][STATE] RESETTING TASK ---> DEVICE READY
[2783666:secondary-vertex-writer]: [20:08:34][STATE] DEVICE READY ---> RESETTING DEVICE
[2783666:secondary-vertex-writer]: [20:08:34][STATE] RESETTING DEVICE ---> IDLE
[2783666:secondary-vertex-writer]: [20:08:34][STATE] IDLE ---> EXITING
[2783666:secondary-vertex-writer]: [20:08:34][STATE] Exiting FairMQ state machine
[2783667:strangenesstracking-writer]: [20:08:34][STATE] RUNNING ---> READY
[2783667:strangenesstracking-writer]: [20:08:34][STATE] READY ---> RESETTING TASK
[2783667:strangenesstracking-writer]: [20:08:34][STATE] RESETTING TASK ---> DEVICE READY
[2783667:strangenesstracking-writer]: [20:08:34][STATE] DEVICE READY ---> RESETTING DEVICE
[2783667:strangenesstracking-writer]: [20:08:34][INFO] Cleaning up for shared memory id '2a5f6942'...
[2783667:strangenesstracking-writer]: [20:08:34][INFO] Found 0 unmanaged regions...
[2783667:strangenesstracking-writer]: [20:08:34][INFO] Found 1 managed segments...
[2783667:strangenesstracking-writer]: [20:08:34][INFO] Successfully removed 'fmq_2a5f6942_m_0'.
[2783667:strangenesstracking-writer]: [20:08:34][INFO] Successfully removed 'fmq_2a5f6942_mng'.
[2783667:strangenesstracking-writer]: [20:08:34][STATE] RESETTING DEVICE ---> IDLE
[2783667:strangenesstracking-writer]: [20:08:34][STATE] IDLE ---> EXITING
[2783667:strangenesstracking-writer]: [20:08:34][STATE] Exiting FairMQ state machine
[INFO] ## Processes completed. Run summary:
[INFO] ### Devices started: 18
[INFO]  - Device internal-dpl-clock: pid 2783651 (exit 0)
[INFO]  - Device its-track-reader: pid 2783652 (exit 0)
[INFO]  - Device its-cluster-reader: pid 2783653 (exit 0)
[INFO]  - Device itstpc-track-reader: pid 2783654 (exit 0)
[INFO]  - Device itstpctrd-track-reader: pid 2783655 (exit 0)
[INFO]  - Device primary-vertex-reader: pid 2783656 (exit 0)
[INFO]  - Device tpctrd-track-reader: pid 2783657 (exit 0)
[INFO]  - Device TOFMatchedReader_ITSTPC: pid 2783658 (exit 0)
[INFO]  - Device TOFMatchedReader_TPC: pid 2783659 (exit 0)
[INFO]  - Device tof-cluster-reader: pid 2783660 (exit 0)
[INFO]  - Device tpc-track-reader: pid 2783661 (exit 0)
[INFO]  - Device TOFMatchedReader_ITSTPCTRD: pid 2783662 (exit 0)
[INFO]  - Device TOFMatchedReader_TPCTRD: pid 2783663 (exit 0)
[INFO]  - Device internal-dpl-ccdb-backend: pid 2783664 (exit 0)
[INFO]  - Device secondary-vertexing: pid 2783665 (exit 0)
[INFO]  - Device secondary-vertex-writer: pid 2783666 (exit 0)
[INFO]  - Device strangenesstracking-writer: pid 2783667 (exit 0)
[INFO]  - Device internal-dpl-injected-dummy-sink: pid 2783668 (exit 0)
[INFO] Dumping used configuration in dpl-config.json
TASK-EXIT-CODE: 0
