Running: TIME="#walltime %e" /usr/bin/time --output=trdTrkltTransf.log_time ./trdTrkltTransf.log_tmp.sh
[INFO] Initialising O2 Data Processing Layer. Driver PID: 2093178.
[INFO] Driver listening on port: 31258
[INFO] Rate limiting set up at 500MB distributed over 1 readers
[INFO] O2 Data Processing Layer initialised. We brake for nobody.
[INFO] Optimised build. O2DEBUG / LOG(debug) / LOGF(debug) / assert statement will not be shown.
[INFO] Redeployment of configuration asked.
[INFO] Starting internal-dpl-clock on pid 2093214
[INFO] Starting TRDTrackletReader on pid 2093215
[INFO] Starting internal-dpl-ccdb-backend on pid 2093216
[INFO] Starting TRDTRACKLETTRANSFORMER on pid 2093217
[INFO] Starting trd-calibrated-tracklet-writer on pid 2093218
[INFO] Starting internal-dpl-injected-dummy-sink on pid 2093219
[INFO] Redeployment of configuration done.
[2093216:internal-dpl-ccdb-backend]: [INFO] Instrumenting crash signals
[2093216:internal-dpl-ccdb-backend]: [INFO] Spawing new device internal-dpl-ccdb-backend in process with pid 2093216
[2093216:internal-dpl-ccdb-backend]: [14:28:35][INFO] 
[2093216:internal-dpl-ccdb-backend]:       ______      _    _______  _________ 
[2093216:internal-dpl-ccdb-backend]:      / ____/___ _(_)_______   |/  /_  __ \    version 1.8.0
[2093216:internal-dpl-ccdb-backend]:     / /_  / __ `/ / ___/__  /|_/ /_  / / /    build RELWITHDEBINFO
[2093216:internal-dpl-ccdb-backend]:    / __/ / /_/ / / /    _  /  / / / /_/ /     https://github.com/FairRootGroup/FairMQ
[2093216:internal-dpl-ccdb-backend]:   /_/    \__,_/_/_/     /_/  /_/  \___\_\     LGPL-3.0  © 2012-2023 GSI
[2093216:internal-dpl-ccdb-backend]: 
[2093216:internal-dpl-ccdb-backend]: [14:28:35][STATE] Starting FairMQ state machine --> IDLE
[2093216:internal-dpl-ccdb-backend]: [14:28:35][STATE] IDLE ---> INITIALIZING DEVICE
[2093216:internal-dpl-ccdb-backend]: [14:28:35][INFO] CCDB Backend at: http://alice-ccdb.cern.ch, validity check for every 2147483647 TF
[2093216:internal-dpl-ccdb-backend]: [14:28:35][INFO] Init CcdApi with UserAgentID: localhost.localdomain-1697200115-AElATI, Host: http://alice-ccdb.cern.ch
[2093216:internal-dpl-ccdb-backend]: [14:28:35][INFO] Initialised default CCDB host http://alice-ccdb.cern.ch
[2093216:internal-dpl-ccdb-backend]: [14:28:35][INFO] The following route is a condition GLO/GEOMALIGN/0
[2093216:internal-dpl-ccdb-backend]: [14:28:35][INFO] - ccdb-path: GLO/Config/GeometryAligned
[2093216:internal-dpl-ccdb-backend]: [14:28:35][INFO] The following route is a condition GLO/GRPMAGFIELD/0
[2093216:internal-dpl-ccdb-backend]: [14:28:35][INFO] - ccdb-path: GLO/Config/GRPMagField
[2093216:internal-dpl-ccdb-backend]: [14:28:35][INFO] The following route is a condition TRD/CALVDRIFTEXB/0
[2093216:internal-dpl-ccdb-backend]: [14:28:35][INFO] - ccdb-path: TRD/Calib/CalVdriftExB
[2093216:internal-dpl-ccdb-backend]: [14:28:35][STATE] INITIALIZING DEVICE ---> INITIALIZED
[2093215:TRDTrackletReader]: [INFO] Instrumenting crash signals
[2093214:internal-dpl-clock]: [INFO] Instrumenting crash signals
[2093215:TRDTrackletReader]: [INFO] Spawing new device TRDTrackletReader in process with pid 2093215
[2093216:internal-dpl-ccdb-backend]: [14:28:35][STATE] INITIALIZED ---> BINDING
[2093215:TRDTrackletReader]: [14:28:35][INFO] 
[2093215:TRDTrackletReader]:       ______      _    _______  _________ 
[2093215:TRDTrackletReader]:      / ____/___ _(_)_______   |/  /_  __ \    version 1.8.0
[2093215:TRDTrackletReader]:     / /_  / __ `/ / ___/__  /|_/ /_  / / /    build RELWITHDEBINFO
[2093215:TRDTrackletReader]:    / __/ / /_/ / / /    _  /  / / / /_/ /     https://github.com/FairRootGroup/FairMQ
[2093215:TRDTrackletReader]:   /_/    \__,_/_/_/     /_/  /_/  \___\_\     LGPL-3.0  © 2012-2023 GSI
[2093215:TRDTrackletReader]: 
[2093215:TRDTrackletReader]: [14:28:35][STATE] Starting FairMQ state machine --> IDLE
[2093216:internal-dpl-ccdb-backend]: [14:28:35][STATE] BINDING ---> BOUND
[2093216:internal-dpl-ccdb-backend]: [14:28:35][STATE] BOUND ---> CONNECTING
[2093214:internal-dpl-clock]: [INFO] Spawing new device internal-dpl-clock in process with pid 2093214
[2093216:internal-dpl-ccdb-backend]: [14:28:35][STATE] CONNECTING ---> DEVICE READY
[2093216:internal-dpl-ccdb-backend]: [14:28:35][STATE] DEVICE READY ---> INITIALIZING TASK
[2093214:internal-dpl-clock]: [14:28:35][INFO] 
[2093214:internal-dpl-clock]:       ______      _    _______  _________ 
[2093214:internal-dpl-clock]:      / ____/___ _(_)_______   |/  /_  __ \    version 1.8.0
[2093214:internal-dpl-clock]:     / /_  / __ `/ / ___/__  /|_/ /_  / / /    build RELWITHDEBINFO
[2093214:internal-dpl-clock]:    / __/ / /_/ / / /    _  /  / / / /_/ /     https://github.com/FairRootGroup/FairMQ
[2093214:internal-dpl-clock]:   /_/    \__,_/_/_/     /_/  /_/  \___\_\     LGPL-3.0  © 2012-2023 GSI
[2093214:internal-dpl-clock]: 
[2093214:internal-dpl-clock]: [14:28:35][STATE] Starting FairMQ state machine --> IDLE
[2093215:TRDTrackletReader]: [14:28:35][STATE] IDLE ---> INITIALIZING DEVICE
[2093214:internal-dpl-clock]: [14:28:35][STATE] IDLE ---> INITIALIZING DEVICE
[2093215:TRDTrackletReader]: [14:28:35][INFO] Init TRD tracklet reader!
[2093214:internal-dpl-clock]: [14:28:35][STATE] INITIALIZING DEVICE ---> INITIALIZED
[2093214:internal-dpl-clock]: [14:28:35][STATE] INITIALIZED ---> BINDING
[2093214:internal-dpl-clock]: [14:28:35][STATE] BINDING ---> BOUND
[2093214:internal-dpl-clock]: [14:28:35][STATE] BOUND ---> CONNECTING
[2093214:internal-dpl-clock]: [14:28:35][STATE] CONNECTING ---> DEVICE READY
[2093214:internal-dpl-clock]: [14:28:35][STATE] DEVICE READY ---> INITIALIZING TASK
[2093214:internal-dpl-clock]: [14:28:35][STATE] INITIALIZING TASK ---> READY
[2093214:internal-dpl-clock]: [14:28:35][STATE] READY ---> RUNNING
[2093214:internal-dpl-clock]: [14:28:35][INFO] fair::mq::Device running...
[2093214:internal-dpl-clock]: [14:28:35][INFO] LHCPeriod is not available, using current month OCT
[2093216:internal-dpl-ccdb-backend]: [14:28:35][STATE] INITIALIZING TASK ---> READY
[2093214:internal-dpl-clock]: [14:28:35][INFO] Correctly handshaken websocket connection.
[2093216:internal-dpl-ccdb-backend]: [14:28:35][STATE] READY ---> RUNNING
[2093216:internal-dpl-ccdb-backend]: [14:28:35][INFO] fair::mq::Device running...
[2093216:internal-dpl-ccdb-backend]: [14:28:35][INFO] LHCPeriod is not available, using current month OCT
[2093216:internal-dpl-ccdb-backend]: [14:28:35][INFO] Correctly handshaken websocket connection.
[2093217:TRDTRACKLETTRANSFORMER]: [INFO] Instrumenting crash signals
[2093217:TRDTRACKLETTRANSFORMER]: [INFO] Spawing new device TRDTRACKLETTRANSFORMER in process with pid 2093217
[2093217:TRDTRACKLETTRANSFORMER]: [14:28:35][INFO] 
[2093217:TRDTRACKLETTRANSFORMER]:       ______      _    _______  _________ 
[2093217:TRDTRACKLETTRANSFORMER]:      / ____/___ _(_)_______   |/  /_  __ \    version 1.8.0
[2093217:TRDTRACKLETTRANSFORMER]:     / /_  / __ `/ / ___/__  /|_/ /_  / / /    build RELWITHDEBINFO
[2093217:TRDTRACKLETTRANSFORMER]:    / __/ / /_/ / / /    _  /  / / / /_/ /     https://github.com/FairRootGroup/FairMQ
[2093217:TRDTRACKLETTRANSFORMER]:   /_/    \__,_/_/_/     /_/  /_/  \___\_\     LGPL-3.0  © 2012-2023 GSI
[2093217:TRDTRACKLETTRANSFORMER]: 
[2093217:TRDTRACKLETTRANSFORMER]: [14:28:35][STATE] Starting FairMQ state machine --> IDLE
[2093217:TRDTRACKLETTRANSFORMER]: [14:28:35][STATE] IDLE ---> INITIALIZING DEVICE
[2093217:TRDTRACKLETTRANSFORMER]: [14:28:35][STATE] INITIALIZING DEVICE ---> INITIALIZED
[2093217:TRDTRACKLETTRANSFORMER]: [14:28:35][STATE] INITIALIZED ---> BINDING
[2093217:TRDTRACKLETTRANSFORMER]: [14:28:35][STATE] BINDING ---> BOUND
[2093217:TRDTRACKLETTRANSFORMER]: [14:28:35][STATE] BOUND ---> CONNECTING
[2093217:TRDTRACKLETTRANSFORMER]: [14:28:35][STATE] CONNECTING ---> DEVICE READY
[2093217:TRDTRACKLETTRANSFORMER]: [14:28:35][STATE] DEVICE READY ---> INITIALIZING TASK
[2093217:TRDTRACKLETTRANSFORMER]: [14:28:35][STATE] INITIALIZING TASK ---> READY
[2093217:TRDTRACKLETTRANSFORMER]: [14:28:35][STATE] READY ---> RUNNING
[2093217:TRDTRACKLETTRANSFORMER]: [14:28:35][INFO] fair::mq::Device running...
[2093217:TRDTRACKLETTRANSFORMER]: [14:28:35][INFO] LHCPeriod is not available, using current month OCT
[2093217:TRDTRACKLETTRANSFORMER]: [14:28:35][INFO] Correctly handshaken websocket connection.
[2093218:trd-calibrated-tracklet-writer]: [INFO] Instrumenting crash signals
[2093219:internal-dpl-injected-dummy-sink]: [INFO] Instrumenting crash signals
[2093218:trd-calibrated-tracklet-writer]: [INFO] Spawing new device trd-calibrated-tracklet-writer in process with pid 2093218
[2093218:trd-calibrated-tracklet-writer]: [14:28:36][INFO] 
[2093218:trd-calibrated-tracklet-writer]:       ______      _    _______  _________ 
[2093218:trd-calibrated-tracklet-writer]:      / ____/___ _(_)_______   |/  /_  __ \    version 1.8.0
[2093218:trd-calibrated-tracklet-writer]:     / /_  / __ `/ / ___/__  /|_/ /_  / / /    build RELWITHDEBINFO
[2093218:trd-calibrated-tracklet-writer]:    / __/ / /_/ / / /    _  /  / / / /_/ /     https://github.com/FairRootGroup/FairMQ
[2093218:trd-calibrated-tracklet-writer]:   /_/    \__,_/_/_/     /_/  /_/  \___\_\     LGPL-3.0  © 2012-2023 GSI
[2093218:trd-calibrated-tracklet-writer]: 
[2093218:trd-calibrated-tracklet-writer]: [14:28:36][STATE] Starting FairMQ state machine --> IDLE
[2093219:internal-dpl-injected-dummy-sink]: [INFO] Spawing new device internal-dpl-injected-dummy-sink in process with pid 2093219
[2093219:internal-dpl-injected-dummy-sink]: [14:28:36][INFO] 
[2093219:internal-dpl-injected-dummy-sink]:       ______      _    _______  _________ 
[2093219:internal-dpl-injected-dummy-sink]:      / ____/___ _(_)_______   |/  /_  __ \    version 1.8.0
[2093219:internal-dpl-injected-dummy-sink]:     / /_  / __ `/ / ___/__  /|_/ /_  / / /    build RELWITHDEBINFO
[2093219:internal-dpl-injected-dummy-sink]:    / __/ / /_/ / / /    _  /  / / / /_/ /     https://github.com/FairRootGroup/FairMQ
[2093219:internal-dpl-injected-dummy-sink]:   /_/    \__,_/_/_/     /_/  /_/  \___\_\     LGPL-3.0  © 2012-2023 GSI
[2093219:internal-dpl-injected-dummy-sink]: 
[2093219:internal-dpl-injected-dummy-sink]: [14:28:36][STATE] Starting FairMQ state machine --> IDLE
[2093218:trd-calibrated-tracklet-writer]: [14:28:36][STATE] IDLE ---> INITIALIZING DEVICE
[2093219:internal-dpl-injected-dummy-sink]: [14:28:36][STATE] IDLE ---> INITIALIZING DEVICE
[2093219:internal-dpl-injected-dummy-sink]: [14:28:36][STATE] INITIALIZING DEVICE ---> INITIALIZED
[2093219:internal-dpl-injected-dummy-sink]: [14:28:36][STATE] INITIALIZED ---> BINDING
[2093219:internal-dpl-injected-dummy-sink]: [14:28:36][STATE] BINDING ---> BOUND
[2093219:internal-dpl-injected-dummy-sink]: [14:28:36][STATE] BOUND ---> CONNECTING
[2093219:internal-dpl-injected-dummy-sink]: [14:28:36][STATE] CONNECTING ---> DEVICE READY
[2093219:internal-dpl-injected-dummy-sink]: [14:28:36][STATE] DEVICE READY ---> INITIALIZING TASK
[2093219:internal-dpl-injected-dummy-sink]: [14:28:36][STATE] INITIALIZING TASK ---> READY
[2093219:internal-dpl-injected-dummy-sink]: [14:28:36][STATE] READY ---> RUNNING
[2093219:internal-dpl-injected-dummy-sink]: [14:28:36][INFO] fair::mq::Device running...
[2093219:internal-dpl-injected-dummy-sink]: [14:28:36][INFO] LHCPeriod is not available, using current month OCT
[2093219:internal-dpl-injected-dummy-sink]: [14:28:36][INFO] Correctly handshaken websocket connection.
[2093218:trd-calibrated-tracklet-writer]: [14:28:36][INFO] 0: branch  CTracklets set up
[2093218:trd-calibrated-tracklet-writer]: [14:28:36][INFO] 1: branch  TRKLabels set up
[2093218:trd-calibrated-tracklet-writer]: [14:28:36][INFO] 2: branch  TrigRecMask set up
[2093218:trd-calibrated-tracklet-writer]: [14:28:36][STATE] INITIALIZING DEVICE ---> INITIALIZED
[2093218:trd-calibrated-tracklet-writer]: [14:28:36][STATE] INITIALIZED ---> BINDING
[2093218:trd-calibrated-tracklet-writer]: [14:28:36][STATE] BINDING ---> BOUND
[2093218:trd-calibrated-tracklet-writer]: [14:28:36][STATE] BOUND ---> CONNECTING
[2093218:trd-calibrated-tracklet-writer]: [14:28:36][STATE] CONNECTING ---> DEVICE READY
[2093218:trd-calibrated-tracklet-writer]: [14:28:36][STATE] DEVICE READY ---> INITIALIZING TASK
[2093218:trd-calibrated-tracklet-writer]: [14:28:36][STATE] INITIALIZING TASK ---> READY
[2093218:trd-calibrated-tracklet-writer]: [14:28:36][STATE] READY ---> RUNNING
[2093218:trd-calibrated-tracklet-writer]: [14:28:36][INFO] fair::mq::Device running...
[2093218:trd-calibrated-tracklet-writer]: [14:28:36][INFO] LHCPeriod is not available, using current month OCT
[2093218:trd-calibrated-tracklet-writer]: [14:28:36][INFO] Correctly handshaken websocket connection.
[2093215:TRDTrackletReader]: [14:28:36][INFO] Loaded tree from trdtracklets.root with 1 entries
[2093215:TRDTrackletReader]: [14:28:36][STATE] INITIALIZING DEVICE ---> INITIALIZED
[2093215:TRDTrackletReader]: [14:28:36][STATE] INITIALIZED ---> BINDING
[2093215:TRDTrackletReader]: [14:28:36][STATE] BINDING ---> BOUND
[2093215:TRDTrackletReader]: [14:28:36][STATE] BOUND ---> CONNECTING
[2093215:TRDTrackletReader]: [14:28:36][STATE] CONNECTING ---> DEVICE READY
[2093215:TRDTrackletReader]: [14:28:36][STATE] DEVICE READY ---> INITIALIZING TASK
[2093215:TRDTrackletReader]: [14:28:36][STATE] INITIALIZING TASK ---> READY
[2093215:TRDTrackletReader]: [14:28:36][STATE] READY ---> RUNNING
[2093215:TRDTrackletReader]: [14:28:36][INFO] fair::mq::Device running...
[2093215:TRDTrackletReader]: [14:28:36][INFO] LHCPeriod is not available, using current month OCT
[2093215:TRDTrackletReader]: [14:28:36][INFO] Pushing 28 TRD trigger records at entry 0
[2093215:TRDTrackletReader]: [14:28:36][INFO] Pushing 43369 uncalibrated TRD tracklets for these trigger records
[2093215:TRDTrackletReader]: [14:28:36][INFO] Pushing 57553 TRD tracklet labels
[2093215:TRDTrackletReader]: [14:28:36][INFO] Sending end-of-stream message to channel from_TRDTrackletReader_to_internal-dpl-ccdb-backend
[2093215:TRDTrackletReader]: [14:28:36][INFO] Sending end-of-stream message to channel from_TRDTrackletReader_to_TRDTRACKLETTRANSFORMER
[2093215:TRDTrackletReader]: [14:28:36][INFO] Sending end-of-stream message to channel from_TRDTrackletReader_to_trd-calibrated-tracklet-writer
[2093215:TRDTrackletReader]: [14:28:36][INFO] Correctly handshaken websocket connection.
[2093216:internal-dpl-ccdb-backend]: Info in <TJAlienConnectionManager>: Opening connection to JCentral. Please wait
[2093216:internal-dpl-ccdb-backend]: Info in <TJAlienConnectionManager>: Opening connection to 137.138.99.172
[2093216:internal-dpl-ccdb-backend]: Info in <TJAlienConnectionManager>: Successfully connected to 137.138.99.172
[2093216:internal-dpl-ccdb-backend]: Info in <TJAlienFile::Open>: Accessing file /alice/data/CCDB/CTP/Calib/OrbitReset/06/62200/b9f985c3-b4b0-11ec-8fd3-90ce809b24ee in SE <ALICE::CERN::EOS>
[2093216:internal-dpl-ccdb-backend]: [14:28:38][INFO] ccdb reads http://alice-ccdb.cern.ch/CTP/Calib/OrbitReset/1546300800000/b9f985c3-b4b0-11ec-8fd3-90ce809b24ee for 1546300800000 (load to memory, agent_id: localhost.localdomain-1697200115-AElATI), 
[2093216:internal-dpl-ccdb-backend]: Info in <TJAlienFile::Open>: Accessing file /alice/data/CCDB/GLO/Config/GeometryAligned/06/21224/787687c0-287a-11ed-8141-200114580202 in SE <ALICE::CERN::OCDB>
[2093216:internal-dpl-ccdb-backend]: [14:28:38][INFO] ccdb reads http://alice-ccdb.cern.ch/GLO/Config/GeometryAligned/1546300800000/787687c0-287a-11ed-8141-200114580202 for 1546300800000 (load to memory, agent_id: localhost.localdomain-1697200115-AElATI), 
[2093216:internal-dpl-ccdb-backend]: Info in <TJAlienFile::Open>: Accessing file /alice/data/CCDB/GLO/Config/GRPMagField/06/62924/01d633ab-efdf-11ec-841e-2a010e0a0b16 in SE <ALICE::CERN::OCDB>
[2093216:internal-dpl-ccdb-backend]: [14:28:38][INFO] ccdb reads http://alice-ccdb.cern.ch/GLO/Config/GRPMagField/1546300800000/01d633ab-efdf-11ec-841e-2a010e0a0b16 for 1546300800000 (load to memory, agent_id: localhost.localdomain-1697200115-AElATI), 
[2093216:internal-dpl-ccdb-backend]: Info in <TJAlienFile::Open>: Accessing file /alice/data/CCDB/TRD/Calib/CalVdriftExB/06/10271/e6e40961-d22d-11ec-8dd8-511cc1ec24ee in SE <ALICE::CERN::OCDB>
[2093216:internal-dpl-ccdb-backend]: [14:28:38][INFO] ccdb reads http://alice-ccdb.cern.ch/TRD/Calib/CalVdriftExB/1/e6e40961-d22d-11ec-8dd8-511cc1ec24ee for 1546300800000 (load to memory, agent_id: localhost.localdomain-1697200115-AElATI), 
[2093216:internal-dpl-ccdb-backend]: [14:28:38][INFO] Sending end-of-stream message to channel from_internal-dpl-ccdb-backend_to_TRDTRACKLETTRANSFORMER
[2093216:internal-dpl-ccdb-backend]: [14:28:38][INFO] Sending end-of-stream message to channel from_internal-dpl-ccdb-backend_to_internal-dpl-injected-dummy-sink
[2093217:TRDTRACKLETTRANSFORMER]: [14:28:38][INFO] GRP MagField object updated
[2093217:TRDTRACKLETTRANSFORMER]: [14:28:38][INFO] MagneticField::Print: MagneticFieldMap:
[2093217:TRDTRACKLETTRANSFORMER]: [14:28:38][INFO] MagneticField::Print: Solenoid (-1*)5 kG, Dipole ON (-1) 
[2093217:TRDTRACKLETTRANSFORMER]: [14:28:38][INFO] MagneticField::Print: Machine B fields for p-p  beam (7000 GeV): QGrad: 22.0002 Dipole: 37.8781
[2093217:TRDTRACKLETTRANSFORMER]: [14:28:38][INFO] MagneticField::Print: Uses Sol30_Dip6_Hole  of /root/alice/sw/slc9_x86-64/O2/segment-local1/share/Common/maps/mfchebKGI_sym.root
[2093217:TRDTRACKLETTRANSFORMER]: Info in <TGeoGlobalMagField::SetField>: Global magnetic field set to <MagneticFieldMap>
[2093217:TRDTRACKLETTRANSFORMER]: Info in <TGeoGlobalMagField::Lock>: Global magnetic field <MagneticFieldMap> is now locked
[2093217:TRDTRACKLETTRANSFORMER]: [14:28:38][INFO] Caching in 139981794310912 ptr to GLO/GRPMAGFIELD/0 (0x6f9eed0)
[2093217:TRDTRACKLETTRANSFORMER]: Info in <TGeoManager::CloseGeometry>: Geometry loaded from file...
[2093217:TRDTRACKLETTRANSFORMER]: Info in <TGeoManager::SetTopVolume>: Top volume is cave. Master volume is cave
[2093217:TRDTRACKLETTRANSFORMER]: Info in <TGeoNavigator::BuildCache>: --- Maximum geometry depth set to 100
[2093217:TRDTRACKLETTRANSFORMER]: Info in <TGeoManager::Voxelize>: Voxelizing...
[2093217:TRDTRACKLETTRANSFORMER]: Info in <TGeoManager::CountLevels>: max level = 13, max placements = 735
[2093217:TRDTRACKLETTRANSFORMER]: Info in <TGeoManager::CloseGeometry>: 5346742 nodes/ 27442 volume UID's in FAIR geometry
[2093217:TRDTRACKLETTRANSFORMER]: Info in <TGeoManager::CloseGeometry>: ----------------modeler ready----------------
[2093217:TRDTRACKLETTRANSFORMER]: [14:28:39][INFO] aligned geometry updated
[2093217:TRDTRACKLETTRANSFORMER]: [14:28:39][INFO] Caching in 139981792463392 ptr to GLO/GEOMALIGN/0 (0x7e90ab0)
[2093217:TRDTRACKLETTRANSFORMER]: [14:28:39][INFO] CalVdriftExB object has been updated
[2093217:TRDTRACKLETTRANSFORMER]: [14:28:39][INFO] Caching in 139981794312160 ptr to TRD/CALVDRIFTEXB/0 (0x7281d20)
[2093217:TRDTRACKLETTRANSFORMER]: [14:28:39][INFO] Found 43369 tracklets in 28 trigger records. Applied filter for ITS IR frames: 0. Transformed 43369 tracklets.
[2093217:TRDTRACKLETTRANSFORMER]: [14:28:39][INFO] Sending end-of-stream message to channel from_TRDTRACKLETTRANSFORMER_to_trd-calibrated-tracklet-writer
[INFO] Quitting
[INFO] QUIT_REQUESTED
[2093215:TRDTrackletReader]: [14:28:39][INFO] Received device shutdown request (signal 15).
[2093215:TRDTrackletReader]: [14:28:39][INFO] Waiting for graceful device shutdown. Hit Ctrl-C again to abort immediately.
[2093215:TRDTrackletReader]: [14:28:39][INFO] New state requested. No timeout set, quitting immediately as per --completion-policy
[2093215:TRDTrackletReader]: [14:28:39][STATE] RUNNING ---> READY
[2093215:TRDTrackletReader]: [14:28:39][STATE] READY ---> RESETTING TASK
[2093215:TRDTrackletReader]: [14:28:39][STATE] RESETTING TASK ---> DEVICE READY
[2093215:TRDTrackletReader]: [14:28:39][STATE] DEVICE READY ---> RESETTING DEVICE
[2093215:TRDTrackletReader]: [14:28:39][STATE] RESETTING DEVICE ---> IDLE
[2093215:TRDTrackletReader]: [14:28:39][STATE] IDLE ---> EXITING
[2093215:TRDTrackletReader]: [14:28:39][STATE] Exiting FairMQ state machine
[2093217:TRDTRACKLETTRANSFORMER]: [14:28:39][INFO] Received device shutdown request (signal 15).
[2093217:TRDTRACKLETTRANSFORMER]: [14:28:39][INFO] Waiting for graceful device shutdown. Hit Ctrl-C again to abort immediately.
[2093217:TRDTRACKLETTRANSFORMER]: [14:28:39][INFO] New state requested. No timeout set, quitting immediately as per --completion-policy
[2093217:TRDTRACKLETTRANSFORMER]: [14:28:39][STATE] RUNNING ---> READY
[2093217:TRDTRACKLETTRANSFORMER]: [14:28:39][STATE] READY ---> RESETTING TASK
[2093217:TRDTRACKLETTRANSFORMER]: [14:28:39][STATE] RESETTING TASK ---> DEVICE READY
[2093217:TRDTRACKLETTRANSFORMER]: [14:28:39][STATE] DEVICE READY ---> RESETTING DEVICE
[2093217:TRDTRACKLETTRANSFORMER]: [14:28:39][STATE] RESETTING DEVICE ---> IDLE
[2093217:TRDTRACKLETTRANSFORMER]: [14:28:39][STATE] IDLE ---> EXITING
[2093217:TRDTRACKLETTRANSFORMER]: [14:28:39][STATE] Exiting FairMQ state machine
[2093218:trd-calibrated-tracklet-writer]: [14:28:39][INFO] Received device shutdown request (signal 15).
[2093218:trd-calibrated-tracklet-writer]: [14:28:39][INFO] Waiting for graceful device shutdown. Hit Ctrl-C again to abort immediately.
[2093219:internal-dpl-injected-dummy-sink]: [14:28:39][INFO] Received device shutdown request (signal 15).
[2093219:internal-dpl-injected-dummy-sink]: [14:28:39][INFO] Waiting for graceful device shutdown. Hit Ctrl-C again to abort immediately.
[2093214:internal-dpl-clock]: [14:28:39][INFO] Received device shutdown request (signal 15).
[2093214:internal-dpl-clock]: [14:28:39][INFO] Waiting for graceful device shutdown. Hit Ctrl-C again to abort immediately.
[2093216:internal-dpl-ccdb-backend]: [14:28:39][INFO] Received device shutdown request (signal 15).
[2093216:internal-dpl-ccdb-backend]: [14:28:39][INFO] Waiting for graceful device shutdown. Hit Ctrl-C again to abort immediately.
[2093219:internal-dpl-injected-dummy-sink]: [14:28:39][INFO] New state requested. No timeout set, quitting immediately as per --completion-policy
[2093216:internal-dpl-ccdb-backend]: [14:28:39][INFO] New state requested. No timeout set, quitting immediately as per --completion-policy
[2093219:internal-dpl-injected-dummy-sink]: [14:28:39][STATE] RUNNING ---> READY
[2093214:internal-dpl-clock]: [14:28:39][INFO] New state requested. No timeout set, quitting immediately as per --completion-policy
[2093216:internal-dpl-ccdb-backend]: [14:28:39][INFO] CCDB cache miss/hit ratio:
[2093216:internal-dpl-ccdb-backend]: [14:28:39][INFO]   TRD/Calib/CalVdriftExB: 1/0 (1024-1024 bytes)
[2093216:internal-dpl-ccdb-backend]: [14:28:39][INFO]   GLO/Config/GRPMagField: 1/0 (1024-1024 bytes)
[2093216:internal-dpl-ccdb-backend]: [14:28:39][INFO]   GLO/Config/GeometryAligned: 1/0 (1847296-1847296 bytes)
[2093216:internal-dpl-ccdb-backend]: [14:28:39][INFO]   CTP/Calib/OrbitReset: 1/1 (1024-1024 bytes)
[2093216:internal-dpl-ccdb-backend]: [14:28:39][STATE] RUNNING ---> READY
[2093219:internal-dpl-injected-dummy-sink]: [14:28:39][STATE] READY ---> RESETTING TASK
[2093218:trd-calibrated-tracklet-writer]: [14:28:39][INFO] New state requested. No timeout set, quitting immediately as per --completion-policy
[2093219:internal-dpl-injected-dummy-sink]: [14:28:39][STATE] RESETTING TASK ---> DEVICE READY
[2093219:internal-dpl-injected-dummy-sink]: [14:28:39][STATE] DEVICE READY ---> RESETTING DEVICE
[2093216:internal-dpl-ccdb-backend]: [14:28:39][STATE] READY ---> RESETTING TASK
[2093216:internal-dpl-ccdb-backend]: [14:28:39][STATE] RESETTING TASK ---> DEVICE READY
[2093216:internal-dpl-ccdb-backend]: [14:28:39][STATE] DEVICE READY ---> RESETTING DEVICE
[2093219:internal-dpl-injected-dummy-sink]: [14:28:39][STATE] RESETTING DEVICE ---> IDLE
[2093219:internal-dpl-injected-dummy-sink]: [14:28:39][STATE] IDLE ---> EXITING
[2093219:internal-dpl-injected-dummy-sink]: [14:28:39][STATE] Exiting FairMQ state machine
[2093216:internal-dpl-ccdb-backend]: [14:28:39][STATE] RESETTING DEVICE ---> IDLE
[2093216:internal-dpl-ccdb-backend]: [14:28:39][STATE] IDLE ---> EXITING
[2093216:internal-dpl-ccdb-backend]: [14:28:39][STATE] Exiting FairMQ state machine
[2093214:internal-dpl-clock]: [14:28:40][INFO] Sending end-of-stream message to channel from_internal-dpl-clock_to_TRDTrackletReader
[2093214:internal-dpl-clock]: [14:28:40][STATE] RUNNING ---> READY
[2093214:internal-dpl-clock]: [14:28:40][STATE] READY ---> RESETTING TASK
[2093214:internal-dpl-clock]: [14:28:40][STATE] RESETTING TASK ---> DEVICE READY
[2093214:internal-dpl-clock]: [14:28:40][STATE] DEVICE READY ---> RESETTING DEVICE
[2093214:internal-dpl-clock]: [14:28:40][STATE] RESETTING DEVICE ---> IDLE
[2093214:internal-dpl-clock]: [14:28:40][STATE] IDLE ---> EXITING
[2093214:internal-dpl-clock]: [14:28:40][STATE] Exiting FairMQ state machine
[2093218:trd-calibrated-tracklet-writer]: [14:28:40][STATE] RUNNING ---> READY
[2093218:trd-calibrated-tracklet-writer]: [14:28:40][STATE] READY ---> RESETTING TASK
[2093218:trd-calibrated-tracklet-writer]: [14:28:40][STATE] RESETTING TASK ---> DEVICE READY
[2093218:trd-calibrated-tracklet-writer]: [14:28:40][STATE] DEVICE READY ---> RESETTING DEVICE
[2093218:trd-calibrated-tracklet-writer]: [14:28:40][INFO] Cleaning up for shared memory id 'e5ed6183'...
[2093218:trd-calibrated-tracklet-writer]: [14:28:40][INFO] Found 0 unmanaged regions...
[2093218:trd-calibrated-tracklet-writer]: [14:28:40][INFO] Found 1 managed segments...
[2093218:trd-calibrated-tracklet-writer]: [14:28:40][INFO] Successfully removed 'fmq_e5ed6183_m_0'.
[2093218:trd-calibrated-tracklet-writer]: [14:28:40][INFO] Successfully removed 'fmq_e5ed6183_mng'.
[2093218:trd-calibrated-tracklet-writer]: [14:28:40][STATE] RESETTING DEVICE ---> IDLE
[2093218:trd-calibrated-tracklet-writer]: [14:28:40][STATE] IDLE ---> EXITING
[2093218:trd-calibrated-tracklet-writer]: [14:28:40][STATE] Exiting FairMQ state machine
[INFO] ## Processes completed. Run summary:
[INFO] ### Devices started: 6
[INFO]  - Device internal-dpl-clock: pid 2093214 (exit 0)
[INFO]  - Device TRDTrackletReader: pid 2093215 (exit 0)
[INFO]  - Device internal-dpl-ccdb-backend: pid 2093216 (exit 0)
[INFO]  - Device TRDTRACKLETTRANSFORMER: pid 2093217 (exit 0)
[INFO]  - Device trd-calibrated-tracklet-writer: pid 2093218 (exit 0)
[INFO]  - Device internal-dpl-injected-dummy-sink: pid 2093219 (exit 0)
[INFO] Dumping used configuration in dpl-config.json
TASK-EXIT-CODE: 0
