Running: TIME="#walltime %e" /usr/bin/time --output=cpvreco.log_time ./cpvreco.log_tmp.sh
[INFO] Initialising O2 Data Processing Layer. Driver PID: 2781054.
[INFO] Driver listening on port: 29134
[INFO] Rate limiting set up at 500MB distributed over 1 readers
[INFO] O2 Data Processing Layer initialised. We brake for nobody.
[INFO] Optimised build. O2DEBUG / LOG(debug) / LOGF(debug) / assert statement will not be shown.
[INFO] Redeployment of configuration asked.
[INFO] Starting internal-dpl-clock on pid 2781108
[INFO] Starting cpv-digit-reader on pid 2781109
[INFO] Starting internal-dpl-ccdb-backend on pid 2781110
[INFO] Starting CPVClusterizerSpec on pid 2781111
[INFO] Starting cpv-cluster-writer on pid 2781112
[INFO] Starting internal-dpl-injected-dummy-sink on pid 2781113
[INFO] Redeployment of configuration done.
[2781112:cpv-cluster-writer]: [INFO] Instrumenting crash signals
[2781112:cpv-cluster-writer]: [INFO] Spawing new device cpv-cluster-writer in process with pid 2781112
[2781112:cpv-cluster-writer]: [20:07:50][INFO] 
[2781112:cpv-cluster-writer]:       ______      _    _______  _________ 
[2781112:cpv-cluster-writer]:      / ____/___ _(_)_______   |/  /_  __ \    version 1.8.0
[2781112:cpv-cluster-writer]:     / /_  / __ `/ / ___/__  /|_/ /_  / / /    build RELWITHDEBINFO
[2781112:cpv-cluster-writer]:    / __/ / /_/ / / /    _  /  / / / /_/ /     https://github.com/FairRootGroup/FairMQ
[2781112:cpv-cluster-writer]:   /_/    \__,_/_/_/     /_/  /_/  \___\_\     LGPL-3.0  © 2012-2023 GSI
[2781112:cpv-cluster-writer]: 
[2781112:cpv-cluster-writer]: [20:07:50][STATE] Starting FairMQ state machine --> IDLE
[2781112:cpv-cluster-writer]: [20:07:50][STATE] IDLE ---> INITIALIZING DEVICE
[2781109:cpv-digit-reader]: [INFO] Instrumenting crash signals
[2781109:cpv-digit-reader]: [INFO] Spawing new device cpv-digit-reader in process with pid 2781109
[2781109:cpv-digit-reader]: [20:07:50][INFO] 
[2781109:cpv-digit-reader]:       ______      _    _______  _________ 
[2781109:cpv-digit-reader]:      / ____/___ _(_)_______   |/  /_  __ \    version 1.8.0
[2781109:cpv-digit-reader]:     / /_  / __ `/ / ___/__  /|_/ /_  / / /    build RELWITHDEBINFO
[2781109:cpv-digit-reader]:    / __/ / /_/ / / /    _  /  / / / /_/ /     https://github.com/FairRootGroup/FairMQ
[2781109:cpv-digit-reader]:   /_/    \__,_/_/_/     /_/  /_/  \___\_\     LGPL-3.0  © 2012-2023 GSI
[2781109:cpv-digit-reader]: 
[2781109:cpv-digit-reader]: [20:07:50][STATE] Starting FairMQ state machine --> IDLE
[2781110:internal-dpl-ccdb-backend]: [INFO] Instrumenting crash signals
[2781110:internal-dpl-ccdb-backend]: [INFO] Spawing new device internal-dpl-ccdb-backend in process with pid 2781110
[2781110:internal-dpl-ccdb-backend]: [20:07:50][INFO] 
[2781110:internal-dpl-ccdb-backend]:       ______      _    _______  _________ 
[2781110:internal-dpl-ccdb-backend]:      / ____/___ _(_)_______   |/  /_  __ \    version 1.8.0
[2781110:internal-dpl-ccdb-backend]:     / /_  / __ `/ / ___/__  /|_/ /_  / / /    build RELWITHDEBINFO
[2781110:internal-dpl-ccdb-backend]:    / __/ / /_/ / / /    _  /  / / / /_/ /     https://github.com/FairRootGroup/FairMQ
[2781110:internal-dpl-ccdb-backend]:   /_/    \__,_/_/_/     /_/  /_/  \___\_\     LGPL-3.0  © 2012-2023 GSI
[2781110:internal-dpl-ccdb-backend]: 
[2781110:internal-dpl-ccdb-backend]: [20:07:50][STATE] Starting FairMQ state machine --> IDLE
[2781113:internal-dpl-injected-dummy-sink]: [INFO] Instrumenting crash signals
[2781113:internal-dpl-injected-dummy-sink]: [INFO] Spawing new device internal-dpl-injected-dummy-sink in process with pid 2781113
[2781113:internal-dpl-injected-dummy-sink]: [20:07:50][INFO] 
[2781113:internal-dpl-injected-dummy-sink]:       ______      _    _______  _________ 
[2781113:internal-dpl-injected-dummy-sink]:      / ____/___ _(_)_______   |/  /_  __ \    version 1.8.0
[2781113:internal-dpl-injected-dummy-sink]:     / /_  / __ `/ / ___/__  /|_/ /_  / / /    build RELWITHDEBINFO
[2781113:internal-dpl-injected-dummy-sink]:    / __/ / /_/ / / /    _  /  / / / /_/ /     https://github.com/FairRootGroup/FairMQ
[2781113:internal-dpl-injected-dummy-sink]:   /_/    \__,_/_/_/     /_/  /_/  \___\_\     LGPL-3.0  © 2012-2023 GSI
[2781113:internal-dpl-injected-dummy-sink]: 
[2781113:internal-dpl-injected-dummy-sink]: [20:07:50][STATE] Starting FairMQ state machine --> IDLE
[2781109:cpv-digit-reader]: [20:07:50][STATE] IDLE ---> INITIALIZING DEVICE
[2781113:internal-dpl-injected-dummy-sink]: [20:07:50][STATE] IDLE ---> INITIALIZING DEVICE
[2781110:internal-dpl-ccdb-backend]: [20:07:50][STATE] IDLE ---> INITIALIZING DEVICE
[2781110:internal-dpl-ccdb-backend]: [20:07:50][INFO] CCDB Backend at: http://alice-ccdb.cern.ch, validity check for every 2147483647 TF
[2781110:internal-dpl-ccdb-backend]: [20:07:50][INFO] Init CcdApi with UserAgentID: localhost.localdomain-1694542070-qX8yGg, Host: http://alice-ccdb.cern.ch
[2781110:internal-dpl-ccdb-backend]: [20:07:50][INFO] Initialised default CCDB host http://alice-ccdb.cern.ch
[2781110:internal-dpl-ccdb-backend]: [20:07:50][INFO] The following route is a condition CPV/CPV_SimPars/0
[2781110:internal-dpl-ccdb-backend]: [20:07:50][INFO] - ccdb-path: CPV/Config/CPVSimParams
[2781110:internal-dpl-ccdb-backend]: [20:07:50][STATE] INITIALIZING DEVICE ---> INITIALIZED
[2781112:cpv-cluster-writer]: [20:07:50][INFO] 0: branch  CPVCluster set up
[2781112:cpv-cluster-writer]: [20:07:50][INFO] 1: branch  CPVClusterTrigRec set up
[2781112:cpv-cluster-writer]: [20:07:50][INFO] 2: branch  CPVClusterTrueMC set up
[2781112:cpv-cluster-writer]: [20:07:50][STATE] INITIALIZING DEVICE ---> INITIALIZED
[2781108:internal-dpl-clock]: [INFO] Instrumenting crash signals
[2781110:internal-dpl-ccdb-backend]: [20:07:50][STATE] INITIALIZED ---> BINDING
[2781110:internal-dpl-ccdb-backend]: [20:07:50][STATE] BINDING ---> BOUND
[2781110:internal-dpl-ccdb-backend]: [20:07:50][STATE] BOUND ---> CONNECTING
[2781110:internal-dpl-ccdb-backend]: [20:07:50][STATE] CONNECTING ---> DEVICE READY
[2781110:internal-dpl-ccdb-backend]: [20:07:50][STATE] DEVICE READY ---> INITIALIZING TASK
[2781112:cpv-cluster-writer]: [20:07:50][STATE] INITIALIZED ---> BINDING
[2781112:cpv-cluster-writer]: [20:07:50][STATE] BINDING ---> BOUND
[2781112:cpv-cluster-writer]: [20:07:50][STATE] BOUND ---> CONNECTING
[2781112:cpv-cluster-writer]: [20:07:50][STATE] CONNECTING ---> DEVICE READY
[2781113:internal-dpl-injected-dummy-sink]: [20:07:50][STATE] INITIALIZING DEVICE ---> INITIALIZED
[2781113:internal-dpl-injected-dummy-sink]: [20:07:50][STATE] INITIALIZED ---> BINDING
[2781113:internal-dpl-injected-dummy-sink]: [20:07:50][STATE] BINDING ---> BOUND
[2781113:internal-dpl-injected-dummy-sink]: [20:07:50][STATE] BOUND ---> CONNECTING
[2781113:internal-dpl-injected-dummy-sink]: [20:07:50][STATE] CONNECTING ---> DEVICE READY
[2781113:internal-dpl-injected-dummy-sink]: [20:07:50][STATE] DEVICE READY ---> INITIALIZING TASK
[2781108:internal-dpl-clock]: [INFO] Spawing new device internal-dpl-clock in process with pid 2781108
[2781108:internal-dpl-clock]: [20:07:50][INFO] 
[2781108:internal-dpl-clock]:       ______      _    _______  _________ 
[2781108:internal-dpl-clock]:      / ____/___ _(_)_______   |/  /_  __ \    version 1.8.0
[2781108:internal-dpl-clock]:     / /_  / __ `/ / ___/__  /|_/ /_  / / /    build RELWITHDEBINFO
[2781108:internal-dpl-clock]:    / __/ / /_/ / / /    _  /  / / / /_/ /     https://github.com/FairRootGroup/FairMQ
[2781108:internal-dpl-clock]:   /_/    \__,_/_/_/     /_/  /_/  \___\_\     LGPL-3.0  © 2012-2023 GSI
[2781108:internal-dpl-clock]: 
[2781108:internal-dpl-clock]: [20:07:50][STATE] Starting FairMQ state machine --> IDLE
[2781111:CPVClusterizerSpec]: [INFO] Instrumenting crash signals
[2781112:cpv-cluster-writer]: [20:07:50][STATE] DEVICE READY ---> INITIALIZING TASK
[2781112:cpv-cluster-writer]: [20:07:50][STATE] INITIALIZING TASK ---> READY
[2781112:cpv-cluster-writer]: [20:07:50][STATE] READY ---> RUNNING
[2781112:cpv-cluster-writer]: [20:07:50][INFO] fair::mq::Device running...
[2781112:cpv-cluster-writer]: [20:07:50][INFO] LHCPeriod is not available, using current month SEP
[2781113:internal-dpl-injected-dummy-sink]: [20:07:50][STATE] INITIALIZING TASK ---> READY
[2781113:internal-dpl-injected-dummy-sink]: [20:07:50][STATE] READY ---> RUNNING
[2781113:internal-dpl-injected-dummy-sink]: [20:07:50][INFO] fair::mq::Device running...
[2781113:internal-dpl-injected-dummy-sink]: [20:07:50][INFO] LHCPeriod is not available, using current month SEP
[2781108:internal-dpl-clock]: [20:07:50][STATE] IDLE ---> INITIALIZING DEVICE
[2781111:CPVClusterizerSpec]: [INFO] Spawing new device CPVClusterizerSpec in process with pid 2781111
[2781113:internal-dpl-injected-dummy-sink]: [20:07:50][INFO] Correctly handshaken websocket connection.
[2781112:cpv-cluster-writer]: [20:07:50][INFO] Correctly handshaken websocket connection.
[2781111:CPVClusterizerSpec]: [20:07:50][INFO] 
[2781111:CPVClusterizerSpec]:       ______      _    _______  _________ 
[2781111:CPVClusterizerSpec]:      / ____/___ _(_)_______   |/  /_  __ \    version 1.8.0
[2781111:CPVClusterizerSpec]:     / /_  / __ `/ / ___/__  /|_/ /_  / / /    build RELWITHDEBINFO
[2781111:CPVClusterizerSpec]:    / __/ / /_/ / / /    _  /  / / / /_/ /     https://github.com/FairRootGroup/FairMQ
[2781111:CPVClusterizerSpec]:   /_/    \__,_/_/_/     /_/  /_/  \___\_\     LGPL-3.0  © 2012-2023 GSI
[2781111:CPVClusterizerSpec]: 
[2781111:CPVClusterizerSpec]: [20:07:50][STATE] Starting FairMQ state machine --> IDLE
[2781108:internal-dpl-clock]: [20:07:50][STATE] INITIALIZING DEVICE ---> INITIALIZED
[2781108:internal-dpl-clock]: [20:07:50][STATE] INITIALIZED ---> BINDING
[2781108:internal-dpl-clock]: [20:07:50][STATE] BINDING ---> BOUND
[2781110:internal-dpl-ccdb-backend]: [20:07:50][STATE] INITIALIZING TASK ---> READY
[2781108:internal-dpl-clock]: [20:07:50][STATE] BOUND ---> CONNECTING
[2781108:internal-dpl-clock]: [20:07:50][STATE] CONNECTING ---> DEVICE READY
[2781110:internal-dpl-ccdb-backend]: [20:07:50][STATE] READY ---> RUNNING
[2781110:internal-dpl-ccdb-backend]: [20:07:50][INFO] fair::mq::Device running...
[2781110:internal-dpl-ccdb-backend]: [20:07:50][INFO] LHCPeriod is not available, using current month SEP
[2781110:internal-dpl-ccdb-backend]: [20:07:50][INFO] Correctly handshaken websocket connection.
[2781108:internal-dpl-clock]: [20:07:50][STATE] DEVICE READY ---> INITIALIZING TASK
[2781108:internal-dpl-clock]: [20:07:50][STATE] INITIALIZING TASK ---> READY
[2781108:internal-dpl-clock]: [20:07:50][STATE] READY ---> RUNNING
[2781108:internal-dpl-clock]: [20:07:50][INFO] fair::mq::Device running...
[2781108:internal-dpl-clock]: [20:07:50][INFO] LHCPeriod is not available, using current month SEP
[2781108:internal-dpl-clock]: [20:07:50][INFO] Correctly handshaken websocket connection.
[2781111:CPVClusterizerSpec]: [20:07:50][STATE] IDLE ---> INITIALIZING DEVICE
[2781111:CPVClusterizerSpec]: [20:07:50][STATE] INITIALIZING DEVICE ---> INITIALIZED
[2781111:CPVClusterizerSpec]: [20:07:50][STATE] INITIALIZED ---> BINDING
[2781111:CPVClusterizerSpec]: [20:07:50][STATE] BINDING ---> BOUND
[2781111:CPVClusterizerSpec]: [20:07:50][STATE] BOUND ---> CONNECTING
[2781111:CPVClusterizerSpec]: [20:07:50][STATE] CONNECTING ---> DEVICE READY
[2781111:CPVClusterizerSpec]: [20:07:50][STATE] DEVICE READY ---> INITIALIZING TASK
[2781111:CPVClusterizerSpec]: [20:07:50][STATE] INITIALIZING TASK ---> READY
[2781111:CPVClusterizerSpec]: [20:07:50][STATE] READY ---> RUNNING
[2781111:CPVClusterizerSpec]: [20:07:50][INFO] fair::mq::Device running...
[2781111:CPVClusterizerSpec]: [20:07:50][INFO] LHCPeriod is not available, using current month SEP
[2781111:CPVClusterizerSpec]: [20:07:50][INFO] Correctly handshaken websocket connection.
[2781109:cpv-digit-reader]: [20:07:50][INFO] branch set up: CPVDigit
[2781109:cpv-digit-reader]: [20:07:50][INFO] branch set up: CPVDigitTrigRecords
[2781109:cpv-digit-reader]: [20:07:50][INFO] branch set up: CPVDigitMCTruth
[2781109:cpv-digit-reader]: [20:07:50][STATE] INITIALIZING DEVICE ---> INITIALIZED
[2781109:cpv-digit-reader]: [20:07:50][STATE] INITIALIZED ---> BINDING
[2781109:cpv-digit-reader]: [20:07:50][STATE] BINDING ---> BOUND
[2781109:cpv-digit-reader]: [20:07:50][STATE] BOUND ---> CONNECTING
[2781109:cpv-digit-reader]: [20:07:50][STATE] CONNECTING ---> DEVICE READY
[2781109:cpv-digit-reader]: [20:07:50][STATE] DEVICE READY ---> INITIALIZING TASK
[2781109:cpv-digit-reader]: [20:07:50][STATE] INITIALIZING TASK ---> READY
[2781109:cpv-digit-reader]: [20:07:50][STATE] READY ---> RUNNING
[2781109:cpv-digit-reader]: [20:07:50][INFO] fair::mq::Device running...
[2781109:cpv-digit-reader]: [20:07:50][INFO] LHCPeriod is not available, using current month SEP
[2781109:cpv-digit-reader]: [20:07:50][INFO] Correctly handshaken websocket connection.
[2781109:cpv-digit-reader]: [20:07:50][INFO] Sending end-of-stream message to channel from_cpv-digit-reader_to_internal-dpl-ccdb-backend
[2781109:cpv-digit-reader]: [20:07:50][INFO] Sending end-of-stream message to channel from_cpv-digit-reader_to_CPVClusterizerSpec
[2781110:internal-dpl-ccdb-backend]: Info in <TJAlienConnectionManager>: Opening connection to JCentral. Please wait
[2781110:internal-dpl-ccdb-backend]: Info in <TJAlienConnectionManager>: Opening connection to 137.138.99.179
[2781110:internal-dpl-ccdb-backend]: Info in <TJAlienConnectionManager>: Successfully connected to 137.138.99.179
[2781110:internal-dpl-ccdb-backend]: Info in <TJAlienFile::Open>: Accessing file /alice/data/CCDB/CTP/Calib/OrbitReset/06/62200/b9f985c3-b4b0-11ec-8fd3-90ce809b24ee in SE <ALICE::CERN::EOS>
[2781110:internal-dpl-ccdb-backend]: [20:07:51][INFO] ccdb reads http://alice-ccdb.cern.ch/CTP/Calib/OrbitReset/1546300800000/b9f985c3-b4b0-11ec-8fd3-90ce809b24ee for 1546300800000 (load to memory, agent_id: localhost.localdomain-1694542070-qX8yGg), 
[2781110:internal-dpl-ccdb-backend]: Info in <TJAlienFile::Open>: Accessing file /alice/data/CCDB/CPV/Config/CPVSimParams/02/18202/5ce9988b-d60c-11ec-8000-0aa202a21b9a in SE <ALICE::CERN::EOS>
[2781110:internal-dpl-ccdb-backend]: [20:07:52][INFO] ccdb reads http://alice-ccdb.cern.ch/CPV/Config/CPVSimParams/946684800000/5ce9988b-d60c-11ec-8000-0aa202a21b9a for 1546300800000 (load to memory, agent_id: localhost.localdomain-1694542070-qX8yGg), 
[2781110:internal-dpl-ccdb-backend]: [20:07:52][INFO] Sending end-of-stream message to channel from_internal-dpl-ccdb-backend_to_CPVClusterizerSpec
[2781110:internal-dpl-ccdb-backend]: [20:07:52][INFO] Sending end-of-stream message to channel from_internal-dpl-ccdb-backend_to_internal-dpl-injected-dummy-sink
[2781111:CPVClusterizerSpec]: [20:07:52][INFO] Starting ClusterizerSpec::run() 
[2781111:CPVClusterizerSpec]: [20:07:52][INFO] ClusterizerSpec::run() : fetching o2::cpv::CPVSimParams from CCDB
[2781111:CPVClusterizerSpec]: [20:07:52][INFO] Caching in 140599813016208 ptr to CPV/CPV_SimPars/0 (0x7fe269e79420)
[2781111:CPVClusterizerSpec]: [20:07:52][INFO] ClusterizerSpec::run() : o2::cpv::CPVSimParams::Instance() now is following:
[2781111:CPVClusterizerSpec]: CPVSimParams.mnCellX : 128		[ CCDB ]
[2781111:CPVClusterizerSpec]: CPVSimParams.mnCellZ : 60		[ CCDB ]
[2781111:CPVClusterizerSpec]: CPVSimParams.mPadSizeX : 1.13		[ CCDB ]
[2781111:CPVClusterizerSpec]: CPVSimParams.mPadSizeZ : 2.1093		[ CCDB ]
[2781111:CPVClusterizerSpec]: CPVSimParams.mDetR : 0.1		[ CCDB ]
[2781111:CPVClusterizerSpec]: CPVSimParams.mdEdx : 400		[ CCDB ]
[2781111:CPVClusterizerSpec]: CPVSimParams.mNgamz : 5		[ CCDB ]
[2781111:CPVClusterizerSpec]: CPVSimParams.mNgamx : 9		[ CCDB ]
[2781111:CPVClusterizerSpec]: CPVSimParams.mCPVGasThickness : 1.3		[ CCDB ]
[2781111:CPVClusterizerSpec]: CPVSimParams.mA : 1		[ CCDB ]
[2781111:CPVClusterizerSpec]: CPVSimParams.mB : 0.7		[ CCDB ]
[2781111:CPVClusterizerSpec]: CPVSimParams.mReadoutTime : 5		[ CCDB ]
[2781111:CPVClusterizerSpec]: CPVSimParams.mDeadTime : 20		[ CCDB ]
[2781111:CPVClusterizerSpec]: CPVSimParams.mReadoutTimePU : 2000		[ CCDB ]
[2781111:CPVClusterizerSpec]: CPVSimParams.mDeadTimePU : 30000		[ CCDB ]
[2781111:CPVClusterizerSpec]: CPVSimParams.mApplyDigitization : true		[ CCDB ]
[2781111:CPVClusterizerSpec]: CPVSimParams.mZSnSigmas : 3		[ CCDB ]
[2781111:CPVClusterizerSpec]: CPVSimParams.mSortingDelta : 0.1		[ CCDB ]
[2781111:CPVClusterizerSpec]: CPVSimParams.mDigitMinEnergy : 5		[ CCDB ]
[2781111:CPVClusterizerSpec]: CPVSimParams.mClusteringThreshold : 10		[ CCDB ]
[2781111:CPVClusterizerSpec]: CPVSimParams.mUnfogingEAccuracy : 0.001		[ CCDB ]
[2781111:CPVClusterizerSpec]: CPVSimParams.mUnfogingXZAccuracy : 0.1		[ CCDB ]
[2781111:CPVClusterizerSpec]: CPVSimParams.mLocalMaximumCut : 0.03		[ CCDB ]
[2781111:CPVClusterizerSpec]: CPVSimParams.mLogWeight : 4.5		[ CCDB ]
[2781111:CPVClusterizerSpec]: CPVSimParams.mNMaxIterations : 10		[ CCDB ]
[2781111:CPVClusterizerSpec]: CPVSimParams.mUnfoldClusters : false		[ CCDB ]
[2781111:CPVClusterizerSpec]: [20:07:52][INFO] Finished, wrote  4 clusters, 223TR and 4 Labels
[2781111:CPVClusterizerSpec]: [20:07:52][INFO] Starting ClusterizerSpec::run() 
[2781111:CPVClusterizerSpec]: [20:07:52][INFO] ClusterizerSpec::run() : no digits; moving on
[2781111:CPVClusterizerSpec]: [20:07:52][INFO] Sending end-of-stream message to channel from_CPVClusterizerSpec_to_cpv-cluster-writer
[2781111:CPVClusterizerSpec]: [20:07:52][INFO] Sending end-of-stream message to channel from_CPVClusterizerSpec_to_internal-dpl-injected-dummy-sink
[INFO] Quitting
[INFO] QUIT_REQUESTED
[2781108:internal-dpl-clock]: [20:07:52][INFO] Received device shutdown request (signal 15).
[2781108:internal-dpl-clock]: [20:07:52][INFO] Waiting for graceful device shutdown. Hit Ctrl-C again to abort immediately.
[2781111:CPVClusterizerSpec]: [20:07:52][INFO] Received device shutdown request (signal 15).
[2781111:CPVClusterizerSpec]: [20:07:52][INFO] Waiting for graceful device shutdown. Hit Ctrl-C again to abort immediately.
[2781113:internal-dpl-injected-dummy-sink]: [20:07:52][INFO] Received device shutdown request (signal 15).
[2781113:internal-dpl-injected-dummy-sink]: [20:07:52][INFO] Waiting for graceful device shutdown. Hit Ctrl-C again to abort immediately.
[2781110:internal-dpl-ccdb-backend]: [20:07:52][INFO] Received device shutdown request (signal 15).
[2781108:internal-dpl-clock]: [20:07:52][INFO] New state requested. No timeout set, quitting immediately as per --completion-policy
[2781110:internal-dpl-ccdb-backend]: [20:07:52][INFO] Waiting for graceful device shutdown. Hit Ctrl-C again to abort immediately.
[2781111:CPVClusterizerSpec]: [20:07:52][INFO] New state requested. No timeout set, quitting immediately as per --completion-policy
[2781111:CPVClusterizerSpec]: [20:07:52][STATE] RUNNING ---> READY
[2781111:CPVClusterizerSpec]: [20:07:52][STATE] READY ---> RESETTING TASK
[2781111:CPVClusterizerSpec]: [20:07:52][STATE] RESETTING TASK ---> DEVICE READY
[2781111:CPVClusterizerSpec]: [20:07:52][STATE] DEVICE READY ---> RESETTING DEVICE
[2781113:internal-dpl-injected-dummy-sink]: [20:07:52][INFO] New state requested. No timeout set, quitting immediately as per --completion-policy
[2781113:internal-dpl-injected-dummy-sink]: [20:07:52][STATE] RUNNING ---> READY
[2781113:internal-dpl-injected-dummy-sink]: [20:07:52][STATE] READY ---> RESETTING TASK
[2781113:internal-dpl-injected-dummy-sink]: [20:07:52][STATE] RESETTING TASK ---> DEVICE READY
[2781113:internal-dpl-injected-dummy-sink]: [20:07:52][STATE] DEVICE READY ---> RESETTING DEVICE
[2781108:internal-dpl-clock]: [20:07:52][INFO] Sending end-of-stream message to channel from_internal-dpl-clock_to_cpv-digit-reader
[2781108:internal-dpl-clock]: [20:07:52][STATE] RUNNING ---> READY
[2781110:internal-dpl-ccdb-backend]: [20:07:52][INFO] New state requested. No timeout set, quitting immediately as per --completion-policy
[2781108:internal-dpl-clock]: [20:07:52][STATE] READY ---> RESETTING TASK
[2781108:internal-dpl-clock]: [20:07:52][STATE] RESETTING TASK ---> DEVICE READY
[2781108:internal-dpl-clock]: [20:07:52][STATE] DEVICE READY ---> RESETTING DEVICE
[2781110:internal-dpl-ccdb-backend]: [20:07:52][INFO] CCDB cache miss/hit ratio:
[2781110:internal-dpl-ccdb-backend]: [20:07:52][INFO]   CPV/Config/CPVSimParams: 1/1 (3072-3072 bytes)
[2781110:internal-dpl-ccdb-backend]: [20:07:52][INFO]   CTP/Calib/OrbitReset: 1/2 (1024-1024 bytes)
[2781110:internal-dpl-ccdb-backend]: [20:07:52][STATE] RUNNING ---> READY
[2781112:cpv-cluster-writer]: [20:07:52][INFO] Received device shutdown request (signal 15).
[2781112:cpv-cluster-writer]: [20:07:52][INFO] Waiting for graceful device shutdown. Hit Ctrl-C again to abort immediately.
[2781109:cpv-digit-reader]: [20:07:52][INFO] Received device shutdown request (signal 15).
[2781109:cpv-digit-reader]: [20:07:52][INFO] Waiting for graceful device shutdown. Hit Ctrl-C again to abort immediately.
[2781110:internal-dpl-ccdb-backend]: [20:07:52][STATE] READY ---> RESETTING TASK
[2781110:internal-dpl-ccdb-backend]: [20:07:52][STATE] RESETTING TASK ---> DEVICE READY
[2781110:internal-dpl-ccdb-backend]: [20:07:52][STATE] DEVICE READY ---> RESETTING DEVICE
[2781112:cpv-cluster-writer]: [20:07:52][INFO] New state requested. No timeout set, quitting immediately as per --completion-policy
[2781113:internal-dpl-injected-dummy-sink]: [20:07:52][STATE] RESETTING DEVICE ---> IDLE
[2781109:cpv-digit-reader]: [20:07:52][INFO] New state requested. No timeout set, quitting immediately as per --completion-policy
[2781109:cpv-digit-reader]: [20:07:52][STATE] RUNNING ---> READY
[2781113:internal-dpl-injected-dummy-sink]: [20:07:52][STATE] IDLE ---> EXITING
[2781108:internal-dpl-clock]: [20:07:52][STATE] RESETTING DEVICE ---> IDLE
[2781109:cpv-digit-reader]: [20:07:52][STATE] READY ---> RESETTING TASK
[2781109:cpv-digit-reader]: [20:07:52][STATE] RESETTING TASK ---> DEVICE READY
[2781113:internal-dpl-injected-dummy-sink]: [20:07:52][STATE] Exiting FairMQ state machine
[2781108:internal-dpl-clock]: [20:07:52][STATE] IDLE ---> EXITING
[2781108:internal-dpl-clock]: [20:07:52][STATE] Exiting FairMQ state machine
[2781109:cpv-digit-reader]: [20:07:52][STATE] DEVICE READY ---> RESETTING DEVICE
[2781110:internal-dpl-ccdb-backend]: [20:07:52][STATE] RESETTING DEVICE ---> IDLE
[2781110:internal-dpl-ccdb-backend]: [20:07:52][STATE] IDLE ---> EXITING
[2781110:internal-dpl-ccdb-backend]: [20:07:52][STATE] Exiting FairMQ state machine
[2781109:cpv-digit-reader]: [20:07:52][STATE] RESETTING DEVICE ---> IDLE
[2781109:cpv-digit-reader]: [20:07:52][STATE] IDLE ---> EXITING
[2781109:cpv-digit-reader]: [20:07:52][STATE] Exiting FairMQ state machine
[2781111:CPVClusterizerSpec]: [20:07:52][STATE] RESETTING DEVICE ---> IDLE
[2781111:CPVClusterizerSpec]: [20:07:52][STATE] IDLE ---> EXITING
[2781111:CPVClusterizerSpec]: [20:07:52][STATE] Exiting FairMQ state machine
[2781112:cpv-cluster-writer]: [20:07:52][STATE] RUNNING ---> READY
[2781112:cpv-cluster-writer]: [20:07:52][STATE] READY ---> RESETTING TASK
[2781112:cpv-cluster-writer]: [20:07:52][STATE] RESETTING TASK ---> DEVICE READY
[2781112:cpv-cluster-writer]: [20:07:52][STATE] DEVICE READY ---> RESETTING DEVICE
[2781112:cpv-cluster-writer]: [20:07:52][INFO] Cleaning up for shared memory id '485acd20'...
[2781112:cpv-cluster-writer]: [20:07:52][INFO] Found 0 unmanaged regions...
[2781112:cpv-cluster-writer]: [20:07:52][INFO] Found 1 managed segments...
[2781112:cpv-cluster-writer]: [20:07:52][INFO] Successfully removed 'fmq_485acd20_m_0'.
[2781112:cpv-cluster-writer]: [20:07:52][INFO] Successfully removed 'fmq_485acd20_mng'.
[2781112:cpv-cluster-writer]: [20:07:52][STATE] RESETTING DEVICE ---> IDLE
[2781112:cpv-cluster-writer]: [20:07:52][STATE] IDLE ---> EXITING
[2781112:cpv-cluster-writer]: [20:07:52][STATE] Exiting FairMQ state machine
[INFO] ## Processes completed. Run summary:
[INFO] ### Devices started: 6
[INFO]  - Device internal-dpl-clock: pid 2781108 (exit 0)
[INFO]  - Device cpv-digit-reader: pid 2781109 (exit 0)
[INFO]  - Device internal-dpl-ccdb-backend: pid 2781110 (exit 0)
[INFO]  - Device CPVClusterizerSpec: pid 2781111 (exit 0)
[INFO]  - Device cpv-cluster-writer: pid 2781112 (exit 0)
[INFO]  - Device internal-dpl-injected-dummy-sink: pid 2781113 (exit 0)
[INFO] Dumping used configuration in dpl-config.json
TASK-EXIT-CODE: 0
