Running: TIME="#walltime %e" /usr/bin/time --output=fddreco.log_time ./fddreco.log_tmp.sh
[INFO] Currently FDDReconstructor does not consume and provide MC truth
[INFO] Initialising O2 Data Processing Layer. Driver PID: 1991959.
[INFO] Driver listening on port: 20039
[INFO] Rate limiting set up at 500MB distributed over 1 readers
[INFO] O2 Data Processing Layer initialised. We brake for nobody.
[INFO] Optimised build. O2DEBUG / LOG(debug) / LOGF(debug) / assert statement will not be shown.
[INFO] Redeployment of configuration asked.
[INFO] Starting internal-dpl-clock on pid 1991992
[INFO] Starting fdd-digit-reader on pid 1991993
[INFO] Starting fdd-reconstructor on pid 1991994
[INFO] Starting fdd-recpoint-writer on pid 1991995
[INFO] Starting internal-dpl-injected-dummy-sink on pid 1991996
[INFO] Redeployment of configuration done.
[1991993:fdd-digit-reader]: [INFO] Currently FDDReconstructor does not consume and provide MC truth
[1991995:fdd-recpoint-writer]: [INFO] Currently FDDReconstructor does not consume and provide MC truth
[1991993:fdd-digit-reader]: [INFO] Instrumenting crash signals
[1991993:fdd-digit-reader]: [INFO] Spawing new device fdd-digit-reader in process with pid 1991993
[1991993:fdd-digit-reader]: [12:46:59][INFO] 
[1991993:fdd-digit-reader]:       ______      _    _______  _________ 
[1991993:fdd-digit-reader]:      / ____/___ _(_)_______   |/  /_  __ \    version 1.8.0
[1991993:fdd-digit-reader]:     / /_  / __ `/ / ___/__  /|_/ /_  / / /    build RELWITHDEBINFO
[1991993:fdd-digit-reader]:    / __/ / /_/ / / /    _  /  / / / /_/ /     https://github.com/FairRootGroup/FairMQ
[1991993:fdd-digit-reader]:   /_/    \__,_/_/_/     /_/  /_/  \___\_\     LGPL-3.0  © 2012-2023 GSI
[1991993:fdd-digit-reader]: 
[1991993:fdd-digit-reader]: [12:46:59][STATE] Starting FairMQ state machine --> IDLE
[1991993:fdd-digit-reader]: [12:46:59][STATE] IDLE ---> INITIALIZING DEVICE
[1991994:fdd-reconstructor]: [INFO] Currently FDDReconstructor does not consume and provide MC truth
[1991995:fdd-recpoint-writer]: [INFO] Instrumenting crash signals
[1991995:fdd-recpoint-writer]: [INFO] Spawing new device fdd-recpoint-writer in process with pid 1991995
[1991995:fdd-recpoint-writer]: [12:46:59][INFO] 
[1991995:fdd-recpoint-writer]:       ______      _    _______  _________ 
[1991995:fdd-recpoint-writer]:      / ____/___ _(_)_______   |/  /_  __ \    version 1.8.0
[1991995:fdd-recpoint-writer]:     / /_  / __ `/ / ___/__  /|_/ /_  / / /    build RELWITHDEBINFO
[1991995:fdd-recpoint-writer]:    / __/ / /_/ / / /    _  /  / / / /_/ /     https://github.com/FairRootGroup/FairMQ
[1991995:fdd-recpoint-writer]:   /_/    \__,_/_/_/     /_/  /_/  \___\_\     LGPL-3.0  © 2012-2023 GSI
[1991995:fdd-recpoint-writer]: 
[1991995:fdd-recpoint-writer]: [12:46:59][STATE] Starting FairMQ state machine --> IDLE
[1991995:fdd-recpoint-writer]: [12:46:59][STATE] IDLE ---> INITIALIZING DEVICE
[1991994:fdd-reconstructor]: [INFO] Instrumenting crash signals
[1991996:internal-dpl-injected-dummy-sink]: [INFO] Currently FDDReconstructor does not consume and provide MC truth
[1991994:fdd-reconstructor]: [INFO] Spawing new device fdd-reconstructor in process with pid 1991994
[1991994:fdd-reconstructor]: [12:46:59][INFO] 
[1991994:fdd-reconstructor]:       ______      _    _______  _________ 
[1991994:fdd-reconstructor]:      / ____/___ _(_)_______   |/  /_  __ \    version 1.8.0
[1991994:fdd-reconstructor]:     / /_  / __ `/ / ___/__  /|_/ /_  / / /    build RELWITHDEBINFO
[1991994:fdd-reconstructor]:    / __/ / /_/ / / /    _  /  / / / /_/ /     https://github.com/FairRootGroup/FairMQ
[1991994:fdd-reconstructor]:   /_/    \__,_/_/_/     /_/  /_/  \___\_\     LGPL-3.0  © 2012-2023 GSI
[1991994:fdd-reconstructor]: 
[1991994:fdd-reconstructor]: [12:46:59][STATE] Starting FairMQ state machine --> IDLE
[1991994:fdd-reconstructor]: [12:46:59][STATE] IDLE ---> INITIALIZING DEVICE
[1991994:fdd-reconstructor]: [12:46:59][STATE] INITIALIZING DEVICE ---> INITIALIZED
[1991994:fdd-reconstructor]: [12:46:59][STATE] INITIALIZED ---> BINDING
[1991994:fdd-reconstructor]: [12:46:59][STATE] BINDING ---> BOUND
[1991994:fdd-reconstructor]: [12:46:59][STATE] BOUND ---> CONNECTING
[1991994:fdd-reconstructor]: [12:46:59][STATE] CONNECTING ---> DEVICE READY
[1991994:fdd-reconstructor]: [12:46:59][STATE] DEVICE READY ---> INITIALIZING TASK
[1991994:fdd-reconstructor]: [12:46:59][STATE] INITIALIZING TASK ---> READY
[1991994:fdd-reconstructor]: [12:46:59][STATE] READY ---> RUNNING
[1991994:fdd-reconstructor]: [12:46:59][INFO] fair::mq::Device running...
[1991994:fdd-reconstructor]: [12:46:59][INFO] LHCPeriod is not available, using current month OCT
[1991994:fdd-reconstructor]: [12:46:59][INFO] Correctly handshaken websocket connection.
[1991995:fdd-recpoint-writer]: [12:46:59][INFO] 0: branch  FDDCluster set up
[1991995:fdd-recpoint-writer]: [12:46:59][INFO] 1: branch  FDDRecChData set up
[1991995:fdd-recpoint-writer]: [12:46:59][STATE] INITIALIZING DEVICE ---> INITIALIZED
[1991995:fdd-recpoint-writer]: [12:46:59][STATE] INITIALIZED ---> BINDING
[1991995:fdd-recpoint-writer]: [12:46:59][STATE] BINDING ---> BOUND
[1991995:fdd-recpoint-writer]: [12:46:59][STATE] BOUND ---> CONNECTING
[1991995:fdd-recpoint-writer]: [12:46:59][STATE] CONNECTING ---> DEVICE READY
[1991995:fdd-recpoint-writer]: [12:46:59][STATE] DEVICE READY ---> INITIALIZING TASK
[1991995:fdd-recpoint-writer]: [12:46:59][STATE] INITIALIZING TASK ---> READY
[1991995:fdd-recpoint-writer]: [12:46:59][STATE] READY ---> RUNNING
[1991995:fdd-recpoint-writer]: [12:46:59][INFO] fair::mq::Device running...
[1991995:fdd-recpoint-writer]: [12:46:59][INFO] LHCPeriod is not available, using current month OCT
[1991995:fdd-recpoint-writer]: [12:46:59][INFO] Correctly handshaken websocket connection.
[1991996:internal-dpl-injected-dummy-sink]: [INFO] Instrumenting crash signals
[1991996:internal-dpl-injected-dummy-sink]: [INFO] Spawing new device internal-dpl-injected-dummy-sink in process with pid 1991996
[1991996:internal-dpl-injected-dummy-sink]: [12:46:59][INFO] 
[1991996:internal-dpl-injected-dummy-sink]:       ______      _    _______  _________ 
[1991996:internal-dpl-injected-dummy-sink]:      / ____/___ _(_)_______   |/  /_  __ \    version 1.8.0
[1991996:internal-dpl-injected-dummy-sink]:     / /_  / __ `/ / ___/__  /|_/ /_  / / /    build RELWITHDEBINFO
[1991996:internal-dpl-injected-dummy-sink]:    / __/ / /_/ / / /    _  /  / / / /_/ /     https://github.com/FairRootGroup/FairMQ
[1991996:internal-dpl-injected-dummy-sink]:   /_/    \__,_/_/_/     /_/  /_/  \___\_\     LGPL-3.0  © 2012-2023 GSI
[1991996:internal-dpl-injected-dummy-sink]: 
[1991996:internal-dpl-injected-dummy-sink]: [12:46:59][STATE] Starting FairMQ state machine --> IDLE
[1991996:internal-dpl-injected-dummy-sink]: [12:46:59][STATE] IDLE ---> INITIALIZING DEVICE
[1991996:internal-dpl-injected-dummy-sink]: [12:46:59][STATE] INITIALIZING DEVICE ---> INITIALIZED
[1991996:internal-dpl-injected-dummy-sink]: [12:46:59][STATE] INITIALIZED ---> BINDING
[1991996:internal-dpl-injected-dummy-sink]: [12:46:59][STATE] BINDING ---> BOUND
[1991996:internal-dpl-injected-dummy-sink]: [12:46:59][STATE] BOUND ---> CONNECTING
[1991996:internal-dpl-injected-dummy-sink]: [12:46:59][STATE] CONNECTING ---> DEVICE READY
[1991996:internal-dpl-injected-dummy-sink]: [12:46:59][STATE] DEVICE READY ---> INITIALIZING TASK
[1991996:internal-dpl-injected-dummy-sink]: [12:46:59][STATE] INITIALIZING TASK ---> READY
[1991996:internal-dpl-injected-dummy-sink]: [12:46:59][STATE] READY ---> RUNNING
[1991996:internal-dpl-injected-dummy-sink]: [12:46:59][INFO] fair::mq::Device running...
[1991996:internal-dpl-injected-dummy-sink]: [12:46:59][INFO] LHCPeriod is not available, using current month OCT
[1991996:internal-dpl-injected-dummy-sink]: [12:46:59][INFO] Correctly handshaken websocket connection.
[1991992:internal-dpl-clock]: [INFO] Currently FDDReconstructor does not consume and provide MC truth
[1991992:internal-dpl-clock]: [INFO] Instrumenting crash signals
[1991992:internal-dpl-clock]: [INFO] Spawing new device internal-dpl-clock in process with pid 1991992
[1991992:internal-dpl-clock]: [12:46:59][INFO] 
[1991992:internal-dpl-clock]:       ______      _    _______  _________ 
[1991992:internal-dpl-clock]:      / ____/___ _(_)_______   |/  /_  __ \    version 1.8.0
[1991992:internal-dpl-clock]:     / /_  / __ `/ / ___/__  /|_/ /_  / / /    build RELWITHDEBINFO
[1991992:internal-dpl-clock]:    / __/ / /_/ / / /    _  /  / / / /_/ /     https://github.com/FairRootGroup/FairMQ
[1991992:internal-dpl-clock]:   /_/    \__,_/_/_/     /_/  /_/  \___\_\     LGPL-3.0  © 2012-2023 GSI
[1991992:internal-dpl-clock]: 
[1991992:internal-dpl-clock]: [12:46:59][STATE] Starting FairMQ state machine --> IDLE
[1991992:internal-dpl-clock]: [12:46:59][STATE] IDLE ---> INITIALIZING DEVICE
[1991992:internal-dpl-clock]: [12:46:59][STATE] INITIALIZING DEVICE ---> INITIALIZED
[1991992:internal-dpl-clock]: [12:46:59][STATE] INITIALIZED ---> BINDING
[1991992:internal-dpl-clock]: [12:46:59][STATE] BINDING ---> BOUND
[1991992:internal-dpl-clock]: [12:46:59][STATE] BOUND ---> CONNECTING
[1991992:internal-dpl-clock]: [12:46:59][STATE] CONNECTING ---> DEVICE READY
[1991992:internal-dpl-clock]: [12:46:59][STATE] DEVICE READY ---> INITIALIZING TASK
[1991992:internal-dpl-clock]: [12:46:59][STATE] INITIALIZING TASK ---> READY
[1991992:internal-dpl-clock]: [12:46:59][STATE] READY ---> RUNNING
[1991992:internal-dpl-clock]: [12:46:59][INFO] fair::mq::Device running...
[1991992:internal-dpl-clock]: [12:46:59][INFO] LHCPeriod is not available, using current month OCT
[1991992:internal-dpl-clock]: [12:46:59][INFO] Correctly handshaken websocket connection.
[1991993:fdd-digit-reader]: [12:46:59][STATE] INITIALIZING DEVICE ---> INITIALIZED
[1991993:fdd-digit-reader]: [12:46:59][STATE] INITIALIZED ---> BINDING
[1991993:fdd-digit-reader]: [12:46:59][STATE] BINDING ---> BOUND
[1991993:fdd-digit-reader]: [12:46:59][STATE] BOUND ---> CONNECTING
[1991993:fdd-digit-reader]: [12:46:59][STATE] CONNECTING ---> DEVICE READY
[1991993:fdd-digit-reader]: [12:46:59][STATE] DEVICE READY ---> INITIALIZING TASK
[1991993:fdd-digit-reader]: [12:46:59][STATE] INITIALIZING TASK ---> READY
[1991993:fdd-digit-reader]: [12:46:59][STATE] READY ---> RUNNING
[1991993:fdd-digit-reader]: [12:46:59][INFO] fair::mq::Device running...
[1991993:fdd-digit-reader]: [12:46:59][INFO] LHCPeriod is not available, using current month OCT
[1991993:fdd-digit-reader]: [12:46:59][INFO] Will use MC-truth from FDDDigitLabels
[1991993:fdd-digit-reader]: [12:46:59][INFO] FDD DigitReader pushes 0 digits
[1991993:fdd-digit-reader]: [12:46:59][INFO] Sending end-of-stream message to channel from_fdd-digit-reader_to_fdd-reconstructor
[1991993:fdd-digit-reader]: [12:46:59][INFO] Sending end-of-stream message to channel from_fdd-digit-reader_to_internal-dpl-injected-dummy-sink
[1991993:fdd-digit-reader]: [12:46:59][INFO] Correctly handshaken websocket connection.
[1991994:fdd-reconstructor]: [12:46:59][INFO] Ignoring MC info
[1991994:fdd-reconstructor]: [12:46:59][INFO] Sending end-of-stream message to channel from_fdd-reconstructor_to_fdd-recpoint-writer
[INFO] Quitting
[INFO] QUIT_REQUESTED
[1991993:fdd-digit-reader]: [12:46:59][INFO] Received device shutdown request (signal 15).
[1991993:fdd-digit-reader]: [12:46:59][INFO] Waiting for graceful device shutdown. Hit Ctrl-C again to abort immediately.
[1991995:fdd-recpoint-writer]: [12:46:59][INFO] Received device shutdown request (signal 15).
[1991995:fdd-recpoint-writer]: [12:46:59][INFO] Waiting for graceful device shutdown. Hit Ctrl-C again to abort immediately.
[1991993:fdd-digit-reader]: [12:46:59][INFO] New state requested. No timeout set, quitting immediately as per --completion-policy
[1991993:fdd-digit-reader]: [12:46:59][STATE] RUNNING ---> READY
[1991993:fdd-digit-reader]: [12:46:59][STATE] READY ---> RESETTING TASK
[1991995:fdd-recpoint-writer]: [12:46:59][INFO] New state requested. No timeout set, quitting immediately as per --completion-policy
[1991993:fdd-digit-reader]: [12:46:59][STATE] RESETTING TASK ---> DEVICE READY
[1991993:fdd-digit-reader]: [12:46:59][STATE] DEVICE READY ---> RESETTING DEVICE
[1991993:fdd-digit-reader]: [12:46:59][STATE] RESETTING DEVICE ---> IDLE
[1991993:fdd-digit-reader]: [12:46:59][STATE] IDLE ---> EXITING
[1991993:fdd-digit-reader]: [12:46:59][STATE] Exiting FairMQ state machine
[1991994:fdd-reconstructor]: [12:46:59][INFO] Received device shutdown request (signal 15).
[1991994:fdd-reconstructor]: [12:46:59][INFO] Waiting for graceful device shutdown. Hit Ctrl-C again to abort immediately.
[1991994:fdd-reconstructor]: [12:46:59][INFO] New state requested. No timeout set, quitting immediately as per --completion-policy
[1991994:fdd-reconstructor]: [12:46:59][STATE] RUNNING ---> READY
[1991994:fdd-reconstructor]: [12:46:59][STATE] READY ---> RESETTING TASK
[1991994:fdd-reconstructor]: [12:46:59][STATE] RESETTING TASK ---> DEVICE READY
[1991994:fdd-reconstructor]: [12:46:59][STATE] DEVICE READY ---> RESETTING DEVICE
[1991994:fdd-reconstructor]: [12:46:59][STATE] RESETTING DEVICE ---> IDLE
[1991994:fdd-reconstructor]: [12:46:59][STATE] IDLE ---> EXITING
[1991994:fdd-reconstructor]: [12:46:59][STATE] Exiting FairMQ state machine
[1991996:internal-dpl-injected-dummy-sink]: [12:46:59][INFO] Received device shutdown request (signal 15).
[1991996:internal-dpl-injected-dummy-sink]: [12:46:59][INFO] Waiting for graceful device shutdown. Hit Ctrl-C again to abort immediately.
[1991996:internal-dpl-injected-dummy-sink]: [12:46:59][INFO] New state requested. No timeout set, quitting immediately as per --completion-policy
[1991996:internal-dpl-injected-dummy-sink]: [12:46:59][STATE] RUNNING ---> READY
[1991996:internal-dpl-injected-dummy-sink]: [12:46:59][STATE] READY ---> RESETTING TASK
[1991996:internal-dpl-injected-dummy-sink]: [12:46:59][STATE] RESETTING TASK ---> DEVICE READY
[1991996:internal-dpl-injected-dummy-sink]: [12:46:59][STATE] DEVICE READY ---> RESETTING DEVICE
[1991992:internal-dpl-clock]: [12:46:59][INFO] Received device shutdown request (signal 15).
[1991992:internal-dpl-clock]: [12:46:59][INFO] Waiting for graceful device shutdown. Hit Ctrl-C again to abort immediately.
[1991992:internal-dpl-clock]: [12:46:59][INFO] New state requested. No timeout set, quitting immediately as per --completion-policy
[1991996:internal-dpl-injected-dummy-sink]: [12:46:59][STATE] RESETTING DEVICE ---> IDLE
[1991996:internal-dpl-injected-dummy-sink]: [12:46:59][STATE] IDLE ---> EXITING
[1991996:internal-dpl-injected-dummy-sink]: [12:46:59][STATE] Exiting FairMQ state machine
[1991995:fdd-recpoint-writer]: [12:46:59][STATE] RUNNING ---> READY
[1991995:fdd-recpoint-writer]: [12:46:59][STATE] READY ---> RESETTING TASK
[1991995:fdd-recpoint-writer]: [12:46:59][STATE] RESETTING TASK ---> DEVICE READY
[1991995:fdd-recpoint-writer]: [12:46:59][STATE] DEVICE READY ---> RESETTING DEVICE
[1991995:fdd-recpoint-writer]: [12:46:59][STATE] RESETTING DEVICE ---> IDLE
[1991995:fdd-recpoint-writer]: [12:46:59][STATE] IDLE ---> EXITING
[1991995:fdd-recpoint-writer]: [12:46:59][STATE] Exiting FairMQ state machine
[1991992:internal-dpl-clock]: [12:46:59][INFO] Sending end-of-stream message to channel from_internal-dpl-clock_to_fdd-digit-reader
[1991992:internal-dpl-clock]: [12:46:59][STATE] RUNNING ---> READY
[1991992:internal-dpl-clock]: [12:46:59][STATE] READY ---> RESETTING TASK
[1991992:internal-dpl-clock]: [12:46:59][STATE] RESETTING TASK ---> DEVICE READY
[1991992:internal-dpl-clock]: [12:46:59][STATE] DEVICE READY ---> RESETTING DEVICE
[1991992:internal-dpl-clock]: [12:46:59][INFO] Cleaning up for shared memory id '53729d31'...
[1991992:internal-dpl-clock]: [12:46:59][INFO] Found 0 unmanaged regions...
[1991992:internal-dpl-clock]: [12:46:59][INFO] Found 1 managed segments...
[1991992:internal-dpl-clock]: [12:46:59][INFO] Successfully removed 'fmq_53729d31_m_0'.
[1991992:internal-dpl-clock]: [12:46:59][INFO] Successfully removed 'fmq_53729d31_mng'.
[1991992:internal-dpl-clock]: [12:46:59][STATE] RESETTING DEVICE ---> IDLE
[1991992:internal-dpl-clock]: [12:46:59][STATE] IDLE ---> EXITING
[1991992:internal-dpl-clock]: [12:46:59][STATE] Exiting FairMQ state machine
[INFO] ## Processes completed. Run summary:
[INFO] ### Devices started: 5
[INFO]  - Device internal-dpl-clock: pid 1991992 (exit 0)
[INFO]  - Device fdd-digit-reader: pid 1991993 (exit 0)
[INFO]  - Device fdd-reconstructor: pid 1991994 (exit 0)
[INFO]  - Device fdd-recpoint-writer: pid 1991995 (exit 0)
[INFO]  - Device internal-dpl-injected-dummy-sink: pid 1991996 (exit 0)
[INFO] Dumping used configuration in dpl-config.json
TASK-EXIT-CODE: 0
