Running: TIME="#walltime %e" /usr/bin/time --output=ft0reco.log_time ./ft0reco.log_tmp.sh
[INFO] WorkflowSpec defineDataProcessing
[INFO] WorkflowSpec getRecoWorkflow useMC 1 CCDB  http://alice-ccdb.cern.ch/
[INFO] Currently Reconstruction does not consume and provide MC truth
[INFO] Initialising O2 Data Processing Layer. Driver PID: 546403.
[INFO] Driver listening on port: 14483
[INFO] Rate limiting set up at 500MB distributed over 1 readers
[INFO] O2 Data Processing Layer initialised. We brake for nobody.
[INFO] Optimised build. O2DEBUG / LOG(debug) / LOGF(debug) / assert statement will not be shown.
[INFO] Redeployment of configuration asked.
[INFO] Starting internal-dpl-clock on pid 546442
[INFO] Starting ft0-digit-reader on pid 546443
[INFO] Starting internal-dpl-ccdb-backend on pid 546444
[INFO] Starting ft0-reconstructor on pid 546445
[INFO] Starting ft0-recpoint-writer on pid 546446
[INFO] Starting internal-dpl-injected-dummy-sink on pid 546447
[INFO] Redeployment of configuration done.
[546442:internal-dpl-clock]: [INFO] WorkflowSpec defineDataProcessing
[546445:ft0-reconstructor]: [INFO] WorkflowSpec defineDataProcessing
[546443:ft0-digit-reader]: [INFO] WorkflowSpec defineDataProcessing
[546446:ft0-recpoint-writer]: [INFO] WorkflowSpec defineDataProcessing
[546444:internal-dpl-ccdb-backend]: [INFO] WorkflowSpec defineDataProcessing
[546447:internal-dpl-injected-dummy-sink]: [INFO] WorkflowSpec defineDataProcessing
[546443:ft0-digit-reader]: [INFO] WorkflowSpec getRecoWorkflow useMC 1 CCDB  http://alice-ccdb.cern.ch/
[546443:ft0-digit-reader]: [INFO] Currently Reconstruction does not consume and provide MC truth
[546442:internal-dpl-clock]: [INFO] WorkflowSpec getRecoWorkflow useMC 1 CCDB  http://alice-ccdb.cern.ch/
[546442:internal-dpl-clock]: [INFO] Currently Reconstruction does not consume and provide MC truth
[546446:ft0-recpoint-writer]: [INFO] WorkflowSpec getRecoWorkflow useMC 1 CCDB  http://alice-ccdb.cern.ch/
[546442:internal-dpl-clock]: [INFO] Instrumenting crash signals
[546443:ft0-digit-reader]: [INFO] Instrumenting crash signals
[546446:ft0-recpoint-writer]: [INFO] Currently Reconstruction does not consume and provide MC truth
[546442:internal-dpl-clock]: [INFO] Spawing new device internal-dpl-clock in process with pid 546442
[546442:internal-dpl-clock]: [14:04:24][INFO] 
[546442:internal-dpl-clock]:       ______      _    _______  _________ 
[546442:internal-dpl-clock]:      / ____/___ _(_)_______   |/  /_  __ \    version 1.8.0
[546442:internal-dpl-clock]:     / /_  / __ `/ / ___/__  /|_/ /_  / / /    build RELWITHDEBINFO
[546442:internal-dpl-clock]:    / __/ / /_/ / / /    _  /  / / / /_/ /     https://github.com/FairRootGroup/FairMQ
[546442:internal-dpl-clock]:   /_/    \__,_/_/_/     /_/  /_/  \___\_\     LGPL-3.0  © 2012-2023 GSI
[546442:internal-dpl-clock]: 
[546442:internal-dpl-clock]: [14:04:24][STATE] Starting FairMQ state machine --> IDLE
[546442:internal-dpl-clock]: [14:04:24][STATE] IDLE ---> INITIALIZING DEVICE
[546443:ft0-digit-reader]: [INFO] Spawing new device ft0-digit-reader in process with pid 546443
[546443:ft0-digit-reader]: [14:04:24][INFO] 
[546443:ft0-digit-reader]:       ______      _    _______  _________ 
[546443:ft0-digit-reader]:      / ____/___ _(_)_______   |/  /_  __ \    version 1.8.0
[546443:ft0-digit-reader]:     / /_  / __ `/ / ___/__  /|_/ /_  / / /    build RELWITHDEBINFO
[546443:ft0-digit-reader]:    / __/ / /_/ / / /    _  /  / / / /_/ /     https://github.com/FairRootGroup/FairMQ
[546443:ft0-digit-reader]:   /_/    \__,_/_/_/     /_/  /_/  \___\_\     LGPL-3.0  © 2012-2023 GSI
[546443:ft0-digit-reader]: 
[546443:ft0-digit-reader]: [14:04:24][STATE] Starting FairMQ state machine --> IDLE
[546443:ft0-digit-reader]: [14:04:24][STATE] IDLE ---> INITIALIZING DEVICE
[546442:internal-dpl-clock]: [14:04:24][STATE] INITIALIZING DEVICE ---> INITIALIZED
[546442:internal-dpl-clock]: [14:04:24][STATE] INITIALIZED ---> BINDING
[546442:internal-dpl-clock]: [14:04:24][STATE] BINDING ---> BOUND
[546445:ft0-reconstructor]: [INFO] WorkflowSpec getRecoWorkflow useMC 1 CCDB  http://alice-ccdb.cern.ch/
[546445:ft0-reconstructor]: [INFO] Currently Reconstruction does not consume and provide MC truth
[546447:internal-dpl-injected-dummy-sink]: [INFO] WorkflowSpec getRecoWorkflow useMC 1 CCDB  http://alice-ccdb.cern.ch/
[546447:internal-dpl-injected-dummy-sink]: [INFO] Currently Reconstruction does not consume and provide MC truth
[546442:internal-dpl-clock]: [14:04:24][STATE] BOUND ---> CONNECTING
[546442:internal-dpl-clock]: [14:04:24][STATE] CONNECTING ---> DEVICE READY
[546442:internal-dpl-clock]: [14:04:24][STATE] DEVICE READY ---> INITIALIZING TASK
[546442:internal-dpl-clock]: [14:04:24][STATE] INITIALIZING TASK ---> READY
[546442:internal-dpl-clock]: [14:04:24][STATE] READY ---> RUNNING
[546442:internal-dpl-clock]: [14:04:24][INFO] fair::mq::Device running...
[546442:internal-dpl-clock]: [14:04:24][INFO] LHCPeriod is not available, using current month SEP
[546442:internal-dpl-clock]: [14:04:24][INFO] Correctly handshaken websocket connection.
[546446:ft0-recpoint-writer]: [INFO] Instrumenting crash signals
[546446:ft0-recpoint-writer]: [INFO] Spawing new device ft0-recpoint-writer in process with pid 546446
[546446:ft0-recpoint-writer]: [14:04:24][INFO] 
[546446:ft0-recpoint-writer]:       ______      _    _______  _________ 
[546446:ft0-recpoint-writer]:      / ____/___ _(_)_______   |/  /_  __ \    version 1.8.0
[546446:ft0-recpoint-writer]:     / /_  / __ `/ / ___/__  /|_/ /_  / / /    build RELWITHDEBINFO
[546446:ft0-recpoint-writer]:    / __/ / /_/ / / /    _  /  / / / /_/ /     https://github.com/FairRootGroup/FairMQ
[546446:ft0-recpoint-writer]:   /_/    \__,_/_/_/     /_/  /_/  \___\_\     LGPL-3.0  © 2012-2023 GSI
[546446:ft0-recpoint-writer]: 
[546447:internal-dpl-injected-dummy-sink]: [INFO] Instrumenting crash signals
[546446:ft0-recpoint-writer]: [14:04:24][STATE] Starting FairMQ state machine --> IDLE
[546445:ft0-reconstructor]: [INFO] Instrumenting crash signals
[546447:internal-dpl-injected-dummy-sink]: [INFO] Spawing new device internal-dpl-injected-dummy-sink in process with pid 546447
[546447:internal-dpl-injected-dummy-sink]: [14:04:24][INFO] 
[546447:internal-dpl-injected-dummy-sink]:       ______      _    _______  _________ 
[546447:internal-dpl-injected-dummy-sink]:      / ____/___ _(_)_______   |/  /_  __ \    version 1.8.0
[546447:internal-dpl-injected-dummy-sink]:     / /_  / __ `/ / ___/__  /|_/ /_  / / /    build RELWITHDEBINFO
[546447:internal-dpl-injected-dummy-sink]:    / __/ / /_/ / / /    _  /  / / / /_/ /     https://github.com/FairRootGroup/FairMQ
[546447:internal-dpl-injected-dummy-sink]:   /_/    \__,_/_/_/     /_/  /_/  \___\_\     LGPL-3.0  © 2012-2023 GSI
[546447:internal-dpl-injected-dummy-sink]: 
[546447:internal-dpl-injected-dummy-sink]: [14:04:24][STATE] Starting FairMQ state machine --> IDLE
[546445:ft0-reconstructor]: [INFO] Spawing new device ft0-reconstructor in process with pid 546445
[546446:ft0-recpoint-writer]: [14:04:24][STATE] IDLE ---> INITIALIZING DEVICE
[546445:ft0-reconstructor]: [14:04:24][INFO] 
[546445:ft0-reconstructor]:       ______      _    _______  _________ 
[546445:ft0-reconstructor]:      / ____/___ _(_)_______   |/  /_  __ \    version 1.8.0
[546445:ft0-reconstructor]:     / /_  / __ `/ / ___/__  /|_/ /_  / / /    build RELWITHDEBINFO
[546445:ft0-reconstructor]:    / __/ / /_/ / / /    _  /  / / / /_/ /     https://github.com/FairRootGroup/FairMQ
[546445:ft0-reconstructor]:   /_/    \__,_/_/_/     /_/  /_/  \___\_\     LGPL-3.0  © 2012-2023 GSI
[546445:ft0-reconstructor]: 
[546445:ft0-reconstructor]: [14:04:24][STATE] Starting FairMQ state machine --> IDLE
[546447:internal-dpl-injected-dummy-sink]: [14:04:24][STATE] IDLE ---> INITIALIZING DEVICE
[546447:internal-dpl-injected-dummy-sink]: [14:04:24][STATE] INITIALIZING DEVICE ---> INITIALIZED
[546447:internal-dpl-injected-dummy-sink]: [14:04:24][STATE] INITIALIZED ---> BINDING
[546447:internal-dpl-injected-dummy-sink]: [14:04:24][STATE] BINDING ---> BOUND
[546447:internal-dpl-injected-dummy-sink]: [14:04:24][STATE] BOUND ---> CONNECTING
[546445:ft0-reconstructor]: [14:04:24][STATE] IDLE ---> INITIALIZING DEVICE
[546447:internal-dpl-injected-dummy-sink]: [14:04:24][STATE] CONNECTING ---> DEVICE READY
[546445:ft0-reconstructor]: FT0ChannelFilterParam.mAmpUpper : 4200		[ CODE ]
[546445:ft0-reconstructor]: FT0ChannelFilterParam.mAmpLower : -4200		[ CODE ]
[546445:ft0-reconstructor]: FT0ChannelFilterParam.mTimeUpper : 2050		[ CODE ]
[546445:ft0-reconstructor]: FT0ChannelFilterParam.mTimeLower : -2050		[ CODE ]
[546445:ft0-reconstructor]: FT0ChannelFilterParam.mPMbitsGood : 0		[ CODE ]
[546445:ft0-reconstructor]: FT0ChannelFilterParam.mPMbitsBad : 0		[ CODE ]
[546445:ft0-reconstructor]: FT0ChannelFilterParam.mPMbitsToCheck : 0		[ CODE ]
[546445:ft0-reconstructor]: FT0ChannelFilterParam.mTrgBitsGood : 0		[ CODE ]
[546445:ft0-reconstructor]: FT0ChannelFilterParam.mTrgBitsBad : 0		[ CODE ]
[546445:ft0-reconstructor]: FT0ChannelFilterParam.mTrgBitsToCheck : 0		[ CODE ]
[546445:ft0-reconstructor]: FT0TimeFilterParam.mAmpUpper : 4200		[ CODE ]
[546445:ft0-reconstructor]: FT0TimeFilterParam.mAmpLower : 10		[ CODE ]
[546445:ft0-reconstructor]: FT0TimeFilterParam.mTimeUpper : 153		[ CODE ]
[546445:ft0-reconstructor]: FT0TimeFilterParam.mTimeLower : -153		[ CODE ]
[546445:ft0-reconstructor]: FT0TimeFilterParam.mPMbitsGood : 0		[ CODE ]
[546445:ft0-reconstructor]: FT0TimeFilterParam.mPMbitsBad : 132		[ CODE ]
[546445:ft0-reconstructor]: FT0TimeFilterParam.mPMbitsToCheck : 132		[ CODE ]
[546445:ft0-reconstructor]: [14:04:24][INFO] FT0 param mMinEntriesThreshold: 500
[546445:ft0-reconstructor]: [14:04:24][INFO] FT0 param mMaxEntriesThreshold:1000
[546445:ft0-reconstructor]: [14:04:24][INFO] FT0 param mMinRMS: 3
[546445:ft0-reconstructor]: [14:04:24][INFO] FT0 param mMaxSigma: 32
[546445:ft0-reconstructor]: [14:04:24][INFO] FT0 param mMaxDiffMean: 5
[546447:internal-dpl-injected-dummy-sink]: [14:04:24][STATE] DEVICE READY ---> INITIALIZING TASK
[546445:ft0-reconstructor]: [14:04:24][STATE] INITIALIZING DEVICE ---> INITIALIZED
[546445:ft0-reconstructor]: [14:04:24][STATE] INITIALIZED ---> BINDING
[546447:internal-dpl-injected-dummy-sink]: [14:04:24][STATE] INITIALIZING TASK ---> READY
[546447:internal-dpl-injected-dummy-sink]: [14:04:24][STATE] READY ---> RUNNING
[546447:internal-dpl-injected-dummy-sink]: [14:04:24][INFO] fair::mq::Device running...
[546447:internal-dpl-injected-dummy-sink]: [14:04:24][INFO] LHCPeriod is not available, using current month SEP
[546445:ft0-reconstructor]: [14:04:24][STATE] BINDING ---> BOUND
[546447:internal-dpl-injected-dummy-sink]: [14:04:24][INFO] Correctly handshaken websocket connection.
[546445:ft0-reconstructor]: [14:04:24][STATE] BOUND ---> CONNECTING
[546445:ft0-reconstructor]: [14:04:24][STATE] CONNECTING ---> DEVICE READY
[546445:ft0-reconstructor]: [14:04:24][STATE] DEVICE READY ---> INITIALIZING TASK
[546445:ft0-reconstructor]: [14:04:24][STATE] INITIALIZING TASK ---> READY
[546444:internal-dpl-ccdb-backend]: [INFO] WorkflowSpec getRecoWorkflow useMC 1 CCDB  http://alice-ccdb.cern.ch/
[546444:internal-dpl-ccdb-backend]: [INFO] Currently Reconstruction does not consume and provide MC truth
[546445:ft0-reconstructor]: [14:04:24][STATE] READY ---> RUNNING
[546445:ft0-reconstructor]: [14:04:24][INFO] fair::mq::Device running...
[546445:ft0-reconstructor]: [14:04:24][INFO] LHCPeriod is not available, using current month SEP
[546446:ft0-recpoint-writer]: [14:04:24][INFO] 0: branch  FT0Cluster set up
[546446:ft0-recpoint-writer]: [14:04:24][INFO] 1: branch  FT0RecChData set up
[546445:ft0-reconstructor]: [14:04:24][INFO] Correctly handshaken websocket connection.
[546446:ft0-recpoint-writer]: [14:04:24][STATE] INITIALIZING DEVICE ---> INITIALIZED
[546446:ft0-recpoint-writer]: [14:04:24][STATE] INITIALIZED ---> BINDING
[546446:ft0-recpoint-writer]: [14:04:24][STATE] BINDING ---> BOUND
[546446:ft0-recpoint-writer]: [14:04:24][STATE] BOUND ---> CONNECTING
[546446:ft0-recpoint-writer]: [14:04:24][STATE] CONNECTING ---> DEVICE READY
[546446:ft0-recpoint-writer]: [14:04:24][STATE] DEVICE READY ---> INITIALIZING TASK
[546446:ft0-recpoint-writer]: [14:04:24][STATE] INITIALIZING TASK ---> READY
[546446:ft0-recpoint-writer]: [14:04:24][STATE] READY ---> RUNNING
[546446:ft0-recpoint-writer]: [14:04:24][INFO] fair::mq::Device running...
[546446:ft0-recpoint-writer]: [14:04:24][INFO] LHCPeriod is not available, using current month SEP
[546446:ft0-recpoint-writer]: [14:04:24][INFO] Correctly handshaken websocket connection.
[546444:internal-dpl-ccdb-backend]: [INFO] Instrumenting crash signals
[546444:internal-dpl-ccdb-backend]: [INFO] Spawing new device internal-dpl-ccdb-backend in process with pid 546444
[546444:internal-dpl-ccdb-backend]: [14:04:24][INFO] 
[546444:internal-dpl-ccdb-backend]:       ______      _    _______  _________ 
[546444:internal-dpl-ccdb-backend]:      / ____/___ _(_)_______   |/  /_  __ \    version 1.8.0
[546444:internal-dpl-ccdb-backend]:     / /_  / __ `/ / ___/__  /|_/ /_  / / /    build RELWITHDEBINFO
[546444:internal-dpl-ccdb-backend]:    / __/ / /_/ / / /    _  /  / / / /_/ /     https://github.com/FairRootGroup/FairMQ
[546444:internal-dpl-ccdb-backend]:   /_/    \__,_/_/_/     /_/  /_/  \___\_\     LGPL-3.0  © 2012-2023 GSI
[546444:internal-dpl-ccdb-backend]: 
[546444:internal-dpl-ccdb-backend]: [14:04:24][STATE] Starting FairMQ state machine --> IDLE
[546444:internal-dpl-ccdb-backend]: [14:04:24][STATE] IDLE ---> INITIALIZING DEVICE
[546444:internal-dpl-ccdb-backend]: [14:04:24][INFO] CCDB Backend at: http://alice-ccdb.cern.ch, validity check for every 2147483647 TF
[546444:internal-dpl-ccdb-backend]: [14:04:24][INFO] Init CcdApi with UserAgentID: localhost.localdomain-1694606664-cDxA8X, Host: http://alice-ccdb.cern.ch
[546444:internal-dpl-ccdb-backend]: [14:04:24][INFO] Initialised default CCDB host http://alice-ccdb.cern.ch
[546444:internal-dpl-ccdb-backend]: [14:04:24][INFO] The following route is a condition FT0/TimeSpectraInfo/0
[546444:internal-dpl-ccdb-backend]: [14:04:24][INFO] - ccdb-path: FT0/Calib/TimeSpectraInfo
[546444:internal-dpl-ccdb-backend]: [14:04:24][STATE] INITIALIZING DEVICE ---> INITIALIZED
[546444:internal-dpl-ccdb-backend]: [14:04:24][STATE] INITIALIZED ---> BINDING
[546444:internal-dpl-ccdb-backend]: [14:04:24][STATE] BINDING ---> BOUND
[546444:internal-dpl-ccdb-backend]: [14:04:24][STATE] BOUND ---> CONNECTING
[546444:internal-dpl-ccdb-backend]: [14:04:24][STATE] CONNECTING ---> DEVICE READY
[546444:internal-dpl-ccdb-backend]: [14:04:24][STATE] DEVICE READY ---> INITIALIZING TASK
[546444:internal-dpl-ccdb-backend]: [14:04:24][STATE] INITIALIZING TASK ---> READY
[546444:internal-dpl-ccdb-backend]: [14:04:24][STATE] READY ---> RUNNING
[546444:internal-dpl-ccdb-backend]: [14:04:24][INFO] fair::mq::Device running...
[546444:internal-dpl-ccdb-backend]: [14:04:24][INFO] LHCPeriod is not available, using current month SEP
[546444:internal-dpl-ccdb-backend]: [14:04:24][INFO] Correctly handshaken websocket connection.
[546443:ft0-digit-reader]: [14:04:24][STATE] INITIALIZING DEVICE ---> INITIALIZED
[546443:ft0-digit-reader]: [14:04:24][STATE] INITIALIZED ---> BINDING
[546443:ft0-digit-reader]: [14:04:24][STATE] BINDING ---> BOUND
[546443:ft0-digit-reader]: [14:04:24][STATE] BOUND ---> CONNECTING
[546443:ft0-digit-reader]: [14:04:24][STATE] CONNECTING ---> DEVICE READY
[546443:ft0-digit-reader]: [14:04:24][STATE] DEVICE READY ---> INITIALIZING TASK
[546443:ft0-digit-reader]: [14:04:24][STATE] INITIALIZING TASK ---> READY
[546443:ft0-digit-reader]: [14:04:24][STATE] READY ---> RUNNING
[546443:ft0-digit-reader]: [14:04:24][INFO] fair::mq::Device running...
[546443:ft0-digit-reader]: [14:04:24][INFO] LHCPeriod is not available, using current month SEP
[546443:ft0-digit-reader]: [14:04:25][INFO] Sending end-of-stream message to channel from_ft0-digit-reader_to_internal-dpl-ccdb-backend
[546443:ft0-digit-reader]: [14:04:25][INFO] Sending end-of-stream message to channel from_ft0-digit-reader_to_ft0-reconstructor
[546443:ft0-digit-reader]: [14:04:25][INFO] Sending end-of-stream message to channel from_ft0-digit-reader_to_internal-dpl-injected-dummy-sink
[546443:ft0-digit-reader]: [14:04:25][INFO] Correctly handshaken websocket connection.
[546444:internal-dpl-ccdb-backend]: Info in <TJAlienConnectionManager>: Opening connection to JCentral. Please wait
[546444:internal-dpl-ccdb-backend]: Info in <TJAlienConnectionManager>: Opening connection to 137.138.99.168
[546444:internal-dpl-ccdb-backend]: Info in <TJAlienConnectionManager>: Successfully connected to 137.138.99.168
[546444:internal-dpl-ccdb-backend]: Info in <TJAlienFile::Open>: Accessing file /alice/data/CCDB/CTP/Calib/OrbitReset/06/62200/b9f985c3-b4b0-11ec-8fd3-90ce809b24ee in SE <ALICE::CERN::EOS>
[546444:internal-dpl-ccdb-backend]: [14:04:25][INFO] ccdb reads http://alice-ccdb.cern.ch/CTP/Calib/OrbitReset/1546300800000/b9f985c3-b4b0-11ec-8fd3-90ce809b24ee for 1546300800000 (load to memory, agent_id: localhost.localdomain-1694606664-cDxA8X), 
[546444:internal-dpl-ccdb-backend]: Info in <TJAlienFile::Open>: Accessing file /alice/data/CCDB/FT0/Calib/TimeSpectraInfo/00/03533/0f44968f-7af8-11ed-b86c-200114580202 in SE <ALICE::CERN::OCDB>
[546444:internal-dpl-ccdb-backend]: [14:04:25][INFO] ccdb reads http://alice-ccdb.cern.ch/FT0/Calib/TimeSpectraInfo/1546300800000/0f44968f-7af8-11ed-b86c-200114580202 for 1546300800000 (load to memory, agent_id: localhost.localdomain-1694606664-cDxA8X), 
[546444:internal-dpl-ccdb-backend]: [14:04:25][INFO] Sending end-of-stream message to channel from_internal-dpl-ccdb-backend_to_ft0-reconstructor
[546444:internal-dpl-ccdb-backend]: [14:04:25][INFO] Sending end-of-stream message to channel from_internal-dpl-ccdb-backend_to_internal-dpl-injected-dummy-sink
[546445:ft0-reconstructor]: [14:04:25][INFO] Ignoring MC info
[546445:ft0-reconstructor]: [14:04:28][INFO] Caching in 140020413407392 ptr to FT0/TimeSpectraInfo/0 (0x486e810)
[546445:ft0-reconstructor]: [14:04:28][INFO] FT0 reconstruction total timing: Cpu: 2.780e+00 Real: 2.917e+00 s in 1 slots
[546445:ft0-reconstructor]: [14:04:28][INFO] Sending end-of-stream message to channel from_ft0-reconstructor_to_ft0-recpoint-writer
[INFO] Quitting
[INFO] QUIT_REQUESTED
[546443:ft0-digit-reader]: [14:04:28][INFO] Received device shutdown request (signal 15).
[546442:internal-dpl-clock]: [14:04:28][INFO] Received device shutdown request (signal 15).
[546442:internal-dpl-clock]: [14:04:28][INFO] Waiting for graceful device shutdown. Hit Ctrl-C again to abort immediately.
[546443:ft0-digit-reader]: [14:04:28][INFO] Waiting for graceful device shutdown. Hit Ctrl-C again to abort immediately.
[546446:ft0-recpoint-writer]: [14:04:28][INFO] Received device shutdown request (signal 15).
[546446:ft0-recpoint-writer]: [14:04:28][INFO] Waiting for graceful device shutdown. Hit Ctrl-C again to abort immediately.
[546447:internal-dpl-injected-dummy-sink]: [14:04:28][INFO] Received device shutdown request (signal 15).
[546447:internal-dpl-injected-dummy-sink]: [14:04:28][INFO] Waiting for graceful device shutdown. Hit Ctrl-C again to abort immediately.
[546446:ft0-recpoint-writer]: [14:04:28][INFO] New state requested. No timeout set, quitting immediately as per --completion-policy
[546447:internal-dpl-injected-dummy-sink]: [14:04:28][INFO] New state requested. No timeout set, quitting immediately as per --completion-policy
[546447:internal-dpl-injected-dummy-sink]: [14:04:28][STATE] RUNNING ---> READY
[546442:internal-dpl-clock]: [14:04:28][INFO] New state requested. No timeout set, quitting immediately as per --completion-policy
[546443:ft0-digit-reader]: [14:04:28][INFO] New state requested. No timeout set, quitting immediately as per --completion-policy
[546443:ft0-digit-reader]: [14:04:28][STATE] RUNNING ---> READY
[546444:internal-dpl-ccdb-backend]: [14:04:28][INFO] Received device shutdown request (signal 15).
[546444:internal-dpl-ccdb-backend]: [14:04:28][INFO] Waiting for graceful device shutdown. Hit Ctrl-C again to abort immediately.
[546445:ft0-reconstructor]: [14:04:28][INFO] Received device shutdown request (signal 15).
[546445:ft0-reconstructor]: [14:04:28][INFO] Waiting for graceful device shutdown. Hit Ctrl-C again to abort immediately.
[546447:internal-dpl-injected-dummy-sink]: [14:04:28][STATE] READY ---> RESETTING TASK
[546447:internal-dpl-injected-dummy-sink]: [14:04:28][STATE] RESETTING TASK ---> DEVICE READY
[546447:internal-dpl-injected-dummy-sink]: [14:04:28][STATE] DEVICE READY ---> RESETTING DEVICE
[546442:internal-dpl-clock]: [14:04:28][INFO] Sending end-of-stream message to channel from_internal-dpl-clock_to_ft0-digit-reader
[546442:internal-dpl-clock]: [14:04:28][STATE] RUNNING ---> READY
[546442:internal-dpl-clock]: [14:04:28][STATE] READY ---> RESETTING TASK
[546442:internal-dpl-clock]: [14:04:28][STATE] RESETTING TASK ---> DEVICE READY
[546442:internal-dpl-clock]: [14:04:28][STATE] DEVICE READY ---> RESETTING DEVICE
[546443:ft0-digit-reader]: [14:04:28][STATE] READY ---> RESETTING TASK
[546443:ft0-digit-reader]: [14:04:28][STATE] RESETTING TASK ---> DEVICE READY
[546444:internal-dpl-ccdb-backend]: [14:04:28][INFO] New state requested. No timeout set, quitting immediately as per --completion-policy
[546444:internal-dpl-ccdb-backend]: [14:04:28][INFO] CCDB cache miss/hit ratio:
[546444:internal-dpl-ccdb-backend]: [14:04:28][INFO]   FT0/Calib/TimeSpectraInfo: 1/0 (2048-2048 bytes)
[546444:internal-dpl-ccdb-backend]: [14:04:28][INFO]   CTP/Calib/OrbitReset: 1/1 (1024-1024 bytes)
[546444:internal-dpl-ccdb-backend]: [14:04:28][STATE] RUNNING ---> READY
[546444:internal-dpl-ccdb-backend]: [14:04:28][STATE] READY ---> RESETTING TASK
[546444:internal-dpl-ccdb-backend]: [14:04:28][STATE] RESETTING TASK ---> DEVICE READY
[546444:internal-dpl-ccdb-backend]: [14:04:28][STATE] DEVICE READY ---> RESETTING DEVICE
[546443:ft0-digit-reader]: [14:04:28][STATE] DEVICE READY ---> RESETTING DEVICE
[546445:ft0-reconstructor]: [14:04:28][INFO] New state requested. No timeout set, quitting immediately as per --completion-policy
[546445:ft0-reconstructor]: [14:04:28][STATE] RUNNING ---> READY
[546445:ft0-reconstructor]: [14:04:28][STATE] READY ---> RESETTING TASK
[546445:ft0-reconstructor]: [14:04:28][STATE] RESETTING TASK ---> DEVICE READY
[546445:ft0-reconstructor]: [14:04:28][STATE] DEVICE READY ---> RESETTING DEVICE
[546444:internal-dpl-ccdb-backend]: [14:04:28][STATE] RESETTING DEVICE ---> IDLE
[546447:internal-dpl-injected-dummy-sink]: [14:04:28][STATE] RESETTING DEVICE ---> IDLE
[546444:internal-dpl-ccdb-backend]: [14:04:28][STATE] IDLE ---> EXITING
[546447:internal-dpl-injected-dummy-sink]: [14:04:28][STATE] IDLE ---> EXITING
[546444:internal-dpl-ccdb-backend]: [14:04:28][STATE] Exiting FairMQ state machine
[546442:internal-dpl-clock]: [14:04:28][STATE] RESETTING DEVICE ---> IDLE
[546447:internal-dpl-injected-dummy-sink]: [14:04:28][STATE] Exiting FairMQ state machine
[546442:internal-dpl-clock]: [14:04:28][STATE] IDLE ---> EXITING
[546445:ft0-reconstructor]: [14:04:29][STATE] RESETTING DEVICE ---> IDLE
[546445:ft0-reconstructor]: [14:04:29][STATE] IDLE ---> EXITING
[546445:ft0-reconstructor]: [14:04:29][STATE] Exiting FairMQ state machine
[546442:internal-dpl-clock]: [14:04:29][STATE] Exiting FairMQ state machine
[546443:ft0-digit-reader]: [14:04:29][STATE] RESETTING DEVICE ---> IDLE
[546443:ft0-digit-reader]: [14:04:29][STATE] IDLE ---> EXITING
[546443:ft0-digit-reader]: [14:04:29][STATE] Exiting FairMQ state machine
[546446:ft0-recpoint-writer]: [14:04:29][STATE] RUNNING ---> READY
[546446:ft0-recpoint-writer]: [14:04:29][STATE] READY ---> RESETTING TASK
[546446:ft0-recpoint-writer]: [14:04:29][STATE] RESETTING TASK ---> DEVICE READY
[546446:ft0-recpoint-writer]: [14:04:29][STATE] DEVICE READY ---> RESETTING DEVICE
[546446:ft0-recpoint-writer]: [14:04:29][INFO] Cleaning up for shared memory id '15fff101'...
[546446:ft0-recpoint-writer]: [14:04:29][INFO] Found 0 unmanaged regions...
[546446:ft0-recpoint-writer]: [14:04:29][INFO] Found 1 managed segments...
[546446:ft0-recpoint-writer]: [14:04:29][INFO] Successfully removed 'fmq_15fff101_m_0'.
[546446:ft0-recpoint-writer]: [14:04:29][INFO] Successfully removed 'fmq_15fff101_mng'.
[546446:ft0-recpoint-writer]: [14:04:29][STATE] RESETTING DEVICE ---> IDLE
[546446:ft0-recpoint-writer]: [14:04:29][STATE] IDLE ---> EXITING
[546446:ft0-recpoint-writer]: [14:04:29][STATE] Exiting FairMQ state machine
[INFO] ## Processes completed. Run summary:
[INFO] ### Devices started: 6
[INFO]  - Device internal-dpl-clock: pid 546442 (exit 0)
[INFO]  - Device ft0-digit-reader: pid 546443 (exit 0)
[INFO]  - Device internal-dpl-ccdb-backend: pid 546444 (exit 0)
[INFO]  - Device ft0-reconstructor: pid 546445 (exit 0)
[INFO]  - Device ft0-recpoint-writer: pid 546446 (exit 0)
[INFO]  - Device internal-dpl-injected-dummy-sink: pid 546447 (exit 0)
[INFO] Dumping used configuration in dpl-config.json
TASK-EXIT-CODE: 0
