Running: TIME="#walltime %e" /usr/bin/time --output=itsreco.log_time ./itsreco.log_tmp.sh
[INFO] Initialising O2 Data Processing Layer. Driver PID: 1989983.
[INFO] Driver listening on port: 18063
[INFO] Rate limiting set up at 500MB distributed over 1 readers
[INFO] O2 Data Processing Layer initialised. We brake for nobody.
[INFO] Optimised build. O2DEBUG / LOG(debug) / LOGF(debug) / assert statement will not be shown.
[INFO] Redeployment of configuration asked.
[INFO] Starting internal-dpl-clock on pid 1990016
[INFO] Starting its-digit-reader on pid 1990017
[INFO] Starting internal-dpl-ccdb-backend on pid 1990018
[INFO] Starting its-clusterer on pid 1990019
[INFO] Starting its-cluster-writer on pid 1990020
[INFO] Starting its-tracker on pid 1990021
[INFO] Starting irframe-writer-its on pid 1990022
[INFO] Starting its-track-writer on pid 1990023
[INFO] Starting internal-dpl-injected-dummy-sink on pid 1990024
[INFO] Redeployment of configuration done.
[1990017:its-digit-reader]: [INFO] Instrumenting crash signals
[1990017:its-digit-reader]: [INFO] Spawing new device its-digit-reader in process with pid 1990017
[1990017:its-digit-reader]: [12:46:30][INFO] 
[1990017:its-digit-reader]:       ______      _    _______  _________ 
[1990017:its-digit-reader]:      / ____/___ _(_)_______   |/  /_  __ \    version 1.8.0
[1990017:its-digit-reader]:     / /_  / __ `/ / ___/__  /|_/ /_  / / /    build RELWITHDEBINFO
[1990017:its-digit-reader]:    / __/ / /_/ / / /    _  /  / / / /_/ /     https://github.com/FairRootGroup/FairMQ
[1990017:its-digit-reader]:   /_/    \__,_/_/_/     /_/  /_/  \___\_\     LGPL-3.0  © 2012-2023 GSI
[1990017:its-digit-reader]: 
[1990017:its-digit-reader]: [12:46:30][STATE] Starting FairMQ state machine --> IDLE
[1990017:its-digit-reader]: [12:46:30][STATE] IDLE ---> INITIALIZING DEVICE
[1990018:internal-dpl-ccdb-backend]: [INFO] Instrumenting crash signals
[1990018:internal-dpl-ccdb-backend]: [INFO] Spawing new device internal-dpl-ccdb-backend in process with pid 1990018
[1990018:internal-dpl-ccdb-backend]: [12:46:30][INFO] 
[1990018:internal-dpl-ccdb-backend]:       ______      _    _______  _________ 
[1990018:internal-dpl-ccdb-backend]:      / ____/___ _(_)_______   |/  /_  __ \    version 1.8.0
[1990018:internal-dpl-ccdb-backend]:     / /_  / __ `/ / ___/__  /|_/ /_  / / /    build RELWITHDEBINFO
[1990018:internal-dpl-ccdb-backend]:    / __/ / /_/ / / /    _  /  / / / /_/ /     https://github.com/FairRootGroup/FairMQ
[1990018:internal-dpl-ccdb-backend]:   /_/    \__,_/_/_/     /_/  /_/  \___\_\     LGPL-3.0  © 2012-2023 GSI
[1990018:internal-dpl-ccdb-backend]: 
[1990018:internal-dpl-ccdb-backend]: [12:46:30][STATE] Starting FairMQ state machine --> IDLE
[1990021:its-tracker]: [INFO] Instrumenting crash signals
[1990021:its-tracker]: [INFO] Spawing new device its-tracker in process with pid 1990021
[1990018:internal-dpl-ccdb-backend]: [12:46:30][STATE] IDLE ---> INITIALIZING DEVICE
[1990021:its-tracker]: [12:46:30][INFO] 
[1990021:its-tracker]:       ______      _    _______  _________ 
[1990021:its-tracker]:      / ____/___ _(_)_______   |/  /_  __ \    version 1.8.0
[1990021:its-tracker]:     / /_  / __ `/ / ___/__  /|_/ /_  / / /    build RELWITHDEBINFO
[1990021:its-tracker]:    / __/ / /_/ / / /    _  /  / / / /_/ /     https://github.com/FairRootGroup/FairMQ
[1990021:its-tracker]:   /_/    \__,_/_/_/     /_/  /_/  \___\_\     LGPL-3.0  © 2012-2023 GSI
[1990021:its-tracker]: 
[1990021:its-tracker]: [12:46:30][STATE] Starting FairMQ state machine --> IDLE
[1990018:internal-dpl-ccdb-backend]: [12:46:30][INFO] CCDB Backend at: http://alice-ccdb.cern.ch, validity check for every 2147483647 TF
[1990018:internal-dpl-ccdb-backend]: [12:46:30][INFO] Init CcdApi with UserAgentID: localhost.localdomain-1697193990-WxaU42, Host: http://alice-ccdb.cern.ch
[1990018:internal-dpl-ccdb-backend]: [12:46:30][INFO] Initialised default CCDB host http://alice-ccdb.cern.ch
[1990018:internal-dpl-ccdb-backend]: [12:46:30][INFO] The following route is a condition ITS/CLUSDICT/0
[1990018:internal-dpl-ccdb-backend]: [12:46:30][INFO] - ccdb-path: ITS/Calib/ClusterDictionary
[1990018:internal-dpl-ccdb-backend]: [12:46:30][INFO] The following route is a condition GLO/GRPECS/0
[1990018:internal-dpl-ccdb-backend]: [12:46:30][INFO] - ccdb-path: GLO/Config/GRPECS
[1990018:internal-dpl-ccdb-backend]: [12:46:30][INFO] The following route is a condition ITS/ALPIDEPARAM/0
[1990018:internal-dpl-ccdb-backend]: [12:46:30][INFO] - ccdb-path: ITS/Config/AlpideParam
[1990018:internal-dpl-ccdb-backend]: [12:46:30][INFO] The following route is a condition ITS/CLUSPARAM/0
[1990018:internal-dpl-ccdb-backend]: [12:46:30][INFO] - ccdb-path: ITS/Config/ClustererParam
[1990018:internal-dpl-ccdb-backend]: [12:46:30][INFO] The following route is a condition GLO/MATLUT/0
[1990018:internal-dpl-ccdb-backend]: [12:46:30][INFO] - ccdb-path: GLO/Param/MatLUT
[1990018:internal-dpl-ccdb-backend]: [12:46:30][INFO] The following route is a condition GLO/GRPMAGFIELD/0
[1990018:internal-dpl-ccdb-backend]: [12:46:30][INFO] - ccdb-path: GLO/Config/GRPMagField
[1990018:internal-dpl-ccdb-backend]: [12:46:30][INFO] The following route is a condition GLO/GEOMALIGN/0
[1990018:internal-dpl-ccdb-backend]: [12:46:30][INFO] - ccdb-path: GLO/Config/GeometryAligned
[1990018:internal-dpl-ccdb-backend]: [12:46:30][STATE] INITIALIZING DEVICE ---> INITIALIZED
[1990018:internal-dpl-ccdb-backend]: [12:46:30][STATE] INITIALIZED ---> BINDING
[1990018:internal-dpl-ccdb-backend]: [12:46:30][STATE] BINDING ---> BOUND
[1990018:internal-dpl-ccdb-backend]: [12:46:30][STATE] BOUND ---> CONNECTING
[1990018:internal-dpl-ccdb-backend]: [12:46:30][STATE] CONNECTING ---> DEVICE READY
[1990018:internal-dpl-ccdb-backend]: [12:46:30][STATE] DEVICE READY ---> INITIALIZING TASK
[1990021:its-tracker]: [12:46:30][STATE] IDLE ---> INITIALIZING DEVICE
[1990018:internal-dpl-ccdb-backend]: [12:46:30][STATE] INITIALIZING TASK ---> READY
[1990018:internal-dpl-ccdb-backend]: [12:46:30][STATE] READY ---> RUNNING
[1990018:internal-dpl-ccdb-backend]: [12:46:30][INFO] fair::mq::Device running...
[1990018:internal-dpl-ccdb-backend]: [12:46:30][INFO] LHCPeriod is not available, using current month OCT
[1990021:its-tracker]: [12:46:30][INFO] Created GPUReconstruction instance for device type CPU (1) 
[1990021:its-tracker]: [12:46:30][INFO] Initializing tracker in async. phase reconstruction with 3 passes
[1990018:internal-dpl-ccdb-backend]: [12:46:30][INFO] Correctly handshaken websocket connection.
[1990021:its-tracker]: [12:46:30][STATE] INITIALIZING DEVICE ---> INITIALIZED
[1990021:its-tracker]: [12:46:30][STATE] INITIALIZED ---> BINDING
[1990021:its-tracker]: [12:46:30][STATE] BINDING ---> BOUND
[1990021:its-tracker]: [12:46:30][STATE] BOUND ---> CONNECTING
[1990021:its-tracker]: [12:46:30][STATE] CONNECTING ---> DEVICE READY
[1990021:its-tracker]: [12:46:30][STATE] DEVICE READY ---> INITIALIZING TASK
[1990021:its-tracker]: [12:46:30][STATE] INITIALIZING TASK ---> READY
[1990021:its-tracker]: [12:46:30][STATE] READY ---> RUNNING
[1990021:its-tracker]: [12:46:30][INFO] fair::mq::Device running...
[1990021:its-tracker]: [12:46:30][INFO] LHCPeriod is not available, using current month OCT
[1990021:its-tracker]: [12:46:30][INFO] Correctly handshaken websocket connection.
[1990019:its-clusterer]: [INFO] Instrumenting crash signals
[1990019:its-clusterer]: [INFO] Spawing new device its-clusterer in process with pid 1990019
[1990024:internal-dpl-injected-dummy-sink]: [INFO] Instrumenting crash signals
[1990019:its-clusterer]: [12:46:30][INFO] 
[1990019:its-clusterer]:       ______      _    _______  _________ 
[1990019:its-clusterer]:      / ____/___ _(_)_______   |/  /_  __ \    version 1.8.0
[1990019:its-clusterer]:     / /_  / __ `/ / ___/__  /|_/ /_  / / /    build RELWITHDEBINFO
[1990019:its-clusterer]:    / __/ / /_/ / / /    _  /  / / / /_/ /     https://github.com/FairRootGroup/FairMQ
[1990019:its-clusterer]:   /_/    \__,_/_/_/     /_/  /_/  \___\_\     LGPL-3.0  © 2012-2023 GSI
[1990019:its-clusterer]: 
[1990022:irframe-writer-its]: [INFO] Instrumenting crash signals
[1990019:its-clusterer]: [12:46:30][STATE] Starting FairMQ state machine --> IDLE
[1990022:irframe-writer-its]: [INFO] Spawing new device irframe-writer-its in process with pid 1990022
[1990022:irframe-writer-its]: [12:46:30][INFO] 
[1990022:irframe-writer-its]:       ______      _    _______  _________ 
[1990022:irframe-writer-its]:      / ____/___ _(_)_______   |/  /_  __ \    version 1.8.0
[1990022:irframe-writer-its]:     / /_  / __ `/ / ___/__  /|_/ /_  / / /    build RELWITHDEBINFO
[1990022:irframe-writer-its]:    / __/ / /_/ / / /    _  /  / / / /_/ /     https://github.com/FairRootGroup/FairMQ
[1990022:irframe-writer-its]:   /_/    \__,_/_/_/     /_/  /_/  \___\_\     LGPL-3.0  © 2012-2023 GSI
[1990022:irframe-writer-its]: 
[1990022:irframe-writer-its]: [12:46:30][STATE] Starting FairMQ state machine --> IDLE
[1990016:internal-dpl-clock]: [INFO] Instrumenting crash signals
[1990022:irframe-writer-its]: [12:46:30][STATE] IDLE ---> INITIALIZING DEVICE
[1990024:internal-dpl-injected-dummy-sink]: [INFO] Spawing new device internal-dpl-injected-dummy-sink in process with pid 1990024
[1990024:internal-dpl-injected-dummy-sink]: [12:46:30][INFO] 
[1990024:internal-dpl-injected-dummy-sink]:       ______      _    _______  _________ 
[1990024:internal-dpl-injected-dummy-sink]:      / ____/___ _(_)_______   |/  /_  __ \    version 1.8.0
[1990024:internal-dpl-injected-dummy-sink]:     / /_  / __ `/ / ___/__  /|_/ /_  / / /    build RELWITHDEBINFO
[1990024:internal-dpl-injected-dummy-sink]:    / __/ / /_/ / / /    _  /  / / / /_/ /     https://github.com/FairRootGroup/FairMQ
[1990024:internal-dpl-injected-dummy-sink]:   /_/    \__,_/_/_/     /_/  /_/  \___\_\     LGPL-3.0  © 2012-2023 GSI
[1990024:internal-dpl-injected-dummy-sink]: 
[1990024:internal-dpl-injected-dummy-sink]: [12:46:30][STATE] Starting FairMQ state machine --> IDLE
[1990016:internal-dpl-clock]: [INFO] Spawing new device internal-dpl-clock in process with pid 1990016
[1990019:its-clusterer]: [12:46:30][STATE] IDLE ---> INITIALIZING DEVICE
[1990016:internal-dpl-clock]: [12:46:30][INFO] 
[1990016:internal-dpl-clock]:       ______      _    _______  _________ 
[1990016:internal-dpl-clock]:      / ____/___ _(_)_______   |/  /_  __ \    version 1.8.0
[1990016:internal-dpl-clock]:     / /_  / __ `/ / ___/__  /|_/ /_  / / /    build RELWITHDEBINFO
[1990016:internal-dpl-clock]:    / __/ / /_/ / / /    _  /  / / / /_/ /     https://github.com/FairRootGroup/FairMQ
[1990016:internal-dpl-clock]:   /_/    \__,_/_/_/     /_/  /_/  \___\_\     LGPL-3.0  © 2012-2023 GSI
[1990016:internal-dpl-clock]: 
[1990016:internal-dpl-clock]: [12:46:30][STATE] Starting FairMQ state machine --> IDLE
[1990016:internal-dpl-clock]: [12:46:30][STATE] IDLE ---> INITIALIZING DEVICE
[1990016:internal-dpl-clock]: [12:46:30][STATE] INITIALIZING DEVICE ---> INITIALIZED
[1990016:internal-dpl-clock]: [12:46:30][STATE] INITIALIZED ---> BINDING
[1990016:internal-dpl-clock]: [12:46:30][STATE] BINDING ---> BOUND
[1990016:internal-dpl-clock]: [12:46:30][STATE] BOUND ---> CONNECTING
[1990016:internal-dpl-clock]: [12:46:30][STATE] CONNECTING ---> DEVICE READY
[1990016:internal-dpl-clock]: [12:46:30][STATE] DEVICE READY ---> INITIALIZING TASK
[1990016:internal-dpl-clock]: [12:46:30][STATE] INITIALIZING TASK ---> READY
[1990016:internal-dpl-clock]: [12:46:30][STATE] READY ---> RUNNING
[1990016:internal-dpl-clock]: [12:46:30][INFO] fair::mq::Device running...
[1990016:internal-dpl-clock]: [12:46:30][INFO] LHCPeriod is not available, using current month OCT
[1990016:internal-dpl-clock]: [12:46:30][INFO] Correctly handshaken websocket connection.
[1990019:its-clusterer]: [12:46:30][STATE] INITIALIZING DEVICE ---> INITIALIZED
[1990022:irframe-writer-its]: [12:46:30][INFO] 0: branch  IRFrames set up
[1990024:internal-dpl-injected-dummy-sink]: [12:46:30][STATE] IDLE ---> INITIALIZING DEVICE
[1990022:irframe-writer-its]: [12:46:30][STATE] INITIALIZING DEVICE ---> INITIALIZED
[1990022:irframe-writer-its]: [12:46:30][STATE] INITIALIZED ---> BINDING
[1990022:irframe-writer-its]: [12:46:30][STATE] BINDING ---> BOUND
[1990022:irframe-writer-its]: [12:46:30][STATE] BOUND ---> CONNECTING
[1990024:internal-dpl-injected-dummy-sink]: [12:46:30][STATE] INITIALIZING DEVICE ---> INITIALIZED
[1990024:internal-dpl-injected-dummy-sink]: [12:46:30][STATE] INITIALIZED ---> BINDING
[1990024:internal-dpl-injected-dummy-sink]: [12:46:30][STATE] BINDING ---> BOUND
[1990022:irframe-writer-its]: [12:46:30][STATE] CONNECTING ---> DEVICE READY
[1990024:internal-dpl-injected-dummy-sink]: [12:46:30][STATE] BOUND ---> CONNECTING
[1990019:its-clusterer]: [12:46:30][STATE] INITIALIZED ---> BINDING
[1990022:irframe-writer-its]: [12:46:30][STATE] DEVICE READY ---> INITIALIZING TASK
[1990019:its-clusterer]: [12:46:30][STATE] BINDING ---> BOUND
[1990022:irframe-writer-its]: [12:46:30][STATE] INITIALIZING TASK ---> READY
[1990024:internal-dpl-injected-dummy-sink]: [12:46:30][STATE] CONNECTING ---> DEVICE READY
[1990022:irframe-writer-its]: [12:46:30][STATE] READY ---> RUNNING
[1990022:irframe-writer-its]: [12:46:30][INFO] fair::mq::Device running...
[1990022:irframe-writer-its]: [12:46:30][INFO] LHCPeriod is not available, using current month OCT
[1990024:internal-dpl-injected-dummy-sink]: [12:46:30][STATE] DEVICE READY ---> INITIALIZING TASK
[1990022:irframe-writer-its]: [12:46:30][INFO] Correctly handshaken websocket connection.
[1990024:internal-dpl-injected-dummy-sink]: [12:46:30][STATE] INITIALIZING TASK ---> READY
[1990024:internal-dpl-injected-dummy-sink]: [12:46:30][STATE] READY ---> RUNNING
[1990024:internal-dpl-injected-dummy-sink]: [12:46:30][INFO] fair::mq::Device running...
[1990024:internal-dpl-injected-dummy-sink]: [12:46:30][INFO] LHCPeriod is not available, using current month OCT
[1990019:its-clusterer]: [12:46:30][STATE] BOUND ---> CONNECTING
[1990024:internal-dpl-injected-dummy-sink]: [12:46:30][INFO] Correctly handshaken websocket connection.
[1990019:its-clusterer]: [12:46:30][STATE] CONNECTING ---> DEVICE READY
[1990019:its-clusterer]: [12:46:30][STATE] DEVICE READY ---> INITIALIZING TASK
[1990019:its-clusterer]: [12:46:30][STATE] INITIALIZING TASK ---> READY
[1990019:its-clusterer]: [12:46:30][STATE] READY ---> RUNNING
[1990019:its-clusterer]: [12:46:30][INFO] fair::mq::Device running...
[1990019:its-clusterer]: [12:46:30][INFO] LHCPeriod is not available, using current month OCT
[1990019:its-clusterer]: [12:46:30][INFO] Correctly handshaken websocket connection.
[1990020:its-cluster-writer]: [INFO] Instrumenting crash signals
[1990020:its-cluster-writer]: [INFO] Spawing new device its-cluster-writer in process with pid 1990020
[1990020:its-cluster-writer]: [12:46:30][INFO] 
[1990020:its-cluster-writer]:       ______      _    _______  _________ 
[1990020:its-cluster-writer]:      / ____/___ _(_)_______   |/  /_  __ \    version 1.8.0
[1990020:its-cluster-writer]:     / /_  / __ `/ / ___/__  /|_/ /_  / / /    build RELWITHDEBINFO
[1990020:its-cluster-writer]:    / __/ / /_/ / / /    _  /  / / / /_/ /     https://github.com/FairRootGroup/FairMQ
[1990020:its-cluster-writer]:   /_/    \__,_/_/_/     /_/  /_/  \___\_\     LGPL-3.0  © 2012-2023 GSI
[1990020:its-cluster-writer]: 
[1990020:its-cluster-writer]: [12:46:30][STATE] Starting FairMQ state machine --> IDLE
[1990020:its-cluster-writer]: [12:46:30][STATE] IDLE ---> INITIALIZING DEVICE
[1990020:its-cluster-writer]: [12:46:30][INFO] 0: branch  ITSClusterComp set up
[1990020:its-cluster-writer]: [12:46:30][INFO] 1: branch  ITSClusterPatt set up
[1990020:its-cluster-writer]: [12:46:30][INFO] 2: branch  ITSClustersROF set up
[1990020:its-cluster-writer]: [12:46:30][INFO] 3: branch  ITSClusterMCTruth set up
[1990020:its-cluster-writer]: [12:46:30][INFO] 4: branch  ITSClustersMC2ROF set up
[1990020:its-cluster-writer]: [12:46:30][STATE] INITIALIZING DEVICE ---> INITIALIZED
[1990020:its-cluster-writer]: [12:46:30][STATE] INITIALIZED ---> BINDING
[1990020:its-cluster-writer]: [12:46:30][STATE] BINDING ---> BOUND
[1990020:its-cluster-writer]: [12:46:30][STATE] BOUND ---> CONNECTING
[1990020:its-cluster-writer]: [12:46:30][STATE] CONNECTING ---> DEVICE READY
[1990020:its-cluster-writer]: [12:46:30][STATE] DEVICE READY ---> INITIALIZING TASK
[1990020:its-cluster-writer]: [12:46:30][STATE] INITIALIZING TASK ---> READY
[1990020:its-cluster-writer]: [12:46:30][STATE] READY ---> RUNNING
[1990020:its-cluster-writer]: [12:46:30][INFO] fair::mq::Device running...
[1990020:its-cluster-writer]: [12:46:30][INFO] LHCPeriod is not available, using current month OCT
[1990020:its-cluster-writer]: [12:46:30][INFO] Correctly handshaken websocket connection.
[1990023:its-track-writer]: [INFO] Instrumenting crash signals
[1990023:its-track-writer]: [INFO] Spawing new device its-track-writer in process with pid 1990023
[1990023:its-track-writer]: [12:46:30][INFO] 
[1990023:its-track-writer]:       ______      _    _______  _________ 
[1990023:its-track-writer]:      / ____/___ _(_)_______   |/  /_  __ \    version 1.8.0
[1990023:its-track-writer]:     / /_  / __ `/ / ___/__  /|_/ /_  / / /    build RELWITHDEBINFO
[1990023:its-track-writer]:    / __/ / /_/ / / /    _  /  / / / /_/ /     https://github.com/FairRootGroup/FairMQ
[1990023:its-track-writer]:   /_/    \__,_/_/_/     /_/  /_/  \___\_\     LGPL-3.0  © 2012-2023 GSI
[1990023:its-track-writer]: 
[1990023:its-track-writer]: [12:46:30][STATE] Starting FairMQ state machine --> IDLE
[1990023:its-track-writer]: [12:46:30][STATE] IDLE ---> INITIALIZING DEVICE
[1990023:its-track-writer]: [12:46:30][INFO] 0: branch  ITSTrack set up
[1990023:its-track-writer]: [12:46:30][INFO] 1: branch  ITSTrackClusIdx set up
[1990023:its-track-writer]: [12:46:30][INFO] 2: branch  Vertices set up
[1990023:its-track-writer]: [12:46:30][INFO] 3: branch  VerticesROF set up
[1990023:its-track-writer]: [12:46:30][INFO] 4: branch  ITSTracksROF set up
[1990023:its-track-writer]: [12:46:30][INFO] 5: branch  ITSTrackMCTruth set up
[1990023:its-track-writer]: [12:46:30][INFO] 6: branch  ITSVertexMCTruth set up
[1990023:its-track-writer]: [12:46:30][INFO] 7: branch  ITSTracksMC2ROF set up
[1990023:its-track-writer]: [12:46:30][STATE] INITIALIZING DEVICE ---> INITIALIZED
[1990023:its-track-writer]: [12:46:30][STATE] INITIALIZED ---> BINDING
[1990023:its-track-writer]: [12:46:30][STATE] BINDING ---> BOUND
[1990023:its-track-writer]: [12:46:30][STATE] BOUND ---> CONNECTING
[1990023:its-track-writer]: [12:46:30][STATE] CONNECTING ---> DEVICE READY
[1990023:its-track-writer]: [12:46:30][STATE] DEVICE READY ---> INITIALIZING TASK
[1990023:its-track-writer]: [12:46:30][STATE] INITIALIZING TASK ---> READY
[1990023:its-track-writer]: [12:46:30][STATE] READY ---> RUNNING
[1990023:its-track-writer]: [12:46:30][INFO] fair::mq::Device running...
[1990023:its-track-writer]: [12:46:30][INFO] LHCPeriod is not available, using current month OCT
[1990023:its-track-writer]: [12:46:30][INFO] Correctly handshaken websocket connection.
[1990017:its-digit-reader]: [12:46:30][INFO] Loaded tree from itsdigits.root with 1 entries
[1990017:its-digit-reader]: [12:46:30][STATE] INITIALIZING DEVICE ---> INITIALIZED
[1990017:its-digit-reader]: [12:46:30][STATE] INITIALIZED ---> BINDING
[1990017:its-digit-reader]: [12:46:30][STATE] BINDING ---> BOUND
[1990017:its-digit-reader]: [12:46:30][STATE] BOUND ---> CONNECTING
[1990017:its-digit-reader]: [12:46:30][STATE] CONNECTING ---> DEVICE READY
[1990017:its-digit-reader]: [12:46:30][STATE] DEVICE READY ---> INITIALIZING TASK
[1990017:its-digit-reader]: [12:46:30][STATE] INITIALIZING TASK ---> READY
[1990017:its-digit-reader]: [12:46:30][STATE] READY ---> RUNNING
[1990017:its-digit-reader]: [12:46:30][INFO] fair::mq::Device running...
[1990017:its-digit-reader]: [12:46:30][INFO] LHCPeriod is not available, using current month OCT
[1990017:its-digit-reader]: [12:46:30][INFO] ITSDigitReader pushes 128 ROFRecords, 2162460 digits at entry 0
[1990017:its-digit-reader]: [12:46:30][INFO] Sending end-of-stream message to channel from_its-digit-reader_to_internal-dpl-ccdb-backend
[1990017:its-digit-reader]: [12:46:30][INFO] Sending end-of-stream message to channel from_its-digit-reader_to_its-clusterer
[1990017:its-digit-reader]: [12:46:30][INFO] Sending end-of-stream message to channel from_its-digit-reader_to_internal-dpl-injected-dummy-sink
[1990017:its-digit-reader]: [12:46:30][INFO] Correctly handshaken websocket connection.
[1990018:internal-dpl-ccdb-backend]: Info in <TJAlienConnectionManager>: Opening connection to JCentral. Please wait
[1990018:internal-dpl-ccdb-backend]: Info in <TJAlienConnectionManager>: Opening connection to 137.138.99.147
[1990018:internal-dpl-ccdb-backend]: Info in <TJAlienConnectionManager>: Successfully connected to 137.138.99.147
[1990018:internal-dpl-ccdb-backend]: Info in <TJAlienFile::Open>: Accessing file /alice/data/CCDB/CTP/Calib/OrbitReset/06/62200/b9f985c3-b4b0-11ec-8fd3-90ce809b24ee in SE <ALICE::CERN::EOS>
[1990018:internal-dpl-ccdb-backend]: [12:46:31][INFO] ccdb reads http://alice-ccdb.cern.ch/CTP/Calib/OrbitReset/1546300800000/b9f985c3-b4b0-11ec-8fd3-90ce809b24ee for 1546300800000 (load to memory, agent_id: localhost.localdomain-1697193990-WxaU42), 
[1990018:internal-dpl-ccdb-backend]: Info in <TJAlienFile::Open>: Accessing file /alice/data/CCDB/ITS/Calib/ClusterDictionary/09/10449/c245a720-9fe3-11ec-975c-200114580202 in SE <ALICE::CERN::OCDB>
[1990018:internal-dpl-ccdb-backend]: [12:46:31][INFO] ccdb reads http://alice-ccdb.cern.ch/ITS/Calib/ClusterDictionary/0/c245a720-9fe3-11ec-975c-200114580202 for 1546300800000 (load to memory, agent_id: localhost.localdomain-1697193990-WxaU42), 
[1990018:internal-dpl-ccdb-backend]: Info in <TJAlienFile::Open>: Accessing file /alice/data/CCDB/GLO/Config/GRPECS/03/07584/646e9be2-0210-11ed-8000-200114580202 in SE <ALICE::CERN::OCDB>
[1990018:internal-dpl-ccdb-backend]: [12:46:31][INFO] ccdb reads http://alice-ccdb.cern.ch/GLO/Config/GRPECS/1546300800000/646e9be2-0210-11ed-8000-200114580202 for 1546300800000 (load to memory, agent_id: localhost.localdomain-1697193990-WxaU42), 
[1990018:internal-dpl-ccdb-backend]: Info in <TJAlienFile::Open>: Accessing file /alice/data/CCDB/ITS/Config/AlpideParam/02/10715/76f24ad5-e339-11ec-9e90-200114580204 in SE <ALICE::CERN::OCDB>
[1990018:internal-dpl-ccdb-backend]: [12:46:31][INFO] ccdb reads http://alice-ccdb.cern.ch/ITS/Config/AlpideParam/1546300800000/76f24ad5-e339-11ec-9e90-200114580204 for 1546300800000 (load to memory, agent_id: localhost.localdomain-1697193990-WxaU42), 
[1990018:internal-dpl-ccdb-backend]: Info in <TJAlienFile::Open>: Accessing file /alice/data/CCDB/ITS/Config/ClustererParam/06/44918/b0c41285-f1ae-11ec-b9c0-2a010e0a0b16 in SE <ALICE::CERN::OCDB>
[1990018:internal-dpl-ccdb-backend]: [12:46:31][INFO] ccdb reads http://alice-ccdb.cern.ch/ITS/Config/ClustererParam/1/b0c41285-f1ae-11ec-b9c0-2a010e0a0b16 for 1546300800000 (load to memory, agent_id: localhost.localdomain-1697193990-WxaU42), 
[1990018:internal-dpl-ccdb-backend]: Info in <TJAlienFile::Open>: Accessing file /alice/data/CCDB/GLO/Param/MatLUT/05/24630/d5a2a33e-dba4-11ec-9e90-2a010e0a0b16 in SE <ALICE::CERN::OCDB>
[1990018:internal-dpl-ccdb-backend]: [12:46:32][INFO] ccdb reads http://alice-ccdb.cern.ch/GLO/Param/MatLUT/1546300800000/d5a2a33e-dba4-11ec-9e90-2a010e0a0b16 for 1546300800000 (load to memory, agent_id: localhost.localdomain-1697193990-WxaU42), 
[1990018:internal-dpl-ccdb-backend]: Info in <TJAlienFile::Open>: Accessing file /alice/data/CCDB/GLO/Config/GRPMagField/06/62924/01d633ab-efdf-11ec-841e-2a010e0a0b16 in SE <ALICE::CERN::OCDB>
[1990018:internal-dpl-ccdb-backend]: [12:46:32][INFO] ccdb reads http://alice-ccdb.cern.ch/GLO/Config/GRPMagField/1546300800000/01d633ab-efdf-11ec-841e-2a010e0a0b16 for 1546300800000 (load to memory, agent_id: localhost.localdomain-1697193990-WxaU42), 
[1990018:internal-dpl-ccdb-backend]: Info in <TJAlienFile::Open>: Accessing file /alice/data/CCDB/GLO/Config/GeometryAligned/06/21224/787687c0-287a-11ed-8141-200114580202 in SE <ALICE::CERN::OCDB>
[1990018:internal-dpl-ccdb-backend]: [12:46:32][INFO] ccdb reads http://alice-ccdb.cern.ch/GLO/Config/GeometryAligned/1546300800000/787687c0-287a-11ed-8141-200114580202 for 1546300800000 (load to memory, agent_id: localhost.localdomain-1697193990-WxaU42), 
[1990018:internal-dpl-ccdb-backend]: [12:46:32][INFO] Sending end-of-stream message to channel from_internal-dpl-ccdb-backend_to_its-clusterer
[1990018:internal-dpl-ccdb-backend]: [12:46:32][INFO] Sending end-of-stream message to channel from_internal-dpl-ccdb-backend_to_its-tracker
[1990018:internal-dpl-ccdb-backend]: [12:46:32][INFO] Sending end-of-stream message to channel from_internal-dpl-ccdb-backend_to_internal-dpl-injected-dummy-sink
[1990019:its-clusterer]: [12:46:32][INFO] GRP ECS object updated
[1990019:its-clusterer]: [12:46:32][INFO] Caching in 140514344246304 ptr to GLO/GRPECS/0 (0x4863950)
[1990019:its-clusterer]: [12:46:32][INFO] cluster dictionary updated
[1990019:its-clusterer]: [12:46:32][INFO] Caching in 140514344218432 ptr to ITS/CLUSDICT/0 (0x5be9250)
[1990019:its-clusterer]: [12:46:32][INFO] Alpide param updated
[1990019:its-clusterer]: ITSAlpideParam.roFrameLengthInBC : 198		[ CCDB ]
[1990019:its-clusterer]: ITSAlpideParam.roFrameLengthTrig : 6000		[ CCDB ]
[1990019:its-clusterer]: ITSAlpideParam.strobeDelay : 99.8031		[ CCDB ]
[1990019:its-clusterer]: ITSAlpideParam.strobeLengthCont : -1		[ CCDB ]
[1990019:its-clusterer]: ITSAlpideParam.strobeLengthTrig : 100		[ CCDB ]
[1990019:its-clusterer]: ITSAlpideParam.roFrameBiasInBC : 64		[ CCDB ]
[1990019:its-clusterer]: [12:46:32][INFO] Caching in 140514344248576 ptr to ITS/ALPIDEPARAM/0 (0x7fce86915880)
[1990019:its-clusterer]: [12:46:32][INFO] Cluster param updated
[1990019:its-clusterer]: ITSClustererParam.maxRowColDiffToMask : 1		[ CCDB ]
[1990019:its-clusterer]: ITSClustererParam.maxBCDiffToMaskBias : 10		[ CCDB ]
[1990019:its-clusterer]: ITSClustererParam.maxBCDiffToSquashBias : -10		[ CCDB ]
[1990019:its-clusterer]: ITSClustererParam.maxSOTMUS : 8		[ CCDB ]
[1990019:its-clusterer]: [12:46:32][INFO] Caching in 140514344250848 ptr to ITS/CLUSPARAM/0 (0x7fce86915850)
[1990019:its-clusterer]: [12:46:32][INFO] Clusterizer squashes overflow pixels separated by 188 BC and <= 1 in row/col seeking down to 0 neighbour ROFs
[1990019:its-clusterer]: [12:46:32][INFO] Clusterizer masks overflow pixels separated by < 208 BC and <= 1 in row/col
[1990019:its-clusterer]: [12:46:32][INFO] Inclusive clusterization timing (w/o disk IO): Cpu: 0 Real: 0 s in 1 slots
[1990019:its-clusterer]: [12:46:32][INFO] Threads output merging timing                : Cpu: 0 Real: 0 s in 1 slots
[1990019:its-clusterer]: [12:46:32][INFO] ITSClusterer pulled 2162460 digits, in 128 RO frames
[1990019:its-clusterer]: [12:46:32][INFO] ITSClusterer pulled 2311304 labels 
[1990019:its-clusterer]: [12:46:32][INFO] ITSClusterer pushed 213930 clusters, in 128 RO frames
[1990019:its-clusterer]: [12:46:32][INFO] Clusterizer squashes overflow pixels separated by 188 BC and <= 1 in row/col seeking down to 0 neighbour ROFs
[1990019:its-clusterer]: [12:46:32][INFO] Clusterizer masks overflow pixels separated by < 208 BC and <= 1 in row/col
[1990019:its-clusterer]: [12:46:32][INFO] Inclusive clusterization timing (w/o disk IO): Cpu: 0.09 Real: 0.0866759 s in 2 slots
[1990019:its-clusterer]: [12:46:32][INFO] Threads output merging timing                : Cpu: 0 Real: 0 s in 1 slots
[1990019:its-clusterer]: [12:46:32][INFO] Sending end-of-stream message to channel from_its-clusterer_to_its-cluster-writer
[1990019:its-clusterer]: [12:46:32][INFO] Sending end-of-stream message to channel from_its-clusterer_to_its-tracker
[1990020:its-cluster-writer]: [12:46:32][INFO] ITSClusterWriter pulled 213930 clusters, in 128 RO frames
[1990020:its-cluster-writer]: [12:46:32][INFO] Sending end-of-stream message to channel from_its-cluster-writer_to_its-tracker
[1990021:its-tracker]: [12:46:32][INFO] GRP MagField object updated
[1990021:its-tracker]: [12:46:32][INFO] MagneticField::Print: MagneticFieldMap:
[1990021:its-tracker]: [12:46:32][INFO] MagneticField::Print: Solenoid (-1*)5 kG, Dipole ON (-1) 
[1990021:its-tracker]: [12:46:32][INFO] MagneticField::Print: Machine B fields for p-p  beam (7000 GeV): QGrad: 22.0002 Dipole: 37.8781
[1990021:its-tracker]: [12:46:32][INFO] MagneticField::Print: Uses Sol30_Dip6_Hole  of /root/alice/sw/slc9_x86-64/O2/segment-local1/share/Common/maps/mfchebKGI_sym.root
[1990021:its-tracker]: Info in <TGeoGlobalMagField::SetField>: Global magnetic field set to <MagneticFieldMap>
[1990021:its-tracker]: Info in <TGeoGlobalMagField::Lock>: Global magnetic field <MagneticFieldMap> is now locked
[1990021:its-tracker]: [12:46:32][INFO] Caching in 140157592378272 ptr to GLO/GRPMAGFIELD/0 (0x4439df0)
[1990021:its-tracker]: [12:46:32][INFO] GRP ECS object updated
[1990021:its-tracker]: [12:46:32][INFO] Caching in 140157583146016 ptr to GLO/GRPECS/0 (0x338bba0)
[1990021:its-tracker]: [12:46:32][INFO] material LUT updated
[1990021:its-tracker]: [12:46:32][INFO] Loaded 440 params from $(O2_ROOT)/share/Common/maps/sol5k.txt
[1990021:its-tracker]: [12:46:32][INFO] Caching in 140157583152832 ptr to GLO/MATLUT/0 (0x4d8be90)
[1990021:its-tracker]: Info in <TGeoManager::CloseGeometry>: Geometry loaded from file...
[1990021:its-tracker]: Info in <TGeoManager::SetTopVolume>: Top volume is cave. Master volume is cave
[1990021:its-tracker]: Info in <TGeoNavigator::BuildCache>: --- Maximum geometry depth set to 100
[1990021:its-tracker]: Info in <TGeoManager::Voxelize>: Voxelizing...
[1990021:its-tracker]: Info in <TGeoManager::CountLevels>: max level = 13, max placements = 735
[1990021:its-tracker]: Info in <TGeoManager::CloseGeometry>: 5346742 nodes/ 27442 volume UID's in FAIR geometry
[1990021:its-tracker]: Info in <TGeoManager::CloseGeometry>: ----------------modeler ready----------------
[1990021:its-tracker]: [12:46:33][INFO] aligned geometry updated
[1990021:its-tracker]: [12:46:33][INFO] Caching in 140157592379520 ptr to GLO/GEOMALIGN/0 (0x4e672d0)
[1990021:its-tracker]: [12:46:33][INFO] cluster dictionary updated
[1990021:its-tracker]: [12:46:33][INFO] Caching in 140157583118144 ptr to ITS/CLUSDICT/0 (0x550e1a0)
[1990021:its-tracker]: [12:46:33][INFO] Alpide param updated
[1990021:its-tracker]: ITSAlpideParam.roFrameLengthInBC : 198		[ CCDB ]
[1990021:its-tracker]: ITSAlpideParam.roFrameLengthTrig : 6000		[ CCDB ]
[1990021:its-tracker]: ITSAlpideParam.strobeDelay : 99.8031		[ CCDB ]
[1990021:its-tracker]: ITSAlpideParam.strobeLengthCont : -1		[ CCDB ]
[1990021:its-tracker]: ITSAlpideParam.strobeLengthTrig : 100		[ CCDB ]
[1990021:its-tracker]: ITSAlpideParam.roFrameBiasInBC : 64		[ CCDB ]
[1990021:its-tracker]: [12:46:33][INFO] Caching in 140157583148288 ptr to ITS/ALPIDEPARAM/0 (0x7f7b75bd0880)
[1990021:its-tracker]: [12:46:33][INFO] Loading ITS T2L matrices from TGeo
[1990021:its-tracker]: [12:46:33][WARN] It is faster to use 2D rotation for T2G instead of full Transform3D matrices
[1990021:its-tracker]: [12:46:33][INFO] Loading ITS T2G matrices from TGeo
[1990021:its-tracker]: [12:46:33][INFO] Loading ITS T2G rotation 2D matrices
[1990021:its-tracker]: [12:46:33][INFO] Setting seeding vertexer with 1 threads.
[1990021:its-tracker]: [12:46:33][INFO] ITSTracker pulled 213930 clusters, 128 RO frames
[1990021:its-tracker]: [12:46:33][INFO] 213930 MC label objects , in 248 MC events
[1990021:its-tracker]: [12:46:33][INFO] ITSTracker RO: continuous=1
[1990021:its-tracker]: [12:46:33][INFO] Loading ITS L2G matrices from TGeo
[1990021:its-tracker]: [12:46:33][INFO]  - Vertexer initialisation completed in: 0.993402 ms
[1990021:its-tracker]: [12:46:33][INFO]  - Vertexer tracklet finding completed in: 171.608 ms
[1990021:its-tracker]: [12:46:35][INFO]  - Vertexer adjacent tracklets validation completed in: 1662.82 ms
[1990021:its-tracker]: [12:46:35][INFO]  - Vertexer vertex finding completed in: 185.752 ms
[1990021:its-tracker]: [12:46:35][INFO]  - Timeframe 0 vertexing completed in: 2021.1738 ms, using 1 thread(s).
[1990021:its-tracker]: [12:46:35][INFO]  - rejected 0/128 ROFs: random/mult.sel:0 (seed 624), vtx.sel:0
[1990021:its-tracker]: [12:46:35][INFO]  - Vertex seeding total elapsed time: 2021.1738 ms for 63 vertices found in 128 ROFs
[1990021:its-tracker]: [12:46:35][INFO]  - Beam position computed for the TF: 0.0004892678, -0.0016709466
[1990021:its-tracker]: [12:46:35][INFO]  - Timeframe initialisation completed in: 6.8282 ms
[1990021:its-tracker]: [12:46:35][INFO]  - Tracklet finding completed in: 15.1457 ms
[1990021:its-tracker]: [12:46:35][INFO] 	- Number of tracklets: 133095
[1990021:its-tracker]: [12:46:35][INFO]  - Cell finding completed in: 45.4734 ms
[1990021:its-tracker]: [12:46:35][INFO] 	- Number of Cells: 153520
[1990021:its-tracker]: [12:46:35][INFO]  - Neighbour finding completed in: 43.0768 ms
[1990021:its-tracker]: [12:46:35][INFO]  - Road finding completed in: 1.36336 ms
[1990021:its-tracker]: [12:46:35][INFO] 	- Number of Roads: 37008
[1990021:its-tracker]: [12:46:36][INFO]  - Track finding completed in: 584.039 ms
[1990021:its-tracker]: [12:46:36][INFO] 	- Number of Tracks: 12325
[1990021:its-tracker]: [12:46:36][INFO]  - Extending tracks completed in: 0.000436 ms
[1990021:its-tracker]: [12:46:36][INFO]  - Timeframe initialisation completed in: 1.10185 ms
[1990021:its-tracker]: [12:46:36][INFO]  - Tracklet finding completed in: 6.8504 ms
[1990021:its-tracker]: [12:46:36][INFO] 	- Number of tracklets: 30134
[1990021:its-tracker]: [12:46:36][INFO]  - Cell finding completed in: 8.48505 ms
[1990021:its-tracker]: [12:46:36][INFO] 	- Number of Cells: 26562
[1990021:its-tracker]: [12:46:36][INFO]  - Neighbour finding completed in: 4.86769 ms
[1990021:its-tracker]: [12:46:36][INFO]  - Road finding completed in: 0.038361 ms
[1990021:its-tracker]: [12:46:36][INFO] 	- Number of Roads: 346
[1990021:its-tracker]: [12:46:36][INFO]  - Track finding completed in: 3.12297 ms
[1990021:its-tracker]: [12:46:36][INFO] 	- Number of Tracks: 12348
[1990021:its-tracker]: [12:46:36][INFO]  - Extending tracks completed in: 0.000247 ms
[1990021:its-tracker]: [12:46:36][INFO]  - Timeframe initialisation completed in: 0.173696 ms
[1990021:its-tracker]: [12:46:36][INFO]  - Tracklet finding completed in: 9.94611 ms
[1990021:its-tracker]: [12:46:36][INFO] 	- Number of tracklets: 94975
[1990021:its-tracker]: [12:46:36][INFO]  - Cell finding completed in: 85.4048 ms
[1990021:its-tracker]: [12:46:36][INFO] 	- Number of Cells: 287714
[1990021:its-tracker]: [12:46:36][INFO]  - Neighbour finding completed in: 189.134 ms
[1990021:its-tracker]: [12:46:36][INFO]  - Road finding completed in: 33.0939 ms
[1990021:its-tracker]: [12:46:36][INFO] 	- Number of Roads: 1086668
[1990021:its-tracker]: [12:46:39][WARN] Negative chi2=-1969.079332053484, Cluster: 2.5006597e-07 0 6.159133e-07 Dy:1.0070707 Dz:-0.052273273 | sdd:14.870306265080615 sdz:0.25320857763290405 szz:0.004309137195207313 det:-3.639395589517813e-05
[1990021:its-tracker]: [12:46:39][WARN] Track: X:+2.4663e+01 Alp:+3.142e-01 Par: +1.1461e+00 +6.8313e+00 +7.4831e-02 +2.4481e-01 +4.8506e-02 |Q|:1 Pion Cov: [+1.487e+01] [+2.532e-01 +4.309e-03] [+3.791e+00 +6.456e-02 +9.666e-01] [-3.445e-03 -5.932e-05 -8.783e-04 +6.726e-07] [+2.544e+02 +4.332e+00 +6.486e+01 -5.894e-02 +4.352e+03]
[1990021:its-tracker]: [12:46:39][WARN] Negative chi2=-17508.825771196123, Cluster: 2.7012965e-07 0 3.7946185e-07 Dy:-0.5539676 Dz:0.09084654 | sdd:14.685847552539315 sdz:0.1506078988313675 szz:0.0015439983169187599 det:-7.815286753233563e-06
[1990021:its-tracker]: [12:46:39][WARN] Track: X:+2.4663e+01 Alp:+5.236e-01 Par: +1.5322e+00 +7.0782e+00 +4.3584e-02 +2.5121e-01 +1.7516e-01 |Q|:1 Pion Cov: [+1.469e+01] [+1.506e-01 +1.544e-03] [+3.753e+00 +3.849e-02 +9.593e-01] [-1.319e-03 -1.367e-05 -3.371e-04 +1.277e-07] [+2.502e+02 +2.565e+00 +6.394e+01 -2.247e-02 +4.261e+03]
[1990021:its-tracker]: [12:46:39][WARN] Negative chi2=-12204.128467530847, Cluster: 2.7012965e-07 0 3.7946185e-07 Dy:-0.5504825 Dz:0.09422588 | sdd:14.683934481860604 sdz:0.1547347456216812 szz:0.0016297269091580802 det:-1.2038345203958106e-05
[1990021:its-tracker]: [12:46:39][WARN] Track: X:+2.4663e+01 Alp:+5.236e-01 Par: +1.5357e+00 +7.0816e+00 +4.3943e-02 +2.5184e-01 +1.0113e-01 |Q|:1 Pion Cov: [+1.468e+01] [+1.547e-01 +1.629e-03] [+3.753e+00 +3.954e-02 +9.590e-01] [-1.115e-03 -1.199e-05 -2.850e-04 +4.924e-08] [+2.501e+02 +2.636e+00 +6.392e+01 -1.899e-02 +4.260e+03]
[1990021:its-tracker]: [12:46:39][WARN] Negative chi2=-3616.739307571667, Cluster: 2.7012965e-07 0 3.7946185e-07 Dy:-0.118787885 Dz:0.08635759 | sdd:15.096067698718514 sdz:0.44130995869636536 szz:0.012898776162472814 det:-3.368146528151539e-05
[1990021:its-tracker]: [12:46:39][WARN] Track: X:+2.4663e+01 Alp:+5.236e-01 Par: +1.9674e+00 +7.0737e+00 +1.2441e-01 +2.4867e-01 +1.4162e-01 |Q|:1 Pion Cov: [+1.510e+01] [+4.413e-01 +1.290e-02] [+3.787e+00 +1.107e-01 +9.500e-01] [-4.316e-03 -1.267e-04 -1.083e-03 +1.182e-06] [+2.536e+02 +7.413e+00 +6.362e+01 -7.250e-02 +4.260e+03]
[1990021:its-tracker]: [12:46:39][WARN] Negative chi2=-37.943048437380234, Cluster: 2.7012965e-07 0 3.7946185e-07 Dy:0.10119649 Dz:0.0052394867 | sdd:11.72394779515406 sdz:0.06004643067717552 szz:0.0003069517904066288 det:-6.887070712458584e-06
[1990021:its-tracker]: [12:46:39][WARN] Track: X:+2.4663e+01 Alp:+9.425e-01 Par: +7.0896e-02 -9.3626e+00 -1.2930e-02 -4.2872e-01 +7.7712e-02 |Q|:1 Pion Cov: [+1.172e+01] [+6.005e-02 +3.066e-04] [+3.188e+00 +1.633e-02 +8.672e-01] [-1.369e-03 -7.285e-06 -3.722e-04 +1.086e-07] [+2.200e+02 +1.127e+00 +5.984e+01 -2.568e-02 +4.129e+03]
[1990021:its-tracker]: [12:46:39][WARN] Negative chi2=-556986.2086203034, Cluster: 9.571707e-08 0 1.6776019e-07 Dy:0.54598546 Dz:0.32478333 | sdd:12.318315601698515 sdz:-0.25485959649086 szz:0.0052727108179908555 det:-2.4979909826750024e-06
[1990021:its-tracker]: [12:46:39][WARN] Track: X:+2.4303e+01 Alp:+9.425e-01 Par: -1.4187e+00 +7.1889e+00 -8.5802e-02 +2.5727e-01 +2.3394e-01 |Q|:1 Pion Cov: [+1.232e+01] [-2.549e-01 +5.273e-03] [+3.303e+00 -6.834e-02 +8.857e-01] [+4.112e-03 -8.502e-05 +1.103e-03 +1.446e-06] [+2.285e+02 -4.727e+00 +6.127e+01 +7.628e-02 +4.238e+03]
[1990021:its-tracker]: [12:46:39][WARN] Negative chi2=-2246637.270216397, Cluster: 9.571707e-08 0 1.6776019e-07 Dy:0.7791374 Dz:0.32027626 | sdd:12.329773998610136 sdz:-0.14430730044841766 szz:0.0016889199671652477 det:-5.954658223276954e-07
[1990021:its-tracker]: [12:46:39][WARN] Track: X:+2.4303e+01 Alp:+9.425e-01 Par: -1.1856e+00 +7.1843e+00 -3.9581e-02 +2.5712e-01 +1.2583e-01 |Q|:1 Pion Cov: [+1.233e+01] [-1.443e-01 +1.689e-03] [+3.340e+00 -3.909e-02 +9.049e-01] [-3.411e-03 +3.987e-05 -9.241e-04 +9.439e-07] [+2.319e+02 -2.715e+00 +6.284e+01 -6.417e-02 +4.363e+03]
[1990021:its-tracker]: [12:46:39][WARN] Negative chi2=-1.156637879923655, Cluster: 3.116498e-07 0 2.1293341e-07 Dy:-0.07746029 Dz:0.0011444092 | sdd:11.940633131779208 sdz:-0.09815920889377594 szz:0.0008067052210805059 det:-2.6592002387824942e-06
[1990021:its-tracker]: [12:46:39][WARN] Track: X:+2.4663e+01 Alp:+1.047e-01 Par: +7.1611e-01 -1.0173e+01 +2.2430e-02 -4.1117e-01 +2.4358e-01 |Q|:1 Pion Cov: [+1.194e+01] [-9.816e-02 +8.065e-04] [+3.237e+00 -2.661e-02 +8.777e-01] [+1.288e-03 -1.064e-05 +3.492e-04 +1.739e-07] [+2.234e+02 -1.836e+00 +6.056e+01 +2.409e-02 +4.178e+03]
[1990021:its-tracker]: [12:46:39][WARN] Negative chi2=-35916.22083424347, Cluster: 2.7012965e-07 0 3.7946185e-07 Dy:-0.16582453 Dz:0.113147736 | sdd:12.134709628344979 sdz:-0.14524710178375244 szz:0.0017381994464074069 det:-4.175018275869025e-06
[1990021:its-tracker]: [12:46:39][WARN] Track: X:+2.4663e+01 Alp:+1.047e-01 Par: +1.4096e+00 -9.1992e+00 +3.6611e-02 -3.5488e-01 +2.6809e-01 |Q|:1 Pion Cov: [+1.213e+01] [-1.452e-01 +1.738e-03] [+3.279e+00 -3.925e-02 +8.860e-01] [+1.411e-03 -1.685e-05 +3.813e-04 +2.788e-07] [+2.262e+02 -2.708e+00 +6.112e+01 +2.631e-02 +4.217e+03]
[1990021:its-tracker]: [12:46:39][WARN] Negative chi2=-170261.49939292012, Cluster: 2.7012965e-07 0 3.7946185e-07 Dy:-0.1415472 Dz:0.10157013 | sdd:11.936181338550057 sdz:-0.16272714734077454 szz:0.0022184170727257424 det:-6.960170762931872e-07
[1990021:its-tracker]: [12:46:39][WARN] Track: X:+2.4663e+01 Alp:+1.047e-01 Par: +1.4339e+00 -9.2107e+00 +4.1231e-02 -3.5714e-01 +2.0148e-01 |Q|:1 Pion Cov: [+1.194e+01] [-1.627e-01 +2.218e-03] [+3.219e+00 -4.389e-02 +8.681e-01] [+1.813e-03 -2.472e-05 +4.889e-04 +3.347e-07] [+2.212e+02 -3.015e+00 +5.965e+01 +3.359e-02 +4.098e+03]
[1990021:its-tracker]: [12:46:39][WARN] Negative chi2=-39.280670193431824, Cluster: 2.7012965e-07 0 3.7946185e-07 Dy:-0.067466974 Dz:-0.001291275 | sdd:12.006927760364022 sdz:-0.17390930652618408 szz:0.0025187853668455773 det:-1.5729528414151761e-06
[1990021:its-tracker]: [12:46:39][WARN] Track: X:+2.4663e+01 Alp:+1.047e-01 Par: +1.0769e+00 -8.3776e+00 +4.6579e-02 -3.3233e-01 +3.1451e-01 |Q|:1 Pion Cov: [+1.201e+01] [-1.739e-01 +2.518e-03] [+3.244e+00 -4.699e-02 +8.765e-01] [+1.227e-03 -1.783e-05 +3.315e-04 +1.840e-07] [+2.237e+02 -3.239e+00 +6.043e+01 +2.286e-02 +4.166e+03]
[1990021:its-tracker]: [12:46:39][WARN] Negative chi2=-13249.609728866886, Cluster: 9.1665214e-08 0 1.7360297e-07 Dy:-0.046530068 Dz:0.052234173 | sdd:14.590682121389335 sdz:-0.039763160049915314 szz:0.00010815936410324412 det:-2.989997073137929e-06
[1990021:its-tracker]: [12:46:39][WARN] Track: X:+2.4663e+01 Alp:+1.047e-01 Par: +3.4205e-01 -6.7017e+00 +1.3769e-02 -2.6489e-01 +1.5588e-01 |Q|:1 Pion Cov: [+1.459e+01] [-3.976e-02 +1.080e-04] [+3.744e+00 -1.020e-02 +9.609e-01] [+1.977e-03 -5.541e-06 +5.074e-04 +2.584e-07] [+2.503e+02 -6.821e-01 +6.423e+01 +3.392e-02 +4.293e+03]
[1990021:its-tracker]: [12:46:39][WARN] Negative chi2=-3098.1405266447046, Cluster: 3.4770395e-07 0 5.003287e-07 Dy:0.44850874 Dz:-0.06455517 | sdd:12.198587765306485 sdz:0.3169572055339813 szz:0.008233658246581399 det:-2.286738944778932e-05
[1990021:its-tracker]: [12:46:39][WARN] Track: X:+2.4663e+01 Alp:+1.047e-01 Par: +1.6426e+00 +7.0456e+00 +8.8741e-02 +2.9860e-01 -8.3671e-02 |Q|:1 Pion Cov: [+1.220e+01] [+3.170e-01 +8.233e-03] [+3.261e+00 +8.474e-02 +8.719e-01] [-1.544e-03 -4.067e-05 -4.128e-04 +9.203e-08] [+2.245e+02 +5.834e+00 +6.003e+01 -2.842e-02 +4.133e+03]
[1990021:its-tracker]: [12:46:39][WARN] Negative chi2=-226698.80183921842, Cluster: 9.682942e-08 0 1.5870457e-07 Dy:0.5357548 Dz:-0.39209414 | sdd:15.127941228421214 sdz:0.19539740681648254 szz:0.002523114120336345 det:-1.0624465558058127e-05
[1990021:its-tracker]: [12:46:39][WARN] Track: X:+2.4663e+01 Alp:+3.142e-01 Par: +1.5945e+00 +3.1422e+00 +1.0149e-01 +1.2993e-01 -1.3857e-01 |Q|:1 Pion Cov: [+1.513e+01] [+1.954e-01 +2.523e-03] [+3.813e+00 +4.925e-02 +9.612e-01] [-1.010e-03 -1.326e-05 -2.546e-04 +4.554e-08] [+2.550e+02 +3.294e+00 +6.428e+01 -1.703e-02 +4.299e+03]
[1990021:its-tracker]: [12:46:39][WARN] Negative chi2=-3218.120200342128, Cluster: 3.4770395e-07 0 5.003287e-07 Dy:0.20547152 Dz:0.068734646 | sdd:15.885007252305996 sdz:-0.3436337411403656 szz:0.007432021409158551 det:-2.6434066346781027e-05
[1990021:its-tracker]: [12:46:39][WARN] Track: X:+2.4663e+01 Alp:+5.236e-01 Par: +2.6290e+00 -4.1580e+00 +1.4003e-01 -1.5768e-01 -1.6295e-01 |Q|:1 Pion Cov: [+1.589e+01] [-3.436e-01 +7.432e-03] [+3.916e+00 -8.470e-02 +9.652e-01] [+1.680e-03 -3.675e-05 +4.140e-04 +1.668e-07] [+2.608e+02 -5.643e+00 +6.430e+01 +2.758e-02 +4.283e+03]
[1990021:its-tracker]: [12:46:39][WARN] Negative chi2=-23788.73248559731, Cluster: 3.4770395e-07 0 5.003287e-07 Dy:0.20376039 Dz:0.08043146 | sdd:15.875021328538907 sdz:-0.33905404806137085 szz:0.007241114716862285 det:-4.796934216635962e-06
[1990021:its-tracker]: [12:46:39][WARN] Track: X:+2.4663e+01 Alp:+5.236e-01 Par: +2.6272e+00 -4.1463e+00 +1.3926e-01 -1.5554e-01 -2.7860e-01 |Q|:1 Pion Cov: [+1.588e+01] [-3.391e-01 +7.241e-03] [+3.913e+00 -8.358e-02 +9.647e-01] [+1.508e-03 -3.222e-05 +3.718e-04 +3.401e-07] [+2.607e+02 -5.567e+00 +6.426e+01 +2.477e-02 +4.280e+03]
[1990021:its-tracker]: [12:46:39][WARN] Negative chi2=-17404.811911832425, Cluster: 3.4770395e-07 0 5.003287e-07 Dy:0.20710516 Dz:0.08205652 | sdd:15.893326153368008 sdz:-0.33835145831108093 szz:0.007202701385949695 det:-6.827029020856079e-06
[1990021:its-tracker]: [12:46:39][WARN] Track: X:+2.4663e+01 Alp:+5.236e-01 Par: +2.6306e+00 -4.1447e+00 +1.4070e-01 -1.5523e-01 -7.1013e-02 |Q|:1 Pion Cov: [+1.589e+01] [-3.384e-01 +7.202e-03] [+3.917e+00 -8.340e-02 +9.656e-01] [+1.770e-03 -3.793e-05 +4.363e-04 +1.598e-07] [+2.610e+02 -5.556e+00 +6.433e+01 +2.907e-02 +4.286e+03]
[1990021:its-tracker]: [12:46:39][WARN] Negative chi2=-0.6029548758789445, Cluster: 2.7012965e-07 0 3.7946185e-07 Dy:-0.005400121 Dz:-0.0005617142 | sdd:9.799110682727303 sdz:0.0794316977262497 szz:0.0006434292942856246 det:-4.3597324603473694e-06
[1990021:its-tracker]: [12:46:39][WARN] Track: X:+2.4303e+01 Alp:+9.425e-01 Par: -4.8313e-01 -1.2120e+01 -1.3424e-02 -4.9834e-01 +3.4443e-01 |Q|:1 Pion Cov: [+9.799e+00] [+7.943e-02 +6.430e-04] [+2.834e+00 +2.298e-02 +8.198e-01] [+1.389e-03 +1.134e-05 +4.018e-04 +3.310e-07] [+2.036e+02 +1.651e+00 +5.890e+01 +2.887e-02 +4.232e+03]
[1990021:its-tracker]: [12:46:39][WARN] Negative chi2=-73.47285073027444, Cluster: 1.7621936e-07 0 5.123322e-07 Dy:0.23412311 Dz:-0.009283066 | sdd:11.986088928965941 sdz:-0.18902334570884705 szz:0.002980515698425279 det:-5.099007461879801e-06
[1990021:its-tracker]: [12:46:39][WARN] Track: X:+2.4663e+01 Alp:+1.047e-01 Par: +9.6722e-01 -9.1154e+00 +3.2427e-02 -4.9369e-01 -5.9144e-02 |Q|:1 Pion Cov: [+1.199e+01] [-1.890e-01 +2.980e-03] [+3.244e+00 -5.116e-02 +8.780e-01] [+9.044e-04 -1.449e-05 +2.448e-04 +2.378e-08] [+2.237e+02 -3.528e+00 +6.055e+01 +1.688e-02 +4.175e+03]
[1990021:its-tracker]: [12:46:39][WARN] Negative chi2=-298.40497461162425, Cluster: 2.5006597e-07 0 6.159133e-07 Dy:0.32619214 Dz:0.0013446808 | sdd:11.896097433293505 sdz:-0.13285979628562927 szz:0.001483741525419191 det:-9.917168486799077e-07
[1990021:its-tracker]: [12:46:39][WARN] Track: X:+2.4663e+01 Alp:+1.047e-01 Par: +1.2985e+00 -8.4670e+00 +2.1212e-02 -4.6986e-01 -2.8541e-02 |Q|:1 Pion Cov: [+1.190e+01] [-1.329e-01 +1.483e-03] [+3.214e+00 -3.590e-02 +8.684e-01] [-2.723e-03 +3.012e-05 -7.358e-04 +5.569e-07] [+2.208e+02 -2.466e+00 +5.966e+01 -5.055e-02 +4.099e+03]
[1990021:its-tracker]: [12:46:39][WARN] Negative chi2=-52127.104464325086, Cluster: 2.7012965e-07 0 3.7946185e-07 Dy:0.3091887 Dz:0.17761183 | sdd:14.705763133288826 sdz:0.09667637199163437 szz:0.0006349635720823699 det:-8.697012154569236e-06
[1990021:its-tracker]: [12:46:39][WARN] Track: X:+2.4663e+01 Alp:+1.047e-01 Par: +2.7351e-01 -6.4121e+00 -1.3723e-02 -3.7883e-01 +3.6590e-01 |Q|:1 Pion Cov: [+1.471e+01] [+9.668e-02 +6.346e-04] [+3.774e+00 +2.481e-02 +9.686e-01] [+1.926e-03 +1.275e-05 +4.944e-04 +4.206e-07] [+2.526e+02 +1.660e+00 +6.482e+01 +3.309e-02 +4.338e+03]
[1990021:its-tracker]: [12:46:40][WARN] Negative chi2=-37221.95516434819, Cluster: 9.353856e-08 0 1.0689949e-07 Dy:0.99736845 Dz:0.19003868 | sdd:14.645660493929185 sdz:-0.07340225577354431 szz:0.0003668611472988914 det:-1.4967340891909597e-05
[1990021:its-tracker]: [12:46:40][WARN] Track: X:+2.4663e+01 Alp:+3.142e-01 Par: +9.6572e-01 -4.0491e+00 +1.3002e-02 -2.8377e-01 -2.0826e-01 |Q|:1 Pion Cov: [+1.465e+01] [-7.340e-02 +3.668e-04] [+3.751e+00 -1.880e-02 +9.605e-01] [-2.841e-03 +1.408e-05 -7.275e-04 +5.657e-07] [+2.501e+02 -1.254e+00 +6.405e+01 -4.852e-02 +4.272e+03]
[1990021:its-tracker]: [12:46:40][WARN] Negative chi2=-5764.992818857863, Cluster: 3.4770395e-07 0 5.003287e-07 Dy:0.108477354 Dz:0.010895729 | sdd:12.810682644456875 sdz:0.4986903667449951 szz:0.019412859551493966 det:-9.894865510284845e-08
[1990021:its-tracker]: [12:46:40][WARN] Track: X:+2.4303e+01 Alp:+7.330e-01 Par: -2.2451e+00 -6.6548e+00 -9.7352e-02 -3.8983e-01 +2.9132e-01 |Q|:1 Pion Cov: [+1.281e+01] [+4.987e-01 +1.941e-02] [+3.392e+00 +1.321e-01 +8.983e-01] [+1.124e-03 +4.384e-05 +2.977e-04 +1.957e-07] [+2.336e+02 +9.094e+00 +6.186e+01 +2.050e-02 +4.260e+03]
[1990021:its-tracker]: [12:46:40][WARN] Negative chi2=-84099.65309404943, Cluster: 2.7012965e-07 0 3.7946185e-07 Dy:0.7847465 Dz:0.19177008 | sdd:15.771468432666268 sdz:-0.44530189037323 szz:0.012572398822811692 det:-8.582413106972275e-06
[1990021:its-tracker]: [12:46:40][WARN] Track: X:+2.4663e+01 Alp:+5.236e-01 Par: +2.4838e+00 -2.5580e+00 +1.3262e-01 -2.2398e-01 -5.9384e-02 |Q|:1 Pion Cov: [+1.577e+01] [-4.453e-01 +1.257e-02] [+3.910e+00 -1.104e-01 +9.692e-01] [+4.461e-03 -1.262e-04 +1.106e-03 +1.212e-06] [+2.610e+02 -7.370e+00 +6.471e+01 +7.384e-02 +4.320e+03]
[1990021:its-tracker]: [12:46:40][WARN] Negative chi2=-47976.201993111885, Cluster: 2.7012965e-07 0 3.7946185e-07 Dy:1.2505109 Dz:-0.37419033 | sdd:17.126980098010506 sdz:-0.8449822664260864 szz:0.04168628476938352 det:-3.4860969335692715e-05
[1990021:its-tracker]: [12:46:40][WARN] Track: X:+2.4663e+01 Alp:+5.236e-01 Par: +3.4926e+00 -3.8992e+00 +1.7763e-01 -2.8725e-01 +9.1749e-02 |Q|:1 Pion Cov: [+1.713e+01] [-8.450e-01 +4.169e-02] [+4.100e+00 -2.023e-01 +9.813e-01] [+4.788e-03 -2.367e-04 +1.146e-03 +1.277e-06] [+2.718e+02 -1.341e+01 +6.506e+01 +7.598e-02 +4.313e+03]
[1990021:its-tracker]: [12:46:40][WARN] Negative chi2=-118534.28073538138, Cluster: 9.571707e-08 0 1.6776019e-07 Dy:-0.6313047 Dz:0.2716565 | sdd:14.553605175367949 sdz:0.1406664103269577 szz:0.0013589462089669269 det:-9.472414404312901e-06
[1990021:its-tracker]: [12:46:40][WARN] Track: X:+2.4663e+01 Alp:+9.425e-01 Par: -6.1277e-01 -5.9092e+00 -2.4783e-02 -3.6093e-01 -1.5996e-01 |Q|:1 Pion Cov: [+1.455e+01] [+1.407e-01 +1.359e-03] [+3.727e+00 +3.602e-02 +9.545e-01] [+2.747e-03 +2.637e-05 +7.036e-04 +5.362e-07] [+2.486e+02 +2.403e+00 +6.367e+01 +4.693e-02 +4.247e+03]
[1990021:its-tracker]: [12:46:40][WARN] Negative chi2=-17882.662262697137, Cluster: 2.7012965e-07 0 3.7946185e-07 Dy:-0.72000426 Dz:0.15156364 | sdd:14.534121783496346 sdz:0.09167581796646118 szz:0.0005768941543635719 det:-1.9805704112432765e-05
[1990021:its-tracker]: [12:46:40][WARN] Track: X:+2.4663e+01 Alp:+9.425e-01 Par: -5.4333e-01 -5.9089e+00 -1.0712e-02 -3.6096e-01 +9.4278e-02 |Q|:1 Pion Cov: [+1.453e+01] [+9.168e-02 +5.765e-04] [+3.725e+00 +2.349e-02 +9.545e-01] [+6.217e-03 +3.882e-05 +1.593e-03 +2.599e-06] [+2.484e+02 +1.567e+00 +6.366e+01 +1.063e-01 +4.246e+03]
[1990021:its-tracker]: [12:46:40][WARN] Negative chi2=-386.43950517276863, Cluster: 2.7012965e-07 0 3.7946185e-07 Dy:-0.14988548 Dz:-0.011773586 | sdd:11.697843821765389 sdz:-0.04458694905042648 szz:0.00016955115162886614 det:-4.613134070388571e-06
[1990021:its-tracker]: [12:46:40][WARN] Track: X:+2.4663e+01 Alp:+9.425e-01 Par: +3.4935e-01 -4.0748e+00 +1.4635e-02 -2.8440e-01 -1.3807e-01 |Q|:1 Pion Cov: [+1.170e+01] [-4.459e-02 +1.692e-04] [+3.183e+00 -1.213e-02 +8.659e-01] [+1.263e-03 -5.045e-06 +3.436e-04 +1.097e-07] [+2.196e+02 -8.370e-01 +5.974e+01 +2.371e-02 +4.122e+03]
[1990021:its-tracker]: [12:46:40][WARN] Negative chi2=-690.7470324943679, Cluster: 9.571707e-08 0 1.6776019e-07 Dy:-0.5365636 Dz:0.019336224 | sdd:12.057040310255644 sdz:0.09107837080955505 szz:0.0006872101860437851 det:-9.548714574612871e-06
[1990021:its-tracker]: [12:46:40][WARN] Track: X:+2.4303e+01 Alp:+9.425e-01 Par: -7.0025e-01 -3.5666e+00 -2.0814e-02 -2.6440e-01 +1.0882e-01 |Q|:1 Pion Cov: [+1.206e+01] [+9.108e-02 +6.870e-04] [+3.272e+00 +2.472e-02 +8.881e-01] [+4.659e-03 +3.498e-05 +1.264e-03 +1.766e-06] [+2.264e+02 +1.710e+00 +6.144e+01 +8.747e-02 +4.250e+03]
[1990021:its-tracker]: [12:46:40][WARN] Negative chi2=-33970.67247662448, Cluster: 9.682942e-08 0 1.5870457e-07 Dy:-0.66039467 Dz:0.084492445 | sdd:12.065085507901195 sdz:0.10342955589294434 szz:0.0008864244168904634 det:-2.886646136799134e-06
[1990021:its-tracker]: [12:46:40][WARN] Track: X:+2.4303e+01 Alp:+9.425e-01 Par: -7.2731e-01 -3.5667e+00 -2.6966e-02 -2.6439e-01 -7.8940e-02 |Q|:1 Pion Cov: [+1.207e+01] [+1.034e-01 +8.863e-04] [+3.273e+00 +2.806e-02 +8.880e-01] [+3.746e-03 +3.200e-05 +1.016e-03 +1.144e-06] [+2.265e+02 +1.941e+00 +6.144e+01 +7.031e-02 +4.250e+03]
[1990021:its-tracker]: [12:46:40][WARN] Negative chi2=-110838.26797519773, Cluster: 1.0186569e-07 0 2.0004182e-07 Dy:1.127368 Dz:0.4166386 | sdd:12.39493952447311 sdz:0.16571253538131714 szz:0.0022140173644515926 det:-1.8033043993455344e-05
[1990021:its-tracker]: [12:46:40][WARN] Track: X:+2.4303e+01 Alp:+9.425e-01 Par: -1.5183e+00 -2.9061e+00 -5.2317e-02 -2.3391e-01 -5.8123e-02 |Q|:1 Pion Cov: [+1.239e+01] [+1.657e-01 +2.214e-03] [+3.348e+00 +4.476e-02 +9.042e-01] [+2.973e-03 +3.939e-05 +8.031e-04 +6.420e-07] [+2.321e+02 +3.104e+00 +6.270e+01 +5.569e-02 +4.348e+03]
[1990021:its-tracker]: [12:46:40][WARN] Negative chi2=-1788418.7494843977, Cluster: 1.0186569e-07 0 2.0004182e-07 Dy:1.1724102 Dz:0.4141271 | sdd:12.341725451291957 sdz:0.14108264446258545 szz:0.0016126759986150319 det:-1.1081517614815184e-06
[1990021:its-tracker]: [12:46:40][WARN] Track: X:+2.4303e+01 Alp:+9.425e-01 Par: -1.4733e+00 -2.9086e+00 -4.3212e-02 -2.3452e-01 -3.5658e-02 |Q|:1 Pion Cov: [+1.234e+01] [+1.411e-01 +1.612e-03] [+3.337e+00 +3.814e-02 +9.021e-01] [+3.311e-03 +3.776e-05 +8.953e-04 +8.681e-07] [+2.312e+02 +2.643e+00 +6.251e+01 +6.203e-02 +4.331e+03]
[1990021:its-tracker]: [12:46:40][WARN] Negative chi2=-683.6745355697736, Cluster: 1.0186569e-07 0 2.0004182e-07 Dy:0.3039868 Dz:-0.027160883 | sdd:12.485296351255336 sdz:0.23431158065795898 szz:0.004395745967769926 det:-1.9725737988002257e-05
[1990021:its-tracker]: [12:46:40][WARN] Track: X:+2.4303e+01 Alp:+9.425e-01 Par: -2.3417e+00 -3.3499e+00 -7.0425e-02 -2.5296e-01 -5.8532e-02 |Q|:1 Pion Cov: [+1.249e+01] [+2.343e-01 +4.396e-03] [+3.347e+00 +6.281e-02 +8.970e-01] [+2.546e-03 +4.734e-05 +6.825e-04 +4.282e-07] [+2.309e+02 +4.333e+00 +6.189e+01 +4.709e-02 +4.270e+03]
[1990021:its-tracker]: [12:46:40][WARN] Negative chi2=-116114.1613484364, Cluster: 2.7012965e-07 0 3.7946185e-07 Dy:0.8937265 Dz:-0.40689898 | sdd:12.214886935473885 sdz:0.10221754014492035 szz:0.0008539057514269643 det:-1.8063306047165495e-05
[1990021:its-tracker]: [12:46:40][WARN] Track: X:+2.4303e+01 Alp:+9.425e-01 Par: -7.5965e-01 -3.5839e+00 -3.3146e-02 -2.6781e-01 +1.0019e-02 |Q|:1 Pion Cov: [+1.221e+01] [+1.022e-01 +8.535e-04] [+3.317e+00 +2.775e-02 +9.005e-01] [-1.283e-03 -1.116e-05 -3.484e-04 +4.823e-08] [+2.304e+02 +1.928e+00 +6.255e+01 -2.420e-02 +4.345e+03]
[1990021:its-tracker]: [12:46:40][WARN] Negative chi2=-219563.13164860365, Cluster: 2.5006597e-07 0 6.159133e-07 Dy:0.9797169 Dz:-0.28332114 | sdd:12.352058660710497 sdz:0.14948038756847382 szz:0.0018085636727960264 det:-4.901689614596194e-06
[1990021:its-tracker]: [12:46:40][WARN] Track: X:+2.4303e+01 Alp:+9.425e-01 Par: -1.4935e+00 -2.9088e+00 -4.7892e-02 -2.3451e-01 -2.0433e-01 |Q|:1 Pion Cov: [+1.235e+01] [+1.495e-01 +1.808e-03] [+3.338e+00 +4.039e-02 +9.019e-01] [+2.713e-03 +3.273e-05 +7.330e-04 +6.240e-07] [+2.313e+02 +2.799e+00 +6.250e+01 +5.079e-02 +4.331e+03]
[1990021:its-tracker]: [12:46:40][WARN] Negative chi2=-34.013611037125024, Cluster: 1.0186569e-07 0 2.0004182e-07 Dy:0.0020053983 Dz:0.004753113 | sdd:11.958422762693324 sdz:0.253577321767807 szz:0.005376432829791611 det:-7.801381062252921e-06
[1990021:its-tracker]: [12:46:40][WARN] Track: X:+2.4663e+01 Alp:+1.047e-01 Par: +9.2281e-01 +1.2678e+01 +4.4472e-02 +5.1275e-01 +3.6911e-01 |Q|:1 Pion Cov: [+1.196e+01] [+2.536e-01 +5.376e-03] [+3.234e+00 +6.857e-02 +8.744e-01] [-1.724e-03 -3.646e-05 -4.661e-04 +3.901e-07] [+2.229e+02 +4.727e+00 +6.028e+01 -3.213e-02 +4.156e+03]
[1990021:its-tracker]: [12:46:40][WARN] Negative chi2=-71894.91907913836, Cluster: 2.5006597e-07 0 6.159133e-07 Dy:0.63867855 Dz:0.3456936 | sdd:16.75227571698491 sdz:0.46652889251708984 szz:0.012990721810467676 det:-2.5054021618453604e-05
[1990021:its-tracker]: [12:46:40][WARN] Track: X:+2.4663e+01 Alp:+5.236e-01 Par: +3.2624e+00 +5.0359e+00 +1.4570e-01 +1.9459e-01 -5.0731e-02 |Q|:1 Pion Cov: [+1.675e+01] [+4.665e-01 +1.299e-02] [+4.077e+00 +1.135e-01 +9.921e-01] [-1.677e-03 -4.716e-05 -4.080e-04 +8.590e-08] [+2.705e+02 +7.532e+00 +6.582e+01 -2.707e-02 +4.367e+03]
[1990021:its-tracker]: [12:46:40][WARN] Negative chi2=-593960.1195491927, Cluster: 2.5006597e-07 0 6.159133e-07 Dy:0.6377802 Dz:0.41193295 | sdd:16.7492640134937 sdz:0.49500682950019836 szz:0.014629144530601934 det:-4.357217229272736e-06
[1990021:its-tracker]: [12:46:40][WARN] Track: X:+2.4663e+01 Alp:+5.236e-01 Par: +3.2615e+00 +5.1021e+00 +1.4542e-01 +2.0659e-01 -7.9727e-02 |Q|:1 Pion Cov: [+1.675e+01] [+4.950e-01 +1.463e-02] [+4.076e+00 +1.205e-01 +9.921e-01] [-1.730e-03 -5.137e-05 -4.211e-04 +1.488e-07] [+2.704e+02 +7.992e+00 +6.582e+01 -2.794e-02 +4.366e+03]
[1990021:its-tracker]: [12:46:40][WARN] Negative chi2=-14806.797936834193, Cluster: 2.7012965e-07 0 3.7946185e-07 Dy:-0.121661246 Dz:-0.07280064 | sdd:11.836572917224373 sdz:0.06342631578445435 szz:0.0003395185692340874 det:-4.161232498355559e-06
[1990021:its-tracker]: [12:46:40][WARN] Track: X:+2.4303e+01 Alp:+1.047e-01 Par: -6.7197e-01 -8.9871e+00 -1.2075e-02 -4.1264e-01 -3.8713e-02 |Q|:1 Pion Cov: [+1.184e+01] [+6.343e-02 +3.391e-04] [+3.230e+00 +1.731e-02 +8.814e-01] [+1.081e-03 +5.481e-06 +2.949e-04 +2.909e-08] [+2.240e+02 +1.200e+00 +6.112e+01 +2.045e-02 +4.238e+03]
[1990021:its-tracker]: [12:46:40][WARN] Negative chi2=-1303.767129780995, Cluster: 4.305141e-07 0 3.6306636e-07 Dy:0.162884 Dz:0.07054806 | sdd:14.481324626375908 sdz:-0.13574397563934326 szz:0.0012684424543181194 det:-5.7699971516937676e-05
[1990021:its-tracker]: [12:46:40][WARN] Track: X:+2.4663e+01 Alp:+5.236e-01 Par: +1.1097e+00 -4.6650e+00 +4.2810e-02 -2.3212e-01 -1.3336e-01 |Q|:1 Pion Cov: [+1.448e+01] [-1.357e-01 +1.268e-03] [+3.739e+00 -3.505e-02 +9.653e-01] [+1.963e-03 -1.928e-05 +5.069e-04 +1.081e-07] [+2.516e+02 -2.359e+00 +6.496e+01 +3.411e-02 +4.372e+03]
[1990021:its-tracker]: [12:46:40][WARN] Negative chi2=-42510.109315513895, Cluster: 3.4770395e-07 0 5.003287e-07 Dy:0.12811637 Dz:0.09999561 | sdd:12.710006107896817 sdz:0.5456936359405518 szz:0.02342869641620382 det:-2.669756008599755e-06
[1990021:its-tracker]: [12:46:40][WARN] Track: X:+2.4303e+01 Alp:+9.425e-01 Par: -2.1878e+00 -7.3055e+00 -1.2472e-01 -3.4990e-01 -1.9466e-01 |Q|:1 Pion Cov: [+1.271e+01] [+5.457e-01 +2.343e-02] [+3.360e+00 +1.443e-01 +8.885e-01] [-9.776e-04 -4.206e-05 -2.585e-04 +9.281e-08] [+2.323e+02 +9.972e+00 +6.141e+01 -1.787e-02 +4.245e+03]
[1990021:its-tracker]: [12:46:40][WARN] Negative chi2=-69675.19675007637, Cluster: 2.7012965e-07 0 3.7946185e-07 Dy:0.2915051 Dz:-0.293046 | sdd:12.299890788318123 sdz:-0.26035165786743164 szz:0.00550967961927995 det:-1.4528158554613646e-05
[1990021:its-tracker]: [12:46:40][WARN] Track: X:+2.4303e+01 Alp:+9.425e-01 Par: -1.4183e+00 +7.6388e+00 -7.9984e-02 +2.7912e-01 -9.8460e-02 |Q|:1 Pion Cov: [+1.230e+01] [-2.604e-01 +5.509e-03] [+3.303e+00 -6.992e-02 +8.872e-01] [+2.541e-03 -5.411e-05 +6.824e-04 +4.663e-07] [+2.284e+02 -4.835e+00 +6.135e+01 +4.718e-02 +4.242e+03]
[1990021:its-tracker]: [12:46:40][WARN] Negative chi2=-125365.45121765528, Cluster: 2.7012965e-07 0 3.7946185e-07 Dy:0.30536067 Dz:-0.29328728 | sdd:12.288094790698494 sdz:-0.25370529294013977 szz:0.005237451702413409 det:-8.072684880955361e-06
[1990021:its-tracker]: [12:46:40][WARN] Track: X:+2.4303e+01 Alp:+9.425e-01 Par: -1.4045e+00 +7.6385e+00 -7.6005e-02 +2.7913e-01 +2.2787e-01 |Q|:1 Pion Cov: [+1.229e+01] [-2.537e-01 +5.237e-03] [+3.302e+00 -6.818e-02 +8.873e-01] [+2.134e-03 -4.415e-05 +5.734e-04 +4.092e-07] [+2.283e+02 -4.714e+00 +6.136e+01 +3.965e-02 +4.243e+03]
[1990021:its-tracker]: [12:46:40][WARN] Negative chi2=-42219.98332567791, Cluster: 2.7012965e-07 0 3.7946185e-07 Dy:-0.15885282 Dz:0.10181332 | sdd:11.92902878117701 sdz:-0.15216846764087677 szz:0.001940847788063138 det:-2.8134204836487153e-06
[1990021:its-tracker]: [12:46:40][WARN] Track: X:+2.4663e+01 Alp:+1.047e-01 Par: +1.4166e+00 -9.2105e+00 +3.7564e-02 -3.5714e-01 +1.4860e-01 |Q|:1 Pion Cov: [+1.193e+01] [-1.522e-01 +1.940e-03] [+3.218e+00 -4.105e-02 +8.683e-01] [+9.859e-04 -1.267e-05 +2.660e-04 +9.316e-08] [+2.211e+02 -2.821e+00 +5.965e+01 +1.828e-02 +4.099e+03]
[1990021:its-tracker]: [12:46:40][WARN] Negative chi2=-18038.128789570386, Cluster: 9.571707e-08 0 1.6776019e-07 Dy:-0.17328548 Dz:0.13094139 | sdd:12.104744053236601 sdz:-0.11209007352590561 szz:0.0010370280417930644 det:-1.1225561108732518e-05
[1990021:its-tracker]: [12:46:40][WARN] Track: X:+2.4663e+01 Alp:+1.047e-01 Par: +1.2727e+00 -8.7887e+00 +2.9197e-02 -3.3505e-01 -1.1530e-01 |Q|:1 Pion Cov: [+1.210e+01] [-1.121e-01 +1.037e-03] [+3.274e+00 -3.032e-02 +8.856e-01] [+1.710e-03 -1.611e-05 +4.626e-04 +1.956e-07] [+2.259e+02 -2.092e+00 +6.111e+01 +3.192e-02 +4.217e+03]
[1990021:its-tracker]: [12:46:40][WARN] Negative chi2=-2804.025520142328, Cluster: 1.0186569e-07 0 2.0004182e-07 Dy:0.1213789 Dz:0.029604912 | sdd:12.230844599546352 sdz:0.19408996403217316 szz:0.0030797196489515954 det:-3.3417015138648143e-06
[1990021:its-tracker]: [12:46:40][WARN] Track: X:+2.4663e+01 Alp:+1.047e-01 Par: +1.7107e+00 +4.1038e+00 +9.4536e-02 +1.7139e-01 -3.3856e-03 |Q|:1 Pion Cov: [+1.223e+01] [+1.941e-01 +3.080e-03] [+3.264e+00 +5.180e-02 +8.712e-01] [-8.229e-04 -1.325e-05 -2.196e-04 +1.173e-08] [+2.247e+02 +3.566e+00 +5.997e+01 -1.512e-02 +4.128e+03]
[1990021:its-tracker]: [12:46:40][WARN] Negative chi2=-889.0684723156502, Cluster: 1.0186569e-07 0 2.0004182e-07 Dy:-0.18088257 Dz:-0.030268192 | sdd:12.074675661863246 sdz:0.06393864005804062 szz:0.00033760592879161777 det:-1.166760079079291e-05
[1990021:its-tracker]: [12:46:40][WARN] Track: X:+2.4663e+01 Alp:+1.047e-01 Par: +1.1584e+00 +5.0673e+00 +2.5282e-02 +2.1893e-01 -1.5458e-01 |Q|:1 Pion Cov: [+1.207e+01] [+6.394e-02 +3.374e-04] [+3.268e+00 +1.731e-02 +8.846e-01] [-9.659e-04 -5.359e-06 -2.614e-04 +4.237e-08] [+2.255e+02 +1.194e+00 +6.104e+01 -1.804e-02 +4.212e+03]
[1990021:its-tracker]: [12:46:40][WARN] Negative chi2=-30166.266733045184, Cluster: 9.682942e-08 0 1.5870457e-07 Dy:-0.17112267 Dz:0.11708355 | sdd:12.083990193875316 sdz:0.05889056250452995 szz:0.00028653850451121343 det:-5.569873418748324e-06
[1990021:its-tracker]: [12:46:40][WARN] Track: X:+2.4663e+01 Alp:+1.047e-01 Par: +1.1485e+00 +5.1094e+00 +2.4618e-02 +2.2528e-01 +1.0726e-01 |Q|:1 Pion Cov: [+1.208e+01] [+5.889e-02 +2.864e-04] [+3.271e+00 +1.594e-02 +8.856e-01] [-1.361e-03 -6.780e-06 -3.684e-04 +1.294e-07] [+2.258e+02 +1.100e+00 +6.112e+01 -2.543e-02 +4.219e+03]
[1990021:its-tracker]: [12:46:40][WARN] Negative chi2=-2188.8323995313112, Cluster: 9.682942e-08 0 1.5870457e-07 Dy:-0.1692102 Dz:0.056144714 | sdd:12.082391835721019 sdz:0.056982360780239105 szz:0.00026725593626508726 det:-1.7898497712064403e-05
[1990021:its-tracker]: [12:46:40][WARN] Track: X:+2.4663e+01 Alp:+1.047e-01 Par: +1.1504e+00 +5.0485e+00 +2.4922e-02 +2.1302e-01 +8.5696e-02 |Q|:1 Pion Cov: [+1.208e+01] [+5.698e-02 +2.671e-04] [+3.271e+00 +1.543e-02 +8.854e-01] [-1.234e-03 -6.180e-06 -3.340e-04 +5.622e-08] [+2.257e+02 +1.065e+00 +6.111e+01 -2.305e-02 +4.217e+03]
[1990021:its-tracker]: [12:46:40][WARN] Negative chi2=-106697.94038404062, Cluster: 2.7012965e-07 0 3.7946185e-07 Dy:0.18622905 Dz:0.10534382 | sdd:14.690385134936776 sdz:0.3435773253440857 szz:0.008035458106604665 det:-1.4041689233301735e-06
[1990021:its-tracker]: [12:46:40][WARN] Track: X:+2.4663e+01 Alp:+1.047e-01 Par: +9.1126e-01 +8.0401e+00 +6.9732e-02 +3.4230e-01 -1.2429e-01 |Q|:1 Pion Cov: [+1.469e+01] [+3.436e-01 +8.035e-03] [+3.737e+00 +8.739e-02 +9.505e-01] [-1.902e-03 -4.463e-05 -4.838e-04 +2.281e-07] [+2.492e+02 +5.828e+00 +6.339e+01 -3.226e-02 +4.228e+03]
[1990021:its-tracker]: [12:46:40][WARN] Negative chi2=-1450.362479982094, Cluster: 2.7012965e-07 0 3.7946185e-07 Dy:-0.2109685 Dz:0.0440588 | sdd:12.25678757023951 sdz:-0.5706506371498108 szz:0.026567503292170613 det:-9.905555711009484e-06
[1990021:its-tracker]: [12:46:40][WARN] Track: X:+2.4303e+01 Alp:+1.047e-01 Par: -1.9665e+00 +1.0204e+01 -1.0931e-01 +4.2375e-01 -2.1897e-01 |Q|:1 Pion Cov: [+1.226e+01] [-5.707e-01 +2.657e-02] [+3.300e+00 -1.536e-01 +8.885e-01] [-1.659e-03 +7.703e-05 -4.467e-04 +2.286e-07] [+2.296e+02 -1.069e+01 +6.183e+01 -3.109e-02 +4.302e+03]
[1990021:its-tracker]: [12:46:40][WARN] Negative chi2=-28784.788214189455, Cluster: 2.3227362e-07 0 2.4557735e-07 Dy:-0.28756094 Dz:0.18395662 | sdd:14.972947352940125 sdz:-0.21212519705295563 szz:0.003004102443043166 det:-1.6831502231119677e-05
[1990021:its-tracker]: [12:46:40][WARN] Track: X:+2.4663e+01 Alp:+3.142e-01 Par: +1.5360e+00 -7.0844e+00 +5.3541e-02 -2.8232e-01 -1.3536e-01 |Q|:1 Pion Cov: [+1.497e+01] [-2.121e-01 +3.004e-03] [+3.805e+00 -5.390e-02 +9.667e-01] [+3.177e-03 -4.528e-05 +8.074e-04 +6.459e-07] [+2.534e+02 -3.590e+00 +6.440e+01 +5.378e-02 +4.290e+03]
[1990021:its-tracker]: [12:46:40][WARN] Negative chi2=-659233.3562307619, Cluster: 2.3227362e-07 0 2.4557735e-07 Dy:-0.3059119 Dz:0.18183851 | sdd:14.991462939793152 sdz:-0.19069021940231323 szz:0.002425516430918151 det:-7.200917335400958e-07
[1990021:its-tracker]: [12:46:40][WARN] Track: X:+2.4663e+01 Alp:+3.142e-01 Par: +1.5176e+00 -7.0865e+00 +5.1350e-02 -2.8277e-01 +1.7016e-01 |Q|:1 Pion Cov: [+1.499e+01] [-1.907e-01 +2.425e-03] [+3.812e+00 -4.848e-02 +9.692e-01] [+4.375e-03 -5.569e-05 +1.112e-03 +1.304e-06] [+2.540e+02 -3.230e+00 +6.457e+01 +7.412e-02 +4.302e+03]
[1990021:its-tracker]: [12:46:40][WARN] Negative chi2=-40607.97110014302, Cluster: 2.3227362e-07 0 2.4557735e-07 Dy:-0.29341602 Dz:0.26677084 | sdd:14.980813258701843 sdz:-0.19311057031154633 szz:0.0024875937371291457 det:-2.5515126602704274e-05
[1990021:its-tracker]: [12:46:40][WARN] Track: X:+2.4663e+01 Alp:+3.142e-01 Par: +1.5301e+00 -7.0016e+00 +5.2995e-02 -2.6687e-01 +3.5048e-04 |Q|:1 Pion Cov: [+1.498e+01] [-1.931e-01 +2.487e-03] [+3.807e+00 -4.908e-02 +9.676e-01] [+3.502e-03 -4.556e-05 +8.900e-04 +7.389e-07] [+2.536e+02 -3.270e+00 +6.446e+01 +5.929e-02 +4.295e+03]
[1990021:its-tracker]: [12:46:40][WARN] Negative chi2=-20851.678162668726, Cluster: 2.7012965e-07 0 3.7946185e-07 Dy:-0.19800752 Dz:0.10011864 | sdd:11.784391673327889 sdz:-0.13373203575611115 szz:0.0015171630718384677 det:-5.413516619989095e-06
[1990021:its-tracker]: [12:46:40][WARN] Track: X:+2.4303e+01 Alp:+3.142e-01 Par: -1.3276e-01 +7.8828e+00 -3.2583e-02 +3.4116e-01 -1.8710e-01 |Q|:1 Pion Cov: [+1.178e+01] [-1.337e-01 +1.517e-03] [+3.230e+00 -3.666e-02 +8.854e-01] [-1.268e-03 +1.425e-05 -3.476e-04 +1.349e-07] [+2.247e+02 -2.550e+00 +6.159e+01 -2.418e-02 +4.284e+03]
[1990021:its-tracker]: [12:46:40][WARN] Negative chi2=-8372.331904902201, Cluster: 9.353856e-08 0 1.0689949e-07 Dy:-0.18870252 Dz:0.065522194 | sdd:11.56675920303563 sdz:-0.250154584646225 szz:0.005409648439339776 det:-5.215348604648007e-06
[1990021:its-tracker]: [12:46:40][WARN] Track: X:+2.4303e+01 Alp:+3.142e-01 Par: -8.2368e-01 +8.4162e+00 -5.8840e-02 +3.5654e-01 +4.4214e-02 |Q|:1 Pion Cov: [+1.157e+01] [-2.502e-01 +5.410e-03] [+3.181e+00 -6.880e-02 +8.750e-01] [-1.371e-03 +2.938e-05 -3.772e-04 +9.893e-08] [+2.220e+02 -4.802e+00 +6.107e+01 -2.633e-02 +4.262e+03]
[1990021:its-tracker]: [12:46:40][WARN] Negative chi2=-24442.740059697568, Cluster: 2.7012965e-07 0 3.7946185e-07 Dy:-0.18381852 Dz:0.09293461 | sdd:14.186880381823983 sdz:-0.18162241578102112 szz:0.002324819745552986 det:-4.762274671422928e-06
[1990021:its-tracker]: [12:46:40][WARN] Track: X:+2.4663e+01 Alp:+3.142e-01 Par: -2.7057e-01 +9.0248e+00 -3.2660e-02 +3.8008e-01 -5.3144e-02 |Q|:1 Pion Cov: [+1.419e+01] [-1.816e-01 +2.324e-03] [+3.671e+00 -4.699e-02 +9.498e-01] [-1.316e-03 +1.662e-05 -3.406e-04 +8.079e-08] [+2.462e+02 -3.152e+00 +6.372e+01 -2.285e-02 +4.274e+03]
[1990021:its-tracker]: [12:46:41][WARN] Negative chi2=-4209.53649091696, Cluster: 1.04763465e-07 0 2.8563275e-07 Dy:0.11033988 Dz:0.038578033 | sdd:10.09291277871366 sdz:-0.21580544114112854 szz:0.004613927747897151 det:-4.018099304399503e-06
[1990021:its-tracker]: [12:46:41][WARN] Track: X:+2.4303e+01 Alp:+5.236e-01 Par: -2.0669e+00 +8.3233e+00 -5.9747e-02 +3.4906e-01 +1.1858e-02 |Q|:1 Pion Cov: [+1.009e+01] [-2.158e-01 +4.614e-03] [+2.869e+00 -6.133e-02 +8.153e-01] [-1.100e-03 +2.331e-05 -3.126e-04 +7.410e-08] [+2.038e+02 -4.358e+00 +5.793e+01 -2.221e-02 +4.116e+03]
[1990021:its-tracker]: [12:46:41][WARN] Negative chi2=-706.787556584587, Cluster: 2.5006597e-07 0 6.159133e-07 Dy:0.092619896 Dz:0.02876091 | sdd:15.931862127507372 sdz:-0.6050803661346436 szz:0.022979031625993684 det:-2.348579267136275e-05
[1990021:its-tracker]: [12:46:41][WARN] Track: X:+2.4663e+01 Alp:+5.236e-01 Par: +2.6545e+00 -7.6764e+00 +1.2660e-01 -3.0541e-01 +9.3026e-02 |Q|:1 Pion Cov: [+1.593e+01] [-6.051e-01 +2.298e-02] [+3.943e+00 -1.498e-01 +9.760e-01] [+1.594e-03 -6.099e-05 +3.946e-04 +9.827e-08] [+2.625e+02 -9.970e+00 +6.497e+01 +2.627e-02 +4.325e+03]
[1990021:its-tracker]: [12:46:41][WARN] Negative chi2=-725.0388135355926, Cluster: 2.5006597e-07 0 6.159133e-07 Dy:0.09775853 Dz:0.028559208 | sdd:15.940837156499072 sdz:-0.6087244749069214 szz:0.023243607330925897 det:-2.2926958809399434e-05
[1990021:its-tracker]: [12:46:41][WARN] Track: X:+2.4663e+01 Alp:+5.236e-01 Par: +2.6597e+00 -7.6766e+00 +1.2759e-01 -3.0541e-01 +1.0690e-01 |Q|:1 Pion Cov: [+1.594e+01] [-6.087e-01 +2.324e-02] [+3.944e+00 -1.506e-01 +9.759e-01] [+1.807e-03 -6.944e-05 +4.472e-04 +1.547e-07] [+2.626e+02 -1.003e+01 +6.497e+01 +2.977e-02 +4.325e+03]
[1990021:its-tracker]: [12:46:41][WARN] Negative chi2=-1220.8892903941805, Cluster: 2.5006597e-07 0 6.159133e-07 Dy:0.087123394 Dz:0.03190756 | sdd:13.005626928532763 sdz:0.3372381329536438 szz:0.00874392253518863 det:-9.363933405809322e-06
[1990021:its-tracker]: [12:46:41][WARN] Track: X:+2.4303e+01 Alp:+7.330e-01 Par: -2.5017e+00 -7.5622e+00 -8.2856e-02 -3.0541e-01 +5.3377e-02 |Q|:1 Pion Cov: [+1.301e+01] [+3.372e-01 +8.743e-03] [+3.446e+00 +8.936e-02 +9.132e-01] [+1.405e-03 +3.609e-05 +3.724e-04 +8.097e-08] [+2.372e+02 +6.150e+00 +6.285e+01 +2.563e-02 +4.325e+03]
[1990021:its-tracker]: [12:46:41][WARN] Negative chi2=-116298.4189325045, Cluster: 2.5006597e-07 0 6.159133e-07 Dy:0.269274 Dz:-0.20950842 | sdd:12.904162656987353 sdz:0.44208577275276184 szz:0.015145075816519693 det:-5.308681630927792e-06
[1990021:its-tracker]: [12:46:41][WARN] Track: X:+2.4303e+01 Alp:+7.330e-01 Par: -2.3195e+00 -7.8036e+00 -1.1286e-01 -3.0982e-01 -1.2610e-01 |Q|:1 Pion Cov: [+1.290e+01] [+4.421e-01 +1.514e-02] [+3.403e+00 +1.166e-01 +8.974e-01] [-1.338e-03 -4.610e-05 -3.528e-04 +9.671e-08] [+2.345e+02 +8.033e+00 +6.183e+01 -2.431e-02 +4.260e+03]
[1990021:its-tracker]: [12:46:41][WARN] Negative chi2=-2440.313585821863, Cluster: 3.4770395e-07 0 5.003287e-07 Dy:0.07393682 Dz:0.024248123 | sdd:9.813225140184414 sdz:0.05395391583442688 szz:0.0002964101197449054 det:-2.2857949826412226e-06
[1990021:its-tracker]: [12:46:41][WARN] Track: X:+2.4303e+01 Alp:+7.330e-01 Par: -8.4866e-01 -8.0859e+00 -1.6049e-02 -3.2836e-01 -1.8390e-01 |Q|:1 Pion Cov: [+9.813e+00] [+5.395e-02 +2.959e-04] [+2.840e+00 +1.561e-02 +8.219e-01] [+1.063e-03 +5.740e-06 +3.076e-04 +1.312e-07] [+2.040e+02 +1.122e+00 +5.905e+01 +2.210e-02 +4.243e+03]
[1990021:its-tracker]: [12:46:41][WARN] Negative chi2=-2243.2538461096437, Cluster: 2.7012965e-07 0 3.7946185e-07 Dy:-0.18023622 Dz:0.054301262 | sdd:12.845807345630135 sdz:0.3562418818473816 szz:0.009877786453870385 det:-2.013659446975513e-05
[1990021:its-tracker]: [12:46:41][WARN] Track: X:+2.4303e+01 Alp:+7.330e-01 Par: -2.1535e+00 -6.2605e+00 -1.1082e-01 -2.4666e-01 -4.0172e-02 |Q|:1 Pion Cov: [+1.285e+01] [+3.562e-01 +9.877e-03] [+3.397e+00 +9.420e-02 +8.983e-01] [+1.131e-03 +3.094e-05 +2.991e-04 +1.399e-08] [+2.345e+02 +6.503e+00 +6.201e+01 +2.065e-02 +4.281e+03]
[1990021:its-tracker]: [12:46:41][WARN] Negative chi2=-2237.273490862252, Cluster: 2.7012965e-07 0 3.7946185e-07 Dy:-0.16422749 Dz:0.025652409 | sdd:9.73379829716822 sdz:0.15717776119709015 szz:0.0025376900509570532 det:-3.485518182997499e-06
[1990021:its-tracker]: [12:46:41][WARN] Track: X:+2.4303e+01 Alp:+7.330e-01 Par: -9.7527e-01 -6.0348e+00 -6.3957e-02 -2.4378e-01 -1.8536e-02 |Q|:1 Pion Cov: [+9.734e+00] [+1.572e-01 +2.537e-03] [+2.804e+00 +4.527e-02 +8.075e-01] [+1.222e-03 +1.940e-05 +3.519e-04 +7.280e-08] [+2.014e+02 +3.252e+00 +5.800e+01 +2.528e-02 +4.166e+03]
[1990021:its-tracker]: [12:46:41][WARN] Negative chi2=-2508.0969529121194, Cluster: 2.7012965e-07 0 3.7946185e-07 Dy:0.10276365 Dz:0.025528908 | sdd:12.835983546496834 sdz:-0.3141970932483673 szz:0.007690551172998994 det:-4.025085616213286e-06
[1990021:its-tracker]: [12:46:41][WARN] Track: X:+2.4303e+01 Alp:+7.330e-01 Par: -2.2414e+00 +8.1971e+00 -7.1350e-02 +3.3955e-01 -2.2238e-01 |Q|:1 Pion Cov: [+1.284e+01] [-3.142e-01 +7.690e-03] [+3.419e+00 -8.370e-02 +9.109e-01] [-1.541e-03 +3.765e-05 -4.104e-04 +2.183e-07] [+2.356e+02 -5.766e+00 +6.275e+01 -2.827e-02 +4.323e+03]
[1990021:its-tracker]: [12:46:41][WARN] Negative chi2=-27198.500208129837, Cluster: 9.353856e-08 0 1.0689949e-07 Dy:0.29562676 Dz:-0.24516821 | sdd:12.58256730850438 sdz:-0.32157525420188904 szz:0.008216488903812547 det:-2.611944320880799e-05
[1990021:its-tracker]: [12:46:41][WARN] Track: X:+2.4303e+01 Alp:+7.330e-01 Par: -1.9531e+00 +7.5514e+00 -8.3228e-02 +3.1877e-01 -7.3200e-02 |Q|:1 Pion Cov: [+1.258e+01] [-3.216e-01 +8.216e-03] [+3.354e+00 -8.573e-02 +8.942e-01] [+2.163e-03 -5.574e-05 +5.765e-04 +2.800e-07] [+2.311e+02 -5.907e+00 +6.161e+01 +3.972e-02 +4.245e+03]
[1990021:its-tracker]: [12:46:41][WARN] Negative chi2=-5456.690898243602, Cluster: 2.7012965e-07 0 3.7946185e-07 Dy:-0.17270017 Dz:0.08014631 | sdd:9.739978106738533 sdz:-0.20882809162139893 szz:0.004476266861018985 det:-1.0430623991253274e-05
[1990021:its-tracker]: [12:46:41][WARN] Track: X:+2.4303e+01 Alp:+7.330e-01 Par: -9.8912e-01 +7.4564e+00 -6.5860e-02 +3.2002e-01 -1.7966e-01 |Q|:1 Pion Cov: [+9.740e+00] [-2.088e-01 +4.476e-03] [+2.804e+00 -6.013e-02 +8.075e-01] [-1.314e-03 +2.792e-05 -3.784e-04 +1.592e-07] [+2.014e+02 -4.319e+00 +5.800e+01 -2.718e-02 +4.165e+03]
[1990021:its-tracker]: [12:46:41][WARN] Negative chi2=-48161.70883562906, Cluster: 3.4770395e-07 0 5.003287e-07 Dy:-0.12668991 Dz:0.103248596 | sdd:12.86663757762338 sdz:-0.7190302610397339 szz:0.040181596971933686 det:-2.4707628680786797e-06
[1990021:its-tracker]: [12:46:41][WARN] Track: X:+2.4303e+01 Alp:+7.330e-01 Par: -2.2733e+00 +1.2325e+01 -1.0699e-01 +5.2022e-01 -5.3093e-02 |Q|:1 Pion Cov: [+1.287e+01] [-7.190e-01 +4.018e-02] [+3.400e+00 -1.900e-01 +8.984e-01] [-9.017e-04 +5.013e-05 -2.383e-04 +8.703e-09] [+2.343e+02 -1.309e+01 +6.190e+01 -1.642e-02 +4.265e+03]
[1990021:its-tracker]: [12:46:41][WARN] Negative chi2=-2464.525814131687, Cluster: 3.4770395e-07 0 5.003287e-07 Dy:0.09826255 Dz:0.050710678 | sdd:12.283277859300625 sdz:-0.21927741169929504 szz:0.003913358062391126 det:-1.3718838257625876e-05
[1990021:its-tracker]: [12:46:41][WARN] Track: X:+2.4303e+01 Alp:+9.425e-01 Par: -1.5995e+00 +9.3659e+00 -4.4312e-02 +3.9224e-01 -5.5278e-02 |Q|:1 Pion Cov: [+1.228e+01] [-2.193e-01 +3.913e-03] [+3.316e+00 -5.920e-02 +8.954e-01] [-1.409e-03 +2.480e-05 -3.805e-04 +9.203e-08] [+2.292e+02 -4.093e+00 +6.189e+01 -2.631e-02 +4.279e+03]
[1990021:its-tracker]: [12:46:41][WARN] Negative chi2=-1904.4093304278242, Cluster: 3.4770395e-07 0 5.003287e-07 Dy:0.09639597 Dz:0.05073929 | sdd:12.284228672594082 sdz:-0.2205973118543625 szz:0.003959989383702123 det:-1.775886692906986e-05
[1990021:its-tracker]: [12:46:41][WARN] Track: X:+2.4303e+01 Alp:+9.425e-01 Par: -1.6013e+00 +9.3660e+00 -4.4683e-02 +3.9224e-01 -5.4479e-02 |Q|:1 Pion Cov: [+1.228e+01] [-2.206e-01 +3.959e-03] [+3.316e+00 -5.956e-02 +8.953e-01] [-1.309e-03 +2.308e-05 -3.534e-04 +5.639e-08] [+2.293e+02 -4.117e+00 +6.189e+01 -2.443e-02 +4.279e+03]
[1990021:its-tracker]: [12:46:41][WARN] Negative chi2=-7.257587092040002, Cluster: 9.571707e-08 0 1.6776019e-07 Dy:2.8371811e-05 Dz:0.00093460083 | sdd:12.68620786701834 sdz:-0.47297927737236023 szz:0.01763394300931509 det:-1.5302923539461943e-06
[1990021:its-tracker]: [12:46:41][WARN] Track: X:+2.4303e+01 Alp:+9.425e-01 Par: -2.4566e+00 +9.4209e+00 -9.3718e-02 +3.8601e-01 +3.4618e-01 |Q|:1 Pion Cov: [+1.269e+01] [-4.730e-01 +1.763e-02] [+3.382e+00 -1.261e-01 +9.014e-01] [-1.217e-03 +4.554e-05 -3.243e-04 +2.615e-07] [+2.338e+02 -8.717e+00 +6.232e+01 -2.242e-02 +4.309e+03]
[1990021:its-tracker]: [12:46:41][WARN] Negative chi2=-25.359223064669962, Cluster: 9.682942e-08 0 1.5870457e-07 Dy:0.0029046535 Dz:0.002319336 | sdd:12.19675264504719 sdz:-0.13344211876392365 szz:0.0014597443237249763 det:-2.6586187198765487e-06
[1990021:its-tracker]: [12:46:41][WARN] Track: X:+2.4303e+01 Alp:+9.425e-01 Par: -6.4193e-01 +1.2010e+01 -1.8796e-02 +4.9443e-01 +4.0513e-01 |Q|:1 Pion Cov: [+1.220e+01] [-1.334e-01 +1.460e-03] [+3.316e+00 -3.628e-02 +9.015e-01] [-1.759e-03 +1.961e-05 -4.782e-04 +4.992e-07] [+2.304e+02 -2.521e+00 +6.264e+01 -3.323e-02 +4.353e+03]
[1990021:its-tracker]: [12:46:41][WARN] Negative chi2=-62388.83899850083, Cluster: 3.4770395e-07 0 5.003287e-07 Dy:0.2535465 Dz:0.22917795 | sdd:12.152116169542325 sdz:0.11419578641653061 szz:0.0010722954514221783 det:-1.0018741535737855e-05
[1990021:its-tracker]: [12:46:41][WARN] Track: X:+2.4303e+01 Alp:+1.047e-01 Par: +2.1530e-01 -6.2640e+00 -2.8432e-02 -3.7637e-01 -1.0834e-01 |Q|:1 Pion Cov: [+1.215e+01] [+1.142e-01 +1.072e-03] [+3.303e+00 +3.104e-02 +8.977e-01] [-2.733e-03 -2.602e-05 -7.427e-04 +5.515e-07] [+2.293e+02 +2.154e+00 +6.231e+01 -5.155e-02 +4.325e+03]
[1990021:its-tracker]: [12:46:41][WARN] Negative chi2=-675.7666283404021, Cluster: 2.5006597e-07 0 6.159133e-07 Dy:-0.20855904 Dz:0.032406807 | sdd:15.238870870793505 sdz:-0.40862831473350525 szz:0.010956250440187887 det:-1.621391584691323e-05
[1990021:its-tracker]: [12:46:41][WARN] Track: X:+2.4663e+01 Alp:+5.236e-01 Par: +2.1007e+00 -1.1352e+01 +6.1041e-02 -4.5520e-01 +3.4163e-02 |Q|:1 Pion Cov: [+1.524e+01] [-4.086e-01 +1.096e-02] [+3.849e+00 -1.032e-01 +9.721e-01] [+2.530e-03 -6.825e-05 +6.390e-04 +3.442e-07] [+2.553e+02 -6.846e+00 +6.448e+01 +4.239e-02 +4.278e+03]
[1990021:its-tracker]: [12:46:41][WARN] Negative chi2=-804606.7741160357, Cluster: 2.7012965e-07 0 3.7946185e-07 Dy:-0.3195377 Dz:-0.352777 | sdd:11.649805339099373 sdz:-0.026549695059657097 szz:6.0350960410460175e-05 det:-1.8093669512266432e-06
[1990021:its-tracker]: [12:46:41][WARN] Track: X:+2.4303e+01 Alp:+3.142e-01 Par: -2.4892e-01 +2.5929e+00 -1.5900e-02 +1.0513e-01 -7.5100e-02 |Q|:1 Pion Cov: [+1.165e+01] [-2.655e-02 +5.997e-05] [+3.205e+00 -7.304e-03 +8.818e-01] [-1.538e-03 +3.305e-06 -4.231e-04 +1.612e-07] [+2.232e+02 -5.088e-01 +6.142e+01 -2.947e-02 +4.278e+03]
[1990021:its-tracker]: [12:46:41][WARN] Negative chi2=-2.9556033118958402, Cluster: 3.74025e-07 0 3.0330722e-07 Dy:-0.0001245141 Dz:-0.00074481964 | sdd:11.92641772479405 sdz:0.1800285130739212 szz:0.0027173321448685783 det:-2.2272628937766714e-06
[1990021:its-tracker]: [12:46:41][WARN] Track: X:+2.4303e+01 Alp:+1.047e-01 Par: -8.9261e-01 -9.2747e+00 -3.5916e-02 -3.8813e-01 +3.5757e-01 |Q|:1 Pion Cov: [+1.193e+01] [+1.800e-01 +2.717e-03] [+3.251e+00 +4.907e-02 +8.859e-01] [+1.237e-03 +1.880e-05 +3.371e-04 +2.550e-07] [+2.256e+02 +3.406e+00 +6.150e+01 +2.340e-02 +4.269e+03]
[1990021:its-tracker]: [12:46:41][WARN] Negative chi2=-570.5021030294495, Cluster: 2.7012965e-07 0 3.7946185e-07 Dy:-0.1270808 Dz:0.028562546 | sdd:12.049677165271248 sdz:0.32075098156929016 szz:0.008536298241523355 det:-2.1554180834035264e-05
[1990021:its-tracker]: [12:46:41][WARN] Track: X:+2.4303e+01 Alp:+1.047e-01 Par: -1.2956e+00 -9.4358e+00 -6.7525e-02 -3.8170e-01 +1.3281e-01 |Q|:1 Pion Cov: [+1.205e+01] [+3.208e-01 +8.536e-03] [+3.272e+00 +8.711e-02 +8.887e-01] [+1.491e-03 +3.924e-05 +4.048e-04 +1.076e-07] [+2.274e+02 +6.053e+00 +6.176e+01 +2.813e-02 +4.292e+03]
[1990021:its-tracker]: [12:46:41][WARN] Negative chi2=-338.87615060751307, Cluster: 9.682942e-08 0 1.5870457e-07 Dy:-0.19669819 Dz:0.02169323 | sdd:11.873220540555003 sdz:0.11966222524642944 szz:0.0012043412148301513 det:-1.9639301168897227e-05
[1990021:its-tracker]: [12:46:41][WARN] Track: X:+2.4663e+01 Alp:+1.047e-01 Par: +1.1686e+00 +1.2021e+01 +2.1802e-02 +4.9060e-01 +3.0794e-02 |Q|:1 Pion Cov: [+1.187e+01] [+1.197e-01 +1.204e-03] [+3.210e+00 +3.235e-02 +8.677e-01] [-1.306e-03 -1.363e-05 -3.532e-04 +4.765e-08] [+2.206e+02 +2.223e+00 +5.963e+01 -2.427e-02 +4.098e+03]
[1990021:its-tracker]: [12:46:41][INFO]  - Track finding completed in: 4777.85 ms
[1990021:its-tracker]: [12:46:41][INFO] 	- Number of Tracks: 15771
[1990021:its-tracker]: [12:46:41][INFO]  - Extending tracks completed in: 0.000882 ms
[1990021:its-tracker]: [12:46:41][INFO]  - Short primaries finding completed in: 0.000152 ms
[1990021:its-tracker]: [12:46:41][INFO]  - Timeframe 0 processing completed in: 5816ms using 1 threads.
[1990021:its-tracker]: [12:46:41][INFO] ITSTracker pushed 15771 tracks and 63 vertices
[1990021:its-tracker]: [12:46:41][INFO] ITSTracker pushed 15771 track labels
[1990021:its-tracker]: [12:46:41][INFO] ITSTracker pushed 13465 vertex labels
[1990021:its-tracker]: [12:46:41][INFO] ITS CA-Tracker total timing: Cpu: 9.840e+00 Real: 9.046e+00 s in 1 slots
[1990021:its-tracker]: [12:46:41][INFO] Sending end-of-stream message to channel from_its-tracker_to_irframe-writer-its
[1990021:its-tracker]: [12:46:41][INFO] Sending end-of-stream message to channel from_its-tracker_to_its-track-writer
[1990023:its-track-writer]: [12:46:41][INFO] ITSTrackWriter pulled 15771 tracks, in 128 RO frames
[INFO] Quitting
[INFO] QUIT_REQUESTED
[1990019:its-clusterer]: [12:46:41][INFO] Received device shutdown request (signal 15).
[1990019:its-clusterer]: [12:46:41][INFO] Waiting for graceful device shutdown. Hit Ctrl-C again to abort immediately.
[1990020:its-cluster-writer]: [12:46:41][INFO] Received device shutdown request (signal 15).
[1990020:its-cluster-writer]: [12:46:41][INFO] Waiting for graceful device shutdown. Hit Ctrl-C again to abort immediately.
[1990021:its-tracker]: [12:46:41][INFO] Received device shutdown request (signal 15).
[1990021:its-tracker]: [12:46:41][INFO] Waiting for graceful device shutdown. Hit Ctrl-C again to abort immediately.
[1990019:its-clusterer]: [12:46:41][INFO] New state requested. No timeout set, quitting immediately as per --completion-policy
[1990019:its-clusterer]: [12:46:41][STATE] RUNNING ---> READY
[1990020:its-cluster-writer]: [12:46:41][INFO] New state requested. No timeout set, quitting immediately as per --completion-policy
[1990021:its-tracker]: [12:46:41][INFO] New state requested. No timeout set, quitting immediately as per --completion-policy
[1990021:its-tracker]: [12:46:41][STATE] RUNNING ---> READY
[1990021:its-tracker]: [12:46:41][STATE] READY ---> RESETTING TASK
[1990019:its-clusterer]: [12:46:41][STATE] READY ---> RESETTING TASK
[1990019:its-clusterer]: [12:46:41][STATE] RESETTING TASK ---> DEVICE READY
[1990021:its-tracker]: [12:46:41][STATE] RESETTING TASK ---> DEVICE READY
[1990019:its-clusterer]: [12:46:41][STATE] DEVICE READY ---> RESETTING DEVICE
[1990021:its-tracker]: [12:46:41][STATE] DEVICE READY ---> RESETTING DEVICE
[1990021:its-tracker]: [12:46:41][STATE] RESETTING DEVICE ---> IDLE
[1990021:its-tracker]: [12:46:41][STATE] IDLE ---> EXITING
[1990019:its-clusterer]: [12:46:41][STATE] RESETTING DEVICE ---> IDLE
[1990021:its-tracker]: [12:46:41][STATE] Exiting FairMQ state machine
[1990019:its-clusterer]: [12:46:41][STATE] IDLE ---> EXITING
[1990019:its-clusterer]: [12:46:41][STATE] Exiting FairMQ state machine
[1990017:its-digit-reader]: [12:46:41][INFO] Received device shutdown request (signal 15).
[1990017:its-digit-reader]: [12:46:41][INFO] Waiting for graceful device shutdown. Hit Ctrl-C again to abort immediately.
[1990016:internal-dpl-clock]: [12:46:41][INFO] Received device shutdown request (signal 15).
[1990016:internal-dpl-clock]: [12:46:41][INFO] Waiting for graceful device shutdown. Hit Ctrl-C again to abort immediately.
[1990023:its-track-writer]: [12:46:41][INFO] Received device shutdown request (signal 15).
[1990023:its-track-writer]: [12:46:41][INFO] Waiting for graceful device shutdown. Hit Ctrl-C again to abort immediately.
[1990016:internal-dpl-clock]: [12:46:41][INFO] New state requested. No timeout set, quitting immediately as per --completion-policy
[1990017:its-digit-reader]: [12:46:41][INFO] New state requested. No timeout set, quitting immediately as per --completion-policy
[1990017:its-digit-reader]: [12:46:41][STATE] RUNNING ---> READY
[1990023:its-track-writer]: [12:46:41][INFO] New state requested. No timeout set, quitting immediately as per --completion-policy
[1990016:internal-dpl-clock]: [12:46:41][INFO] Sending end-of-stream message to channel from_internal-dpl-clock_to_its-digit-reader
[1990016:internal-dpl-clock]: [12:46:41][STATE] RUNNING ---> READY
[1990017:its-digit-reader]: [12:46:41][STATE] READY ---> RESETTING TASK
[1990017:its-digit-reader]: [12:46:41][STATE] RESETTING TASK ---> DEVICE READY
[1990017:its-digit-reader]: [12:46:41][STATE] DEVICE READY ---> RESETTING DEVICE
[1990016:internal-dpl-clock]: [12:46:41][STATE] READY ---> RESETTING TASK
[1990016:internal-dpl-clock]: [12:46:41][STATE] RESETTING TASK ---> DEVICE READY
[1990016:internal-dpl-clock]: [12:46:41][STATE] DEVICE READY ---> RESETTING DEVICE
[1990018:internal-dpl-ccdb-backend]: [12:46:41][INFO] Received device shutdown request (signal 15).
[1990018:internal-dpl-ccdb-backend]: [12:46:41][INFO] Waiting for graceful device shutdown. Hit Ctrl-C again to abort immediately.
[1990016:internal-dpl-clock]: [12:46:41][STATE] RESETTING DEVICE ---> IDLE
[1990016:internal-dpl-clock]: [12:46:41][STATE] IDLE ---> EXITING
[1990016:internal-dpl-clock]: [12:46:41][STATE] Exiting FairMQ state machine
[1990017:its-digit-reader]: [12:46:41][STATE] RESETTING DEVICE ---> IDLE
[1990018:internal-dpl-ccdb-backend]: [12:46:41][INFO] New state requested. No timeout set, quitting immediately as per --completion-policy
[1990018:internal-dpl-ccdb-backend]: [12:46:41][INFO] CCDB cache miss/hit ratio:
[1990018:internal-dpl-ccdb-backend]: [12:46:41][INFO]   GLO/Config/GRPMagField: 1/0 (1024-1024 bytes)
[1990018:internal-dpl-ccdb-backend]: [12:46:41][INFO]   GLO/Config/GeometryAligned: 1/0 (1847296-1847296 bytes)
[1990018:internal-dpl-ccdb-backend]: [12:46:41][INFO]   ITS/Config/ClustererParam: 1/0 (2048-2048 bytes)
[1990018:internal-dpl-ccdb-backend]: [12:46:41][INFO]   ITS/Config/AlpideParam: 1/0 (2048-2048 bytes)
[1990018:internal-dpl-ccdb-backend]: [12:46:41][INFO]   GLO/Config/GRPECS: 1/0 (2048-2048 bytes)
[1990018:internal-dpl-ccdb-backend]: [12:46:41][INFO]   GLO/Param/MatLUT: 1/0 (9225216-9225216 bytes)
[1990018:internal-dpl-ccdb-backend]: [12:46:41][INFO]   ITS/Calib/ClusterDictionary: 1/0 (27648-27648 bytes)
[1990018:internal-dpl-ccdb-backend]: [12:46:41][INFO]   CTP/Calib/OrbitReset: 1/1 (1024-1024 bytes)
[1990018:internal-dpl-ccdb-backend]: [12:46:41][STATE] RUNNING ---> READY
[1990017:its-digit-reader]: [12:46:41][STATE] IDLE ---> EXITING
[1990018:internal-dpl-ccdb-backend]: [12:46:41][STATE] READY ---> RESETTING TASK
[1990018:internal-dpl-ccdb-backend]: [12:46:41][STATE] RESETTING TASK ---> DEVICE READY
[1990017:its-digit-reader]: [12:46:41][STATE] Exiting FairMQ state machine
[1990018:internal-dpl-ccdb-backend]: [12:46:41][STATE] DEVICE READY ---> RESETTING DEVICE
[1990018:internal-dpl-ccdb-backend]: [12:46:41][STATE] RESETTING DEVICE ---> IDLE
[1990018:internal-dpl-ccdb-backend]: [12:46:41][STATE] IDLE ---> EXITING
[1990018:internal-dpl-ccdb-backend]: [12:46:41][STATE] Exiting FairMQ state machine
[1990024:internal-dpl-injected-dummy-sink]: [12:46:41][INFO] Received device shutdown request (signal 15).
[1990024:internal-dpl-injected-dummy-sink]: [12:46:41][INFO] Waiting for graceful device shutdown. Hit Ctrl-C again to abort immediately.
[1990022:irframe-writer-its]: [12:46:41][INFO] Received device shutdown request (signal 15).
[1990022:irframe-writer-its]: [12:46:41][INFO] Waiting for graceful device shutdown. Hit Ctrl-C again to abort immediately.
[1990022:irframe-writer-its]: [12:46:41][INFO] New state requested. No timeout set, quitting immediately as per --completion-policy
[1990024:internal-dpl-injected-dummy-sink]: [12:46:41][INFO] New state requested. No timeout set, quitting immediately as per --completion-policy
[1990024:internal-dpl-injected-dummy-sink]: [12:46:41][STATE] RUNNING ---> READY
[1990024:internal-dpl-injected-dummy-sink]: [12:46:41][STATE] READY ---> RESETTING TASK
[1990024:internal-dpl-injected-dummy-sink]: [12:46:41][STATE] RESETTING TASK ---> DEVICE READY
[1990024:internal-dpl-injected-dummy-sink]: [12:46:41][STATE] DEVICE READY ---> RESETTING DEVICE
[1990024:internal-dpl-injected-dummy-sink]: [12:46:41][STATE] RESETTING DEVICE ---> IDLE
[1990024:internal-dpl-injected-dummy-sink]: [12:46:41][STATE] IDLE ---> EXITING
[1990024:internal-dpl-injected-dummy-sink]: [12:46:41][STATE] Exiting FairMQ state machine
[1990020:its-cluster-writer]: [12:46:42][STATE] RUNNING ---> READY
[1990020:its-cluster-writer]: [12:46:42][STATE] READY ---> RESETTING TASK
[1990020:its-cluster-writer]: [12:46:42][STATE] RESETTING TASK ---> DEVICE READY
[1990020:its-cluster-writer]: [12:46:42][STATE] DEVICE READY ---> RESETTING DEVICE
[1990020:its-cluster-writer]: [12:46:42][STATE] RESETTING DEVICE ---> IDLE
[1990020:its-cluster-writer]: [12:46:42][STATE] IDLE ---> EXITING
[1990020:its-cluster-writer]: [12:46:42][STATE] Exiting FairMQ state machine
[1990023:its-track-writer]: [12:46:42][STATE] RUNNING ---> READY
[1990023:its-track-writer]: [12:46:42][STATE] READY ---> RESETTING TASK
[1990023:its-track-writer]: [12:46:42][STATE] RESETTING TASK ---> DEVICE READY
[1990023:its-track-writer]: [12:46:42][STATE] DEVICE READY ---> RESETTING DEVICE
[1990023:its-track-writer]: [12:46:42][STATE] RESETTING DEVICE ---> IDLE
[1990023:its-track-writer]: [12:46:42][STATE] IDLE ---> EXITING
[1990023:its-track-writer]: [12:46:42][STATE] Exiting FairMQ state machine
[1990022:irframe-writer-its]: [12:46:42][STATE] RUNNING ---> READY
[1990022:irframe-writer-its]: [12:46:42][STATE] READY ---> RESETTING TASK
[1990022:irframe-writer-its]: [12:46:42][STATE] RESETTING TASK ---> DEVICE READY
[1990022:irframe-writer-its]: [12:46:42][STATE] DEVICE READY ---> RESETTING DEVICE
[1990022:irframe-writer-its]: [12:46:42][INFO] Cleaning up for shared memory id '71596309'...
[1990022:irframe-writer-its]: [12:46:42][INFO] Found 0 unmanaged regions...
[1990022:irframe-writer-its]: [12:46:42][INFO] Found 1 managed segments...
[1990022:irframe-writer-its]: [12:46:42][INFO] Successfully removed 'fmq_71596309_m_0'.
[1990022:irframe-writer-its]: [12:46:42][INFO] Successfully removed 'fmq_71596309_mng'.
[1990022:irframe-writer-its]: [12:46:42][STATE] RESETTING DEVICE ---> IDLE
[1990022:irframe-writer-its]: [12:46:42][STATE] IDLE ---> EXITING
[1990022:irframe-writer-its]: [12:46:42][STATE] Exiting FairMQ state machine
[INFO] ## Processes completed. Run summary:
[INFO] ### Devices started: 9
[INFO]  - Device internal-dpl-clock: pid 1990016 (exit 0)
[INFO]  - Device its-digit-reader: pid 1990017 (exit 0)
[INFO]  - Device internal-dpl-ccdb-backend: pid 1990018 (exit 0)
[INFO]  - Device its-clusterer: pid 1990019 (exit 0)
[INFO]  - Device its-cluster-writer: pid 1990020 (exit 0)
[INFO]  - Device its-tracker: pid 1990021 (exit 0)
[INFO]  - Device irframe-writer-its: pid 1990022 (exit 0)
[INFO]  - Device its-track-writer: pid 1990023 (exit 0)
[INFO]  - Device internal-dpl-injected-dummy-sink: pid 1990024 (exit 0)
[INFO] Dumping used configuration in dpl-config.json
TASK-EXIT-CODE: 0
