Running: TIME="#walltime %e" /usr/bin/time --output=itstpcMatch.log_time ./itstpcMatch.log_tmp.sh
[WARN] MC-truth is not supported for FT0 recpoints currently
[INFO] Initialising O2 Data Processing Layer. Driver PID: 1993923.
[INFO] Driver listening on port: 22003
[INFO] Rate limiting set up at 500MB distributed over 1 readers
[INFO] O2 Data Processing Layer initialised. We brake for nobody.
[INFO] Optimised build. O2DEBUG / LOG(debug) / LOGF(debug) / assert statement will not be shown.
[INFO] Redeployment of configuration asked.
[INFO] Starting internal-dpl-clock on pid 1993959
[INFO] Starting tpc-native-cluster-reader on pid 1993960
[INFO] Starting its-track-reader on pid 1993961
[INFO] Starting its-cluster-reader on pid 1993962
[INFO] Starting ft0-recpoints-reader on pid 1993963
[INFO] Starting tpc-track-reader on pid 1993964
[INFO] Starting internal-dpl-ccdb-backend on pid 1993965
[INFO] Starting tpc-clusters-sharing-map-producer on pid 1993966
[INFO] Starting itstpc-track-matcher on pid 1993967
[INFO] Starting itstpc-track-writer on pid 1993968
[INFO] Starting internal-dpl-injected-dummy-sink on pid 1993969
[INFO] Redeployment of configuration done.
[1993969:internal-dpl-injected-dummy-sink]: [WARN] MC-truth is not supported for FT0 recpoints currently
[1993959:internal-dpl-clock]: [WARN] MC-truth is not supported for FT0 recpoints currently
[1993959:internal-dpl-clock]: [INFO] Instrumenting crash signals
[1993959:internal-dpl-clock]: [INFO] Spawing new device internal-dpl-clock in process with pid 1993959
[1993959:internal-dpl-clock]: [12:47:37][INFO] 
[1993959:internal-dpl-clock]:       ______      _    _______  _________ 
[1993959:internal-dpl-clock]:      / ____/___ _(_)_______   |/  /_  __ \    version 1.8.0
[1993959:internal-dpl-clock]:     / /_  / __ `/ / ___/__  /|_/ /_  / / /    build RELWITHDEBINFO
[1993959:internal-dpl-clock]:    / __/ / /_/ / / /    _  /  / / / /_/ /     https://github.com/FairRootGroup/FairMQ
[1993959:internal-dpl-clock]:   /_/    \__,_/_/_/     /_/  /_/  \___\_\     LGPL-3.0  © 2012-2023 GSI
[1993959:internal-dpl-clock]: 
[1993959:internal-dpl-clock]: [12:47:37][STATE] Starting FairMQ state machine --> IDLE
[1993959:internal-dpl-clock]: [12:47:37][STATE] IDLE ---> INITIALIZING DEVICE
[1993959:internal-dpl-clock]: [12:47:37][STATE] INITIALIZING DEVICE ---> INITIALIZED
[1993959:internal-dpl-clock]: [12:47:37][STATE] INITIALIZED ---> BINDING
[1993959:internal-dpl-clock]: [12:47:37][STATE] BINDING ---> BOUND
[1993959:internal-dpl-clock]: [12:47:37][STATE] BOUND ---> CONNECTING
[1993959:internal-dpl-clock]: [12:47:37][STATE] CONNECTING ---> DEVICE READY
[1993959:internal-dpl-clock]: [12:47:37][STATE] DEVICE READY ---> INITIALIZING TASK
[1993959:internal-dpl-clock]: [12:47:37][STATE] INITIALIZING TASK ---> READY
[1993959:internal-dpl-clock]: [12:47:37][STATE] READY ---> RUNNING
[1993959:internal-dpl-clock]: [12:47:37][INFO] fair::mq::Device running...
[1993959:internal-dpl-clock]: [12:47:37][INFO] LHCPeriod is not available, using current month OCT
[1993959:internal-dpl-clock]: [12:47:37][INFO] Correctly handshaken websocket connection.
[1993960:tpc-native-cluster-reader]: [WARN] MC-truth is not supported for FT0 recpoints currently
[1993961:its-track-reader]: [WARN] MC-truth is not supported for FT0 recpoints currently
[1993962:its-cluster-reader]: [WARN] MC-truth is not supported for FT0 recpoints currently
[1993964:tpc-track-reader]: [WARN] MC-truth is not supported for FT0 recpoints currently
[1993965:internal-dpl-ccdb-backend]: [WARN] MC-truth is not supported for FT0 recpoints currently
[1993962:its-cluster-reader]: [INFO] Instrumenting crash signals
[1993962:its-cluster-reader]: [INFO] Spawing new device its-cluster-reader in process with pid 1993962
[1993962:its-cluster-reader]: [12:47:37][INFO] 
[1993962:its-cluster-reader]:       ______      _    _______  _________ 
[1993962:its-cluster-reader]:      / ____/___ _(_)_______   |/  /_  __ \    version 1.8.0
[1993962:its-cluster-reader]:     / /_  / __ `/ / ___/__  /|_/ /_  / / /    build RELWITHDEBINFO
[1993962:its-cluster-reader]:    / __/ / /_/ / / /    _  /  / / / /_/ /     https://github.com/FairRootGroup/FairMQ
[1993962:its-cluster-reader]:   /_/    \__,_/_/_/     /_/  /_/  \___\_\     LGPL-3.0  © 2012-2023 GSI
[1993962:its-cluster-reader]: 
[1993962:its-cluster-reader]: [12:47:37][STATE] Starting FairMQ state machine --> IDLE
[1993962:its-cluster-reader]: [12:47:37][STATE] IDLE ---> INITIALIZING DEVICE
[1993965:internal-dpl-ccdb-backend]: [INFO] Instrumenting crash signals
[1993965:internal-dpl-ccdb-backend]: [INFO] Spawing new device internal-dpl-ccdb-backend in process with pid 1993965
[1993965:internal-dpl-ccdb-backend]: [12:47:37][INFO] 
[1993965:internal-dpl-ccdb-backend]:       ______      _    _______  _________ 
[1993965:internal-dpl-ccdb-backend]:      / ____/___ _(_)_______   |/  /_  __ \    version 1.8.0
[1993965:internal-dpl-ccdb-backend]:     / /_  / __ `/ / ___/__  /|_/ /_  / / /    build RELWITHDEBINFO
[1993965:internal-dpl-ccdb-backend]:    / __/ / /_/ / / /    _  /  / / / /_/ /     https://github.com/FairRootGroup/FairMQ
[1993965:internal-dpl-ccdb-backend]:   /_/    \__,_/_/_/     /_/  /_/  \___\_\     LGPL-3.0  © 2012-2023 GSI
[1993965:internal-dpl-ccdb-backend]: 
[1993965:internal-dpl-ccdb-backend]: [12:47:37][STATE] Starting FairMQ state machine --> IDLE
[1993960:tpc-native-cluster-reader]: [INFO] Instrumenting crash signals
[1993961:its-track-reader]: [INFO] Instrumenting crash signals
[1993965:internal-dpl-ccdb-backend]: [12:47:37][STATE] IDLE ---> INITIALIZING DEVICE
[1993960:tpc-native-cluster-reader]: [INFO] Spawing new device tpc-native-cluster-reader in process with pid 1993960
[1993960:tpc-native-cluster-reader]: [12:47:37][INFO] 
[1993960:tpc-native-cluster-reader]:       ______      _    _______  _________ 
[1993960:tpc-native-cluster-reader]:      / ____/___ _(_)_______   |/  /_  __ \    version 1.8.0
[1993960:tpc-native-cluster-reader]:     / /_  / __ `/ / ___/__  /|_/ /_  / / /    build RELWITHDEBINFO
[1993960:tpc-native-cluster-reader]:    / __/ / /_/ / / /    _  /  / / / /_/ /     https://github.com/FairRootGroup/FairMQ
[1993960:tpc-native-cluster-reader]:   /_/    \__,_/_/_/     /_/  /_/  \___\_\     LGPL-3.0  © 2012-2023 GSI
[1993960:tpc-native-cluster-reader]: 
[1993960:tpc-native-cluster-reader]: [12:47:37][STATE] Starting FairMQ state machine --> IDLE
[1993961:its-track-reader]: [INFO] Spawing new device its-track-reader in process with pid 1993961
[1993961:its-track-reader]: [12:47:37][INFO] 
[1993961:its-track-reader]:       ______      _    _______  _________ 
[1993961:its-track-reader]:      / ____/___ _(_)_______   |/  /_  __ \    version 1.8.0
[1993961:its-track-reader]:     / /_  / __ `/ / ___/__  /|_/ /_  / / /    build RELWITHDEBINFO
[1993961:its-track-reader]:    / __/ / /_/ / / /    _  /  / / / /_/ /     https://github.com/FairRootGroup/FairMQ
[1993961:its-track-reader]:   /_/    \__,_/_/_/     /_/  /_/  \___\_\     LGPL-3.0  © 2012-2023 GSI
[1993961:its-track-reader]: 
[1993961:its-track-reader]: [12:47:37][STATE] Starting FairMQ state machine --> IDLE
[1993965:internal-dpl-ccdb-backend]: [12:47:37][INFO] CCDB Backend at: http://alice-ccdb.cern.ch, validity check for every 2147483647 TF
[1993965:internal-dpl-ccdb-backend]: [12:47:37][INFO] Init CcdApi with UserAgentID: localhost.localdomain-1697194057-nlF7zB, Host: http://alice-ccdb.cern.ch
[1993965:internal-dpl-ccdb-backend]: [12:47:37][INFO] Initialised default CCDB host http://alice-ccdb.cern.ch
[1993965:internal-dpl-ccdb-backend]: [12:47:37][INFO] The following route is a condition GLO/MATLUT/0
[1993965:internal-dpl-ccdb-backend]: [12:47:37][INFO] - ccdb-path: GLO/Param/MatLUT
[1993965:internal-dpl-ccdb-backend]: [12:47:37][INFO] The following route is a condition CTP/ORBITRESET/0
[1993965:internal-dpl-ccdb-backend]: [12:47:37][INFO] - ccdb-path: CTP/Calib/OrbitReset
[1993965:internal-dpl-ccdb-backend]: [12:47:37][INFO] The following route is a condition ITS/CLUSDICT/0
[1993965:internal-dpl-ccdb-backend]: [12:47:37][INFO] - ccdb-path: ITS/Calib/ClusterDictionary
[1993965:internal-dpl-ccdb-backend]: [12:47:37][INFO] The following route is a condition ITS/ALPIDEPARAM/0
[1993965:internal-dpl-ccdb-backend]: [12:47:37][INFO] - ccdb-path: ITS/Config/AlpideParam
[1993965:internal-dpl-ccdb-backend]: [12:47:37][INFO] The following route is a condition GLO/GEOMALIGN/0
[1993965:internal-dpl-ccdb-backend]: [12:47:37][INFO] - ccdb-path: GLO/Config/GeometryAligned
[1993965:internal-dpl-ccdb-backend]: [12:47:37][INFO] The following route is a condition TPC/CalibLaserTracks/0
[1993965:internal-dpl-ccdb-backend]: [12:47:37][INFO] - ccdb-path: TPC/Calib/LaserTracks
[1993965:internal-dpl-ccdb-backend]: [12:47:37][INFO] The following route is a condition TPC/CorrMap/0
[1993965:internal-dpl-ccdb-backend]: [12:47:37][INFO] - ccdb-path: TPC/Calib/CorrectionMapV2
[1993965:internal-dpl-ccdb-backend]: [12:47:37][INFO] The following route is a condition TPC/CorrMapRef/0
[1993965:internal-dpl-ccdb-backend]: [12:47:37][INFO] - ccdb-path: TPC/Calib/CorrectionMapRefV2
[1993965:internal-dpl-ccdb-backend]: [12:47:37][INFO] The following route is a condition GLO/GRPECS/0
[1993965:internal-dpl-ccdb-backend]: [12:47:37][INFO] - ccdb-path: GLO/Config/GRPECS
[1993965:internal-dpl-ccdb-backend]: [12:47:37][INFO] The following route is a condition TPC/VDriftTgl/0
[1993965:internal-dpl-ccdb-backend]: [12:47:37][INFO] - ccdb-path: TPC/Calib/VDriftTgl
[1993965:internal-dpl-ccdb-backend]: [12:47:37][INFO] The following route is a condition GLO/GRPLHCIF/0
[1993965:internal-dpl-ccdb-backend]: [12:47:37][INFO] - ccdb-path: GLO/Config/GRPLHCIF
[1993965:internal-dpl-ccdb-backend]: [12:47:37][INFO] The following route is a condition GLO/GRPMAGFIELD/0
[1993965:internal-dpl-ccdb-backend]: [12:47:37][INFO] - ccdb-path: GLO/Config/GRPMagField
[1993965:internal-dpl-ccdb-backend]: [12:47:37][STATE] INITIALIZING DEVICE ---> INITIALIZED
[1993965:internal-dpl-ccdb-backend]: [12:47:37][STATE] INITIALIZED ---> BINDING
[1993964:tpc-track-reader]: [INFO] Instrumenting crash signals
[1993965:internal-dpl-ccdb-backend]: [12:47:37][STATE] BINDING ---> BOUND
[1993965:internal-dpl-ccdb-backend]: [12:47:37][STATE] BOUND ---> CONNECTING
[1993965:internal-dpl-ccdb-backend]: [12:47:37][STATE] CONNECTING ---> DEVICE READY
[1993965:internal-dpl-ccdb-backend]: [12:47:37][STATE] DEVICE READY ---> INITIALIZING TASK
[1993960:tpc-native-cluster-reader]: [12:47:37][STATE] IDLE ---> INITIALIZING DEVICE
[1993964:tpc-track-reader]: [INFO] Spawing new device tpc-track-reader in process with pid 1993964
[1993964:tpc-track-reader]: [12:47:37][INFO] 
[1993964:tpc-track-reader]:       ______      _    _______  _________ 
[1993964:tpc-track-reader]:      / ____/___ _(_)_______   |/  /_  __ \    version 1.8.0
[1993964:tpc-track-reader]:     / /_  / __ `/ / ___/__  /|_/ /_  / / /    build RELWITHDEBINFO
[1993964:tpc-track-reader]:    / __/ / /_/ / / /    _  /  / / / /_/ /     https://github.com/FairRootGroup/FairMQ
[1993964:tpc-track-reader]:   /_/    \__,_/_/_/     /_/  /_/  \___\_\     LGPL-3.0  © 2012-2023 GSI
[1993964:tpc-track-reader]: 
[1993964:tpc-track-reader]: [12:47:37][STATE] Starting FairMQ state machine --> IDLE
[1993964:tpc-track-reader]: [12:47:37][STATE] IDLE ---> INITIALIZING DEVICE
[1993965:internal-dpl-ccdb-backend]: [12:47:37][STATE] INITIALIZING TASK ---> READY
[1993965:internal-dpl-ccdb-backend]: [12:47:37][STATE] READY ---> RUNNING
[1993965:internal-dpl-ccdb-backend]: [12:47:37][INFO] fair::mq::Device running...
[1993965:internal-dpl-ccdb-backend]: [12:47:37][INFO] LHCPeriod is not available, using current month OCT
[1993965:internal-dpl-ccdb-backend]: [12:47:37][INFO] Correctly handshaken websocket connection.
[1993961:its-track-reader]: [12:47:37][STATE] IDLE ---> INITIALIZING DEVICE
[1993966:tpc-clusters-sharing-map-producer]: [WARN] MC-truth is not supported for FT0 recpoints currently
[1993968:itstpc-track-writer]: [WARN] MC-truth is not supported for FT0 recpoints currently
[1993968:itstpc-track-writer]: [INFO] Instrumenting crash signals
[1993968:itstpc-track-writer]: [INFO] Spawing new device itstpc-track-writer in process with pid 1993968
[1993968:itstpc-track-writer]: [12:47:37][INFO] 
[1993968:itstpc-track-writer]:       ______      _    _______  _________ 
[1993968:itstpc-track-writer]:      / ____/___ _(_)_______   |/  /_  __ \    version 1.8.0
[1993968:itstpc-track-writer]:     / /_  / __ `/ / ___/__  /|_/ /_  / / /    build RELWITHDEBINFO
[1993968:itstpc-track-writer]:    / __/ / /_/ / / /    _  /  / / / /_/ /     https://github.com/FairRootGroup/FairMQ
[1993968:itstpc-track-writer]:   /_/    \__,_/_/_/     /_/  /_/  \___\_\     LGPL-3.0  © 2012-2023 GSI
[1993968:itstpc-track-writer]: 
[1993968:itstpc-track-writer]: [12:47:37][STATE] Starting FairMQ state machine --> IDLE
[1993969:internal-dpl-injected-dummy-sink]: [INFO] Instrumenting crash signals
[1993969:internal-dpl-injected-dummy-sink]: [INFO] Spawing new device internal-dpl-injected-dummy-sink in process with pid 1993969
[1993969:internal-dpl-injected-dummy-sink]: [12:47:37][INFO] 
[1993969:internal-dpl-injected-dummy-sink]:       ______      _    _______  _________ 
[1993969:internal-dpl-injected-dummy-sink]:      / ____/___ _(_)_______   |/  /_  __ \    version 1.8.0
[1993969:internal-dpl-injected-dummy-sink]:     / /_  / __ `/ / ___/__  /|_/ /_  / / /    build RELWITHDEBINFO
[1993969:internal-dpl-injected-dummy-sink]:    / __/ / /_/ / / /    _  /  / / / /_/ /     https://github.com/FairRootGroup/FairMQ
[1993969:internal-dpl-injected-dummy-sink]:   /_/    \__,_/_/_/     /_/  /_/  \___\_\     LGPL-3.0  © 2012-2023 GSI
[1993969:internal-dpl-injected-dummy-sink]: 
[1993969:internal-dpl-injected-dummy-sink]: [12:47:37][STATE] Starting FairMQ state machine --> IDLE
[1993969:internal-dpl-injected-dummy-sink]: [12:47:37][STATE] IDLE ---> INITIALIZING DEVICE
[1993963:ft0-recpoints-reader]: [WARN] MC-truth is not supported for FT0 recpoints currently
[1993969:internal-dpl-injected-dummy-sink]: [12:47:37][STATE] INITIALIZING DEVICE ---> INITIALIZED
[1993969:internal-dpl-injected-dummy-sink]: [12:47:37][STATE] INITIALIZED ---> BINDING
[1993969:internal-dpl-injected-dummy-sink]: [12:47:37][STATE] BINDING ---> BOUND
[1993969:internal-dpl-injected-dummy-sink]: [12:47:37][STATE] BOUND ---> CONNECTING
[1993969:internal-dpl-injected-dummy-sink]: [12:47:37][STATE] CONNECTING ---> DEVICE READY
[1993969:internal-dpl-injected-dummy-sink]: [12:47:37][STATE] DEVICE READY ---> INITIALIZING TASK
[1993968:itstpc-track-writer]: [12:47:37][STATE] IDLE ---> INITIALIZING DEVICE
[1993969:internal-dpl-injected-dummy-sink]: [12:47:37][STATE] INITIALIZING TASK ---> READY
[1993969:internal-dpl-injected-dummy-sink]: [12:47:37][STATE] READY ---> RUNNING
[1993969:internal-dpl-injected-dummy-sink]: [12:47:37][INFO] fair::mq::Device running...
[1993969:internal-dpl-injected-dummy-sink]: [12:47:37][INFO] LHCPeriod is not available, using current month OCT
[1993969:internal-dpl-injected-dummy-sink]: [12:47:37][INFO] Correctly handshaken websocket connection.
[1993966:tpc-clusters-sharing-map-producer]: [INFO] Instrumenting crash signals
[1993968:itstpc-track-writer]: [12:47:37][INFO] 0: branch  TPCITS set up
[1993968:itstpc-track-writer]: [12:47:37][INFO] 1: branch  TPCITSABRefs set up
[1993968:itstpc-track-writer]: [12:47:37][INFO] 2: branch  TPCITSABCLID set up
[1993968:itstpc-track-writer]: [12:47:37][INFO] 3: branch  MatchMCTruth set up
[1993968:itstpc-track-writer]: [12:47:37][INFO] 4: branch  MatchABMCTruth set up
[1993968:itstpc-track-writer]: [12:47:37][STATE] INITIALIZING DEVICE ---> INITIALIZED
[1993968:itstpc-track-writer]: [12:47:37][STATE] INITIALIZED ---> BINDING
[1993968:itstpc-track-writer]: [12:47:37][STATE] BINDING ---> BOUND
[1993968:itstpc-track-writer]: [12:47:37][STATE] BOUND ---> CONNECTING
[1993968:itstpc-track-writer]: [12:47:37][STATE] CONNECTING ---> DEVICE READY
[1993968:itstpc-track-writer]: [12:47:37][STATE] DEVICE READY ---> INITIALIZING TASK
[1993968:itstpc-track-writer]: [12:47:37][STATE] INITIALIZING TASK ---> READY
[1993968:itstpc-track-writer]: [12:47:37][STATE] READY ---> RUNNING
[1993968:itstpc-track-writer]: [12:47:37][INFO] fair::mq::Device running...
[1993968:itstpc-track-writer]: [12:47:37][INFO] LHCPeriod is not available, using current month OCT
[1993968:itstpc-track-writer]: [12:47:37][INFO] Correctly handshaken websocket connection.
[1993963:ft0-recpoints-reader]: [INFO] Instrumenting crash signals
[1993963:ft0-recpoints-reader]: [INFO] Spawing new device ft0-recpoints-reader in process with pid 1993963
[1993963:ft0-recpoints-reader]: [12:47:37][INFO] 
[1993963:ft0-recpoints-reader]:       ______      _    _______  _________ 
[1993963:ft0-recpoints-reader]:      / ____/___ _(_)_______   |/  /_  __ \    version 1.8.0
[1993963:ft0-recpoints-reader]:     / /_  / __ `/ / ___/__  /|_/ /_  / / /    build RELWITHDEBINFO
[1993963:ft0-recpoints-reader]:    / __/ / /_/ / / /    _  /  / / / /_/ /     https://github.com/FairRootGroup/FairMQ
[1993963:ft0-recpoints-reader]:   /_/    \__,_/_/_/     /_/  /_/  \___\_\     LGPL-3.0  © 2012-2023 GSI
[1993963:ft0-recpoints-reader]: 
[1993963:ft0-recpoints-reader]: [12:47:37][STATE] Starting FairMQ state machine --> IDLE
[1993963:ft0-recpoints-reader]: [12:47:37][STATE] IDLE ---> INITIALIZING DEVICE
[1993967:itstpc-track-matcher]: [WARN] MC-truth is not supported for FT0 recpoints currently
[1993966:tpc-clusters-sharing-map-producer]: [INFO] Spawing new device tpc-clusters-sharing-map-producer in process with pid 1993966
[1993966:tpc-clusters-sharing-map-producer]: [12:47:38][INFO] 
[1993966:tpc-clusters-sharing-map-producer]:       ______      _    _______  _________ 
[1993966:tpc-clusters-sharing-map-producer]:      / ____/___ _(_)_______   |/  /_  __ \    version 1.8.0
[1993966:tpc-clusters-sharing-map-producer]:     / /_  / __ `/ / ___/__  /|_/ /_  / / /    build RELWITHDEBINFO
[1993966:tpc-clusters-sharing-map-producer]:    / __/ / /_/ / / /    _  /  / / / /_/ /     https://github.com/FairRootGroup/FairMQ
[1993966:tpc-clusters-sharing-map-producer]:   /_/    \__,_/_/_/     /_/  /_/  \___\_\     LGPL-3.0  © 2012-2023 GSI
[1993966:tpc-clusters-sharing-map-producer]: 
[1993966:tpc-clusters-sharing-map-producer]: [12:47:38][STATE] Starting FairMQ state machine --> IDLE
[1993966:tpc-clusters-sharing-map-producer]: [12:47:38][STATE] IDLE ---> INITIALIZING DEVICE
[1993966:tpc-clusters-sharing-map-producer]: [12:47:38][STATE] INITIALIZING DEVICE ---> INITIALIZED
[1993966:tpc-clusters-sharing-map-producer]: [12:47:38][STATE] INITIALIZED ---> BINDING
[1993966:tpc-clusters-sharing-map-producer]: [12:47:38][STATE] BINDING ---> BOUND
[1993966:tpc-clusters-sharing-map-producer]: [12:47:38][STATE] BOUND ---> CONNECTING
[1993966:tpc-clusters-sharing-map-producer]: [12:47:38][STATE] CONNECTING ---> DEVICE READY
[1993966:tpc-clusters-sharing-map-producer]: [12:47:38][STATE] DEVICE READY ---> INITIALIZING TASK
[1993966:tpc-clusters-sharing-map-producer]: [12:47:38][STATE] INITIALIZING TASK ---> READY
[1993966:tpc-clusters-sharing-map-producer]: [12:47:38][STATE] READY ---> RUNNING
[1993966:tpc-clusters-sharing-map-producer]: [12:47:38][INFO] fair::mq::Device running...
[1993966:tpc-clusters-sharing-map-producer]: [12:47:38][INFO] LHCPeriod is not available, using current month OCT
[1993966:tpc-clusters-sharing-map-producer]: [12:47:38][INFO] Correctly handshaken websocket connection.
[1993967:itstpc-track-matcher]: [INFO] Instrumenting crash signals
[1993967:itstpc-track-matcher]: [INFO] Spawing new device itstpc-track-matcher in process with pid 1993967
[1993967:itstpc-track-matcher]: [12:47:38][INFO] 
[1993967:itstpc-track-matcher]:       ______      _    _______  _________ 
[1993967:itstpc-track-matcher]:      / ____/___ _(_)_______   |/  /_  __ \    version 1.8.0
[1993967:itstpc-track-matcher]:     / /_  / __ `/ / ___/__  /|_/ /_  / / /    build RELWITHDEBINFO
[1993967:itstpc-track-matcher]:    / __/ / /_/ / / /    _  /  / / / /_/ /     https://github.com/FairRootGroup/FairMQ
[1993967:itstpc-track-matcher]:   /_/    \__,_/_/_/     /_/  /_/  \___\_\     LGPL-3.0  © 2012-2023 GSI
[1993967:itstpc-track-matcher]: 
[1993967:itstpc-track-matcher]: [12:47:38][STATE] Starting FairMQ state machine --> IDLE
[1993967:itstpc-track-matcher]: [12:47:38][STATE] IDLE ---> INITIALIZING DEVICE
[1993967:itstpc-track-matcher]: [12:47:38][INFO] CTP Lumi request for TPC corr.map scaling=OFF, override values: lumiMean=0 lumiInst=0 lumiScaleMode=0
[1993967:itstpc-track-matcher]: [12:47:38][STATE] INITIALIZING DEVICE ---> INITIALIZED
[1993967:itstpc-track-matcher]: [12:47:38][STATE] INITIALIZED ---> BINDING
[1993967:itstpc-track-matcher]: [12:47:38][STATE] BINDING ---> BOUND
[1993967:itstpc-track-matcher]: [12:47:38][STATE] BOUND ---> CONNECTING
[1993967:itstpc-track-matcher]: [12:47:38][STATE] CONNECTING ---> DEVICE READY
[1993967:itstpc-track-matcher]: [12:47:38][STATE] DEVICE READY ---> INITIALIZING TASK
[1993967:itstpc-track-matcher]: [12:47:38][STATE] INITIALIZING TASK ---> READY
[1993967:itstpc-track-matcher]: [12:47:38][STATE] READY ---> RUNNING
[1993967:itstpc-track-matcher]: [12:47:38][INFO] fair::mq::Device running...
[1993967:itstpc-track-matcher]: [12:47:38][INFO] LHCPeriod is not available, using current month OCT
[1993967:itstpc-track-matcher]: [12:47:38][INFO] Correctly handshaken websocket connection.
[1993962:its-cluster-reader]: [12:47:38][INFO] Loaded tree from o2clus_its.root with 1 entries
[1993962:its-cluster-reader]: [12:47:38][STATE] INITIALIZING DEVICE ---> INITIALIZED
[1993962:its-cluster-reader]: [12:47:38][STATE] INITIALIZED ---> BINDING
[1993962:its-cluster-reader]: [12:47:38][STATE] BINDING ---> BOUND
[1993962:its-cluster-reader]: [12:47:38][STATE] BOUND ---> CONNECTING
[1993962:its-cluster-reader]: [12:47:38][STATE] CONNECTING ---> DEVICE READY
[1993962:its-cluster-reader]: [12:47:38][STATE] DEVICE READY ---> INITIALIZING TASK
[1993962:its-cluster-reader]: [12:47:38][STATE] INITIALIZING TASK ---> READY
[1993962:its-cluster-reader]: [12:47:38][STATE] READY ---> RUNNING
[1993962:its-cluster-reader]: [12:47:38][INFO] fair::mq::Device running...
[1993962:its-cluster-reader]: [12:47:38][INFO] LHCPeriod is not available, using current month OCT
[1993962:its-cluster-reader]: [12:47:38][INFO] ITSClusterReader pushes 128 ROFRecords,213930 compact clusters at entry 0
[1993960:tpc-native-cluster-reader]: [12:47:38][INFO] binary branch set up: TPCClusterNative_0
[1993960:tpc-native-cluster-reader]: [12:47:38][INFO] binary branch set up: TPCClusterNative_1
[1993960:tpc-native-cluster-reader]: [12:47:38][INFO] binary branch set up: TPCClusterNative_2
[1993960:tpc-native-cluster-reader]: [12:47:38][INFO] binary branch set up: TPCClusterNative_3
[1993960:tpc-native-cluster-reader]: [12:47:38][INFO] binary branch set up: TPCClusterNative_4
[1993960:tpc-native-cluster-reader]: [12:47:38][INFO] binary branch set up: TPCClusterNative_5
[1993960:tpc-native-cluster-reader]: [12:47:38][INFO] binary branch set up: TPCClusterNative_6
[1993960:tpc-native-cluster-reader]: [12:47:38][INFO] binary branch set up: TPCClusterNative_7
[1993960:tpc-native-cluster-reader]: [12:47:38][INFO] binary branch set up: TPCClusterNative_8
[1993960:tpc-native-cluster-reader]: [12:47:38][INFO] binary branch set up: TPCClusterNative_9
[1993960:tpc-native-cluster-reader]: [12:47:38][INFO] binary branch set up: TPCClusterNative_10
[1993960:tpc-native-cluster-reader]: [12:47:38][INFO] binary branch set up: TPCClusterNative_11
[1993960:tpc-native-cluster-reader]: [12:47:38][INFO] binary branch set up: TPCClusterNative_12
[1993960:tpc-native-cluster-reader]: [12:47:38][INFO] binary branch set up: TPCClusterNative_13
[1993960:tpc-native-cluster-reader]: [12:47:38][INFO] binary branch set up: TPCClusterNative_14
[1993960:tpc-native-cluster-reader]: [12:47:38][INFO] binary branch set up: TPCClusterNative_15
[1993960:tpc-native-cluster-reader]: [12:47:38][INFO] binary branch set up: TPCClusterNative_16
[1993960:tpc-native-cluster-reader]: [12:47:38][INFO] binary branch set up: TPCClusterNative_17
[1993960:tpc-native-cluster-reader]: [12:47:38][INFO] binary branch set up: TPCClusterNative_18
[1993964:tpc-track-reader]: [12:47:38][INFO] Will use MC-truth from TPCTracksMCTruth
[1993964:tpc-track-reader]: [12:47:38][INFO] Loaded tree from tpctracks.root with 1 entries
[1993960:tpc-native-cluster-reader]: [12:47:38][INFO] binary branch set up: TPCClusterNative_19
[1993964:tpc-track-reader]: [12:47:38][STATE] INITIALIZING DEVICE ---> INITIALIZED
[1993964:tpc-track-reader]: [12:47:38][STATE] INITIALIZED ---> BINDING
[1993964:tpc-track-reader]: [12:47:38][STATE] BINDING ---> BOUND
[1993964:tpc-track-reader]: [12:47:38][STATE] BOUND ---> CONNECTING
[1993964:tpc-track-reader]: [12:47:38][STATE] CONNECTING ---> DEVICE READY
[1993964:tpc-track-reader]: [12:47:38][STATE] DEVICE READY ---> INITIALIZING TASK
[1993960:tpc-native-cluster-reader]: [12:47:38][INFO] binary branch set up: TPCClusterNative_20
[1993964:tpc-track-reader]: [12:47:38][STATE] INITIALIZING TASK ---> READY
[1993964:tpc-track-reader]: [12:47:38][STATE] READY ---> RUNNING
[1993964:tpc-track-reader]: [12:47:38][INFO] fair::mq::Device running...
[1993964:tpc-track-reader]: [12:47:38][INFO] LHCPeriod is not available, using current month OCT
[1993960:tpc-native-cluster-reader]: [12:47:38][INFO] binary branch set up: TPCClusterNative_21
[1993960:tpc-native-cluster-reader]: [12:47:38][INFO] binary branch set up: TPCClusterNative_22
[1993960:tpc-native-cluster-reader]: [12:47:38][INFO] binary branch set up: TPCClusterNative_23
[1993960:tpc-native-cluster-reader]: [12:47:38][INFO] binary branch set up: TPCClusterNative_24
[1993960:tpc-native-cluster-reader]: [12:47:38][INFO] binary branch set up: TPCClusterNative_25
[1993960:tpc-native-cluster-reader]: [12:47:38][INFO] binary branch set up: TPCClusterNative_26
[1993960:tpc-native-cluster-reader]: [12:47:38][INFO] binary branch set up: TPCClusterNative_27
[1993960:tpc-native-cluster-reader]: [12:47:38][INFO] binary branch set up: TPCClusterNative_28
[1993960:tpc-native-cluster-reader]: [12:47:38][INFO] binary branch set up: TPCClusterNative_29
[1993960:tpc-native-cluster-reader]: [12:47:38][INFO] binary branch set up: TPCClusterNative_30
[1993960:tpc-native-cluster-reader]: [12:47:38][INFO] binary branch set up: TPCClusterNative_31
[1993960:tpc-native-cluster-reader]: [12:47:38][INFO] binary branch set up: TPCClusterNative_32
[1993960:tpc-native-cluster-reader]: [12:47:38][INFO] binary branch set up: TPCClusterNative_33
[1993960:tpc-native-cluster-reader]: [12:47:38][INFO] binary branch set up: TPCClusterNative_34
[1993960:tpc-native-cluster-reader]: [12:47:38][INFO] binary branch set up: TPCClusterNative_35
[1993960:tpc-native-cluster-reader]: [12:47:38][STATE] INITIALIZING DEVICE ---> INITIALIZED
[1993960:tpc-native-cluster-reader]: [12:47:38][STATE] INITIALIZED ---> BINDING
[1993960:tpc-native-cluster-reader]: [12:47:38][STATE] BINDING ---> BOUND
[1993960:tpc-native-cluster-reader]: [12:47:38][STATE] BOUND ---> CONNECTING
[1993961:its-track-reader]: [12:47:38][INFO] Loaded tree from o2trac_its.root with 1 entries
[1993961:its-track-reader]: [12:47:38][STATE] INITIALIZING DEVICE ---> INITIALIZED
[1993961:its-track-reader]: [12:47:38][STATE] INITIALIZED ---> BINDING
[1993961:its-track-reader]: [12:47:38][STATE] BINDING ---> BOUND
[1993961:its-track-reader]: [12:47:38][STATE] BOUND ---> CONNECTING
[1993961:its-track-reader]: [12:47:38][STATE] CONNECTING ---> DEVICE READY
[1993961:its-track-reader]: [12:47:38][STATE] DEVICE READY ---> INITIALIZING TASK
[1993960:tpc-native-cluster-reader]: [12:47:38][STATE] CONNECTING ---> DEVICE READY
[1993960:tpc-native-cluster-reader]: [12:47:38][STATE] DEVICE READY ---> INITIALIZING TASK
[1993961:its-track-reader]: [12:47:38][STATE] INITIALIZING TASK ---> READY
[1993960:tpc-native-cluster-reader]: [12:47:38][STATE] INITIALIZING TASK ---> READY
[1993961:its-track-reader]: [12:47:38][STATE] READY ---> RUNNING
[1993961:its-track-reader]: [12:47:38][INFO] fair::mq::Device running...
[1993960:tpc-native-cluster-reader]: [12:47:38][STATE] READY ---> RUNNING
[1993961:its-track-reader]: [12:47:38][INFO] LHCPeriod is not available, using current month OCT
[1993960:tpc-native-cluster-reader]: [12:47:38][INFO] fair::mq::Device running...
[1993960:tpc-native-cluster-reader]: [12:47:38][INFO] LHCPeriod is not available, using current month OCT
[1993961:its-track-reader]: [12:47:38][INFO] Pushing 15771 track in 128 ROFs at entry 0
[1993962:its-cluster-reader]: [12:47:38][INFO] Sending end-of-stream message to channel from_its-cluster-reader_to_itstpc-track-matcher
[1993962:its-cluster-reader]: [12:47:38][INFO] Sending end-of-stream message to channel from_its-cluster-reader_to_internal-dpl-injected-dummy-sink
[1993962:its-cluster-reader]: [12:47:38][INFO] Correctly handshaken websocket connection.
[1993960:tpc-native-cluster-reader]: [12:47:38][INFO] branch TPCClusterNative_0: publishing binary chunk of 6438336 bytes(s)
[1993961:its-track-reader]: [12:47:38][INFO] Sending end-of-stream message to channel from_its-track-reader_to_itstpc-track-matcher
[1993961:its-track-reader]: [12:47:38][INFO] Sending end-of-stream message to channel from_its-track-reader_to_internal-dpl-injected-dummy-sink
[1993961:its-track-reader]: [12:47:38][INFO] Correctly handshaken websocket connection.
[1993960:tpc-native-cluster-reader]: [12:47:38][INFO] branch TPCClusterNative_1: publishing binary chunk of 6615060 bytes(s)
[1993964:tpc-track-reader]: [12:47:38][INFO] TPCTrackReader pushes 30591 tracks from entries 0 : 0
[1993964:tpc-track-reader]: [12:47:38][INFO] Sending end-of-stream message to channel from_tpc-track-reader_to_tpc-clusters-sharing-map-producer
[1993964:tpc-track-reader]: [12:47:38][INFO] Sending end-of-stream message to channel from_tpc-track-reader_to_itstpc-track-matcher
[1993964:tpc-track-reader]: [12:47:38][INFO] Correctly handshaken websocket connection.
[1993960:tpc-native-cluster-reader]: [12:47:38][INFO] branch TPCClusterNative_2: publishing binary chunk of 6564876 bytes(s)
[1993960:tpc-native-cluster-reader]: [12:47:38][INFO] branch TPCClusterNative_3: publishing binary chunk of 1241136 bytes(s)
[1993960:tpc-native-cluster-reader]: [12:47:38][INFO] branch TPCClusterNative_4: publishing binary chunk of 378156 bytes(s)
[1993960:tpc-native-cluster-reader]: [12:47:38][INFO] branch TPCClusterNative_5: publishing binary chunk of 252276 bytes(s)
[1993960:tpc-native-cluster-reader]: [12:47:38][INFO] branch TPCClusterNative_6: publishing binary chunk of 184476 bytes(s)
[1993960:tpc-native-cluster-reader]: [12:47:38][INFO] branch TPCClusterNative_7: publishing binary chunk of 142692 bytes(s)
[1993960:tpc-native-cluster-reader]: [12:47:38][INFO] branch TPCClusterNative_8: publishing binary chunk of 97392 bytes(s)
[1993960:tpc-native-cluster-reader]: [12:47:38][INFO] branch TPCClusterNative_9: publishing binary chunk of 76464 bytes(s)
[1993960:tpc-native-cluster-reader]: [12:47:38][INFO] branch TPCClusterNative_10: publishing binary chunk of 65292 bytes(s)
[1993960:tpc-native-cluster-reader]: [12:47:38][INFO] branch TPCClusterNative_11: publishing binary chunk of 65964 bytes(s)
[1993960:tpc-native-cluster-reader]: [12:47:38][INFO] branch TPCClusterNative_12: publishing binary chunk of 68208 bytes(s)
[1993960:tpc-native-cluster-reader]: [12:47:38][INFO] branch TPCClusterNative_13: publishing binary chunk of 78684 bytes(s)
[1993960:tpc-native-cluster-reader]: [12:47:38][INFO] branch TPCClusterNative_14: publishing binary chunk of 99672 bytes(s)
[1993960:tpc-native-cluster-reader]: [12:47:38][INFO] branch TPCClusterNative_15: publishing binary chunk of 189792 bytes(s)
[1993960:tpc-native-cluster-reader]: [12:47:38][INFO] branch TPCClusterNative_16: publishing binary chunk of 278280 bytes(s)
[1993960:tpc-native-cluster-reader]: [12:47:38][INFO] branch TPCClusterNative_17: publishing binary chunk of 1242108 bytes(s)
[1993963:ft0-recpoints-reader]: [12:47:38][INFO] Loaded FT0 RecPoints tree from o2reco_ft0.root with 1 entries
[1993963:ft0-recpoints-reader]: [12:47:38][STATE] INITIALIZING DEVICE ---> INITIALIZED
[1993963:ft0-recpoints-reader]: [12:47:38][STATE] INITIALIZED ---> BINDING
[1993963:ft0-recpoints-reader]: [12:47:38][STATE] BINDING ---> BOUND
[1993963:ft0-recpoints-reader]: [12:47:38][STATE] BOUND ---> CONNECTING
[1993963:ft0-recpoints-reader]: [12:47:38][STATE] CONNECTING ---> DEVICE READY
[1993963:ft0-recpoints-reader]: [12:47:38][STATE] DEVICE READY ---> INITIALIZING TASK
[1993963:ft0-recpoints-reader]: [12:47:38][STATE] INITIALIZING TASK ---> READY
[1993963:ft0-recpoints-reader]: [12:47:38][STATE] READY ---> RUNNING
[1993963:ft0-recpoints-reader]: [12:47:38][INFO] fair::mq::Device running...
[1993963:ft0-recpoints-reader]: [12:47:38][INFO] LHCPeriod is not available, using current month OCT
[1993960:tpc-native-cluster-reader]: [12:47:38][INFO] branch TPCClusterNative_18: publishing binary chunk of 6356124 bytes(s)
[1993963:ft0-recpoints-reader]: [12:47:38][INFO] Sending end-of-stream message to channel from_ft0-recpoints-reader_to_internal-dpl-ccdb-backend
[1993963:ft0-recpoints-reader]: [12:47:38][INFO] Sending end-of-stream message to channel from_ft0-recpoints-reader_to_itstpc-track-matcher
[1993963:ft0-recpoints-reader]: [12:47:38][INFO] Correctly handshaken websocket connection.
[1993960:tpc-native-cluster-reader]: [12:47:38][INFO] branch TPCClusterNative_19: publishing binary chunk of 6475476 bytes(s)
[1993960:tpc-native-cluster-reader]: [12:47:38][INFO] branch TPCClusterNative_20: publishing binary chunk of 6517692 bytes(s)
[1993960:tpc-native-cluster-reader]: [12:47:38][INFO] branch TPCClusterNative_21: publishing binary chunk of 1211784 bytes(s)
[1993960:tpc-native-cluster-reader]: [12:47:38][INFO] branch TPCClusterNative_22: publishing binary chunk of 407424 bytes(s)
[1993960:tpc-native-cluster-reader]: [12:47:38][INFO] branch TPCClusterNative_23: publishing binary chunk of 285048 bytes(s)
[1993960:tpc-native-cluster-reader]: [12:47:38][INFO] branch TPCClusterNative_24: publishing binary chunk of 218124 bytes(s)
[1993960:tpc-native-cluster-reader]: [12:47:38][INFO] branch TPCClusterNative_25: publishing binary chunk of 156228 bytes(s)
[1993960:tpc-native-cluster-reader]: [12:47:38][INFO] branch TPCClusterNative_26: publishing binary chunk of 124476 bytes(s)
[1993960:tpc-native-cluster-reader]: [12:47:38][INFO] branch TPCClusterNative_27: publishing binary chunk of 84480 bytes(s)
[1993960:tpc-native-cluster-reader]: [12:47:38][INFO] branch TPCClusterNative_28: publishing binary chunk of 80508 bytes(s)
[1993960:tpc-native-cluster-reader]: [12:47:38][INFO] branch TPCClusterNative_29: publishing binary chunk of 78288 bytes(s)
[1993960:tpc-native-cluster-reader]: [12:47:38][INFO] branch TPCClusterNative_30: publishing binary chunk of 79908 bytes(s)
[1993960:tpc-native-cluster-reader]: [12:47:38][INFO] branch TPCClusterNative_31: publishing binary chunk of 92544 bytes(s)
[1993960:tpc-native-cluster-reader]: [12:47:38][INFO] branch TPCClusterNative_32: publishing binary chunk of 122040 bytes(s)
[1993960:tpc-native-cluster-reader]: [12:47:38][INFO] branch TPCClusterNative_33: publishing binary chunk of 186456 bytes(s)
[1993960:tpc-native-cluster-reader]: [12:47:38][INFO] branch TPCClusterNative_34: publishing binary chunk of 310128 bytes(s)
[1993960:tpc-native-cluster-reader]: [12:47:38][INFO] branch TPCClusterNative_35: publishing binary chunk of 1233372 bytes(s)
[1993960:tpc-native-cluster-reader]: [12:47:38][INFO] Correctly handshaken websocket connection.
[1993960:tpc-native-cluster-reader]: [12:47:38][INFO] Sending end-of-stream message to channel from_tpc-native-cluster-reader_to_tpc-clusters-sharing-map-producer
[1993966:tpc-clusters-sharing-map-producer]: [12:47:38][INFO] Timing for TPC clusters sharing map creation: Cpu: 3.000e-02 Real: 2.481e-02 s
[1993966:tpc-clusters-sharing-map-producer]: [12:47:38][INFO] Sending end-of-stream message to channel from_tpc-clusters-sharing-map-producer_to_itstpc-track-matcher
[1993965:internal-dpl-ccdb-backend]: Info in <TJAlienConnectionManager>: Opening connection to JCentral. Please wait
[1993965:internal-dpl-ccdb-backend]: Info in <TJAlienConnectionManager>: Opening connection to 137.138.99.169
[1993965:internal-dpl-ccdb-backend]: Info in <TJAlienConnectionManager>: Successfully connected to 137.138.99.169
[1993965:internal-dpl-ccdb-backend]: Info in <TJAlienFile::Open>: Accessing file /alice/data/CCDB/CTP/Calib/OrbitReset/06/62200/b9f985c3-b4b0-11ec-8fd3-90ce809b24ee in SE <ALICE::CERN::EOS>
[1993965:internal-dpl-ccdb-backend]: [12:47:40][INFO] ccdb reads http://alice-ccdb.cern.ch/CTP/Calib/OrbitReset/1546300800000/b9f985c3-b4b0-11ec-8fd3-90ce809b24ee for 1546300800000 (load to memory, agent_id: localhost.localdomain-1697194057-nlF7zB), 
[1993965:internal-dpl-ccdb-backend]: Info in <TJAlienFile::Open>: Accessing file /alice/data/CCDB/GLO/Param/MatLUT/05/24630/d5a2a33e-dba4-11ec-9e90-2a010e0a0b16 in SE <ALICE::CERN::OCDB>
[1993965:internal-dpl-ccdb-backend]: [12:47:40][INFO] ccdb reads http://alice-ccdb.cern.ch/GLO/Param/MatLUT/1546300800000/d5a2a33e-dba4-11ec-9e90-2a010e0a0b16 for 1546300800000 (load to memory, agent_id: localhost.localdomain-1697194057-nlF7zB), 
[1993965:internal-dpl-ccdb-backend]: Info in <TJAlienFile::Open>: Accessing file /alice/data/CCDB/ITS/Calib/ClusterDictionary/09/10449/c245a720-9fe3-11ec-975c-200114580202 in SE <ALICE::CERN::OCDB>
[1993965:internal-dpl-ccdb-backend]: [12:47:40][INFO] ccdb reads http://alice-ccdb.cern.ch/ITS/Calib/ClusterDictionary/0/c245a720-9fe3-11ec-975c-200114580202 for 1546300800000 (load to memory, agent_id: localhost.localdomain-1697194057-nlF7zB), 
[1993965:internal-dpl-ccdb-backend]: Info in <TJAlienFile::Open>: Accessing file /alice/data/CCDB/ITS/Config/AlpideParam/02/10715/76f24ad5-e339-11ec-9e90-200114580204 in SE <ALICE::CERN::OCDB>
[1993965:internal-dpl-ccdb-backend]: [12:47:40][INFO] ccdb reads http://alice-ccdb.cern.ch/ITS/Config/AlpideParam/1546300800000/76f24ad5-e339-11ec-9e90-200114580204 for 1546300800000 (load to memory, agent_id: localhost.localdomain-1697194057-nlF7zB), 
[1993965:internal-dpl-ccdb-backend]: Info in <TJAlienFile::Open>: Accessing file /alice/data/CCDB/GLO/Config/GeometryAligned/06/21224/787687c0-287a-11ed-8141-200114580202 in SE <ALICE::CERN::OCDB>
[1993965:internal-dpl-ccdb-backend]: [12:47:40][INFO] ccdb reads http://alice-ccdb.cern.ch/GLO/Config/GeometryAligned/1546300800000/787687c0-287a-11ed-8141-200114580202 for 1546300800000 (load to memory, agent_id: localhost.localdomain-1697194057-nlF7zB), 
[1993965:internal-dpl-ccdb-backend]: Info in <TJAlienFile::Open>: Accessing file /alice/data/CCDB/TPC/Calib/LaserTracks/14/60057/dd26d771-0929-11ed-8000-2a010e0a0b16 in SE <ALICE::CERN::OCDB>
[1993965:internal-dpl-ccdb-backend]: [12:47:40][INFO] ccdb reads http://alice-ccdb.cern.ch/TPC/Calib/LaserTracks/1546300800000/dd26d771-0929-11ed-8000-2a010e0a0b16 for 1546300800000 (load to memory, agent_id: localhost.localdomain-1697194057-nlF7zB), 
[1993965:internal-dpl-ccdb-backend]: Info in <TJAlienFile::Open>: Accessing file /alice/data/CCDB/TPC/Calib/CorrectionMapV2/04/24306/188b3306-3a84-11ee-a1e3-200114580202 in SE <ALICE::CERN::OCDB>
[1993965:internal-dpl-ccdb-backend]: [12:47:40][INFO] ccdb reads http://alice-ccdb.cern.ch/TPC/Calib/CorrectionMapV2/1/188b3306-3a84-11ee-a1e3-200114580202 for 1546300800000 (load to memory, agent_id: localhost.localdomain-1697194057-nlF7zB), 
[1993965:internal-dpl-ccdb-backend]: Info in <TJAlienFile::Open>: Accessing file /alice/data/CCDB/TPC/Calib/CorrectionMapRefV2/10/16377/1f4bfb7e-3a84-11ee-a1e3-200114580202 in SE <ALICE::CERN::OCDB>
[1993965:internal-dpl-ccdb-backend]: [12:47:40][INFO] ccdb reads http://alice-ccdb.cern.ch/TPC/Calib/CorrectionMapRefV2/1/1f4bfb7e-3a84-11ee-a1e3-200114580202 for 1546300800000 (load to memory, agent_id: localhost.localdomain-1697194057-nlF7zB), 
[1993965:internal-dpl-ccdb-backend]: Info in <TJAlienFile::Open>: Accessing file /alice/data/CCDB/GLO/Config/GRPECS/03/07584/646e9be2-0210-11ed-8000-200114580202 in SE <ALICE::CERN::OCDB>
[1993965:internal-dpl-ccdb-backend]: [12:47:40][INFO] ccdb reads http://alice-ccdb.cern.ch/GLO/Config/GRPECS/1546300800000/646e9be2-0210-11ed-8000-200114580202 for 1546300800000 (load to memory, agent_id: localhost.localdomain-1697194057-nlF7zB), 
[1993965:internal-dpl-ccdb-backend]: Info in <TJAlienFile::Open>: Accessing file /alice/data/CCDB/TPC/Calib/VDriftTgl/04/00148/01683855-2e90-11ed-ac0b-200114580202 in SE <ALICE::CERN::OCDB>
[1993965:internal-dpl-ccdb-backend]: [12:47:40][INFO] ccdb reads http://alice-ccdb.cern.ch/TPC/Calib/VDriftTgl/1546300800000/01683855-2e90-11ed-ac0b-200114580202 for 1546300800000 (load to memory, agent_id: localhost.localdomain-1697194057-nlF7zB), 
[1993965:internal-dpl-ccdb-backend]: Info in <TJAlienFile::Open>: Accessing file /alice/data/CCDB/GLO/Config/GRPLHCIF/04/60609/b3296373-efea-11ec-b9c0-2a010e0a0b16 in SE <ALICE::CERN::OCDB>
[1993965:internal-dpl-ccdb-backend]: [12:47:40][INFO] ccdb reads http://alice-ccdb.cern.ch/GLO/Config/GRPLHCIF/1546300800000/b3296373-efea-11ec-b9c0-2a010e0a0b16 for 1546300800000 (load to memory, agent_id: localhost.localdomain-1697194057-nlF7zB), 
[1993965:internal-dpl-ccdb-backend]: Info in <TJAlienFile::Open>: Accessing file /alice/data/CCDB/GLO/Config/GRPMagField/06/62924/01d633ab-efdf-11ec-841e-2a010e0a0b16 in SE <ALICE::CERN::OCDB>
[1993965:internal-dpl-ccdb-backend]: [12:47:40][INFO] ccdb reads http://alice-ccdb.cern.ch/GLO/Config/GRPMagField/1546300800000/01d633ab-efdf-11ec-841e-2a010e0a0b16 for 1546300800000 (load to memory, agent_id: localhost.localdomain-1697194057-nlF7zB), 
[1993965:internal-dpl-ccdb-backend]: [12:47:40][INFO] Sending end-of-stream message to channel from_internal-dpl-ccdb-backend_to_itstpc-track-matcher
[1993965:internal-dpl-ccdb-backend]: [12:47:40][INFO] Sending end-of-stream message to channel from_internal-dpl-ccdb-backend_to_internal-dpl-injected-dummy-sink
[1993967:itstpc-track-matcher]: [12:47:41][INFO] ITS Alpide param updated
[1993967:itstpc-track-matcher]: ITSAlpideParam.roFrameLengthInBC : 198		[ CCDB ]
[1993967:itstpc-track-matcher]: ITSAlpideParam.roFrameLengthTrig : 6000		[ CCDB ]
[1993967:itstpc-track-matcher]: ITSAlpideParam.strobeDelay : 99.8031		[ CCDB ]
[1993967:itstpc-track-matcher]: ITSAlpideParam.strobeLengthCont : -1		[ CCDB ]
[1993967:itstpc-track-matcher]: ITSAlpideParam.strobeLengthTrig : 100		[ CCDB ]
[1993967:itstpc-track-matcher]: ITSAlpideParam.roFrameBiasInBC : 64		[ CCDB ]
[1993967:itstpc-track-matcher]: [12:47:41][INFO] Caching in 139722992380432 ptr to ITS/ALPIDEPARAM/0 (0x7f164537a2c0)
[1993967:itstpc-track-matcher]: [12:47:41][INFO] cluster dictionary updated
[1993967:itstpc-track-matcher]: [12:47:41][INFO] Caching in 139722992352560 ptr to ITS/CLUSDICT/0 (0x673dde0)
[1993967:itstpc-track-matcher]: [12:47:41][INFO] GRP MagField object updated
[1993967:itstpc-track-matcher]: [12:47:41][INFO] MagneticField::Print: MagneticFieldMap:
[1993967:itstpc-track-matcher]: [12:47:41][INFO] MagneticField::Print: Solenoid (-1*)5 kG, Dipole ON (-1) 
[1993967:itstpc-track-matcher]: [12:47:41][INFO] MagneticField::Print: Machine B fields for p-p  beam (7000 GeV): QGrad: 22.0002 Dipole: 37.8781
[1993967:itstpc-track-matcher]: [12:47:41][INFO] MagneticField::Print: Uses Sol30_Dip6_Hole  of /root/alice/sw/slc9_x86-64/O2/segment-local1/share/Common/maps/mfchebKGI_sym.root
[1993967:itstpc-track-matcher]: Info in <TGeoGlobalMagField::SetField>: Global magnetic field set to <MagneticFieldMap>
[1993967:itstpc-track-matcher]: Info in <TGeoGlobalMagField::Lock>: Global magnetic field <MagneticFieldMap> is now locked
[1993967:itstpc-track-matcher]: [12:47:41][INFO] Caching in 139722994258192 ptr to GLO/GRPMAGFIELD/0 (0x67418f0)
[1993967:itstpc-track-matcher]: [12:47:41][INFO] GRP LHCIF object updated
[1993967:itstpc-track-matcher]: [12:47:41][INFO] Caching in 139722994255920 ptr to GLO/GRPLHCIF/0 (0x74588c0)
[1993967:itstpc-track-matcher]: [12:47:41][INFO] GRP ECS object updated
[1993967:itstpc-track-matcher]: [12:47:41][INFO] Caching in 139722994251376 ptr to GLO/GRPECS/0 (0x4e937c0)
[1993967:itstpc-track-matcher]: [12:47:41][INFO] orbit reset time updated to 1546300800000
[1993967:itstpc-track-matcher]: [12:47:41][INFO] Caching in 139722983126064 ptr to CTP/ORBITRESET/0 (0x745b5a0)
[1993967:itstpc-track-matcher]: [12:47:41][INFO] material LUT updated
[1993967:itstpc-track-matcher]: [12:47:41][INFO] Loaded 440 params from $(O2_ROOT)/share/Common/maps/sol5k.txt
[1993967:itstpc-track-matcher]: [12:47:41][INFO] Caching in 139722983127120 ptr to GLO/MATLUT/0 (0x7569d70)
[1993967:itstpc-track-matcher]: Info in <TGeoManager::CloseGeometry>: Geometry loaded from file...
[1993967:itstpc-track-matcher]: Info in <TGeoManager::SetTopVolume>: Top volume is cave. Master volume is cave
[1993967:itstpc-track-matcher]: Info in <TGeoNavigator::BuildCache>: --- Maximum geometry depth set to 100
[1993967:itstpc-track-matcher]: Info in <TGeoManager::Voxelize>: Voxelizing...
[1993967:itstpc-track-matcher]: Info in <TGeoManager::CountLevels>: max level = 13, max placements = 735
[1993967:itstpc-track-matcher]: Info in <TGeoManager::CloseGeometry>: 5346742 nodes/ 27442 volume UID's in FAIR geometry
[1993967:itstpc-track-matcher]: Info in <TGeoManager::CloseGeometry>: ----------------modeler ready----------------
[1993967:itstpc-track-matcher]: [12:47:42][INFO] aligned geometry updated
[1993967:itstpc-track-matcher]: [12:47:42][INFO] Caching in 139722992382704 ptr to GLO/GEOMALIGN/0 (0x7c0a6b0)
[1993967:itstpc-track-matcher]: [12:47:42][INFO] accountLaserCalibration 1 t 10 vs 0
[1993967:itstpc-track-matcher]: [12:47:42][INFO] Caching in 139722994230224 ptr to TPC/CalibLaserTracks/0 (0x55479f0)
[1993967:itstpc-track-matcher]: [12:47:42][INFO] accountDriftCorrectionITSTPCTgl 1 t 0 vs 0
[1993967:itstpc-track-matcher]: [12:47:42][INFO] Caching in 139722994253648 ptr to TPC/VDriftTgl/0 (0x7a53b60)
[1993967:itstpc-track-matcher]: [12:47:42][INFO] Will prefer TPC Drift from Laser with time 10 to TPCITSTgl with time 0
[1993967:itstpc-track-matcher]: [12:47:42][INFO] InstLumiOverride=0, UseCTPLumi=false -> instLumi=0, meanLumi=1 -> LumiScale=0, lumiScaleMode=0
[1993967:itstpc-track-matcher]: [12:47:42][INFO] Caching in 139722994232496 ptr to TPC/CorrMap/0 (0x7971780)
[1993967:itstpc-track-matcher]: [12:47:42][INFO] Caching in 139722994241936 ptr to TPC/CorrMapRef/0 (0x79739c0)
[1993967:itstpc-track-matcher]: tpcitsMatch.runAfterBurner : true		[ CODE ]
[1993967:itstpc-track-matcher]: tpcitsMatch.validateMatchByFIT : Prefer		[ CODE ]
[1993967:itstpc-track-matcher]: tpcitsMatch.crudeAbsDiffCut[0] : 2		[ CODE ]
[1993967:itstpc-track-matcher]: tpcitsMatch.crudeAbsDiffCut[1] : 2		[ CODE ]
[1993967:itstpc-track-matcher]: tpcitsMatch.crudeAbsDiffCut[2] : 0.2		[ CODE ]
[1993967:itstpc-track-matcher]: tpcitsMatch.crudeAbsDiffCut[3] : 0.2		[ CODE ]
[1993967:itstpc-track-matcher]: tpcitsMatch.crudeAbsDiffCut[4] : 4		[ CODE ]
[1993967:itstpc-track-matcher]: tpcitsMatch.crudeNSigma2Cut[0] : 49		[ CODE ]
[1993967:itstpc-track-matcher]: tpcitsMatch.crudeNSigma2Cut[1] : 49		[ CODE ]
[1993967:itstpc-track-matcher]: tpcitsMatch.crudeNSigma2Cut[2] : 49		[ CODE ]
[1993967:itstpc-track-matcher]: tpcitsMatch.crudeNSigma2Cut[3] : 49		[ CODE ]
[1993967:itstpc-track-matcher]: tpcitsMatch.crudeNSigma2Cut[4] : 49		[ CODE ]
[1993967:itstpc-track-matcher]: tpcitsMatch.XMatchingRef : 70		[ CODE ]
[1993967:itstpc-track-matcher]: tpcitsMatch.minTPCTrackR : 50		[ CODE ]
[1993967:itstpc-track-matcher]: tpcitsMatch.minITSTrackR : 50		[ CODE ]
[1993967:itstpc-track-matcher]: tpcitsMatch.minTPCClusters : 25		[ CODE ]
[1993967:itstpc-track-matcher]: tpcitsMatch.askMinTPCRow : 15		[ CODE ]
[1993967:itstpc-track-matcher]: tpcitsMatch.cutMatchingChi2 : 30		[ CODE ]
[1993967:itstpc-track-matcher]: tpcitsMatch.maxMatchCandidates : 5		[ CODE ]
[1993967:itstpc-track-matcher]: tpcitsMatch.safeMarginTimeCorrErr : 0		[ CODE ]
[1993967:itstpc-track-matcher]: tpcitsMatch.safeMarginTPCITSTimeBin : 1		[ CODE ]
[1993967:itstpc-track-matcher]: tpcitsMatch.safeMarginTPCTimeEdge : 20		[ CODE ]
[1993967:itstpc-track-matcher]: tpcitsMatch.tpcTimeICMatchingNSigma : 4		[ CODE ]
[1993967:itstpc-track-matcher]: tpcitsMatch.tpcExtConstrainedNSigma : 4		[ CODE ]
[1993967:itstpc-track-matcher]: tpcitsMatch.tfEdgeTimeToleranceMUS : 1		[ CODE ]
[1993967:itstpc-track-matcher]: tpcitsMatch.maxVDriftUncertainty : 0.02		[ CODE ]
[1993967:itstpc-track-matcher]: tpcitsMatch.maxVDriftTrackQ2Pt : 1		[ CODE ]
[1993967:itstpc-track-matcher]: tpcitsMatch.maxVDritTimeOffset : 5		[ CODE ]
[1993967:itstpc-track-matcher]: tpcitsMatch.globalTimeBiasMUS : 0		[ CODE ]
[1993967:itstpc-track-matcher]: tpcitsMatch.globalTimeExtraErrorMUS : 0		[ CODE ]
[1993967:itstpc-track-matcher]: tpcitsMatch.requireToReachLayerAB : 5		[ CODE ]
[1993967:itstpc-track-matcher]: tpcitsMatch.lowestLayerAB : 3		[ CODE ]
[1993967:itstpc-track-matcher]: tpcitsMatch.minContributingLayersAB : 2		[ CODE ]
[1993967:itstpc-track-matcher]: tpcitsMatch.maxABLinksOnLayer : 10		[ CODE ]
[1993967:itstpc-track-matcher]: tpcitsMatch.maxABFinalHyp : 20		[ CODE ]
[1993967:itstpc-track-matcher]: tpcitsMatch.cutABTrack2ClChi2 : 30		[ CODE ]
[1993967:itstpc-track-matcher]: tpcitsMatch.nABSigmaY : 4		[ CODE ]
[1993967:itstpc-track-matcher]: tpcitsMatch.nABSigmaZ : 4		[ CODE ]
[1993967:itstpc-track-matcher]: tpcitsMatch.err2ABExtraY : 0.01		[ CODE ]
[1993967:itstpc-track-matcher]: tpcitsMatch.err2ABExtraZ : 0.01		[ CODE ]
[1993967:itstpc-track-matcher]: tpcitsMatch.verbosity : 0		[ CODE ]
[1993967:itstpc-track-matcher]: tpcitsMatch.matCorr : 2		[ CODE ]
[1993967:itstpc-track-matcher]: [12:47:42][INFO] Loading ITS T2L matrices from TGeo
[1993967:itstpc-track-matcher]: [12:47:42][INFO] Loading ITS T2G rotation 2D matrices
[1993967:itstpc-track-matcher]: 
[1993967:itstpc-track-matcher]: ******************** TPC-ITS matching component ********************
[1993967:itstpc-track-matcher]: MC truth: on
[1993967:itstpc-track-matcher]: Matching reference X: 70.000
[1993967:itstpc-track-matcher]: Account Z dimension: off
[1993967:itstpc-track-matcher]: Cut on matching chi2: 30.000
[1993967:itstpc-track-matcher]: Max number ITS candidates per TPC track: 5
[1993967:itstpc-track-matcher]: Crude cut on track params:  2.000e+00 2.000e+00 2.000e-01 2.000e-01 4.000e+00
[1993967:itstpc-track-matcher]: NSigma^2 cut on track params:   49.00  49.00  49.00  49.00  49.00
[1993967:itstpc-track-matcher]: TPC Z->time(bins) bracketing safety margin:  20.00
[1993967:itstpc-track-matcher]: Output debug tree (off) file: dbg_TPCITSmatch.root
[1993967:itstpc-track-matcher]: **********************************************************************
[1993967:itstpc-track-matcher]: [12:47:42][INFO] Updating TPC fast transform map with new VDrift factor of 1 wrt reference 2.58 and DriftTimeOffset correction 0 wrt 0 from source Laser
[1993967:itstpc-track-matcher]: [12:47:42][INFO] RecoContainer::createTracks took 0.035084 CPU s.
[1993967:itstpc-track-matcher]: [12:47:42][INFO] Validated 8701 matches out of 8956 for 19657 TPC and 17612 ITS tracks in 3 iterations
[1993967:itstpc-track-matcher]: [12:47:43][INFO] AfterBurner will check 0 seeds from 10401 TPC tracks and 0 interaction candidates with 1 threads
[1993968:itstpc-track-writer]: [12:47:43][INFO] Writing 8701 TPC-ITS matches
[1993967:itstpc-track-matcher]: [12:47:43][INFO] TPC-ITS matching total timing: Cpu: 2.410e+00 Real: 2.265e+00 s in 1 slots
[1993967:itstpc-track-matcher]: [12:47:43][INFO] Sending end-of-stream message to channel from_itstpc-track-matcher_to_itstpc-track-writer
[INFO] Quitting
[INFO] QUIT_REQUESTED
[1993963:ft0-recpoints-reader]: [12:47:43][INFO] Received device shutdown request (signal 15).
[1993963:ft0-recpoints-reader]: [12:47:43][INFO] Waiting for graceful device shutdown. Hit Ctrl-C again to abort immediately.
[1993963:ft0-recpoints-reader]: [12:47:43][INFO] New state requested. No timeout set, quitting immediately as per --completion-policy
[1993963:ft0-recpoints-reader]: [12:47:43][STATE] RUNNING ---> READY
[1993963:ft0-recpoints-reader]: [12:47:43][STATE] READY ---> RESETTING TASK
[1993963:ft0-recpoints-reader]: [12:47:43][STATE] RESETTING TASK ---> DEVICE READY
[1993963:ft0-recpoints-reader]: [12:47:43][STATE] DEVICE READY ---> RESETTING DEVICE
[1993963:ft0-recpoints-reader]: [12:47:43][STATE] RESETTING DEVICE ---> IDLE
[1993963:ft0-recpoints-reader]: [12:47:43][STATE] IDLE ---> EXITING
[1993963:ft0-recpoints-reader]: [12:47:43][STATE] Exiting FairMQ state machine
[1993967:itstpc-track-matcher]: [12:47:43][INFO] Received device shutdown request (signal 15).
[1993967:itstpc-track-matcher]: [12:47:43][INFO] Waiting for graceful device shutdown. Hit Ctrl-C again to abort immediately.
[1993967:itstpc-track-matcher]: [12:47:43][INFO] New state requested. No timeout set, quitting immediately as per --completion-policy
[1993967:itstpc-track-matcher]: [12:47:43][STATE] RUNNING ---> READY
[1993967:itstpc-track-matcher]: [12:47:43][STATE] READY ---> RESETTING TASK
[1993967:itstpc-track-matcher]: [12:47:43][STATE] RESETTING TASK ---> DEVICE READY
[1993967:itstpc-track-matcher]: [12:47:43][STATE] DEVICE READY ---> RESETTING DEVICE
[1993967:itstpc-track-matcher]: [12:47:43][STATE] RESETTING DEVICE ---> IDLE
[1993967:itstpc-track-matcher]: [12:47:43][STATE] IDLE ---> EXITING
[1993967:itstpc-track-matcher]: [12:47:43][STATE] Exiting FairMQ state machine
[1993965:internal-dpl-ccdb-backend]: [12:47:43][INFO] Received device shutdown request (signal 15).
[1993965:internal-dpl-ccdb-backend]: [12:47:43][INFO] Waiting for graceful device shutdown. Hit Ctrl-C again to abort immediately.
[1993964:tpc-track-reader]: [12:47:43][INFO] Received device shutdown request (signal 15).
[1993964:tpc-track-reader]: [12:47:43][INFO] Waiting for graceful device shutdown. Hit Ctrl-C again to abort immediately.
[1993968:itstpc-track-writer]: [12:47:43][INFO] Received device shutdown request (signal 15).
[1993968:itstpc-track-writer]: [12:47:43][INFO] Waiting for graceful device shutdown. Hit Ctrl-C again to abort immediately.
[1993969:internal-dpl-injected-dummy-sink]: [12:47:43][INFO] Received device shutdown request (signal 15).
[1993969:internal-dpl-injected-dummy-sink]: [12:47:43][INFO] Waiting for graceful device shutdown. Hit Ctrl-C again to abort immediately.
[1993966:tpc-clusters-sharing-map-producer]: [12:47:43][INFO] Received device shutdown request (signal 15).
[1993966:tpc-clusters-sharing-map-producer]: [12:47:43][INFO] Waiting for graceful device shutdown. Hit Ctrl-C again to abort immediately.
[1993962:its-cluster-reader]: [12:47:43][INFO] Received device shutdown request (signal 15).
[1993962:its-cluster-reader]: [12:47:43][INFO] Waiting for graceful device shutdown. Hit Ctrl-C again to abort immediately.
[1993959:internal-dpl-clock]: [12:47:43][INFO] Received device shutdown request (signal 15).
[1993959:internal-dpl-clock]: [12:47:43][INFO] Waiting for graceful device shutdown. Hit Ctrl-C again to abort immediately.
[1993964:tpc-track-reader]: [12:47:43][INFO] New state requested. No timeout set, quitting immediately as per --completion-policy
[1993964:tpc-track-reader]: [12:47:43][STATE] RUNNING ---> READY
[1993961:its-track-reader]: [12:47:43][INFO] Received device shutdown request (signal 15).
[1993961:its-track-reader]: [12:47:43][INFO] Waiting for graceful device shutdown. Hit Ctrl-C again to abort immediately.
[1993969:internal-dpl-injected-dummy-sink]: [12:47:43][INFO] New state requested. No timeout set, quitting immediately as per --completion-policy
[1993960:tpc-native-cluster-reader]: [12:47:43][INFO] Received device shutdown request (signal 15).
[1993960:tpc-native-cluster-reader]: [12:47:43][INFO] Waiting for graceful device shutdown. Hit Ctrl-C again to abort immediately.
[1993969:internal-dpl-injected-dummy-sink]: [12:47:43][STATE] RUNNING ---> READY
[1993959:internal-dpl-clock]: [12:47:43][INFO] New state requested. No timeout set, quitting immediately as per --completion-policy
[1993959:internal-dpl-clock]: [12:47:43][INFO] Sending end-of-stream message to channel from_internal-dpl-clock_to_tpc-native-cluster-reader
[1993959:internal-dpl-clock]: [12:47:43][INFO] Sending end-of-stream message to channel from_internal-dpl-clock_to_its-track-reader
[1993959:internal-dpl-clock]: [12:47:43][INFO] Sending end-of-stream message to channel from_internal-dpl-clock_to_its-cluster-reader
[1993960:tpc-native-cluster-reader]: [12:47:43][INFO] New state requested. No timeout set, quitting immediately as per --completion-policy
[1993960:tpc-native-cluster-reader]: [12:47:43][STATE] RUNNING ---> READY
[1993961:its-track-reader]: [12:47:43][INFO] New state requested. No timeout set, quitting immediately as per --completion-policy
[1993961:its-track-reader]: [12:47:43][STATE] RUNNING ---> READY
[1993961:its-track-reader]: [12:47:43][STATE] READY ---> RESETTING TASK
[1993961:its-track-reader]: [12:47:43][STATE] RESETTING TASK ---> DEVICE READY
[1993962:its-cluster-reader]: [12:47:43][INFO] New state requested. No timeout set, quitting immediately as per --completion-policy
[1993962:its-cluster-reader]: [12:47:43][STATE] RUNNING ---> READY
[1993964:tpc-track-reader]: [12:47:43][STATE] READY ---> RESETTING TASK
[1993964:tpc-track-reader]: [12:47:43][STATE] RESETTING TASK ---> DEVICE READY
[1993964:tpc-track-reader]: [12:47:43][STATE] DEVICE READY ---> RESETTING DEVICE
[1993965:internal-dpl-ccdb-backend]: [12:47:43][INFO] New state requested. No timeout set, quitting immediately as per --completion-policy
[1993965:internal-dpl-ccdb-backend]: [12:47:43][INFO] CCDB cache miss/hit ratio:
[1993965:internal-dpl-ccdb-backend]: [12:47:43][INFO]   GLO/Config/GRPMagField: 1/0 (1024-1024 bytes)
[1993965:internal-dpl-ccdb-backend]: [12:47:43][INFO]   GLO/Config/GRPLHCIF: 1/0 (2048-2048 bytes)
[1993965:internal-dpl-ccdb-backend]: [12:47:43][INFO]   TPC/Calib/CorrectionMapRefV2: 1/0 (9216-9216 bytes)
[1993965:internal-dpl-ccdb-backend]: [12:47:43][INFO]   TPC/Calib/VDriftTgl: 1/0 (2048-2048 bytes)
[1993965:internal-dpl-ccdb-backend]: [12:47:43][INFO]   GLO/Config/GRPECS: 1/0 (2048-2048 bytes)
[1993965:internal-dpl-ccdb-backend]: [12:47:43][INFO]   TPC/Calib/CorrectionMapV2: 1/0 (9216-9216 bytes)
[1993965:internal-dpl-ccdb-backend]: [12:47:43][INFO]   TPC/Calib/LaserTracks: 1/0 (2048-2048 bytes)
[1993965:internal-dpl-ccdb-backend]: [12:47:43][INFO]   GLO/Config/GeometryAligned: 1/0 (1847296-1847296 bytes)
[1993965:internal-dpl-ccdb-backend]: [12:47:43][INFO]   ITS/Config/AlpideParam: 1/0 (2048-2048 bytes)
[1993965:internal-dpl-ccdb-backend]: [12:47:43][INFO]   ITS/Calib/ClusterDictionary: 1/0 (27648-27648 bytes)
[1993965:internal-dpl-ccdb-backend]: [12:47:43][INFO]   GLO/Param/MatLUT: 1/0 (9225216-9225216 bytes)
[1993965:internal-dpl-ccdb-backend]: [12:47:43][INFO]   CTP/Calib/OrbitReset: 1/2 (1024-1024 bytes)
[1993965:internal-dpl-ccdb-backend]: [12:47:43][STATE] RUNNING ---> READY
[1993966:tpc-clusters-sharing-map-producer]: [12:47:43][INFO] New state requested. No timeout set, quitting immediately as per --completion-policy
[1993966:tpc-clusters-sharing-map-producer]: [12:47:43][STATE] RUNNING ---> READY
[1993966:tpc-clusters-sharing-map-producer]: [12:47:43][STATE] READY ---> RESETTING TASK
[1993966:tpc-clusters-sharing-map-producer]: [12:47:43][STATE] RESETTING TASK ---> DEVICE READY
[1993966:tpc-clusters-sharing-map-producer]: [12:47:43][STATE] DEVICE READY ---> RESETTING DEVICE
[1993968:itstpc-track-writer]: [12:47:43][INFO] New state requested. No timeout set, quitting immediately as per --completion-policy
[1993969:internal-dpl-injected-dummy-sink]: [12:47:43][STATE] READY ---> RESETTING TASK
[1993962:its-cluster-reader]: [12:47:43][STATE] READY ---> RESETTING TASK
[1993969:internal-dpl-injected-dummy-sink]: [12:47:43][STATE] RESETTING TASK ---> DEVICE READY
[1993962:its-cluster-reader]: [12:47:43][STATE] RESETTING TASK ---> DEVICE READY
[1993960:tpc-native-cluster-reader]: [12:47:43][STATE] READY ---> RESETTING TASK
[1993965:internal-dpl-ccdb-backend]: [12:47:43][STATE] READY ---> RESETTING TASK
[1993960:tpc-native-cluster-reader]: [12:47:43][STATE] RESETTING TASK ---> DEVICE READY
[1993965:internal-dpl-ccdb-backend]: [12:47:43][STATE] RESETTING TASK ---> DEVICE READY
[1993969:internal-dpl-injected-dummy-sink]: [12:47:43][STATE] DEVICE READY ---> RESETTING DEVICE
[1993960:tpc-native-cluster-reader]: [12:47:43][STATE] DEVICE READY ---> RESETTING DEVICE
[1993962:its-cluster-reader]: [12:47:43][STATE] DEVICE READY ---> RESETTING DEVICE
[1993961:its-track-reader]: [12:47:43][STATE] DEVICE READY ---> RESETTING DEVICE
[1993965:internal-dpl-ccdb-backend]: [12:47:43][STATE] DEVICE READY ---> RESETTING DEVICE
[1993969:internal-dpl-injected-dummy-sink]: [12:47:43][STATE] RESETTING DEVICE ---> IDLE
[1993969:internal-dpl-injected-dummy-sink]: [12:47:43][STATE] IDLE ---> EXITING
[1993969:internal-dpl-injected-dummy-sink]: [12:47:43][STATE] Exiting FairMQ state machine
[1993964:tpc-track-reader]: [12:47:43][STATE] RESETTING DEVICE ---> IDLE
[1993965:internal-dpl-ccdb-backend]: [12:47:43][STATE] RESETTING DEVICE ---> IDLE
[1993960:tpc-native-cluster-reader]: [12:47:43][STATE] RESETTING DEVICE ---> IDLE
[1993960:tpc-native-cluster-reader]: [12:47:43][STATE] IDLE ---> EXITING
[1993961:its-track-reader]: [12:47:43][STATE] RESETTING DEVICE ---> IDLE
[1993965:internal-dpl-ccdb-backend]: [12:47:43][STATE] IDLE ---> EXITING
[1993960:tpc-native-cluster-reader]: [12:47:43][STATE] Exiting FairMQ state machine
[1993964:tpc-track-reader]: [12:47:43][STATE] IDLE ---> EXITING
[1993962:its-cluster-reader]: [12:47:43][STATE] RESETTING DEVICE ---> IDLE
[1993961:its-track-reader]: [12:47:43][STATE] IDLE ---> EXITING
[1993966:tpc-clusters-sharing-map-producer]: [12:47:43][STATE] RESETTING DEVICE ---> IDLE
[1993966:tpc-clusters-sharing-map-producer]: [12:47:43][STATE] IDLE ---> EXITING
[1993961:its-track-reader]: [12:47:43][STATE] Exiting FairMQ state machine
[1993964:tpc-track-reader]: [12:47:43][STATE] Exiting FairMQ state machine
[1993962:its-cluster-reader]: [12:47:43][STATE] IDLE ---> EXITING
[1993965:internal-dpl-ccdb-backend]: [12:47:43][STATE] Exiting FairMQ state machine
[1993962:its-cluster-reader]: [12:47:43][STATE] Exiting FairMQ state machine
[1993966:tpc-clusters-sharing-map-producer]: [12:47:43][STATE] Exiting FairMQ state machine
[1993959:internal-dpl-clock]: [12:47:43][INFO] Sending end-of-stream message to channel from_internal-dpl-clock_to_ft0-recpoints-reader
[1993959:internal-dpl-clock]: [12:47:43][INFO] Sending end-of-stream message to channel from_internal-dpl-clock_to_tpc-track-reader
[1993959:internal-dpl-clock]: [12:47:43][STATE] RUNNING ---> READY
[1993959:internal-dpl-clock]: [12:47:43][STATE] READY ---> RESETTING TASK
[1993959:internal-dpl-clock]: [12:47:43][STATE] RESETTING TASK ---> DEVICE READY
[1993959:internal-dpl-clock]: [12:47:43][STATE] DEVICE READY ---> RESETTING DEVICE
[1993959:internal-dpl-clock]: [12:47:43][STATE] RESETTING DEVICE ---> IDLE
[1993959:internal-dpl-clock]: [12:47:43][STATE] IDLE ---> EXITING
[1993959:internal-dpl-clock]: [12:47:43][STATE] Exiting FairMQ state machine
[1993968:itstpc-track-writer]: [12:47:43][STATE] RUNNING ---> READY
[1993968:itstpc-track-writer]: [12:47:43][STATE] READY ---> RESETTING TASK
[1993968:itstpc-track-writer]: [12:47:43][STATE] RESETTING TASK ---> DEVICE READY
[1993968:itstpc-track-writer]: [12:47:43][STATE] DEVICE READY ---> RESETTING DEVICE
[1993968:itstpc-track-writer]: [12:47:43][INFO] Cleaning up for shared memory id '093cc2fd'...
[1993968:itstpc-track-writer]: [12:47:43][INFO] Found 0 unmanaged regions...
[1993968:itstpc-track-writer]: [12:47:43][INFO] Found 1 managed segments...
[1993968:itstpc-track-writer]: [12:47:43][INFO] Successfully removed 'fmq_093cc2fd_m_0'.
[1993968:itstpc-track-writer]: [12:47:43][INFO] Successfully removed 'fmq_093cc2fd_mng'.
[1993968:itstpc-track-writer]: [12:47:43][STATE] RESETTING DEVICE ---> IDLE
[1993968:itstpc-track-writer]: [12:47:43][STATE] IDLE ---> EXITING
[1993968:itstpc-track-writer]: [12:47:43][STATE] Exiting FairMQ state machine
[INFO] ## Processes completed. Run summary:
[INFO] ### Devices started: 11
[INFO]  - Device internal-dpl-clock: pid 1993959 (exit 0)
[INFO]  - Device tpc-native-cluster-reader: pid 1993960 (exit 0)
[INFO]  - Device its-track-reader: pid 1993961 (exit 0)
[INFO]  - Device its-cluster-reader: pid 1993962 (exit 0)
[INFO]  - Device ft0-recpoints-reader: pid 1993963 (exit 0)
[INFO]  - Device tpc-track-reader: pid 1993964 (exit 0)
[INFO]  - Device internal-dpl-ccdb-backend: pid 1993965 (exit 0)
[INFO]  - Device tpc-clusters-sharing-map-producer: pid 1993966 (exit 0)
[INFO]  - Device itstpc-track-matcher: pid 1993967 (exit 0)
[INFO]  - Device itstpc-track-writer: pid 1993968 (exit 0)
[INFO]  - Device internal-dpl-injected-dummy-sink: pid 1993969 (exit 0)
[INFO] Dumping used configuration in dpl-config.json
TASK-EXIT-CODE: 0
