Running: TIME="#walltime %e" /usr/bin/time --output=midreco.log_time ./midreco.log_tmp.sh
[INFO] Initialising O2 Data Processing Layer. Driver PID: 1992522.
[INFO] Driver listening on port: 20602
[INFO] Rate limiting set up at 500MB distributed over 1 readers
[INFO] O2 Data Processing Layer initialised. We brake for nobody.
[INFO] Optimised build. O2DEBUG / LOG(debug) / LOGF(debug) / assert statement will not be shown.
[INFO] Redeployment of configuration asked.
[INFO] Starting internal-dpl-clock on pid 1992571
[INFO] Starting MIDDigitsReader on pid 1992572
[INFO] Starting internal-dpl-ccdb-backend on pid 1992573
[INFO] Starting MIDFiltering on pid 1992574
[INFO] Starting MIDClusterizer on pid 1992575
[INFO] Starting MIDTracker on pid 1992576
[INFO] Starting MIDRecoWriter on pid 1992577
[INFO] Starting internal-dpl-injected-dummy-sink on pid 1992578
[INFO] Redeployment of configuration done.
[1992574:MIDFiltering]: [INFO] Instrumenting crash signals
[1992571:internal-dpl-clock]: [INFO] Instrumenting crash signals
[1992574:MIDFiltering]: [INFO] Spawing new device MIDFiltering in process with pid 1992574
[1992574:MIDFiltering]: [12:47:07][INFO] 
[1992574:MIDFiltering]:       ______      _    _______  _________ 
[1992574:MIDFiltering]:      / ____/___ _(_)_______   |/  /_  __ \    version 1.8.0
[1992574:MIDFiltering]:     / /_  / __ `/ / ___/__  /|_/ /_  / / /    build RELWITHDEBINFO
[1992574:MIDFiltering]:    / __/ / /_/ / / /    _  /  / / / /_/ /     https://github.com/FairRootGroup/FairMQ
[1992574:MIDFiltering]:   /_/    \__,_/_/_/     /_/  /_/  \___\_\     LGPL-3.0  © 2012-2023 GSI
[1992574:MIDFiltering]: 
[1992574:MIDFiltering]: [12:47:07][STATE] Starting FairMQ state machine --> IDLE
[1992571:internal-dpl-clock]: [INFO] Spawing new device internal-dpl-clock in process with pid 1992571
[1992571:internal-dpl-clock]: [12:47:07][INFO] 
[1992571:internal-dpl-clock]:       ______      _    _______  _________ 
[1992571:internal-dpl-clock]:      / ____/___ _(_)_______   |/  /_  __ \    version 1.8.0
[1992571:internal-dpl-clock]:     / /_  / __ `/ / ___/__  /|_/ /_  / / /    build RELWITHDEBINFO
[1992571:internal-dpl-clock]:    / __/ / /_/ / / /    _  /  / / / /_/ /     https://github.com/FairRootGroup/FairMQ
[1992571:internal-dpl-clock]:   /_/    \__,_/_/_/     /_/  /_/  \___\_\     LGPL-3.0  © 2012-2023 GSI
[1992571:internal-dpl-clock]: 
[1992571:internal-dpl-clock]: [12:47:07][STATE] Starting FairMQ state machine --> IDLE
[1992574:MIDFiltering]: [12:47:07][STATE] IDLE ---> INITIALIZING DEVICE
[1992574:MIDFiltering]: [12:47:07][STATE] INITIALIZING DEVICE ---> INITIALIZED
[1992574:MIDFiltering]: [12:47:07][STATE] INITIALIZED ---> BINDING
[1992574:MIDFiltering]: [12:47:07][STATE] BINDING ---> BOUND
[1992574:MIDFiltering]: [12:47:07][STATE] BOUND ---> CONNECTING
[1992574:MIDFiltering]: [12:47:07][STATE] CONNECTING ---> DEVICE READY
[1992574:MIDFiltering]: [12:47:07][STATE] DEVICE READY ---> INITIALIZING TASK
[1992574:MIDFiltering]: [12:47:07][STATE] INITIALIZING TASK ---> READY
[1992574:MIDFiltering]: [12:47:07][STATE] READY ---> RUNNING
[1992574:MIDFiltering]: [12:47:07][INFO] fair::mq::Device running...
[1992574:MIDFiltering]: [12:47:07][INFO] LHCPeriod is not available, using current month OCT
[1992574:MIDFiltering]: [12:47:07][INFO] Correctly handshaken websocket connection.
[1992571:internal-dpl-clock]: [12:47:07][STATE] IDLE ---> INITIALIZING DEVICE
[1992571:internal-dpl-clock]: [12:47:07][STATE] INITIALIZING DEVICE ---> INITIALIZED
[1992571:internal-dpl-clock]: [12:47:07][STATE] INITIALIZED ---> BINDING
[1992571:internal-dpl-clock]: [12:47:07][STATE] BINDING ---> BOUND
[1992571:internal-dpl-clock]: [12:47:07][STATE] BOUND ---> CONNECTING
[1992571:internal-dpl-clock]: [12:47:07][STATE] CONNECTING ---> DEVICE READY
[1992571:internal-dpl-clock]: [12:47:07][STATE] DEVICE READY ---> INITIALIZING TASK
[1992571:internal-dpl-clock]: [12:47:07][STATE] INITIALIZING TASK ---> READY
[1992571:internal-dpl-clock]: [12:47:07][STATE] READY ---> RUNNING
[1992571:internal-dpl-clock]: [12:47:07][INFO] fair::mq::Device running...
[1992571:internal-dpl-clock]: [12:47:07][INFO] LHCPeriod is not available, using current month OCT
[1992571:internal-dpl-clock]: [12:47:07][INFO] Correctly handshaken websocket connection.
[1992572:MIDDigitsReader]: [INFO] Instrumenting crash signals
[1992572:MIDDigitsReader]: [INFO] Spawing new device MIDDigitsReader in process with pid 1992572
[1992572:MIDDigitsReader]: [12:47:08][INFO] 
[1992572:MIDDigitsReader]:       ______      _    _______  _________ 
[1992572:MIDDigitsReader]:      / ____/___ _(_)_______   |/  /_  __ \    version 1.8.0
[1992572:MIDDigitsReader]:     / /_  / __ `/ / ___/__  /|_/ /_  / / /    build RELWITHDEBINFO
[1992572:MIDDigitsReader]:    / __/ / /_/ / / /    _  /  / / / /_/ /     https://github.com/FairRootGroup/FairMQ
[1992572:MIDDigitsReader]:   /_/    \__,_/_/_/     /_/  /_/  \___\_\     LGPL-3.0  © 2012-2023 GSI
[1992572:MIDDigitsReader]: 
[1992572:MIDDigitsReader]: [12:47:08][STATE] Starting FairMQ state machine --> IDLE
[1992572:MIDDigitsReader]: [12:47:08][STATE] IDLE ---> INITIALIZING DEVICE
[1992577:MIDRecoWriter]: [INFO] Instrumenting crash signals
[1992577:MIDRecoWriter]: [INFO] Spawing new device MIDRecoWriter in process with pid 1992577
[1992577:MIDRecoWriter]: [12:47:08][INFO] 
[1992577:MIDRecoWriter]:       ______      _    _______  _________ 
[1992577:MIDRecoWriter]:      / ____/___ _(_)_______   |/  /_  __ \    version 1.8.0
[1992577:MIDRecoWriter]:     / /_  / __ `/ / ___/__  /|_/ /_  / / /    build RELWITHDEBINFO
[1992577:MIDRecoWriter]:    / __/ / /_/ / / /    _  /  / / / /_/ /     https://github.com/FairRootGroup/FairMQ
[1992577:MIDRecoWriter]:   /_/    \__,_/_/_/     /_/  /_/  \___\_\     LGPL-3.0  © 2012-2023 GSI
[1992577:MIDRecoWriter]: 
[1992577:MIDRecoWriter]: [12:47:08][STATE] Starting FairMQ state machine --> IDLE
[1992577:MIDRecoWriter]: [12:47:08][STATE] IDLE ---> INITIALIZING DEVICE
[1992578:internal-dpl-injected-dummy-sink]: [INFO] Instrumenting crash signals
[1992578:internal-dpl-injected-dummy-sink]: [INFO] Spawing new device internal-dpl-injected-dummy-sink in process with pid 1992578
[1992578:internal-dpl-injected-dummy-sink]: [12:47:08][INFO] 
[1992578:internal-dpl-injected-dummy-sink]:       ______      _    _______  _________ 
[1992578:internal-dpl-injected-dummy-sink]:      / ____/___ _(_)_______   |/  /_  __ \    version 1.8.0
[1992578:internal-dpl-injected-dummy-sink]:     / /_  / __ `/ / ___/__  /|_/ /_  / / /    build RELWITHDEBINFO
[1992578:internal-dpl-injected-dummy-sink]:    / __/ / /_/ / / /    _  /  / / / /_/ /     https://github.com/FairRootGroup/FairMQ
[1992578:internal-dpl-injected-dummy-sink]:   /_/    \__,_/_/_/     /_/  /_/  \___\_\     LGPL-3.0  © 2012-2023 GSI
[1992578:internal-dpl-injected-dummy-sink]: 
[1992578:internal-dpl-injected-dummy-sink]: [12:47:08][STATE] Starting FairMQ state machine --> IDLE
[1992578:internal-dpl-injected-dummy-sink]: [12:47:08][STATE] IDLE ---> INITIALIZING DEVICE
[1992578:internal-dpl-injected-dummy-sink]: [12:47:08][STATE] INITIALIZING DEVICE ---> INITIALIZED
[1992578:internal-dpl-injected-dummy-sink]: [12:47:08][STATE] INITIALIZED ---> BINDING
[1992578:internal-dpl-injected-dummy-sink]: [12:47:08][STATE] BINDING ---> BOUND
[1992575:MIDClusterizer]: [INFO] Instrumenting crash signals
[1992578:internal-dpl-injected-dummy-sink]: [12:47:08][STATE] BOUND ---> CONNECTING
[1992578:internal-dpl-injected-dummy-sink]: [12:47:08][STATE] CONNECTING ---> DEVICE READY
[1992578:internal-dpl-injected-dummy-sink]: [12:47:08][STATE] DEVICE READY ---> INITIALIZING TASK
[1992578:internal-dpl-injected-dummy-sink]: [12:47:08][STATE] INITIALIZING TASK ---> READY
[1992578:internal-dpl-injected-dummy-sink]: [12:47:08][STATE] READY ---> RUNNING
[1992578:internal-dpl-injected-dummy-sink]: [12:47:08][INFO] fair::mq::Device running...
[1992578:internal-dpl-injected-dummy-sink]: [12:47:08][INFO] LHCPeriod is not available, using current month OCT
[1992578:internal-dpl-injected-dummy-sink]: [12:47:08][INFO] Correctly handshaken websocket connection.
[1992577:MIDRecoWriter]: [12:47:08][INFO] 0: branch  MIDTrack set up
[1992577:MIDRecoWriter]: [12:47:08][INFO] 1: branch  MIDTrackCluster set up
[1992577:MIDRecoWriter]: [12:47:08][INFO] 2: branch  MIDTrackROF set up
[1992577:MIDRecoWriter]: [12:47:08][INFO] 3: branch  MIDTrackClusterROF set up
[1992577:MIDRecoWriter]: [12:47:08][INFO] 4: branch  MIDTrackLabels set up
[1992577:MIDRecoWriter]: [12:47:08][INFO] 5: branch  MIDTrackClusterLabels set up
[1992577:MIDRecoWriter]: [12:47:08][STATE] INITIALIZING DEVICE ---> INITIALIZED
[1992577:MIDRecoWriter]: [12:47:08][STATE] INITIALIZED ---> BINDING
[1992577:MIDRecoWriter]: [12:47:08][STATE] BINDING ---> BOUND
[1992577:MIDRecoWriter]: [12:47:08][STATE] BOUND ---> CONNECTING
[1992577:MIDRecoWriter]: [12:47:08][STATE] CONNECTING ---> DEVICE READY
[1992577:MIDRecoWriter]: [12:47:08][STATE] DEVICE READY ---> INITIALIZING TASK
[1992577:MIDRecoWriter]: [12:47:08][STATE] INITIALIZING TASK ---> READY
[1992577:MIDRecoWriter]: [12:47:08][STATE] READY ---> RUNNING
[1992577:MIDRecoWriter]: [12:47:08][INFO] fair::mq::Device running...
[1992577:MIDRecoWriter]: [12:47:08][INFO] LHCPeriod is not available, using current month OCT
[1992577:MIDRecoWriter]: [12:47:08][INFO] Correctly handshaken websocket connection.
[1992575:MIDClusterizer]: [INFO] Spawing new device MIDClusterizer in process with pid 1992575
[1992575:MIDClusterizer]: [12:47:08][INFO] 
[1992575:MIDClusterizer]:       ______      _    _______  _________ 
[1992575:MIDClusterizer]:      / ____/___ _(_)_______   |/  /_  __ \    version 1.8.0
[1992575:MIDClusterizer]:     / /_  / __ `/ / ___/__  /|_/ /_  / / /    build RELWITHDEBINFO
[1992575:MIDClusterizer]:    / __/ / /_/ / / /    _  /  / / / /_/ /     https://github.com/FairRootGroup/FairMQ
[1992575:MIDClusterizer]:   /_/    \__,_/_/_/     /_/  /_/  \___\_\     LGPL-3.0  © 2012-2023 GSI
[1992575:MIDClusterizer]: 
[1992575:MIDClusterizer]: [12:47:08][STATE] Starting FairMQ state machine --> IDLE
[1992575:MIDClusterizer]: [12:47:08][STATE] IDLE ---> INITIALIZING DEVICE
[1992575:MIDClusterizer]: [12:47:08][STATE] INITIALIZING DEVICE ---> INITIALIZED
[1992575:MIDClusterizer]: [12:47:08][STATE] INITIALIZED ---> BINDING
[1992575:MIDClusterizer]: [12:47:08][STATE] BINDING ---> BOUND
[1992575:MIDClusterizer]: [12:47:08][STATE] BOUND ---> CONNECTING
[1992575:MIDClusterizer]: [12:47:08][STATE] CONNECTING ---> DEVICE READY
[1992575:MIDClusterizer]: [12:47:08][STATE] DEVICE READY ---> INITIALIZING TASK
[1992575:MIDClusterizer]: [12:47:08][STATE] INITIALIZING TASK ---> READY
[1992575:MIDClusterizer]: [12:47:08][STATE] READY ---> RUNNING
[1992575:MIDClusterizer]: [12:47:08][INFO] fair::mq::Device running...
[1992575:MIDClusterizer]: [12:47:08][INFO] LHCPeriod is not available, using current month OCT
[1992575:MIDClusterizer]: [12:47:08][INFO] Correctly handshaken websocket connection.
[1992576:MIDTracker]: [INFO] Instrumenting crash signals
[1992576:MIDTracker]: [INFO] Spawing new device MIDTracker in process with pid 1992576
[1992576:MIDTracker]: [12:47:08][INFO] 
[1992576:MIDTracker]:       ______      _    _______  _________ 
[1992576:MIDTracker]:      / ____/___ _(_)_______   |/  /_  __ \    version 1.8.0
[1992576:MIDTracker]:     / /_  / __ `/ / ___/__  /|_/ /_  / / /    build RELWITHDEBINFO
[1992576:MIDTracker]:    / __/ / /_/ / / /    _  /  / / / /_/ /     https://github.com/FairRootGroup/FairMQ
[1992576:MIDTracker]:   /_/    \__,_/_/_/     /_/  /_/  \___\_\     LGPL-3.0  © 2012-2023 GSI
[1992576:MIDTracker]: 
[1992576:MIDTracker]: [12:47:08][STATE] Starting FairMQ state machine --> IDLE
[1992573:internal-dpl-ccdb-backend]: [INFO] Instrumenting crash signals
[1992576:MIDTracker]: [12:47:08][STATE] IDLE ---> INITIALIZING DEVICE
[1992573:internal-dpl-ccdb-backend]: [INFO] Spawing new device internal-dpl-ccdb-backend in process with pid 1992573
[1992576:MIDTracker]: [12:47:08][STATE] INITIALIZING DEVICE ---> INITIALIZED
[1992576:MIDTracker]: [12:47:08][STATE] INITIALIZED ---> BINDING
[1992576:MIDTracker]: [12:47:08][STATE] BINDING ---> BOUND
[1992573:internal-dpl-ccdb-backend]: [12:47:08][INFO] 
[1992573:internal-dpl-ccdb-backend]:       ______      _    _______  _________ 
[1992573:internal-dpl-ccdb-backend]:      / ____/___ _(_)_______   |/  /_  __ \    version 1.8.0
[1992573:internal-dpl-ccdb-backend]:     / /_  / __ `/ / ___/__  /|_/ /_  / / /    build RELWITHDEBINFO
[1992573:internal-dpl-ccdb-backend]:    / __/ / /_/ / / /    _  /  / / / /_/ /     https://github.com/FairRootGroup/FairMQ
[1992573:internal-dpl-ccdb-backend]:   /_/    \__,_/_/_/     /_/  /_/  \___\_\     LGPL-3.0  © 2012-2023 GSI
[1992573:internal-dpl-ccdb-backend]: 
[1992576:MIDTracker]: [12:47:08][STATE] BOUND ---> CONNECTING
[1992573:internal-dpl-ccdb-backend]: [12:47:08][STATE] Starting FairMQ state machine --> IDLE
[1992576:MIDTracker]: [12:47:08][STATE] CONNECTING ---> DEVICE READY
[1992576:MIDTracker]: [12:47:08][STATE] DEVICE READY ---> INITIALIZING TASK
[1992576:MIDTracker]: [12:47:08][STATE] INITIALIZING TASK ---> READY
[1992576:MIDTracker]: [12:47:08][STATE] READY ---> RUNNING
[1992576:MIDTracker]: [12:47:08][INFO] fair::mq::Device running...
[1992576:MIDTracker]: [12:47:08][INFO] LHCPeriod is not available, using current month OCT
[1992576:MIDTracker]: [12:47:08][INFO] Correctly handshaken websocket connection.
[1992573:internal-dpl-ccdb-backend]: [12:47:08][STATE] IDLE ---> INITIALIZING DEVICE
[1992573:internal-dpl-ccdb-backend]: [12:47:08][INFO] CCDB Backend at: http://alice-ccdb.cern.ch, validity check for every 2147483647 TF
[1992573:internal-dpl-ccdb-backend]: [12:47:08][INFO] Init CcdApi with UserAgentID: localhost.localdomain-1697194028-7T7ZHD, Host: http://alice-ccdb.cern.ch
[1992573:internal-dpl-ccdb-backend]: [12:47:08][INFO] Initialised default CCDB host http://alice-ccdb.cern.ch
[1992573:internal-dpl-ccdb-backend]: [12:47:08][INFO] The following route is a condition MID/BAD_CHANNELS/0
[1992573:internal-dpl-ccdb-backend]: [12:47:08][INFO] - ccdb-path: MID/Calib/BadChannels
[1992573:internal-dpl-ccdb-backend]: [12:47:08][INFO] The following route is a condition MID/MASKED_CHANNELS/0
[1992573:internal-dpl-ccdb-backend]: [12:47:08][INFO] - ccdb-path: MID/Calib/BadChannels
[1992573:internal-dpl-ccdb-backend]: [12:47:08][INFO] The following route is a condition GLO/GEOMALIGN/0
[1992573:internal-dpl-ccdb-backend]: [12:47:08][INFO] - ccdb-path: GLO/Config/GeometryAligned
[1992573:internal-dpl-ccdb-backend]: [12:47:08][STATE] INITIALIZING DEVICE ---> INITIALIZED
[1992573:internal-dpl-ccdb-backend]: [12:47:08][STATE] INITIALIZED ---> BINDING
[1992573:internal-dpl-ccdb-backend]: [12:47:08][STATE] BINDING ---> BOUND
[1992573:internal-dpl-ccdb-backend]: [12:47:08][STATE] BOUND ---> CONNECTING
[1992573:internal-dpl-ccdb-backend]: [12:47:08][STATE] CONNECTING ---> DEVICE READY
[1992573:internal-dpl-ccdb-backend]: [12:47:08][STATE] DEVICE READY ---> INITIALIZING TASK
[1992573:internal-dpl-ccdb-backend]: [12:47:08][STATE] INITIALIZING TASK ---> READY
[1992573:internal-dpl-ccdb-backend]: [12:47:08][STATE] READY ---> RUNNING
[1992573:internal-dpl-ccdb-backend]: [12:47:08][INFO] fair::mq::Device running...
[1992573:internal-dpl-ccdb-backend]: [12:47:08][INFO] LHCPeriod is not available, using current month OCT
[1992573:internal-dpl-ccdb-backend]: [12:47:08][INFO] Correctly handshaken websocket connection.
[1992572:MIDDigitsReader]: [12:47:08][INFO] branch set up: MIDDigit
[1992572:MIDDigitsReader]: [12:47:08][INFO] branch set up: MIDROFRecords
[1992572:MIDDigitsReader]: [12:47:08][INFO] branch set up: MIDDigitMCLabels
[1992572:MIDDigitsReader]: [12:47:08][STATE] INITIALIZING DEVICE ---> INITIALIZED
[1992572:MIDDigitsReader]: [12:47:08][STATE] INITIALIZED ---> BINDING
[1992572:MIDDigitsReader]: [12:47:08][STATE] BINDING ---> BOUND
[1992572:MIDDigitsReader]: [12:47:08][STATE] BOUND ---> CONNECTING
[1992572:MIDDigitsReader]: [12:47:08][STATE] CONNECTING ---> DEVICE READY
[1992572:MIDDigitsReader]: [12:47:08][STATE] DEVICE READY ---> INITIALIZING TASK
[1992572:MIDDigitsReader]: [12:47:08][STATE] INITIALIZING TASK ---> READY
[1992572:MIDDigitsReader]: [12:47:08][STATE] READY ---> RUNNING
[1992572:MIDDigitsReader]: [12:47:08][INFO] fair::mq::Device running...
[1992572:MIDDigitsReader]: [12:47:08][INFO] LHCPeriod is not available, using current month OCT
[1992572:MIDDigitsReader]: [12:47:08][INFO] Correctly handshaken websocket connection.
[1992572:MIDDigitsReader]: [12:47:08][INFO] Sending end-of-stream message to channel from_MIDDigitsReader_to_internal-dpl-ccdb-backend
[1992572:MIDDigitsReader]: [12:47:08][INFO] Sending end-of-stream message to channel from_MIDDigitsReader_to_MIDFiltering
[1992573:internal-dpl-ccdb-backend]: Info in <TJAlienConnectionManager>: Opening connection to JCentral. Please wait
[1992573:internal-dpl-ccdb-backend]: Info in <TJAlienConnectionManager>: Opening connection to 137.138.99.172
[1992573:internal-dpl-ccdb-backend]: Info in <TJAlienConnectionManager>: Successfully connected to 137.138.99.172
[1992573:internal-dpl-ccdb-backend]: Info in <TJAlienFile::Open>: Accessing file /alice/data/CCDB/CTP/Calib/OrbitReset/06/62200/b9f985c3-b4b0-11ec-8fd3-90ce809b24ee in SE <ALICE::CERN::EOS>
[1992573:internal-dpl-ccdb-backend]: [12:47:09][INFO] ccdb reads http://alice-ccdb.cern.ch/CTP/Calib/OrbitReset/1546300800000/b9f985c3-b4b0-11ec-8fd3-90ce809b24ee for 1546300800000 (load to memory, agent_id: localhost.localdomain-1697194028-7T7ZHD), 
[1992573:internal-dpl-ccdb-backend]: Info in <TJAlienFile::Open>: Accessing file /alice/data/CCDB/MID/Calib/BadChannels/02/17415/639eaa1c-d070-11ec-8000-0aa204881b9a in SE <ALICE::CERN::OCDB>
[1992573:internal-dpl-ccdb-backend]: [12:47:10][INFO] ccdb reads http://alice-ccdb.cern.ch/MID/Calib/BadChannels/6635/639eaa1c-d070-11ec-8000-0aa204881b9a for 1546300800000 (load to memory, agent_id: localhost.localdomain-1697194028-7T7ZHD), 
[1992573:internal-dpl-ccdb-backend]: Info in <TJAlienFile::Open>: Accessing file /alice/data/CCDB/GLO/Config/GeometryAligned/06/21224/787687c0-287a-11ed-8141-200114580202 in SE <ALICE::CERN::OCDB>
[1992573:internal-dpl-ccdb-backend]: [12:47:10][INFO] ccdb reads http://alice-ccdb.cern.ch/GLO/Config/GeometryAligned/1546300800000/787687c0-287a-11ed-8141-200114580202 for 1546300800000 (load to memory, agent_id: localhost.localdomain-1697194028-7T7ZHD), 
[1992573:internal-dpl-ccdb-backend]: [12:47:10][INFO] Sending end-of-stream message to channel from_internal-dpl-ccdb-backend_to_MIDFiltering
[1992573:internal-dpl-ccdb-backend]: [12:47:10][INFO] Sending end-of-stream message to channel from_internal-dpl-ccdb-backend_to_MIDTracker
[1992573:internal-dpl-ccdb-backend]: [12:47:10][INFO] Sending end-of-stream message to channel from_internal-dpl-ccdb-backend_to_internal-dpl-injected-dummy-sink
[1992574:MIDFiltering]: [12:47:11][INFO] Update MID_BAD_CHANNELS
[1992574:MIDFiltering]: [12:47:11][INFO] Caching in 140681793974016 ptr to MID/BAD_CHANNELS/0 (0x48ebdc0)
[1992574:MIDFiltering]: [12:47:11][INFO] Sending end-of-stream message to channel from_MIDFiltering_to_MIDClusterizer
[1992575:MIDClusterizer]: [12:47:11][INFO] Sending end-of-stream message to channel from_MIDClusterizer_to_MIDTracker
[1992576:MIDTracker]: Info in <TGeoManager::CloseGeometry>: Geometry loaded from file...
[1992576:MIDTracker]: Info in <TGeoManager::SetTopVolume>: Top volume is cave. Master volume is cave
[1992576:MIDTracker]: Info in <TGeoNavigator::BuildCache>: --- Maximum geometry depth set to 100
[1992576:MIDTracker]: Info in <TGeoManager::Voxelize>: Voxelizing...
[1992576:MIDTracker]: Info in <TGeoManager::CountLevels>: max level = 13, max placements = 735
[1992576:MIDTracker]: Info in <TGeoManager::CloseGeometry>: 5346742 nodes/ 27442 volume UID's in FAIR geometry
[1992576:MIDTracker]: Info in <TGeoManager::CloseGeometry>: ----------------modeler ready----------------
[1992576:MIDTracker]: [12:47:11][INFO] aligned geometry updated
[1992576:MIDTracker]: [12:47:11][INFO] Caching in 139876398557344 ptr to GLO/GEOMALIGN/0 (0x427e180)
[1992576:MIDTracker]: [12:47:13][INFO] Update MID_MASKED_CHANNELS
[1992576:MIDTracker]: [12:47:13][INFO] Caching in 139876398554880 ptr to MID/MASKED_CHANNELS/0 (0xad81520)
[1992576:MIDTracker]: [12:47:13][INFO] Sending end-of-stream message to channel from_MIDTracker_to_MIDRecoWriter
[1992577:MIDRecoWriter]: [12:47:13][ERROR] Some Lifetime::Timeframe data got dropped starting at 1
[INFO] Quitting
[INFO] QUIT_REQUESTED
[1992572:MIDDigitsReader]: [12:47:13][INFO] Received device shutdown request (signal 15).
[1992572:MIDDigitsReader]: [12:47:13][INFO] Waiting for graceful device shutdown. Hit Ctrl-C again to abort immediately.
[1992576:MIDTracker]: [12:47:13][INFO] Received device shutdown request (signal 15).
[1992576:MIDTracker]: [12:47:13][INFO] Waiting for graceful device shutdown. Hit Ctrl-C again to abort immediately.
[1992572:MIDDigitsReader]: [12:47:13][INFO] New state requested. No timeout set, quitting immediately as per --completion-policy
[1992572:MIDDigitsReader]: [12:47:13][STATE] RUNNING ---> READY
[1992576:MIDTracker]: [12:47:13][INFO] New state requested. No timeout set, quitting immediately as per --completion-policy
[1992576:MIDTracker]: [12:47:13][INFO] Processing time / 1 ROFs: full: 1.72523e+06 us  tracking: 17.065 us  hitMapBuilder: 1.044e-06 us
[1992576:MIDTracker]: [12:47:13][STATE] RUNNING ---> READY
[1992572:MIDDigitsReader]: [12:47:13][STATE] READY ---> RESETTING TASK
[1992572:MIDDigitsReader]: [12:47:13][STATE] RESETTING TASK ---> DEVICE READY
[1992576:MIDTracker]: [12:47:13][STATE] READY ---> RESETTING TASK
[1992576:MIDTracker]: [12:47:13][STATE] RESETTING TASK ---> DEVICE READY
[1992572:MIDDigitsReader]: [12:47:13][STATE] DEVICE READY ---> RESETTING DEVICE
[1992576:MIDTracker]: [12:47:13][STATE] DEVICE READY ---> RESETTING DEVICE
[1992572:MIDDigitsReader]: [12:47:13][STATE] RESETTING DEVICE ---> IDLE
[1992572:MIDDigitsReader]: [12:47:13][STATE] IDLE ---> EXITING
[1992572:MIDDigitsReader]: [12:47:13][STATE] Exiting FairMQ state machine
[1992576:MIDTracker]: [12:47:13][STATE] RESETTING DEVICE ---> IDLE
[1992576:MIDTracker]: [12:47:13][STATE] IDLE ---> EXITING
[1992576:MIDTracker]: [12:47:13][STATE] Exiting FairMQ state machine
[1992575:MIDClusterizer]: [12:47:13][INFO] Received device shutdown request (signal 15).
[1992575:MIDClusterizer]: [12:47:13][INFO] Waiting for graceful device shutdown. Hit Ctrl-C again to abort immediately.
[1992573:internal-dpl-ccdb-backend]: [12:47:13][INFO] Received device shutdown request (signal 15).
[1992573:internal-dpl-ccdb-backend]: [12:47:13][INFO] Waiting for graceful device shutdown. Hit Ctrl-C again to abort immediately.
[1992571:internal-dpl-clock]: [12:47:13][INFO] Received device shutdown request (signal 15).
[1992571:internal-dpl-clock]: [12:47:13][INFO] Waiting for graceful device shutdown. Hit Ctrl-C again to abort immediately.
[1992573:internal-dpl-ccdb-backend]: [12:47:13][INFO] New state requested. No timeout set, quitting immediately as per --completion-policy
[1992573:internal-dpl-ccdb-backend]: [12:47:13][INFO] CCDB cache miss/hit ratio:
[1992573:internal-dpl-ccdb-backend]: [12:47:13][INFO]   GLO/Config/GeometryAligned: 1/0 (1847296-1847296 bytes)
[1992573:internal-dpl-ccdb-backend]: [12:47:13][INFO]   MID/Calib/BadChannels: 1/1 (2048-2048 bytes)
[1992573:internal-dpl-ccdb-backend]: [12:47:13][INFO]   CTP/Calib/OrbitReset: 1/1 (1024-1024 bytes)
[1992573:internal-dpl-ccdb-backend]: [12:47:13][STATE] RUNNING ---> READY
[1992575:MIDClusterizer]: [12:47:13][INFO] New state requested. No timeout set, quitting immediately as per --completion-policy
[1992575:MIDClusterizer]: [12:47:13][INFO] Processing time / 1 ROFs: full: 617.106 us  pre-clustering: 15.725 us  clustering: 20.89 us
[1992575:MIDClusterizer]: [12:47:13][STATE] RUNNING ---> READY
[1992571:internal-dpl-clock]: [12:47:13][INFO] New state requested. No timeout set, quitting immediately as per --completion-policy
[1992575:MIDClusterizer]: [12:47:13][STATE] READY ---> RESETTING TASK
[1992575:MIDClusterizer]: [12:47:13][STATE] RESETTING TASK ---> DEVICE READY
[1992573:internal-dpl-ccdb-backend]: [12:47:13][STATE] READY ---> RESETTING TASK
[1992573:internal-dpl-ccdb-backend]: [12:47:13][STATE] RESETTING TASK ---> DEVICE READY
[1992573:internal-dpl-ccdb-backend]: [12:47:13][STATE] DEVICE READY ---> RESETTING DEVICE
[1992575:MIDClusterizer]: [12:47:13][STATE] DEVICE READY ---> RESETTING DEVICE
[1992575:MIDClusterizer]: [12:47:13][STATE] RESETTING DEVICE ---> IDLE
[1992575:MIDClusterizer]: [12:47:13][STATE] IDLE ---> EXITING
[1992575:MIDClusterizer]: [12:47:13][STATE] Exiting FairMQ state machine
[1992573:internal-dpl-ccdb-backend]: [12:47:13][STATE] RESETTING DEVICE ---> IDLE
[1992573:internal-dpl-ccdb-backend]: [12:47:13][STATE] IDLE ---> EXITING
[1992573:internal-dpl-ccdb-backend]: [12:47:13][STATE] Exiting FairMQ state machine
[1992578:internal-dpl-injected-dummy-sink]: [12:47:13][INFO] Received device shutdown request (signal 15).
[1992578:internal-dpl-injected-dummy-sink]: [12:47:13][INFO] Waiting for graceful device shutdown. Hit Ctrl-C again to abort immediately.
[1992577:MIDRecoWriter]: [12:47:13][INFO] Received device shutdown request (signal 15).
[1992577:MIDRecoWriter]: [12:47:13][INFO] Waiting for graceful device shutdown. Hit Ctrl-C again to abort immediately.
[1992574:MIDFiltering]: [12:47:13][INFO] Received device shutdown request (signal 15).
[1992574:MIDFiltering]: [12:47:13][INFO] Waiting for graceful device shutdown. Hit Ctrl-C again to abort immediately.
[1992577:MIDRecoWriter]: [12:47:13][INFO] New state requested. No timeout set, quitting immediately as per --completion-policy
[1992574:MIDFiltering]: [12:47:13][INFO] New state requested. No timeout set, quitting immediately as per --completion-policy
[1992574:MIDFiltering]: [12:47:13][STATE] RUNNING ---> READY
[1992574:MIDFiltering]: [12:47:13][STATE] READY ---> RESETTING TASK
[1992574:MIDFiltering]: [12:47:13][STATE] RESETTING TASK ---> DEVICE READY
[1992574:MIDFiltering]: [12:47:13][STATE] DEVICE READY ---> RESETTING DEVICE
[1992574:MIDFiltering]: [12:47:13][STATE] RESETTING DEVICE ---> IDLE
[1992574:MIDFiltering]: [12:47:13][STATE] IDLE ---> EXITING
[1992574:MIDFiltering]: [12:47:13][STATE] Exiting FairMQ state machine
[1992578:internal-dpl-injected-dummy-sink]: [12:47:13][INFO] New state requested. No timeout set, quitting immediately as per --completion-policy
[1992578:internal-dpl-injected-dummy-sink]: [12:47:13][STATE] RUNNING ---> READY
[1992578:internal-dpl-injected-dummy-sink]: [12:47:13][STATE] READY ---> RESETTING TASK
[1992578:internal-dpl-injected-dummy-sink]: [12:47:13][STATE] RESETTING TASK ---> DEVICE READY
[1992578:internal-dpl-injected-dummy-sink]: [12:47:13][STATE] DEVICE READY ---> RESETTING DEVICE
[1992578:internal-dpl-injected-dummy-sink]: [12:47:13][STATE] RESETTING DEVICE ---> IDLE
[1992578:internal-dpl-injected-dummy-sink]: [12:47:13][STATE] IDLE ---> EXITING
[1992578:internal-dpl-injected-dummy-sink]: [12:47:13][STATE] Exiting FairMQ state machine
[1992571:internal-dpl-clock]: [12:47:13][INFO] Sending end-of-stream message to channel from_internal-dpl-clock_to_MIDDigitsReader
[1992571:internal-dpl-clock]: [12:47:13][STATE] RUNNING ---> READY
[1992571:internal-dpl-clock]: [12:47:13][STATE] READY ---> RESETTING TASK
[1992571:internal-dpl-clock]: [12:47:13][STATE] RESETTING TASK ---> DEVICE READY
[1992571:internal-dpl-clock]: [12:47:13][STATE] DEVICE READY ---> RESETTING DEVICE
[1992571:internal-dpl-clock]: [12:47:13][STATE] RESETTING DEVICE ---> IDLE
[1992571:internal-dpl-clock]: [12:47:13][STATE] IDLE ---> EXITING
[1992571:internal-dpl-clock]: [12:47:13][STATE] Exiting FairMQ state machine
[1992577:MIDRecoWriter]: [12:47:13][STATE] RUNNING ---> READY
[1992577:MIDRecoWriter]: [12:47:13][STATE] READY ---> RESETTING TASK
[1992577:MIDRecoWriter]: [12:47:13][STATE] RESETTING TASK ---> DEVICE READY
[1992577:MIDRecoWriter]: [12:47:13][STATE] DEVICE READY ---> RESETTING DEVICE
[1992577:MIDRecoWriter]: [12:47:13][INFO] Cleaning up for shared memory id '5237472f'...
[1992577:MIDRecoWriter]: [12:47:13][INFO] Found 0 unmanaged regions...
[1992577:MIDRecoWriter]: [12:47:13][INFO] Found 1 managed segments...
[1992577:MIDRecoWriter]: [12:47:13][INFO] Successfully removed 'fmq_5237472f_m_0'.
[1992577:MIDRecoWriter]: [12:47:13][INFO] Successfully removed 'fmq_5237472f_mng'.
[1992577:MIDRecoWriter]: [12:47:13][STATE] RESETTING DEVICE ---> IDLE
[1992577:MIDRecoWriter]: [12:47:13][STATE] IDLE ---> EXITING
[1992577:MIDRecoWriter]: [12:47:13][STATE] Exiting FairMQ state machine
[INFO] ## Processes completed. Run summary:
[INFO] ### Devices started: 8
[INFO]  - Device internal-dpl-clock: pid 1992571 (exit 0)
[INFO]  - Device MIDDigitsReader: pid 1992572 (exit 0)
[INFO]  - Device internal-dpl-ccdb-backend: pid 1992573 (exit 0)
[INFO]  - Device MIDFiltering: pid 1992574 (exit 0)
[INFO]  - Device MIDClusterizer: pid 1992575 (exit 0)
[INFO]  - Device MIDTracker: pid 1992576 (exit 0)
[INFO]  - Device MIDRecoWriter: pid 1992577 (exit 0)
[INFO]  - Device internal-dpl-injected-dummy-sink: pid 1992578 (exit 0)
[INFO] Dumping used configuration in dpl-config.json
TASK-EXIT-CODE: 0
