Running: TIME="#walltime %e" /usr/bin/time --output=phsreco.log_time ./phsreco.log_tmp.sh
[INFO] Initialising O2 Data Processing Layer. Driver PID: 2780573.
[INFO] Driver listening on port: 28653
[INFO] Rate limiting set up at 500MB distributed over 1 readers
[INFO] O2 Data Processing Layer initialised. We brake for nobody.
[INFO] Optimised build. O2DEBUG / LOG(debug) / LOGF(debug) / assert statement will not be shown.
[INFO] Redeployment of configuration asked.
[INFO] Starting internal-dpl-clock on pid 2780635
[INFO] Starting phos-digit-reader on pid 2780636
[INFO] Starting internal-dpl-ccdb-backend on pid 2780637
[INFO] Starting PHOSCellConverterSpec on pid 2780638
[INFO] Starting phos-cell-writer on pid 2780639
[INFO] Starting internal-dpl-injected-dummy-sink on pid 2780640
[INFO] Redeployment of configuration done.
[2780636:phos-digit-reader]: [INFO] Instrumenting crash signals
[2780636:phos-digit-reader]: [INFO] Spawing new device phos-digit-reader in process with pid 2780636
[2780636:phos-digit-reader]: [20:07:44][INFO] 
[2780636:phos-digit-reader]:       ______      _    _______  _________ 
[2780636:phos-digit-reader]:      / ____/___ _(_)_______   |/  /_  __ \    version 1.8.0
[2780636:phos-digit-reader]:     / /_  / __ `/ / ___/__  /|_/ /_  / / /    build RELWITHDEBINFO
[2780636:phos-digit-reader]:    / __/ / /_/ / / /    _  /  / / / /_/ /     https://github.com/FairRootGroup/FairMQ
[2780636:phos-digit-reader]:   /_/    \__,_/_/_/     /_/  /_/  \___\_\     LGPL-3.0  © 2012-2023 GSI
[2780636:phos-digit-reader]: 
[2780636:phos-digit-reader]: [20:07:44][STATE] Starting FairMQ state machine --> IDLE
[2780636:phos-digit-reader]: [20:07:44][STATE] IDLE ---> INITIALIZING DEVICE
[2780639:phos-cell-writer]: [INFO] Instrumenting crash signals
[2780639:phos-cell-writer]: [INFO] Spawing new device phos-cell-writer in process with pid 2780639
[2780639:phos-cell-writer]: [20:07:44][INFO] 
[2780639:phos-cell-writer]:       ______      _    _______  _________ 
[2780639:phos-cell-writer]:      / ____/___ _(_)_______   |/  /_  __ \    version 1.8.0
[2780639:phos-cell-writer]:     / /_  / __ `/ / ___/__  /|_/ /_  / / /    build RELWITHDEBINFO
[2780639:phos-cell-writer]:    / __/ / /_/ / / /    _  /  / / / /_/ /     https://github.com/FairRootGroup/FairMQ
[2780639:phos-cell-writer]:   /_/    \__,_/_/_/     /_/  /_/  \___\_\     LGPL-3.0  © 2012-2023 GSI
[2780639:phos-cell-writer]: 
[2780639:phos-cell-writer]: [20:07:44][STATE] Starting FairMQ state machine --> IDLE
[2780639:phos-cell-writer]: [20:07:44][STATE] IDLE ---> INITIALIZING DEVICE
[2780640:internal-dpl-injected-dummy-sink]: [INFO] Instrumenting crash signals
[2780640:internal-dpl-injected-dummy-sink]: [INFO] Spawing new device internal-dpl-injected-dummy-sink in process with pid 2780640
[2780640:internal-dpl-injected-dummy-sink]: [20:07:44][INFO] 
[2780640:internal-dpl-injected-dummy-sink]:       ______      _    _______  _________ 
[2780640:internal-dpl-injected-dummy-sink]:      / ____/___ _(_)_______   |/  /_  __ \    version 1.8.0
[2780640:internal-dpl-injected-dummy-sink]:     / /_  / __ `/ / ___/__  /|_/ /_  / / /    build RELWITHDEBINFO
[2780640:internal-dpl-injected-dummy-sink]:    / __/ / /_/ / / /    _  /  / / / /_/ /     https://github.com/FairRootGroup/FairMQ
[2780640:internal-dpl-injected-dummy-sink]:   /_/    \__,_/_/_/     /_/  /_/  \___\_\     LGPL-3.0  © 2012-2023 GSI
[2780640:internal-dpl-injected-dummy-sink]: 
[2780640:internal-dpl-injected-dummy-sink]: [20:07:44][STATE] Starting FairMQ state machine --> IDLE
[2780640:internal-dpl-injected-dummy-sink]: [20:07:44][STATE] IDLE ---> INITIALIZING DEVICE
[2780640:internal-dpl-injected-dummy-sink]: [20:07:44][STATE] INITIALIZING DEVICE ---> INITIALIZED
[2780640:internal-dpl-injected-dummy-sink]: [20:07:44][STATE] INITIALIZED ---> BINDING
[2780640:internal-dpl-injected-dummy-sink]: [20:07:44][STATE] BINDING ---> BOUND
[2780640:internal-dpl-injected-dummy-sink]: [20:07:44][STATE] BOUND ---> CONNECTING
[2780640:internal-dpl-injected-dummy-sink]: [20:07:44][STATE] CONNECTING ---> DEVICE READY
[2780640:internal-dpl-injected-dummy-sink]: [20:07:44][STATE] DEVICE READY ---> INITIALIZING TASK
[2780640:internal-dpl-injected-dummy-sink]: [20:07:44][STATE] INITIALIZING TASK ---> READY
[2780640:internal-dpl-injected-dummy-sink]: [20:07:44][STATE] READY ---> RUNNING
[2780640:internal-dpl-injected-dummy-sink]: [20:07:44][INFO] fair::mq::Device running...
[2780640:internal-dpl-injected-dummy-sink]: [20:07:44][INFO] LHCPeriod is not available, using current month SEP
[2780639:phos-cell-writer]: [20:07:44][INFO] 0: branch  PHOSCell set up
[2780639:phos-cell-writer]: [20:07:44][INFO] 1: branch  PHOSCellTrigRec set up
[2780640:internal-dpl-injected-dummy-sink]: [20:07:44][INFO] Correctly handshaken websocket connection.
[2780639:phos-cell-writer]: [20:07:44][INFO] 2: branch  PHOSCellTrueMC set up
[2780639:phos-cell-writer]: [20:07:44][STATE] INITIALIZING DEVICE ---> INITIALIZED
[2780639:phos-cell-writer]: [20:07:44][STATE] INITIALIZED ---> BINDING
[2780639:phos-cell-writer]: [20:07:44][STATE] BINDING ---> BOUND
[2780639:phos-cell-writer]: [20:07:44][STATE] BOUND ---> CONNECTING
[2780639:phos-cell-writer]: [20:07:44][STATE] CONNECTING ---> DEVICE READY
[2780639:phos-cell-writer]: [20:07:44][STATE] DEVICE READY ---> INITIALIZING TASK
[2780639:phos-cell-writer]: [20:07:44][STATE] INITIALIZING TASK ---> READY
[2780639:phos-cell-writer]: [20:07:44][STATE] READY ---> RUNNING
[2780639:phos-cell-writer]: [20:07:44][INFO] fair::mq::Device running...
[2780639:phos-cell-writer]: [20:07:44][INFO] LHCPeriod is not available, using current month SEP
[2780639:phos-cell-writer]: [20:07:44][INFO] Correctly handshaken websocket connection.
[2780635:internal-dpl-clock]: [INFO] Instrumenting crash signals
[2780635:internal-dpl-clock]: [INFO] Spawing new device internal-dpl-clock in process with pid 2780635
[2780635:internal-dpl-clock]: [20:07:44][INFO] 
[2780635:internal-dpl-clock]:       ______      _    _______  _________ 
[2780635:internal-dpl-clock]:      / ____/___ _(_)_______   |/  /_  __ \    version 1.8.0
[2780635:internal-dpl-clock]:     / /_  / __ `/ / ___/__  /|_/ /_  / / /    build RELWITHDEBINFO
[2780635:internal-dpl-clock]:    / __/ / /_/ / / /    _  /  / / / /_/ /     https://github.com/FairRootGroup/FairMQ
[2780635:internal-dpl-clock]:   /_/    \__,_/_/_/     /_/  /_/  \___\_\     LGPL-3.0  © 2012-2023 GSI
[2780635:internal-dpl-clock]: 
[2780635:internal-dpl-clock]: [20:07:44][STATE] Starting FairMQ state machine --> IDLE
[2780638:PHOSCellConverterSpec]: [INFO] Instrumenting crash signals
[2780638:PHOSCellConverterSpec]: [INFO] Spawing new device PHOSCellConverterSpec in process with pid 2780638
[2780638:PHOSCellConverterSpec]: [20:07:44][INFO] 
[2780638:PHOSCellConverterSpec]:       ______      _    _______  _________ 
[2780638:PHOSCellConverterSpec]:      / ____/___ _(_)_______   |/  /_  __ \    version 1.8.0
[2780638:PHOSCellConverterSpec]:     / /_  / __ `/ / ___/__  /|_/ /_  / / /    build RELWITHDEBINFO
[2780638:PHOSCellConverterSpec]:    / __/ / /_/ / / /    _  /  / / / /_/ /     https://github.com/FairRootGroup/FairMQ
[2780638:PHOSCellConverterSpec]:   /_/    \__,_/_/_/     /_/  /_/  \___\_\     LGPL-3.0  © 2012-2023 GSI
[2780638:PHOSCellConverterSpec]: 
[2780638:PHOSCellConverterSpec]: [20:07:44][STATE] Starting FairMQ state machine --> IDLE
[2780638:PHOSCellConverterSpec]: [20:07:44][STATE] IDLE ---> INITIALIZING DEVICE
[2780635:internal-dpl-clock]: [20:07:44][STATE] IDLE ---> INITIALIZING DEVICE
[2780638:PHOSCellConverterSpec]: [20:07:44][INFO] [PHOSCellConverter - init] Initialize converter with MC truth container
[2780638:PHOSCellConverterSpec]: [20:07:44][STATE] INITIALIZING DEVICE ---> INITIALIZED
[2780635:internal-dpl-clock]: [20:07:44][STATE] INITIALIZING DEVICE ---> INITIALIZED
[2780635:internal-dpl-clock]: [20:07:44][STATE] INITIALIZED ---> BINDING
[2780638:PHOSCellConverterSpec]: [20:07:44][STATE] INITIALIZED ---> BINDING
[2780635:internal-dpl-clock]: [20:07:44][STATE] BINDING ---> BOUND
[2780638:PHOSCellConverterSpec]: [20:07:44][STATE] BINDING ---> BOUND
[2780638:PHOSCellConverterSpec]: [20:07:44][STATE] BOUND ---> CONNECTING
[2780638:PHOSCellConverterSpec]: [20:07:44][STATE] CONNECTING ---> DEVICE READY
[2780638:PHOSCellConverterSpec]: [20:07:44][STATE] DEVICE READY ---> INITIALIZING TASK
[2780637:internal-dpl-ccdb-backend]: [INFO] Instrumenting crash signals
[2780637:internal-dpl-ccdb-backend]: [INFO] Spawing new device internal-dpl-ccdb-backend in process with pid 2780637
[2780637:internal-dpl-ccdb-backend]: [20:07:44][INFO] 
[2780637:internal-dpl-ccdb-backend]:       ______      _    _______  _________ 
[2780637:internal-dpl-ccdb-backend]:      / ____/___ _(_)_______   |/  /_  __ \    version 1.8.0
[2780637:internal-dpl-ccdb-backend]:     / /_  / __ `/ / ___/__  /|_/ /_  / / /    build RELWITHDEBINFO
[2780637:internal-dpl-ccdb-backend]:    / __/ / /_/ / / /    _  /  / / / /_/ /     https://github.com/FairRootGroup/FairMQ
[2780637:internal-dpl-ccdb-backend]:   /_/    \__,_/_/_/     /_/  /_/  \___\_\     LGPL-3.0  © 2012-2023 GSI
[2780637:internal-dpl-ccdb-backend]: 
[2780637:internal-dpl-ccdb-backend]: [20:07:44][STATE] Starting FairMQ state machine --> IDLE
[2780637:internal-dpl-ccdb-backend]: [20:07:44][STATE] IDLE ---> INITIALIZING DEVICE
[2780635:internal-dpl-clock]: [20:07:44][STATE] BOUND ---> CONNECTING
[2780635:internal-dpl-clock]: [20:07:44][STATE] CONNECTING ---> DEVICE READY
[2780638:PHOSCellConverterSpec]: [20:07:44][STATE] INITIALIZING TASK ---> READY
[2780638:PHOSCellConverterSpec]: [20:07:44][STATE] READY ---> RUNNING
[2780638:PHOSCellConverterSpec]: [20:07:44][INFO] fair::mq::Device running...
[2780638:PHOSCellConverterSpec]: [20:07:44][INFO] LHCPeriod is not available, using current month SEP
[2780637:internal-dpl-ccdb-backend]: [20:07:44][INFO] CCDB Backend at: http://alice-ccdb.cern.ch, validity check for every 2147483647 TF
[2780638:PHOSCellConverterSpec]: [20:07:44][INFO] Correctly handshaken websocket connection.
[2780637:internal-dpl-ccdb-backend]: [20:07:44][INFO] Init CcdApi with UserAgentID: localhost.localdomain-1694542064-3pDbxD, Host: http://alice-ccdb.cern.ch
[2780637:internal-dpl-ccdb-backend]: [20:07:44][INFO] Initialised default CCDB host http://alice-ccdb.cern.ch
[2780637:internal-dpl-ccdb-backend]: [20:07:44][INFO] The following route is a condition PHS/PHS_Calib_BadMap/0
[2780637:internal-dpl-ccdb-backend]: [20:07:44][INFO] - ccdb-path: PHS/Calib/BadMap
[2780637:internal-dpl-ccdb-backend]: [20:07:44][INFO] The following route is a condition PHS/PHS_RecoParams/0
[2780637:internal-dpl-ccdb-backend]: [20:07:44][INFO] - ccdb-path: PHS/Config/RecoParams
[2780637:internal-dpl-ccdb-backend]: [20:07:44][STATE] INITIALIZING DEVICE ---> INITIALIZED
[2780637:internal-dpl-ccdb-backend]: [20:07:44][STATE] INITIALIZED ---> BINDING
[2780635:internal-dpl-clock]: [20:07:44][STATE] DEVICE READY ---> INITIALIZING TASK
[2780637:internal-dpl-ccdb-backend]: [20:07:44][STATE] BINDING ---> BOUND
[2780637:internal-dpl-ccdb-backend]: [20:07:44][STATE] BOUND ---> CONNECTING
[2780635:internal-dpl-clock]: [20:07:44][STATE] INITIALIZING TASK ---> READY
[2780637:internal-dpl-ccdb-backend]: [20:07:44][STATE] CONNECTING ---> DEVICE READY
[2780637:internal-dpl-ccdb-backend]: [20:07:44][STATE] DEVICE READY ---> INITIALIZING TASK
[2780637:internal-dpl-ccdb-backend]: [20:07:44][STATE] INITIALIZING TASK ---> READY
[2780637:internal-dpl-ccdb-backend]: [20:07:44][STATE] READY ---> RUNNING
[2780637:internal-dpl-ccdb-backend]: [20:07:44][INFO] fair::mq::Device running...
[2780637:internal-dpl-ccdb-backend]: [20:07:44][INFO] LHCPeriod is not available, using current month SEP
[2780637:internal-dpl-ccdb-backend]: [20:07:44][INFO] Correctly handshaken websocket connection.
[2780635:internal-dpl-clock]: [20:07:44][STATE] READY ---> RUNNING
[2780635:internal-dpl-clock]: [20:07:44][INFO] fair::mq::Device running...
[2780635:internal-dpl-clock]: [20:07:44][INFO] LHCPeriod is not available, using current month SEP
[2780635:internal-dpl-clock]: [20:07:44][INFO] Correctly handshaken websocket connection.
[2780636:phos-digit-reader]: [20:07:44][INFO] branch set up: PHOSDigit
[2780636:phos-digit-reader]: [20:07:44][INFO] branch set up: PHOSDigitTrigRecords
[2780636:phos-digit-reader]: [20:07:44][INFO] branch set up: PHOSDigitMCTruth
[2780636:phos-digit-reader]: [20:07:44][STATE] INITIALIZING DEVICE ---> INITIALIZED
[2780636:phos-digit-reader]: [20:07:44][STATE] INITIALIZED ---> BINDING
[2780636:phos-digit-reader]: [20:07:44][STATE] BINDING ---> BOUND
[2780636:phos-digit-reader]: [20:07:44][STATE] BOUND ---> CONNECTING
[2780636:phos-digit-reader]: [20:07:44][STATE] CONNECTING ---> DEVICE READY
[2780636:phos-digit-reader]: [20:07:44][STATE] DEVICE READY ---> INITIALIZING TASK
[2780636:phos-digit-reader]: [20:07:44][STATE] INITIALIZING TASK ---> READY
[2780636:phos-digit-reader]: [20:07:44][STATE] READY ---> RUNNING
[2780636:phos-digit-reader]: [20:07:44][INFO] fair::mq::Device running...
[2780636:phos-digit-reader]: [20:07:44][INFO] LHCPeriod is not available, using current month SEP
[2780636:phos-digit-reader]: [20:07:44][INFO] Correctly handshaken websocket connection.
[2780636:phos-digit-reader]: [20:07:44][INFO] Sending end-of-stream message to channel from_phos-digit-reader_to_internal-dpl-ccdb-backend
[2780636:phos-digit-reader]: [20:07:44][INFO] Sending end-of-stream message to channel from_phos-digit-reader_to_PHOSCellConverterSpec
[2780637:internal-dpl-ccdb-backend]: Info in <TJAlienConnectionManager>: Opening connection to JCentral. Please wait
[2780637:internal-dpl-ccdb-backend]: Info in <TJAlienConnectionManager>: Opening connection to 137.138.99.136
[2780637:internal-dpl-ccdb-backend]: Info in <TJAlienConnectionManager>: Successfully connected to 137.138.99.136
[2780637:internal-dpl-ccdb-backend]: Info in <TJAlienFile::Open>: Accessing file /alice/data/CCDB/CTP/Calib/OrbitReset/06/62200/b9f985c3-b4b0-11ec-8fd3-90ce809b24ee in SE <ALICE::CERN::EOS>
[2780637:internal-dpl-ccdb-backend]: [20:07:46][INFO] ccdb reads http://alice-ccdb.cern.ch/CTP/Calib/OrbitReset/1546300800000/b9f985c3-b4b0-11ec-8fd3-90ce809b24ee for 1546300800000 (load to memory, agent_id: localhost.localdomain-1694542064-3pDbxD), 
[2780637:internal-dpl-ccdb-backend]: Info in <TJAlienFile::Open>: Accessing file /alice/data/CCDB/PHS/Calib/BadMap/10/40794/45929b61-dd0a-11ec-8000-0aa202a21b9a in SE <ALICE::CERN::EOS>
[2780637:internal-dpl-ccdb-backend]: [20:07:46][INFO] ccdb reads http://alice-ccdb.cern.ch/PHS/Calib/BadMap/1546300800000/45929b61-dd0a-11ec-8000-0aa202a21b9a for 1546300800000 (load to memory, agent_id: localhost.localdomain-1694542064-3pDbxD), 
[2780637:internal-dpl-ccdb-backend]: Info in <TJAlienFile::Open>: Accessing file /alice/data/CCDB/PHS/Config/RecoParams/09/61096/abd15e1e-0613-11ed-8002-0aa202a21b9a in SE <ALICE::CERN::OCDB>
[2780637:internal-dpl-ccdb-backend]: [20:07:46][INFO] ccdb reads http://alice-ccdb.cern.ch/PHS/Config/RecoParams/1/abd15e1e-0613-11ed-8002-0aa202a21b9a for 1546300800000 (load to memory, agent_id: localhost.localdomain-1694542064-3pDbxD), 
[2780637:internal-dpl-ccdb-backend]: [20:07:46][INFO] Sending end-of-stream message to channel from_internal-dpl-ccdb-backend_to_PHOSCellConverterSpec
[2780637:internal-dpl-ccdb-backend]: [20:07:46][INFO] Sending end-of-stream message to channel from_internal-dpl-ccdb-backend_to_internal-dpl-injected-dummy-sink
[2780638:PHOSCellConverterSpec]: [20:07:46][INFO] Caching in 140663476628352 ptr to PHS/PHS_RecoParams/0 (0x7ff13c5ef6c0)
[2780638:PHOSCellConverterSpec]: [20:07:46][INFO] [PHOSCellConverter - run]  Received 3778 digits and 223 TriggerRecords580 MC labels
[2780638:PHOSCellConverterSpec]: [20:07:46][INFO] Caching in 140663476626080 ptr to PHS/PHS_Calib_BadMap/0 (0x4d58a30)
[2780638:PHOSCellConverterSpec]: [20:07:46][INFO] [PHOSCellConverter - run] Writing 3749 cells, 223 Trig Records 3749 PHOS labels 
[2780638:PHOSCellConverterSpec]: [20:07:46][INFO] Sending end-of-stream message to channel from_PHOSCellConverterSpec_to_phos-cell-writer
[INFO] Quitting
[INFO] QUIT_REQUESTED
[2780635:internal-dpl-clock]: [20:07:47][INFO] Received device shutdown request (signal 15).
[2780635:internal-dpl-clock]: [20:07:47][INFO] Waiting for graceful device shutdown. Hit Ctrl-C again to abort immediately.
[2780636:phos-digit-reader]: [20:07:47][INFO] Received device shutdown request (signal 15).
[2780636:phos-digit-reader]: [20:07:47][INFO] Waiting for graceful device shutdown. Hit Ctrl-C again to abort immediately.
[2780637:internal-dpl-ccdb-backend]: [20:07:47][INFO] Received device shutdown request (signal 15).
[2780637:internal-dpl-ccdb-backend]: [20:07:47][INFO] Waiting for graceful device shutdown. Hit Ctrl-C again to abort immediately.
[2780638:PHOSCellConverterSpec]: [20:07:47][INFO] Received device shutdown request (signal 15).
[2780638:PHOSCellConverterSpec]: [20:07:47][INFO] Waiting for graceful device shutdown. Hit Ctrl-C again to abort immediately.
[2780639:phos-cell-writer]: [20:07:47][INFO] Received device shutdown request (signal 15).
[2780639:phos-cell-writer]: [20:07:47][INFO] Waiting for graceful device shutdown. Hit Ctrl-C again to abort immediately.
[2780639:phos-cell-writer]: [20:07:47][INFO] New state requested. No timeout set, quitting immediately as per --completion-policy
[2780640:internal-dpl-injected-dummy-sink]: [20:07:47][INFO] Received device shutdown request (signal 15).
[2780640:internal-dpl-injected-dummy-sink]: [20:07:47][INFO] Waiting for graceful device shutdown. Hit Ctrl-C again to abort immediately.
[2780640:internal-dpl-injected-dummy-sink]: [20:07:47][INFO] New state requested. No timeout set, quitting immediately as per --completion-policy
[2780640:internal-dpl-injected-dummy-sink]: [20:07:47][STATE] RUNNING ---> READY
[2780640:internal-dpl-injected-dummy-sink]: [20:07:47][STATE] READY ---> RESETTING TASK
[2780640:internal-dpl-injected-dummy-sink]: [20:07:47][STATE] RESETTING TASK ---> DEVICE READY
[2780636:phos-digit-reader]: [20:07:47][INFO] New state requested. No timeout set, quitting immediately as per --completion-policy
[2780636:phos-digit-reader]: [20:07:47][STATE] RUNNING ---> READY
[2780640:internal-dpl-injected-dummy-sink]: [20:07:47][STATE] DEVICE READY ---> RESETTING DEVICE
[2780635:internal-dpl-clock]: [20:07:47][INFO] New state requested. No timeout set, quitting immediately as per --completion-policy
[2780635:internal-dpl-clock]: [20:07:47][INFO] Sending end-of-stream message to channel from_internal-dpl-clock_to_phos-digit-reader
[2780635:internal-dpl-clock]: [20:07:47][STATE] RUNNING ---> READY
[2780638:PHOSCellConverterSpec]: [20:07:47][INFO] New state requested. No timeout set, quitting immediately as per --completion-policy
[2780638:PHOSCellConverterSpec]: [20:07:47][STATE] RUNNING ---> READY
[2780637:internal-dpl-ccdb-backend]: [20:07:47][INFO] New state requested. No timeout set, quitting immediately as per --completion-policy
[2780637:internal-dpl-ccdb-backend]: [20:07:47][INFO] CCDB cache miss/hit ratio:
[2780637:internal-dpl-ccdb-backend]: [20:07:47][INFO]   PHS/Config/RecoParams: 1/1 (3072-3072 bytes)
[2780637:internal-dpl-ccdb-backend]: [20:07:47][INFO]   PHS/Calib/BadMap: 1/1 (2048-2048 bytes)
[2780637:internal-dpl-ccdb-backend]: [20:07:47][INFO]   CTP/Calib/OrbitReset: 1/2 (1024-1024 bytes)
[2780637:internal-dpl-ccdb-backend]: [20:07:47][STATE] RUNNING ---> READY
[2780640:internal-dpl-injected-dummy-sink]: [20:07:47][STATE] RESETTING DEVICE ---> IDLE
[2780640:internal-dpl-injected-dummy-sink]: [20:07:47][STATE] IDLE ---> EXITING
[2780640:internal-dpl-injected-dummy-sink]: [20:07:47][STATE] Exiting FairMQ state machine
[2780636:phos-digit-reader]: [20:07:47][STATE] READY ---> RESETTING TASK
[2780636:phos-digit-reader]: [20:07:47][STATE] RESETTING TASK ---> DEVICE READY
[2780637:internal-dpl-ccdb-backend]: [20:07:47][STATE] READY ---> RESETTING TASK
[2780637:internal-dpl-ccdb-backend]: [20:07:47][STATE] RESETTING TASK ---> DEVICE READY
[2780635:internal-dpl-clock]: [20:07:47][STATE] READY ---> RESETTING TASK
[2780635:internal-dpl-clock]: [20:07:47][STATE] RESETTING TASK ---> DEVICE READY
[2780635:internal-dpl-clock]: [20:07:47][STATE] DEVICE READY ---> RESETTING DEVICE
[2780637:internal-dpl-ccdb-backend]: [20:07:47][STATE] DEVICE READY ---> RESETTING DEVICE
[2780638:PHOSCellConverterSpec]: [20:07:47][STATE] READY ---> RESETTING TASK
[2780638:PHOSCellConverterSpec]: [20:07:47][STATE] RESETTING TASK ---> DEVICE READY
[2780638:PHOSCellConverterSpec]: [20:07:47][STATE] DEVICE READY ---> RESETTING DEVICE
[2780636:phos-digit-reader]: [20:07:47][STATE] DEVICE READY ---> RESETTING DEVICE
[2780636:phos-digit-reader]: [20:07:47][STATE] RESETTING DEVICE ---> IDLE
[2780636:phos-digit-reader]: [20:07:47][STATE] IDLE ---> EXITING
[2780638:PHOSCellConverterSpec]: [20:07:47][STATE] RESETTING DEVICE ---> IDLE
[2780638:PHOSCellConverterSpec]: [20:07:47][STATE] IDLE ---> EXITING
[2780638:PHOSCellConverterSpec]: [20:07:47][STATE] Exiting FairMQ state machine
[2780635:internal-dpl-clock]: [20:07:47][STATE] RESETTING DEVICE ---> IDLE
[2780637:internal-dpl-ccdb-backend]: [20:07:47][STATE] RESETTING DEVICE ---> IDLE
[2780636:phos-digit-reader]: [20:07:47][STATE] Exiting FairMQ state machine
[2780635:internal-dpl-clock]: [20:07:47][STATE] IDLE ---> EXITING
[2780635:internal-dpl-clock]: [20:07:47][STATE] Exiting FairMQ state machine
[2780637:internal-dpl-ccdb-backend]: [20:07:47][STATE] IDLE ---> EXITING
[2780637:internal-dpl-ccdb-backend]: [20:07:47][STATE] Exiting FairMQ state machine
[2780639:phos-cell-writer]: [20:07:47][STATE] RUNNING ---> READY
[2780639:phos-cell-writer]: [20:07:47][STATE] READY ---> RESETTING TASK
[2780639:phos-cell-writer]: [20:07:47][STATE] RESETTING TASK ---> DEVICE READY
[2780639:phos-cell-writer]: [20:07:47][STATE] DEVICE READY ---> RESETTING DEVICE
[2780639:phos-cell-writer]: [20:07:47][INFO] Cleaning up for shared memory id '00018fc2'...
[2780639:phos-cell-writer]: [20:07:47][INFO] Found 0 unmanaged regions...
[2780639:phos-cell-writer]: [20:07:47][INFO] Found 1 managed segments...
[2780639:phos-cell-writer]: [20:07:47][INFO] Successfully removed 'fmq_00018fc2_m_0'.
[2780639:phos-cell-writer]: [20:07:47][INFO] Successfully removed 'fmq_00018fc2_mng'.
[2780639:phos-cell-writer]: [20:07:47][STATE] RESETTING DEVICE ---> IDLE
[2780639:phos-cell-writer]: [20:07:47][STATE] IDLE ---> EXITING
[2780639:phos-cell-writer]: [20:07:47][STATE] Exiting FairMQ state machine
[INFO] ## Processes completed. Run summary:
[INFO] ### Devices started: 6
[INFO]  - Device internal-dpl-clock: pid 2780635 (exit 0)
[INFO]  - Device phos-digit-reader: pid 2780636 (exit 0)
[INFO]  - Device internal-dpl-ccdb-backend: pid 2780637 (exit 0)
[INFO]  - Device PHOSCellConverterSpec: pid 2780638 (exit 0)
[INFO]  - Device phos-cell-writer: pid 2780639 (exit 0)
[INFO]  - Device internal-dpl-injected-dummy-sink: pid 2780640 (exit 0)
[INFO] Dumping used configuration in dpl-config.json
TASK-EXIT-CODE: 0
