Running: TIME="#walltime %e" /usr/bin/time --output=tofMatchTracks.log_time ./tofMatchTracks.log_tmp.sh
[INFO] Initialising O2 Data Processing Layer. Driver PID: 1996334.
[INFO] Driver listening on port: 24414
[INFO] Rate limiting set up at 500MB distributed over 1 readers
[INFO] O2 Data Processing Layer initialised. We brake for nobody.
[INFO] Optimised build. O2DEBUG / LOG(debug) / LOGF(debug) / assert statement will not be shown.
[INFO] Redeployment of configuration asked.
[INFO] Starting internal-dpl-clock on pid 1996369
[INFO] Starting itstpc-track-reader on pid 1996370
[INFO] Starting itstpctrd-track-reader on pid 1996371
[INFO] Starting tpctrd-track-reader on pid 1996372
[INFO] Starting tof-cluster-reader on pid 1996373
[INFO] Starting tpc-track-reader on pid 1996374
[INFO] Starting internal-dpl-ccdb-backend on pid 1996375
[INFO] Starting tof-matcher on pid 1996376
[INFO] Starting TOFMatchedWriter_ITSTPC on pid 1996377
[INFO] Starting TOFMatchedWriter_ITSTPCTRD on pid 1996378
[INFO] Starting TOFMatchedWriter_TPC on pid 1996379
[INFO] Starting TOFMatchedWriter_TPCTRD on pid 1996380
[INFO] Starting internal-dpl-injected-dummy-sink on pid 1996381
[INFO] Redeployment of configuration done.
[1996369:internal-dpl-clock]: [INFO] Instrumenting crash signals
[1996369:internal-dpl-clock]: [INFO] Spawing new device internal-dpl-clock in process with pid 1996369
[1996369:internal-dpl-clock]: [12:48:13][INFO] 
[1996369:internal-dpl-clock]:       ______      _    _______  _________ 
[1996369:internal-dpl-clock]:      / ____/___ _(_)_______   |/  /_  __ \    version 1.8.0
[1996369:internal-dpl-clock]:     / /_  / __ `/ / ___/__  /|_/ /_  / / /    build RELWITHDEBINFO
[1996369:internal-dpl-clock]:    / __/ / /_/ / / /    _  /  / / / /_/ /     https://github.com/FairRootGroup/FairMQ
[1996369:internal-dpl-clock]:   /_/    \__,_/_/_/     /_/  /_/  \___\_\     LGPL-3.0  © 2012-2023 GSI
[1996369:internal-dpl-clock]: 
[1996369:internal-dpl-clock]: [12:48:13][STATE] Starting FairMQ state machine --> IDLE
[1996369:internal-dpl-clock]: [12:48:13][STATE] IDLE ---> INITIALIZING DEVICE
[1996369:internal-dpl-clock]: [12:48:13][STATE] INITIALIZING DEVICE ---> INITIALIZED
[1996369:internal-dpl-clock]: [12:48:13][STATE] INITIALIZED ---> BINDING
[1996369:internal-dpl-clock]: [12:48:13][STATE] BINDING ---> BOUND
[1996369:internal-dpl-clock]: [12:48:13][STATE] BOUND ---> CONNECTING
[1996369:internal-dpl-clock]: [12:48:13][STATE] CONNECTING ---> DEVICE READY
[1996369:internal-dpl-clock]: [12:48:13][STATE] DEVICE READY ---> INITIALIZING TASK
[1996375:internal-dpl-ccdb-backend]: [INFO] Instrumenting crash signals
[1996371:itstpctrd-track-reader]: [INFO] Instrumenting crash signals
[1996375:internal-dpl-ccdb-backend]: [INFO] Spawing new device internal-dpl-ccdb-backend in process with pid 1996375
[1996375:internal-dpl-ccdb-backend]: [12:48:13][INFO] 
[1996375:internal-dpl-ccdb-backend]:       ______      _    _______  _________ 
[1996375:internal-dpl-ccdb-backend]:      / ____/___ _(_)_______   |/  /_  __ \    version 1.8.0
[1996375:internal-dpl-ccdb-backend]:     / /_  / __ `/ / ___/__  /|_/ /_  / / /    build RELWITHDEBINFO
[1996375:internal-dpl-ccdb-backend]:    / __/ / /_/ / / /    _  /  / / / /_/ /     https://github.com/FairRootGroup/FairMQ
[1996375:internal-dpl-ccdb-backend]:   /_/    \__,_/_/_/     /_/  /_/  \___\_\     LGPL-3.0  © 2012-2023 GSI
[1996375:internal-dpl-ccdb-backend]: 
[1996375:internal-dpl-ccdb-backend]: [12:48:13][STATE] Starting FairMQ state machine --> IDLE
[1996375:internal-dpl-ccdb-backend]: [12:48:13][STATE] IDLE ---> INITIALIZING DEVICE
[1996374:tpc-track-reader]: [INFO] Instrumenting crash signals
[1996375:internal-dpl-ccdb-backend]: [12:48:13][INFO] CCDB Backend at: http://alice-ccdb.cern.ch, validity check for every 2147483647 TF
[1996375:internal-dpl-ccdb-backend]: [12:48:13][INFO] Init CcdApi with UserAgentID: localhost.localdomain-1697194093-fTvTR9, Host: http://alice-ccdb.cern.ch
[1996375:internal-dpl-ccdb-backend]: [12:48:13][INFO] Initialised default CCDB host http://alice-ccdb.cern.ch
[1996369:internal-dpl-clock]: [12:48:13][STATE] INITIALIZING TASK ---> READY
[1996369:internal-dpl-clock]: [12:48:13][STATE] READY ---> RUNNING
[1996369:internal-dpl-clock]: [12:48:13][INFO] fair::mq::Device running...
[1996369:internal-dpl-clock]: [12:48:13][INFO] LHCPeriod is not available, using current month OCT
[1996375:internal-dpl-ccdb-backend]: [12:48:13][INFO] The following route is a condition GLO/GEOMALIGN/0
[1996375:internal-dpl-ccdb-backend]: [12:48:13][INFO] - ccdb-path: GLO/Config/GeometryAligned
[1996375:internal-dpl-ccdb-backend]: [12:48:13][INFO] The following route is a condition GLO/GRPECS/0
[1996375:internal-dpl-ccdb-backend]: [12:48:13][INFO] - ccdb-path: GLO/Config/GRPECS
[1996375:internal-dpl-ccdb-backend]: [12:48:13][INFO] The following route is a condition GLO/GRPLHCIF/0
[1996375:internal-dpl-ccdb-backend]: [12:48:13][INFO] - ccdb-path: GLO/Config/GRPLHCIF
[1996375:internal-dpl-ccdb-backend]: [12:48:13][INFO] The following route is a condition GLO/GRPMAGFIELD/0
[1996375:internal-dpl-ccdb-backend]: [12:48:13][INFO] - ccdb-path: GLO/Config/GRPMagField
[1996375:internal-dpl-ccdb-backend]: [12:48:13][INFO] The following route is a condition GLO/MATLUT/0
[1996375:internal-dpl-ccdb-backend]: [12:48:13][INFO] - ccdb-path: GLO/Param/MatLUT
[1996375:internal-dpl-ccdb-backend]: [12:48:13][INFO] The following route is a condition TPC/CalibLaserTracks/0
[1996375:internal-dpl-ccdb-backend]: [12:48:13][INFO] - ccdb-path: TPC/Calib/LaserTracks
[1996375:internal-dpl-ccdb-backend]: [12:48:13][INFO] The following route is a condition TPC/CorrMap/0
[1996375:internal-dpl-ccdb-backend]: [12:48:13][INFO] - ccdb-path: TPC/Calib/CorrectionMapV2
[1996375:internal-dpl-ccdb-backend]: [12:48:13][INFO] The following route is a condition TPC/CorrMapRef/0
[1996375:internal-dpl-ccdb-backend]: [12:48:13][INFO] - ccdb-path: TPC/Calib/CorrectionMapRefV2
[1996375:internal-dpl-ccdb-backend]: [12:48:13][INFO] The following route is a condition TPC/VDriftTgl/0
[1996375:internal-dpl-ccdb-backend]: [12:48:13][INFO] - ccdb-path: TPC/Calib/VDriftTgl
[1996369:internal-dpl-clock]: [12:48:13][INFO] Correctly handshaken websocket connection.
[1996375:internal-dpl-ccdb-backend]: [12:48:13][STATE] INITIALIZING DEVICE ---> INITIALIZED
[1996375:internal-dpl-ccdb-backend]: [12:48:13][STATE] INITIALIZED ---> BINDING
[1996375:internal-dpl-ccdb-backend]: [12:48:13][STATE] BINDING ---> BOUND
[1996375:internal-dpl-ccdb-backend]: [12:48:13][STATE] BOUND ---> CONNECTING
[1996371:itstpctrd-track-reader]: [INFO] Spawing new device itstpctrd-track-reader in process with pid 1996371
[1996375:internal-dpl-ccdb-backend]: [12:48:13][STATE] CONNECTING ---> DEVICE READY
[1996371:itstpctrd-track-reader]: [12:48:13][INFO] 
[1996371:itstpctrd-track-reader]:       ______      _    _______  _________ 
[1996371:itstpctrd-track-reader]:      / ____/___ _(_)_______   |/  /_  __ \    version 1.8.0
[1996371:itstpctrd-track-reader]:     / /_  / __ `/ / ___/__  /|_/ /_  / / /    build RELWITHDEBINFO
[1996371:itstpctrd-track-reader]:    / __/ / /_/ / / /    _  /  / / / /_/ /     https://github.com/FairRootGroup/FairMQ
[1996371:itstpctrd-track-reader]:   /_/    \__,_/_/_/     /_/  /_/  \___\_\     LGPL-3.0  © 2012-2023 GSI
[1996371:itstpctrd-track-reader]: 
[1996371:itstpctrd-track-reader]: [12:48:13][STATE] Starting FairMQ state machine --> IDLE
[1996374:tpc-track-reader]: [INFO] Spawing new device tpc-track-reader in process with pid 1996374
[1996374:tpc-track-reader]: [12:48:13][INFO] 
[1996374:tpc-track-reader]:       ______      _    _______  _________ 
[1996374:tpc-track-reader]:      / ____/___ _(_)_______   |/  /_  __ \    version 1.8.0
[1996374:tpc-track-reader]:     / /_  / __ `/ / ___/__  /|_/ /_  / / /    build RELWITHDEBINFO
[1996374:tpc-track-reader]:    / __/ / /_/ / / /    _  /  / / / /_/ /     https://github.com/FairRootGroup/FairMQ
[1996374:tpc-track-reader]:   /_/    \__,_/_/_/     /_/  /_/  \___\_\     LGPL-3.0  © 2012-2023 GSI
[1996374:tpc-track-reader]: 
[1996375:internal-dpl-ccdb-backend]: [12:48:13][STATE] DEVICE READY ---> INITIALIZING TASK
[1996374:tpc-track-reader]: [12:48:13][STATE] Starting FairMQ state machine --> IDLE
[1996374:tpc-track-reader]: [12:48:13][STATE] IDLE ---> INITIALIZING DEVICE
[1996371:itstpctrd-track-reader]: [12:48:13][STATE] IDLE ---> INITIALIZING DEVICE
[1996375:internal-dpl-ccdb-backend]: [12:48:13][STATE] INITIALIZING TASK ---> READY
[1996375:internal-dpl-ccdb-backend]: [12:48:13][STATE] READY ---> RUNNING
[1996375:internal-dpl-ccdb-backend]: [12:48:13][INFO] fair::mq::Device running...
[1996375:internal-dpl-ccdb-backend]: [12:48:13][INFO] LHCPeriod is not available, using current month OCT
[1996375:internal-dpl-ccdb-backend]: [12:48:13][INFO] Correctly handshaken websocket connection.
[1996372:tpctrd-track-reader]: [INFO] Instrumenting crash signals
[1996372:tpctrd-track-reader]: [INFO] Spawing new device tpctrd-track-reader in process with pid 1996372
[1996372:tpctrd-track-reader]: [12:48:13][INFO] 
[1996372:tpctrd-track-reader]:       ______      _    _______  _________ 
[1996372:tpctrd-track-reader]:      / ____/___ _(_)_______   |/  /_  __ \    version 1.8.0
[1996372:tpctrd-track-reader]:     / /_  / __ `/ / ___/__  /|_/ /_  / / /    build RELWITHDEBINFO
[1996372:tpctrd-track-reader]:    / __/ / /_/ / / /    _  /  / / / /_/ /     https://github.com/FairRootGroup/FairMQ
[1996372:tpctrd-track-reader]:   /_/    \__,_/_/_/     /_/  /_/  \___\_\     LGPL-3.0  © 2012-2023 GSI
[1996372:tpctrd-track-reader]: 
[1996372:tpctrd-track-reader]: [12:48:13][STATE] Starting FairMQ state machine --> IDLE
[1996372:tpctrd-track-reader]: [12:48:13][STATE] IDLE ---> INITIALIZING DEVICE
[1996376:tof-matcher]: [INFO] Instrumenting crash signals
[1996376:tof-matcher]: [INFO] Spawing new device tof-matcher in process with pid 1996376
[1996376:tof-matcher]: [12:48:14][INFO] 
[1996376:tof-matcher]:       ______      _    _______  _________ 
[1996376:tof-matcher]:      / ____/___ _(_)_______   |/  /_  __ \    version 1.8.0
[1996376:tof-matcher]:     / /_  / __ `/ / ___/__  /|_/ /_  / / /    build RELWITHDEBINFO
[1996376:tof-matcher]:    / __/ / /_/ / / /    _  /  / / / /_/ /     https://github.com/FairRootGroup/FairMQ
[1996376:tof-matcher]:   /_/    \__,_/_/_/     /_/  /_/  \___\_\     LGPL-3.0  © 2012-2023 GSI
[1996376:tof-matcher]: 
[1996376:tof-matcher]: [12:48:14][STATE] Starting FairMQ state machine --> IDLE
[1996376:tof-matcher]: [12:48:14][STATE] IDLE ---> INITIALIZING DEVICE
[1996376:tof-matcher]: [12:48:14][INFO] CTP Lumi request for TPC corr.map scaling=OFF, override values: lumiMean=0 lumiInst=0 lumiScaleMode=0
[1996373:tof-cluster-reader]: [INFO] Instrumenting crash signals
[1996376:tof-matcher]: [12:48:14][STATE] INITIALIZING DEVICE ---> INITIALIZED
[1996376:tof-matcher]: [12:48:14][STATE] INITIALIZED ---> BINDING
[1996376:tof-matcher]: [12:48:14][STATE] BINDING ---> BOUND
[1996376:tof-matcher]: [12:48:14][STATE] BOUND ---> CONNECTING
[1996376:tof-matcher]: [12:48:14][STATE] CONNECTING ---> DEVICE READY
[1996376:tof-matcher]: [12:48:14][STATE] DEVICE READY ---> INITIALIZING TASK
[1996379:TOFMatchedWriter_TPC]: [INFO] Instrumenting crash signals
[1996380:TOFMatchedWriter_TPCTRD]: [INFO] Instrumenting crash signals
[1996381:internal-dpl-injected-dummy-sink]: [INFO] Instrumenting crash signals
[1996373:tof-cluster-reader]: [INFO] Spawing new device tof-cluster-reader in process with pid 1996373
[1996379:TOFMatchedWriter_TPC]: [INFO] Spawing new device TOFMatchedWriter_TPC in process with pid 1996379
[1996373:tof-cluster-reader]: [12:48:14][INFO] 
[1996373:tof-cluster-reader]:       ______      _    _______  _________ 
[1996373:tof-cluster-reader]:      / ____/___ _(_)_______   |/  /_  __ \    version 1.8.0
[1996373:tof-cluster-reader]:     / /_  / __ `/ / ___/__  /|_/ /_  / / /    build RELWITHDEBINFO
[1996373:tof-cluster-reader]:    / __/ / /_/ / / /    _  /  / / / /_/ /     https://github.com/FairRootGroup/FairMQ
[1996373:tof-cluster-reader]:   /_/    \__,_/_/_/     /_/  /_/  \___\_\     LGPL-3.0  © 2012-2023 GSI
[1996373:tof-cluster-reader]: 
[1996379:TOFMatchedWriter_TPC]: [12:48:14][INFO] 
[1996379:TOFMatchedWriter_TPC]:       ______      _    _______  _________ 
[1996379:TOFMatchedWriter_TPC]:      / ____/___ _(_)_______   |/  /_  __ \    version 1.8.0
[1996379:TOFMatchedWriter_TPC]:     / /_  / __ `/ / ___/__  /|_/ /_  / / /    build RELWITHDEBINFO
[1996379:TOFMatchedWriter_TPC]:    / __/ / /_/ / / /    _  /  / / / /_/ /     https://github.com/FairRootGroup/FairMQ
[1996379:TOFMatchedWriter_TPC]:   /_/    \__,_/_/_/     /_/  /_/  \___\_\     LGPL-3.0  © 2012-2023 GSI
[1996379:TOFMatchedWriter_TPC]: 
[1996373:tof-cluster-reader]: [12:48:14][STATE] Starting FairMQ state machine --> IDLE
[1996379:TOFMatchedWriter_TPC]: [12:48:14][STATE] Starting FairMQ state machine --> IDLE
[1996380:TOFMatchedWriter_TPCTRD]: [INFO] Spawing new device TOFMatchedWriter_TPCTRD in process with pid 1996380
[1996379:TOFMatchedWriter_TPC]: [12:48:14][STATE] IDLE ---> INITIALIZING DEVICE
[1996381:internal-dpl-injected-dummy-sink]: [INFO] Spawing new device internal-dpl-injected-dummy-sink in process with pid 1996381
[1996381:internal-dpl-injected-dummy-sink]: [12:48:14][INFO] 
[1996381:internal-dpl-injected-dummy-sink]:       ______      _    _______  _________ 
[1996381:internal-dpl-injected-dummy-sink]:      / ____/___ _(_)_______   |/  /_  __ \    version 1.8.0
[1996381:internal-dpl-injected-dummy-sink]:     / /_  / __ `/ / ___/__  /|_/ /_  / / /    build RELWITHDEBINFO
[1996381:internal-dpl-injected-dummy-sink]:    / __/ / /_/ / / /    _  /  / / / /_/ /     https://github.com/FairRootGroup/FairMQ
[1996381:internal-dpl-injected-dummy-sink]:   /_/    \__,_/_/_/     /_/  /_/  \___\_\     LGPL-3.0  © 2012-2023 GSI
[1996381:internal-dpl-injected-dummy-sink]: 
[1996381:internal-dpl-injected-dummy-sink]: [12:48:14][STATE] Starting FairMQ state machine --> IDLE
[1996373:tof-cluster-reader]: [12:48:14][STATE] IDLE ---> INITIALIZING DEVICE
[1996380:TOFMatchedWriter_TPCTRD]: [12:48:14][INFO] 
[1996380:TOFMatchedWriter_TPCTRD]:       ______      _    _______  _________ 
[1996380:TOFMatchedWriter_TPCTRD]:      / ____/___ _(_)_______   |/  /_  __ \    version 1.8.0
[1996380:TOFMatchedWriter_TPCTRD]:     / /_  / __ `/ / ___/__  /|_/ /_  / / /    build RELWITHDEBINFO
[1996380:TOFMatchedWriter_TPCTRD]:    / __/ / /_/ / / /    _  /  / / / /_/ /     https://github.com/FairRootGroup/FairMQ
[1996380:TOFMatchedWriter_TPCTRD]:   /_/    \__,_/_/_/     /_/  /_/  \___\_\     LGPL-3.0  © 2012-2023 GSI
[1996380:TOFMatchedWriter_TPCTRD]: 
[1996380:TOFMatchedWriter_TPCTRD]: [12:48:14][STATE] Starting FairMQ state machine --> IDLE
[1996380:TOFMatchedWriter_TPCTRD]: [12:48:14][STATE] IDLE ---> INITIALIZING DEVICE
[1996381:internal-dpl-injected-dummy-sink]: [12:48:14][STATE] IDLE ---> INITIALIZING DEVICE
[1996381:internal-dpl-injected-dummy-sink]: [12:48:14][STATE] INITIALIZING DEVICE ---> INITIALIZED
[1996381:internal-dpl-injected-dummy-sink]: [12:48:14][STATE] INITIALIZED ---> BINDING
[1996381:internal-dpl-injected-dummy-sink]: [12:48:14][STATE] BINDING ---> BOUND
[1996381:internal-dpl-injected-dummy-sink]: [12:48:14][STATE] BOUND ---> CONNECTING
[1996381:internal-dpl-injected-dummy-sink]: [12:48:14][STATE] CONNECTING ---> DEVICE READY
[1996381:internal-dpl-injected-dummy-sink]: [12:48:14][STATE] DEVICE READY ---> INITIALIZING TASK
[1996377:TOFMatchedWriter_ITSTPC]: [INFO] Instrumenting crash signals
[1996370:itstpc-track-reader]: [INFO] Instrumenting crash signals
[1996377:TOFMatchedWriter_ITSTPC]: [INFO] Spawing new device TOFMatchedWriter_ITSTPC in process with pid 1996377
[1996377:TOFMatchedWriter_ITSTPC]: [12:48:14][INFO] 
[1996377:TOFMatchedWriter_ITSTPC]:       ______      _    _______  _________ 
[1996377:TOFMatchedWriter_ITSTPC]:      / ____/___ _(_)_______   |/  /_  __ \    version 1.8.0
[1996377:TOFMatchedWriter_ITSTPC]:     / /_  / __ `/ / ___/__  /|_/ /_  / / /    build RELWITHDEBINFO
[1996377:TOFMatchedWriter_ITSTPC]:    / __/ / /_/ / / /    _  /  / / / /_/ /     https://github.com/FairRootGroup/FairMQ
[1996377:TOFMatchedWriter_ITSTPC]:   /_/    \__,_/_/_/     /_/  /_/  \___\_\     LGPL-3.0  © 2012-2023 GSI
[1996377:TOFMatchedWriter_ITSTPC]: 
[1996377:TOFMatchedWriter_ITSTPC]: [12:48:14][STATE] Starting FairMQ state machine --> IDLE
[1996380:TOFMatchedWriter_TPCTRD]: [12:48:14][INFO] 0: branch  TOFMatchInfo set up
[1996380:TOFMatchedWriter_TPCTRD]: [12:48:14][INFO] 2: branch  MatchTOFMCTruth set up
[1996380:TOFMatchedWriter_TPCTRD]: [12:48:14][STATE] INITIALIZING DEVICE ---> INITIALIZED
[1996379:TOFMatchedWriter_TPC]: [12:48:14][INFO] 0: branch  TOFMatchInfo set up
[1996380:TOFMatchedWriter_TPCTRD]: [12:48:14][STATE] INITIALIZED ---> BINDING
[1996380:TOFMatchedWriter_TPCTRD]: [12:48:14][STATE] BINDING ---> BOUND
[1996380:TOFMatchedWriter_TPCTRD]: [12:48:14][STATE] BOUND ---> CONNECTING
[1996379:TOFMatchedWriter_TPC]: [12:48:14][INFO] 1: branch  TPCTOFTracks set up
[1996379:TOFMatchedWriter_TPC]: [12:48:14][INFO] 2: branch  MatchTOFMCTruth set up
[1996380:TOFMatchedWriter_TPCTRD]: [12:48:14][STATE] CONNECTING ---> DEVICE READY
[1996379:TOFMatchedWriter_TPC]: [12:48:14][STATE] INITIALIZING DEVICE ---> INITIALIZED
[1996380:TOFMatchedWriter_TPCTRD]: [12:48:14][STATE] DEVICE READY ---> INITIALIZING TASK
[1996379:TOFMatchedWriter_TPC]: [12:48:14][STATE] INITIALIZED ---> BINDING
[1996379:TOFMatchedWriter_TPC]: [12:48:14][STATE] BINDING ---> BOUND
[1996380:TOFMatchedWriter_TPCTRD]: [12:48:14][STATE] INITIALIZING TASK ---> READY
[1996379:TOFMatchedWriter_TPC]: [12:48:14][STATE] BOUND ---> CONNECTING
[1996380:TOFMatchedWriter_TPCTRD]: [12:48:14][STATE] READY ---> RUNNING
[1996380:TOFMatchedWriter_TPCTRD]: [12:48:14][INFO] fair::mq::Device running...
[1996380:TOFMatchedWriter_TPCTRD]: [12:48:14][INFO] LHCPeriod is not available, using current month OCT
[1996380:TOFMatchedWriter_TPCTRD]: [12:48:14][INFO] Correctly handshaken websocket connection.
[1996379:TOFMatchedWriter_TPC]: [12:48:14][STATE] CONNECTING ---> DEVICE READY
[1996379:TOFMatchedWriter_TPC]: [12:48:14][STATE] DEVICE READY ---> INITIALIZING TASK
[1996381:internal-dpl-injected-dummy-sink]: [12:48:14][STATE] INITIALIZING TASK ---> READY
[1996377:TOFMatchedWriter_ITSTPC]: [12:48:14][STATE] IDLE ---> INITIALIZING DEVICE
[1996381:internal-dpl-injected-dummy-sink]: [12:48:14][STATE] READY ---> RUNNING
[1996381:internal-dpl-injected-dummy-sink]: [12:48:14][INFO] fair::mq::Device running...
[1996381:internal-dpl-injected-dummy-sink]: [12:48:14][INFO] LHCPeriod is not available, using current month OCT
[1996381:internal-dpl-injected-dummy-sink]: [12:48:14][INFO] Correctly handshaken websocket connection.
[1996370:itstpc-track-reader]: [INFO] Spawing new device itstpc-track-reader in process with pid 1996370
[1996370:itstpc-track-reader]: [12:48:14][INFO] 
[1996370:itstpc-track-reader]:       ______      _    _______  _________ 
[1996370:itstpc-track-reader]:      / ____/___ _(_)_______   |/  /_  __ \    version 1.8.0
[1996370:itstpc-track-reader]:     / /_  / __ `/ / ___/__  /|_/ /_  / / /    build RELWITHDEBINFO
[1996370:itstpc-track-reader]:    / __/ / /_/ / / /    _  /  / / / /_/ /     https://github.com/FairRootGroup/FairMQ
[1996370:itstpc-track-reader]:   /_/    \__,_/_/_/     /_/  /_/  \___\_\     LGPL-3.0  © 2012-2023 GSI
[1996370:itstpc-track-reader]: 
[1996370:itstpc-track-reader]: [12:48:14][STATE] Starting FairMQ state machine --> IDLE
[1996379:TOFMatchedWriter_TPC]: [12:48:14][STATE] INITIALIZING TASK ---> READY
[1996379:TOFMatchedWriter_TPC]: [12:48:14][STATE] READY ---> RUNNING
[1996379:TOFMatchedWriter_TPC]: [12:48:14][INFO] fair::mq::Device running...
[1996370:itstpc-track-reader]: [12:48:14][STATE] IDLE ---> INITIALIZING DEVICE
[1996379:TOFMatchedWriter_TPC]: [12:48:14][INFO] LHCPeriod is not available, using current month OCT
[1996376:tof-matcher]: [12:48:14][STATE] INITIALIZING TASK ---> READY
[1996376:tof-matcher]: [12:48:14][STATE] READY ---> RUNNING
[1996376:tof-matcher]: [12:48:14][INFO] fair::mq::Device running...
[1996376:tof-matcher]: [12:48:14][INFO] LHCPeriod is not available, using current month OCT
[1996376:tof-matcher]: [12:48:14][INFO] Correctly handshaken websocket connection.
[1996379:TOFMatchedWriter_TPC]: [12:48:14][INFO] Correctly handshaken websocket connection.
[1996377:TOFMatchedWriter_ITSTPC]: [12:48:14][INFO] 0: branch  TOFMatchInfo set up
[1996377:TOFMatchedWriter_ITSTPC]: [12:48:14][INFO] 2: branch  MatchTOFMCTruth set up
[1996377:TOFMatchedWriter_ITSTPC]: [12:48:14][STATE] INITIALIZING DEVICE ---> INITIALIZED
[1996377:TOFMatchedWriter_ITSTPC]: [12:48:14][STATE] INITIALIZED ---> BINDING
[1996377:TOFMatchedWriter_ITSTPC]: [12:48:14][STATE] BINDING ---> BOUND
[1996377:TOFMatchedWriter_ITSTPC]: [12:48:14][STATE] BOUND ---> CONNECTING
[1996377:TOFMatchedWriter_ITSTPC]: [12:48:14][STATE] CONNECTING ---> DEVICE READY
[1996377:TOFMatchedWriter_ITSTPC]: [12:48:14][STATE] DEVICE READY ---> INITIALIZING TASK
[1996377:TOFMatchedWriter_ITSTPC]: [12:48:14][STATE] INITIALIZING TASK ---> READY
[1996377:TOFMatchedWriter_ITSTPC]: [12:48:14][STATE] READY ---> RUNNING
[1996377:TOFMatchedWriter_ITSTPC]: [12:48:14][INFO] fair::mq::Device running...
[1996377:TOFMatchedWriter_ITSTPC]: [12:48:14][INFO] LHCPeriod is not available, using current month OCT
[1996377:TOFMatchedWriter_ITSTPC]: [12:48:14][INFO] Correctly handshaken websocket connection.
[1996378:TOFMatchedWriter_ITSTPCTRD]: [INFO] Instrumenting crash signals
[1996378:TOFMatchedWriter_ITSTPCTRD]: [INFO] Spawing new device TOFMatchedWriter_ITSTPCTRD in process with pid 1996378
[1996378:TOFMatchedWriter_ITSTPCTRD]: [12:48:14][INFO] 
[1996378:TOFMatchedWriter_ITSTPCTRD]:       ______      _    _______  _________ 
[1996378:TOFMatchedWriter_ITSTPCTRD]:      / ____/___ _(_)_______   |/  /_  __ \    version 1.8.0
[1996378:TOFMatchedWriter_ITSTPCTRD]:     / /_  / __ `/ / ___/__  /|_/ /_  / / /    build RELWITHDEBINFO
[1996378:TOFMatchedWriter_ITSTPCTRD]:    / __/ / /_/ / / /    _  /  / / / /_/ /     https://github.com/FairRootGroup/FairMQ
[1996378:TOFMatchedWriter_ITSTPCTRD]:   /_/    \__,_/_/_/     /_/  /_/  \___\_\     LGPL-3.0  © 2012-2023 GSI
[1996378:TOFMatchedWriter_ITSTPCTRD]: 
[1996378:TOFMatchedWriter_ITSTPCTRD]: [12:48:14][STATE] Starting FairMQ state machine --> IDLE
[1996378:TOFMatchedWriter_ITSTPCTRD]: [12:48:14][STATE] IDLE ---> INITIALIZING DEVICE
[1996378:TOFMatchedWriter_ITSTPCTRD]: [12:48:14][INFO] 0: branch  TOFMatchInfo set up
[1996378:TOFMatchedWriter_ITSTPCTRD]: [12:48:14][INFO] 2: branch  MatchTOFMCTruth set up
[1996378:TOFMatchedWriter_ITSTPCTRD]: [12:48:14][STATE] INITIALIZING DEVICE ---> INITIALIZED
[1996378:TOFMatchedWriter_ITSTPCTRD]: [12:48:14][STATE] INITIALIZED ---> BINDING
[1996378:TOFMatchedWriter_ITSTPCTRD]: [12:48:14][STATE] BINDING ---> BOUND
[1996378:TOFMatchedWriter_ITSTPCTRD]: [12:48:14][STATE] BOUND ---> CONNECTING
[1996378:TOFMatchedWriter_ITSTPCTRD]: [12:48:14][STATE] CONNECTING ---> DEVICE READY
[1996378:TOFMatchedWriter_ITSTPCTRD]: [12:48:14][STATE] DEVICE READY ---> INITIALIZING TASK
[1996378:TOFMatchedWriter_ITSTPCTRD]: [12:48:14][STATE] INITIALIZING TASK ---> READY
[1996378:TOFMatchedWriter_ITSTPCTRD]: [12:48:14][STATE] READY ---> RUNNING
[1996378:TOFMatchedWriter_ITSTPCTRD]: [12:48:14][INFO] fair::mq::Device running...
[1996378:TOFMatchedWriter_ITSTPCTRD]: [12:48:14][INFO] LHCPeriod is not available, using current month OCT
[1996378:TOFMatchedWriter_ITSTPCTRD]: [12:48:14][INFO] Correctly handshaken websocket connection.
[1996374:tpc-track-reader]: [12:48:14][INFO] Will use MC-truth from TPCTracksMCTruth
[1996374:tpc-track-reader]: [12:48:14][INFO] Loaded tree from tpctracks.root with 1 entries
[1996374:tpc-track-reader]: [12:48:14][STATE] INITIALIZING DEVICE ---> INITIALIZED
[1996374:tpc-track-reader]: [12:48:14][STATE] INITIALIZED ---> BINDING
[1996374:tpc-track-reader]: [12:48:14][STATE] BINDING ---> BOUND
[1996374:tpc-track-reader]: [12:48:14][STATE] BOUND ---> CONNECTING
[1996374:tpc-track-reader]: [12:48:14][STATE] CONNECTING ---> DEVICE READY
[1996374:tpc-track-reader]: [12:48:14][STATE] DEVICE READY ---> INITIALIZING TASK
[1996372:tpctrd-track-reader]: [12:48:14][INFO] Loaded tree from trdmatches_tpc.root with 1 entries
[1996374:tpc-track-reader]: [12:48:14][STATE] INITIALIZING TASK ---> READY
[1996374:tpc-track-reader]: [12:48:14][STATE] READY ---> RUNNING
[1996374:tpc-track-reader]: [12:48:14][INFO] fair::mq::Device running...
[1996374:tpc-track-reader]: [12:48:14][INFO] LHCPeriod is not available, using current month OCT
[1996372:tpctrd-track-reader]: [12:48:14][STATE] INITIALIZING DEVICE ---> INITIALIZED
[1996372:tpctrd-track-reader]: [12:48:14][STATE] INITIALIZED ---> BINDING
[1996372:tpctrd-track-reader]: [12:48:14][STATE] BINDING ---> BOUND
[1996372:tpctrd-track-reader]: [12:48:14][STATE] BOUND ---> CONNECTING
[1996372:tpctrd-track-reader]: [12:48:14][STATE] CONNECTING ---> DEVICE READY
[1996372:tpctrd-track-reader]: [12:48:14][STATE] DEVICE READY ---> INITIALIZING TASK
[1996371:itstpctrd-track-reader]: [12:48:14][INFO] Loaded tree from trdmatches_itstpc.root with 1 entries
[1996371:itstpctrd-track-reader]: [12:48:14][STATE] INITIALIZING DEVICE ---> INITIALIZED
[1996371:itstpctrd-track-reader]: [12:48:14][STATE] INITIALIZED ---> BINDING
[1996371:itstpctrd-track-reader]: [12:48:14][STATE] BINDING ---> BOUND
[1996371:itstpctrd-track-reader]: [12:48:14][STATE] BOUND ---> CONNECTING
[1996371:itstpctrd-track-reader]: [12:48:14][STATE] CONNECTING ---> DEVICE READY
[1996371:itstpctrd-track-reader]: [12:48:14][STATE] DEVICE READY ---> INITIALIZING TASK
[1996371:itstpctrd-track-reader]: [12:48:14][STATE] INITIALIZING TASK ---> READY
[1996371:itstpctrd-track-reader]: [12:48:14][STATE] READY ---> RUNNING
[1996371:itstpctrd-track-reader]: [12:48:14][INFO] fair::mq::Device running...
[1996371:itstpctrd-track-reader]: [12:48:14][INFO] LHCPeriod is not available, using current month OCT
[1996372:tpctrd-track-reader]: [12:48:14][STATE] INITIALIZING TASK ---> READY
[1996371:itstpctrd-track-reader]: [12:48:14][INFO] Pushing 2043 tracks and 23 trigger records at entry 0
[1996371:itstpctrd-track-reader]: [12:48:14][INFO] Pushing 2043 MC labels at entry 0
[1996372:tpctrd-track-reader]: [12:48:14][STATE] READY ---> RUNNING
[1996372:tpctrd-track-reader]: [12:48:14][INFO] fair::mq::Device running...
[1996372:tpctrd-track-reader]: [12:48:14][INFO] LHCPeriod is not available, using current month OCT
[1996371:itstpctrd-track-reader]: [12:48:14][INFO] Sending end-of-stream message to channel from_itstpctrd-track-reader_to_tof-matcher
[1996371:itstpctrd-track-reader]: [12:48:14][INFO] Correctly handshaken websocket connection.
[1996372:tpctrd-track-reader]: [12:48:14][INFO] Pushing 5565 tracks and 29 trigger records at entry 0
[1996372:tpctrd-track-reader]: [12:48:14][INFO] Pushing 5565 MC labels at entry 0
[1996372:tpctrd-track-reader]: [12:48:14][INFO] Sending end-of-stream message to channel from_tpctrd-track-reader_to_tof-matcher
[1996372:tpctrd-track-reader]: [12:48:14][INFO] Correctly handshaken websocket connection.
[1996374:tpc-track-reader]: [12:48:15][INFO] TPCTrackReader pushes 30591 tracks from entries 0 : 0
[1996374:tpc-track-reader]: [12:48:15][INFO] Sending end-of-stream message to channel from_tpc-track-reader_to_tof-matcher
[1996374:tpc-track-reader]: [12:48:15][INFO] Correctly handshaken websocket connection.
[1996370:itstpc-track-reader]: [12:48:15][INFO] Loaded tree from o2match_itstpc.root with 1 entries
[1996370:itstpc-track-reader]: [12:48:15][STATE] INITIALIZING DEVICE ---> INITIALIZED
[1996370:itstpc-track-reader]: [12:48:15][STATE] INITIALIZED ---> BINDING
[1996370:itstpc-track-reader]: [12:48:15][STATE] BINDING ---> BOUND
[1996370:itstpc-track-reader]: [12:48:15][STATE] BOUND ---> CONNECTING
[1996370:itstpc-track-reader]: [12:48:15][STATE] CONNECTING ---> DEVICE READY
[1996370:itstpc-track-reader]: [12:48:15][STATE] DEVICE READY ---> INITIALIZING TASK
[1996370:itstpc-track-reader]: [12:48:15][STATE] INITIALIZING TASK ---> READY
[1996370:itstpc-track-reader]: [12:48:15][STATE] READY ---> RUNNING
[1996370:itstpc-track-reader]: [12:48:15][INFO] fair::mq::Device running...
[1996370:itstpc-track-reader]: [12:48:15][INFO] LHCPeriod is not available, using current month OCT
[1996370:itstpc-track-reader]: [12:48:15][INFO] Pushing 8701 TPC-ITS matches at entry 0
[1996373:tof-cluster-reader]: [12:48:15][STATE] INITIALIZING DEVICE ---> INITIALIZED
[1996373:tof-cluster-reader]: [12:48:15][STATE] INITIALIZED ---> BINDING
[1996373:tof-cluster-reader]: [12:48:15][STATE] BINDING ---> BOUND
[1996373:tof-cluster-reader]: [12:48:15][STATE] BOUND ---> CONNECTING
[1996373:tof-cluster-reader]: [12:48:15][STATE] CONNECTING ---> DEVICE READY
[1996373:tof-cluster-reader]: [12:48:15][STATE] DEVICE READY ---> INITIALIZING TASK
[1996373:tof-cluster-reader]: [12:48:15][STATE] INITIALIZING TASK ---> READY
[1996373:tof-cluster-reader]: [12:48:15][STATE] READY ---> RUNNING
[1996373:tof-cluster-reader]: [12:48:15][INFO] fair::mq::Device running...
[1996373:tof-cluster-reader]: [12:48:15][INFO] LHCPeriod is not available, using current month OCT
[1996370:itstpc-track-reader]: [12:48:15][INFO] Sending end-of-stream message to channel from_itstpc-track-reader_to_internal-dpl-ccdb-backend
[1996370:itstpc-track-reader]: [12:48:15][INFO] Sending end-of-stream message to channel from_itstpc-track-reader_to_tof-matcher
[1996370:itstpc-track-reader]: [12:48:15][INFO] Correctly handshaken websocket connection.
[1996373:tof-cluster-reader]: [12:48:15][INFO] Sending end-of-stream message to channel from_tof-cluster-reader_to_tof-matcher
[1996373:tof-cluster-reader]: [12:48:15][INFO] Sending end-of-stream message to channel from_tof-cluster-reader_to_internal-dpl-injected-dummy-sink
[1996373:tof-cluster-reader]: [12:48:15][INFO] Correctly handshaken websocket connection.
[1996375:internal-dpl-ccdb-backend]: Info in <TJAlienConnectionManager>: Opening connection to JCentral. Please wait
[1996375:internal-dpl-ccdb-backend]: Info in <TJAlienConnectionManager>: Opening connection to 137.138.47.216
[1996375:internal-dpl-ccdb-backend]: Info in <TJAlienConnectionManager>: Successfully connected to 137.138.47.216
[1996375:internal-dpl-ccdb-backend]: Info in <TJAlienFile::Open>: Accessing file /alice/data/CCDB/CTP/Calib/OrbitReset/06/62200/b9f985c3-b4b0-11ec-8fd3-90ce809b24ee in SE <ALICE::CERN::EOS>
[1996375:internal-dpl-ccdb-backend]: [12:48:16][INFO] ccdb reads http://alice-ccdb.cern.ch/CTP/Calib/OrbitReset/1546300800000/b9f985c3-b4b0-11ec-8fd3-90ce809b24ee for 1546300800000 (load to memory, agent_id: localhost.localdomain-1697194093-fTvTR9), 
[1996375:internal-dpl-ccdb-backend]: Info in <TJAlienFile::Open>: Accessing file /alice/data/CCDB/GLO/Config/GeometryAligned/06/21224/787687c0-287a-11ed-8141-200114580202 in SE <ALICE::CERN::OCDB>
[1996375:internal-dpl-ccdb-backend]: [12:48:16][INFO] ccdb reads http://alice-ccdb.cern.ch/GLO/Config/GeometryAligned/1546300800000/787687c0-287a-11ed-8141-200114580202 for 1546300800000 (load to memory, agent_id: localhost.localdomain-1697194093-fTvTR9), 
[1996375:internal-dpl-ccdb-backend]: Info in <TJAlienFile::Open>: Accessing file /alice/data/CCDB/GLO/Config/GRPECS/03/07584/646e9be2-0210-11ed-8000-200114580202 in SE <ALICE::CERN::OCDB>
[1996375:internal-dpl-ccdb-backend]: [12:48:16][INFO] ccdb reads http://alice-ccdb.cern.ch/GLO/Config/GRPECS/1546300800000/646e9be2-0210-11ed-8000-200114580202 for 1546300800000 (load to memory, agent_id: localhost.localdomain-1697194093-fTvTR9), 
[1996375:internal-dpl-ccdb-backend]: Info in <TJAlienFile::Open>: Accessing file /alice/data/CCDB/GLO/Config/GRPLHCIF/04/60609/b3296373-efea-11ec-b9c0-2a010e0a0b16 in SE <ALICE::CERN::OCDB>
[1996375:internal-dpl-ccdb-backend]: [12:48:16][INFO] ccdb reads http://alice-ccdb.cern.ch/GLO/Config/GRPLHCIF/1546300800000/b3296373-efea-11ec-b9c0-2a010e0a0b16 for 1546300800000 (load to memory, agent_id: localhost.localdomain-1697194093-fTvTR9), 
[1996375:internal-dpl-ccdb-backend]: Info in <TJAlienFile::Open>: Accessing file /alice/data/CCDB/GLO/Config/GRPMagField/06/62924/01d633ab-efdf-11ec-841e-2a010e0a0b16 in SE <ALICE::CERN::OCDB>
[1996375:internal-dpl-ccdb-backend]: [12:48:16][INFO] ccdb reads http://alice-ccdb.cern.ch/GLO/Config/GRPMagField/1546300800000/01d633ab-efdf-11ec-841e-2a010e0a0b16 for 1546300800000 (load to memory, agent_id: localhost.localdomain-1697194093-fTvTR9), 
[1996375:internal-dpl-ccdb-backend]: Info in <TJAlienFile::Open>: Accessing file /alice/data/CCDB/GLO/Param/MatLUT/05/24630/d5a2a33e-dba4-11ec-9e90-2a010e0a0b16 in SE <ALICE::CERN::OCDB>
[1996375:internal-dpl-ccdb-backend]: [12:48:16][INFO] ccdb reads http://alice-ccdb.cern.ch/GLO/Param/MatLUT/1546300800000/d5a2a33e-dba4-11ec-9e90-2a010e0a0b16 for 1546300800000 (load to memory, agent_id: localhost.localdomain-1697194093-fTvTR9), 
[1996375:internal-dpl-ccdb-backend]: Info in <TJAlienFile::Open>: Accessing file /alice/data/CCDB/TPC/Calib/LaserTracks/14/60057/dd26d771-0929-11ed-8000-2a010e0a0b16 in SE <ALICE::CERN::OCDB>
[1996375:internal-dpl-ccdb-backend]: [12:48:16][INFO] ccdb reads http://alice-ccdb.cern.ch/TPC/Calib/LaserTracks/1546300800000/dd26d771-0929-11ed-8000-2a010e0a0b16 for 1546300800000 (load to memory, agent_id: localhost.localdomain-1697194093-fTvTR9), 
[1996375:internal-dpl-ccdb-backend]: Info in <TJAlienFile::Open>: Accessing file /alice/data/CCDB/TPC/Calib/CorrectionMapV2/04/24306/188b3306-3a84-11ee-a1e3-200114580202 in SE <ALICE::CERN::OCDB>
[1996375:internal-dpl-ccdb-backend]: [12:48:16][INFO] ccdb reads http://alice-ccdb.cern.ch/TPC/Calib/CorrectionMapV2/1/188b3306-3a84-11ee-a1e3-200114580202 for 1546300800000 (load to memory, agent_id: localhost.localdomain-1697194093-fTvTR9), 
[1996375:internal-dpl-ccdb-backend]: Info in <TJAlienFile::Open>: Accessing file /alice/data/CCDB/TPC/Calib/CorrectionMapRefV2/10/16377/1f4bfb7e-3a84-11ee-a1e3-200114580202 in SE <ALICE::CERN::OCDB>
[1996375:internal-dpl-ccdb-backend]: [12:48:16][INFO] ccdb reads http://alice-ccdb.cern.ch/TPC/Calib/CorrectionMapRefV2/1/1f4bfb7e-3a84-11ee-a1e3-200114580202 for 1546300800000 (load to memory, agent_id: localhost.localdomain-1697194093-fTvTR9), 
[1996375:internal-dpl-ccdb-backend]: Info in <TJAlienFile::Open>: Accessing file /alice/data/CCDB/TPC/Calib/VDriftTgl/04/00148/01683855-2e90-11ed-ac0b-200114580202 in SE <ALICE::CERN::OCDB>
[1996375:internal-dpl-ccdb-backend]: [12:48:17][INFO] ccdb reads http://alice-ccdb.cern.ch/TPC/Calib/VDriftTgl/1546300800000/01683855-2e90-11ed-ac0b-200114580202 for 1546300800000 (load to memory, agent_id: localhost.localdomain-1697194093-fTvTR9), 
[1996375:internal-dpl-ccdb-backend]: [12:48:17][INFO] Sending end-of-stream message to channel from_internal-dpl-ccdb-backend_to_tof-matcher
[1996375:internal-dpl-ccdb-backend]: [12:48:17][INFO] Sending end-of-stream message to channel from_internal-dpl-ccdb-backend_to_internal-dpl-injected-dummy-sink
[1996376:tof-matcher]: [12:48:17][INFO] GRP MagField object updated
[1996376:tof-matcher]: [12:48:17][INFO] MagneticField::Print: MagneticFieldMap:
[1996376:tof-matcher]: [12:48:17][INFO] MagneticField::Print: Solenoid (-1*)5 kG, Dipole ON (-1) 
[1996376:tof-matcher]: [12:48:17][INFO] MagneticField::Print: Machine B fields for p-p  beam (7000 GeV): QGrad: 22.0002 Dipole: 37.8781
[1996376:tof-matcher]: [12:48:17][INFO] MagneticField::Print: Uses Sol30_Dip6_Hole  of /root/alice/sw/slc9_x86-64/O2/segment-local1/share/Common/maps/mfchebKGI_sym.root
[1996376:tof-matcher]: Info in <TGeoGlobalMagField::SetField>: Global magnetic field set to <MagneticFieldMap>
[1996376:tof-matcher]: Info in <TGeoGlobalMagField::Lock>: Global magnetic field <MagneticFieldMap> is now locked
[1996376:tof-matcher]: [12:48:17][INFO] Caching in 139704360498720 ptr to GLO/GRPMAGFIELD/0 (0x6289ce0)
[1996376:tof-matcher]: [12:48:17][INFO] GRP LHCIF object updated
[1996376:tof-matcher]: [12:48:17][INFO] Caching in 139704360496448 ptr to GLO/GRPLHCIF/0 (0x7032ee0)
[1996376:tof-matcher]: [12:48:17][INFO] GRP ECS object updated
[1996376:tof-matcher]: [12:48:17][INFO] Caching in 139704360494176 ptr to GLO/GRPECS/0 (0x4bf5ac0)
[1996376:tof-matcher]: [12:48:17][INFO] material LUT updated
[1996376:tof-matcher]: [12:48:17][INFO] Loaded 440 params from $(O2_ROOT)/share/Common/maps/sol5k.txt
[1996376:tof-matcher]: [12:48:17][INFO] Caching in 139704364621600 ptr to GLO/MATLUT/0 (0x6bbcfa0)
[1996376:tof-matcher]: Info in <TGeoManager::CloseGeometry>: Geometry loaded from file...
[1996376:tof-matcher]: Info in <TGeoManager::SetTopVolume>: Top volume is cave. Master volume is cave
[1996376:tof-matcher]: Info in <TGeoNavigator::BuildCache>: --- Maximum geometry depth set to 100
[1996376:tof-matcher]: Info in <TGeoManager::Voxelize>: Voxelizing...
[1996376:tof-matcher]: Info in <TGeoManager::CountLevels>: max level = 13, max placements = 735
[1996376:tof-matcher]: Info in <TGeoManager::CloseGeometry>: 5346742 nodes/ 27442 volume UID's in FAIR geometry
[1996376:tof-matcher]: Info in <TGeoManager::CloseGeometry>: ----------------modeler ready----------------
[1996376:tof-matcher]: [12:48:18][INFO] aligned geometry updated
[1996376:tof-matcher]: [12:48:18][INFO] Caching in 139704362774272 ptr to GLO/GEOMALIGN/0 (0x76985a0)
[1996376:tof-matcher]: [12:48:18][INFO] accountLaserCalibration 1 t 10 vs 0
[1996376:tof-matcher]: [12:48:18][INFO] Caching in 139704360500160 ptr to TPC/CalibLaserTracks/0 (0x52aabe0)
[1996376:tof-matcher]: [12:48:18][INFO] accountDriftCorrectionITSTPCTgl 1 t 0 vs 0
[1996376:tof-matcher]: [12:48:18][INFO] Caching in 139704360521312 ptr to TPC/VDriftTgl/0 (0x74e1a50)
[1996376:tof-matcher]: [12:48:18][INFO] Will prefer TPC Drift from Laser with time 10 to TPCITSTgl with time 0
[1996376:tof-matcher]: [12:48:18][INFO] InstLumiOverride=0, UseCTPLumi=false -> instLumi=0, meanLumi=1 -> LumiScale=0, lumiScaleMode=0
[1996376:tof-matcher]: [12:48:18][INFO] Caching in 139704360502432 ptr to TPC/CorrMap/0 (0x7413470)
[1996376:tof-matcher]: [12:48:18][INFO] Caching in 139704360511872 ptr to TPC/CorrMapRef/0 (0x74156b0)
[1996376:tof-matcher]: [12:48:18][INFO] Updating TPC fast transform map with new VDrift factor of 1 wrt reference 2.58 and DriftTimeOffset correction 0 wrt 0 from source Laser
[1996376:tof-matcher]: [12:48:18][INFO] Timing prepareTOFCluster: Cpu: 0.000e+00 s Real: 2.196e-03 s in 0 slots
[1996376:tof-matcher]: [12:48:18][INFO] RecoContainer::createTracks took 0.40029 CPU s.
[1996376:tof-matcher]: [12:48:18][INFO] Timing prepare TPC tracks: Cpu: 4.400e-01 s Real: 4.014e-01 s in 0 slots
[1996376:tof-matcher]: [12:48:18][INFO] Timing prepare FIT data: Cpu: 0.000e+00 s Real: 4.053e-06 s in 0 slots
[1996376:tof-matcher]: [12:48:18][INFO] tof::Geo: Initialization of TOF rotation parameters
[1996376:tof-matcher]: [12:48:20][INFO] Number of pairs matched per sector: 17 : 301 ; 16 : 37 ; 15 : 10 ; 14 : 0 ; 13 : 0 ; 12 : 1 ; 11 : 5 ; 10 : 1 ; 9 : 2 ; 8 : 1 ; 7 : 9 ; 6 : 6 ; 5 : 46 ; 4 : 170 ; 3 : 10129 ; 2 : 39180 ; 1 : 41320 ; 0 : 31889 ; 
[1996376:tof-matcher]: [12:48:20][INFO] Timing Do Matching:             Cpu: 1.930e+00 s Real: 1.766e+00 s in 0 slots
[1996376:tof-matcher]: [12:48:20][INFO] Timing Do Matching Constrained: Cpu: 4.900e-01 s Real: 4.519e-01 s in 17 slots
[1996376:tof-matcher]: [12:48:20][INFO] Timing Do Matching TPC        : Cpu: 1.410e+00 s Real: 1.292e+00 s in 17 slots
[1996376:tof-matcher]: [12:48:20][INFO] Sending end-of-stream message to channel from_tof-matcher_to_TOFMatchedWriter_ITSTPC
[1996376:tof-matcher]: [12:48:20][INFO] Sending end-of-stream message to channel from_tof-matcher_to_TOFMatchedWriter_ITSTPCTRD
[1996376:tof-matcher]: [12:48:20][INFO] Sending end-of-stream message to channel from_tof-matcher_to_TOFMatchedWriter_TPC
[1996376:tof-matcher]: [12:48:20][INFO] Sending end-of-stream message to channel from_tof-matcher_to_TOFMatchedWriter_TPCTRD
[1996376:tof-matcher]: [12:48:20][INFO] Sending end-of-stream message to channel from_tof-matcher_to_internal-dpl-injected-dummy-sink
[INFO] Quitting
[INFO] QUIT_REQUESTED
[1996376:tof-matcher]: [12:48:20][INFO] Received device shutdown request (signal 15).
[1996376:tof-matcher]: [12:48:20][INFO] Waiting for graceful device shutdown. Hit Ctrl-C again to abort immediately.
[1996370:itstpc-track-reader]: [12:48:20][INFO] Received device shutdown request (signal 15).
[1996370:itstpc-track-reader]: [12:48:20][INFO] Waiting for graceful device shutdown. Hit Ctrl-C again to abort immediately.
[1996379:TOFMatchedWriter_TPC]: [12:48:20][INFO] Received device shutdown request (signal 15).
[1996379:TOFMatchedWriter_TPC]: [12:48:20][INFO] Waiting for graceful device shutdown. Hit Ctrl-C again to abort immediately.
[1996370:itstpc-track-reader]: [12:48:20][INFO] New state requested. No timeout set, quitting immediately as per --completion-policy
[1996370:itstpc-track-reader]: [12:48:20][STATE] RUNNING ---> READY
[1996379:TOFMatchedWriter_TPC]: [12:48:20][INFO] New state requested. No timeout set, quitting immediately as per --completion-policy
[1996370:itstpc-track-reader]: [12:48:20][STATE] READY ---> RESETTING TASK
[1996376:tof-matcher]: [12:48:20][INFO] New state requested. No timeout set, quitting immediately as per --completion-policy
[1996376:tof-matcher]: [12:48:20][STATE] RUNNING ---> READY
[1996370:itstpc-track-reader]: [12:48:20][STATE] RESETTING TASK ---> DEVICE READY
[1996372:tpctrd-track-reader]: [12:48:20][INFO] Received device shutdown request (signal 15).
[1996372:tpctrd-track-reader]: [12:48:20][INFO] Waiting for graceful device shutdown. Hit Ctrl-C again to abort immediately.
[1996378:TOFMatchedWriter_ITSTPCTRD]: [12:48:20][INFO] Received device shutdown request (signal 15).
[1996378:TOFMatchedWriter_ITSTPCTRD]: [12:48:20][INFO] Waiting for graceful device shutdown. Hit Ctrl-C again to abort immediately.
[1996369:internal-dpl-clock]: [12:48:20][INFO] Received device shutdown request (signal 15).
[1996369:internal-dpl-clock]: [12:48:20][INFO] Waiting for graceful device shutdown. Hit Ctrl-C again to abort immediately.
[1996370:itstpc-track-reader]: [12:48:20][STATE] DEVICE READY ---> RESETTING DEVICE
[1996373:tof-cluster-reader]: [12:48:20][INFO] Received device shutdown request (signal 15).
[1996373:tof-cluster-reader]: [12:48:20][INFO] Waiting for graceful device shutdown. Hit Ctrl-C again to abort immediately.
[1996380:TOFMatchedWriter_TPCTRD]: [12:48:20][INFO] Received device shutdown request (signal 15).
[1996380:TOFMatchedWriter_TPCTRD]: [12:48:20][INFO] Waiting for graceful device shutdown. Hit Ctrl-C again to abort immediately.
[1996376:tof-matcher]: [12:48:20][STATE] READY ---> RESETTING TASK
[1996376:tof-matcher]: [12:48:20][STATE] RESETTING TASK ---> DEVICE READY
[1996380:TOFMatchedWriter_TPCTRD]: [12:48:20][INFO] New state requested. No timeout set, quitting immediately as per --completion-policy
[1996369:internal-dpl-clock]: [12:48:20][INFO] New state requested. No timeout set, quitting immediately as per --completion-policy
[1996372:tpctrd-track-reader]: [12:48:20][INFO] New state requested. No timeout set, quitting immediately as per --completion-policy
[1996372:tpctrd-track-reader]: [12:48:20][STATE] RUNNING ---> READY
[1996373:tof-cluster-reader]: [12:48:20][INFO] New state requested. No timeout set, quitting immediately as per --completion-policy
[1996373:tof-cluster-reader]: [12:48:20][STATE] RUNNING ---> READY
[1996369:internal-dpl-clock]: [12:48:20][INFO] Sending end-of-stream message to channel from_internal-dpl-clock_to_itstpc-track-reader
[1996369:internal-dpl-clock]: [12:48:20][INFO] Sending end-of-stream message to channel from_internal-dpl-clock_to_itstpctrd-track-reader
[1996369:internal-dpl-clock]: [12:48:20][INFO] Sending end-of-stream message to channel from_internal-dpl-clock_to_tpctrd-track-reader
[1996369:internal-dpl-clock]: [12:48:20][INFO] Sending end-of-stream message to channel from_internal-dpl-clock_to_tof-cluster-reader
[1996369:internal-dpl-clock]: [12:48:20][INFO] Sending end-of-stream message to channel from_internal-dpl-clock_to_tpc-track-reader
[1996369:internal-dpl-clock]: [12:48:20][STATE] RUNNING ---> READY
[1996372:tpctrd-track-reader]: [12:48:20][STATE] READY ---> RESETTING TASK
[1996376:tof-matcher]: [12:48:20][STATE] DEVICE READY ---> RESETTING DEVICE
[1996378:TOFMatchedWriter_ITSTPCTRD]: [12:48:20][INFO] New state requested. No timeout set, quitting immediately as per --completion-policy
[1996369:internal-dpl-clock]: [12:48:20][STATE] READY ---> RESETTING TASK
[1996372:tpctrd-track-reader]: [12:48:20][STATE] RESETTING TASK ---> DEVICE READY
[1996373:tof-cluster-reader]: [12:48:20][STATE] READY ---> RESETTING TASK
[1996373:tof-cluster-reader]: [12:48:20][STATE] RESETTING TASK ---> DEVICE READY
[1996369:internal-dpl-clock]: [12:48:20][STATE] RESETTING TASK ---> DEVICE READY
[1996369:internal-dpl-clock]: [12:48:20][STATE] DEVICE READY ---> RESETTING DEVICE
[1996372:tpctrd-track-reader]: [12:48:20][STATE] DEVICE READY ---> RESETTING DEVICE
[1996373:tof-cluster-reader]: [12:48:20][STATE] DEVICE READY ---> RESETTING DEVICE
[1996370:itstpc-track-reader]: [12:48:20][STATE] RESETTING DEVICE ---> IDLE
[1996370:itstpc-track-reader]: [12:48:20][STATE] IDLE ---> EXITING
[1996376:tof-matcher]: [12:48:20][STATE] RESETTING DEVICE ---> IDLE
[1996376:tof-matcher]: [12:48:20][STATE] IDLE ---> EXITING
[1996369:internal-dpl-clock]: [12:48:20][STATE] RESETTING DEVICE ---> IDLE
[1996372:tpctrd-track-reader]: [12:48:20][STATE] RESETTING DEVICE ---> IDLE
[1996376:tof-matcher]: [12:48:20][STATE] Exiting FairMQ state machine
[1996369:internal-dpl-clock]: [12:48:20][STATE] IDLE ---> EXITING
[1996372:tpctrd-track-reader]: [12:48:20][STATE] IDLE ---> EXITING
[1996369:internal-dpl-clock]: [12:48:20][STATE] Exiting FairMQ state machine
[1996372:tpctrd-track-reader]: [12:48:20][STATE] Exiting FairMQ state machine
[1996373:tof-cluster-reader]: [12:48:20][STATE] RESETTING DEVICE ---> IDLE
[1996370:itstpc-track-reader]: [12:48:20][STATE] Exiting FairMQ state machine
[1996373:tof-cluster-reader]: [12:48:20][STATE] IDLE ---> EXITING
[1996373:tof-cluster-reader]: [12:48:20][STATE] Exiting FairMQ state machine
[1996374:tpc-track-reader]: [12:48:20][INFO] Received device shutdown request (signal 15).
[1996374:tpc-track-reader]: [12:48:20][INFO] Waiting for graceful device shutdown. Hit Ctrl-C again to abort immediately.
[1996375:internal-dpl-ccdb-backend]: [12:48:20][INFO] Received device shutdown request (signal 15).
[1996375:internal-dpl-ccdb-backend]: [12:48:20][INFO] Waiting for graceful device shutdown. Hit Ctrl-C again to abort immediately.
[1996381:internal-dpl-injected-dummy-sink]: [12:48:20][INFO] Received device shutdown request (signal 15).
[1996381:internal-dpl-injected-dummy-sink]: [12:48:20][INFO] Waiting for graceful device shutdown. Hit Ctrl-C again to abort immediately.
[1996377:TOFMatchedWriter_ITSTPC]: [12:48:20][INFO] Received device shutdown request (signal 15).
[1996377:TOFMatchedWriter_ITSTPC]: [12:48:20][INFO] Waiting for graceful device shutdown. Hit Ctrl-C again to abort immediately.
[1996374:tpc-track-reader]: [12:48:20][INFO] New state requested. No timeout set, quitting immediately as per --completion-policy
[1996374:tpc-track-reader]: [12:48:20][STATE] RUNNING ---> READY
[1996374:tpc-track-reader]: [12:48:20][STATE] READY ---> RESETTING TASK
[1996374:tpc-track-reader]: [12:48:20][STATE] RESETTING TASK ---> DEVICE READY
[1996374:tpc-track-reader]: [12:48:20][STATE] DEVICE READY ---> RESETTING DEVICE
[1996371:itstpctrd-track-reader]: [12:48:20][INFO] Received device shutdown request (signal 15).
[1996371:itstpctrd-track-reader]: [12:48:20][INFO] Waiting for graceful device shutdown. Hit Ctrl-C again to abort immediately.
[1996381:internal-dpl-injected-dummy-sink]: [12:48:20][INFO] New state requested. No timeout set, quitting immediately as per --completion-policy
[1996381:internal-dpl-injected-dummy-sink]: [12:48:20][STATE] RUNNING ---> READY
[1996381:internal-dpl-injected-dummy-sink]: [12:48:20][STATE] READY ---> RESETTING TASK
[1996375:internal-dpl-ccdb-backend]: [12:48:20][INFO] New state requested. No timeout set, quitting immediately as per --completion-policy
[1996375:internal-dpl-ccdb-backend]: [12:48:20][INFO] CCDB cache miss/hit ratio:
[1996381:internal-dpl-injected-dummy-sink]: [12:48:20][STATE] RESETTING TASK ---> DEVICE READY
[1996375:internal-dpl-ccdb-backend]: [12:48:20][INFO]   TPC/Calib/CorrectionMapRefV2: 1/0 (9216-9216 bytes)
[1996375:internal-dpl-ccdb-backend]: [12:48:20][INFO]   GLO/Param/MatLUT: 1/0 (9225216-9225216 bytes)
[1996375:internal-dpl-ccdb-backend]: [12:48:20][INFO]   GLO/Config/GRPMagField: 1/0 (1024-1024 bytes)
[1996375:internal-dpl-ccdb-backend]: [12:48:20][INFO]   GLO/Config/GRPLHCIF: 1/0 (2048-2048 bytes)
[1996375:internal-dpl-ccdb-backend]: [12:48:20][INFO]   TPC/Calib/VDriftTgl: 1/0 (2048-2048 bytes)
[1996375:internal-dpl-ccdb-backend]: [12:48:20][INFO]   TPC/Calib/CorrectionMapV2: 1/0 (9216-9216 bytes)
[1996375:internal-dpl-ccdb-backend]: [12:48:20][INFO]   GLO/Config/GRPECS: 1/0 (2048-2048 bytes)
[1996375:internal-dpl-ccdb-backend]: [12:48:20][INFO]   TPC/Calib/LaserTracks: 1/0 (2048-2048 bytes)
[1996375:internal-dpl-ccdb-backend]: [12:48:20][INFO]   GLO/Config/GeometryAligned: 1/0 (1847296-1847296 bytes)
[1996375:internal-dpl-ccdb-backend]: [12:48:20][INFO]   CTP/Calib/OrbitReset: 1/1 (1024-1024 bytes)
[1996375:internal-dpl-ccdb-backend]: [12:48:20][STATE] RUNNING ---> READY
[1996381:internal-dpl-injected-dummy-sink]: [12:48:20][STATE] DEVICE READY ---> RESETTING DEVICE
[1996371:itstpctrd-track-reader]: [12:48:20][INFO] New state requested. No timeout set, quitting immediately as per --completion-policy
[1996375:internal-dpl-ccdb-backend]: [12:48:20][STATE] READY ---> RESETTING TASK
[1996371:itstpctrd-track-reader]: [12:48:20][STATE] RUNNING ---> READY
[1996375:internal-dpl-ccdb-backend]: [12:48:20][STATE] RESETTING TASK ---> DEVICE READY
[1996377:TOFMatchedWriter_ITSTPC]: [12:48:20][INFO] New state requested. No timeout set, quitting immediately as per --completion-policy
[1996371:itstpctrd-track-reader]: [12:48:20][STATE] READY ---> RESETTING TASK
[1996371:itstpctrd-track-reader]: [12:48:20][STATE] RESETTING TASK ---> DEVICE READY
[1996371:itstpctrd-track-reader]: [12:48:20][STATE] DEVICE READY ---> RESETTING DEVICE
[1996375:internal-dpl-ccdb-backend]: [12:48:20][STATE] DEVICE READY ---> RESETTING DEVICE
[1996371:itstpctrd-track-reader]: [12:48:20][STATE] RESETTING DEVICE ---> IDLE
[1996371:itstpctrd-track-reader]: [12:48:20][STATE] IDLE ---> EXITING
[1996371:itstpctrd-track-reader]: [12:48:20][STATE] Exiting FairMQ state machine
[1996374:tpc-track-reader]: [12:48:20][STATE] RESETTING DEVICE ---> IDLE
[1996374:tpc-track-reader]: [12:48:20][STATE] IDLE ---> EXITING
[1996374:tpc-track-reader]: [12:48:20][STATE] Exiting FairMQ state machine
[1996375:internal-dpl-ccdb-backend]: [12:48:20][STATE] RESETTING DEVICE ---> IDLE
[1996381:internal-dpl-injected-dummy-sink]: [12:48:20][STATE] RESETTING DEVICE ---> IDLE
[1996375:internal-dpl-ccdb-backend]: [12:48:20][STATE] IDLE ---> EXITING
[1996381:internal-dpl-injected-dummy-sink]: [12:48:20][STATE] IDLE ---> EXITING
[1996381:internal-dpl-injected-dummy-sink]: [12:48:20][STATE] Exiting FairMQ state machine
[1996375:internal-dpl-ccdb-backend]: [12:48:20][STATE] Exiting FairMQ state machine
[1996379:TOFMatchedWriter_TPC]: [12:48:21][STATE] RUNNING ---> READY
[1996379:TOFMatchedWriter_TPC]: [12:48:21][STATE] READY ---> RESETTING TASK
[1996379:TOFMatchedWriter_TPC]: [12:48:21][STATE] RESETTING TASK ---> DEVICE READY
[1996379:TOFMatchedWriter_TPC]: [12:48:21][STATE] DEVICE READY ---> RESETTING DEVICE
[1996379:TOFMatchedWriter_TPC]: [12:48:21][STATE] RESETTING DEVICE ---> IDLE
[1996379:TOFMatchedWriter_TPC]: [12:48:21][STATE] IDLE ---> EXITING
[1996379:TOFMatchedWriter_TPC]: [12:48:21][STATE] Exiting FairMQ state machine
[1996378:TOFMatchedWriter_ITSTPCTRD]: [12:48:21][STATE] RUNNING ---> READY
[1996378:TOFMatchedWriter_ITSTPCTRD]: [12:48:21][STATE] READY ---> RESETTING TASK
[1996378:TOFMatchedWriter_ITSTPCTRD]: [12:48:21][STATE] RESETTING TASK ---> DEVICE READY
[1996378:TOFMatchedWriter_ITSTPCTRD]: [12:48:21][STATE] DEVICE READY ---> RESETTING DEVICE
[1996378:TOFMatchedWriter_ITSTPCTRD]: [12:48:21][STATE] RESETTING DEVICE ---> IDLE
[1996378:TOFMatchedWriter_ITSTPCTRD]: [12:48:21][STATE] IDLE ---> EXITING
[1996378:TOFMatchedWriter_ITSTPCTRD]: [12:48:21][STATE] Exiting FairMQ state machine
[1996377:TOFMatchedWriter_ITSTPC]: [12:48:21][STATE] RUNNING ---> READY
[1996377:TOFMatchedWriter_ITSTPC]: [12:48:21][STATE] READY ---> RESETTING TASK
[1996377:TOFMatchedWriter_ITSTPC]: [12:48:21][STATE] RESETTING TASK ---> DEVICE READY
[1996377:TOFMatchedWriter_ITSTPC]: [12:48:21][STATE] DEVICE READY ---> RESETTING DEVICE
[1996377:TOFMatchedWriter_ITSTPC]: [12:48:21][STATE] RESETTING DEVICE ---> IDLE
[1996377:TOFMatchedWriter_ITSTPC]: [12:48:21][STATE] IDLE ---> EXITING
[1996377:TOFMatchedWriter_ITSTPC]: [12:48:21][STATE] Exiting FairMQ state machine
[1996380:TOFMatchedWriter_TPCTRD]: [12:48:21][STATE] RUNNING ---> READY
[1996380:TOFMatchedWriter_TPCTRD]: [12:48:21][STATE] READY ---> RESETTING TASK
[1996380:TOFMatchedWriter_TPCTRD]: [12:48:21][STATE] RESETTING TASK ---> DEVICE READY
[1996380:TOFMatchedWriter_TPCTRD]: [12:48:21][STATE] DEVICE READY ---> RESETTING DEVICE
[1996380:TOFMatchedWriter_TPCTRD]: [12:48:21][INFO] Cleaning up for shared memory id 'e6356ab9'...
[1996380:TOFMatchedWriter_TPCTRD]: [12:48:21][INFO] Found 0 unmanaged regions...
[1996380:TOFMatchedWriter_TPCTRD]: [12:48:21][INFO] Found 1 managed segments...
[1996380:TOFMatchedWriter_TPCTRD]: [12:48:21][INFO] Successfully removed 'fmq_e6356ab9_m_0'.
[1996380:TOFMatchedWriter_TPCTRD]: [12:48:21][INFO] Successfully removed 'fmq_e6356ab9_mng'.
[1996380:TOFMatchedWriter_TPCTRD]: [12:48:21][STATE] RESETTING DEVICE ---> IDLE
[1996380:TOFMatchedWriter_TPCTRD]: [12:48:21][STATE] IDLE ---> EXITING
[1996380:TOFMatchedWriter_TPCTRD]: [12:48:21][STATE] Exiting FairMQ state machine
[INFO] ## Processes completed. Run summary:
[INFO] ### Devices started: 13
[INFO]  - Device internal-dpl-clock: pid 1996369 (exit 0)
[INFO]  - Device itstpc-track-reader: pid 1996370 (exit 0)
[INFO]  - Device itstpctrd-track-reader: pid 1996371 (exit 0)
[INFO]  - Device tpctrd-track-reader: pid 1996372 (exit 0)
[INFO]  - Device tof-cluster-reader: pid 1996373 (exit 0)
[INFO]  - Device tpc-track-reader: pid 1996374 (exit 0)
[INFO]  - Device internal-dpl-ccdb-backend: pid 1996375 (exit 0)
[INFO]  - Device tof-matcher: pid 1996376 (exit 0)
[INFO]  - Device TOFMatchedWriter_ITSTPC: pid 1996377 (exit 0)
[INFO]  - Device TOFMatchedWriter_ITSTPCTRD: pid 1996378 (exit 0)
[INFO]  - Device TOFMatchedWriter_TPC: pid 1996379 (exit 0)
[INFO]  - Device TOFMatchedWriter_TPCTRD: pid 1996380 (exit 0)
[INFO]  - Device internal-dpl-injected-dummy-sink: pid 1996381 (exit 0)
[INFO] Dumping used configuration in dpl-config.json
TASK-EXIT-CODE: 0
