Running: TIME="#walltime %e" /usr/bin/time --output=trdMatch.log_time ./trdMatch.log_tmp.sh
[WARN] MC-truth is not supported for FT0 recpoints currently
[INFO] Initialising O2 Data Processing Layer. Driver PID: 1994881.
[INFO] Driver listening on port: 22961
[INFO] Rate limiting set up at 500MB distributed over 1 readers
[INFO] O2 Data Processing Layer initialised. We brake for nobody.
[INFO] Optimised build. O2DEBUG / LOG(debug) / LOGF(debug) / assert statement will not be shown.
[INFO] Redeployment of configuration asked.
[INFO] Starting internal-dpl-clock on pid 1994917
[INFO] Starting tpc-native-cluster-reader on pid 1994918
[INFO] Starting its-track-reader on pid 1994919
[INFO] Starting TRDTrackletReader on pid 1994920
[INFO] Starting its-cluster-reader on pid 1994921
[INFO] Starting itstpc-track-reader on pid 1994922
[INFO] Starting tpc-track-reader on pid 1994923
[INFO] Starting ft0-recpoints-reader on pid 1994924
[INFO] Starting internal-dpl-ccdb-backend on pid 1994925
[INFO] Starting tpc-clusters-sharing-map-producer on pid 1994926
[INFO] Starting trd-globaltracking_TPC_FT0_ITS-TPC_ on pid 1994927
[INFO] Starting trd-track-writer-tpc on pid 1994928
[INFO] Starting trd-track-writer-tpcits on pid 1994929
[INFO] Starting internal-dpl-injected-dummy-sink on pid 1994930
[INFO] Redeployment of configuration done.
[1994926:tpc-clusters-sharing-map-producer]: [WARN] MC-truth is not supported for FT0 recpoints currently
[1994919:its-track-reader]: [WARN] MC-truth is not supported for FT0 recpoints currently
[1994920:TRDTrackletReader]: [WARN] MC-truth is not supported for FT0 recpoints currently
[1994919:its-track-reader]: [INFO] Instrumenting crash signals
[1994919:its-track-reader]: [INFO] Spawing new device its-track-reader in process with pid 1994919
[1994919:its-track-reader]: [12:47:53][INFO] 
[1994919:its-track-reader]:       ______      _    _______  _________ 
[1994919:its-track-reader]:      / ____/___ _(_)_______   |/  /_  __ \    version 1.8.0
[1994919:its-track-reader]:     / /_  / __ `/ / ___/__  /|_/ /_  / / /    build RELWITHDEBINFO
[1994919:its-track-reader]:    / __/ / /_/ / / /    _  /  / / / /_/ /     https://github.com/FairRootGroup/FairMQ
[1994919:its-track-reader]:   /_/    \__,_/_/_/     /_/  /_/  \___\_\     LGPL-3.0  © 2012-2023 GSI
[1994919:its-track-reader]: 
[1994920:TRDTrackletReader]: [INFO] Instrumenting crash signals
[1994919:its-track-reader]: [12:47:53][STATE] Starting FairMQ state machine --> IDLE
[1994920:TRDTrackletReader]: [INFO] Spawing new device TRDTrackletReader in process with pid 1994920
[1994920:TRDTrackletReader]: [12:47:53][INFO] 
[1994920:TRDTrackletReader]:       ______      _    _______  _________ 
[1994920:TRDTrackletReader]:      / ____/___ _(_)_______   |/  /_  __ \    version 1.8.0
[1994920:TRDTrackletReader]:     / /_  / __ `/ / ___/__  /|_/ /_  / / /    build RELWITHDEBINFO
[1994920:TRDTrackletReader]:    / __/ / /_/ / / /    _  /  / / / /_/ /     https://github.com/FairRootGroup/FairMQ
[1994920:TRDTrackletReader]:   /_/    \__,_/_/_/     /_/  /_/  \___\_\     LGPL-3.0  © 2012-2023 GSI
[1994920:TRDTrackletReader]: 
[1994920:TRDTrackletReader]: [12:47:53][STATE] Starting FairMQ state machine --> IDLE
[1994921:its-cluster-reader]: [WARN] MC-truth is not supported for FT0 recpoints currently
[1994919:its-track-reader]: [12:47:53][STATE] IDLE ---> INITIALIZING DEVICE
[1994927:trd-globaltracking_TPC_FT0_ITS-TPC_]: [WARN] MC-truth is not supported for FT0 recpoints currently
[1994920:TRDTrackletReader]: [12:47:53][STATE] IDLE ---> INITIALIZING DEVICE
[1994920:TRDTrackletReader]: [12:47:53][INFO] Init TRD tracklet reader!
[1994930:internal-dpl-injected-dummy-sink]: [WARN] MC-truth is not supported for FT0 recpoints currently
[1994921:its-cluster-reader]: [INFO] Instrumenting crash signals
[1994921:its-cluster-reader]: [INFO] Spawing new device its-cluster-reader in process with pid 1994921
[1994921:its-cluster-reader]: [12:47:53][INFO] 
[1994921:its-cluster-reader]:       ______      _    _______  _________ 
[1994921:its-cluster-reader]:      / ____/___ _(_)_______   |/  /_  __ \    version 1.8.0
[1994921:its-cluster-reader]:     / /_  / __ `/ / ___/__  /|_/ /_  / / /    build RELWITHDEBINFO
[1994921:its-cluster-reader]:    / __/ / /_/ / / /    _  /  / / / /_/ /     https://github.com/FairRootGroup/FairMQ
[1994921:its-cluster-reader]:   /_/    \__,_/_/_/     /_/  /_/  \___\_\     LGPL-3.0  © 2012-2023 GSI
[1994921:its-cluster-reader]: 
[1994921:its-cluster-reader]: [12:47:53][STATE] Starting FairMQ state machine --> IDLE
[1994921:its-cluster-reader]: [12:47:53][STATE] IDLE ---> INITIALIZING DEVICE
[1994923:tpc-track-reader]: [WARN] MC-truth is not supported for FT0 recpoints currently
[1994917:internal-dpl-clock]: [WARN] MC-truth is not supported for FT0 recpoints currently
[1994923:tpc-track-reader]: [INFO] Instrumenting crash signals
[1994923:tpc-track-reader]: [INFO] Spawing new device tpc-track-reader in process with pid 1994923
[1994923:tpc-track-reader]: [12:47:53][INFO] 
[1994923:tpc-track-reader]:       ______      _    _______  _________ 
[1994923:tpc-track-reader]:      / ____/___ _(_)_______   |/  /_  __ \    version 1.8.0
[1994923:tpc-track-reader]:     / /_  / __ `/ / ___/__  /|_/ /_  / / /    build RELWITHDEBINFO
[1994923:tpc-track-reader]:    / __/ / /_/ / / /    _  /  / / / /_/ /     https://github.com/FairRootGroup/FairMQ
[1994923:tpc-track-reader]:   /_/    \__,_/_/_/     /_/  /_/  \___\_\     LGPL-3.0  © 2012-2023 GSI
[1994923:tpc-track-reader]: 
[1994923:tpc-track-reader]: [12:47:53][STATE] Starting FairMQ state machine --> IDLE
[1994917:internal-dpl-clock]: [INFO] Instrumenting crash signals
[1994923:tpc-track-reader]: [12:47:53][STATE] IDLE ---> INITIALIZING DEVICE
[1994917:internal-dpl-clock]: [INFO] Spawing new device internal-dpl-clock in process with pid 1994917
[1994917:internal-dpl-clock]: [12:47:53][INFO] 
[1994917:internal-dpl-clock]:       ______      _    _______  _________ 
[1994917:internal-dpl-clock]:      / ____/___ _(_)_______   |/  /_  __ \    version 1.8.0
[1994917:internal-dpl-clock]:     / /_  / __ `/ / ___/__  /|_/ /_  / / /    build RELWITHDEBINFO
[1994917:internal-dpl-clock]:    / __/ / /_/ / / /    _  /  / / / /_/ /     https://github.com/FairRootGroup/FairMQ
[1994917:internal-dpl-clock]:   /_/    \__,_/_/_/     /_/  /_/  \___\_\     LGPL-3.0  © 2012-2023 GSI
[1994917:internal-dpl-clock]: 
[1994917:internal-dpl-clock]: [12:47:53][STATE] Starting FairMQ state machine --> IDLE
[1994917:internal-dpl-clock]: [12:47:53][STATE] IDLE ---> INITIALIZING DEVICE
[1994917:internal-dpl-clock]: [12:47:53][STATE] INITIALIZING DEVICE ---> INITIALIZED
[1994917:internal-dpl-clock]: [12:47:53][STATE] INITIALIZED ---> BINDING
[1994917:internal-dpl-clock]: [12:47:53][STATE] BINDING ---> BOUND
[1994917:internal-dpl-clock]: [12:47:53][STATE] BOUND ---> CONNECTING
[1994917:internal-dpl-clock]: [12:47:53][STATE] CONNECTING ---> DEVICE READY
[1994917:internal-dpl-clock]: [12:47:53][STATE] DEVICE READY ---> INITIALIZING TASK
[1994917:internal-dpl-clock]: [12:47:53][STATE] INITIALIZING TASK ---> READY
[1994917:internal-dpl-clock]: [12:47:53][STATE] READY ---> RUNNING
[1994917:internal-dpl-clock]: [12:47:53][INFO] fair::mq::Device running...
[1994917:internal-dpl-clock]: [12:47:53][INFO] LHCPeriod is not available, using current month OCT
[1994917:internal-dpl-clock]: [12:47:53][INFO] Correctly handshaken websocket connection.
[1994924:ft0-recpoints-reader]: [WARN] MC-truth is not supported for FT0 recpoints currently
[1994918:tpc-native-cluster-reader]: [WARN] MC-truth is not supported for FT0 recpoints currently
[1994929:trd-track-writer-tpcits]: [WARN] MC-truth is not supported for FT0 recpoints currently
[1994924:ft0-recpoints-reader]: [INFO] Instrumenting crash signals
[1994924:ft0-recpoints-reader]: [INFO] Spawing new device ft0-recpoints-reader in process with pid 1994924
[1994924:ft0-recpoints-reader]: [12:47:54][INFO] 
[1994924:ft0-recpoints-reader]:       ______      _    _______  _________ 
[1994924:ft0-recpoints-reader]:      / ____/___ _(_)_______   |/  /_  __ \    version 1.8.0
[1994924:ft0-recpoints-reader]:     / /_  / __ `/ / ___/__  /|_/ /_  / / /    build RELWITHDEBINFO
[1994924:ft0-recpoints-reader]:    / __/ / /_/ / / /    _  /  / / / /_/ /     https://github.com/FairRootGroup/FairMQ
[1994924:ft0-recpoints-reader]:   /_/    \__,_/_/_/     /_/  /_/  \___\_\     LGPL-3.0  © 2012-2023 GSI
[1994924:ft0-recpoints-reader]: 
[1994924:ft0-recpoints-reader]: [12:47:54][STATE] Starting FairMQ state machine --> IDLE
[1994926:tpc-clusters-sharing-map-producer]: [INFO] Instrumenting crash signals
[1994918:tpc-native-cluster-reader]: [INFO] Instrumenting crash signals
[1994924:ft0-recpoints-reader]: [12:47:54][STATE] IDLE ---> INITIALIZING DEVICE
[1994930:internal-dpl-injected-dummy-sink]: [INFO] Instrumenting crash signals
[1994929:trd-track-writer-tpcits]: [INFO] Instrumenting crash signals
[1994918:tpc-native-cluster-reader]: [INFO] Spawing new device tpc-native-cluster-reader in process with pid 1994918
[1994926:tpc-clusters-sharing-map-producer]: [INFO] Spawing new device tpc-clusters-sharing-map-producer in process with pid 1994926
[1994918:tpc-native-cluster-reader]: [12:47:54][INFO] 
[1994918:tpc-native-cluster-reader]:       ______      _    _______  _________ 
[1994918:tpc-native-cluster-reader]:      / ____/___ _(_)_______   |/  /_  __ \    version 1.8.0
[1994918:tpc-native-cluster-reader]:     / /_  / __ `/ / ___/__  /|_/ /_  / / /    build RELWITHDEBINFO
[1994918:tpc-native-cluster-reader]:    / __/ / /_/ / / /    _  /  / / / /_/ /     https://github.com/FairRootGroup/FairMQ
[1994918:tpc-native-cluster-reader]:   /_/    \__,_/_/_/     /_/  /_/  \___\_\     LGPL-3.0  © 2012-2023 GSI
[1994918:tpc-native-cluster-reader]: 
[1994918:tpc-native-cluster-reader]: [12:47:54][STATE] Starting FairMQ state machine --> IDLE
[1994926:tpc-clusters-sharing-map-producer]: [12:47:54][INFO] 
[1994926:tpc-clusters-sharing-map-producer]:       ______      _    _______  _________ 
[1994926:tpc-clusters-sharing-map-producer]:      / ____/___ _(_)_______   |/  /_  __ \    version 1.8.0
[1994926:tpc-clusters-sharing-map-producer]:     / /_  / __ `/ / ___/__  /|_/ /_  / / /    build RELWITHDEBINFO
[1994926:tpc-clusters-sharing-map-producer]:    / __/ / /_/ / / /    _  /  / / / /_/ /     https://github.com/FairRootGroup/FairMQ
[1994926:tpc-clusters-sharing-map-producer]:   /_/    \__,_/_/_/     /_/  /_/  \___\_\     LGPL-3.0  © 2012-2023 GSI
[1994926:tpc-clusters-sharing-map-producer]: 
[1994926:tpc-clusters-sharing-map-producer]: [12:47:54][STATE] Starting FairMQ state machine --> IDLE
[1994918:tpc-native-cluster-reader]: [12:47:54][STATE] IDLE ---> INITIALIZING DEVICE
[1994926:tpc-clusters-sharing-map-producer]: [12:47:54][STATE] IDLE ---> INITIALIZING DEVICE
[1994926:tpc-clusters-sharing-map-producer]: [12:47:54][STATE] INITIALIZING DEVICE ---> INITIALIZED
[1994926:tpc-clusters-sharing-map-producer]: [12:47:54][STATE] INITIALIZED ---> BINDING
[1994926:tpc-clusters-sharing-map-producer]: [12:47:54][STATE] BINDING ---> BOUND
[1994929:trd-track-writer-tpcits]: [INFO] Spawing new device trd-track-writer-tpcits in process with pid 1994929
[1994926:tpc-clusters-sharing-map-producer]: [12:47:54][STATE] BOUND ---> CONNECTING
[1994926:tpc-clusters-sharing-map-producer]: [12:47:54][STATE] CONNECTING ---> DEVICE READY
[1994926:tpc-clusters-sharing-map-producer]: [12:47:54][STATE] DEVICE READY ---> INITIALIZING TASK
[1994929:trd-track-writer-tpcits]: [12:47:54][INFO] 
[1994929:trd-track-writer-tpcits]:       ______      _    _______  _________ 
[1994929:trd-track-writer-tpcits]:      / ____/___ _(_)_______   |/  /_  __ \    version 1.8.0
[1994929:trd-track-writer-tpcits]:     / /_  / __ `/ / ___/__  /|_/ /_  / / /    build RELWITHDEBINFO
[1994929:trd-track-writer-tpcits]:    / __/ / /_/ / / /    _  /  / / / /_/ /     https://github.com/FairRootGroup/FairMQ
[1994929:trd-track-writer-tpcits]:   /_/    \__,_/_/_/     /_/  /_/  \___\_\     LGPL-3.0  © 2012-2023 GSI
[1994929:trd-track-writer-tpcits]: 
[1994929:trd-track-writer-tpcits]: [12:47:54][STATE] Starting FairMQ state machine --> IDLE
[1994930:internal-dpl-injected-dummy-sink]: [INFO] Spawing new device internal-dpl-injected-dummy-sink in process with pid 1994930
[1994927:trd-globaltracking_TPC_FT0_ITS-TPC_]: [INFO] Instrumenting crash signals
[1994930:internal-dpl-injected-dummy-sink]: [12:47:54][INFO] 
[1994930:internal-dpl-injected-dummy-sink]:       ______      _    _______  _________ 
[1994930:internal-dpl-injected-dummy-sink]:      / ____/___ _(_)_______   |/  /_  __ \    version 1.8.0
[1994930:internal-dpl-injected-dummy-sink]:     / /_  / __ `/ / ___/__  /|_/ /_  / / /    build RELWITHDEBINFO
[1994930:internal-dpl-injected-dummy-sink]:    / __/ / /_/ / / /    _  /  / / / /_/ /     https://github.com/FairRootGroup/FairMQ
[1994930:internal-dpl-injected-dummy-sink]:   /_/    \__,_/_/_/     /_/  /_/  \___\_\     LGPL-3.0  © 2012-2023 GSI
[1994930:internal-dpl-injected-dummy-sink]: 
[1994930:internal-dpl-injected-dummy-sink]: [12:47:54][STATE] Starting FairMQ state machine --> IDLE
[1994927:trd-globaltracking_TPC_FT0_ITS-TPC_]: [INFO] Spawing new device trd-globaltracking_TPC_FT0_ITS-TPC_ in process with pid 1994927
[1994929:trd-track-writer-tpcits]: [12:47:54][STATE] IDLE ---> INITIALIZING DEVICE
[1994926:tpc-clusters-sharing-map-producer]: [12:47:54][STATE] INITIALIZING TASK ---> READY
[1994926:tpc-clusters-sharing-map-producer]: [12:47:54][STATE] READY ---> RUNNING
[1994926:tpc-clusters-sharing-map-producer]: [12:47:54][INFO] fair::mq::Device running...
[1994926:tpc-clusters-sharing-map-producer]: [12:47:54][INFO] LHCPeriod is not available, using current month OCT
[1994926:tpc-clusters-sharing-map-producer]: [12:47:54][INFO] Correctly handshaken websocket connection.
[1994930:internal-dpl-injected-dummy-sink]: [12:47:54][STATE] IDLE ---> INITIALIZING DEVICE
[1994930:internal-dpl-injected-dummy-sink]: [12:47:54][STATE] INITIALIZING DEVICE ---> INITIALIZED
[1994930:internal-dpl-injected-dummy-sink]: [12:47:54][STATE] INITIALIZED ---> BINDING
[1994930:internal-dpl-injected-dummy-sink]: [12:47:54][STATE] BINDING ---> BOUND
[1994930:internal-dpl-injected-dummy-sink]: [12:47:54][STATE] BOUND ---> CONNECTING
[1994930:internal-dpl-injected-dummy-sink]: [12:47:54][STATE] CONNECTING ---> DEVICE READY
[1994930:internal-dpl-injected-dummy-sink]: [12:47:54][STATE] DEVICE READY ---> INITIALIZING TASK
[1994929:trd-track-writer-tpcits]: [12:47:54][INFO] 0: branch  tracks set up
[1994929:trd-track-writer-tpcits]: [12:47:54][INFO] 1: branch  trgrec set up
[1994929:trd-track-writer-tpcits]: [12:47:54][INFO] 2: branch  labelsTRD set up
[1994929:trd-track-writer-tpcits]: [12:47:54][INFO] 3: branch  labels set up
[1994927:trd-globaltracking_TPC_FT0_ITS-TPC_]: [12:47:54][INFO] 
[1994927:trd-globaltracking_TPC_FT0_ITS-TPC_]:       ______      _    _______  _________ 
[1994927:trd-globaltracking_TPC_FT0_ITS-TPC_]:      / ____/___ _(_)_______   |/  /_  __ \    version 1.8.0
[1994927:trd-globaltracking_TPC_FT0_ITS-TPC_]:     / /_  / __ `/ / ___/__  /|_/ /_  / / /    build RELWITHDEBINFO
[1994927:trd-globaltracking_TPC_FT0_ITS-TPC_]:    / __/ / /_/ / / /    _  /  / / / /_/ /     https://github.com/FairRootGroup/FairMQ
[1994927:trd-globaltracking_TPC_FT0_ITS-TPC_]:   /_/    \__,_/_/_/     /_/  /_/  \___\_\     LGPL-3.0  © 2012-2023 GSI
[1994927:trd-globaltracking_TPC_FT0_ITS-TPC_]: 
[1994929:trd-track-writer-tpcits]: [12:47:54][STATE] INITIALIZING DEVICE ---> INITIALIZED
[1994927:trd-globaltracking_TPC_FT0_ITS-TPC_]: [12:47:54][STATE] Starting FairMQ state machine --> IDLE
[1994929:trd-track-writer-tpcits]: [12:47:54][STATE] INITIALIZED ---> BINDING
[1994929:trd-track-writer-tpcits]: [12:47:54][STATE] BINDING ---> BOUND
[1994929:trd-track-writer-tpcits]: [12:47:54][STATE] BOUND ---> CONNECTING
[1994929:trd-track-writer-tpcits]: [12:47:54][STATE] CONNECTING ---> DEVICE READY
[1994929:trd-track-writer-tpcits]: [12:47:54][STATE] DEVICE READY ---> INITIALIZING TASK
[1994929:trd-track-writer-tpcits]: [12:47:54][STATE] INITIALIZING TASK ---> READY
[1994929:trd-track-writer-tpcits]: [12:47:54][STATE] READY ---> RUNNING
[1994929:trd-track-writer-tpcits]: [12:47:54][INFO] fair::mq::Device running...
[1994929:trd-track-writer-tpcits]: [12:47:54][INFO] LHCPeriod is not available, using current month OCT
[1994930:internal-dpl-injected-dummy-sink]: [12:47:54][STATE] INITIALIZING TASK ---> READY
[1994927:trd-globaltracking_TPC_FT0_ITS-TPC_]: [12:47:54][STATE] IDLE ---> INITIALIZING DEVICE
[1994930:internal-dpl-injected-dummy-sink]: [12:47:54][STATE] READY ---> RUNNING
[1994930:internal-dpl-injected-dummy-sink]: [12:47:54][INFO] fair::mq::Device running...
[1994930:internal-dpl-injected-dummy-sink]: [12:47:54][INFO] LHCPeriod is not available, using current month OCT
[1994929:trd-track-writer-tpcits]: [12:47:54][INFO] Correctly handshaken websocket connection.
[1994930:internal-dpl-injected-dummy-sink]: [12:47:54][INFO] Correctly handshaken websocket connection.
[1994927:trd-globaltracking_TPC_FT0_ITS-TPC_]: [12:47:54][INFO] CTP Lumi request for TPC corr.map scaling=OFF, override values: lumiMean=0 lumiInst=0 lumiScaleMode=0
[1994927:trd-globaltracking_TPC_FT0_ITS-TPC_]: [12:47:54][STATE] INITIALIZING DEVICE ---> INITIALIZED
[1994921:its-cluster-reader]: [12:47:54][INFO] Loaded tree from o2clus_its.root with 1 entries
[1994927:trd-globaltracking_TPC_FT0_ITS-TPC_]: [12:47:54][STATE] INITIALIZED ---> BINDING
[1994927:trd-globaltracking_TPC_FT0_ITS-TPC_]: [12:47:54][STATE] BINDING ---> BOUND
[1994921:its-cluster-reader]: [12:47:54][STATE] INITIALIZING DEVICE ---> INITIALIZED
[1994927:trd-globaltracking_TPC_FT0_ITS-TPC_]: [12:47:54][STATE] BOUND ---> CONNECTING
[1994921:its-cluster-reader]: [12:47:54][STATE] INITIALIZED ---> BINDING
[1994927:trd-globaltracking_TPC_FT0_ITS-TPC_]: [12:47:54][STATE] CONNECTING ---> DEVICE READY
[1994921:its-cluster-reader]: [12:47:54][STATE] BINDING ---> BOUND
[1994927:trd-globaltracking_TPC_FT0_ITS-TPC_]: [12:47:54][STATE] DEVICE READY ---> INITIALIZING TASK
[1994921:its-cluster-reader]: [12:47:54][STATE] BOUND ---> CONNECTING
[1994921:its-cluster-reader]: [12:47:54][STATE] CONNECTING ---> DEVICE READY
[1994921:its-cluster-reader]: [12:47:54][STATE] DEVICE READY ---> INITIALIZING TASK
[1994921:its-cluster-reader]: [12:47:54][STATE] INITIALIZING TASK ---> READY
[1994921:its-cluster-reader]: [12:47:54][STATE] READY ---> RUNNING
[1994921:its-cluster-reader]: [12:47:54][INFO] fair::mq::Device running...
[1994921:its-cluster-reader]: [12:47:54][INFO] LHCPeriod is not available, using current month OCT
[1994921:its-cluster-reader]: [12:47:54][INFO] ITSClusterReader pushes 128 ROFRecords,213930 compact clusters at entry 0
[1994923:tpc-track-reader]: [12:47:54][INFO] Will use MC-truth from TPCTracksMCTruth
[1994923:tpc-track-reader]: [12:47:54][INFO] Loaded tree from tpctracks.root with 1 entries
[1994927:trd-globaltracking_TPC_FT0_ITS-TPC_]: [12:47:54][STATE] INITIALIZING TASK ---> READY
[1994927:trd-globaltracking_TPC_FT0_ITS-TPC_]: [12:47:54][STATE] READY ---> RUNNING
[1994927:trd-globaltracking_TPC_FT0_ITS-TPC_]: [12:47:54][INFO] fair::mq::Device running...
[1994927:trd-globaltracking_TPC_FT0_ITS-TPC_]: [12:47:54][INFO] LHCPeriod is not available, using current month OCT
[1994927:trd-globaltracking_TPC_FT0_ITS-TPC_]: [12:47:54][INFO] Correctly handshaken websocket connection.
[1994923:tpc-track-reader]: [12:47:54][STATE] INITIALIZING DEVICE ---> INITIALIZED
[1994923:tpc-track-reader]: [12:47:54][STATE] INITIALIZED ---> BINDING
[1994923:tpc-track-reader]: [12:47:54][STATE] BINDING ---> BOUND
[1994923:tpc-track-reader]: [12:47:54][STATE] BOUND ---> CONNECTING
[1994923:tpc-track-reader]: [12:47:54][STATE] CONNECTING ---> DEVICE READY
[1994923:tpc-track-reader]: [12:47:54][STATE] DEVICE READY ---> INITIALIZING TASK
[1994923:tpc-track-reader]: [12:47:54][STATE] INITIALIZING TASK ---> READY
[1994923:tpc-track-reader]: [12:47:54][STATE] READY ---> RUNNING
[1994923:tpc-track-reader]: [12:47:54][INFO] fair::mq::Device running...
[1994923:tpc-track-reader]: [12:47:54][INFO] LHCPeriod is not available, using current month OCT
[1994928:trd-track-writer-tpc]: [WARN] MC-truth is not supported for FT0 recpoints currently
[1994921:its-cluster-reader]: [12:47:54][INFO] Sending end-of-stream message to channel from_its-cluster-reader_to_trd-globaltracking_TPC_FT0_ITS-TPC_
[1994921:its-cluster-reader]: [12:47:54][INFO] Sending end-of-stream message to channel from_its-cluster-reader_to_internal-dpl-injected-dummy-sink
[1994921:its-cluster-reader]: [12:47:54][INFO] Correctly handshaken websocket connection.
[1994928:trd-track-writer-tpc]: [INFO] Instrumenting crash signals
[1994928:trd-track-writer-tpc]: [INFO] Spawing new device trd-track-writer-tpc in process with pid 1994928
[1994925:internal-dpl-ccdb-backend]: [WARN] MC-truth is not supported for FT0 recpoints currently
[1994928:trd-track-writer-tpc]: [12:47:54][INFO] 
[1994928:trd-track-writer-tpc]:       ______      _    _______  _________ 
[1994928:trd-track-writer-tpc]:      / ____/___ _(_)_______   |/  /_  __ \    version 1.8.0
[1994928:trd-track-writer-tpc]:     / /_  / __ `/ / ___/__  /|_/ /_  / / /    build RELWITHDEBINFO
[1994928:trd-track-writer-tpc]:    / __/ / /_/ / / /    _  /  / / / /_/ /     https://github.com/FairRootGroup/FairMQ
[1994928:trd-track-writer-tpc]:   /_/    \__,_/_/_/     /_/  /_/  \___\_\     LGPL-3.0  © 2012-2023 GSI
[1994928:trd-track-writer-tpc]: 
[1994928:trd-track-writer-tpc]: [12:47:54][STATE] Starting FairMQ state machine --> IDLE
[1994928:trd-track-writer-tpc]: [12:47:54][STATE] IDLE ---> INITIALIZING DEVICE
[1994920:TRDTrackletReader]: [12:47:54][INFO] Loaded tree from trdtracklets.root with 1 entries
[1994920:TRDTrackletReader]: [12:47:54][INFO] Loaded tree from trdcalibratedtracklets.root with 1 entries
[1994928:trd-track-writer-tpc]: [12:47:54][INFO] 0: branch  tracks set up
[1994928:trd-track-writer-tpc]: [12:47:54][INFO] 1: branch  trgrec set up
[1994928:trd-track-writer-tpc]: [12:47:54][INFO] 2: branch  labelsTRD set up
[1994928:trd-track-writer-tpc]: [12:47:54][INFO] 3: branch  labels set up
[1994928:trd-track-writer-tpc]: [12:47:54][STATE] INITIALIZING DEVICE ---> INITIALIZED
[1994928:trd-track-writer-tpc]: [12:47:54][STATE] INITIALIZED ---> BINDING
[1994928:trd-track-writer-tpc]: [12:47:54][STATE] BINDING ---> BOUND
[1994928:trd-track-writer-tpc]: [12:47:54][STATE] BOUND ---> CONNECTING
[1994928:trd-track-writer-tpc]: [12:47:54][STATE] CONNECTING ---> DEVICE READY
[1994928:trd-track-writer-tpc]: [12:47:54][STATE] DEVICE READY ---> INITIALIZING TASK
[1994928:trd-track-writer-tpc]: [12:47:54][STATE] INITIALIZING TASK ---> READY
[1994928:trd-track-writer-tpc]: [12:47:54][STATE] READY ---> RUNNING
[1994928:trd-track-writer-tpc]: [12:47:54][INFO] fair::mq::Device running...
[1994928:trd-track-writer-tpc]: [12:47:54][INFO] LHCPeriod is not available, using current month OCT
[1994928:trd-track-writer-tpc]: [12:47:54][INFO] Correctly handshaken websocket connection.
[1994920:TRDTrackletReader]: [12:47:54][STATE] INITIALIZING DEVICE ---> INITIALIZED
[1994920:TRDTrackletReader]: [12:47:54][STATE] INITIALIZED ---> BINDING
[1994920:TRDTrackletReader]: [12:47:54][STATE] BINDING ---> BOUND
[1994920:TRDTrackletReader]: [12:47:54][STATE] BOUND ---> CONNECTING
[1994920:TRDTrackletReader]: [12:47:54][STATE] CONNECTING ---> DEVICE READY
[1994920:TRDTrackletReader]: [12:47:54][STATE] DEVICE READY ---> INITIALIZING TASK
[1994920:TRDTrackletReader]: [12:47:54][STATE] INITIALIZING TASK ---> READY
[1994920:TRDTrackletReader]: [12:47:54][STATE] READY ---> RUNNING
[1994920:TRDTrackletReader]: [12:47:54][INFO] fair::mq::Device running...
[1994920:TRDTrackletReader]: [12:47:54][INFO] LHCPeriod is not available, using current month OCT
[1994925:internal-dpl-ccdb-backend]: [INFO] Instrumenting crash signals
[1994920:TRDTrackletReader]: [12:47:54][INFO] Pushing 29 TRD trigger records at entry 0
[1994920:TRDTrackletReader]: [12:47:54][INFO] Pushing 37839 uncalibrated TRD tracklets for these trigger records
[1994920:TRDTrackletReader]: [12:47:54][INFO] Pushing 37839 calibrated TRD tracklets for these trigger records
[1994920:TRDTrackletReader]: [12:47:54][INFO] Pushing 29 flags for the given TRD trigger records
[1994920:TRDTrackletReader]: [12:47:54][INFO] Pushing 50422 TRD tracklet labels
[1994925:internal-dpl-ccdb-backend]: [INFO] Spawing new device internal-dpl-ccdb-backend in process with pid 1994925
[1994925:internal-dpl-ccdb-backend]: [12:47:54][INFO] 
[1994925:internal-dpl-ccdb-backend]:       ______      _    _______  _________ 
[1994925:internal-dpl-ccdb-backend]:      / ____/___ _(_)_______   |/  /_  __ \    version 1.8.0
[1994925:internal-dpl-ccdb-backend]:     / /_  / __ `/ / ___/__  /|_/ /_  / / /    build RELWITHDEBINFO
[1994925:internal-dpl-ccdb-backend]:    / __/ / /_/ / / /    _  /  / / / /_/ /     https://github.com/FairRootGroup/FairMQ
[1994925:internal-dpl-ccdb-backend]:   /_/    \__,_/_/_/     /_/  /_/  \___\_\     LGPL-3.0  © 2012-2023 GSI
[1994925:internal-dpl-ccdb-backend]: 
[1994925:internal-dpl-ccdb-backend]: [12:47:54][STATE] Starting FairMQ state machine --> IDLE
[1994925:internal-dpl-ccdb-backend]: [12:47:54][STATE] IDLE ---> INITIALIZING DEVICE
[1994925:internal-dpl-ccdb-backend]: [12:47:54][INFO] CCDB Backend at: http://alice-ccdb.cern.ch, validity check for every 2147483647 TF
[1994925:internal-dpl-ccdb-backend]: [12:47:54][INFO] Init CcdApi with UserAgentID: localhost.localdomain-1697194074-Xpzj1N, Host: http://alice-ccdb.cern.ch
[1994925:internal-dpl-ccdb-backend]: [12:47:54][INFO] Initialised default CCDB host http://alice-ccdb.cern.ch
[1994925:internal-dpl-ccdb-backend]: [12:47:54][INFO] The following route is a condition TPC/CorrMapRef/0
[1994925:internal-dpl-ccdb-backend]: [12:47:54][INFO] - ccdb-path: TPC/Calib/CorrectionMapRefV2
[1994925:internal-dpl-ccdb-backend]: [12:47:54][INFO] The following route is a condition TPC/VDriftTgl/0
[1994925:internal-dpl-ccdb-backend]: [12:47:54][INFO] - ccdb-path: TPC/Calib/VDriftTgl
[1994925:internal-dpl-ccdb-backend]: [12:47:54][INFO] The following route is a condition GLO/GRPMAGFIELD/0
[1994925:internal-dpl-ccdb-backend]: [12:47:54][INFO] - ccdb-path: GLO/Config/GRPMagField
[1994925:internal-dpl-ccdb-backend]: [12:47:54][INFO] The following route is a condition GLO/MATLUT/0
[1994925:internal-dpl-ccdb-backend]: [12:47:54][INFO] - ccdb-path: GLO/Param/MatLUT
[1994925:internal-dpl-ccdb-backend]: [12:47:54][INFO] The following route is a condition ITS/CLUSDICT/0
[1994925:internal-dpl-ccdb-backend]: [12:47:54][INFO] - ccdb-path: ITS/Calib/ClusterDictionary
[1994925:internal-dpl-ccdb-backend]: [12:47:54][INFO] The following route is a condition ITS/ALPIDEPARAM/0
[1994925:internal-dpl-ccdb-backend]: [12:47:54][INFO] - ccdb-path: ITS/Config/AlpideParam
[1994925:internal-dpl-ccdb-backend]: [12:47:54][INFO] The following route is a condition TPC/CorrMap/0
[1994925:internal-dpl-ccdb-backend]: [12:47:54][INFO] - ccdb-path: TPC/Calib/CorrectionMapV2
[1994925:internal-dpl-ccdb-backend]: [12:47:54][INFO] The following route is a condition TPC/CalibLaserTracks/0
[1994925:internal-dpl-ccdb-backend]: [12:47:54][INFO] - ccdb-path: TPC/Calib/LaserTracks
[1994925:internal-dpl-ccdb-backend]: [12:47:54][INFO] The following route is a condition GLO/GEOMALIGN/0
[1994925:internal-dpl-ccdb-backend]: [12:47:54][INFO] - ccdb-path: GLO/Config/GeometryAligned
[1994925:internal-dpl-ccdb-backend]: [12:47:54][STATE] INITIALIZING DEVICE ---> INITIALIZED
[1994925:internal-dpl-ccdb-backend]: [12:47:54][STATE] INITIALIZED ---> BINDING
[1994925:internal-dpl-ccdb-backend]: [12:47:54][STATE] BINDING ---> BOUND
[1994925:internal-dpl-ccdb-backend]: [12:47:54][STATE] BOUND ---> CONNECTING
[1994925:internal-dpl-ccdb-backend]: [12:47:54][STATE] CONNECTING ---> DEVICE READY
[1994925:internal-dpl-ccdb-backend]: [12:47:54][STATE] DEVICE READY ---> INITIALIZING TASK
[1994925:internal-dpl-ccdb-backend]: [12:47:54][STATE] INITIALIZING TASK ---> READY
[1994925:internal-dpl-ccdb-backend]: [12:47:54][STATE] READY ---> RUNNING
[1994925:internal-dpl-ccdb-backend]: [12:47:54][INFO] fair::mq::Device running...
[1994925:internal-dpl-ccdb-backend]: [12:47:54][INFO] LHCPeriod is not available, using current month OCT
[1994925:internal-dpl-ccdb-backend]: [12:47:54][INFO] Correctly handshaken websocket connection.
[1994923:tpc-track-reader]: [12:47:54][INFO] TPCTrackReader pushes 30591 tracks from entries 0 : 0
[1994922:itstpc-track-reader]: [WARN] MC-truth is not supported for FT0 recpoints currently
[1994923:tpc-track-reader]: [12:47:54][INFO] Sending end-of-stream message to channel from_tpc-track-reader_to_tpc-clusters-sharing-map-producer
[1994923:tpc-track-reader]: [12:47:54][INFO] Sending end-of-stream message to channel from_tpc-track-reader_to_trd-globaltracking_TPC_FT0_ITS-TPC_
[1994923:tpc-track-reader]: [12:47:54][INFO] Correctly handshaken websocket connection.
[1994920:TRDTrackletReader]: [12:47:54][INFO] Sending end-of-stream message to channel from_TRDTrackletReader_to_internal-dpl-ccdb-backend
[1994920:TRDTrackletReader]: [12:47:54][INFO] Sending end-of-stream message to channel from_TRDTrackletReader_to_trd-globaltracking_TPC_FT0_ITS-TPC_
[1994920:TRDTrackletReader]: [12:47:54][INFO] Correctly handshaken websocket connection.
[1994922:itstpc-track-reader]: [INFO] Instrumenting crash signals
[1994922:itstpc-track-reader]: [INFO] Spawing new device itstpc-track-reader in process with pid 1994922
[1994922:itstpc-track-reader]: [12:47:54][INFO] 
[1994922:itstpc-track-reader]:       ______      _    _______  _________ 
[1994922:itstpc-track-reader]:      / ____/___ _(_)_______   |/  /_  __ \    version 1.8.0
[1994922:itstpc-track-reader]:     / /_  / __ `/ / ___/__  /|_/ /_  / / /    build RELWITHDEBINFO
[1994922:itstpc-track-reader]:    / __/ / /_/ / / /    _  /  / / / /_/ /     https://github.com/FairRootGroup/FairMQ
[1994922:itstpc-track-reader]:   /_/    \__,_/_/_/     /_/  /_/  \___\_\     LGPL-3.0  © 2012-2023 GSI
[1994922:itstpc-track-reader]: 
[1994922:itstpc-track-reader]: [12:47:54][STATE] Starting FairMQ state machine --> IDLE
[1994922:itstpc-track-reader]: [12:47:54][STATE] IDLE ---> INITIALIZING DEVICE
[1994919:its-track-reader]: [12:47:54][INFO] Loaded tree from o2trac_its.root with 1 entries
[1994919:its-track-reader]: [12:47:54][STATE] INITIALIZING DEVICE ---> INITIALIZED
[1994919:its-track-reader]: [12:47:54][STATE] INITIALIZED ---> BINDING
[1994919:its-track-reader]: [12:47:54][STATE] BINDING ---> BOUND
[1994919:its-track-reader]: [12:47:54][STATE] BOUND ---> CONNECTING
[1994919:its-track-reader]: [12:47:54][STATE] CONNECTING ---> DEVICE READY
[1994919:its-track-reader]: [12:47:54][STATE] DEVICE READY ---> INITIALIZING TASK
[1994919:its-track-reader]: [12:47:54][STATE] INITIALIZING TASK ---> READY
[1994919:its-track-reader]: [12:47:54][STATE] READY ---> RUNNING
[1994919:its-track-reader]: [12:47:54][INFO] fair::mq::Device running...
[1994919:its-track-reader]: [12:47:54][INFO] LHCPeriod is not available, using current month OCT
[1994919:its-track-reader]: [12:47:54][INFO] Pushing 15771 track in 128 ROFs at entry 0
[1994919:its-track-reader]: [12:47:54][INFO] Sending end-of-stream message to channel from_its-track-reader_to_trd-globaltracking_TPC_FT0_ITS-TPC_
[1994919:its-track-reader]: [12:47:54][INFO] Sending end-of-stream message to channel from_its-track-reader_to_internal-dpl-injected-dummy-sink
[1994919:its-track-reader]: [12:47:54][INFO] Correctly handshaken websocket connection.
[1994918:tpc-native-cluster-reader]: [12:47:55][INFO] branch set up: TPCClusterNativeMCTruth_0
[1994918:tpc-native-cluster-reader]: [12:47:55][INFO] binary branch set up: TPCClusterNative_0
[1994918:tpc-native-cluster-reader]: [12:47:55][INFO] branch set up: TPCClusterNativeMCTruth_1
[1994918:tpc-native-cluster-reader]: [12:47:55][INFO] binary branch set up: TPCClusterNative_1
[1994918:tpc-native-cluster-reader]: [12:47:55][INFO] branch set up: TPCClusterNativeMCTruth_2
[1994918:tpc-native-cluster-reader]: [12:47:55][INFO] binary branch set up: TPCClusterNative_2
[1994918:tpc-native-cluster-reader]: [12:47:55][INFO] branch set up: TPCClusterNativeMCTruth_3
[1994918:tpc-native-cluster-reader]: [12:47:55][INFO] binary branch set up: TPCClusterNative_3
[1994918:tpc-native-cluster-reader]: [12:47:55][INFO] branch set up: TPCClusterNativeMCTruth_4
[1994918:tpc-native-cluster-reader]: [12:47:55][INFO] binary branch set up: TPCClusterNative_4
[1994918:tpc-native-cluster-reader]: [12:47:55][INFO] branch set up: TPCClusterNativeMCTruth_5
[1994918:tpc-native-cluster-reader]: [12:47:55][INFO] binary branch set up: TPCClusterNative_5
[1994918:tpc-native-cluster-reader]: [12:47:55][INFO] branch set up: TPCClusterNativeMCTruth_6
[1994918:tpc-native-cluster-reader]: [12:47:55][INFO] binary branch set up: TPCClusterNative_6
[1994918:tpc-native-cluster-reader]: [12:47:55][INFO] branch set up: TPCClusterNativeMCTruth_7
[1994918:tpc-native-cluster-reader]: [12:47:55][INFO] binary branch set up: TPCClusterNative_7
[1994918:tpc-native-cluster-reader]: [12:47:55][INFO] branch set up: TPCClusterNativeMCTruth_8
[1994918:tpc-native-cluster-reader]: [12:47:55][INFO] binary branch set up: TPCClusterNative_8
[1994918:tpc-native-cluster-reader]: [12:47:55][INFO] branch set up: TPCClusterNativeMCTruth_9
[1994918:tpc-native-cluster-reader]: [12:47:55][INFO] binary branch set up: TPCClusterNative_9
[1994918:tpc-native-cluster-reader]: [12:47:55][INFO] branch set up: TPCClusterNativeMCTruth_10
[1994918:tpc-native-cluster-reader]: [12:47:55][INFO] binary branch set up: TPCClusterNative_10
[1994918:tpc-native-cluster-reader]: [12:47:55][INFO] branch set up: TPCClusterNativeMCTruth_11
[1994918:tpc-native-cluster-reader]: [12:47:55][INFO] binary branch set up: TPCClusterNative_11
[1994918:tpc-native-cluster-reader]: [12:47:55][INFO] branch set up: TPCClusterNativeMCTruth_12
[1994918:tpc-native-cluster-reader]: [12:47:55][INFO] binary branch set up: TPCClusterNative_12
[1994918:tpc-native-cluster-reader]: [12:47:55][INFO] branch set up: TPCClusterNativeMCTruth_13
[1994918:tpc-native-cluster-reader]: [12:47:55][INFO] binary branch set up: TPCClusterNative_13
[1994918:tpc-native-cluster-reader]: [12:47:55][INFO] branch set up: TPCClusterNativeMCTruth_14
[1994918:tpc-native-cluster-reader]: [12:47:55][INFO] binary branch set up: TPCClusterNative_14
[1994918:tpc-native-cluster-reader]: [12:47:55][INFO] branch set up: TPCClusterNativeMCTruth_15
[1994918:tpc-native-cluster-reader]: [12:47:55][INFO] binary branch set up: TPCClusterNative_15
[1994918:tpc-native-cluster-reader]: [12:47:55][INFO] branch set up: TPCClusterNativeMCTruth_16
[1994918:tpc-native-cluster-reader]: [12:47:55][INFO] binary branch set up: TPCClusterNative_16
[1994918:tpc-native-cluster-reader]: [12:47:55][INFO] branch set up: TPCClusterNativeMCTruth_17
[1994918:tpc-native-cluster-reader]: [12:47:55][INFO] binary branch set up: TPCClusterNative_17
[1994918:tpc-native-cluster-reader]: [12:47:55][INFO] branch set up: TPCClusterNativeMCTruth_18
[1994918:tpc-native-cluster-reader]: [12:47:55][INFO] binary branch set up: TPCClusterNative_18
[1994918:tpc-native-cluster-reader]: [12:47:55][INFO] branch set up: TPCClusterNativeMCTruth_19
[1994918:tpc-native-cluster-reader]: [12:47:55][INFO] binary branch set up: TPCClusterNative_19
[1994918:tpc-native-cluster-reader]: [12:47:55][INFO] branch set up: TPCClusterNativeMCTruth_20
[1994918:tpc-native-cluster-reader]: [12:47:55][INFO] binary branch set up: TPCClusterNative_20
[1994918:tpc-native-cluster-reader]: [12:47:55][INFO] branch set up: TPCClusterNativeMCTruth_21
[1994918:tpc-native-cluster-reader]: [12:47:55][INFO] binary branch set up: TPCClusterNative_21
[1994918:tpc-native-cluster-reader]: [12:47:55][INFO] branch set up: TPCClusterNativeMCTruth_22
[1994918:tpc-native-cluster-reader]: [12:47:55][INFO] binary branch set up: TPCClusterNative_22
[1994918:tpc-native-cluster-reader]: [12:47:55][INFO] branch set up: TPCClusterNativeMCTruth_23
[1994918:tpc-native-cluster-reader]: [12:47:55][INFO] binary branch set up: TPCClusterNative_23
[1994918:tpc-native-cluster-reader]: [12:47:55][INFO] branch set up: TPCClusterNativeMCTruth_24
[1994918:tpc-native-cluster-reader]: [12:47:55][INFO] binary branch set up: TPCClusterNative_24
[1994918:tpc-native-cluster-reader]: [12:47:55][INFO] branch set up: TPCClusterNativeMCTruth_25
[1994918:tpc-native-cluster-reader]: [12:47:55][INFO] binary branch set up: TPCClusterNative_25
[1994918:tpc-native-cluster-reader]: [12:47:55][INFO] branch set up: TPCClusterNativeMCTruth_26
[1994918:tpc-native-cluster-reader]: [12:47:55][INFO] binary branch set up: TPCClusterNative_26
[1994918:tpc-native-cluster-reader]: [12:47:55][INFO] branch set up: TPCClusterNativeMCTruth_27
[1994918:tpc-native-cluster-reader]: [12:47:55][INFO] binary branch set up: TPCClusterNative_27
[1994918:tpc-native-cluster-reader]: [12:47:55][INFO] branch set up: TPCClusterNativeMCTruth_28
[1994918:tpc-native-cluster-reader]: [12:47:55][INFO] binary branch set up: TPCClusterNative_28
[1994918:tpc-native-cluster-reader]: [12:47:55][INFO] branch set up: TPCClusterNativeMCTruth_29
[1994918:tpc-native-cluster-reader]: [12:47:55][INFO] binary branch set up: TPCClusterNative_29
[1994918:tpc-native-cluster-reader]: [12:47:55][INFO] branch set up: TPCClusterNativeMCTruth_30
[1994918:tpc-native-cluster-reader]: [12:47:55][INFO] binary branch set up: TPCClusterNative_30
[1994918:tpc-native-cluster-reader]: [12:47:55][INFO] branch set up: TPCClusterNativeMCTruth_31
[1994918:tpc-native-cluster-reader]: [12:47:55][INFO] binary branch set up: TPCClusterNative_31
[1994918:tpc-native-cluster-reader]: [12:47:55][INFO] branch set up: TPCClusterNativeMCTruth_32
[1994918:tpc-native-cluster-reader]: [12:47:55][INFO] binary branch set up: TPCClusterNative_32
[1994918:tpc-native-cluster-reader]: [12:47:55][INFO] branch set up: TPCClusterNativeMCTruth_33
[1994918:tpc-native-cluster-reader]: [12:47:55][INFO] binary branch set up: TPCClusterNative_33
[1994918:tpc-native-cluster-reader]: [12:47:55][INFO] branch set up: TPCClusterNativeMCTruth_34
[1994918:tpc-native-cluster-reader]: [12:47:55][INFO] binary branch set up: TPCClusterNative_34
[1994918:tpc-native-cluster-reader]: [12:47:55][INFO] branch set up: TPCClusterNativeMCTruth_35
[1994918:tpc-native-cluster-reader]: [12:47:55][INFO] binary branch set up: TPCClusterNative_35
[1994918:tpc-native-cluster-reader]: [12:47:55][STATE] INITIALIZING DEVICE ---> INITIALIZED
[1994918:tpc-native-cluster-reader]: [12:47:55][STATE] INITIALIZED ---> BINDING
[1994924:ft0-recpoints-reader]: [12:47:55][INFO] Loaded FT0 RecPoints tree from o2reco_ft0.root with 1 entries
[1994924:ft0-recpoints-reader]: [12:47:55][STATE] INITIALIZING DEVICE ---> INITIALIZED
[1994924:ft0-recpoints-reader]: [12:47:55][STATE] INITIALIZED ---> BINDING
[1994924:ft0-recpoints-reader]: [12:47:55][STATE] BINDING ---> BOUND
[1994924:ft0-recpoints-reader]: [12:47:55][STATE] BOUND ---> CONNECTING
[1994924:ft0-recpoints-reader]: [12:47:55][STATE] CONNECTING ---> DEVICE READY
[1994924:ft0-recpoints-reader]: [12:47:55][STATE] DEVICE READY ---> INITIALIZING TASK
[1994924:ft0-recpoints-reader]: [12:47:55][STATE] INITIALIZING TASK ---> READY
[1994924:ft0-recpoints-reader]: [12:47:55][STATE] READY ---> RUNNING
[1994924:ft0-recpoints-reader]: [12:47:55][INFO] fair::mq::Device running...
[1994924:ft0-recpoints-reader]: [12:47:55][INFO] LHCPeriod is not available, using current month OCT
[1994918:tpc-native-cluster-reader]: [12:47:55][STATE] BINDING ---> BOUND
[1994918:tpc-native-cluster-reader]: [12:47:55][STATE] BOUND ---> CONNECTING
[1994918:tpc-native-cluster-reader]: [12:47:55][STATE] CONNECTING ---> DEVICE READY
[1994918:tpc-native-cluster-reader]: [12:47:55][STATE] DEVICE READY ---> INITIALIZING TASK
[1994918:tpc-native-cluster-reader]: [12:47:55][STATE] INITIALIZING TASK ---> READY
[1994918:tpc-native-cluster-reader]: [12:47:55][STATE] READY ---> RUNNING
[1994918:tpc-native-cluster-reader]: [12:47:55][INFO] fair::mq::Device running...
[1994918:tpc-native-cluster-reader]: [12:47:55][INFO] LHCPeriod is not available, using current month OCT
[1994918:tpc-native-cluster-reader]: [12:47:55][INFO] branch TPCClusterNative_0: publishing binary chunk of 6438336 bytes(s)
[1994924:ft0-recpoints-reader]: [12:47:55][INFO] Sending end-of-stream message to channel from_ft0-recpoints-reader_to_trd-globaltracking_TPC_FT0_ITS-TPC_
[1994924:ft0-recpoints-reader]: [12:47:55][INFO] Correctly handshaken websocket connection.
[1994918:tpc-native-cluster-reader]: [12:47:55][INFO] branch TPCClusterNative_1: publishing binary chunk of 6615060 bytes(s)
[1994922:itstpc-track-reader]: [12:47:55][INFO] Loaded tree from o2match_itstpc.root with 1 entries
[1994922:itstpc-track-reader]: [12:47:55][STATE] INITIALIZING DEVICE ---> INITIALIZED
[1994922:itstpc-track-reader]: [12:47:55][STATE] INITIALIZED ---> BINDING
[1994922:itstpc-track-reader]: [12:47:55][STATE] BINDING ---> BOUND
[1994922:itstpc-track-reader]: [12:47:55][STATE] BOUND ---> CONNECTING
[1994922:itstpc-track-reader]: [12:47:55][STATE] CONNECTING ---> DEVICE READY
[1994922:itstpc-track-reader]: [12:47:55][STATE] DEVICE READY ---> INITIALIZING TASK
[1994922:itstpc-track-reader]: [12:47:55][STATE] INITIALIZING TASK ---> READY
[1994922:itstpc-track-reader]: [12:47:55][STATE] READY ---> RUNNING
[1994922:itstpc-track-reader]: [12:47:55][INFO] fair::mq::Device running...
[1994922:itstpc-track-reader]: [12:47:55][INFO] LHCPeriod is not available, using current month OCT
[1994918:tpc-native-cluster-reader]: [12:47:55][INFO] branch TPCClusterNative_2: publishing binary chunk of 6564876 bytes(s)
[1994922:itstpc-track-reader]: [12:47:55][INFO] Pushing 8701 TPC-ITS matches at entry 0
[1994918:tpc-native-cluster-reader]: [12:47:55][INFO] branch TPCClusterNative_3: publishing binary chunk of 1241136 bytes(s)
[1994918:tpc-native-cluster-reader]: [12:47:55][INFO] branch TPCClusterNative_4: publishing binary chunk of 378156 bytes(s)
[1994918:tpc-native-cluster-reader]: [12:47:55][INFO] branch TPCClusterNative_5: publishing binary chunk of 252276 bytes(s)
[1994918:tpc-native-cluster-reader]: [12:47:55][INFO] branch TPCClusterNative_6: publishing binary chunk of 184476 bytes(s)
[1994918:tpc-native-cluster-reader]: [12:47:55][INFO] branch TPCClusterNative_7: publishing binary chunk of 142692 bytes(s)
[1994918:tpc-native-cluster-reader]: [12:47:55][INFO] branch TPCClusterNative_8: publishing binary chunk of 97392 bytes(s)
[1994918:tpc-native-cluster-reader]: [12:47:55][INFO] branch TPCClusterNative_9: publishing binary chunk of 76464 bytes(s)
[1994918:tpc-native-cluster-reader]: [12:47:55][INFO] branch TPCClusterNative_10: publishing binary chunk of 65292 bytes(s)
[1994918:tpc-native-cluster-reader]: [12:47:55][INFO] branch TPCClusterNative_11: publishing binary chunk of 65964 bytes(s)
[1994918:tpc-native-cluster-reader]: [12:47:55][INFO] branch TPCClusterNative_12: publishing binary chunk of 68208 bytes(s)
[1994918:tpc-native-cluster-reader]: [12:47:55][INFO] branch TPCClusterNative_13: publishing binary chunk of 78684 bytes(s)
[1994918:tpc-native-cluster-reader]: [12:47:55][INFO] branch TPCClusterNative_14: publishing binary chunk of 99672 bytes(s)
[1994918:tpc-native-cluster-reader]: [12:47:55][INFO] branch TPCClusterNative_15: publishing binary chunk of 189792 bytes(s)
[1994918:tpc-native-cluster-reader]: [12:47:55][INFO] branch TPCClusterNative_16: publishing binary chunk of 278280 bytes(s)
[1994918:tpc-native-cluster-reader]: [12:47:56][INFO] branch TPCClusterNative_17: publishing binary chunk of 1242108 bytes(s)
[1994922:itstpc-track-reader]: [12:47:56][INFO] Sending end-of-stream message to channel from_itstpc-track-reader_to_trd-globaltracking_TPC_FT0_ITS-TPC_
[1994922:itstpc-track-reader]: [12:47:56][INFO] Correctly handshaken websocket connection.
[1994918:tpc-native-cluster-reader]: [12:47:56][INFO] branch TPCClusterNative_18: publishing binary chunk of 6356124 bytes(s)
[1994918:tpc-native-cluster-reader]: [12:47:56][INFO] branch TPCClusterNative_19: publishing binary chunk of 6475476 bytes(s)
[1994918:tpc-native-cluster-reader]: [12:47:56][INFO] branch TPCClusterNative_20: publishing binary chunk of 6517692 bytes(s)
[1994918:tpc-native-cluster-reader]: [12:47:56][INFO] branch TPCClusterNative_21: publishing binary chunk of 1211784 bytes(s)
[1994918:tpc-native-cluster-reader]: [12:47:56][INFO] branch TPCClusterNative_22: publishing binary chunk of 407424 bytes(s)
[1994918:tpc-native-cluster-reader]: [12:47:56][INFO] branch TPCClusterNative_23: publishing binary chunk of 285048 bytes(s)
[1994918:tpc-native-cluster-reader]: [12:47:56][INFO] branch TPCClusterNative_24: publishing binary chunk of 218124 bytes(s)
[1994918:tpc-native-cluster-reader]: [12:47:56][INFO] branch TPCClusterNative_25: publishing binary chunk of 156228 bytes(s)
[1994918:tpc-native-cluster-reader]: [12:47:56][INFO] branch TPCClusterNative_26: publishing binary chunk of 124476 bytes(s)
[1994918:tpc-native-cluster-reader]: [12:47:56][INFO] branch TPCClusterNative_27: publishing binary chunk of 84480 bytes(s)
[1994918:tpc-native-cluster-reader]: [12:47:56][INFO] branch TPCClusterNative_28: publishing binary chunk of 80508 bytes(s)
[1994918:tpc-native-cluster-reader]: [12:47:56][INFO] branch TPCClusterNative_29: publishing binary chunk of 78288 bytes(s)
[1994918:tpc-native-cluster-reader]: [12:47:56][INFO] branch TPCClusterNative_30: publishing binary chunk of 79908 bytes(s)
[1994918:tpc-native-cluster-reader]: [12:47:56][INFO] branch TPCClusterNative_31: publishing binary chunk of 92544 bytes(s)
[1994918:tpc-native-cluster-reader]: [12:47:56][INFO] branch TPCClusterNative_32: publishing binary chunk of 122040 bytes(s)
[1994918:tpc-native-cluster-reader]: [12:47:56][INFO] branch TPCClusterNative_33: publishing binary chunk of 186456 bytes(s)
[1994918:tpc-native-cluster-reader]: [12:47:56][INFO] branch TPCClusterNative_34: publishing binary chunk of 310128 bytes(s)
[1994918:tpc-native-cluster-reader]: [12:47:56][INFO] branch TPCClusterNative_35: publishing binary chunk of 1233372 bytes(s)
[1994918:tpc-native-cluster-reader]: [12:47:56][INFO] Correctly handshaken websocket connection.
[1994918:tpc-native-cluster-reader]: [12:47:56][INFO] Sending end-of-stream message to channel from_tpc-native-cluster-reader_to_tpc-clusters-sharing-map-producer
[1994918:tpc-native-cluster-reader]: [12:47:56][INFO] Sending end-of-stream message to channel from_tpc-native-cluster-reader_to_internal-dpl-injected-dummy-sink
[1994926:tpc-clusters-sharing-map-producer]: [12:47:56][INFO] Timing for TPC clusters sharing map creation: Cpu: 3.000e-02 Real: 3.198e-02 s
[1994926:tpc-clusters-sharing-map-producer]: [12:47:56][INFO] Sending end-of-stream message to channel from_tpc-clusters-sharing-map-producer_to_trd-globaltracking_TPC_FT0_ITS-TPC_
[1994925:internal-dpl-ccdb-backend]: Info in <TJAlienConnectionManager>: Opening connection to JCentral. Please wait
[1994925:internal-dpl-ccdb-backend]: Info in <TJAlienConnectionManager>: Opening connection to 137.138.99.136
[1994925:internal-dpl-ccdb-backend]: Info in <TJAlienConnectionManager>: Successfully connected to 137.138.99.136
[1994925:internal-dpl-ccdb-backend]: Info in <TJAlienFile::Open>: Accessing file /alice/data/CCDB/CTP/Calib/OrbitReset/06/62200/b9f985c3-b4b0-11ec-8fd3-90ce809b24ee in SE <ALICE::CERN::EOS>
[1994925:internal-dpl-ccdb-backend]: [12:47:57][INFO] ccdb reads http://alice-ccdb.cern.ch/CTP/Calib/OrbitReset/1546300800000/b9f985c3-b4b0-11ec-8fd3-90ce809b24ee for 1546300800000 (load to memory, agent_id: localhost.localdomain-1697194074-Xpzj1N), 
[1994925:internal-dpl-ccdb-backend]: Info in <TJAlienFile::Open>: Accessing file /alice/data/CCDB/TPC/Calib/CorrectionMapRefV2/10/16377/1f4bfb7e-3a84-11ee-a1e3-200114580202 in SE <ALICE::CERN::OCDB>
[1994925:internal-dpl-ccdb-backend]: [12:47:57][INFO] ccdb reads http://alice-ccdb.cern.ch/TPC/Calib/CorrectionMapRefV2/1/1f4bfb7e-3a84-11ee-a1e3-200114580202 for 1546300800000 (load to memory, agent_id: localhost.localdomain-1697194074-Xpzj1N), 
[1994925:internal-dpl-ccdb-backend]: Info in <TJAlienFile::Open>: Accessing file /alice/data/CCDB/TPC/Calib/VDriftTgl/04/00148/01683855-2e90-11ed-ac0b-200114580202 in SE <ALICE::CERN::OCDB>
[1994925:internal-dpl-ccdb-backend]: [12:47:57][INFO] ccdb reads http://alice-ccdb.cern.ch/TPC/Calib/VDriftTgl/1546300800000/01683855-2e90-11ed-ac0b-200114580202 for 1546300800000 (load to memory, agent_id: localhost.localdomain-1697194074-Xpzj1N), 
[1994925:internal-dpl-ccdb-backend]: Info in <TJAlienFile::Open>: Accessing file /alice/data/CCDB/GLO/Config/GRPMagField/06/62924/01d633ab-efdf-11ec-841e-2a010e0a0b16 in SE <ALICE::CERN::OCDB>
[1994925:internal-dpl-ccdb-backend]: [12:47:57][INFO] ccdb reads http://alice-ccdb.cern.ch/GLO/Config/GRPMagField/1546300800000/01d633ab-efdf-11ec-841e-2a010e0a0b16 for 1546300800000 (load to memory, agent_id: localhost.localdomain-1697194074-Xpzj1N), 
[1994925:internal-dpl-ccdb-backend]: Info in <TJAlienFile::Open>: Accessing file /alice/data/CCDB/GLO/Param/MatLUT/05/24630/d5a2a33e-dba4-11ec-9e90-2a010e0a0b16 in SE <ALICE::CERN::OCDB>
[1994925:internal-dpl-ccdb-backend]: [12:47:57][INFO] ccdb reads http://alice-ccdb.cern.ch/GLO/Param/MatLUT/1546300800000/d5a2a33e-dba4-11ec-9e90-2a010e0a0b16 for 1546300800000 (load to memory, agent_id: localhost.localdomain-1697194074-Xpzj1N), 
[1994925:internal-dpl-ccdb-backend]: Info in <TJAlienFile::Open>: Accessing file /alice/data/CCDB/ITS/Calib/ClusterDictionary/09/10449/c245a720-9fe3-11ec-975c-200114580202 in SE <ALICE::CERN::OCDB>
[1994925:internal-dpl-ccdb-backend]: [12:47:57][INFO] ccdb reads http://alice-ccdb.cern.ch/ITS/Calib/ClusterDictionary/0/c245a720-9fe3-11ec-975c-200114580202 for 1546300800000 (load to memory, agent_id: localhost.localdomain-1697194074-Xpzj1N), 
[1994925:internal-dpl-ccdb-backend]: Info in <TJAlienFile::Open>: Accessing file /alice/data/CCDB/ITS/Config/AlpideParam/02/10715/76f24ad5-e339-11ec-9e90-200114580204 in SE <ALICE::CERN::OCDB>
[1994925:internal-dpl-ccdb-backend]: [12:47:57][INFO] ccdb reads http://alice-ccdb.cern.ch/ITS/Config/AlpideParam/1546300800000/76f24ad5-e339-11ec-9e90-200114580204 for 1546300800000 (load to memory, agent_id: localhost.localdomain-1697194074-Xpzj1N), 
[1994925:internal-dpl-ccdb-backend]: Info in <TJAlienFile::Open>: Accessing file /alice/data/CCDB/TPC/Calib/CorrectionMapV2/04/24306/188b3306-3a84-11ee-a1e3-200114580202 in SE <ALICE::CERN::OCDB>
[1994925:internal-dpl-ccdb-backend]: [12:47:57][INFO] ccdb reads http://alice-ccdb.cern.ch/TPC/Calib/CorrectionMapV2/1/188b3306-3a84-11ee-a1e3-200114580202 for 1546300800000 (load to memory, agent_id: localhost.localdomain-1697194074-Xpzj1N), 
[1994925:internal-dpl-ccdb-backend]: Info in <TJAlienFile::Open>: Accessing file /alice/data/CCDB/TPC/Calib/LaserTracks/14/60057/dd26d771-0929-11ed-8000-2a010e0a0b16 in SE <ALICE::CERN::OCDB>
[1994925:internal-dpl-ccdb-backend]: [12:47:57][INFO] ccdb reads http://alice-ccdb.cern.ch/TPC/Calib/LaserTracks/1546300800000/dd26d771-0929-11ed-8000-2a010e0a0b16 for 1546300800000 (load to memory, agent_id: localhost.localdomain-1697194074-Xpzj1N), 
[1994925:internal-dpl-ccdb-backend]: Info in <TJAlienFile::Open>: Accessing file /alice/data/CCDB/GLO/Config/GeometryAligned/06/21224/787687c0-287a-11ed-8141-200114580202 in SE <ALICE::CERN::OCDB>
[1994925:internal-dpl-ccdb-backend]: [12:47:57][INFO] ccdb reads http://alice-ccdb.cern.ch/GLO/Config/GeometryAligned/1546300800000/787687c0-287a-11ed-8141-200114580202 for 1546300800000 (load to memory, agent_id: localhost.localdomain-1697194074-Xpzj1N), 
[1994925:internal-dpl-ccdb-backend]: [12:47:57][INFO] Sending end-of-stream message to channel from_internal-dpl-ccdb-backend_to_trd-globaltracking_TPC_FT0_ITS-TPC_
[1994925:internal-dpl-ccdb-backend]: [12:47:57][INFO] Sending end-of-stream message to channel from_internal-dpl-ccdb-backend_to_internal-dpl-injected-dummy-sink
[1994927:trd-globaltracking_TPC_FT0_ITS-TPC_]: [12:47:58][INFO] Caching in 140273396434032 ptr to ITS/ALPIDEPARAM/0 (0x7f9670c0d880)
[1994927:trd-globaltracking_TPC_FT0_ITS-TPC_]: [12:47:58][INFO] cluster dictionary updated
[1994927:trd-globaltracking_TPC_FT0_ITS-TPC_]: [12:47:58][INFO] Caching in 140273483405584 ptr to ITS/CLUSDICT/0 (0x94809e0)
[1994927:trd-globaltracking_TPC_FT0_ITS-TPC_]: [12:47:58][INFO] GRP MagField object updated
[1994927:trd-globaltracking_TPC_FT0_ITS-TPC_]: [12:47:58][INFO] MagneticField::Print: MagneticFieldMap:
[1994927:trd-globaltracking_TPC_FT0_ITS-TPC_]: [12:47:58][INFO] MagneticField::Print: Solenoid (-1*)5 kG, Dipole ON (-1) 
[1994927:trd-globaltracking_TPC_FT0_ITS-TPC_]: [12:47:58][INFO] MagneticField::Print: Machine B fields for p-p  beam (7000 GeV): QGrad: 22.0002 Dipole: 37.8781
[1994927:trd-globaltracking_TPC_FT0_ITS-TPC_]: [12:47:58][INFO] MagneticField::Print: Uses Sol30_Dip6_Hole  of /root/alice/sw/slc9_x86-64/O2/segment-local1/share/Common/maps/mfchebKGI_sym.root
[1994927:trd-globaltracking_TPC_FT0_ITS-TPC_]: Info in <TGeoGlobalMagField::SetField>: Global magnetic field set to <MagneticFieldMap>
[1994927:trd-globaltracking_TPC_FT0_ITS-TPC_]: Info in <TGeoGlobalMagField::Lock>: Global magnetic field <MagneticFieldMap> is now locked
[1994927:trd-globaltracking_TPC_FT0_ITS-TPC_]: [12:47:58][INFO] Caching in 140273396432976 ptr to GLO/GRPMAGFIELD/0 (0x9486b60)
[1994927:trd-globaltracking_TPC_FT0_ITS-TPC_]: [12:47:58][INFO] material LUT updated
[1994927:trd-globaltracking_TPC_FT0_ITS-TPC_]: [12:47:58][INFO] Loaded 440 params from $(O2_ROOT)/share/Common/maps/sol5k.txt
[1994927:trd-globaltracking_TPC_FT0_ITS-TPC_]: [12:47:58][INFO] Caching in 140273424861600 ptr to GLO/MATLUT/0 (0x9486b40)
[1994927:trd-globaltracking_TPC_FT0_ITS-TPC_]: Info in <TGeoManager::CloseGeometry>: Geometry loaded from file...
[1994927:trd-globaltracking_TPC_FT0_ITS-TPC_]: Info in <TGeoManager::SetTopVolume>: Top volume is cave. Master volume is cave
[1994927:trd-globaltracking_TPC_FT0_ITS-TPC_]: Info in <TGeoNavigator::BuildCache>: --- Maximum geometry depth set to 100
[1994927:trd-globaltracking_TPC_FT0_ITS-TPC_]: Info in <TGeoManager::Voxelize>: Voxelizing...
[1994927:trd-globaltracking_TPC_FT0_ITS-TPC_]: Info in <TGeoManager::CountLevels>: max level = 13, max placements = 735
[1994927:trd-globaltracking_TPC_FT0_ITS-TPC_]: Info in <TGeoManager::CloseGeometry>: 5346742 nodes/ 27442 volume UID's in FAIR geometry
[1994927:trd-globaltracking_TPC_FT0_ITS-TPC_]: Info in <TGeoManager::CloseGeometry>: ----------------modeler ready----------------
[1994927:trd-globaltracking_TPC_FT0_ITS-TPC_]: [12:47:58][INFO] aligned geometry updated
[1994927:trd-globaltracking_TPC_FT0_ITS-TPC_]: [12:47:58][INFO] Caching in 140273491889072 ptr to GLO/GEOMALIGN/0 (0xa5b27d0)
[1994927:trd-globaltracking_TPC_FT0_ITS-TPC_]: [12:47:58][INFO] accountLaserCalibration 1 t 10 vs 0
[1994927:trd-globaltracking_TPC_FT0_ITS-TPC_]: [12:47:58][INFO] Caching in 140273483433264 ptr to TPC/CalibLaserTracks/0 (0x5740310)
[1994927:trd-globaltracking_TPC_FT0_ITS-TPC_]: [12:47:58][INFO] accountDriftCorrectionITSTPCTgl 1 t 0 vs 0
[1994927:trd-globaltracking_TPC_FT0_ITS-TPC_]: [12:47:58][INFO] Caching in 140273396430896 ptr to TPC/VDriftTgl/0 (0x9943230)
[1994927:trd-globaltracking_TPC_FT0_ITS-TPC_]: [12:47:58][INFO] Will prefer TPC Drift from Laser with time 10 to TPCITSTgl with time 0
[1994927:trd-globaltracking_TPC_FT0_ITS-TPC_]: [12:47:58][INFO] InstLumiOverride=0, UseCTPLumi=false -> instLumi=0, meanLumi=1 -> LumiScale=0, lumiScaleMode=0
[1994927:trd-globaltracking_TPC_FT0_ITS-TPC_]: [12:47:58][INFO] Caching in 140273396436112 ptr to TPC/CorrMap/0 (0x9cb5680)
[1994927:trd-globaltracking_TPC_FT0_ITS-TPC_]: [12:47:58][INFO] Caching in 140273396421648 ptr to TPC/CorrMapRef/0 (0x9cb78c0)
[1994927:trd-globaltracking_TPC_FT0_ITS-TPC_]: [12:47:58][INFO] Loading ITS T2L matrices from TGeo
[1994927:trd-globaltracking_TPC_FT0_ITS-TPC_]: [12:47:58][INFO] Loading ITS T2G rotation 2D matrices
[1994927:trd-globaltracking_TPC_FT0_ITS-TPC_]: [12:47:58][INFO] Created GPUReconstruction instance for device type CPU (1) 
[1994927:trd-globaltracking_TPC_FT0_ITS-TPC_]: [12:47:58][INFO] Initializing with B-field: -5.006750 kG
[1994927:trd-globaltracking_TPC_FT0_ITS-TPC_]: [12:47:58][INFO] Loading error parameterization for Bz = -5 kG
[1994927:trd-globaltracking_TPC_FT0_ITS-TPC_]: [12:47:58][INFO] Loaded error parameterization for Bz = -5.00675
[1994927:trd-globaltracking_TPC_FT0_ITS-TPC_]: [12:47:58][INFO] ##############################################################
[1994927:trd-globaltracking_TPC_FT0_ITS-TPC_]: [12:47:58][INFO] Current settings for GPU TRD tracker:
[1994927:trd-globaltracking_TPC_FT0_ITS-TPC_]: [12:47:58][INFO]  maxChi2(20.00), chi2Penalty(12.00), nCandidates(3), maxMissingLayers(6)
[1994927:trd-globaltracking_TPC_FT0_ITS-TPC_]: [12:47:58][INFO]  ptCut = 0.50 GeV, abs(eta) < 0.84
[1994927:trd-globaltracking_TPC_FT0_ITS-TPC_]: [12:47:58][INFO] ##############################################################
[1994927:trd-globaltracking_TPC_FT0_ITS-TPC_]: [12:47:58][INFO] Strict matching mode is OFF
[1994927:trd-globaltracking_TPC_FT0_ITS-TPC_]: [12:47:58][INFO] The search road in time for ITS-TPC tracks is set to 4.0 sigma and 2.50 us are added to it on top
[1994927:trd-globaltracking_TPC_FT0_ITS-TPC_]: [12:47:58][INFO] Updating TPC VDrift factor of 1 wrt reference 2.58 and DriftTimeOffset correction 0 wrt 0 from source Laser
[1994927:trd-globaltracking_TPC_FT0_ITS-TPC_]: [12:47:58][INFO] RecoContainer::createTracks took 0.000926 CPU s.
[1994927:trd-globaltracking_TPC_FT0_ITS-TPC_]: [12:47:58][INFO] There are 37839 tracklets in total from 29 trigger records
[1994927:trd-globaltracking_TPC_FT0_ITS-TPC_]: [12:47:58][INFO] As input seeds are available: 8701 ITS-TPC matched tracks and 30591 TPC tracks
[1994927:trd-globaltracking_TPC_FT0_ITS-TPC_]: [12:47:58][INFO] 25801 tracks are loaded into the TRD tracker. Out of those 8628 ITS-TPC tracks and 17173 TPC tracks
[1994927:trd-globaltracking_TPC_FT0_ITS-TPC_]: [12:48:00][INFO] The TRD tracker found 5565 tracks from TPC seeds and 2043 tracks from ITS-TPC seeds and attached in total 30953 tracklets out of 37839
[1994927:trd-globaltracking_TPC_FT0_ITS-TPC_]: [12:48:00][INFO] Number of tracks failed in the refit: TPC-TRD (8), ITS-TPC-TRD (0)
[1994927:trd-globaltracking_TPC_FT0_ITS-TPC_]: [12:48:00][INFO] TRD global tracking total timing: Cpu: 5.820e+00 Real: 2.858e+00 s in 1 slots
[1994927:trd-globaltracking_TPC_FT0_ITS-TPC_]: [12:48:00][INFO] Sending end-of-stream message to channel from_trd-globaltracking_TPC_FT0_ITS-TPC__to_trd-track-writer-tpc
[1994927:trd-globaltracking_TPC_FT0_ITS-TPC_]: [12:48:00][INFO] Sending end-of-stream message to channel from_trd-globaltracking_TPC_FT0_ITS-TPC__to_trd-track-writer-tpcits
[INFO] Quitting
[INFO] QUIT_REQUESTED
[1994917:internal-dpl-clock]: [12:48:00][INFO] Received device shutdown request (signal 15).
[1994917:internal-dpl-clock]: [12:48:00][INFO] Waiting for graceful device shutdown. Hit Ctrl-C again to abort immediately.
[1994919:its-track-reader]: [12:48:00][INFO] Received device shutdown request (signal 15).
[1994919:its-track-reader]: [12:48:00][INFO] Waiting for graceful device shutdown. Hit Ctrl-C again to abort immediately.
[1994922:itstpc-track-reader]: [12:48:00][INFO] Received device shutdown request (signal 15).
[1994922:itstpc-track-reader]: [12:48:00][INFO] Waiting for graceful device shutdown. Hit Ctrl-C again to abort immediately.
[1994923:tpc-track-reader]: [12:48:00][INFO] Received device shutdown request (signal 15).
[1994923:tpc-track-reader]: [12:48:00][INFO] Waiting for graceful device shutdown. Hit Ctrl-C again to abort immediately.
[1994929:trd-track-writer-tpcits]: [12:48:00][INFO] Received device shutdown request (signal 15).
[1994929:trd-track-writer-tpcits]: [12:48:00][INFO] Waiting for graceful device shutdown. Hit Ctrl-C again to abort immediately.
[1994921:its-cluster-reader]: [12:48:00][INFO] Received device shutdown request (signal 15).
[1994921:its-cluster-reader]: [12:48:00][INFO] Waiting for graceful device shutdown. Hit Ctrl-C again to abort immediately.
[1994924:ft0-recpoints-reader]: [12:48:00][INFO] Received device shutdown request (signal 15).
[1994924:ft0-recpoints-reader]: [12:48:00][INFO] Waiting for graceful device shutdown. Hit Ctrl-C again to abort immediately.
[1994925:internal-dpl-ccdb-backend]: [12:48:00][INFO] Received device shutdown request (signal 15).
[1994925:internal-dpl-ccdb-backend]: [12:48:00][INFO] Waiting for graceful device shutdown. Hit Ctrl-C again to abort immediately.
[1994926:tpc-clusters-sharing-map-producer]: [12:48:00][INFO] Received device shutdown request (signal 15).
[1994926:tpc-clusters-sharing-map-producer]: [12:48:00][INFO] Waiting for graceful device shutdown. Hit Ctrl-C again to abort immediately.
[1994927:trd-globaltracking_TPC_FT0_ITS-TPC_]: [12:48:00][INFO] Received device shutdown request (signal 15).
[1994927:trd-globaltracking_TPC_FT0_ITS-TPC_]: [12:48:00][INFO] Waiting for graceful device shutdown. Hit Ctrl-C again to abort immediately.
[1994930:internal-dpl-injected-dummy-sink]: [12:48:00][INFO] Received device shutdown request (signal 15).
[1994930:internal-dpl-injected-dummy-sink]: [12:48:00][INFO] Waiting for graceful device shutdown. Hit Ctrl-C again to abort immediately.
[1994917:internal-dpl-clock]: [12:48:00][INFO] New state requested. No timeout set, quitting immediately as per --completion-policy
[1994919:its-track-reader]: [12:48:00][INFO] New state requested. No timeout set, quitting immediately as per --completion-policy
[1994919:its-track-reader]: [12:48:00][STATE] RUNNING ---> READY
[1994917:internal-dpl-clock]: [12:48:00][INFO] Sending end-of-stream message to channel from_internal-dpl-clock_to_tpc-native-cluster-reader
[1994917:internal-dpl-clock]: [12:48:00][INFO] Sending end-of-stream message to channel from_internal-dpl-clock_to_its-track-reader
[1994917:internal-dpl-clock]: [12:48:00][INFO] Sending end-of-stream message to channel from_internal-dpl-clock_to_TRDTrackletReader
[1994917:internal-dpl-clock]: [12:48:00][INFO] Sending end-of-stream message to channel from_internal-dpl-clock_to_its-cluster-reader
[1994917:internal-dpl-clock]: [12:48:00][INFO] Sending end-of-stream message to channel from_internal-dpl-clock_to_itstpc-track-reader
[1994917:internal-dpl-clock]: [12:48:00][INFO] Sending end-of-stream message to channel from_internal-dpl-clock_to_tpc-track-reader
[1994917:internal-dpl-clock]: [12:48:00][INFO] Sending end-of-stream message to channel from_internal-dpl-clock_to_ft0-recpoints-reader
[1994917:internal-dpl-clock]: [12:48:00][STATE] RUNNING ---> READY
[1994918:tpc-native-cluster-reader]: [12:48:00][INFO] Received device shutdown request (signal 15).
[1994918:tpc-native-cluster-reader]: [12:48:00][INFO] Waiting for graceful device shutdown. Hit Ctrl-C again to abort immediately.
[1994920:TRDTrackletReader]: [12:48:00][INFO] Received device shutdown request (signal 15).
[1994920:TRDTrackletReader]: [12:48:00][INFO] Waiting for graceful device shutdown. Hit Ctrl-C again to abort immediately.
[1994920:TRDTrackletReader]: [12:48:00][INFO] New state requested. No timeout set, quitting immediately as per --completion-policy
[1994920:TRDTrackletReader]: [12:48:00][STATE] RUNNING ---> READY
[1994920:TRDTrackletReader]: [12:48:00][STATE] READY ---> RESETTING TASK
[1994920:TRDTrackletReader]: [12:48:00][STATE] RESETTING TASK ---> DEVICE READY
[1994920:TRDTrackletReader]: [12:48:00][STATE] DEVICE READY ---> RESETTING DEVICE
[1994922:itstpc-track-reader]: [12:48:00][INFO] New state requested. No timeout set, quitting immediately as per --completion-policy
[1994922:itstpc-track-reader]: [12:48:00][STATE] RUNNING ---> READY
[1994923:tpc-track-reader]: [12:48:00][INFO] New state requested. No timeout set, quitting immediately as per --completion-policy
[1994923:tpc-track-reader]: [12:48:00][STATE] RUNNING ---> READY
[1994925:internal-dpl-ccdb-backend]: [12:48:00][INFO] New state requested. No timeout set, quitting immediately as per --completion-policy
[1994925:internal-dpl-ccdb-backend]: [12:48:00][INFO] CCDB cache miss/hit ratio:
[1994926:tpc-clusters-sharing-map-producer]: [12:48:00][INFO] New state requested. No timeout set, quitting immediately as per --completion-policy
[1994926:tpc-clusters-sharing-map-producer]: [12:48:00][STATE] RUNNING ---> READY
[1994928:trd-track-writer-tpc]: [12:48:00][INFO] Received device shutdown request (signal 15).
[1994928:trd-track-writer-tpc]: [12:48:00][INFO] Waiting for graceful device shutdown. Hit Ctrl-C again to abort immediately.
[1994929:trd-track-writer-tpcits]: [12:48:00][INFO] New state requested. No timeout set, quitting immediately as per --completion-policy
[1994930:internal-dpl-injected-dummy-sink]: [12:48:00][INFO] New state requested. No timeout set, quitting immediately as per --completion-policy
[1994930:internal-dpl-injected-dummy-sink]: [12:48:00][STATE] RUNNING ---> READY
[1994918:tpc-native-cluster-reader]: [12:48:00][INFO] New state requested. No timeout set, quitting immediately as per --completion-policy
[1994918:tpc-native-cluster-reader]: [12:48:00][STATE] RUNNING ---> READY
[1994928:trd-track-writer-tpc]: [12:48:00][INFO] New state requested. No timeout set, quitting immediately as per --completion-policy
[1994930:internal-dpl-injected-dummy-sink]: [12:48:00][STATE] READY ---> RESETTING TASK
[1994918:tpc-native-cluster-reader]: [12:48:00][STATE] READY ---> RESETTING TASK
[1994921:its-cluster-reader]: [12:48:00][INFO] New state requested. No timeout set, quitting immediately as per --completion-policy
[1994930:internal-dpl-injected-dummy-sink]: [12:48:00][STATE] RESETTING TASK ---> DEVICE READY
[1994918:tpc-native-cluster-reader]: [12:48:00][STATE] RESETTING TASK ---> DEVICE READY
[1994919:its-track-reader]: [12:48:00][STATE] READY ---> RESETTING TASK
[1994921:its-cluster-reader]: [12:48:00][STATE] RUNNING ---> READY
[1994917:internal-dpl-clock]: [12:48:00][STATE] READY ---> RESETTING TASK
[1994917:internal-dpl-clock]: [12:48:00][STATE] RESETTING TASK ---> DEVICE READY
[1994917:internal-dpl-clock]: [12:48:00][STATE] DEVICE READY ---> RESETTING DEVICE
[1994918:tpc-native-cluster-reader]: [12:48:00][STATE] DEVICE READY ---> RESETTING DEVICE
[1994919:its-track-reader]: [12:48:00][STATE] RESETTING TASK ---> DEVICE READY
[1994921:its-cluster-reader]: [12:48:00][STATE] READY ---> RESETTING TASK
[1994921:its-cluster-reader]: [12:48:00][STATE] RESETTING TASK ---> DEVICE READY
[1994921:its-cluster-reader]: [12:48:00][STATE] DEVICE READY ---> RESETTING DEVICE
[1994922:itstpc-track-reader]: [12:48:00][STATE] READY ---> RESETTING TASK
[1994922:itstpc-track-reader]: [12:48:00][STATE] RESETTING TASK ---> DEVICE READY
[1994923:tpc-track-reader]: [12:48:00][STATE] READY ---> RESETTING TASK
[1994923:tpc-track-reader]: [12:48:00][STATE] RESETTING TASK ---> DEVICE READY
[1994925:internal-dpl-ccdb-backend]: [12:48:00][INFO]   GLO/Config/GeometryAligned: 1/0 (1847296-1847296 bytes)
[1994925:internal-dpl-ccdb-backend]: [12:48:00][INFO]   TPC/Calib/LaserTracks: 1/0 (2048-2048 bytes)
[1994925:internal-dpl-ccdb-backend]: [12:48:00][INFO]   ITS/Config/AlpideParam: 1/0 (2048-2048 bytes)
[1994925:internal-dpl-ccdb-backend]: [12:48:00][INFO]   ITS/Calib/ClusterDictionary: 1/0 (27648-27648 bytes)
[1994925:internal-dpl-ccdb-backend]: [12:48:00][INFO]   GLO/Param/MatLUT: 1/0 (9225216-9225216 bytes)
[1994925:internal-dpl-ccdb-backend]: [12:48:00][INFO]   GLO/Config/GRPMagField: 1/0 (1024-1024 bytes)
[1994925:internal-dpl-ccdb-backend]: [12:48:00][INFO]   TPC/Calib/CorrectionMapV2: 1/0 (9216-9216 bytes)
[1994925:internal-dpl-ccdb-backend]: [12:48:00][INFO]   TPC/Calib/VDriftTgl: 1/0 (2048-2048 bytes)
[1994925:internal-dpl-ccdb-backend]: [12:48:00][INFO]   TPC/Calib/CorrectionMapRefV2: 1/0 (9216-9216 bytes)
[1994925:internal-dpl-ccdb-backend]: [12:48:00][INFO]   CTP/Calib/OrbitReset: 1/1 (1024-1024 bytes)
[1994925:internal-dpl-ccdb-backend]: [12:48:00][STATE] RUNNING ---> READY
[1994925:internal-dpl-ccdb-backend]: [12:48:00][STATE] READY ---> RESETTING TASK
[1994926:tpc-clusters-sharing-map-producer]: [12:48:00][STATE] READY ---> RESETTING TASK
[1994926:tpc-clusters-sharing-map-producer]: [12:48:00][STATE] RESETTING TASK ---> DEVICE READY
[1994927:trd-globaltracking_TPC_FT0_ITS-TPC_]: [12:48:00][INFO] New state requested. No timeout set, quitting immediately as per --completion-policy
[1994927:trd-globaltracking_TPC_FT0_ITS-TPC_]: [12:48:00][STATE] RUNNING ---> READY
[1994930:internal-dpl-injected-dummy-sink]: [12:48:00][STATE] DEVICE READY ---> RESETTING DEVICE
[1994925:internal-dpl-ccdb-backend]: [12:48:00][STATE] RESETTING TASK ---> DEVICE READY
[1994919:its-track-reader]: [12:48:00][STATE] DEVICE READY ---> RESETTING DEVICE
[1994924:ft0-recpoints-reader]: [12:48:00][INFO] New state requested. No timeout set, quitting immediately as per --completion-policy
[1994924:ft0-recpoints-reader]: [12:48:00][STATE] RUNNING ---> READY
[1994927:trd-globaltracking_TPC_FT0_ITS-TPC_]: [12:48:00][STATE] READY ---> RESETTING TASK
[1994927:trd-globaltracking_TPC_FT0_ITS-TPC_]: [12:48:00][STATE] RESETTING TASK ---> DEVICE READY
[1994922:itstpc-track-reader]: [12:48:00][STATE] DEVICE READY ---> RESETTING DEVICE
[1994926:tpc-clusters-sharing-map-producer]: [12:48:00][STATE] DEVICE READY ---> RESETTING DEVICE
[1994923:tpc-track-reader]: [12:48:00][STATE] DEVICE READY ---> RESETTING DEVICE
[1994924:ft0-recpoints-reader]: [12:48:00][STATE] READY ---> RESETTING TASK
[1994924:ft0-recpoints-reader]: [12:48:00][STATE] RESETTING TASK ---> DEVICE READY
[1994925:internal-dpl-ccdb-backend]: [12:48:00][STATE] DEVICE READY ---> RESETTING DEVICE
[1994921:its-cluster-reader]: [12:48:00][STATE] RESETTING DEVICE ---> IDLE
[1994924:ft0-recpoints-reader]: [12:48:00][STATE] DEVICE READY ---> RESETTING DEVICE
[1994927:trd-globaltracking_TPC_FT0_ITS-TPC_]: [12:48:00][STATE] DEVICE READY ---> RESETTING DEVICE
[1994930:internal-dpl-injected-dummy-sink]: [12:48:00][STATE] RESETTING DEVICE ---> IDLE
[1994930:internal-dpl-injected-dummy-sink]: [12:48:00][STATE] IDLE ---> EXITING
[1994930:internal-dpl-injected-dummy-sink]: [12:48:00][STATE] Exiting FairMQ state machine
[1994921:its-cluster-reader]: [12:48:00][STATE] IDLE ---> EXITING
[1994920:TRDTrackletReader]: [12:48:00][STATE] RESETTING DEVICE ---> IDLE
[1994920:TRDTrackletReader]: [12:48:00][STATE] IDLE ---> EXITING
[1994920:TRDTrackletReader]: [12:48:00][STATE] Exiting FairMQ state machine
[1994917:internal-dpl-clock]: [12:48:00][STATE] RESETTING DEVICE ---> IDLE
[1994921:its-cluster-reader]: [12:48:00][STATE] Exiting FairMQ state machine
[1994917:internal-dpl-clock]: [12:48:00][STATE] IDLE ---> EXITING
[1994919:its-track-reader]: [12:48:00][STATE] RESETTING DEVICE ---> IDLE
[1994919:its-track-reader]: [12:48:00][STATE] IDLE ---> EXITING
[1994922:itstpc-track-reader]: [12:48:00][STATE] RESETTING DEVICE ---> IDLE
[1994917:internal-dpl-clock]: [12:48:00][STATE] Exiting FairMQ state machine
[1994922:itstpc-track-reader]: [12:48:00][STATE] IDLE ---> EXITING
[1994919:its-track-reader]: [12:48:00][STATE] Exiting FairMQ state machine
[1994922:itstpc-track-reader]: [12:48:00][STATE] Exiting FairMQ state machine
[1994925:internal-dpl-ccdb-backend]: [12:48:00][STATE] RESETTING DEVICE ---> IDLE
[1994925:internal-dpl-ccdb-backend]: [12:48:00][STATE] IDLE ---> EXITING
[1994925:internal-dpl-ccdb-backend]: [12:48:00][STATE] Exiting FairMQ state machine
[1994924:ft0-recpoints-reader]: [12:48:00][STATE] RESETTING DEVICE ---> IDLE
[1994924:ft0-recpoints-reader]: [12:48:00][STATE] IDLE ---> EXITING
[1994918:tpc-native-cluster-reader]: [12:48:00][STATE] RESETTING DEVICE ---> IDLE
[1994924:ft0-recpoints-reader]: [12:48:00][STATE] Exiting FairMQ state machine
[1994926:tpc-clusters-sharing-map-producer]: [12:48:00][STATE] RESETTING DEVICE ---> IDLE
[1994918:tpc-native-cluster-reader]: [12:48:00][STATE] IDLE ---> EXITING
[1994923:tpc-track-reader]: [12:48:00][STATE] RESETTING DEVICE ---> IDLE
[1994918:tpc-native-cluster-reader]: [12:48:00][STATE] Exiting FairMQ state machine
[1994923:tpc-track-reader]: [12:48:00][STATE] IDLE ---> EXITING
[1994926:tpc-clusters-sharing-map-producer]: [12:48:00][STATE] IDLE ---> EXITING
[1994923:tpc-track-reader]: [12:48:00][STATE] Exiting FairMQ state machine
[1994926:tpc-clusters-sharing-map-producer]: [12:48:00][STATE] Exiting FairMQ state machine
[1994927:trd-globaltracking_TPC_FT0_ITS-TPC_]: [12:48:00][STATE] RESETTING DEVICE ---> IDLE
[1994927:trd-globaltracking_TPC_FT0_ITS-TPC_]: [12:48:00][STATE] IDLE ---> EXITING
[1994927:trd-globaltracking_TPC_FT0_ITS-TPC_]: [12:48:00][STATE] Exiting FairMQ state machine
[1994928:trd-track-writer-tpc]: [12:48:01][STATE] RUNNING ---> READY
[1994928:trd-track-writer-tpc]: [12:48:01][STATE] READY ---> RESETTING TASK
[1994928:trd-track-writer-tpc]: [12:48:01][STATE] RESETTING TASK ---> DEVICE READY
[1994928:trd-track-writer-tpc]: [12:48:01][STATE] DEVICE READY ---> RESETTING DEVICE
[1994928:trd-track-writer-tpc]: [12:48:01][STATE] RESETTING DEVICE ---> IDLE
[1994928:trd-track-writer-tpc]: [12:48:01][STATE] IDLE ---> EXITING
[1994928:trd-track-writer-tpc]: [12:48:01][STATE] Exiting FairMQ state machine
[1994929:trd-track-writer-tpcits]: [12:48:01][STATE] RUNNING ---> READY
[1994929:trd-track-writer-tpcits]: [12:48:01][STATE] READY ---> RESETTING TASK
[1994929:trd-track-writer-tpcits]: [12:48:01][STATE] RESETTING TASK ---> DEVICE READY
[1994929:trd-track-writer-tpcits]: [12:48:01][STATE] DEVICE READY ---> RESETTING DEVICE
[1994929:trd-track-writer-tpcits]: [12:48:01][INFO] Cleaning up for shared memory id '3c998d56'...
[1994929:trd-track-writer-tpcits]: [12:48:01][INFO] Found 0 unmanaged regions...
[1994929:trd-track-writer-tpcits]: [12:48:01][INFO] Found 1 managed segments...
[1994929:trd-track-writer-tpcits]: [12:48:01][INFO] Successfully removed 'fmq_3c998d56_m_0'.
[1994929:trd-track-writer-tpcits]: [12:48:01][INFO] Successfully removed 'fmq_3c998d56_mng'.
[1994929:trd-track-writer-tpcits]: [12:48:01][STATE] RESETTING DEVICE ---> IDLE
[1994929:trd-track-writer-tpcits]: [12:48:01][STATE] IDLE ---> EXITING
[1994929:trd-track-writer-tpcits]: [12:48:01][STATE] Exiting FairMQ state machine
[INFO] ## Processes completed. Run summary:
[INFO] ### Devices started: 14
[INFO]  - Device internal-dpl-clock: pid 1994917 (exit 0)
[INFO]  - Device tpc-native-cluster-reader: pid 1994918 (exit 0)
[INFO]  - Device its-track-reader: pid 1994919 (exit 0)
[INFO]  - Device TRDTrackletReader: pid 1994920 (exit 0)
[INFO]  - Device its-cluster-reader: pid 1994921 (exit 0)
[INFO]  - Device itstpc-track-reader: pid 1994922 (exit 0)
[INFO]  - Device tpc-track-reader: pid 1994923 (exit 0)
[INFO]  - Device ft0-recpoints-reader: pid 1994924 (exit 0)
[INFO]  - Device internal-dpl-ccdb-backend: pid 1994925 (exit 0)
[INFO]  - Device tpc-clusters-sharing-map-producer: pid 1994926 (exit 0)
[INFO]  - Device trd-globaltracking_TPC_FT0_ITS-TPC_: pid 1994927 (exit 0)
[INFO]  - Device trd-track-writer-tpc: pid 1994928 (exit 0)
[INFO]  - Device trd-track-writer-tpcits: pid 1994929 (exit 0)
[INFO]  - Device internal-dpl-injected-dummy-sink: pid 1994930 (exit 0)
[INFO] Dumping used configuration in dpl-config.json
TASK-EXIT-CODE: 0
