Running: TIME="#walltime %e" /usr/bin/time --output=trdTrkltTransf.log_time ./trdTrkltTransf.log_tmp.sh
[INFO] Initialising O2 Data Processing Layer. Driver PID: 1994505.
[INFO] Driver listening on port: 22585
[INFO] Rate limiting set up at 500MB distributed over 1 readers
[INFO] O2 Data Processing Layer initialised. We brake for nobody.
[INFO] Optimised build. O2DEBUG / LOG(debug) / LOGF(debug) / assert statement will not be shown.
[INFO] Redeployment of configuration asked.
[INFO] Starting internal-dpl-clock on pid 1994540
[INFO] Starting TRDTrackletReader on pid 1994541
[INFO] Starting internal-dpl-ccdb-backend on pid 1994542
[INFO] Starting TRDTRACKLETTRANSFORMER on pid 1994543
[INFO] Starting trd-calibrated-tracklet-writer on pid 1994544
[INFO] Starting internal-dpl-injected-dummy-sink on pid 1994545
[INFO] Redeployment of configuration done.
[1994542:internal-dpl-ccdb-backend]: [INFO] Instrumenting crash signals
[1994542:internal-dpl-ccdb-backend]: [INFO] Spawing new device internal-dpl-ccdb-backend in process with pid 1994542
[1994542:internal-dpl-ccdb-backend]: [12:47:46][INFO] 
[1994542:internal-dpl-ccdb-backend]:       ______      _    _______  _________ 
[1994542:internal-dpl-ccdb-backend]:      / ____/___ _(_)_______   |/  /_  __ \    version 1.8.0
[1994542:internal-dpl-ccdb-backend]:     / /_  / __ `/ / ___/__  /|_/ /_  / / /    build RELWITHDEBINFO
[1994542:internal-dpl-ccdb-backend]:    / __/ / /_/ / / /    _  /  / / / /_/ /     https://github.com/FairRootGroup/FairMQ
[1994542:internal-dpl-ccdb-backend]:   /_/    \__,_/_/_/     /_/  /_/  \___\_\     LGPL-3.0  © 2012-2023 GSI
[1994542:internal-dpl-ccdb-backend]: 
[1994542:internal-dpl-ccdb-backend]: [12:47:46][STATE] Starting FairMQ state machine --> IDLE
[1994542:internal-dpl-ccdb-backend]: [12:47:46][STATE] IDLE ---> INITIALIZING DEVICE
[1994542:internal-dpl-ccdb-backend]: [12:47:46][INFO] CCDB Backend at: http://alice-ccdb.cern.ch, validity check for every 2147483647 TF
[1994544:trd-calibrated-tracklet-writer]: [INFO] Instrumenting crash signals
[1994542:internal-dpl-ccdb-backend]: [12:47:46][INFO] Init CcdApi with UserAgentID: localhost.localdomain-1697194066-MZ5Vaq, Host: http://alice-ccdb.cern.ch
[1994542:internal-dpl-ccdb-backend]: [12:47:46][INFO] Initialised default CCDB host http://alice-ccdb.cern.ch
[1994542:internal-dpl-ccdb-backend]: [12:47:46][INFO] The following route is a condition GLO/GEOMALIGN/0
[1994542:internal-dpl-ccdb-backend]: [12:47:46][INFO] - ccdb-path: GLO/Config/GeometryAligned
[1994542:internal-dpl-ccdb-backend]: [12:47:46][INFO] The following route is a condition GLO/GRPMAGFIELD/0
[1994542:internal-dpl-ccdb-backend]: [12:47:46][INFO] - ccdb-path: GLO/Config/GRPMagField
[1994542:internal-dpl-ccdb-backend]: [12:47:46][INFO] The following route is a condition TRD/CALVDRIFTEXB/0
[1994542:internal-dpl-ccdb-backend]: [12:47:46][INFO] - ccdb-path: TRD/Calib/CalVdriftExB
[1994542:internal-dpl-ccdb-backend]: [12:47:46][STATE] INITIALIZING DEVICE ---> INITIALIZED
[1994544:trd-calibrated-tracklet-writer]: [INFO] Spawing new device trd-calibrated-tracklet-writer in process with pid 1994544
[1994544:trd-calibrated-tracklet-writer]: [12:47:46][INFO] 
[1994544:trd-calibrated-tracklet-writer]:       ______      _    _______  _________ 
[1994544:trd-calibrated-tracklet-writer]:      / ____/___ _(_)_______   |/  /_  __ \    version 1.8.0
[1994544:trd-calibrated-tracklet-writer]:     / /_  / __ `/ / ___/__  /|_/ /_  / / /    build RELWITHDEBINFO
[1994544:trd-calibrated-tracklet-writer]:    / __/ / /_/ / / /    _  /  / / / /_/ /     https://github.com/FairRootGroup/FairMQ
[1994544:trd-calibrated-tracklet-writer]:   /_/    \__,_/_/_/     /_/  /_/  \___\_\     LGPL-3.0  © 2012-2023 GSI
[1994544:trd-calibrated-tracklet-writer]: 
[1994542:internal-dpl-ccdb-backend]: [12:47:46][STATE] INITIALIZED ---> BINDING
[1994544:trd-calibrated-tracklet-writer]: [12:47:46][STATE] Starting FairMQ state machine --> IDLE
[1994542:internal-dpl-ccdb-backend]: [12:47:46][STATE] BINDING ---> BOUND
[1994542:internal-dpl-ccdb-backend]: [12:47:46][STATE] BOUND ---> CONNECTING
[1994542:internal-dpl-ccdb-backend]: [12:47:46][STATE] CONNECTING ---> DEVICE READY
[1994542:internal-dpl-ccdb-backend]: [12:47:46][STATE] DEVICE READY ---> INITIALIZING TASK
[1994541:TRDTrackletReader]: [INFO] Instrumenting crash signals
[1994542:internal-dpl-ccdb-backend]: [12:47:46][STATE] INITIALIZING TASK ---> READY
[1994542:internal-dpl-ccdb-backend]: [12:47:46][STATE] READY ---> RUNNING
[1994542:internal-dpl-ccdb-backend]: [12:47:46][INFO] fair::mq::Device running...
[1994542:internal-dpl-ccdb-backend]: [12:47:46][INFO] LHCPeriod is not available, using current month OCT
[1994542:internal-dpl-ccdb-backend]: [12:47:46][INFO] Correctly handshaken websocket connection.
[1994541:TRDTrackletReader]: [INFO] Spawing new device TRDTrackletReader in process with pid 1994541
[1994541:TRDTrackletReader]: [12:47:46][INFO] 
[1994541:TRDTrackletReader]:       ______      _    _______  _________ 
[1994541:TRDTrackletReader]:      / ____/___ _(_)_______   |/  /_  __ \    version 1.8.0
[1994541:TRDTrackletReader]:     / /_  / __ `/ / ___/__  /|_/ /_  / / /    build RELWITHDEBINFO
[1994541:TRDTrackletReader]:    / __/ / /_/ / / /    _  /  / / / /_/ /     https://github.com/FairRootGroup/FairMQ
[1994541:TRDTrackletReader]:   /_/    \__,_/_/_/     /_/  /_/  \___\_\     LGPL-3.0  © 2012-2023 GSI
[1994541:TRDTrackletReader]: 
[1994541:TRDTrackletReader]: [12:47:46][STATE] Starting FairMQ state machine --> IDLE
[1994543:TRDTRACKLETTRANSFORMER]: [INFO] Instrumenting crash signals
[1994543:TRDTRACKLETTRANSFORMER]: [INFO] Spawing new device TRDTRACKLETTRANSFORMER in process with pid 1994543
[1994543:TRDTRACKLETTRANSFORMER]: [12:47:46][INFO] 
[1994543:TRDTRACKLETTRANSFORMER]:       ______      _    _______  _________ 
[1994543:TRDTRACKLETTRANSFORMER]:      / ____/___ _(_)_______   |/  /_  __ \    version 1.8.0
[1994543:TRDTRACKLETTRANSFORMER]:     / /_  / __ `/ / ___/__  /|_/ /_  / / /    build RELWITHDEBINFO
[1994543:TRDTRACKLETTRANSFORMER]:    / __/ / /_/ / / /    _  /  / / / /_/ /     https://github.com/FairRootGroup/FairMQ
[1994543:TRDTRACKLETTRANSFORMER]:   /_/    \__,_/_/_/     /_/  /_/  \___\_\     LGPL-3.0  © 2012-2023 GSI
[1994543:TRDTRACKLETTRANSFORMER]: 
[1994543:TRDTRACKLETTRANSFORMER]: [12:47:46][STATE] Starting FairMQ state machine --> IDLE
[1994541:TRDTrackletReader]: [12:47:46][STATE] IDLE ---> INITIALIZING DEVICE
[1994544:trd-calibrated-tracklet-writer]: [12:47:46][STATE] IDLE ---> INITIALIZING DEVICE
[1994541:TRDTrackletReader]: [12:47:46][INFO] Init TRD tracklet reader!
[1994543:TRDTRACKLETTRANSFORMER]: [12:47:46][STATE] IDLE ---> INITIALIZING DEVICE
[1994543:TRDTRACKLETTRANSFORMER]: [12:47:46][STATE] INITIALIZING DEVICE ---> INITIALIZED
[1994543:TRDTRACKLETTRANSFORMER]: [12:47:46][STATE] INITIALIZED ---> BINDING
[1994543:TRDTRACKLETTRANSFORMER]: [12:47:46][STATE] BINDING ---> BOUND
[1994543:TRDTRACKLETTRANSFORMER]: [12:47:46][STATE] BOUND ---> CONNECTING
[1994543:TRDTRACKLETTRANSFORMER]: [12:47:46][STATE] CONNECTING ---> DEVICE READY
[1994543:TRDTRACKLETTRANSFORMER]: [12:47:46][STATE] DEVICE READY ---> INITIALIZING TASK
[1994544:trd-calibrated-tracklet-writer]: [12:47:46][INFO] 0: branch  CTracklets set up
[1994544:trd-calibrated-tracklet-writer]: [12:47:46][INFO] 1: branch  TRKLabels set up
[1994544:trd-calibrated-tracklet-writer]: [12:47:46][INFO] 2: branch  TrigRecMask set up
[1994544:trd-calibrated-tracklet-writer]: [12:47:46][STATE] INITIALIZING DEVICE ---> INITIALIZED
[1994544:trd-calibrated-tracklet-writer]: [12:47:46][STATE] INITIALIZED ---> BINDING
[1994544:trd-calibrated-tracklet-writer]: [12:47:46][STATE] BINDING ---> BOUND
[1994544:trd-calibrated-tracklet-writer]: [12:47:46][STATE] BOUND ---> CONNECTING
[1994544:trd-calibrated-tracklet-writer]: [12:47:46][STATE] CONNECTING ---> DEVICE READY
[1994544:trd-calibrated-tracklet-writer]: [12:47:46][STATE] DEVICE READY ---> INITIALIZING TASK
[1994543:TRDTRACKLETTRANSFORMER]: [12:47:46][STATE] INITIALIZING TASK ---> READY
[1994543:TRDTRACKLETTRANSFORMER]: [12:47:46][STATE] READY ---> RUNNING
[1994543:TRDTRACKLETTRANSFORMER]: [12:47:46][INFO] fair::mq::Device running...
[1994543:TRDTRACKLETTRANSFORMER]: [12:47:46][INFO] LHCPeriod is not available, using current month OCT
[1994543:TRDTRACKLETTRANSFORMER]: [12:47:46][INFO] Correctly handshaken websocket connection.
[1994544:trd-calibrated-tracklet-writer]: [12:47:46][STATE] INITIALIZING TASK ---> READY
[1994544:trd-calibrated-tracklet-writer]: [12:47:46][STATE] READY ---> RUNNING
[1994544:trd-calibrated-tracklet-writer]: [12:47:46][INFO] fair::mq::Device running...
[1994544:trd-calibrated-tracklet-writer]: [12:47:46][INFO] LHCPeriod is not available, using current month OCT
[1994544:trd-calibrated-tracklet-writer]: [12:47:46][INFO] Correctly handshaken websocket connection.
[1994545:internal-dpl-injected-dummy-sink]: [INFO] Instrumenting crash signals
[1994540:internal-dpl-clock]: [INFO] Instrumenting crash signals
[1994545:internal-dpl-injected-dummy-sink]: [INFO] Spawing new device internal-dpl-injected-dummy-sink in process with pid 1994545
[1994545:internal-dpl-injected-dummy-sink]: [12:47:46][INFO] 
[1994545:internal-dpl-injected-dummy-sink]:       ______      _    _______  _________ 
[1994545:internal-dpl-injected-dummy-sink]:      / ____/___ _(_)_______   |/  /_  __ \    version 1.8.0
[1994545:internal-dpl-injected-dummy-sink]:     / /_  / __ `/ / ___/__  /|_/ /_  / / /    build RELWITHDEBINFO
[1994545:internal-dpl-injected-dummy-sink]:    / __/ / /_/ / / /    _  /  / / / /_/ /     https://github.com/FairRootGroup/FairMQ
[1994545:internal-dpl-injected-dummy-sink]:   /_/    \__,_/_/_/     /_/  /_/  \___\_\     LGPL-3.0  © 2012-2023 GSI
[1994545:internal-dpl-injected-dummy-sink]: 
[1994545:internal-dpl-injected-dummy-sink]: [12:47:46][STATE] Starting FairMQ state machine --> IDLE
[1994540:internal-dpl-clock]: [INFO] Spawing new device internal-dpl-clock in process with pid 1994540
[1994540:internal-dpl-clock]: [12:47:46][INFO] 
[1994540:internal-dpl-clock]:       ______      _    _______  _________ 
[1994540:internal-dpl-clock]:      / ____/___ _(_)_______   |/  /_  __ \    version 1.8.0
[1994540:internal-dpl-clock]:     / /_  / __ `/ / ___/__  /|_/ /_  / / /    build RELWITHDEBINFO
[1994540:internal-dpl-clock]:    / __/ / /_/ / / /    _  /  / / / /_/ /     https://github.com/FairRootGroup/FairMQ
[1994540:internal-dpl-clock]:   /_/    \__,_/_/_/     /_/  /_/  \___\_\     LGPL-3.0  © 2012-2023 GSI
[1994540:internal-dpl-clock]: 
[1994540:internal-dpl-clock]: [12:47:46][STATE] Starting FairMQ state machine --> IDLE
[1994545:internal-dpl-injected-dummy-sink]: [12:47:46][STATE] IDLE ---> INITIALIZING DEVICE
[1994545:internal-dpl-injected-dummy-sink]: [12:47:46][STATE] INITIALIZING DEVICE ---> INITIALIZED
[1994545:internal-dpl-injected-dummy-sink]: [12:47:46][STATE] INITIALIZED ---> BINDING
[1994545:internal-dpl-injected-dummy-sink]: [12:47:46][STATE] BINDING ---> BOUND
[1994545:internal-dpl-injected-dummy-sink]: [12:47:46][STATE] BOUND ---> CONNECTING
[1994540:internal-dpl-clock]: [12:47:46][STATE] IDLE ---> INITIALIZING DEVICE
[1994545:internal-dpl-injected-dummy-sink]: [12:47:46][STATE] CONNECTING ---> DEVICE READY
[1994545:internal-dpl-injected-dummy-sink]: [12:47:46][STATE] DEVICE READY ---> INITIALIZING TASK
[1994545:internal-dpl-injected-dummy-sink]: [12:47:46][STATE] INITIALIZING TASK ---> READY
[1994545:internal-dpl-injected-dummy-sink]: [12:47:46][STATE] READY ---> RUNNING
[1994545:internal-dpl-injected-dummy-sink]: [12:47:46][INFO] fair::mq::Device running...
[1994545:internal-dpl-injected-dummy-sink]: [12:47:46][INFO] LHCPeriod is not available, using current month OCT
[1994540:internal-dpl-clock]: [12:47:46][STATE] INITIALIZING DEVICE ---> INITIALIZED
[1994545:internal-dpl-injected-dummy-sink]: [12:47:46][INFO] Correctly handshaken websocket connection.
[1994540:internal-dpl-clock]: [12:47:46][STATE] INITIALIZED ---> BINDING
[1994540:internal-dpl-clock]: [12:47:46][STATE] BINDING ---> BOUND
[1994540:internal-dpl-clock]: [12:47:46][STATE] BOUND ---> CONNECTING
[1994540:internal-dpl-clock]: [12:47:46][STATE] CONNECTING ---> DEVICE READY
[1994540:internal-dpl-clock]: [12:47:46][STATE] DEVICE READY ---> INITIALIZING TASK
[1994540:internal-dpl-clock]: [12:47:46][STATE] INITIALIZING TASK ---> READY
[1994540:internal-dpl-clock]: [12:47:46][STATE] READY ---> RUNNING
[1994540:internal-dpl-clock]: [12:47:46][INFO] fair::mq::Device running...
[1994540:internal-dpl-clock]: [12:47:46][INFO] LHCPeriod is not available, using current month OCT
[1994540:internal-dpl-clock]: [12:47:46][INFO] Correctly handshaken websocket connection.
[1994541:TRDTrackletReader]: [12:47:47][INFO] Loaded tree from trdtracklets.root with 1 entries
[1994541:TRDTrackletReader]: [12:47:47][STATE] INITIALIZING DEVICE ---> INITIALIZED
[1994541:TRDTrackletReader]: [12:47:47][STATE] INITIALIZED ---> BINDING
[1994541:TRDTrackletReader]: [12:47:47][STATE] BINDING ---> BOUND
[1994541:TRDTrackletReader]: [12:47:47][STATE] BOUND ---> CONNECTING
[1994541:TRDTrackletReader]: [12:47:47][STATE] CONNECTING ---> DEVICE READY
[1994541:TRDTrackletReader]: [12:47:47][STATE] DEVICE READY ---> INITIALIZING TASK
[1994541:TRDTrackletReader]: [12:47:47][STATE] INITIALIZING TASK ---> READY
[1994541:TRDTrackletReader]: [12:47:47][STATE] READY ---> RUNNING
[1994541:TRDTrackletReader]: [12:47:47][INFO] fair::mq::Device running...
[1994541:TRDTrackletReader]: [12:47:47][INFO] LHCPeriod is not available, using current month OCT
[1994541:TRDTrackletReader]: [12:47:47][INFO] Pushing 29 TRD trigger records at entry 0
[1994541:TRDTrackletReader]: [12:47:47][INFO] Pushing 37839 uncalibrated TRD tracklets for these trigger records
[1994541:TRDTrackletReader]: [12:47:47][INFO] Pushing 50422 TRD tracklet labels
[1994541:TRDTrackletReader]: [12:47:47][INFO] Sending end-of-stream message to channel from_TRDTrackletReader_to_internal-dpl-ccdb-backend
[1994541:TRDTrackletReader]: [12:47:47][INFO] Sending end-of-stream message to channel from_TRDTrackletReader_to_TRDTRACKLETTRANSFORMER
[1994541:TRDTrackletReader]: [12:47:47][INFO] Sending end-of-stream message to channel from_TRDTrackletReader_to_trd-calibrated-tracklet-writer
[1994541:TRDTrackletReader]: [12:47:47][INFO] Correctly handshaken websocket connection.
[1994542:internal-dpl-ccdb-backend]: Info in <TJAlienConnectionManager>: Opening connection to JCentral. Please wait
[1994542:internal-dpl-ccdb-backend]: Info in <TJAlienConnectionManager>: Opening connection to 137.138.99.189
[1994542:internal-dpl-ccdb-backend]: Info in <TJAlienConnectionManager>: Successfully connected to 137.138.99.189
[1994542:internal-dpl-ccdb-backend]: Info in <TJAlienFile::Open>: Accessing file /alice/data/CCDB/CTP/Calib/OrbitReset/06/62200/b9f985c3-b4b0-11ec-8fd3-90ce809b24ee in SE <ALICE::CERN::EOS>
[1994542:internal-dpl-ccdb-backend]: [12:47:48][INFO] ccdb reads http://alice-ccdb.cern.ch/CTP/Calib/OrbitReset/1546300800000/b9f985c3-b4b0-11ec-8fd3-90ce809b24ee for 1546300800000 (load to memory, agent_id: localhost.localdomain-1697194066-MZ5Vaq), 
[1994542:internal-dpl-ccdb-backend]: Info in <TJAlienFile::Open>: Accessing file /alice/data/CCDB/GLO/Config/GeometryAligned/06/21224/787687c0-287a-11ed-8141-200114580202 in SE <ALICE::CERN::OCDB>
[1994542:internal-dpl-ccdb-backend]: [12:47:48][INFO] ccdb reads http://alice-ccdb.cern.ch/GLO/Config/GeometryAligned/1546300800000/787687c0-287a-11ed-8141-200114580202 for 1546300800000 (load to memory, agent_id: localhost.localdomain-1697194066-MZ5Vaq), 
[1994542:internal-dpl-ccdb-backend]: Info in <TJAlienFile::Open>: Accessing file /alice/data/CCDB/GLO/Config/GRPMagField/06/62924/01d633ab-efdf-11ec-841e-2a010e0a0b16 in SE <ALICE::CERN::OCDB>
[1994542:internal-dpl-ccdb-backend]: [12:47:48][INFO] ccdb reads http://alice-ccdb.cern.ch/GLO/Config/GRPMagField/1546300800000/01d633ab-efdf-11ec-841e-2a010e0a0b16 for 1546300800000 (load to memory, agent_id: localhost.localdomain-1697194066-MZ5Vaq), 
[1994542:internal-dpl-ccdb-backend]: Info in <TJAlienFile::Open>: Accessing file /alice/data/CCDB/TRD/Calib/CalVdriftExB/06/10271/e6e40961-d22d-11ec-8dd8-511cc1ec24ee in SE <ALICE::CERN::OCDB>
[1994542:internal-dpl-ccdb-backend]: [12:47:48][INFO] ccdb reads http://alice-ccdb.cern.ch/TRD/Calib/CalVdriftExB/1/e6e40961-d22d-11ec-8dd8-511cc1ec24ee for 1546300800000 (load to memory, agent_id: localhost.localdomain-1697194066-MZ5Vaq), 
[1994542:internal-dpl-ccdb-backend]: [12:47:48][INFO] Sending end-of-stream message to channel from_internal-dpl-ccdb-backend_to_TRDTRACKLETTRANSFORMER
[1994542:internal-dpl-ccdb-backend]: [12:47:48][INFO] Sending end-of-stream message to channel from_internal-dpl-ccdb-backend_to_internal-dpl-injected-dummy-sink
[1994543:TRDTRACKLETTRANSFORMER]: [12:47:48][INFO] GRP MagField object updated
[1994543:TRDTRACKLETTRANSFORMER]: [12:47:48][INFO] MagneticField::Print: MagneticFieldMap:
[1994543:TRDTRACKLETTRANSFORMER]: [12:47:48][INFO] MagneticField::Print: Solenoid (-1*)5 kG, Dipole ON (-1) 
[1994543:TRDTRACKLETTRANSFORMER]: [12:47:48][INFO] MagneticField::Print: Machine B fields for p-p  beam (7000 GeV): QGrad: 22.0002 Dipole: 37.8781
[1994543:TRDTRACKLETTRANSFORMER]: [12:47:48][INFO] MagneticField::Print: Uses Sol30_Dip6_Hole  of /root/alice/sw/slc9_x86-64/O2/segment-local1/share/Common/maps/mfchebKGI_sym.root
[1994543:TRDTRACKLETTRANSFORMER]: Info in <TGeoGlobalMagField::SetField>: Global magnetic field set to <MagneticFieldMap>
[1994543:TRDTRACKLETTRANSFORMER]: Info in <TGeoGlobalMagField::Lock>: Global magnetic field <MagneticFieldMap> is now locked
[1994543:TRDTRACKLETTRANSFORMER]: [12:47:48][INFO] Caching in 139791530072336 ptr to GLO/GRPMAGFIELD/0 (0x1bc3610)
[1994543:TRDTRACKLETTRANSFORMER]: Info in <TGeoManager::CloseGeometry>: Geometry loaded from file...
[1994543:TRDTRACKLETTRANSFORMER]: Info in <TGeoManager::SetTopVolume>: Top volume is cave. Master volume is cave
[1994543:TRDTRACKLETTRANSFORMER]: Info in <TGeoNavigator::BuildCache>: --- Maximum geometry depth set to 100
[1994543:TRDTRACKLETTRANSFORMER]: Info in <TGeoManager::Voxelize>: Voxelizing...
[1994543:TRDTRACKLETTRANSFORMER]: Info in <TGeoManager::CountLevels>: max level = 13, max placements = 735
[1994543:TRDTRACKLETTRANSFORMER]: Info in <TGeoManager::CloseGeometry>: 5346742 nodes/ 27442 volume UID's in FAIR geometry
[1994543:TRDTRACKLETTRANSFORMER]: Info in <TGeoManager::CloseGeometry>: ----------------modeler ready----------------
[1994543:TRDTRACKLETTRANSFORMER]: [12:47:49][INFO] aligned geometry updated
[1994543:TRDTRACKLETTRANSFORMER]: [12:47:49][INFO] Caching in 139791528224816 ptr to GLO/GEOMALIGN/0 (0x8342240)
[1994543:TRDTRACKLETTRANSFORMER]: [12:47:49][INFO] CalVdriftExB object has been updated
[1994543:TRDTRACKLETTRANSFORMER]: [12:47:49][INFO] Caching in 139791530073584 ptr to TRD/CALVDRIFTEXB/0 (0x7733470)
[1994543:TRDTRACKLETTRANSFORMER]: [12:47:49][INFO] Found 37839 tracklets in 29 trigger records. Applied filter for ITS IR frames: 0. Transformed 37839 tracklets.
[1994543:TRDTRACKLETTRANSFORMER]: [12:47:49][INFO] Sending end-of-stream message to channel from_TRDTRACKLETTRANSFORMER_to_trd-calibrated-tracklet-writer
[INFO] Quitting
[INFO] QUIT_REQUESTED
[1994544:trd-calibrated-tracklet-writer]: [12:47:49][INFO] Received device shutdown request (signal 15).
[1994544:trd-calibrated-tracklet-writer]: [12:47:49][INFO] Waiting for graceful device shutdown. Hit Ctrl-C again to abort immediately.
[1994543:TRDTRACKLETTRANSFORMER]: [12:47:49][INFO] Received device shutdown request (signal 15).
[1994543:TRDTRACKLETTRANSFORMER]: [12:47:49][INFO] Waiting for graceful device shutdown. Hit Ctrl-C again to abort immediately.
[1994543:TRDTRACKLETTRANSFORMER]: [12:47:49][INFO] New state requested. No timeout set, quitting immediately as per --completion-policy
[1994543:TRDTRACKLETTRANSFORMER]: [12:47:49][STATE] RUNNING ---> READY
[1994544:trd-calibrated-tracklet-writer]: [12:47:49][INFO] New state requested. No timeout set, quitting immediately as per --completion-policy
[1994543:TRDTRACKLETTRANSFORMER]: [12:47:49][STATE] READY ---> RESETTING TASK
[1994543:TRDTRACKLETTRANSFORMER]: [12:47:49][STATE] RESETTING TASK ---> DEVICE READY
[1994543:TRDTRACKLETTRANSFORMER]: [12:47:49][STATE] DEVICE READY ---> RESETTING DEVICE
[1994543:TRDTRACKLETTRANSFORMER]: [12:47:49][STATE] RESETTING DEVICE ---> IDLE
[1994543:TRDTRACKLETTRANSFORMER]: [12:47:49][STATE] IDLE ---> EXITING
[1994543:TRDTRACKLETTRANSFORMER]: [12:47:49][STATE] Exiting FairMQ state machine
[1994541:TRDTrackletReader]: [12:47:49][INFO] Received device shutdown request (signal 15).
[1994541:TRDTrackletReader]: [12:47:49][INFO] Waiting for graceful device shutdown. Hit Ctrl-C again to abort immediately.
[1994542:internal-dpl-ccdb-backend]: [12:47:49][INFO] Received device shutdown request (signal 15).
[1994542:internal-dpl-ccdb-backend]: [12:47:49][INFO] Waiting for graceful device shutdown. Hit Ctrl-C again to abort immediately.
[1994545:internal-dpl-injected-dummy-sink]: [12:47:49][INFO] Received device shutdown request (signal 15).
[1994545:internal-dpl-injected-dummy-sink]: [12:47:49][INFO] Waiting for graceful device shutdown. Hit Ctrl-C again to abort immediately.
[1994541:TRDTrackletReader]: [12:47:49][INFO] New state requested. No timeout set, quitting immediately as per --completion-policy
[1994541:TRDTrackletReader]: [12:47:49][STATE] RUNNING ---> READY
[1994542:internal-dpl-ccdb-backend]: [12:47:49][INFO] New state requested. No timeout set, quitting immediately as per --completion-policy
[1994542:internal-dpl-ccdb-backend]: [12:47:49][INFO] CCDB cache miss/hit ratio:
[1994542:internal-dpl-ccdb-backend]: [12:47:49][INFO]   TRD/Calib/CalVdriftExB: 1/0 (1024-1024 bytes)
[1994542:internal-dpl-ccdb-backend]: [12:47:49][INFO]   GLO/Config/GRPMagField: 1/0 (1024-1024 bytes)
[1994542:internal-dpl-ccdb-backend]: [12:47:49][INFO]   GLO/Config/GeometryAligned: 1/0 (1847296-1847296 bytes)
[1994542:internal-dpl-ccdb-backend]: [12:47:49][INFO]   CTP/Calib/OrbitReset: 1/1 (1024-1024 bytes)
[1994542:internal-dpl-ccdb-backend]: [12:47:49][STATE] RUNNING ---> READY
[1994545:internal-dpl-injected-dummy-sink]: [12:47:49][INFO] New state requested. No timeout set, quitting immediately as per --completion-policy
[1994545:internal-dpl-injected-dummy-sink]: [12:47:49][STATE] RUNNING ---> READY
[1994541:TRDTrackletReader]: [12:47:49][STATE] READY ---> RESETTING TASK
[1994541:TRDTrackletReader]: [12:47:49][STATE] RESETTING TASK ---> DEVICE READY
[1994541:TRDTrackletReader]: [12:47:49][STATE] DEVICE READY ---> RESETTING DEVICE
[1994542:internal-dpl-ccdb-backend]: [12:47:49][STATE] READY ---> RESETTING TASK
[1994542:internal-dpl-ccdb-backend]: [12:47:49][STATE] RESETTING TASK ---> DEVICE READY
[1994542:internal-dpl-ccdb-backend]: [12:47:49][STATE] DEVICE READY ---> RESETTING DEVICE
[1994545:internal-dpl-injected-dummy-sink]: [12:47:49][STATE] READY ---> RESETTING TASK
[1994545:internal-dpl-injected-dummy-sink]: [12:47:49][STATE] RESETTING TASK ---> DEVICE READY
[1994545:internal-dpl-injected-dummy-sink]: [12:47:49][STATE] DEVICE READY ---> RESETTING DEVICE
[1994542:internal-dpl-ccdb-backend]: [12:47:49][STATE] RESETTING DEVICE ---> IDLE
[1994541:TRDTrackletReader]: [12:47:49][STATE] RESETTING DEVICE ---> IDLE
[1994542:internal-dpl-ccdb-backend]: [12:47:49][STATE] IDLE ---> EXITING
[1994541:TRDTrackletReader]: [12:47:49][STATE] IDLE ---> EXITING
[1994545:internal-dpl-injected-dummy-sink]: [12:47:49][STATE] RESETTING DEVICE ---> IDLE
[1994541:TRDTrackletReader]: [12:47:49][STATE] Exiting FairMQ state machine
[1994542:internal-dpl-ccdb-backend]: [12:47:49][STATE] Exiting FairMQ state machine
[1994545:internal-dpl-injected-dummy-sink]: [12:47:49][STATE] IDLE ---> EXITING
[1994545:internal-dpl-injected-dummy-sink]: [12:47:49][STATE] Exiting FairMQ state machine
[1994540:internal-dpl-clock]: [12:47:49][INFO] Received device shutdown request (signal 15).
[1994540:internal-dpl-clock]: [12:47:49][INFO] Waiting for graceful device shutdown. Hit Ctrl-C again to abort immediately.
[1994540:internal-dpl-clock]: [12:47:49][INFO] New state requested. No timeout set, quitting immediately as per --completion-policy
[1994540:internal-dpl-clock]: [12:47:50][INFO] Sending end-of-stream message to channel from_internal-dpl-clock_to_TRDTrackletReader
[1994540:internal-dpl-clock]: [12:47:50][STATE] RUNNING ---> READY
[1994540:internal-dpl-clock]: [12:47:50][STATE] READY ---> RESETTING TASK
[1994540:internal-dpl-clock]: [12:47:50][STATE] RESETTING TASK ---> DEVICE READY
[1994540:internal-dpl-clock]: [12:47:50][STATE] DEVICE READY ---> RESETTING DEVICE
[1994540:internal-dpl-clock]: [12:47:50][STATE] RESETTING DEVICE ---> IDLE
[1994540:internal-dpl-clock]: [12:47:50][STATE] IDLE ---> EXITING
[1994540:internal-dpl-clock]: [12:47:50][STATE] Exiting FairMQ state machine
[1994544:trd-calibrated-tracklet-writer]: [12:47:50][STATE] RUNNING ---> READY
[1994544:trd-calibrated-tracklet-writer]: [12:47:50][STATE] READY ---> RESETTING TASK
[1994544:trd-calibrated-tracklet-writer]: [12:47:50][STATE] RESETTING TASK ---> DEVICE READY
[1994544:trd-calibrated-tracklet-writer]: [12:47:50][STATE] DEVICE READY ---> RESETTING DEVICE
[1994544:trd-calibrated-tracklet-writer]: [12:47:50][INFO] Cleaning up for shared memory id '7236e122'...
[1994544:trd-calibrated-tracklet-writer]: [12:47:50][INFO] Found 0 unmanaged regions...
[1994544:trd-calibrated-tracklet-writer]: [12:47:50][INFO] Found 1 managed segments...
[1994544:trd-calibrated-tracklet-writer]: [12:47:50][INFO] Successfully removed 'fmq_7236e122_m_0'.
[1994544:trd-calibrated-tracklet-writer]: [12:47:50][INFO] Successfully removed 'fmq_7236e122_mng'.
[1994544:trd-calibrated-tracklet-writer]: [12:47:50][STATE] RESETTING DEVICE ---> IDLE
[1994544:trd-calibrated-tracklet-writer]: [12:47:50][STATE] IDLE ---> EXITING
[1994544:trd-calibrated-tracklet-writer]: [12:47:50][STATE] Exiting FairMQ state machine
[INFO] ## Processes completed. Run summary:
[INFO] ### Devices started: 6
[INFO]  - Device internal-dpl-clock: pid 1994540 (exit 0)
[INFO]  - Device TRDTrackletReader: pid 1994541 (exit 0)
[INFO]  - Device internal-dpl-ccdb-backend: pid 1994542 (exit 0)
[INFO]  - Device TRDTRACKLETTRANSFORMER: pid 1994543 (exit 0)
[INFO]  - Device trd-calibrated-tracklet-writer: pid 1994544 (exit 0)
[INFO]  - Device internal-dpl-injected-dummy-sink: pid 1994545 (exit 0)
[INFO] Dumping used configuration in dpl-config.json
TASK-EXIT-CODE: 0
