Running: TIME="#walltime %e" /usr/bin/time --output=trdtrap.log_time ./trdtrap.log_tmp.sh
[INFO] Initialising O2 Data Processing Layer. Driver PID: 531325.
[INFO] Driver listening on port: 29405
[INFO] Rate limiting set up at 500MB distributed over 1 readers
[INFO] O2 Data Processing Layer initialised. We brake for nobody.
[INFO] Optimised build. O2DEBUG / LOG(debug) / LOGF(debug) / assert statement will not be shown.
[INFO] Redeployment of configuration asked.
[INFO] Starting internal-dpl-clock on pid 531395
[INFO] Starting TRDDIGITREADER on pid 531396
[INFO] Starting TRAP on pid 531397
[INFO] Starting TRD-tracklet-writer on pid 531398
[INFO] Starting internal-dpl-injected-dummy-sink on pid 531399
[INFO] Redeployment of configuration done.
[531399:internal-dpl-injected-dummy-sink]: [INFO] Instrumenting crash signals
[531399:internal-dpl-injected-dummy-sink]: [INFO] Spawing new device internal-dpl-injected-dummy-sink in process with pid 531399
[531399:internal-dpl-injected-dummy-sink]: [14:03:18][INFO] 
[531399:internal-dpl-injected-dummy-sink]:       ______      _    _______  _________ 
[531399:internal-dpl-injected-dummy-sink]:      / ____/___ _(_)_______   |/  /_  __ \    version 1.8.0
[531399:internal-dpl-injected-dummy-sink]:     / /_  / __ `/ / ___/__  /|_/ /_  / / /    build RELWITHDEBINFO
[531399:internal-dpl-injected-dummy-sink]:    / __/ / /_/ / / /    _  /  / / / /_/ /     https://github.com/FairRootGroup/FairMQ
[531399:internal-dpl-injected-dummy-sink]:   /_/    \__,_/_/_/     /_/  /_/  \___\_\     LGPL-3.0  © 2012-2023 GSI
[531399:internal-dpl-injected-dummy-sink]: 
[531399:internal-dpl-injected-dummy-sink]: [14:03:18][STATE] Starting FairMQ state machine --> IDLE
[531399:internal-dpl-injected-dummy-sink]: [14:03:18][STATE] IDLE ---> INITIALIZING DEVICE
[531399:internal-dpl-injected-dummy-sink]: [14:03:18][STATE] INITIALIZING DEVICE ---> INITIALIZED
[531399:internal-dpl-injected-dummy-sink]: [14:03:18][STATE] INITIALIZED ---> BINDING
[531399:internal-dpl-injected-dummy-sink]: [14:03:18][STATE] BINDING ---> BOUND
[531399:internal-dpl-injected-dummy-sink]: [14:03:18][STATE] BOUND ---> CONNECTING
[531399:internal-dpl-injected-dummy-sink]: [14:03:18][STATE] CONNECTING ---> DEVICE READY
[531399:internal-dpl-injected-dummy-sink]: [14:03:18][STATE] DEVICE READY ---> INITIALIZING TASK
[531399:internal-dpl-injected-dummy-sink]: [14:03:18][STATE] INITIALIZING TASK ---> READY
[531399:internal-dpl-injected-dummy-sink]: [14:03:18][STATE] READY ---> RUNNING
[531399:internal-dpl-injected-dummy-sink]: [14:03:18][INFO] fair::mq::Device running...
[531399:internal-dpl-injected-dummy-sink]: [14:03:18][INFO] LHCPeriod is not available, using current month SEP
[531399:internal-dpl-injected-dummy-sink]: [14:03:18][INFO] Correctly handshaken websocket connection.
[531396:TRDDIGITREADER]: [INFO] Instrumenting crash signals
[531396:TRDDIGITREADER]: [INFO] Spawing new device TRDDIGITREADER in process with pid 531396
[531396:TRDDIGITREADER]: [14:03:18][INFO] 
[531396:TRDDIGITREADER]:       ______      _    _______  _________ 
[531396:TRDDIGITREADER]:      / ____/___ _(_)_______   |/  /_  __ \    version 1.8.0
[531396:TRDDIGITREADER]:     / /_  / __ `/ / ___/__  /|_/ /_  / / /    build RELWITHDEBINFO
[531396:TRDDIGITREADER]:    / __/ / /_/ / / /    _  /  / / / /_/ /     https://github.com/FairRootGroup/FairMQ
[531396:TRDDIGITREADER]:   /_/    \__,_/_/_/     /_/  /_/  \___\_\     LGPL-3.0  © 2012-2023 GSI
[531396:TRDDIGITREADER]: 
[531396:TRDDIGITREADER]: [14:03:18][STATE] Starting FairMQ state machine --> IDLE
[531397:TRAP]: [INFO] Instrumenting crash signals
[531396:TRDDIGITREADER]: [14:03:18][STATE] IDLE ---> INITIALIZING DEVICE
[531397:TRAP]: [INFO] Spawing new device TRAP in process with pid 531397
[531397:TRAP]: [14:03:18][INFO] 
[531397:TRAP]:       ______      _    _______  _________ 
[531397:TRAP]:      / ____/___ _(_)_______   |/  /_  __ \    version 1.8.0
[531397:TRAP]:     / /_  / __ `/ / ___/__  /|_/ /_  / / /    build RELWITHDEBINFO
[531397:TRAP]:    / __/ / /_/ / / /    _  /  / / / /_/ /     https://github.com/FairRootGroup/FairMQ
[531397:TRAP]:   /_/    \__,_/_/_/     /_/  /_/  \___\_\     LGPL-3.0  © 2012-2023 GSI
[531397:TRAP]: 
[531397:TRAP]: [14:03:18][STATE] Starting FairMQ state machine --> IDLE
[531397:TRAP]: [14:03:18][STATE] IDLE ---> INITIALIZING DEVICE
[531397:TRAP]: [14:03:18][INFO] Tracklet charges will be calculated using a fixed multiplier
[531397:TRAP]: [14:03:18][INFO] Trap simulation running with 4 threads 
[531397:TRAP]: [14:03:18][STATE] INITIALIZING DEVICE ---> INITIALIZED
[531397:TRAP]: [14:03:18][STATE] INITIALIZED ---> BINDING
[531397:TRAP]: [14:03:18][STATE] BINDING ---> BOUND
[531397:TRAP]: [14:03:18][STATE] BOUND ---> CONNECTING
[531397:TRAP]: [14:03:18][STATE] CONNECTING ---> DEVICE READY
[531397:TRAP]: [14:03:18][STATE] DEVICE READY ---> INITIALIZING TASK
[531397:TRAP]: [14:03:18][STATE] INITIALIZING TASK ---> READY
[531397:TRAP]: [14:03:18][STATE] READY ---> RUNNING
[531397:TRAP]: [14:03:18][INFO] fair::mq::Device running...
[531397:TRAP]: [14:03:18][INFO] LHCPeriod is not available, using current month SEP
[531397:TRAP]: [14:03:18][INFO] Correctly handshaken websocket connection.
[531398:TRD-tracklet-writer]: [INFO] Instrumenting crash signals
[531395:internal-dpl-clock]: [INFO] Instrumenting crash signals
[531398:TRD-tracklet-writer]: [INFO] Spawing new device TRD-tracklet-writer in process with pid 531398
[531398:TRD-tracklet-writer]: [14:03:19][INFO] 
[531398:TRD-tracklet-writer]:       ______      _    _______  _________ 
[531398:TRD-tracklet-writer]:      / ____/___ _(_)_______   |/  /_  __ \    version 1.8.0
[531398:TRD-tracklet-writer]:     / /_  / __ `/ / ___/__  /|_/ /_  / / /    build RELWITHDEBINFO
[531398:TRD-tracklet-writer]:    / __/ / /_/ / / /    _  /  / / / /_/ /     https://github.com/FairRootGroup/FairMQ
[531398:TRD-tracklet-writer]:   /_/    \__,_/_/_/     /_/  /_/  \___\_\     LGPL-3.0  © 2012-2023 GSI
[531398:TRD-tracklet-writer]: 
[531398:TRD-tracklet-writer]: [14:03:19][STATE] Starting FairMQ state machine --> IDLE
[531395:internal-dpl-clock]: [INFO] Spawing new device internal-dpl-clock in process with pid 531395
[531395:internal-dpl-clock]: [14:03:19][INFO] 
[531395:internal-dpl-clock]:       ______      _    _______  _________ 
[531395:internal-dpl-clock]:      / ____/___ _(_)_______   |/  /_  __ \    version 1.8.0
[531395:internal-dpl-clock]:     / /_  / __ `/ / ___/__  /|_/ /_  / / /    build RELWITHDEBINFO
[531395:internal-dpl-clock]:    / __/ / /_/ / / /    _  /  / / / /_/ /     https://github.com/FairRootGroup/FairMQ
[531395:internal-dpl-clock]:   /_/    \__,_/_/_/     /_/  /_/  \___\_\     LGPL-3.0  © 2012-2023 GSI
[531395:internal-dpl-clock]: 
[531395:internal-dpl-clock]: [14:03:19][STATE] Starting FairMQ state machine --> IDLE
[531398:TRD-tracklet-writer]: [14:03:19][STATE] IDLE ---> INITIALIZING DEVICE
[531395:internal-dpl-clock]: [14:03:19][STATE] IDLE ---> INITIALIZING DEVICE
[531395:internal-dpl-clock]: [14:03:19][STATE] INITIALIZING DEVICE ---> INITIALIZED
[531395:internal-dpl-clock]: [14:03:19][STATE] INITIALIZED ---> BINDING
[531395:internal-dpl-clock]: [14:03:19][STATE] BINDING ---> BOUND
[531395:internal-dpl-clock]: [14:03:19][STATE] BOUND ---> CONNECTING
[531395:internal-dpl-clock]: [14:03:19][STATE] CONNECTING ---> DEVICE READY
[531395:internal-dpl-clock]: [14:03:19][STATE] DEVICE READY ---> INITIALIZING TASK
[531395:internal-dpl-clock]: [14:03:19][STATE] INITIALIZING TASK ---> READY
[531395:internal-dpl-clock]: [14:03:19][STATE] READY ---> RUNNING
[531395:internal-dpl-clock]: [14:03:19][INFO] fair::mq::Device running...
[531395:internal-dpl-clock]: [14:03:19][INFO] LHCPeriod is not available, using current month SEP
[531395:internal-dpl-clock]: [14:03:19][INFO] Correctly handshaken websocket connection.
[531398:TRD-tracklet-writer]: [14:03:19][INFO] 0: branch  Tracklet set up
[531398:TRD-tracklet-writer]: [14:03:19][INFO] 1: branch  TRKLabels set up
[531398:TRD-tracklet-writer]: [14:03:19][INFO] 2: branch  TrackTrg set up
[531398:TRD-tracklet-writer]: [14:03:19][STATE] INITIALIZING DEVICE ---> INITIALIZED
[531398:TRD-tracklet-writer]: [14:03:19][STATE] INITIALIZED ---> BINDING
[531398:TRD-tracklet-writer]: [14:03:19][STATE] BINDING ---> BOUND
[531398:TRD-tracklet-writer]: [14:03:19][STATE] BOUND ---> CONNECTING
[531398:TRD-tracklet-writer]: [14:03:19][STATE] CONNECTING ---> DEVICE READY
[531398:TRD-tracklet-writer]: [14:03:19][STATE] DEVICE READY ---> INITIALIZING TASK
[531398:TRD-tracklet-writer]: [14:03:19][STATE] INITIALIZING TASK ---> READY
[531398:TRD-tracklet-writer]: [14:03:19][STATE] READY ---> RUNNING
[531398:TRD-tracklet-writer]: [14:03:19][INFO] fair::mq::Device running...
[531398:TRD-tracklet-writer]: [14:03:19][INFO] LHCPeriod is not available, using current month SEP
[531398:TRD-tracklet-writer]: [14:03:19][INFO] Correctly handshaken websocket connection.
[531396:TRDDIGITREADER]: [14:03:19][INFO] Loaded tree from trddigits.root with 1 entries
[531396:TRDDIGITREADER]: [14:03:19][STATE] INITIALIZING DEVICE ---> INITIALIZED
[531396:TRDDIGITREADER]: [14:03:19][STATE] INITIALIZED ---> BINDING
[531396:TRDDIGITREADER]: [14:03:19][STATE] BINDING ---> BOUND
[531396:TRDDIGITREADER]: [14:03:19][STATE] BOUND ---> CONNECTING
[531396:TRDDIGITREADER]: [14:03:19][STATE] CONNECTING ---> DEVICE READY
[531396:TRDDIGITREADER]: [14:03:19][STATE] DEVICE READY ---> INITIALIZING TASK
[531396:TRDDIGITREADER]: [14:03:19][STATE] INITIALIZING TASK ---> READY
[531396:TRDDIGITREADER]: [14:03:19][STATE] READY ---> RUNNING
[531396:TRDDIGITREADER]: [14:03:19][INFO] fair::mq::Device running...
[531396:TRDDIGITREADER]: [14:03:19][INFO] LHCPeriod is not available, using current month SEP
[531396:TRDDIGITREADER]: [14:03:19][INFO] Pushing 335 TRD trigger records at entry 0
[531396:TRDDIGITREADER]: [14:03:19][INFO] Pushing 691768 digits for these trigger records
[531396:TRDDIGITREADER]: [14:03:19][INFO] Sending end-of-stream message to channel from_TRDDIGITREADER_to_TRAP
[531396:TRDDIGITREADER]: [14:03:19][INFO] Correctly handshaken websocket connection.
[531397:TRAP]: [14:03:19][INFO] TRD Trap Simulator Device running over incoming message
[531397:TRAP]: [14:03:19][INFO] Init CcdApi with UserAgentID: localhost.localdomain-1694606599-3XDlfl, Host: http://alice-ccdb.cern.ch/
[531397:TRAP]: Info in <TJAlienConnectionManager>: Opening connection to JCentral. Please wait
[531397:TRAP]: Info in <TJAlienConnectionManager>: Opening connection to 137.138.47.222
[531397:TRAP]: Info in <TJAlienConnectionManager>: Successfully connected to 137.138.47.222
[531397:TRAP]: Info in <TJAlienFile::Open>: Accessing file /alice/data/CCDB/TRD/Calib/ChamberCalibrations/07/05389/e704b36a-d22d-11ec-8dd8-511cc1ec24ee in SE <ALICE::CERN::OCDB>
[531397:TRAP]: [14:03:21][INFO] ccdb reads http://alice-ccdb.cern.ch/TRD/Calib/ChamberCalibrations/1/e704b36a-d22d-11ec-8dd8-511cc1ec24ee for 1546300800000 (retrieve, agent_id: localhost.localdomain-1694606599-3XDlfl), 
[531397:TRAP]: Info in <TJAlienFile::Open>: Accessing file /alice/data/CCDB/TRD/Calib/LocalGainFactor/15/61343/100756ad-4ec7-11ed-bee3-200114580202 in SE <ALICE::CERN::OCDB>
[531397:TRAP]: [14:03:22][INFO] ccdb reads http://alice-ccdb.cern.ch/TRD/Calib/LocalGainFactor/1/100756ad-4ec7-11ed-bee3-200114580202 for 1546300800000 (retrieve, agent_id: localhost.localdomain-1694606599-3XDlfl), 
[531397:TRAP]: Info in <TJAlienFile::Open>: Accessing file /alice/data/CCDB/TRD/Calib/PadNoise/15/62708/e81c639a-d22d-11ec-8dd8-511cc1ec24ee in SE <ALICE::CERN::OCDB>
[531397:TRAP]: [14:03:22][INFO] ccdb reads http://alice-ccdb.cern.ch/TRD/Calib/PadNoise/1/e81c639a-d22d-11ec-8dd8-511cc1ec24ee for 1546300800000 (retrieve, agent_id: localhost.localdomain-1694606599-3XDlfl), 
[531397:TRAP]: Info in <TJAlienFile::Open>: Accessing file /alice/data/CCDB/TRD/Calib/ChamberStatus/13/46772/e724d29a-d22d-11ec-8dd8-511cc1ec24ee in SE <ALICE::CERN::OCDB>
[531397:TRAP]: [14:03:22][INFO] ccdb reads http://alice-ccdb.cern.ch/TRD/Calib/ChamberStatus/1/e724d29a-d22d-11ec-8dd8-511cc1ec24ee for 1546300800000 (retrieve, agent_id: localhost.localdomain-1694606599-3XDlfl), 
[531397:TRAP]: Info in <TJAlienFile::Open>: Accessing file /alice/data/CCDB/TRD/Calib/PadStatus/01/08482/e8418bc7-d22d-11ec-8dd8-511cc1ec24ee in SE <ALICE::CERN::OCDB>
[531397:TRAP]: [14:03:22][INFO] ccdb reads http://alice-ccdb.cern.ch/TRD/Calib/PadStatus/1/e8418bc7-d22d-11ec-8dd8-511cc1ec24ee for 1546300800000 (retrieve, agent_id: localhost.localdomain-1694606599-3XDlfl), 
[531397:TRAP]: Info in <TJAlienFile::Open>: Accessing file /alice/data/CCDB/TRD/TrapConfig/cf_pg-fpnp32_zs-s16-deh_tb30_trkl-b5n-fs1e24-ht200-qs0e24s24e23-pidlinear-pt100_ptrg.r5549/15/64250/e6c280c9-d22d-11ec-8dd8-511cc1ec24ee in SE <ALICE::CERN::OCDB>
[531397:TRAP]: [14:03:24][INFO] ccdb reads http://alice-ccdb.cern.ch/TRD/TrapConfig/cf_pg-fpnp32_zs-s16-deh_tb30_trkl-b5n-fs1e24-ht200-qs0e24s24e23-pidlinear-pt100_ptrg.r5549/1/e6c280c9-d22d-11ec-8dd8-511cc1ec24ee for 1546300800000 (retrieve, agent_id: localhost.localdomain-1694606599-3XDlfl), 
[531397:TRAP]: [14:03:24][INFO] using TRAPconfig: cf_pg-fpnp32_zs-s16-deh_tb30_trkl-b5n-fs1e24-ht200-qs0e24s24e23-pidlinear-pt100_ptrg.r5549
[531397:TRAP]: [14:03:24][WARN] you have asked to not use online gain calibrations but the selected trap config does have FGBY enabled. Gain calibrations will be 1, i.e. no effect
[531397:TRAP]: [14:03:26][INFO] Trap simulator found 35120 tracklets from 691768 Digits.
[531397:TRAP]: [14:03:26][INFO] In total 0 digits were rejected due to digit downscaling factor of 1
[531397:TRAP]: [14:03:26][INFO] In total 46380 MC labels are associated to the 35120 tracklets
[531397:TRAP]: [14:03:26][INFO] Total processing time : 1836ms
[531397:TRAP]: [14:03:26][INFO] Digit Sorting took: 34ms
[531397:TRAP]: [14:03:26][INFO] Processing time for parallel region: 1772ms
[531397:TRAP]: [14:03:26][INFO] Sending end-of-stream message to channel from_TRAP_to_TRD-tracklet-writer
[531397:TRAP]: [14:03:26][INFO] Sending end-of-stream message to channel from_TRAP_to_internal-dpl-injected-dummy-sink
[INFO] Quitting
[INFO] QUIT_REQUESTED
[531396:TRDDIGITREADER]: [14:03:26][INFO] Received device shutdown request (signal 15).
[531396:TRDDIGITREADER]: [14:03:26][INFO] Waiting for graceful device shutdown. Hit Ctrl-C again to abort immediately.
[531397:TRAP]: [14:03:26][INFO] Received device shutdown request (signal 15).
[531397:TRAP]: [14:03:26][INFO] Waiting for graceful device shutdown. Hit Ctrl-C again to abort immediately.
[531395:internal-dpl-clock]: [14:03:26][INFO] Received device shutdown request (signal 15).
[531395:internal-dpl-clock]: [14:03:26][INFO] Waiting for graceful device shutdown. Hit Ctrl-C again to abort immediately.
[531397:TRAP]: [14:03:26][INFO] New state requested. No timeout set, quitting immediately as per --completion-policy
[531397:TRAP]: [14:03:26][STATE] RUNNING ---> READY
[531398:TRD-tracklet-writer]: [14:03:26][INFO] Received device shutdown request (signal 15).
[531398:TRD-tracklet-writer]: [14:03:26][INFO] Waiting for graceful device shutdown. Hit Ctrl-C again to abort immediately.
[531399:internal-dpl-injected-dummy-sink]: [14:03:26][INFO] Received device shutdown request (signal 15).
[531399:internal-dpl-injected-dummy-sink]: [14:03:26][INFO] Waiting for graceful device shutdown. Hit Ctrl-C again to abort immediately.
[531396:TRDDIGITREADER]: [14:03:26][INFO] New state requested. No timeout set, quitting immediately as per --completion-policy
[531396:TRDDIGITREADER]: [14:03:26][STATE] RUNNING ---> READY
[531397:TRAP]: [14:03:26][STATE] READY ---> RESETTING TASK
[531399:internal-dpl-injected-dummy-sink]: [14:03:26][INFO] New state requested. No timeout set, quitting immediately as per --completion-policy
[531399:internal-dpl-injected-dummy-sink]: [14:03:26][STATE] RUNNING ---> READY
[531395:internal-dpl-clock]: [14:03:26][INFO] New state requested. No timeout set, quitting immediately as per --completion-policy
[531395:internal-dpl-clock]: [14:03:26][INFO] Sending end-of-stream message to channel from_internal-dpl-clock_to_TRDDIGITREADER
[531395:internal-dpl-clock]: [14:03:26][STATE] RUNNING ---> READY
[531396:TRDDIGITREADER]: [14:03:26][STATE] READY ---> RESETTING TASK
[531396:TRDDIGITREADER]: [14:03:26][STATE] RESETTING TASK ---> DEVICE READY
[531396:TRDDIGITREADER]: [14:03:26][STATE] DEVICE READY ---> RESETTING DEVICE
[531397:TRAP]: [14:03:26][STATE] RESETTING TASK ---> DEVICE READY
[531397:TRAP]: [14:03:26][STATE] DEVICE READY ---> RESETTING DEVICE
[531398:TRD-tracklet-writer]: [14:03:26][INFO] New state requested. No timeout set, quitting immediately as per --completion-policy
[531399:internal-dpl-injected-dummy-sink]: [14:03:26][STATE] READY ---> RESETTING TASK
[531399:internal-dpl-injected-dummy-sink]: [14:03:26][STATE] RESETTING TASK ---> DEVICE READY
[531395:internal-dpl-clock]: [14:03:26][STATE] READY ---> RESETTING TASK
[531395:internal-dpl-clock]: [14:03:26][STATE] RESETTING TASK ---> DEVICE READY
[531395:internal-dpl-clock]: [14:03:26][STATE] DEVICE READY ---> RESETTING DEVICE
[531399:internal-dpl-injected-dummy-sink]: [14:03:26][STATE] DEVICE READY ---> RESETTING DEVICE
[531396:TRDDIGITREADER]: [14:03:26][STATE] RESETTING DEVICE ---> IDLE
[531396:TRDDIGITREADER]: [14:03:26][STATE] IDLE ---> EXITING
[531399:internal-dpl-injected-dummy-sink]: [14:03:26][STATE] RESETTING DEVICE ---> IDLE
[531396:TRDDIGITREADER]: [14:03:26][STATE] Exiting FairMQ state machine
[531397:TRAP]: [14:03:26][STATE] RESETTING DEVICE ---> IDLE
[531399:internal-dpl-injected-dummy-sink]: [14:03:26][STATE] IDLE ---> EXITING
[531397:TRAP]: [14:03:26][STATE] IDLE ---> EXITING
[531395:internal-dpl-clock]: [14:03:26][STATE] RESETTING DEVICE ---> IDLE
[531397:TRAP]: [14:03:26][STATE] Exiting FairMQ state machine
[531399:internal-dpl-injected-dummy-sink]: [14:03:26][STATE] Exiting FairMQ state machine
[531395:internal-dpl-clock]: [14:03:27][STATE] IDLE ---> EXITING
[531395:internal-dpl-clock]: [14:03:27][STATE] Exiting FairMQ state machine
[531398:TRD-tracklet-writer]: [14:03:27][STATE] RUNNING ---> READY
[531398:TRD-tracklet-writer]: [14:03:27][STATE] READY ---> RESETTING TASK
[531398:TRD-tracklet-writer]: [14:03:27][STATE] RESETTING TASK ---> DEVICE READY
[531398:TRD-tracklet-writer]: [14:03:27][STATE] DEVICE READY ---> RESETTING DEVICE
[531398:TRD-tracklet-writer]: [14:03:27][INFO] Cleaning up for shared memory id 'b8e2d15c'...
[531398:TRD-tracklet-writer]: [14:03:27][INFO] Found 0 unmanaged regions...
[531398:TRD-tracklet-writer]: [14:03:27][INFO] Found 1 managed segments...
[531398:TRD-tracklet-writer]: [14:03:27][INFO] Successfully removed 'fmq_b8e2d15c_m_0'.
[531398:TRD-tracklet-writer]: [14:03:27][INFO] Successfully removed 'fmq_b8e2d15c_mng'.
[531398:TRD-tracklet-writer]: [14:03:27][STATE] RESETTING DEVICE ---> IDLE
[531398:TRD-tracklet-writer]: [14:03:27][STATE] IDLE ---> EXITING
[531398:TRD-tracklet-writer]: [14:03:27][STATE] Exiting FairMQ state machine
[INFO] ## Processes completed. Run summary:
[INFO] ### Devices started: 5
[INFO]  - Device internal-dpl-clock: pid 531395 (exit 0)
[INFO]  - Device TRDDIGITREADER: pid 531396 (exit 0)
[INFO]  - Device TRAP: pid 531397 (exit 0)
[INFO]  - Device TRD-tracklet-writer: pid 531398 (exit 0)
[INFO]  - Device internal-dpl-injected-dummy-sink: pid 531399 (exit 0)
[INFO] Dumping used configuration in dpl-config.json
TASK-EXIT-CODE: 0
