Running: TIME="#walltime %e" /usr/bin/time --output=zdcreco.log_time ./zdcreco.log_tmp.sh
[INFO] WorkflowSpec defineDataProcessing
[INFO] WorkflowSpec getRecoWorkflow useMC 1
[INFO] Initialising O2 Data Processing Layer. Driver PID: 2779661.
[INFO] Driver listening on port: 27741
[INFO] Rate limiting set up at 500MB distributed over 1 readers
[INFO] O2 Data Processing Layer initialised. We brake for nobody.
[INFO] Optimised build. O2DEBUG / LOG(debug) / LOGF(debug) / assert statement will not be shown.
[INFO] Redeployment of configuration asked.
[INFO] Starting internal-dpl-clock on pid 2779719
[INFO] Starting zdc-digit-reader on pid 2779720
[INFO] Starting internal-dpl-ccdb-backend on pid 2779721
[INFO] Starting zdc-digi-reco on pid 2779722
[INFO] Starting zdc-calib-baseline-epn on pid 2779723
[INFO] Starting ZDCRecoWriter on pid 2779724
[INFO] Starting internal-dpl-injected-dummy-sink on pid 2779725
[INFO] Redeployment of configuration done.
[2779719:internal-dpl-clock]: [INFO] WorkflowSpec defineDataProcessing
[2779724:ZDCRecoWriter]: [INFO] WorkflowSpec defineDataProcessing
[2779721:internal-dpl-ccdb-backend]: [INFO] WorkflowSpec defineDataProcessing
[2779722:zdc-digi-reco]: [INFO] WorkflowSpec defineDataProcessing
[2779723:zdc-calib-baseline-epn]: [INFO] WorkflowSpec defineDataProcessing
[2779720:zdc-digit-reader]: [INFO] WorkflowSpec defineDataProcessing
[2779725:internal-dpl-injected-dummy-sink]: [INFO] WorkflowSpec defineDataProcessing
[2779723:zdc-calib-baseline-epn]: [INFO] WorkflowSpec getRecoWorkflow useMC 1
[2779719:internal-dpl-clock]: [INFO] WorkflowSpec getRecoWorkflow useMC 1
[2779724:ZDCRecoWriter]: [INFO] WorkflowSpec getRecoWorkflow useMC 1
[2779723:zdc-calib-baseline-epn]: [INFO] Instrumenting crash signals
[2779723:zdc-calib-baseline-epn]: [INFO] Spawing new device zdc-calib-baseline-epn in process with pid 2779723
[2779723:zdc-calib-baseline-epn]: [20:07:32][INFO] 
[2779723:zdc-calib-baseline-epn]:       ______      _    _______  _________ 
[2779723:zdc-calib-baseline-epn]:      / ____/___ _(_)_______   |/  /_  __ \    version 1.8.0
[2779723:zdc-calib-baseline-epn]:     / /_  / __ `/ / ___/__  /|_/ /_  / / /    build RELWITHDEBINFO
[2779723:zdc-calib-baseline-epn]:    / __/ / /_/ / / /    _  /  / / / /_/ /     https://github.com/FairRootGroup/FairMQ
[2779723:zdc-calib-baseline-epn]:   /_/    \__,_/_/_/     /_/  /_/  \___\_\     LGPL-3.0  © 2012-2023 GSI
[2779723:zdc-calib-baseline-epn]: 
[2779723:zdc-calib-baseline-epn]: [20:07:32][STATE] Starting FairMQ state machine --> IDLE
[2779723:zdc-calib-baseline-epn]: [20:07:32][STATE] IDLE ---> INITIALIZING DEVICE
[2779722:zdc-digi-reco]: [INFO] WorkflowSpec getRecoWorkflow useMC 1
[2779723:zdc-calib-baseline-epn]: [20:07:32][INFO] Sending calibration data to aggregator every mModTF = 0 TF
[2779723:zdc-calib-baseline-epn]: [20:07:32][STATE] INITIALIZING DEVICE ---> INITIALIZED
[2779723:zdc-calib-baseline-epn]: [20:07:32][STATE] INITIALIZED ---> BINDING
[2779723:zdc-calib-baseline-epn]: [20:07:32][STATE] BINDING ---> BOUND
[2779723:zdc-calib-baseline-epn]: [20:07:32][STATE] BOUND ---> CONNECTING
[2779723:zdc-calib-baseline-epn]: [20:07:32][STATE] CONNECTING ---> DEVICE READY
[2779723:zdc-calib-baseline-epn]: [20:07:32][STATE] DEVICE READY ---> INITIALIZING TASK
[2779723:zdc-calib-baseline-epn]: [20:07:32][STATE] INITIALIZING TASK ---> READY
[2779723:zdc-calib-baseline-epn]: [20:07:32][STATE] READY ---> RUNNING
[2779723:zdc-calib-baseline-epn]: [20:07:32][INFO] fair::mq::Device running...
[2779723:zdc-calib-baseline-epn]: [20:07:32][INFO] LHCPeriod is not available, using current month SEP
[2779724:ZDCRecoWriter]: [INFO] Instrumenting crash signals
[2779719:internal-dpl-clock]: [INFO] Instrumenting crash signals
[2779723:zdc-calib-baseline-epn]: [20:07:32][INFO] Correctly handshaken websocket connection.
[2779724:ZDCRecoWriter]: [INFO] Spawing new device ZDCRecoWriter in process with pid 2779724
[2779724:ZDCRecoWriter]: [20:07:32][INFO] 
[2779724:ZDCRecoWriter]:       ______      _    _______  _________ 
[2779724:ZDCRecoWriter]:      / ____/___ _(_)_______   |/  /_  __ \    version 1.8.0
[2779724:ZDCRecoWriter]:     / /_  / __ `/ / ___/__  /|_/ /_  / / /    build RELWITHDEBINFO
[2779724:ZDCRecoWriter]:    / __/ / /_/ / / /    _  /  / / / /_/ /     https://github.com/FairRootGroup/FairMQ
[2779724:ZDCRecoWriter]:   /_/    \__,_/_/_/     /_/  /_/  \___\_\     LGPL-3.0  © 2012-2023 GSI
[2779724:ZDCRecoWriter]: 
[2779724:ZDCRecoWriter]: [20:07:32][STATE] Starting FairMQ state machine --> IDLE
[2779724:ZDCRecoWriter]: [20:07:32][STATE] IDLE ---> INITIALIZING DEVICE
[2779719:internal-dpl-clock]: [INFO] Spawing new device internal-dpl-clock in process with pid 2779719
[2779719:internal-dpl-clock]: [20:07:32][INFO] 
[2779719:internal-dpl-clock]:       ______      _    _______  _________ 
[2779719:internal-dpl-clock]:      / ____/___ _(_)_______   |/  /_  __ \    version 1.8.0
[2779719:internal-dpl-clock]:     / /_  / __ `/ / ___/__  /|_/ /_  / / /    build RELWITHDEBINFO
[2779719:internal-dpl-clock]:    / __/ / /_/ / / /    _  /  / / / /_/ /     https://github.com/FairRootGroup/FairMQ
[2779719:internal-dpl-clock]:   /_/    \__,_/_/_/     /_/  /_/  \___\_\     LGPL-3.0  © 2012-2023 GSI
[2779719:internal-dpl-clock]: 
[2779719:internal-dpl-clock]: [20:07:32][STATE] Starting FairMQ state machine --> IDLE
[2779722:zdc-digi-reco]: [INFO] Instrumenting crash signals
[2779722:zdc-digi-reco]: [INFO] Spawing new device zdc-digi-reco in process with pid 2779722
[2779722:zdc-digi-reco]: [20:07:32][INFO] 
[2779722:zdc-digi-reco]:       ______      _    _______  _________ 
[2779722:zdc-digi-reco]:      / ____/___ _(_)_______   |/  /_  __ \    version 1.8.0
[2779722:zdc-digi-reco]:     / /_  / __ `/ / ___/__  /|_/ /_  / / /    build RELWITHDEBINFO
[2779722:zdc-digi-reco]:    / __/ / /_/ / / /    _  /  / / / /_/ /     https://github.com/FairRootGroup/FairMQ
[2779722:zdc-digi-reco]:   /_/    \__,_/_/_/     /_/  /_/  \___\_\     LGPL-3.0  © 2012-2023 GSI
[2779722:zdc-digi-reco]: 
[2779719:internal-dpl-clock]: [20:07:32][STATE] IDLE ---> INITIALIZING DEVICE
[2779722:zdc-digi-reco]: [20:07:32][STATE] Starting FairMQ state machine --> IDLE
[2779722:zdc-digi-reco]: [20:07:32][STATE] IDLE ---> INITIALIZING DEVICE
[2779722:zdc-digi-reco]: [20:07:32][STATE] INITIALIZING DEVICE ---> INITIALIZED
[2779722:zdc-digi-reco]: [20:07:32][STATE] INITIALIZED ---> BINDING
[2779722:zdc-digi-reco]: [20:07:32][STATE] BINDING ---> BOUND
[2779722:zdc-digi-reco]: [20:07:32][STATE] BOUND ---> CONNECTING
[2779722:zdc-digi-reco]: [20:07:32][STATE] CONNECTING ---> DEVICE READY
[2779722:zdc-digi-reco]: [20:07:32][STATE] DEVICE READY ---> INITIALIZING TASK
[2779720:zdc-digit-reader]: [INFO] WorkflowSpec getRecoWorkflow useMC 1
[2779719:internal-dpl-clock]: [20:07:32][STATE] INITIALIZING DEVICE ---> INITIALIZED
[2779719:internal-dpl-clock]: [20:07:32][STATE] INITIALIZED ---> BINDING
[2779719:internal-dpl-clock]: [20:07:32][STATE] BINDING ---> BOUND
[2779724:ZDCRecoWriter]: [20:07:32][INFO] 0: branch  ZDCRecBC set up
[2779724:ZDCRecoWriter]: [20:07:32][INFO] 1: branch  ZDCRecE set up
[2779724:ZDCRecoWriter]: [20:07:32][INFO] 2: branch  ZDCRecTDC set up
[2779724:ZDCRecoWriter]: [20:07:32][INFO] 3: branch  ZDCRecInfo set up
[2779724:ZDCRecoWriter]: [20:07:32][INFO] 4: branch  ZDCWaveform set up
[2779724:ZDCRecoWriter]: [20:07:32][STATE] INITIALIZING DEVICE ---> INITIALIZED
[2779719:internal-dpl-clock]: [20:07:32][STATE] BOUND ---> CONNECTING
[2779719:internal-dpl-clock]: [20:07:32][STATE] CONNECTING ---> DEVICE READY
[2779724:ZDCRecoWriter]: [20:07:32][STATE] INITIALIZED ---> BINDING
[2779724:ZDCRecoWriter]: [20:07:32][STATE] BINDING ---> BOUND
[2779724:ZDCRecoWriter]: [20:07:32][STATE] BOUND ---> CONNECTING
[2779724:ZDCRecoWriter]: [20:07:32][STATE] CONNECTING ---> DEVICE READY
[2779724:ZDCRecoWriter]: [20:07:32][STATE] DEVICE READY ---> INITIALIZING TASK
[2779724:ZDCRecoWriter]: [20:07:32][STATE] INITIALIZING TASK ---> READY
[2779724:ZDCRecoWriter]: [20:07:32][STATE] READY ---> RUNNING
[2779724:ZDCRecoWriter]: [20:07:32][INFO] fair::mq::Device running...
[2779724:ZDCRecoWriter]: [20:07:32][INFO] LHCPeriod is not available, using current month SEP
[2779724:ZDCRecoWriter]: [20:07:32][INFO] Correctly handshaken websocket connection.
[2779719:internal-dpl-clock]: [20:07:32][STATE] DEVICE READY ---> INITIALIZING TASK
[2779721:internal-dpl-ccdb-backend]: [INFO] WorkflowSpec getRecoWorkflow useMC 1
[2779719:internal-dpl-clock]: [20:07:32][STATE] INITIALIZING TASK ---> READY
[2779719:internal-dpl-clock]: [20:07:32][STATE] READY ---> RUNNING
[2779719:internal-dpl-clock]: [20:07:32][INFO] fair::mq::Device running...
[2779719:internal-dpl-clock]: [20:07:32][INFO] LHCPeriod is not available, using current month SEP
[2779720:zdc-digit-reader]: [INFO] Instrumenting crash signals
[2779720:zdc-digit-reader]: [INFO] Spawing new device zdc-digit-reader in process with pid 2779720
[2779720:zdc-digit-reader]: [20:07:32][INFO] 
[2779720:zdc-digit-reader]:       ______      _    _______  _________ 
[2779720:zdc-digit-reader]:      / ____/___ _(_)_______   |/  /_  __ \    version 1.8.0
[2779720:zdc-digit-reader]:     / /_  / __ `/ / ___/__  /|_/ /_  / / /    build RELWITHDEBINFO
[2779720:zdc-digit-reader]:    / __/ / /_/ / / /    _  /  / / / /_/ /     https://github.com/FairRootGroup/FairMQ
[2779720:zdc-digit-reader]:   /_/    \__,_/_/_/     /_/  /_/  \___\_\     LGPL-3.0  © 2012-2023 GSI
[2779720:zdc-digit-reader]: 
[2779720:zdc-digit-reader]: [20:07:32][STATE] Starting FairMQ state machine --> IDLE
[2779722:zdc-digi-reco]: [20:07:32][STATE] INITIALIZING TASK ---> READY
[2779722:zdc-digi-reco]: [20:07:32][STATE] READY ---> RUNNING
[2779722:zdc-digi-reco]: [20:07:32][INFO] fair::mq::Device running...
[2779722:zdc-digi-reco]: [20:07:32][INFO] LHCPeriod is not available, using current month SEP
[2779725:internal-dpl-injected-dummy-sink]: [INFO] WorkflowSpec getRecoWorkflow useMC 1
[2779719:internal-dpl-clock]: [20:07:32][INFO] Correctly handshaken websocket connection.
[2779722:zdc-digi-reco]: [20:07:32][INFO] Correctly handshaken websocket connection.
[2779720:zdc-digit-reader]: [20:07:32][STATE] IDLE ---> INITIALIZING DEVICE
[2779721:internal-dpl-ccdb-backend]: [INFO] Instrumenting crash signals
[2779725:internal-dpl-injected-dummy-sink]: [INFO] Instrumenting crash signals
[2779725:internal-dpl-injected-dummy-sink]: [INFO] Spawing new device internal-dpl-injected-dummy-sink in process with pid 2779725
[2779725:internal-dpl-injected-dummy-sink]: [20:07:32][INFO] 
[2779725:internal-dpl-injected-dummy-sink]:       ______      _    _______  _________ 
[2779725:internal-dpl-injected-dummy-sink]:      / ____/___ _(_)_______   |/  /_  __ \    version 1.8.0
[2779725:internal-dpl-injected-dummy-sink]:     / /_  / __ `/ / ___/__  /|_/ /_  / / /    build RELWITHDEBINFO
[2779725:internal-dpl-injected-dummy-sink]:    / __/ / /_/ / / /    _  /  / / / /_/ /     https://github.com/FairRootGroup/FairMQ
[2779725:internal-dpl-injected-dummy-sink]:   /_/    \__,_/_/_/     /_/  /_/  \___\_\     LGPL-3.0  © 2012-2023 GSI
[2779725:internal-dpl-injected-dummy-sink]: 
[2779725:internal-dpl-injected-dummy-sink]: [20:07:32][STATE] Starting FairMQ state machine --> IDLE
[2779721:internal-dpl-ccdb-backend]: [INFO] Spawing new device internal-dpl-ccdb-backend in process with pid 2779721
[2779721:internal-dpl-ccdb-backend]: [20:07:32][INFO] 
[2779721:internal-dpl-ccdb-backend]:       ______      _    _______  _________ 
[2779721:internal-dpl-ccdb-backend]:      / ____/___ _(_)_______   |/  /_  __ \    version 1.8.0
[2779721:internal-dpl-ccdb-backend]:     / /_  / __ `/ / ___/__  /|_/ /_  / / /    build RELWITHDEBINFO
[2779721:internal-dpl-ccdb-backend]:    / __/ / /_/ / / /    _  /  / / / /_/ /     https://github.com/FairRootGroup/FairMQ
[2779721:internal-dpl-ccdb-backend]:   /_/    \__,_/_/_/     /_/  /_/  \___\_\     LGPL-3.0  © 2012-2023 GSI
[2779721:internal-dpl-ccdb-backend]: 
[2779721:internal-dpl-ccdb-backend]: [20:07:32][STATE] Starting FairMQ state machine --> IDLE
[2779725:internal-dpl-injected-dummy-sink]: [20:07:32][STATE] IDLE ---> INITIALIZING DEVICE
[2779721:internal-dpl-ccdb-backend]: [20:07:32][STATE] IDLE ---> INITIALIZING DEVICE
[2779721:internal-dpl-ccdb-backend]: [20:07:32][INFO] CCDB Backend at: http://alice-ccdb.cern.ch, validity check for every 2147483647 TF
[2779721:internal-dpl-ccdb-backend]: [20:07:32][INFO] Init CcdApi with UserAgentID: localhost.localdomain-1694542052-HHzr9l, Host: http://alice-ccdb.cern.ch
[2779721:internal-dpl-ccdb-backend]: [20:07:32][INFO] Initialised default CCDB host http://alice-ccdb.cern.ch
[2779721:internal-dpl-ccdb-backend]: [20:07:32][INFO] The following route is a condition ZDC/BASECALIB/0
[2779721:internal-dpl-ccdb-backend]: [20:07:32][INFO] - ccdb-path: ZDC/Calib/BaselineCalib
[2779721:internal-dpl-ccdb-backend]: [20:07:32][INFO] The following route is a condition ZDC/MODULECONFIG/0
[2779721:internal-dpl-ccdb-backend]: [20:07:32][INFO] - ccdb-path: ZDC/Config/Module
[2779721:internal-dpl-ccdb-backend]: [20:07:32][INFO] The following route is a condition ZDC/RECOCONFIG/0
[2779721:internal-dpl-ccdb-backend]: [20:07:32][INFO] - ccdb-path: ZDC/Calib/RecoConfigZDC
[2779721:internal-dpl-ccdb-backend]: [20:07:32][INFO] The following route is a condition ZDC/TDCCALIB/0
[2779721:internal-dpl-ccdb-backend]: [20:07:32][INFO] - ccdb-path: ZDC/Calib/TDCCalib
[2779721:internal-dpl-ccdb-backend]: [20:07:32][INFO] The following route is a condition ZDC/TDCCORR/0
[2779721:internal-dpl-ccdb-backend]: [20:07:32][INFO] - ccdb-path: ZDC/Calib/TDCCorr
[2779721:internal-dpl-ccdb-backend]: [20:07:32][INFO] The following route is a condition ZDC/TOWERCALIB/0
[2779721:internal-dpl-ccdb-backend]: [20:07:32][INFO] - ccdb-path: ZDC/Calib/TowerCalib
[2779721:internal-dpl-ccdb-backend]: [20:07:32][INFO] The following route is a condition ZDC/ADCCALIB/0
[2779721:internal-dpl-ccdb-backend]: [20:07:32][INFO] - ccdb-path: ZDC/Calib/EnergyCalib
[2779721:internal-dpl-ccdb-backend]: [20:07:32][STATE] INITIALIZING DEVICE ---> INITIALIZED
[2779721:internal-dpl-ccdb-backend]: [20:07:32][STATE] INITIALIZED ---> BINDING
[2779721:internal-dpl-ccdb-backend]: [20:07:32][STATE] BINDING ---> BOUND
[2779725:internal-dpl-injected-dummy-sink]: [20:07:32][STATE] INITIALIZING DEVICE ---> INITIALIZED
[2779721:internal-dpl-ccdb-backend]: [20:07:32][STATE] BOUND ---> CONNECTING
[2779721:internal-dpl-ccdb-backend]: [20:07:32][STATE] CONNECTING ---> DEVICE READY
[2779721:internal-dpl-ccdb-backend]: [20:07:32][STATE] DEVICE READY ---> INITIALIZING TASK
[2779725:internal-dpl-injected-dummy-sink]: [20:07:32][STATE] INITIALIZED ---> BINDING
[2779725:internal-dpl-injected-dummy-sink]: [20:07:32][STATE] BINDING ---> BOUND
[2779721:internal-dpl-ccdb-backend]: [20:07:32][STATE] INITIALIZING TASK ---> READY
[2779721:internal-dpl-ccdb-backend]: [20:07:32][STATE] READY ---> RUNNING
[2779721:internal-dpl-ccdb-backend]: [20:07:32][INFO] fair::mq::Device running...
[2779721:internal-dpl-ccdb-backend]: [20:07:32][INFO] LHCPeriod is not available, using current month SEP
[2779721:internal-dpl-ccdb-backend]: [20:07:32][INFO] Correctly handshaken websocket connection.
[2779725:internal-dpl-injected-dummy-sink]: [20:07:32][STATE] BOUND ---> CONNECTING
[2779725:internal-dpl-injected-dummy-sink]: [20:07:32][STATE] CONNECTING ---> DEVICE READY
[2779725:internal-dpl-injected-dummy-sink]: [20:07:32][STATE] DEVICE READY ---> INITIALIZING TASK
[2779725:internal-dpl-injected-dummy-sink]: [20:07:32][STATE] INITIALIZING TASK ---> READY
[2779725:internal-dpl-injected-dummy-sink]: [20:07:32][STATE] READY ---> RUNNING
[2779725:internal-dpl-injected-dummy-sink]: [20:07:32][INFO] fair::mq::Device running...
[2779725:internal-dpl-injected-dummy-sink]: [20:07:32][INFO] LHCPeriod is not available, using current month SEP
[2779725:internal-dpl-injected-dummy-sink]: [20:07:32][INFO] Correctly handshaken websocket connection.
[2779720:zdc-digit-reader]: [20:07:32][STATE] INITIALIZING DEVICE ---> INITIALIZED
[2779720:zdc-digit-reader]: [20:07:32][STATE] INITIALIZED ---> BINDING
[2779720:zdc-digit-reader]: [20:07:32][STATE] BINDING ---> BOUND
[2779720:zdc-digit-reader]: [20:07:32][STATE] BOUND ---> CONNECTING
[2779720:zdc-digit-reader]: [20:07:32][STATE] CONNECTING ---> DEVICE READY
[2779720:zdc-digit-reader]: [20:07:32][STATE] DEVICE READY ---> INITIALIZING TASK
[2779720:zdc-digit-reader]: [20:07:32][STATE] INITIALIZING TASK ---> READY
[2779720:zdc-digit-reader]: [20:07:32][STATE] READY ---> RUNNING
[2779720:zdc-digit-reader]: [20:07:32][INFO] fair::mq::Device running...
[2779720:zdc-digit-reader]: [20:07:32][INFO] LHCPeriod is not available, using current month SEP
[2779720:zdc-digit-reader]: [20:07:32][INFO] ZDCDigitReader pushed 112 orbits with 0 bcs and 0 digits
[2779720:zdc-digit-reader]: [20:07:32][INFO] Sending end-of-stream message to channel from_zdc-digit-reader_to_internal-dpl-ccdb-backend
[2779720:zdc-digit-reader]: [20:07:32][INFO] Sending end-of-stream message to channel from_zdc-digit-reader_to_zdc-digi-reco
[2779720:zdc-digit-reader]: [20:07:32][INFO] Sending end-of-stream message to channel from_zdc-digit-reader_to_internal-dpl-injected-dummy-sink
[2779720:zdc-digit-reader]: [20:07:32][INFO] Correctly handshaken websocket connection.
[2779721:internal-dpl-ccdb-backend]: Info in <TJAlienConnectionManager>: Opening connection to JCentral. Please wait
[2779721:internal-dpl-ccdb-backend]: Info in <TJAlienConnectionManager>: Opening connection to 137.138.47.221
[2779721:internal-dpl-ccdb-backend]: Info in <TJAlienConnectionManager>: Successfully connected to 137.138.47.221
[2779721:internal-dpl-ccdb-backend]: Info in <TJAlienFile::Open>: Accessing file /alice/data/CCDB/CTP/Calib/OrbitReset/06/62200/b9f985c3-b4b0-11ec-8fd3-90ce809b24ee in SE <ALICE::CERN::EOS>
[2779721:internal-dpl-ccdb-backend]: [20:07:34][INFO] ccdb reads http://alice-ccdb.cern.ch/CTP/Calib/OrbitReset/1546300800000/b9f985c3-b4b0-11ec-8fd3-90ce809b24ee for 1546300800000 (load to memory, agent_id: localhost.localdomain-1694542052-HHzr9l), 
[2779721:internal-dpl-ccdb-backend]: Info in <TJAlienFile::Open>: Accessing file /alice/data/CCDB/ZDC/Calib/BaselineCalib/02/59081/c6fe667e-f23b-11ec-b9c0-2a010e0a0b16 in SE <ALICE::CERN::OCDB>
[2779721:internal-dpl-ccdb-backend]: [20:07:34][INFO] ccdb reads http://alice-ccdb.cern.ch/ZDC/Calib/BaselineCalib/1546300800000/c6fe667e-f23b-11ec-b9c0-2a010e0a0b16 for 1546300800000 (load to memory, agent_id: localhost.localdomain-1694542052-HHzr9l), 
[2779721:internal-dpl-ccdb-backend]: Info in <TJAlienFile::Open>: Accessing file /alice/data/CCDB/ZDC/Config/Module/12/06629/706c8778-60e8-11ed-9dc3-2a010e0a0b16 in SE <ALICE::CERN::OCDB>
[2779721:internal-dpl-ccdb-backend]: [20:07:35][INFO] ccdb reads http://alice-ccdb.cern.ch/ZDC/Config/Module/1546300800000/706c8778-60e8-11ed-9dc3-2a010e0a0b16 for 1546300800000 (load to memory, agent_id: localhost.localdomain-1694542052-HHzr9l), 
[2779721:internal-dpl-ccdb-backend]: Info in <TJAlienFile::Open>: Accessing file /alice/data/CCDB/ZDC/Calib/RecoConfigZDC/14/01732/abbc3456-cca5-11ec-b790-200114580d00 in SE <ALICE::CERN::OCDB>
[2779721:internal-dpl-ccdb-backend]: [20:07:35][INFO] ccdb reads http://alice-ccdb.cern.ch/ZDC/Calib/RecoConfigZDC/1546300800000/abbc3456-cca5-11ec-b790-200114580d00 for 1546300800000 (load to memory, agent_id: localhost.localdomain-1694542052-HHzr9l), 
[2779721:internal-dpl-ccdb-backend]: Info in <TJAlienFile::Open>: Accessing file /alice/data/CCDB/ZDC/Calib/TDCCalib/00/62131/0bc5c80f-cca6-11ec-b790-200114580d00 in SE <ALICE::CERN::OCDB>
[2779721:internal-dpl-ccdb-backend]: [20:07:35][INFO] ccdb reads http://alice-ccdb.cern.ch/ZDC/Calib/TDCCalib/1546300800000/0bc5c80f-cca6-11ec-b790-200114580d00 for 1546300800000 (load to memory, agent_id: localhost.localdomain-1694542052-HHzr9l), 
[2779721:internal-dpl-ccdb-backend]: Info in <TJAlienFile::Open>: Accessing file /alice/data/CCDB/ZDC/Calib/TDCCorr/01/30762/0d5c2790-cca6-11ec-b790-200114580d00 in SE <ALICE::CERN::EOS>
[2779721:internal-dpl-ccdb-backend]: [20:07:35][INFO] ccdb reads http://alice-ccdb.cern.ch/ZDC/Calib/TDCCorr/1546300800000/0d5c2790-cca6-11ec-b790-200114580d00 for 1546300800000 (load to memory, agent_id: localhost.localdomain-1694542052-HHzr9l), 
[2779721:internal-dpl-ccdb-backend]: Info in <TJAlienFile::Open>: Accessing file /alice/data/CCDB/ZDC/Calib/TowerCalib/10/02515/0ef2f88b-cca6-11ec-b790-200114580d00 in SE <ALICE::CERN::EOS>
[2779721:internal-dpl-ccdb-backend]: [20:07:35][INFO] ccdb reads http://alice-ccdb.cern.ch/ZDC/Calib/TowerCalib/1546300800000/0ef2f88b-cca6-11ec-b790-200114580d00 for 1546300800000 (load to memory, agent_id: localhost.localdomain-1694542052-HHzr9l), 
[2779721:internal-dpl-ccdb-backend]: Info in <TJAlienFile::Open>: Accessing file /alice/data/CCDB/ZDC/Calib/EnergyCalib/13/25891/73c62b2f-cca4-11ec-981d-200114580d00 in SE <ALICE::CERN::OCDB>
[2779721:internal-dpl-ccdb-backend]: [20:07:36][INFO] ccdb reads http://alice-ccdb.cern.ch/ZDC/Calib/EnergyCalib/1546300800000/73c62b2f-cca4-11ec-981d-200114580d00 for 1546300800000 (load to memory, agent_id: localhost.localdomain-1694542052-HHzr9l), 
[2779721:internal-dpl-ccdb-backend]: [20:07:36][INFO] Sending end-of-stream message to channel from_internal-dpl-ccdb-backend_to_zdc-digi-reco
[2779721:internal-dpl-ccdb-backend]: [20:07:36][INFO] Sending end-of-stream message to channel from_internal-dpl-ccdb-backend_to_internal-dpl-injected-dummy-sink
[2779722:zdc-digi-reco]: [20:07:36][INFO] DigitRecoSpec::run initialization
[2779722:zdc-digi-reco]: [20:07:37][INFO] Caching in 140590179833200 ptr to ZDC/MODULECONFIG/0 (0x3f37430)
[2779722:zdc-digi-reco]: [20:07:37][INFO] Caching in 140590179835472 ptr to ZDC/RECOCONFIG/0 (0x4733f50)
[2779722:zdc-digi-reco]: [20:07:37][INFO] Caching in 140590179837744 ptr to ZDC/TDCCALIB/0 (0x689cea0)
[2779722:zdc-digi-reco]: [20:07:37][INFO] Caching in 140590179838992 ptr to ZDC/TDCCORR/0 (0x7d263b0)
[2779722:zdc-digi-reco]: [20:07:37][INFO] Caching in 140590179872208 ptr to ZDC/ADCCALIB/0 (0x7ccd350)
[2779722:zdc-digi-reco]: [20:07:37][INFO] Caching in 140590179869936 ptr to ZDC/TOWERCALIB/0 (0x3a0ca50)
[2779722:zdc-digi-reco]: [20:07:37][INFO] Caching in 140590179830928 ptr to ZDC/BASECALIB/0 (0x3a0d430)
[2779722:zdc-digi-reco]: [20:07:37][INFO] Initialization of ZDC reconstruction
[2779722:zdc-digi-reco]: [20:07:37][INFO] Interpolation numeric precision is 4
[2779722:zdc-digi-reco]: [20:07:37][INFO] Interpolation alpha = 3
[2779722:zdc-digi-reco]: [20:07:37][INFO] RecoParamZDC::print()
[2779722:zdc-digi-reco]: [20:07:37][INFO] Low pass filtering is enabled
[2779722:zdc-digi-reco]: [20:07:37][INFO] DOUBLE trigger condition enforced in reconstruction
[2779722:zdc-digi-reco]: [20:07:37][INFO] Extended search is ON
[2779722:zdc-digi-reco]: [20:07:37][INFO] Storage of EvE hits is OFF
[2779722:zdc-digi-reco]: [20:07:37][INFO] Energy Calibration from CCDB ZNAC = 1
[2779722:zdc-digi-reco]: [20:07:37][INFO] SUM Energy Calibration  ZNAS = 1
[2779722:zdc-digi-reco]: [20:07:37][INFO] Energy Calibration from CCDB ZPAC = 1
[2779722:zdc-digi-reco]: [20:07:37][INFO] SUM Energy Calibration  ZPAS = 1
[2779722:zdc-digi-reco]: [20:07:37][INFO] Energy Calibration from CCDB ZEM1 = 1
[2779722:zdc-digi-reco]: [20:07:37][INFO] Energy Calibration from CCDB ZEM2 = 1
[2779722:zdc-digi-reco]: [20:07:37][INFO] Energy Calibration from CCDB ZNCC = 1
[2779722:zdc-digi-reco]: [20:07:37][INFO] SUM Energy Calibration  ZNCS = 1
[2779722:zdc-digi-reco]: [20:07:37][INFO] Energy Calibration from CCDB ZPCC = 1
[2779722:zdc-digi-reco]: [20:07:37][INFO] SUM Energy Calibration  ZPCS = 1
[2779722:zdc-digi-reco]: [20:07:37][INFO] Tower Calibration from CCDB ZNA1 = 1
[2779722:zdc-digi-reco]: [20:07:37][INFO] Tower Calibration from CCDB ZNA2 = 1
[2779722:zdc-digi-reco]: [20:07:37][INFO] Tower Calibration from CCDB ZNA3 = 1
[2779722:zdc-digi-reco]: [20:07:37][INFO] Tower Calibration from CCDB ZNA4 = 1
[2779722:zdc-digi-reco]: [20:07:37][INFO] Tower Calibration from CCDB ZPA1 = 1
[2779722:zdc-digi-reco]: [20:07:37][INFO] Tower Calibration from CCDB ZPA2 = 1
[2779722:zdc-digi-reco]: [20:07:37][INFO] Tower Calibration from CCDB ZPA3 = 1
[2779722:zdc-digi-reco]: [20:07:37][INFO] Tower Calibration from CCDB ZPA4 = 1
[2779722:zdc-digi-reco]: [20:07:37][INFO] Tower Calibration from CCDB ZNC1 = 1
[2779722:zdc-digi-reco]: [20:07:37][INFO] Tower Calibration from CCDB ZNC2 = 1
[2779722:zdc-digi-reco]: [20:07:37][INFO] Tower Calibration from CCDB ZNC3 = 1
[2779722:zdc-digi-reco]: [20:07:37][INFO] Tower Calibration from CCDB ZNC4 = 1
[2779722:zdc-digi-reco]: [20:07:37][INFO] Tower Calibration from CCDB ZPC1 = 1
[2779722:zdc-digi-reco]: [20:07:37][INFO] Tower Calibration from CCDB ZPC2 = 1
[2779722:zdc-digi-reco]: [20:07:37][INFO] Tower Calibration from CCDB ZPC3 = 1
[2779722:zdc-digi-reco]: [20:07:37][INFO] Tower Calibration from CCDB ZPC4 = 1
[2779722:zdc-digi-reco]: [20:07:37][INFO] Tower Calibration from CCDB ZEM2 = 1
[2779722:zdc-digi-reco]: [20:07:37][INFO] Tower Energy Calibration set to ZEM2 = 1
[2779722:zdc-digi-reco]: [20:07:37][WARN] ZNAC OLD Baseline = -inf OUT OF RANGE
[2779722:zdc-digi-reco]: [20:07:37][WARN] ZNA1 OLD Baseline = -inf OUT OF RANGE
[2779722:zdc-digi-reco]: [20:07:37][WARN] ZNA2 OLD Baseline = -inf OUT OF RANGE
[2779722:zdc-digi-reco]: [20:07:37][WARN] ZNA3 OLD Baseline = -inf OUT OF RANGE
[2779722:zdc-digi-reco]: [20:07:37][WARN] ZNA4 OLD Baseline = -inf OUT OF RANGE
[2779722:zdc-digi-reco]: [20:07:37][WARN] ZNAS OLD Baseline = -inf OUT OF RANGE
[2779722:zdc-digi-reco]: [20:07:37][WARN] ZPAC OLD Baseline = -inf OUT OF RANGE
[2779722:zdc-digi-reco]: [20:07:37][WARN] ZPA1 OLD Baseline = -inf OUT OF RANGE
[2779722:zdc-digi-reco]: [20:07:37][WARN] ZPA2 OLD Baseline = -inf OUT OF RANGE
[2779722:zdc-digi-reco]: [20:07:37][WARN] ZPA3 OLD Baseline = -inf OUT OF RANGE
[2779722:zdc-digi-reco]: [20:07:37][WARN] ZPA4 OLD Baseline = -inf OUT OF RANGE
[2779722:zdc-digi-reco]: [20:07:37][WARN] ZPAS OLD Baseline = -inf OUT OF RANGE
[2779722:zdc-digi-reco]: [20:07:37][WARN] ZEM1 OLD Baseline = -inf OUT OF RANGE
[2779722:zdc-digi-reco]: [20:07:37][WARN] ZEM2 OLD Baseline = -inf OUT OF RANGE
[2779722:zdc-digi-reco]: [20:07:37][WARN] ZNCC OLD Baseline = -inf OUT OF RANGE
[2779722:zdc-digi-reco]: [20:07:37][WARN] ZNC1 OLD Baseline = -inf OUT OF RANGE
[2779722:zdc-digi-reco]: [20:07:37][WARN] ZNC2 OLD Baseline = -inf OUT OF RANGE
[2779722:zdc-digi-reco]: [20:07:37][WARN] ZNC3 OLD Baseline = -inf OUT OF RANGE
[2779722:zdc-digi-reco]: [20:07:37][WARN] ZNC4 OLD Baseline = -inf OUT OF RANGE
[2779722:zdc-digi-reco]: [20:07:37][WARN] ZNCS OLD Baseline = -inf OUT OF RANGE
[2779722:zdc-digi-reco]: [20:07:37][WARN] ZPCC OLD Baseline = -inf OUT OF RANGE
[2779722:zdc-digi-reco]: [20:07:37][WARN] ZPC1 OLD Baseline = -inf OUT OF RANGE
[2779722:zdc-digi-reco]: [20:07:37][WARN] ZPC2 OLD Baseline = -inf OUT OF RANGE
[2779722:zdc-digi-reco]: [20:07:37][WARN] ZPC3 OLD Baseline = -inf OUT OF RANGE
[2779722:zdc-digi-reco]: [20:07:37][WARN] ZPC4 OLD Baseline = -inf OUT OF RANGE
[2779722:zdc-digi-reco]: [20:07:37][WARN] ZPCS OLD Baseline = -inf OUT OF RANGE
[2779722:zdc-digi-reco]: [20:07:37][INFO] 0 BC 0 CH 112 OD -> Reconstructed 0 signal TDCs and 0 ZDC energies and 0 info messages in 0/0 b.c. and 0 waveform chunks
[2779722:zdc-digi-reco]: [20:07:37][INFO] ZDC Reconstruction total timing: Cpu: 0.000e+00 Real: 2.429e-04 s in 1 slots
[2779722:zdc-digi-reco]: [20:07:37][INFO] Sending end-of-stream message to channel from_zdc-digi-reco_to_zdc-calib-baseline-epn
[2779722:zdc-digi-reco]: [20:07:37][INFO] Sending end-of-stream message to channel from_zdc-digi-reco_to_ZDCRecoWriter
[2779723:zdc-calib-baseline-epn]: [20:07:37][INFO] Run number changed to 300000
[2779723:zdc-calib-baseline-epn]: [20:07:37][INFO] Caching in 139850086253936 ptr to ZDC/MODULECONFIG/0 (0x498f040)
[2779723:zdc-calib-baseline-epn]: [20:07:37][INFO] ZDC EPN Baseline calibration total timing: Cpu: 0.000e+00 Real: 4.587e-02 s in 1 slots
[2779723:zdc-calib-baseline-epn]: [20:07:37][INFO] Sending end-of-stream message to channel from_zdc-calib-baseline-epn_to_internal-dpl-injected-dummy-sink
[INFO] Quitting
[INFO] QUIT_REQUESTED
[2779722:zdc-digi-reco]: [20:07:37][INFO] Received device shutdown request (signal 15).
[2779722:zdc-digi-reco]: [20:07:37][INFO] Waiting for graceful device shutdown. Hit Ctrl-C again to abort immediately.
[2779719:internal-dpl-clock]: [20:07:37][INFO] Received device shutdown request (signal 15).
[2779719:internal-dpl-clock]: [20:07:37][INFO] Waiting for graceful device shutdown. Hit Ctrl-C again to abort immediately.
[2779720:zdc-digit-reader]: [20:07:37][INFO] Received device shutdown request (signal 15).
[2779720:zdc-digit-reader]: [20:07:37][INFO] Waiting for graceful device shutdown. Hit Ctrl-C again to abort immediately.
[2779721:internal-dpl-ccdb-backend]: [20:07:37][INFO] Received device shutdown request (signal 15).
[2779721:internal-dpl-ccdb-backend]: [20:07:37][INFO] Waiting for graceful device shutdown. Hit Ctrl-C again to abort immediately.
[2779721:internal-dpl-ccdb-backend]: [20:07:37][INFO] New state requested. No timeout set, quitting immediately as per --completion-policy
[2779721:internal-dpl-ccdb-backend]: [20:07:37][INFO] CCDB cache miss/hit ratio:
[2779721:internal-dpl-ccdb-backend]: [20:07:37][INFO]   ZDC/Calib/TowerCalib: 1/0 (2048-2048 bytes)
[2779721:internal-dpl-ccdb-backend]: [20:07:37][INFO]   ZDC/Calib/TDCCorr: 1/0 (30720-30720 bytes)
[2779721:internal-dpl-ccdb-backend]: [20:07:37][INFO]   ZDC/Calib/TDCCalib: 1/0 (1024-1024 bytes)
[2779721:internal-dpl-ccdb-backend]: [20:07:37][INFO]   ZDC/Calib/RecoConfigZDC: 1/0 (2048-2048 bytes)
[2779721:internal-dpl-ccdb-backend]: [20:07:37][INFO]   ZDC/Config/Module: 1/0 (2048-2048 bytes)
[2779721:internal-dpl-ccdb-backend]: [20:07:37][INFO]   ZDC/Calib/BaselineCalib: 1/0 (2048-2048 bytes)
[2779721:internal-dpl-ccdb-backend]: [20:07:37][INFO]   ZDC/Calib/EnergyCalib: 1/0 (1024-1024 bytes)
[2779721:internal-dpl-ccdb-backend]: [20:07:37][INFO]   CTP/Calib/OrbitReset: 1/1 (1024-1024 bytes)
[2779721:internal-dpl-ccdb-backend]: [20:07:37][STATE] RUNNING ---> READY
[2779723:zdc-calib-baseline-epn]: [20:07:37][INFO] Received device shutdown request (signal 15).
[2779723:zdc-calib-baseline-epn]: [20:07:37][INFO] Waiting for graceful device shutdown. Hit Ctrl-C again to abort immediately.
[2779724:ZDCRecoWriter]: [20:07:37][INFO] Received device shutdown request (signal 15).
[2779724:ZDCRecoWriter]: [20:07:37][INFO] Waiting for graceful device shutdown. Hit Ctrl-C again to abort immediately.
[2779724:ZDCRecoWriter]: [20:07:37][INFO] New state requested. No timeout set, quitting immediately as per --completion-policy
[2779725:internal-dpl-injected-dummy-sink]: [20:07:37][INFO] Received device shutdown request (signal 15).
[2779725:internal-dpl-injected-dummy-sink]: [20:07:37][INFO] Waiting for graceful device shutdown. Hit Ctrl-C again to abort immediately.
[2779721:internal-dpl-ccdb-backend]: [20:07:37][STATE] READY ---> RESETTING TASK
[2779721:internal-dpl-ccdb-backend]: [20:07:37][STATE] RESETTING TASK ---> DEVICE READY
[2779722:zdc-digi-reco]: [20:07:37][INFO] New state requested. No timeout set, quitting immediately as per --completion-policy
[2779722:zdc-digi-reco]: [20:07:37][STATE] RUNNING ---> READY
[2779719:internal-dpl-clock]: [20:07:37][INFO] New state requested. No timeout set, quitting immediately as per --completion-policy
[2779719:internal-dpl-clock]: [20:07:37][INFO] Sending end-of-stream message to channel from_internal-dpl-clock_to_zdc-digit-reader
[2779719:internal-dpl-clock]: [20:07:37][STATE] RUNNING ---> READY
[2779720:zdc-digit-reader]: [20:07:37][INFO] New state requested. No timeout set, quitting immediately as per --completion-policy
[2779720:zdc-digit-reader]: [20:07:37][STATE] RUNNING ---> READY
[2779720:zdc-digit-reader]: [20:07:37][STATE] READY ---> RESETTING TASK
[2779720:zdc-digit-reader]: [20:07:37][STATE] RESETTING TASK ---> DEVICE READY
[2779720:zdc-digit-reader]: [20:07:37][STATE] DEVICE READY ---> RESETTING DEVICE
[2779723:zdc-calib-baseline-epn]: [20:07:37][INFO] New state requested. No timeout set, quitting immediately as per --completion-policy
[2779723:zdc-calib-baseline-epn]: [20:07:37][STATE] RUNNING ---> READY
[2779725:internal-dpl-injected-dummy-sink]: [20:07:37][INFO] New state requested. No timeout set, quitting immediately as per --completion-policy
[2779725:internal-dpl-injected-dummy-sink]: [20:07:37][STATE] RUNNING ---> READY
[2779719:internal-dpl-clock]: [20:07:37][STATE] READY ---> RESETTING TASK
[2779719:internal-dpl-clock]: [20:07:37][STATE] RESETTING TASK ---> DEVICE READY
[2779721:internal-dpl-ccdb-backend]: [20:07:37][STATE] DEVICE READY ---> RESETTING DEVICE
[2779722:zdc-digi-reco]: [20:07:37][STATE] READY ---> RESETTING TASK
[2779719:internal-dpl-clock]: [20:07:37][STATE] DEVICE READY ---> RESETTING DEVICE
[2779722:zdc-digi-reco]: [20:07:37][STATE] RESETTING TASK ---> DEVICE READY
[2779722:zdc-digi-reco]: [20:07:37][STATE] DEVICE READY ---> RESETTING DEVICE
[2779723:zdc-calib-baseline-epn]: [20:07:37][STATE] READY ---> RESETTING TASK
[2779723:zdc-calib-baseline-epn]: [20:07:37][STATE] RESETTING TASK ---> DEVICE READY
[2779723:zdc-calib-baseline-epn]: [20:07:37][STATE] DEVICE READY ---> RESETTING DEVICE
[2779725:internal-dpl-injected-dummy-sink]: [20:07:37][STATE] READY ---> RESETTING TASK
[2779725:internal-dpl-injected-dummy-sink]: [20:07:37][STATE] RESETTING TASK ---> DEVICE READY
[2779725:internal-dpl-injected-dummy-sink]: [20:07:37][STATE] DEVICE READY ---> RESETTING DEVICE
[2779725:internal-dpl-injected-dummy-sink]: [20:07:37][STATE] RESETTING DEVICE ---> IDLE
[2779725:internal-dpl-injected-dummy-sink]: [20:07:37][STATE] IDLE ---> EXITING
[2779725:internal-dpl-injected-dummy-sink]: [20:07:37][STATE] Exiting FairMQ state machine
[2779719:internal-dpl-clock]: [20:07:37][STATE] RESETTING DEVICE ---> IDLE
[2779720:zdc-digit-reader]: [20:07:37][STATE] RESETTING DEVICE ---> IDLE
[2779720:zdc-digit-reader]: [20:07:37][STATE] IDLE ---> EXITING
[2779720:zdc-digit-reader]: [20:07:37][STATE] Exiting FairMQ state machine
[2779719:internal-dpl-clock]: [20:07:37][STATE] IDLE ---> EXITING
[2779719:internal-dpl-clock]: [20:07:37][STATE] Exiting FairMQ state machine
[2779723:zdc-calib-baseline-epn]: [20:07:37][STATE] RESETTING DEVICE ---> IDLE
[2779723:zdc-calib-baseline-epn]: [20:07:37][STATE] IDLE ---> EXITING
[2779723:zdc-calib-baseline-epn]: [20:07:37][STATE] Exiting FairMQ state machine
[2779721:internal-dpl-ccdb-backend]: [20:07:37][STATE] RESETTING DEVICE ---> IDLE
[2779721:internal-dpl-ccdb-backend]: [20:07:37][STATE] IDLE ---> EXITING
[2779721:internal-dpl-ccdb-backend]: [20:07:37][STATE] Exiting FairMQ state machine
[2779722:zdc-digi-reco]: [20:07:37][STATE] RESETTING DEVICE ---> IDLE
[2779722:zdc-digi-reco]: [20:07:37][STATE] IDLE ---> EXITING
[2779722:zdc-digi-reco]: [20:07:37][STATE] Exiting FairMQ state machine
[2779724:ZDCRecoWriter]: [20:07:37][STATE] RUNNING ---> READY
[2779724:ZDCRecoWriter]: [20:07:38][STATE] READY ---> RESETTING TASK
[2779724:ZDCRecoWriter]: [20:07:38][STATE] RESETTING TASK ---> DEVICE READY
[2779724:ZDCRecoWriter]: [20:07:38][STATE] DEVICE READY ---> RESETTING DEVICE
[2779724:ZDCRecoWriter]: [20:07:38][INFO] Cleaning up for shared memory id 'f708b7eb'...
[2779724:ZDCRecoWriter]: [20:07:38][INFO] Found 0 unmanaged regions...
[2779724:ZDCRecoWriter]: [20:07:38][INFO] Found 1 managed segments...
[2779724:ZDCRecoWriter]: [20:07:38][INFO] Successfully removed 'fmq_f708b7eb_m_0'.
[2779724:ZDCRecoWriter]: [20:07:38][INFO] Successfully removed 'fmq_f708b7eb_mng'.
[2779724:ZDCRecoWriter]: [20:07:38][STATE] RESETTING DEVICE ---> IDLE
[2779724:ZDCRecoWriter]: [20:07:38][STATE] IDLE ---> EXITING
[2779724:ZDCRecoWriter]: [20:07:38][STATE] Exiting FairMQ state machine
[INFO] ## Processes completed. Run summary:
[INFO] ### Devices started: 7
[INFO]  - Device internal-dpl-clock: pid 2779719 (exit 0)
[INFO]  - Device zdc-digit-reader: pid 2779720 (exit 0)
[INFO]  - Device internal-dpl-ccdb-backend: pid 2779721 (exit 0)
[INFO]  - Device zdc-digi-reco: pid 2779722 (exit 0)
[INFO]  - Device zdc-calib-baseline-epn: pid 2779723 (exit 0)
[INFO]  - Device ZDCRecoWriter: pid 2779724 (exit 0)
[INFO]  - Device internal-dpl-injected-dummy-sink: pid 2779725 (exit 0)
[INFO] Dumping used configuration in dpl-config.json
TASK-EXIT-CODE: 0
