Running: TIME="#walltime %e" /usr/bin/time --output=fddreco.log_time ./fddreco.log_tmp.sh
[INFO] Currently FDDReconstructor does not consume and provide MC truth
[INFO] Initialising O2 Data Processing Layer. Driver PID: 162680.
[INFO] Driver listening on port: 20760
[INFO] Rate limiting set up at 500MB distributed over 1 readers
[INFO] O2 Data Processing Layer initialised. We brake for nobody.
[INFO] Optimised build. O2DEBUG / LOG(debug) / LOGF(debug) / assert statement will not be shown.
[INFO] Redeployment of configuration asked.
[INFO] Starting internal-dpl-clock on pid 162720
[INFO] Starting fdd-digit-reader on pid 162721
[INFO] Starting fdd-reconstructor on pid 162722
[INFO] Starting fdd-recpoint-writer on pid 162723
[INFO] Starting internal-dpl-injected-dummy-sink on pid 162724
[INFO] Redeployment of configuration done.
[162722:fdd-reconstructor]: [INFO] Currently FDDReconstructor does not consume and provide MC truth
[162722:fdd-reconstructor]: [INFO] Instrumenting crash signals
[162722:fdd-reconstructor]: [INFO] Spawing new device fdd-reconstructor in process with pid 162722
[162722:fdd-reconstructor]: [17:55:54][INFO] 
[162722:fdd-reconstructor]:       ______      _    _______  _________ 
[162722:fdd-reconstructor]:      / ____/___ _(_)_______   |/  /_  __ \    version 1.6.0
[162722:fdd-reconstructor]:     / /_  / __ `/ / ___/__  /|_/ /_  / / /    build RELWITHDEBINFO
[162722:fdd-reconstructor]:    / __/ / /_/ / / /    _  /  / / / /_/ /     https://github.com/FairRootGroup/FairMQ
[162722:fdd-reconstructor]:   /_/    \__,_/_/_/     /_/  /_/  \___\_\     LGPL-3.0  © 2012-2023 GSI
[162722:fdd-reconstructor]: 
[162722:fdd-reconstructor]: [17:55:54][STATE] Starting FairMQ state machine --> IDLE
[162720:internal-dpl-clock]: [INFO] Currently FDDReconstructor does not consume and provide MC truth
[162721:fdd-digit-reader]: [INFO] Currently FDDReconstructor does not consume and provide MC truth
[162722:fdd-reconstructor]: [17:55:54][STATE] IDLE ---> INITIALIZING DEVICE
[162722:fdd-reconstructor]: [17:55:54][STATE] INITIALIZING DEVICE ---> INITIALIZED
[162722:fdd-reconstructor]: [17:55:54][STATE] INITIALIZED ---> BINDING
[162722:fdd-reconstructor]: [17:55:54][STATE] BINDING ---> BOUND
[162722:fdd-reconstructor]: [17:55:54][STATE] BOUND ---> CONNECTING
[162722:fdd-reconstructor]: [17:55:54][STATE] CONNECTING ---> DEVICE READY
[162722:fdd-reconstructor]: [17:55:54][STATE] DEVICE READY ---> INITIALIZING TASK
[162721:fdd-digit-reader]: [INFO] Instrumenting crash signals
[162722:fdd-reconstructor]: [17:55:54][STATE] INITIALIZING TASK ---> READY
[162722:fdd-reconstructor]: [17:55:54][STATE] READY ---> RUNNING
[162722:fdd-reconstructor]: [17:55:54][INFO] fair::mq::Device running...
[162722:fdd-reconstructor]: [17:55:54][INFO] LHCPeriod is not available, using current month AUG
[162721:fdd-digit-reader]: [INFO] Spawing new device fdd-digit-reader in process with pid 162721
[162721:fdd-digit-reader]: [17:55:54][INFO] 
[162721:fdd-digit-reader]:       ______      _    _______  _________ 
[162721:fdd-digit-reader]:      / ____/___ _(_)_______   |/  /_  __ \    version 1.6.0
[162721:fdd-digit-reader]:     / /_  / __ `/ / ___/__  /|_/ /_  / / /    build RELWITHDEBINFO
[162721:fdd-digit-reader]:    / __/ / /_/ / / /    _  /  / / / /_/ /     https://github.com/FairRootGroup/FairMQ
[162721:fdd-digit-reader]:   /_/    \__,_/_/_/     /_/  /_/  \___\_\     LGPL-3.0  © 2012-2023 GSI
[162721:fdd-digit-reader]: 
[162721:fdd-digit-reader]: [17:55:54][STATE] Starting FairMQ state machine --> IDLE
[162722:fdd-reconstructor]: [17:55:54][INFO] Correctly handshaken websocket connection.
[162721:fdd-digit-reader]: [17:55:54][STATE] IDLE ---> INITIALIZING DEVICE
[162720:internal-dpl-clock]: [INFO] Instrumenting crash signals
[162720:internal-dpl-clock]: [INFO] Spawing new device internal-dpl-clock in process with pid 162720
[162720:internal-dpl-clock]: [17:55:54][INFO] 
[162720:internal-dpl-clock]:       ______      _    _______  _________ 
[162720:internal-dpl-clock]:      / ____/___ _(_)_______   |/  /_  __ \    version 1.6.0
[162720:internal-dpl-clock]:     / /_  / __ `/ / ___/__  /|_/ /_  / / /    build RELWITHDEBINFO
[162720:internal-dpl-clock]:    / __/ / /_/ / / /    _  /  / / / /_/ /     https://github.com/FairRootGroup/FairMQ
[162720:internal-dpl-clock]:   /_/    \__,_/_/_/     /_/  /_/  \___\_\     LGPL-3.0  © 2012-2023 GSI
[162720:internal-dpl-clock]: 
[162720:internal-dpl-clock]: [17:55:54][STATE] Starting FairMQ state machine --> IDLE
[162720:internal-dpl-clock]: [17:55:54][STATE] IDLE ---> INITIALIZING DEVICE
[162720:internal-dpl-clock]: [17:55:54][STATE] INITIALIZING DEVICE ---> INITIALIZED
[162720:internal-dpl-clock]: [17:55:54][STATE] INITIALIZED ---> BINDING
[162720:internal-dpl-clock]: [17:55:54][STATE] BINDING ---> BOUND
[162720:internal-dpl-clock]: [17:55:54][STATE] BOUND ---> CONNECTING
[162720:internal-dpl-clock]: [17:55:54][STATE] CONNECTING ---> DEVICE READY
[162720:internal-dpl-clock]: [17:55:54][STATE] DEVICE READY ---> INITIALIZING TASK
[162720:internal-dpl-clock]: [17:55:54][STATE] INITIALIZING TASK ---> READY
[162720:internal-dpl-clock]: [17:55:54][STATE] READY ---> RUNNING
[162720:internal-dpl-clock]: [17:55:54][INFO] fair::mq::Device running...
[162720:internal-dpl-clock]: [17:55:54][INFO] LHCPeriod is not available, using current month AUG
[162720:internal-dpl-clock]: [17:55:54][INFO] Correctly handshaken websocket connection.
[162724:internal-dpl-injected-dummy-sink]: [INFO] Currently FDDReconstructor does not consume and provide MC truth
[162723:fdd-recpoint-writer]: [INFO] Currently FDDReconstructor does not consume and provide MC truth
[162724:internal-dpl-injected-dummy-sink]: [INFO] Instrumenting crash signals
[162724:internal-dpl-injected-dummy-sink]: [INFO] Spawing new device internal-dpl-injected-dummy-sink in process with pid 162724
[162724:internal-dpl-injected-dummy-sink]: [17:55:54][INFO] 
[162724:internal-dpl-injected-dummy-sink]:       ______      _    _______  _________ 
[162724:internal-dpl-injected-dummy-sink]:      / ____/___ _(_)_______   |/  /_  __ \    version 1.6.0
[162724:internal-dpl-injected-dummy-sink]:     / /_  / __ `/ / ___/__  /|_/ /_  / / /    build RELWITHDEBINFO
[162724:internal-dpl-injected-dummy-sink]:    / __/ / /_/ / / /    _  /  / / / /_/ /     https://github.com/FairRootGroup/FairMQ
[162724:internal-dpl-injected-dummy-sink]:   /_/    \__,_/_/_/     /_/  /_/  \___\_\     LGPL-3.0  © 2012-2023 GSI
[162724:internal-dpl-injected-dummy-sink]: 
[162724:internal-dpl-injected-dummy-sink]: [17:55:54][STATE] Starting FairMQ state machine --> IDLE
[162724:internal-dpl-injected-dummy-sink]: [17:55:54][STATE] IDLE ---> INITIALIZING DEVICE
[162724:internal-dpl-injected-dummy-sink]: [17:55:54][STATE] INITIALIZING DEVICE ---> INITIALIZED
[162724:internal-dpl-injected-dummy-sink]: [17:55:54][STATE] INITIALIZED ---> BINDING
[162724:internal-dpl-injected-dummy-sink]: [17:55:54][STATE] BINDING ---> BOUND
[162724:internal-dpl-injected-dummy-sink]: [17:55:54][STATE] BOUND ---> CONNECTING
[162724:internal-dpl-injected-dummy-sink]: [17:55:54][STATE] CONNECTING ---> DEVICE READY
[162724:internal-dpl-injected-dummy-sink]: [17:55:54][STATE] DEVICE READY ---> INITIALIZING TASK
[162724:internal-dpl-injected-dummy-sink]: [17:55:54][STATE] INITIALIZING TASK ---> READY
[162724:internal-dpl-injected-dummy-sink]: [17:55:54][STATE] READY ---> RUNNING
[162724:internal-dpl-injected-dummy-sink]: [17:55:54][INFO] fair::mq::Device running...
[162724:internal-dpl-injected-dummy-sink]: [17:55:54][INFO] LHCPeriod is not available, using current month AUG
[162724:internal-dpl-injected-dummy-sink]: [17:55:54][INFO] Correctly handshaken websocket connection.
[162723:fdd-recpoint-writer]: [INFO] Instrumenting crash signals
[162723:fdd-recpoint-writer]: [INFO] Spawing new device fdd-recpoint-writer in process with pid 162723
[162723:fdd-recpoint-writer]: [17:55:54][INFO] 
[162723:fdd-recpoint-writer]:       ______      _    _______  _________ 
[162723:fdd-recpoint-writer]:      / ____/___ _(_)_______   |/  /_  __ \    version 1.6.0
[162723:fdd-recpoint-writer]:     / /_  / __ `/ / ___/__  /|_/ /_  / / /    build RELWITHDEBINFO
[162723:fdd-recpoint-writer]:    / __/ / /_/ / / /    _  /  / / / /_/ /     https://github.com/FairRootGroup/FairMQ
[162723:fdd-recpoint-writer]:   /_/    \__,_/_/_/     /_/  /_/  \___\_\     LGPL-3.0  © 2012-2023 GSI
[162723:fdd-recpoint-writer]: 
[162723:fdd-recpoint-writer]: [17:55:54][STATE] Starting FairMQ state machine --> IDLE
[162723:fdd-recpoint-writer]: [17:55:54][STATE] IDLE ---> INITIALIZING DEVICE
[162721:fdd-digit-reader]: [17:55:54][STATE] INITIALIZING DEVICE ---> INITIALIZED
[162721:fdd-digit-reader]: [17:55:54][STATE] INITIALIZED ---> BINDING
[162721:fdd-digit-reader]: [17:55:54][STATE] BINDING ---> BOUND
[162721:fdd-digit-reader]: [17:55:54][STATE] BOUND ---> CONNECTING
[162721:fdd-digit-reader]: [17:55:54][STATE] CONNECTING ---> DEVICE READY
[162721:fdd-digit-reader]: [17:55:54][STATE] DEVICE READY ---> INITIALIZING TASK
[162721:fdd-digit-reader]: [17:55:54][STATE] INITIALIZING TASK ---> READY
[162721:fdd-digit-reader]: [17:55:54][STATE] READY ---> RUNNING
[162721:fdd-digit-reader]: [17:55:54][INFO] fair::mq::Device running...
[162721:fdd-digit-reader]: [17:55:54][INFO] LHCPeriod is not available, using current month AUG
[162721:fdd-digit-reader]: [17:55:54][INFO] Will use MC-truth from FDDDigitLabels
[162723:fdd-recpoint-writer]: [17:55:54][INFO] 0: branch  FDDCluster set up
[162723:fdd-recpoint-writer]: [17:55:54][INFO] 1: branch  FDDRecChData set up
[162721:fdd-digit-reader]: [17:55:54][INFO] FDD DigitReader pushes 201 digits
[162723:fdd-recpoint-writer]: [17:55:54][STATE] INITIALIZING DEVICE ---> INITIALIZED
[162723:fdd-recpoint-writer]: [17:55:54][STATE] INITIALIZED ---> BINDING
[162723:fdd-recpoint-writer]: [17:55:54][STATE] BINDING ---> BOUND
[162723:fdd-recpoint-writer]: [17:55:54][STATE] BOUND ---> CONNECTING
[162723:fdd-recpoint-writer]: [17:55:54][STATE] CONNECTING ---> DEVICE READY
[162723:fdd-recpoint-writer]: [17:55:54][STATE] DEVICE READY ---> INITIALIZING TASK
[162723:fdd-recpoint-writer]: [17:55:54][STATE] INITIALIZING TASK ---> READY
[162723:fdd-recpoint-writer]: [17:55:54][STATE] READY ---> RUNNING
[162723:fdd-recpoint-writer]: [17:55:54][INFO] fair::mq::Device running...
[162723:fdd-recpoint-writer]: [17:55:54][INFO] LHCPeriod is not available, using current month AUG
[162723:fdd-recpoint-writer]: [17:55:54][INFO] Correctly handshaken websocket connection.
[162722:fdd-reconstructor]: [17:55:54][INFO] Ignoring MC info
[162721:fdd-digit-reader]: [17:55:54][INFO] Sending end-of-stream message to channel from_fdd-digit-reader_to_fdd-reconstructor
[162721:fdd-digit-reader]: [17:55:54][INFO] Sending end-of-stream message to channel from_fdd-digit-reader_to_internal-dpl-injected-dummy-sink
[162721:fdd-digit-reader]: [17:55:54][INFO] Correctly handshaken websocket connection.
[162722:fdd-reconstructor]: [17:55:54][INFO] Sending end-of-stream message to channel from_fdd-reconstructor_to_fdd-recpoint-writer
[INFO] Quitting
[INFO] QUIT_REQUESTED
[162723:fdd-recpoint-writer]: [17:55:54][INFO] Received device shutdown request (signal 15).
[162723:fdd-recpoint-writer]: [17:55:54][INFO] Waiting for graceful device shutdown. Hit Ctrl-C again to abort immediately.
[162723:fdd-recpoint-writer]: [17:55:54][INFO] New state requested. No timeout set, quitting immediately as per --completion-policy
[162722:fdd-reconstructor]: [17:55:54][INFO] Received device shutdown request (signal 15).
[162722:fdd-reconstructor]: [17:55:54][INFO] Waiting for graceful device shutdown. Hit Ctrl-C again to abort immediately.
[162722:fdd-reconstructor]: [17:55:54][INFO] New state requested. No timeout set, quitting immediately as per --completion-policy
[162722:fdd-reconstructor]: [17:55:54][STATE] RUNNING ---> READY
[162722:fdd-reconstructor]: [17:55:54][STATE] READY ---> RESETTING TASK
[162722:fdd-reconstructor]: [17:55:54][STATE] RESETTING TASK ---> DEVICE READY
[162722:fdd-reconstructor]: [17:55:54][STATE] DEVICE READY ---> RESETTING DEVICE
[162722:fdd-reconstructor]: [17:55:54][STATE] RESETTING DEVICE ---> IDLE
[162722:fdd-reconstructor]: [17:55:54][STATE] IDLE ---> EXITING
[162722:fdd-reconstructor]: [17:55:54][STATE] Exiting FairMQ state machine
[162721:fdd-digit-reader]: [17:55:54][INFO] Received device shutdown request (signal 15).
[162721:fdd-digit-reader]: [17:55:54][INFO] Waiting for graceful device shutdown. Hit Ctrl-C again to abort immediately.
[162721:fdd-digit-reader]: [17:55:54][INFO] New state requested. No timeout set, quitting immediately as per --completion-policy
[162721:fdd-digit-reader]: [17:55:54][STATE] RUNNING ---> READY
[162721:fdd-digit-reader]: [17:55:54][STATE] READY ---> RESETTING TASK
[162721:fdd-digit-reader]: [17:55:54][STATE] RESETTING TASK ---> DEVICE READY
[162721:fdd-digit-reader]: [17:55:54][STATE] DEVICE READY ---> RESETTING DEVICE
[162721:fdd-digit-reader]: [17:55:54][STATE] RESETTING DEVICE ---> IDLE
[162721:fdd-digit-reader]: [17:55:54][STATE] IDLE ---> EXITING
[162721:fdd-digit-reader]: [17:55:54][STATE] Exiting FairMQ state machine
[162724:internal-dpl-injected-dummy-sink]: [17:55:54][INFO] Received device shutdown request (signal 15).
[162724:internal-dpl-injected-dummy-sink]: [17:55:54][INFO] Waiting for graceful device shutdown. Hit Ctrl-C again to abort immediately.
[162724:internal-dpl-injected-dummy-sink]: [17:55:54][INFO] New state requested. No timeout set, quitting immediately as per --completion-policy
[162724:internal-dpl-injected-dummy-sink]: [17:55:54][STATE] RUNNING ---> READY
[162724:internal-dpl-injected-dummy-sink]: [17:55:54][STATE] READY ---> RESETTING TASK
[162724:internal-dpl-injected-dummy-sink]: [17:55:54][STATE] RESETTING TASK ---> DEVICE READY
[162724:internal-dpl-injected-dummy-sink]: [17:55:54][STATE] DEVICE READY ---> RESETTING DEVICE
[162724:internal-dpl-injected-dummy-sink]: [17:55:54][STATE] RESETTING DEVICE ---> IDLE
[162724:internal-dpl-injected-dummy-sink]: [17:55:54][STATE] IDLE ---> EXITING
[162724:internal-dpl-injected-dummy-sink]: [17:55:54][STATE] Exiting FairMQ state machine
[162720:internal-dpl-clock]: [17:55:54][INFO] Received device shutdown request (signal 15).
[162720:internal-dpl-clock]: [17:55:54][INFO] Waiting for graceful device shutdown. Hit Ctrl-C again to abort immediately.
[162720:internal-dpl-clock]: [17:55:54][INFO] New state requested. No timeout set, quitting immediately as per --completion-policy
[162720:internal-dpl-clock]: [17:55:54][STATE] RUNNING ---> READY
[162720:internal-dpl-clock]: [17:55:54][STATE] READY ---> RESETTING TASK
[162720:internal-dpl-clock]: [17:55:54][STATE] RESETTING TASK ---> DEVICE READY
[162720:internal-dpl-clock]: [17:55:54][STATE] DEVICE READY ---> RESETTING DEVICE
[162720:internal-dpl-clock]: [17:55:54][STATE] RESETTING DEVICE ---> IDLE
[162720:internal-dpl-clock]: [17:55:54][STATE] IDLE ---> EXITING
[162720:internal-dpl-clock]: [17:55:54][STATE] Exiting FairMQ state machine
[162723:fdd-recpoint-writer]: [17:55:54][STATE] RUNNING ---> READY
[162723:fdd-recpoint-writer]: [17:55:54][STATE] READY ---> RESETTING TASK
[162723:fdd-recpoint-writer]: [17:55:54][STATE] RESETTING TASK ---> DEVICE READY
[162723:fdd-recpoint-writer]: [17:55:54][STATE] DEVICE READY ---> RESETTING DEVICE
[162723:fdd-recpoint-writer]: [17:55:54][INFO] Cleaning up for shared memory id 'df42ff68'...
[162723:fdd-recpoint-writer]: [17:55:54][INFO] Found 0 unmanaged regions...
[162723:fdd-recpoint-writer]: [17:55:54][INFO] Found 1 managed segments...
[162723:fdd-recpoint-writer]: [17:55:54][INFO] Successfully removed 'fmq_df42ff68_m_0'.
[162723:fdd-recpoint-writer]: [17:55:54][INFO] Successfully removed 'fmq_df42ff68_mng'.
[162723:fdd-recpoint-writer]: [17:55:54][STATE] RESETTING DEVICE ---> IDLE
[162723:fdd-recpoint-writer]: [17:55:54][STATE] IDLE ---> EXITING
[162723:fdd-recpoint-writer]: [17:55:54][STATE] Exiting FairMQ state machine
[INFO] ## Processes completed. Run summary:
[INFO] ### Devices started: 5
[INFO]  - Device internal-dpl-clock: pid 162720 (exit 0)
[INFO]  - Device fdd-digit-reader: pid 162721 (exit 0)
[INFO]  - Device fdd-reconstructor: pid 162722 (exit 0)
[INFO]  - Device fdd-recpoint-writer: pid 162723 (exit 0)
[INFO]  - Device internal-dpl-injected-dummy-sink: pid 162724 (exit 0)
[INFO] Dumping used configuration in dpl-config.json
TASK-EXIT-CODE: 0
