Running: TIME="#walltime %e" /usr/bin/time --output=ft0reco.log_time ./ft0reco.log_tmp.sh
[INFO] WorkflowSpec defineDataProcessing
[INFO] WorkflowSpec getRecoWorkflow useMC 1 CCDB  http://alice-ccdb.cern.ch/
[INFO] Currently Reconstruction does not consume and provide MC truth
[INFO] Initialising O2 Data Processing Layer. Driver PID: 162128.
[INFO] Driver listening on port: 20208
[INFO] Rate limiting set up at 500MB distributed over 1 readers
[INFO] O2 Data Processing Layer initialised. We brake for nobody.
[INFO] Optimised build. O2DEBUG / LOG(debug) / LOGF(debug) / assert statement will not be shown.
[INFO] Redeployment of configuration asked.
[INFO] Starting internal-dpl-clock on pid 162170
[INFO] Starting ft0-digit-reader on pid 162171
[INFO] Starting internal-dpl-ccdb-backend on pid 162172
[INFO] Starting ft0-reconstructor on pid 162173
[INFO] Starting ft0-recpoint-writer on pid 162174
[INFO] Starting internal-dpl-injected-dummy-sink on pid 162175
[INFO] Redeployment of configuration done.
[162171:ft0-digit-reader]: [INFO] WorkflowSpec defineDataProcessing
[162170:internal-dpl-clock]: [INFO] WorkflowSpec defineDataProcessing
[162175:internal-dpl-injected-dummy-sink]: [INFO] WorkflowSpec defineDataProcessing
[162172:internal-dpl-ccdb-backend]: [INFO] WorkflowSpec defineDataProcessing
[162174:ft0-recpoint-writer]: [INFO] WorkflowSpec defineDataProcessing
[162173:ft0-reconstructor]: [INFO] WorkflowSpec defineDataProcessing
[162171:ft0-digit-reader]: [INFO] WorkflowSpec getRecoWorkflow useMC 1 CCDB  http://alice-ccdb.cern.ch/
[162171:ft0-digit-reader]: [INFO] Currently Reconstruction does not consume and provide MC truth
[162175:internal-dpl-injected-dummy-sink]: [INFO] WorkflowSpec getRecoWorkflow useMC 1 CCDB  http://alice-ccdb.cern.ch/
[162175:internal-dpl-injected-dummy-sink]: [INFO] Currently Reconstruction does not consume and provide MC truth
[162171:ft0-digit-reader]: [INFO] Instrumenting crash signals
[162171:ft0-digit-reader]: [INFO] Spawing new device ft0-digit-reader in process with pid 162171
[162171:ft0-digit-reader]: [17:55:44][INFO] 
[162171:ft0-digit-reader]:       ______      _    _______  _________ 
[162171:ft0-digit-reader]:      / ____/___ _(_)_______   |/  /_  __ \    version 1.6.0
[162171:ft0-digit-reader]:     / /_  / __ `/ / ___/__  /|_/ /_  / / /    build RELWITHDEBINFO
[162171:ft0-digit-reader]:    / __/ / /_/ / / /    _  /  / / / /_/ /     https://github.com/FairRootGroup/FairMQ
[162171:ft0-digit-reader]:   /_/    \__,_/_/_/     /_/  /_/  \___\_\     LGPL-3.0  © 2012-2023 GSI
[162171:ft0-digit-reader]: 
[162171:ft0-digit-reader]: [17:55:44][STATE] Starting FairMQ state machine --> IDLE
[162171:ft0-digit-reader]: [17:55:44][STATE] IDLE ---> INITIALIZING DEVICE
[162170:internal-dpl-clock]: [INFO] WorkflowSpec getRecoWorkflow useMC 1 CCDB  http://alice-ccdb.cern.ch/
[162170:internal-dpl-clock]: [INFO] Currently Reconstruction does not consume and provide MC truth
[162172:internal-dpl-ccdb-backend]: [INFO] WorkflowSpec getRecoWorkflow useMC 1 CCDB  http://alice-ccdb.cern.ch/
[162172:internal-dpl-ccdb-backend]: [INFO] Currently Reconstruction does not consume and provide MC truth
[162175:internal-dpl-injected-dummy-sink]: [INFO] Instrumenting crash signals
[162175:internal-dpl-injected-dummy-sink]: [INFO] Spawing new device internal-dpl-injected-dummy-sink in process with pid 162175
[162175:internal-dpl-injected-dummy-sink]: [17:55:44][INFO] 
[162175:internal-dpl-injected-dummy-sink]:       ______      _    _______  _________ 
[162175:internal-dpl-injected-dummy-sink]:      / ____/___ _(_)_______   |/  /_  __ \    version 1.6.0
[162175:internal-dpl-injected-dummy-sink]:     / /_  / __ `/ / ___/__  /|_/ /_  / / /    build RELWITHDEBINFO
[162175:internal-dpl-injected-dummy-sink]:    / __/ / /_/ / / /    _  /  / / / /_/ /     https://github.com/FairRootGroup/FairMQ
[162175:internal-dpl-injected-dummy-sink]:   /_/    \__,_/_/_/     /_/  /_/  \___\_\     LGPL-3.0  © 2012-2023 GSI
[162175:internal-dpl-injected-dummy-sink]: 
[162175:internal-dpl-injected-dummy-sink]: [17:55:44][STATE] Starting FairMQ state machine --> IDLE
[162175:internal-dpl-injected-dummy-sink]: [17:55:44][STATE] IDLE ---> INITIALIZING DEVICE
[162172:internal-dpl-ccdb-backend]: [INFO] Instrumenting crash signals
[162170:internal-dpl-clock]: [INFO] Instrumenting crash signals
[162170:internal-dpl-clock]: [INFO] Spawing new device internal-dpl-clock in process with pid 162170
[162170:internal-dpl-clock]: [17:55:44][INFO] 
[162170:internal-dpl-clock]:       ______      _    _______  _________ 
[162170:internal-dpl-clock]:      / ____/___ _(_)_______   |/  /_  __ \    version 1.6.0
[162170:internal-dpl-clock]:     / /_  / __ `/ / ___/__  /|_/ /_  / / /    build RELWITHDEBINFO
[162170:internal-dpl-clock]:    / __/ / /_/ / / /    _  /  / / / /_/ /     https://github.com/FairRootGroup/FairMQ
[162170:internal-dpl-clock]:   /_/    \__,_/_/_/     /_/  /_/  \___\_\     LGPL-3.0  © 2012-2023 GSI
[162170:internal-dpl-clock]: 
[162170:internal-dpl-clock]: [17:55:44][STATE] Starting FairMQ state machine --> IDLE
[162172:internal-dpl-ccdb-backend]: [INFO] Spawing new device internal-dpl-ccdb-backend in process with pid 162172
[162172:internal-dpl-ccdb-backend]: [17:55:44][INFO] 
[162172:internal-dpl-ccdb-backend]:       ______      _    _______  _________ 
[162172:internal-dpl-ccdb-backend]:      / ____/___ _(_)_______   |/  /_  __ \    version 1.6.0
[162172:internal-dpl-ccdb-backend]:     / /_  / __ `/ / ___/__  /|_/ /_  / / /    build RELWITHDEBINFO
[162172:internal-dpl-ccdb-backend]:    / __/ / /_/ / / /    _  /  / / / /_/ /     https://github.com/FairRootGroup/FairMQ
[162172:internal-dpl-ccdb-backend]:   /_/    \__,_/_/_/     /_/  /_/  \___\_\     LGPL-3.0  © 2012-2023 GSI
[162172:internal-dpl-ccdb-backend]: 
[162172:internal-dpl-ccdb-backend]: [17:55:44][STATE] Starting FairMQ state machine --> IDLE
[162170:internal-dpl-clock]: [17:55:44][STATE] IDLE ---> INITIALIZING DEVICE
[162170:internal-dpl-clock]: [17:55:44][STATE] INITIALIZING DEVICE ---> INITIALIZED
[162170:internal-dpl-clock]: [17:55:44][STATE] INITIALIZED ---> BINDING
[162170:internal-dpl-clock]: [17:55:44][STATE] BINDING ---> BOUND
[162170:internal-dpl-clock]: [17:55:44][STATE] BOUND ---> CONNECTING
[162170:internal-dpl-clock]: [17:55:44][STATE] CONNECTING ---> DEVICE READY
[162170:internal-dpl-clock]: [17:55:44][STATE] DEVICE READY ---> INITIALIZING TASK
[162170:internal-dpl-clock]: [17:55:44][STATE] INITIALIZING TASK ---> READY
[162170:internal-dpl-clock]: [17:55:44][STATE] READY ---> RUNNING
[162170:internal-dpl-clock]: [17:55:44][INFO] fair::mq::Device running...
[162170:internal-dpl-clock]: [17:55:44][INFO] LHCPeriod is not available, using current month AUG
[162175:internal-dpl-injected-dummy-sink]: [17:55:44][STATE] INITIALIZING DEVICE ---> INITIALIZED
[162175:internal-dpl-injected-dummy-sink]: [17:55:44][STATE] INITIALIZED ---> BINDING
[162175:internal-dpl-injected-dummy-sink]: [17:55:44][STATE] BINDING ---> BOUND
[162170:internal-dpl-clock]: [17:55:44][INFO] Correctly handshaken websocket connection.
[162175:internal-dpl-injected-dummy-sink]: [17:55:44][STATE] BOUND ---> CONNECTING
[162175:internal-dpl-injected-dummy-sink]: [17:55:44][STATE] CONNECTING ---> DEVICE READY
[162175:internal-dpl-injected-dummy-sink]: [17:55:44][STATE] DEVICE READY ---> INITIALIZING TASK
[162172:internal-dpl-ccdb-backend]: [17:55:44][STATE] IDLE ---> INITIALIZING DEVICE
[162175:internal-dpl-injected-dummy-sink]: [17:55:44][STATE] INITIALIZING TASK ---> READY
[162175:internal-dpl-injected-dummy-sink]: [17:55:44][STATE] READY ---> RUNNING
[162175:internal-dpl-injected-dummy-sink]: [17:55:44][INFO] fair::mq::Device running...
[162175:internal-dpl-injected-dummy-sink]: [17:55:44][INFO] LHCPeriod is not available, using current month AUG
[162172:internal-dpl-ccdb-backend]: [17:55:44][INFO] CCDB Backend at: http://alice-ccdb.cern.ch, validity check for every 2147483647 TF
[162172:internal-dpl-ccdb-backend]: [17:55:44][INFO] Init CcdApi with UserAgentID: localhost.localdomain-1692719744-KXDnWW, Host: http://alice-ccdb.cern.ch
[162172:internal-dpl-ccdb-backend]: [17:55:44][INFO] Initialised default CCDB host http://alice-ccdb.cern.ch
[162172:internal-dpl-ccdb-backend]: [17:55:44][INFO] The following route is a condition FT0/TimeSpectraInfo/0
[162172:internal-dpl-ccdb-backend]: [17:55:44][INFO] - ccdb-path: FT0/Calib/TimeSpectraInfo
[162172:internal-dpl-ccdb-backend]: [17:55:44][STATE] INITIALIZING DEVICE ---> INITIALIZED
[162175:internal-dpl-injected-dummy-sink]: [17:55:44][INFO] Correctly handshaken websocket connection.
[162172:internal-dpl-ccdb-backend]: [17:55:44][STATE] INITIALIZED ---> BINDING
[162172:internal-dpl-ccdb-backend]: [17:55:45][STATE] BINDING ---> BOUND
[162172:internal-dpl-ccdb-backend]: [17:55:45][STATE] BOUND ---> CONNECTING
[162172:internal-dpl-ccdb-backend]: [17:55:45][STATE] CONNECTING ---> DEVICE READY
[162172:internal-dpl-ccdb-backend]: [17:55:45][STATE] DEVICE READY ---> INITIALIZING TASK
[162172:internal-dpl-ccdb-backend]: [17:55:45][STATE] INITIALIZING TASK ---> READY
[162172:internal-dpl-ccdb-backend]: [17:55:45][STATE] READY ---> RUNNING
[162172:internal-dpl-ccdb-backend]: [17:55:45][INFO] fair::mq::Device running...
[162172:internal-dpl-ccdb-backend]: [17:55:45][INFO] LHCPeriod is not available, using current month AUG
[162172:internal-dpl-ccdb-backend]: [17:55:45][INFO] Correctly handshaken websocket connection.
[162174:ft0-recpoint-writer]: [INFO] WorkflowSpec getRecoWorkflow useMC 1 CCDB  http://alice-ccdb.cern.ch/
[162174:ft0-recpoint-writer]: [INFO] Currently Reconstruction does not consume and provide MC truth
[162173:ft0-reconstructor]: [INFO] WorkflowSpec getRecoWorkflow useMC 1 CCDB  http://alice-ccdb.cern.ch/
[162173:ft0-reconstructor]: [INFO] Currently Reconstruction does not consume and provide MC truth
[162174:ft0-recpoint-writer]: [INFO] Instrumenting crash signals
[162174:ft0-recpoint-writer]: [INFO] Spawing new device ft0-recpoint-writer in process with pid 162174
[162174:ft0-recpoint-writer]: [17:55:45][INFO] 
[162174:ft0-recpoint-writer]:       ______      _    _______  _________ 
[162174:ft0-recpoint-writer]:      / ____/___ _(_)_______   |/  /_  __ \    version 1.6.0
[162174:ft0-recpoint-writer]:     / /_  / __ `/ / ___/__  /|_/ /_  / / /    build RELWITHDEBINFO
[162174:ft0-recpoint-writer]:    / __/ / /_/ / / /    _  /  / / / /_/ /     https://github.com/FairRootGroup/FairMQ
[162174:ft0-recpoint-writer]:   /_/    \__,_/_/_/     /_/  /_/  \___\_\     LGPL-3.0  © 2012-2023 GSI
[162174:ft0-recpoint-writer]: 
[162174:ft0-recpoint-writer]: [17:55:45][STATE] Starting FairMQ state machine --> IDLE
[162174:ft0-recpoint-writer]: [17:55:45][STATE] IDLE ---> INITIALIZING DEVICE
[162173:ft0-reconstructor]: [INFO] Instrumenting crash signals
[162173:ft0-reconstructor]: [INFO] Spawing new device ft0-reconstructor in process with pid 162173
[162173:ft0-reconstructor]: [17:55:45][INFO] 
[162173:ft0-reconstructor]:       ______      _    _______  _________ 
[162173:ft0-reconstructor]:      / ____/___ _(_)_______   |/  /_  __ \    version 1.6.0
[162173:ft0-reconstructor]:     / /_  / __ `/ / ___/__  /|_/ /_  / / /    build RELWITHDEBINFO
[162173:ft0-reconstructor]:    / __/ / /_/ / / /    _  /  / / / /_/ /     https://github.com/FairRootGroup/FairMQ
[162173:ft0-reconstructor]:   /_/    \__,_/_/_/     /_/  /_/  \___\_\     LGPL-3.0  © 2012-2023 GSI
[162173:ft0-reconstructor]: 
[162173:ft0-reconstructor]: [17:55:45][STATE] Starting FairMQ state machine --> IDLE
[162173:ft0-reconstructor]: [17:55:45][STATE] IDLE ---> INITIALIZING DEVICE
[162173:ft0-reconstructor]: FT0ChannelFilterParam.mAmpUpper : 4200		[ CODE ]
[162173:ft0-reconstructor]: FT0ChannelFilterParam.mAmpLower : -4200		[ CODE ]
[162173:ft0-reconstructor]: FT0ChannelFilterParam.mTimeUpper : 2050		[ CODE ]
[162173:ft0-reconstructor]: FT0ChannelFilterParam.mTimeLower : -2050		[ CODE ]
[162173:ft0-reconstructor]: FT0ChannelFilterParam.mPMbitsGood : 0		[ CODE ]
[162173:ft0-reconstructor]: FT0ChannelFilterParam.mPMbitsBad : 0		[ CODE ]
[162173:ft0-reconstructor]: FT0ChannelFilterParam.mPMbitsToCheck : 0		[ CODE ]
[162173:ft0-reconstructor]: FT0ChannelFilterParam.mTrgBitsGood : 0		[ CODE ]
[162173:ft0-reconstructor]: FT0ChannelFilterParam.mTrgBitsBad : 0		[ CODE ]
[162173:ft0-reconstructor]: FT0ChannelFilterParam.mTrgBitsToCheck : 0		[ CODE ]
[162173:ft0-reconstructor]: FT0TimeFilterParam.mAmpUpper : 4200		[ CODE ]
[162173:ft0-reconstructor]: FT0TimeFilterParam.mAmpLower : 10		[ CODE ]
[162173:ft0-reconstructor]: FT0TimeFilterParam.mTimeUpper : 153		[ CODE ]
[162173:ft0-reconstructor]: FT0TimeFilterParam.mTimeLower : -153		[ CODE ]
[162173:ft0-reconstructor]: FT0TimeFilterParam.mPMbitsGood : 0		[ CODE ]
[162173:ft0-reconstructor]: FT0TimeFilterParam.mPMbitsBad : 132		[ CODE ]
[162173:ft0-reconstructor]: FT0TimeFilterParam.mPMbitsToCheck : 132		[ CODE ]
[162173:ft0-reconstructor]: [17:55:45][INFO] FT0 param mMinEntriesThreshold: 500
[162173:ft0-reconstructor]: [17:55:45][INFO] FT0 param mMaxEntriesThreshold:1000
[162173:ft0-reconstructor]: [17:55:45][INFO] FT0 param mMinRMS: 3
[162173:ft0-reconstructor]: [17:55:45][INFO] FT0 param mMaxSigma: 32
[162173:ft0-reconstructor]: [17:55:45][INFO] FT0 param mMaxDiffMean: 5
[162173:ft0-reconstructor]: [17:55:45][STATE] INITIALIZING DEVICE ---> INITIALIZED
[162174:ft0-recpoint-writer]: [17:55:45][INFO] 0: branch  FT0Cluster set up
[162174:ft0-recpoint-writer]: [17:55:45][INFO] 1: branch  FT0RecChData set up
[162174:ft0-recpoint-writer]: [17:55:45][STATE] INITIALIZING DEVICE ---> INITIALIZED
[162173:ft0-reconstructor]: [17:55:45][STATE] INITIALIZED ---> BINDING
[162173:ft0-reconstructor]: [17:55:45][STATE] BINDING ---> BOUND
[162174:ft0-recpoint-writer]: [17:55:45][STATE] INITIALIZED ---> BINDING
[162174:ft0-recpoint-writer]: [17:55:45][STATE] BINDING ---> BOUND
[162174:ft0-recpoint-writer]: [17:55:45][STATE] BOUND ---> CONNECTING
[162173:ft0-reconstructor]: [17:55:45][STATE] BOUND ---> CONNECTING
[162173:ft0-reconstructor]: [17:55:45][STATE] CONNECTING ---> DEVICE READY
[162174:ft0-recpoint-writer]: [17:55:45][STATE] CONNECTING ---> DEVICE READY
[162174:ft0-recpoint-writer]: [17:55:45][STATE] DEVICE READY ---> INITIALIZING TASK
[162174:ft0-recpoint-writer]: [17:55:45][STATE] INITIALIZING TASK ---> READY
[162174:ft0-recpoint-writer]: [17:55:45][STATE] READY ---> RUNNING
[162174:ft0-recpoint-writer]: [17:55:45][INFO] fair::mq::Device running...
[162174:ft0-recpoint-writer]: [17:55:45][INFO] LHCPeriod is not available, using current month AUG
[162174:ft0-recpoint-writer]: [17:55:45][INFO] Correctly handshaken websocket connection.
[162173:ft0-reconstructor]: [17:55:45][STATE] DEVICE READY ---> INITIALIZING TASK
[162173:ft0-reconstructor]: [17:55:45][STATE] INITIALIZING TASK ---> READY
[162173:ft0-reconstructor]: [17:55:45][STATE] READY ---> RUNNING
[162173:ft0-reconstructor]: [17:55:45][INFO] fair::mq::Device running...
[162173:ft0-reconstructor]: [17:55:45][INFO] LHCPeriod is not available, using current month AUG
[162173:ft0-reconstructor]: [17:55:45][INFO] Correctly handshaken websocket connection.
[162171:ft0-digit-reader]: [17:55:45][STATE] INITIALIZING DEVICE ---> INITIALIZED
[162171:ft0-digit-reader]: [17:55:45][STATE] INITIALIZED ---> BINDING
[162171:ft0-digit-reader]: [17:55:45][STATE] BINDING ---> BOUND
[162171:ft0-digit-reader]: [17:55:45][STATE] BOUND ---> CONNECTING
[162171:ft0-digit-reader]: [17:55:45][STATE] CONNECTING ---> DEVICE READY
[162171:ft0-digit-reader]: [17:55:45][STATE] DEVICE READY ---> INITIALIZING TASK
[162171:ft0-digit-reader]: [17:55:45][STATE] INITIALIZING TASK ---> READY
[162171:ft0-digit-reader]: [17:55:45][STATE] READY ---> RUNNING
[162171:ft0-digit-reader]: [17:55:45][INFO] fair::mq::Device running...
[162171:ft0-digit-reader]: [17:55:45][INFO] LHCPeriod is not available, using current month AUG
[162171:ft0-digit-reader]: [17:55:45][INFO] Sending end-of-stream message to channel from_ft0-digit-reader_to_internal-dpl-ccdb-backend
[162171:ft0-digit-reader]: [17:55:45][INFO] Sending end-of-stream message to channel from_ft0-digit-reader_to_ft0-reconstructor
[162171:ft0-digit-reader]: [17:55:45][INFO] Sending end-of-stream message to channel from_ft0-digit-reader_to_internal-dpl-injected-dummy-sink
[162171:ft0-digit-reader]: [17:55:45][INFO] Correctly handshaken websocket connection.
[162172:internal-dpl-ccdb-backend]: Info in <TJAlienConnectionManager>: Opening connection to JCentral. Please wait
[162172:internal-dpl-ccdb-backend]: Info in <TJAlienConnectionManager>: Opening connection to 137.138.99.172
[162172:internal-dpl-ccdb-backend]: Info in <TJAlienConnectionManager>: Successfully connected to 137.138.99.172
[162172:internal-dpl-ccdb-backend]: Info in <TJAlienFile::Open>: Accessing file /alice/data/CCDB/CTP/Calib/OrbitReset/06/62200/b9f985c3-b4b0-11ec-8fd3-90ce809b24ee in SE <ALICE::CERN::EOS>
[162172:internal-dpl-ccdb-backend]: [17:55:47][INFO] ccdb reads http://alice-ccdb.cern.ch/CTP/Calib/OrbitReset/1546300800000/b9f985c3-b4b0-11ec-8fd3-90ce809b24ee for 1546300800000 (load to memory, agent_id: localhost.localdomain-1692719744-KXDnWW), 
[162172:internal-dpl-ccdb-backend]: Info in <TJAlienFile::Open>: Accessing file /alice/data/CCDB/FT0/Calib/TimeSpectraInfo/00/03533/0f44968f-7af8-11ed-b86c-200114580202 in SE <ALICE::CERN::OCDB>
[162172:internal-dpl-ccdb-backend]: [17:55:47][INFO] ccdb reads http://alice-ccdb.cern.ch/FT0/Calib/TimeSpectraInfo/1546300800000/0f44968f-7af8-11ed-b86c-200114580202 for 1546300800000 (load to memory, agent_id: localhost.localdomain-1692719744-KXDnWW), 
[162172:internal-dpl-ccdb-backend]: [17:55:47][INFO] Sending end-of-stream message to channel from_internal-dpl-ccdb-backend_to_ft0-reconstructor
[162172:internal-dpl-ccdb-backend]: [17:55:47][INFO] Sending end-of-stream message to channel from_internal-dpl-ccdb-backend_to_internal-dpl-injected-dummy-sink
[162173:ft0-reconstructor]: [17:55:47][INFO] Ignoring MC info
[162173:ft0-reconstructor]: [17:55:51][INFO] Caching in 140058469813008 ptr to FT0/TimeSpectraInfo/0 (0x4e69470)
[162173:ft0-reconstructor]: [17:55:51][INFO] FT0 reconstruction total timing: Cpu: 4.350e+00 Real: 4.529e+00 s in 1 slots
[162173:ft0-reconstructor]: [17:55:51][INFO] Sending end-of-stream message to channel from_ft0-reconstructor_to_ft0-recpoint-writer
[INFO] Quitting
[INFO] QUIT_REQUESTED
[162174:ft0-recpoint-writer]: [17:55:51][INFO] Received device shutdown request (signal 15).
[162174:ft0-recpoint-writer]: [17:55:51][INFO] Waiting for graceful device shutdown. Hit Ctrl-C again to abort immediately.
[162172:internal-dpl-ccdb-backend]: [17:55:51][INFO] Received device shutdown request (signal 15).
[162172:internal-dpl-ccdb-backend]: [17:55:51][INFO] Waiting for graceful device shutdown. Hit Ctrl-C again to abort immediately.
[162174:ft0-recpoint-writer]: [17:55:51][INFO] New state requested. No timeout set, quitting immediately as per --completion-policy
[162175:internal-dpl-injected-dummy-sink]: [17:55:51][INFO] Received device shutdown request (signal 15).
[162175:internal-dpl-injected-dummy-sink]: [17:55:51][INFO] Waiting for graceful device shutdown. Hit Ctrl-C again to abort immediately.
[162172:internal-dpl-ccdb-backend]: [17:55:51][INFO] New state requested. No timeout set, quitting immediately as per --completion-policy
[162172:internal-dpl-ccdb-backend]: [17:55:51][INFO] CCDB cache miss/hit ratio:
[162172:internal-dpl-ccdb-backend]: [17:55:51][INFO]   FT0/Calib/TimeSpectraInfo: 1/0 (2048-2048 bytes)
[162172:internal-dpl-ccdb-backend]: [17:55:51][INFO]   CTP/Calib/OrbitReset: 1/1 (1024-1024 bytes)
[162172:internal-dpl-ccdb-backend]: [17:55:51][STATE] RUNNING ---> READY
[162175:internal-dpl-injected-dummy-sink]: [17:55:51][INFO] New state requested. No timeout set, quitting immediately as per --completion-policy
[162175:internal-dpl-injected-dummy-sink]: [17:55:51][STATE] RUNNING ---> READY
[162172:internal-dpl-ccdb-backend]: [17:55:51][STATE] READY ---> RESETTING TASK
[162172:internal-dpl-ccdb-backend]: [17:55:51][STATE] RESETTING TASK ---> DEVICE READY
[162175:internal-dpl-injected-dummy-sink]: [17:55:51][STATE] READY ---> RESETTING TASK
[162175:internal-dpl-injected-dummy-sink]: [17:55:51][STATE] RESETTING TASK ---> DEVICE READY
[162172:internal-dpl-ccdb-backend]: [17:55:51][STATE] DEVICE READY ---> RESETTING DEVICE
[162175:internal-dpl-injected-dummy-sink]: [17:55:51][STATE] DEVICE READY ---> RESETTING DEVICE
[162172:internal-dpl-ccdb-backend]: [17:55:51][STATE] RESETTING DEVICE ---> IDLE
[162170:internal-dpl-clock]: [17:55:51][INFO] Received device shutdown request (signal 15).
[162170:internal-dpl-clock]: [17:55:51][INFO] Waiting for graceful device shutdown. Hit Ctrl-C again to abort immediately.
[162172:internal-dpl-ccdb-backend]: [17:55:51][STATE] IDLE ---> EXITING
[162173:ft0-reconstructor]: [17:55:51][INFO] Received device shutdown request (signal 15).
[162173:ft0-reconstructor]: [17:55:51][INFO] Waiting for graceful device shutdown. Hit Ctrl-C again to abort immediately.
[162170:internal-dpl-clock]: [17:55:51][INFO] New state requested. No timeout set, quitting immediately as per --completion-policy
[162170:internal-dpl-clock]: [17:55:51][STATE] RUNNING ---> READY
[162170:internal-dpl-clock]: [17:55:51][STATE] READY ---> RESETTING TASK
[162170:internal-dpl-clock]: [17:55:51][STATE] RESETTING TASK ---> DEVICE READY
[162172:internal-dpl-ccdb-backend]: [17:55:51][STATE] Exiting FairMQ state machine
[162173:ft0-reconstructor]: [17:55:51][INFO] New state requested. No timeout set, quitting immediately as per --completion-policy
[162173:ft0-reconstructor]: [17:55:51][STATE] RUNNING ---> READY
[162170:internal-dpl-clock]: [17:55:51][STATE] DEVICE READY ---> RESETTING DEVICE
[162171:ft0-digit-reader]: [17:55:51][INFO] Received device shutdown request (signal 15).
[162171:ft0-digit-reader]: [17:55:51][INFO] Waiting for graceful device shutdown. Hit Ctrl-C again to abort immediately.
[162173:ft0-reconstructor]: [17:55:51][STATE] READY ---> RESETTING TASK
[162173:ft0-reconstructor]: [17:55:51][STATE] RESETTING TASK ---> DEVICE READY
[162173:ft0-reconstructor]: [17:55:51][STATE] DEVICE READY ---> RESETTING DEVICE
[162175:internal-dpl-injected-dummy-sink]: [17:55:51][STATE] RESETTING DEVICE ---> IDLE
[162175:internal-dpl-injected-dummy-sink]: [17:55:51][STATE] IDLE ---> EXITING
[162170:internal-dpl-clock]: [17:55:51][STATE] RESETTING DEVICE ---> IDLE
[162170:internal-dpl-clock]: [17:55:51][STATE] IDLE ---> EXITING
[162171:ft0-digit-reader]: [17:55:51][INFO] New state requested. No timeout set, quitting immediately as per --completion-policy
[162171:ft0-digit-reader]: [17:55:51][STATE] RUNNING ---> READY
[162171:ft0-digit-reader]: [17:55:51][STATE] READY ---> RESETTING TASK
[162171:ft0-digit-reader]: [17:55:51][STATE] RESETTING TASK ---> DEVICE READY
[162171:ft0-digit-reader]: [17:55:51][STATE] DEVICE READY ---> RESETTING DEVICE
[162175:internal-dpl-injected-dummy-sink]: [17:55:51][STATE] Exiting FairMQ state machine
[162170:internal-dpl-clock]: [17:55:51][STATE] Exiting FairMQ state machine
[162171:ft0-digit-reader]: [17:55:51][STATE] RESETTING DEVICE ---> IDLE
[162171:ft0-digit-reader]: [17:55:51][STATE] IDLE ---> EXITING
[162171:ft0-digit-reader]: [17:55:51][STATE] Exiting FairMQ state machine
[162173:ft0-reconstructor]: [17:55:51][STATE] RESETTING DEVICE ---> IDLE
[162173:ft0-reconstructor]: [17:55:51][STATE] IDLE ---> EXITING
[162173:ft0-reconstructor]: [17:55:51][STATE] Exiting FairMQ state machine
[162174:ft0-recpoint-writer]: [17:55:52][STATE] RUNNING ---> READY
[162174:ft0-recpoint-writer]: [17:55:52][STATE] READY ---> RESETTING TASK
[162174:ft0-recpoint-writer]: [17:55:52][STATE] RESETTING TASK ---> DEVICE READY
[162174:ft0-recpoint-writer]: [17:55:52][STATE] DEVICE READY ---> RESETTING DEVICE
[162174:ft0-recpoint-writer]: [17:55:52][INFO] Cleaning up for shared memory id '96277d44'...
[162174:ft0-recpoint-writer]: [17:55:52][INFO] Found 0 unmanaged regions...
[162174:ft0-recpoint-writer]: [17:55:52][INFO] Found 1 managed segments...
[162174:ft0-recpoint-writer]: [17:55:52][INFO] Successfully removed 'fmq_96277d44_m_0'.
[162174:ft0-recpoint-writer]: [17:55:52][INFO] Successfully removed 'fmq_96277d44_mng'.
[162174:ft0-recpoint-writer]: [17:55:52][STATE] RESETTING DEVICE ---> IDLE
[162174:ft0-recpoint-writer]: [17:55:52][STATE] IDLE ---> EXITING
[162174:ft0-recpoint-writer]: [17:55:52][STATE] Exiting FairMQ state machine
[INFO] ## Processes completed. Run summary:
[INFO] ### Devices started: 6
[INFO]  - Device internal-dpl-clock: pid 162170 (exit 0)
[INFO]  - Device ft0-digit-reader: pid 162171 (exit 0)
[INFO]  - Device internal-dpl-ccdb-backend: pid 162172 (exit 0)
[INFO]  - Device ft0-reconstructor: pid 162173 (exit 0)
[INFO]  - Device ft0-recpoint-writer: pid 162174 (exit 0)
[INFO]  - Device internal-dpl-injected-dummy-sink: pid 162175 (exit 0)
[INFO] Dumping used configuration in dpl-config.json
TASK-EXIT-CODE: 0
