Running: TIME="#walltime %e" /usr/bin/time --output=hmpreco.log_time ./hmpreco.log_tmp.sh
[INFO] Initialising O2 Data Processing Layer. Driver PID: 164940.
[INFO] Driver listening on port: 23020
[INFO] Rate limiting set up at 500MB distributed over 1 readers
[INFO] O2 Data Processing Layer initialised. We brake for nobody.
[INFO] Optimised build. O2DEBUG / LOG(debug) / LOGF(debug) / assert statement will not be shown.
[INFO] Redeployment of configuration asked.
[INFO] Starting internal-dpl-clock on pid 164980
[INFO] Starting HMP-DigitReader on pid 164981
[INFO] Starting HMP-Clusterization on pid 164982
[INFO] Starting HMPClustersWriter on pid 164983
[INFO] Redeployment of configuration done.
[164981:HMP-DigitReader]: [INFO] Instrumenting crash signals
[164981:HMP-DigitReader]: [INFO] Spawing new device HMP-DigitReader in process with pid 164981
[164981:HMP-DigitReader]: [17:56:30][INFO] 
[164981:HMP-DigitReader]:       ______      _    _______  _________ 
[164981:HMP-DigitReader]:      / ____/___ _(_)_______   |/  /_  __ \    version 1.6.0
[164981:HMP-DigitReader]:     / /_  / __ `/ / ___/__  /|_/ /_  / / /    build RELWITHDEBINFO
[164981:HMP-DigitReader]:    / __/ / /_/ / / /    _  /  / / / /_/ /     https://github.com/FairRootGroup/FairMQ
[164981:HMP-DigitReader]:   /_/    \__,_/_/_/     /_/  /_/  \___\_\     LGPL-3.0  © 2012-2023 GSI
[164981:HMP-DigitReader]: 
[164981:HMP-DigitReader]: [17:56:30][STATE] Starting FairMQ state machine --> IDLE
[164981:HMP-DigitReader]: [17:56:30][STATE] IDLE ---> INITIALIZING DEVICE
[164980:internal-dpl-clock]: [INFO] Instrumenting crash signals
[164982:HMP-Clusterization]: [INFO] Instrumenting crash signals
[164980:internal-dpl-clock]: [INFO] Spawing new device internal-dpl-clock in process with pid 164980
[164980:internal-dpl-clock]: [17:56:30][INFO] 
[164980:internal-dpl-clock]:       ______      _    _______  _________ 
[164980:internal-dpl-clock]:      / ____/___ _(_)_______   |/  /_  __ \    version 1.6.0
[164980:internal-dpl-clock]:     / /_  / __ `/ / ___/__  /|_/ /_  / / /    build RELWITHDEBINFO
[164980:internal-dpl-clock]:    / __/ / /_/ / / /    _  /  / / / /_/ /     https://github.com/FairRootGroup/FairMQ
[164980:internal-dpl-clock]:   /_/    \__,_/_/_/     /_/  /_/  \___\_\     LGPL-3.0  © 2012-2023 GSI
[164980:internal-dpl-clock]: 
[164980:internal-dpl-clock]: [17:56:30][STATE] Starting FairMQ state machine --> IDLE
[164980:internal-dpl-clock]: [17:56:30][STATE] IDLE ---> INITIALIZING DEVICE
[164980:internal-dpl-clock]: [17:56:30][STATE] INITIALIZING DEVICE ---> INITIALIZED
[164980:internal-dpl-clock]: [17:56:30][STATE] INITIALIZED ---> BINDING
[164980:internal-dpl-clock]: [17:56:30][STATE] BINDING ---> BOUND
[164980:internal-dpl-clock]: [17:56:30][STATE] BOUND ---> CONNECTING
[164980:internal-dpl-clock]: [17:56:30][STATE] CONNECTING ---> DEVICE READY
[164980:internal-dpl-clock]: [17:56:30][STATE] DEVICE READY ---> INITIALIZING TASK
[164980:internal-dpl-clock]: [17:56:30][STATE] INITIALIZING TASK ---> READY
[164980:internal-dpl-clock]: [17:56:30][STATE] READY ---> RUNNING
[164980:internal-dpl-clock]: [17:56:30][INFO] fair::mq::Device running...
[164980:internal-dpl-clock]: [17:56:30][INFO] LHCPeriod is not available, using current month AUG
[164981:HMP-DigitReader]: [17:56:30][INFO] HMPID DigitWriterSpec::init() : Trying to read File : /root/CNN_PID/ML/1kHz/hmpiddigits.root
[164982:HMP-Clusterization]: [INFO] Spawing new device HMP-Clusterization in process with pid 164982
[164982:HMP-Clusterization]: [17:56:30][INFO] 
[164982:HMP-Clusterization]:       ______      _    _______  _________ 
[164982:HMP-Clusterization]:      / ____/___ _(_)_______   |/  /_  __ \    version 1.6.0
[164982:HMP-Clusterization]:     / /_  / __ `/ / ___/__  /|_/ /_  / / /    build RELWITHDEBINFO
[164982:HMP-Clusterization]:    / __/ / /_/ / / /    _  /  / / / /_/ /     https://github.com/FairRootGroup/FairMQ
[164982:HMP-Clusterization]:   /_/    \__,_/_/_/     /_/  /_/  \___\_\     LGPL-3.0  © 2012-2023 GSI
[164982:HMP-Clusterization]: 
[164982:HMP-Clusterization]: [17:56:30][STATE] Starting FairMQ state machine --> IDLE
[164982:HMP-Clusterization]: [17:56:30][STATE] IDLE ---> INITIALIZING DEVICE
[164982:HMP-Clusterization]: [17:56:30][STATE] INITIALIZING DEVICE ---> INITIALIZED
[164982:HMP-Clusterization]: [17:56:30][STATE] INITIALIZED ---> BINDING
[164982:HMP-Clusterization]: [17:56:30][STATE] BINDING ---> BOUND
[164982:HMP-Clusterization]: [17:56:30][STATE] BOUND ---> CONNECTING
[164982:HMP-Clusterization]: [17:56:30][STATE] CONNECTING ---> DEVICE READY
[164982:HMP-Clusterization]: [17:56:30][STATE] DEVICE READY ---> INITIALIZING TASK
[164982:HMP-Clusterization]: [17:56:30][STATE] INITIALIZING TASK ---> READY
[164982:HMP-Clusterization]: [17:56:30][STATE] READY ---> RUNNING
[164982:HMP-Clusterization]: [17:56:30][INFO] fair::mq::Device running...
[164982:HMP-Clusterization]: [17:56:30][INFO] LHCPeriod is not available, using current month AUG
[164980:internal-dpl-clock]: [17:56:30][INFO] Correctly handshaken websocket connection.
[164982:HMP-Clusterization]: [17:56:30][INFO] Correctly handshaken websocket connection.
[164983:HMPClustersWriter]: [INFO] Instrumenting crash signals
[164983:HMPClustersWriter]: [INFO] Spawing new device HMPClustersWriter in process with pid 164983
[164983:HMPClustersWriter]: [17:56:30][INFO] 
[164983:HMPClustersWriter]:       ______      _    _______  _________ 
[164983:HMPClustersWriter]:      / ____/___ _(_)_______   |/  /_  __ \    version 1.6.0
[164983:HMPClustersWriter]:     / /_  / __ `/ / ___/__  /|_/ /_  / / /    build RELWITHDEBINFO
[164983:HMPClustersWriter]:    / __/ / /_/ / / /    _  /  / / / /_/ /     https://github.com/FairRootGroup/FairMQ
[164983:HMPClustersWriter]:   /_/    \__,_/_/_/     /_/  /_/  \___\_\     LGPL-3.0  © 2012-2023 GSI
[164983:HMPClustersWriter]: 
[164983:HMPClustersWriter]: [17:56:30][STATE] Starting FairMQ state machine --> IDLE
[164983:HMPClustersWriter]: [17:56:30][STATE] IDLE ---> INITIALIZING DEVICE
[164983:HMPClustersWriter]: [17:56:30][INFO] 0: branch  HMPIDclusters set up
[164983:HMPClustersWriter]: [17:56:30][INFO] 1: branch  HMPIDDigitTopology set up
[164983:HMPClustersWriter]: [17:56:30][INFO] 2: branch  InteractionRecords set up
[164983:HMPClustersWriter]: [17:56:30][STATE] INITIALIZING DEVICE ---> INITIALIZED
[164983:HMPClustersWriter]: [17:56:30][STATE] INITIALIZED ---> BINDING
[164983:HMPClustersWriter]: [17:56:30][STATE] BINDING ---> BOUND
[164983:HMPClustersWriter]: [17:56:30][STATE] BOUND ---> CONNECTING
[164983:HMPClustersWriter]: [17:56:30][STATE] CONNECTING ---> DEVICE READY
[164983:HMPClustersWriter]: [17:56:30][STATE] DEVICE READY ---> INITIALIZING TASK
[164983:HMPClustersWriter]: [17:56:30][STATE] INITIALIZING TASK ---> READY
[164983:HMPClustersWriter]: [17:56:30][STATE] READY ---> RUNNING
[164983:HMPClustersWriter]: [17:56:30][INFO] fair::mq::Device running...
[164983:HMPClustersWriter]: [17:56:30][INFO] LHCPeriod is not available, using current month AUG
[164983:HMPClustersWriter]: [17:56:30][INFO] Correctly handshaken websocket connection.
[164981:HMP-DigitReader]: [17:56:30][STATE] INITIALIZING DEVICE ---> INITIALIZED
[164981:HMP-DigitReader]: [17:56:30][STATE] INITIALIZED ---> BINDING
[164981:HMP-DigitReader]: [17:56:30][STATE] BINDING ---> BOUND
[164981:HMP-DigitReader]: [17:56:30][STATE] BOUND ---> CONNECTING
[164981:HMP-DigitReader]: [17:56:30][STATE] CONNECTING ---> DEVICE READY
[164981:HMP-DigitReader]: [17:56:30][STATE] DEVICE READY ---> INITIALIZING TASK
[164981:HMP-DigitReader]: [17:56:30][STATE] INITIALIZING TASK ---> READY
[164981:HMP-DigitReader]: [17:56:30][STATE] READY ---> RUNNING
[164981:HMP-DigitReader]: [17:56:30][INFO] fair::mq::Device running...
[164981:HMP-DigitReader]: [17:56:30][INFO] LHCPeriod is not available, using current month AUG
[164981:HMP-DigitReader]: [17:56:30][INFO] [HMPID DigitsReader - run() ] digits  = 360
[164981:HMP-DigitReader]: [17:56:30][INFO] End DigitsReader !  digits = 360 Execution time = 0.48
[164981:HMP-DigitReader]: [17:56:30][INFO] Sending end-of-stream message to channel from_HMP-DigitReader_to_HMP-Clusterization
[164981:HMP-DigitReader]: [17:56:30][INFO] Correctly handshaken websocket connection.
[164982:HMP-Clusterization]: [17:56:30][INFO] [HMPID DClusterization - run() ] Enter ...
[164982:HMP-Clusterization]: [17:56:30][INFO] [HMPID DClusterization - run() ] nObjects <<< calling clusterer->Dig2Clu12
[164982:HMP-Clusterization]: [17:56:30][INFO] [HMPID DClusterization - return from dig2clu
[164982:HMP-Clusterization]: [17:56:30][INFO] [HMPID DClusterization - run() ] nObjects <<< calling clusterer->Dig2Clu48
[164982:HMP-Clusterization]: [17:56:30][INFO] [HMPID DClusterization - return from dig2clu
[164982:HMP-Clusterization]: [17:56:30][INFO] [HMPID DClusterization - run() ] nObjects <<< calling clusterer->Dig2Clu7
[164982:HMP-Clusterization]: [17:56:30][INFO] [HMPID DClusterization - return from dig2clu
[164982:HMP-Clusterization]: [17:56:30][INFO] [HMPID DClusterization - run() ] nObjects <<< calling clusterer->Dig2Clu24
[164982:HMP-Clusterization]: [17:56:30][INFO] [HMPID DClusterization - return from dig2clu
[164982:HMP-Clusterization]: [17:56:30][INFO] [HMPID DClusterization - run() ] nObjects <<< calling clusterer->Dig2Clu6
[164982:HMP-Clusterization]: [17:56:30][INFO] [HMPID DClusterization - return from dig2clu
[164982:HMP-Clusterization]: [17:56:30][INFO] [HMPID DClusterization - run() ] nObjects <<< calling clusterer->Dig2Clu41
[164982:HMP-Clusterization]: [17:56:30][INFO] [HMPID DClusterization - return from dig2clu
[164982:HMP-Clusterization]: [17:56:30][INFO] [HMPID DClusterization - run() ] nObjects <<< calling clusterer->Dig2Clu54
[164982:HMP-Clusterization]: [17:56:30][INFO] [HMPID DClusterization - return from dig2clu
[164982:HMP-Clusterization]: [17:56:30][INFO] [HMPID DClusterization - run() ] nObjects <<< calling clusterer->Dig2Clu96
[164982:HMP-Clusterization]: [17:56:30][INFO] [HMPID DClusterization - return from dig2clu
[164982:HMP-Clusterization]: [17:56:30][INFO] [HMPID DClusterization - run() ] nObjects <<< calling clusterer->Dig2Clu36
[164982:HMP-Clusterization]: [17:56:30][INFO] [HMPID DClusterization - return from dig2clu
[164982:HMP-Clusterization]: [17:56:30][INFO] [HMPID DClusterization - run() ] nObjects <<< calling clusterer->Dig2Clu36
[164982:HMP-Clusterization]: [17:56:30][INFO] [HMPID DClusterization - return from dig2clu
[164982:HMP-Clusterization]: [17:56:30][INFO] Received 16 triggers with 360 digits -> 10 triggers with 144 clusters
[164982:HMP-Clusterization]: [17:56:30][INFO] End Clusterization !  digits = 360 Execution time = 0.09
[164982:HMP-Clusterization]: [17:56:30][INFO] Sending end-of-stream message to channel from_HMP-Clusterization_to_HMPClustersWriter
[INFO] Quitting
[INFO] QUIT_REQUESTED
[164980:internal-dpl-clock]: [17:56:30][INFO] Received device shutdown request (signal 15).
[164980:internal-dpl-clock]: [17:56:30][INFO] Waiting for graceful device shutdown. Hit Ctrl-C again to abort immediately.
[164981:HMP-DigitReader]: [17:56:30][INFO] Received device shutdown request (signal 15).
[164981:HMP-DigitReader]: [17:56:30][INFO] Waiting for graceful device shutdown. Hit Ctrl-C again to abort immediately.
[164982:HMP-Clusterization]: [17:56:30][INFO] Received device shutdown request (signal 15).
[164982:HMP-Clusterization]: [17:56:30][INFO] Waiting for graceful device shutdown. Hit Ctrl-C again to abort immediately.
[164983:HMPClustersWriter]: [17:56:30][INFO] Received device shutdown request (signal 15).
[164983:HMPClustersWriter]: [17:56:30][INFO] Waiting for graceful device shutdown. Hit Ctrl-C again to abort immediately.
[164980:internal-dpl-clock]: [17:56:30][INFO] New state requested. No timeout set, quitting immediately as per --completion-policy
[164980:internal-dpl-clock]: [17:56:30][STATE] RUNNING ---> READY
[164982:HMP-Clusterization]: [17:56:30][INFO] New state requested. No timeout set, quitting immediately as per --completion-policy
[164982:HMP-Clusterization]: [17:56:30][STATE] RUNNING ---> READY
[164983:HMPClustersWriter]: [17:56:30][INFO] New state requested. No timeout set, quitting immediately as per --completion-policy
[164980:internal-dpl-clock]: [17:56:30][STATE] READY ---> RESETTING TASK
[164981:HMP-DigitReader]: [17:56:30][INFO] New state requested. No timeout set, quitting immediately as per --completion-policy
[164981:HMP-DigitReader]: [17:56:30][STATE] RUNNING ---> READY
[164982:HMP-Clusterization]: [17:56:30][STATE] READY ---> RESETTING TASK
[164982:HMP-Clusterization]: [17:56:30][STATE] RESETTING TASK ---> DEVICE READY
[164980:internal-dpl-clock]: [17:56:30][STATE] RESETTING TASK ---> DEVICE READY
[164981:HMP-DigitReader]: [17:56:30][STATE] READY ---> RESETTING TASK
[164981:HMP-DigitReader]: [17:56:30][STATE] RESETTING TASK ---> DEVICE READY
[164982:HMP-Clusterization]: [17:56:30][STATE] DEVICE READY ---> RESETTING DEVICE
[164980:internal-dpl-clock]: [17:56:30][STATE] DEVICE READY ---> RESETTING DEVICE
[164981:HMP-DigitReader]: [17:56:30][STATE] DEVICE READY ---> RESETTING DEVICE
[164980:internal-dpl-clock]: [17:56:30][STATE] RESETTING DEVICE ---> IDLE
[164980:internal-dpl-clock]: [17:56:30][STATE] IDLE ---> EXITING
[164980:internal-dpl-clock]: [17:56:30][STATE] Exiting FairMQ state machine
[164981:HMP-DigitReader]: [17:56:30][STATE] RESETTING DEVICE ---> IDLE
[164981:HMP-DigitReader]: [17:56:30][STATE] IDLE ---> EXITING
[164982:HMP-Clusterization]: [17:56:30][STATE] RESETTING DEVICE ---> IDLE
[164981:HMP-DigitReader]: [17:56:30][STATE] Exiting FairMQ state machine
[164982:HMP-Clusterization]: [17:56:30][STATE] IDLE ---> EXITING
[164982:HMP-Clusterization]: [17:56:30][STATE] Exiting FairMQ state machine
[164983:HMPClustersWriter]: [17:56:31][STATE] RUNNING ---> READY
[164983:HMPClustersWriter]: [17:56:31][STATE] READY ---> RESETTING TASK
[164983:HMPClustersWriter]: [17:56:31][STATE] RESETTING TASK ---> DEVICE READY
[164983:HMPClustersWriter]: [17:56:31][STATE] DEVICE READY ---> RESETTING DEVICE
[164983:HMPClustersWriter]: [17:56:31][INFO] Cleaning up for shared memory id '85aef625'...
[164983:HMPClustersWriter]: [17:56:31][INFO] Found 0 unmanaged regions...
[164983:HMPClustersWriter]: [17:56:31][INFO] Found 1 managed segments...
[164983:HMPClustersWriter]: [17:56:31][INFO] Successfully removed 'fmq_85aef625_m_0'.
[164983:HMPClustersWriter]: [17:56:31][INFO] Successfully removed 'fmq_85aef625_mng'.
[164983:HMPClustersWriter]: [17:56:31][STATE] RESETTING DEVICE ---> IDLE
[164983:HMPClustersWriter]: [17:56:31][STATE] IDLE ---> EXITING
[164983:HMPClustersWriter]: [17:56:31][STATE] Exiting FairMQ state machine
[INFO] ## Processes completed. Run summary:
[INFO] ### Devices started: 4
[INFO]  - Device internal-dpl-clock: pid 164980 (exit 0)
[INFO]  - Device HMP-DigitReader: pid 164981 (exit 0)
[INFO]  - Device HMP-Clusterization: pid 164982 (exit 0)
[INFO]  - Device HMPClustersWriter: pid 164983 (exit 0)
[INFO] Dumping used configuration in dpl-config.json
TASK-EXIT-CODE: 0
