Running: TIME="#walltime %e" /usr/bin/time --output=itsreco.log_time ./itsreco.log_tmp.sh
[INFO] Initialising O2 Data Processing Layer. Driver PID: 159694.
[INFO] Driver listening on port: 17774
[INFO] Rate limiting set up at 500MB distributed over 1 readers
[INFO] O2 Data Processing Layer initialised. We brake for nobody.
[INFO] Optimised build. O2DEBUG / LOG(debug) / LOGF(debug) / assert statement will not be shown.
[INFO] Redeployment of configuration asked.
[INFO] Starting internal-dpl-clock on pid 159734
[INFO] Starting its-digit-reader on pid 159735
[INFO] Starting internal-dpl-ccdb-backend on pid 159736
[INFO] Starting its-clusterer on pid 159737
[INFO] Starting its-cluster-writer on pid 159738
[INFO] Starting its-tracker on pid 159739
[INFO] Starting irframe-writer-its on pid 159740
[INFO] Starting its-track-writer on pid 159741
[INFO] Starting internal-dpl-injected-dummy-sink on pid 159742
[INFO] Redeployment of configuration done.
[159734:internal-dpl-clock]: [INFO] Instrumenting crash signals
[159734:internal-dpl-clock]: [INFO] Spawing new device internal-dpl-clock in process with pid 159734
[159734:internal-dpl-clock]: [17:54:40][INFO] 
[159734:internal-dpl-clock]:       ______      _    _______  _________ 
[159734:internal-dpl-clock]:      / ____/___ _(_)_______   |/  /_  __ \    version 1.6.0
[159734:internal-dpl-clock]:     / /_  / __ `/ / ___/__  /|_/ /_  / / /    build RELWITHDEBINFO
[159734:internal-dpl-clock]:    / __/ / /_/ / / /    _  /  / / / /_/ /     https://github.com/FairRootGroup/FairMQ
[159734:internal-dpl-clock]:   /_/    \__,_/_/_/     /_/  /_/  \___\_\     LGPL-3.0  © 2012-2023 GSI
[159734:internal-dpl-clock]: 
[159734:internal-dpl-clock]: [17:54:40][STATE] Starting FairMQ state machine --> IDLE
[159734:internal-dpl-clock]: [17:54:40][STATE] IDLE ---> INITIALIZING DEVICE
[159734:internal-dpl-clock]: [17:54:40][STATE] INITIALIZING DEVICE ---> INITIALIZED
[159737:its-clusterer]: [INFO] Instrumenting crash signals
[159734:internal-dpl-clock]: [17:54:40][STATE] INITIALIZED ---> BINDING
[159734:internal-dpl-clock]: [17:54:40][STATE] BINDING ---> BOUND
[159734:internal-dpl-clock]: [17:54:40][STATE] BOUND ---> CONNECTING
[159734:internal-dpl-clock]: [17:54:40][STATE] CONNECTING ---> DEVICE READY
[159734:internal-dpl-clock]: [17:54:40][STATE] DEVICE READY ---> INITIALIZING TASK
[159734:internal-dpl-clock]: [17:54:40][STATE] INITIALIZING TASK ---> READY
[159737:its-clusterer]: [INFO] Spawing new device its-clusterer in process with pid 159737
[159734:internal-dpl-clock]: [17:54:40][STATE] READY ---> RUNNING
[159734:internal-dpl-clock]: [17:54:40][INFO] fair::mq::Device running...
[159734:internal-dpl-clock]: [17:54:40][INFO] LHCPeriod is not available, using current month AUG
[159737:its-clusterer]: [17:54:40][INFO] 
[159737:its-clusterer]:       ______      _    _______  _________ 
[159737:its-clusterer]:      / ____/___ _(_)_______   |/  /_  __ \    version 1.6.0
[159737:its-clusterer]:     / /_  / __ `/ / ___/__  /|_/ /_  / / /    build RELWITHDEBINFO
[159737:its-clusterer]:    / __/ / /_/ / / /    _  /  / / / /_/ /     https://github.com/FairRootGroup/FairMQ
[159737:its-clusterer]:   /_/    \__,_/_/_/     /_/  /_/  \___\_\     LGPL-3.0  © 2012-2023 GSI
[159737:its-clusterer]: 
[159737:its-clusterer]: [17:54:40][STATE] Starting FairMQ state machine --> IDLE
[159734:internal-dpl-clock]: [17:54:40][INFO] Correctly handshaken websocket connection.
[159736:internal-dpl-ccdb-backend]: [INFO] Instrumenting crash signals
[159736:internal-dpl-ccdb-backend]: [INFO] Spawing new device internal-dpl-ccdb-backend in process with pid 159736
[159736:internal-dpl-ccdb-backend]: [17:54:40][INFO] 
[159736:internal-dpl-ccdb-backend]:       ______      _    _______  _________ 
[159736:internal-dpl-ccdb-backend]:      / ____/___ _(_)_______   |/  /_  __ \    version 1.6.0
[159736:internal-dpl-ccdb-backend]:     / /_  / __ `/ / ___/__  /|_/ /_  / / /    build RELWITHDEBINFO
[159736:internal-dpl-ccdb-backend]:    / __/ / /_/ / / /    _  /  / / / /_/ /     https://github.com/FairRootGroup/FairMQ
[159736:internal-dpl-ccdb-backend]:   /_/    \__,_/_/_/     /_/  /_/  \___\_\     LGPL-3.0  © 2012-2023 GSI
[159736:internal-dpl-ccdb-backend]: 
[159736:internal-dpl-ccdb-backend]: [17:54:40][STATE] Starting FairMQ state machine --> IDLE
[159737:its-clusterer]: [17:54:40][STATE] IDLE ---> INITIALIZING DEVICE
[159739:its-tracker]: [INFO] Instrumenting crash signals
[159739:its-tracker]: [INFO] Spawing new device its-tracker in process with pid 159739
[159737:its-clusterer]: [17:54:40][STATE] INITIALIZING DEVICE ---> INITIALIZED
[159736:internal-dpl-ccdb-backend]: [17:54:40][STATE] IDLE ---> INITIALIZING DEVICE
[159737:its-clusterer]: [17:54:40][STATE] INITIALIZED ---> BINDING
[159737:its-clusterer]: [17:54:40][STATE] BINDING ---> BOUND
[159736:internal-dpl-ccdb-backend]: [17:54:40][INFO] CCDB Backend at: http://alice-ccdb.cern.ch, validity check for every 2147483647 TF
[159736:internal-dpl-ccdb-backend]: [17:54:40][INFO] Init CcdApi with UserAgentID: localhost.localdomain-1692719680-LoBmqi, Host: http://alice-ccdb.cern.ch
[159736:internal-dpl-ccdb-backend]: [17:54:40][INFO] Initialised default CCDB host http://alice-ccdb.cern.ch
[159736:internal-dpl-ccdb-backend]: [17:54:40][INFO] The following route is a condition ITS/CLUSDICT/0
[159736:internal-dpl-ccdb-backend]: [17:54:40][INFO] - ccdb-path: ITS/Calib/ClusterDictionary
[159736:internal-dpl-ccdb-backend]: [17:54:40][INFO] The following route is a condition GLO/GRPECS/0
[159736:internal-dpl-ccdb-backend]: [17:54:40][INFO] - ccdb-path: GLO/Config/GRPECS
[159736:internal-dpl-ccdb-backend]: [17:54:40][INFO] The following route is a condition ITS/ALPIDEPARAM/0
[159736:internal-dpl-ccdb-backend]: [17:54:40][INFO] - ccdb-path: ITS/Config/AlpideParam
[159736:internal-dpl-ccdb-backend]: [17:54:40][INFO] The following route is a condition ITS/CLUSPARAM/0
[159736:internal-dpl-ccdb-backend]: [17:54:40][INFO] - ccdb-path: ITS/Config/ClustererParam
[159736:internal-dpl-ccdb-backend]: [17:54:40][INFO] The following route is a condition GLO/MATLUT/0
[159736:internal-dpl-ccdb-backend]: [17:54:40][INFO] - ccdb-path: GLO/Param/MatLUT
[159736:internal-dpl-ccdb-backend]: [17:54:40][INFO] The following route is a condition GLO/GRPMAGFIELD/0
[159736:internal-dpl-ccdb-backend]: [17:54:40][INFO] - ccdb-path: GLO/Config/GRPMagField
[159736:internal-dpl-ccdb-backend]: [17:54:40][INFO] The following route is a condition GLO/GEOMALIGN/0
[159736:internal-dpl-ccdb-backend]: [17:54:40][INFO] - ccdb-path: GLO/Config/GeometryAligned
[159736:internal-dpl-ccdb-backend]: [17:54:40][STATE] INITIALIZING DEVICE ---> INITIALIZED
[159736:internal-dpl-ccdb-backend]: [17:54:40][STATE] INITIALIZED ---> BINDING
[159736:internal-dpl-ccdb-backend]: [17:54:40][STATE] BINDING ---> BOUND
[159736:internal-dpl-ccdb-backend]: [17:54:40][STATE] BOUND ---> CONNECTING
[159736:internal-dpl-ccdb-backend]: [17:54:40][STATE] CONNECTING ---> DEVICE READY
[159736:internal-dpl-ccdb-backend]: [17:54:40][STATE] DEVICE READY ---> INITIALIZING TASK
[159737:its-clusterer]: [17:54:40][STATE] BOUND ---> CONNECTING
[159737:its-clusterer]: [17:54:40][STATE] CONNECTING ---> DEVICE READY
[159739:its-tracker]: [17:54:40][INFO] 
[159739:its-tracker]:       ______      _    _______  _________ 
[159739:its-tracker]:      / ____/___ _(_)_______   |/  /_  __ \    version 1.6.0
[159739:its-tracker]:     / /_  / __ `/ / ___/__  /|_/ /_  / / /    build RELWITHDEBINFO
[159739:its-tracker]:    / __/ / /_/ / / /    _  /  / / / /_/ /     https://github.com/FairRootGroup/FairMQ
[159739:its-tracker]:   /_/    \__,_/_/_/     /_/  /_/  \___\_\     LGPL-3.0  © 2012-2023 GSI
[159739:its-tracker]: 
[159739:its-tracker]: [17:54:40][STATE] Starting FairMQ state machine --> IDLE
[159737:its-clusterer]: [17:54:40][STATE] DEVICE READY ---> INITIALIZING TASK
[159737:its-clusterer]: [17:54:40][STATE] INITIALIZING TASK ---> READY
[159739:its-tracker]: [17:54:40][STATE] IDLE ---> INITIALIZING DEVICE
[159735:its-digit-reader]: [INFO] Instrumenting crash signals
[159735:its-digit-reader]: [INFO] Spawing new device its-digit-reader in process with pid 159735
[159735:its-digit-reader]: [17:54:40][INFO] 
[159735:its-digit-reader]:       ______      _    _______  _________ 
[159735:its-digit-reader]:      / ____/___ _(_)_______   |/  /_  __ \    version 1.6.0
[159735:its-digit-reader]:     / /_  / __ `/ / ___/__  /|_/ /_  / / /    build RELWITHDEBINFO
[159735:its-digit-reader]:    / __/ / /_/ / / /    _  /  / / / /_/ /     https://github.com/FairRootGroup/FairMQ
[159735:its-digit-reader]:   /_/    \__,_/_/_/     /_/  /_/  \___\_\     LGPL-3.0  © 2012-2023 GSI
[159735:its-digit-reader]: 
[159735:its-digit-reader]: [17:54:40][STATE] Starting FairMQ state machine --> IDLE
[159737:its-clusterer]: [17:54:40][STATE] READY ---> RUNNING
[159737:its-clusterer]: [17:54:40][INFO] fair::mq::Device running...
[159737:its-clusterer]: [17:54:40][INFO] LHCPeriod is not available, using current month AUG
[159739:its-tracker]: [17:54:40][INFO] Created GPUReconstruction instance for device type CPU (1) 
[159739:its-tracker]: [17:54:40][INFO] Initializing tracker in async. phase reconstruction with 3 passes
[159736:internal-dpl-ccdb-backend]: [17:54:40][STATE] INITIALIZING TASK ---> READY
[159737:its-clusterer]: [17:54:40][INFO] Correctly handshaken websocket connection.
[159739:its-tracker]: [17:54:40][STATE] INITIALIZING DEVICE ---> INITIALIZED
[159736:internal-dpl-ccdb-backend]: [17:54:40][STATE] READY ---> RUNNING
[159736:internal-dpl-ccdb-backend]: [17:54:40][INFO] fair::mq::Device running...
[159736:internal-dpl-ccdb-backend]: [17:54:40][INFO] LHCPeriod is not available, using current month AUG
[159736:internal-dpl-ccdb-backend]: [17:54:40][INFO] Correctly handshaken websocket connection.
[159735:its-digit-reader]: [17:54:40][STATE] IDLE ---> INITIALIZING DEVICE
[159739:its-tracker]: [17:54:40][STATE] INITIALIZED ---> BINDING
[159739:its-tracker]: [17:54:40][STATE] BINDING ---> BOUND
[159741:its-track-writer]: [INFO] Instrumenting crash signals
[159741:its-track-writer]: [INFO] Spawing new device its-track-writer in process with pid 159741
[159741:its-track-writer]: [17:54:40][INFO] 
[159741:its-track-writer]:       ______      _    _______  _________ 
[159741:its-track-writer]:      / ____/___ _(_)_______   |/  /_  __ \    version 1.6.0
[159741:its-track-writer]:     / /_  / __ `/ / ___/__  /|_/ /_  / / /    build RELWITHDEBINFO
[159741:its-track-writer]:    / __/ / /_/ / / /    _  /  / / / /_/ /     https://github.com/FairRootGroup/FairMQ
[159741:its-track-writer]:   /_/    \__,_/_/_/     /_/  /_/  \___\_\     LGPL-3.0  © 2012-2023 GSI
[159741:its-track-writer]: 
[159741:its-track-writer]: [17:54:40][STATE] Starting FairMQ state machine --> IDLE
[159742:internal-dpl-injected-dummy-sink]: [INFO] Instrumenting crash signals
[159739:its-tracker]: [17:54:40][STATE] BOUND ---> CONNECTING
[159739:its-tracker]: [17:54:40][STATE] CONNECTING ---> DEVICE READY
[159739:its-tracker]: [17:54:40][STATE] DEVICE READY ---> INITIALIZING TASK
[159739:its-tracker]: [17:54:40][STATE] INITIALIZING TASK ---> READY
[159741:its-track-writer]: [17:54:40][STATE] IDLE ---> INITIALIZING DEVICE
[159742:internal-dpl-injected-dummy-sink]: [INFO] Spawing new device internal-dpl-injected-dummy-sink in process with pid 159742
[159742:internal-dpl-injected-dummy-sink]: [17:54:40][INFO] 
[159742:internal-dpl-injected-dummy-sink]:       ______      _    _______  _________ 
[159742:internal-dpl-injected-dummy-sink]:      / ____/___ _(_)_______   |/  /_  __ \    version 1.6.0
[159742:internal-dpl-injected-dummy-sink]:     / /_  / __ `/ / ___/__  /|_/ /_  / / /    build RELWITHDEBINFO
[159742:internal-dpl-injected-dummy-sink]:    / __/ / /_/ / / /    _  /  / / / /_/ /     https://github.com/FairRootGroup/FairMQ
[159742:internal-dpl-injected-dummy-sink]:   /_/    \__,_/_/_/     /_/  /_/  \___\_\     LGPL-3.0  © 2012-2023 GSI
[159742:internal-dpl-injected-dummy-sink]: 
[159742:internal-dpl-injected-dummy-sink]: [17:54:40][STATE] Starting FairMQ state machine --> IDLE
[159739:its-tracker]: [17:54:40][STATE] READY ---> RUNNING
[159741:its-track-writer]: [17:54:40][INFO] 0: branch  ITSTrack set up
[159739:its-tracker]: [17:54:40][INFO] fair::mq::Device running...
[159739:its-tracker]: [17:54:40][INFO] LHCPeriod is not available, using current month AUG
[159741:its-track-writer]: [17:54:40][INFO] 1: branch  ITSTrackClusIdx set up
[159741:its-track-writer]: [17:54:40][INFO] 2: branch  Vertices set up
[159741:its-track-writer]: [17:54:40][INFO] 3: branch  VerticesROF set up
[159741:its-track-writer]: [17:54:40][INFO] 4: branch  ITSTracksROF set up
[159741:its-track-writer]: [17:54:40][INFO] 5: branch  ITSTrackMCTruth set up
[159741:its-track-writer]: [17:54:40][INFO] 6: branch  ITSVertexMCTruth set up
[159741:its-track-writer]: [17:54:40][INFO] 7: branch  ITSTracksMC2ROF set up
[159739:its-tracker]: [17:54:40][INFO] Correctly handshaken websocket connection.
[159741:its-track-writer]: [17:54:40][STATE] INITIALIZING DEVICE ---> INITIALIZED
[159741:its-track-writer]: [17:54:40][STATE] INITIALIZED ---> BINDING
[159741:its-track-writer]: [17:54:40][STATE] BINDING ---> BOUND
[159741:its-track-writer]: [17:54:40][STATE] BOUND ---> CONNECTING
[159741:its-track-writer]: [17:54:40][STATE] CONNECTING ---> DEVICE READY
[159741:its-track-writer]: [17:54:40][STATE] DEVICE READY ---> INITIALIZING TASK
[159741:its-track-writer]: [17:54:40][STATE] INITIALIZING TASK ---> READY
[159741:its-track-writer]: [17:54:40][STATE] READY ---> RUNNING
[159741:its-track-writer]: [17:54:40][INFO] fair::mq::Device running...
[159741:its-track-writer]: [17:54:40][INFO] LHCPeriod is not available, using current month AUG
[159742:internal-dpl-injected-dummy-sink]: [17:54:40][STATE] IDLE ---> INITIALIZING DEVICE
[159742:internal-dpl-injected-dummy-sink]: [17:54:40][STATE] INITIALIZING DEVICE ---> INITIALIZED
[159742:internal-dpl-injected-dummy-sink]: [17:54:40][STATE] INITIALIZED ---> BINDING
[159742:internal-dpl-injected-dummy-sink]: [17:54:40][STATE] BINDING ---> BOUND
[159742:internal-dpl-injected-dummy-sink]: [17:54:40][STATE] BOUND ---> CONNECTING
[159742:internal-dpl-injected-dummy-sink]: [17:54:40][STATE] CONNECTING ---> DEVICE READY
[159742:internal-dpl-injected-dummy-sink]: [17:54:40][STATE] DEVICE READY ---> INITIALIZING TASK
[159742:internal-dpl-injected-dummy-sink]: [17:54:40][STATE] INITIALIZING TASK ---> READY
[159742:internal-dpl-injected-dummy-sink]: [17:54:40][STATE] READY ---> RUNNING
[159742:internal-dpl-injected-dummy-sink]: [17:54:40][INFO] fair::mq::Device running...
[159742:internal-dpl-injected-dummy-sink]: [17:54:40][INFO] LHCPeriod is not available, using current month AUG
[159741:its-track-writer]: [17:54:40][INFO] Correctly handshaken websocket connection.
[159742:internal-dpl-injected-dummy-sink]: [17:54:40][INFO] Correctly handshaken websocket connection.
[159740:irframe-writer-its]: [INFO] Instrumenting crash signals
[159740:irframe-writer-its]: [INFO] Spawing new device irframe-writer-its in process with pid 159740
[159740:irframe-writer-its]: [17:54:40][INFO] 
[159740:irframe-writer-its]:       ______      _    _______  _________ 
[159740:irframe-writer-its]:      / ____/___ _(_)_______   |/  /_  __ \    version 1.6.0
[159740:irframe-writer-its]:     / /_  / __ `/ / ___/__  /|_/ /_  / / /    build RELWITHDEBINFO
[159740:irframe-writer-its]:    / __/ / /_/ / / /    _  /  / / / /_/ /     https://github.com/FairRootGroup/FairMQ
[159740:irframe-writer-its]:   /_/    \__,_/_/_/     /_/  /_/  \___\_\     LGPL-3.0  © 2012-2023 GSI
[159740:irframe-writer-its]: 
[159740:irframe-writer-its]: [17:54:40][STATE] Starting FairMQ state machine --> IDLE
[159740:irframe-writer-its]: [17:54:40][STATE] IDLE ---> INITIALIZING DEVICE
[159740:irframe-writer-its]: [17:54:40][INFO] 0: branch  IRFrames set up
[159740:irframe-writer-its]: [17:54:40][STATE] INITIALIZING DEVICE ---> INITIALIZED
[159740:irframe-writer-its]: [17:54:40][STATE] INITIALIZED ---> BINDING
[159740:irframe-writer-its]: [17:54:40][STATE] BINDING ---> BOUND
[159740:irframe-writer-its]: [17:54:40][STATE] BOUND ---> CONNECTING
[159740:irframe-writer-its]: [17:54:40][STATE] CONNECTING ---> DEVICE READY
[159740:irframe-writer-its]: [17:54:40][STATE] DEVICE READY ---> INITIALIZING TASK
[159740:irframe-writer-its]: [17:54:40][STATE] INITIALIZING TASK ---> READY
[159740:irframe-writer-its]: [17:54:40][STATE] READY ---> RUNNING
[159740:irframe-writer-its]: [17:54:40][INFO] fair::mq::Device running...
[159740:irframe-writer-its]: [17:54:40][INFO] LHCPeriod is not available, using current month AUG
[159740:irframe-writer-its]: [17:54:40][INFO] Correctly handshaken websocket connection.
[159738:its-cluster-writer]: [INFO] Instrumenting crash signals
[159738:its-cluster-writer]: [INFO] Spawing new device its-cluster-writer in process with pid 159738
[159738:its-cluster-writer]: [17:54:40][INFO] 
[159738:its-cluster-writer]:       ______      _    _______  _________ 
[159738:its-cluster-writer]:      / ____/___ _(_)_______   |/  /_  __ \    version 1.6.0
[159738:its-cluster-writer]:     / /_  / __ `/ / ___/__  /|_/ /_  / / /    build RELWITHDEBINFO
[159738:its-cluster-writer]:    / __/ / /_/ / / /    _  /  / / / /_/ /     https://github.com/FairRootGroup/FairMQ
[159738:its-cluster-writer]:   /_/    \__,_/_/_/     /_/  /_/  \___\_\     LGPL-3.0  © 2012-2023 GSI
[159738:its-cluster-writer]: 
[159738:its-cluster-writer]: [17:54:40][STATE] Starting FairMQ state machine --> IDLE
[159738:its-cluster-writer]: [17:54:40][STATE] IDLE ---> INITIALIZING DEVICE
[159738:its-cluster-writer]: [17:54:40][INFO] 0: branch  ITSClusterComp set up
[159738:its-cluster-writer]: [17:54:40][INFO] 1: branch  ITSClusterPatt set up
[159738:its-cluster-writer]: [17:54:40][INFO] 2: branch  ITSClustersROF set up
[159738:its-cluster-writer]: [17:54:40][INFO] 3: branch  ITSClusterMCTruth set up
[159738:its-cluster-writer]: [17:54:40][INFO] 4: branch  ITSClustersMC2ROF set up
[159738:its-cluster-writer]: [17:54:40][STATE] INITIALIZING DEVICE ---> INITIALIZED
[159738:its-cluster-writer]: [17:54:40][STATE] INITIALIZED ---> BINDING
[159738:its-cluster-writer]: [17:54:40][STATE] BINDING ---> BOUND
[159738:its-cluster-writer]: [17:54:40][STATE] BOUND ---> CONNECTING
[159738:its-cluster-writer]: [17:54:40][STATE] CONNECTING ---> DEVICE READY
[159738:its-cluster-writer]: [17:54:40][STATE] DEVICE READY ---> INITIALIZING TASK
[159738:its-cluster-writer]: [17:54:40][STATE] INITIALIZING TASK ---> READY
[159738:its-cluster-writer]: [17:54:40][STATE] READY ---> RUNNING
[159738:its-cluster-writer]: [17:54:40][INFO] fair::mq::Device running...
[159738:its-cluster-writer]: [17:54:40][INFO] LHCPeriod is not available, using current month AUG
[159738:its-cluster-writer]: [17:54:40][INFO] Correctly handshaken websocket connection.
[159735:its-digit-reader]: [17:54:41][INFO] Loaded tree from itsdigits.root with 1 entries
[159735:its-digit-reader]: [17:54:41][STATE] INITIALIZING DEVICE ---> INITIALIZED
[159735:its-digit-reader]: [17:54:41][STATE] INITIALIZED ---> BINDING
[159735:its-digit-reader]: [17:54:41][STATE] BINDING ---> BOUND
[159735:its-digit-reader]: [17:54:41][STATE] BOUND ---> CONNECTING
[159735:its-digit-reader]: [17:54:41][STATE] CONNECTING ---> DEVICE READY
[159735:its-digit-reader]: [17:54:41][STATE] DEVICE READY ---> INITIALIZING TASK
[159735:its-digit-reader]: [17:54:41][STATE] INITIALIZING TASK ---> READY
[159735:its-digit-reader]: [17:54:41][STATE] READY ---> RUNNING
[159735:its-digit-reader]: [17:54:41][INFO] fair::mq::Device running...
[159735:its-digit-reader]: [17:54:41][INFO] LHCPeriod is not available, using current month AUG
[159735:its-digit-reader]: [17:54:41][INFO] ITSDigitReader pushes 293 ROFRecords, 122606 digits at entry 0
[159735:its-digit-reader]: [17:54:41][INFO] Sending end-of-stream message to channel from_its-digit-reader_to_internal-dpl-ccdb-backend
[159735:its-digit-reader]: [17:54:41][INFO] Sending end-of-stream message to channel from_its-digit-reader_to_its-clusterer
[159735:its-digit-reader]: [17:54:41][INFO] Sending end-of-stream message to channel from_its-digit-reader_to_internal-dpl-injected-dummy-sink
[159735:its-digit-reader]: [17:54:41][INFO] Correctly handshaken websocket connection.
[159736:internal-dpl-ccdb-backend]: Info in <TJAlienConnectionManager>: Opening connection to JCentral. Please wait
[159736:internal-dpl-ccdb-backend]: Info in <TJAlienConnectionManager>: Opening connection to 137.138.99.169
[159736:internal-dpl-ccdb-backend]: Info in <TJAlienConnectionManager>: Successfully connected to 137.138.99.169
[159736:internal-dpl-ccdb-backend]: Info in <TJAlienFile::Open>: Accessing file /alice/data/CCDB/CTP/Calib/OrbitReset/06/62200/b9f985c3-b4b0-11ec-8fd3-90ce809b24ee in SE <ALICE::CERN::EOS>
[159736:internal-dpl-ccdb-backend]: [17:54:42][INFO] ccdb reads http://alice-ccdb.cern.ch/CTP/Calib/OrbitReset/1546300800000/b9f985c3-b4b0-11ec-8fd3-90ce809b24ee for 1546300800000 (load to memory, agent_id: localhost.localdomain-1692719680-LoBmqi), 
[159736:internal-dpl-ccdb-backend]: Info in <TJAlienFile::Open>: Accessing file /alice/data/CCDB/ITS/Calib/ClusterDictionary/09/10449/c245a720-9fe3-11ec-975c-200114580202 in SE <ALICE::CERN::OCDB>
[159736:internal-dpl-ccdb-backend]: [17:54:42][INFO] ccdb reads http://alice-ccdb.cern.ch/ITS/Calib/ClusterDictionary/0/c245a720-9fe3-11ec-975c-200114580202 for 1546300800000 (load to memory, agent_id: localhost.localdomain-1692719680-LoBmqi), 
[159736:internal-dpl-ccdb-backend]: Info in <TJAlienFile::Open>: Accessing file /alice/data/CCDB/GLO/Config/GRPECS/03/07584/646e9be2-0210-11ed-8000-200114580202 in SE <ALICE::CERN::OCDB>
[159736:internal-dpl-ccdb-backend]: [17:54:42][INFO] ccdb reads http://alice-ccdb.cern.ch/GLO/Config/GRPECS/1546300800000/646e9be2-0210-11ed-8000-200114580202 for 1546300800000 (load to memory, agent_id: localhost.localdomain-1692719680-LoBmqi), 
[159736:internal-dpl-ccdb-backend]: Info in <TJAlienFile::Open>: Accessing file /alice/data/CCDB/ITS/Config/AlpideParam/02/10715/76f24ad5-e339-11ec-9e90-200114580204 in SE <ALICE::CERN::OCDB>
[159736:internal-dpl-ccdb-backend]: [17:54:43][INFO] ccdb reads http://alice-ccdb.cern.ch/ITS/Config/AlpideParam/1546300800000/76f24ad5-e339-11ec-9e90-200114580204 for 1546300800000 (load to memory, agent_id: localhost.localdomain-1692719680-LoBmqi), 
[159736:internal-dpl-ccdb-backend]: Info in <TJAlienFile::Open>: Accessing file /alice/data/CCDB/ITS/Config/ClustererParam/06/44918/b0c41285-f1ae-11ec-b9c0-2a010e0a0b16 in SE <ALICE::CERN::OCDB>
[159736:internal-dpl-ccdb-backend]: [17:54:43][INFO] ccdb reads http://alice-ccdb.cern.ch/ITS/Config/ClustererParam/1/b0c41285-f1ae-11ec-b9c0-2a010e0a0b16 for 1546300800000 (load to memory, agent_id: localhost.localdomain-1692719680-LoBmqi), 
[159736:internal-dpl-ccdb-backend]: Info in <TJAlienFile::Open>: Accessing file /alice/data/CCDB/GLO/Param/MatLUT/05/24630/d5a2a33e-dba4-11ec-9e90-2a010e0a0b16 in SE <ALICE::CERN::OCDB>
[159736:internal-dpl-ccdb-backend]: [17:54:43][INFO] ccdb reads http://alice-ccdb.cern.ch/GLO/Param/MatLUT/1546300800000/d5a2a33e-dba4-11ec-9e90-2a010e0a0b16 for 1546300800000 (load to memory, agent_id: localhost.localdomain-1692719680-LoBmqi), 
[159736:internal-dpl-ccdb-backend]: Info in <TJAlienFile::Open>: Accessing file /alice/data/CCDB/GLO/Config/GRPMagField/06/62924/01d633ab-efdf-11ec-841e-2a010e0a0b16 in SE <ALICE::CERN::OCDB>
[159736:internal-dpl-ccdb-backend]: [17:54:43][INFO] ccdb reads http://alice-ccdb.cern.ch/GLO/Config/GRPMagField/1546300800000/01d633ab-efdf-11ec-841e-2a010e0a0b16 for 1546300800000 (load to memory, agent_id: localhost.localdomain-1692719680-LoBmqi), 
[159736:internal-dpl-ccdb-backend]: Info in <TJAlienFile::Open>: Accessing file /alice/data/CCDB/GLO/Config/GeometryAligned/06/21224/787687c0-287a-11ed-8141-200114580202 in SE <ALICE::CERN::OCDB>
[159736:internal-dpl-ccdb-backend]: [17:54:43][INFO] ccdb reads http://alice-ccdb.cern.ch/GLO/Config/GeometryAligned/1546300800000/787687c0-287a-11ed-8141-200114580202 for 1546300800000 (load to memory, agent_id: localhost.localdomain-1692719680-LoBmqi), 
[159736:internal-dpl-ccdb-backend]: [17:54:43][INFO] Sending end-of-stream message to channel from_internal-dpl-ccdb-backend_to_its-clusterer
[159736:internal-dpl-ccdb-backend]: [17:54:43][INFO] Sending end-of-stream message to channel from_internal-dpl-ccdb-backend_to_its-tracker
[159736:internal-dpl-ccdb-backend]: [17:54:43][INFO] Sending end-of-stream message to channel from_internal-dpl-ccdb-backend_to_internal-dpl-injected-dummy-sink
[159737:its-clusterer]: [17:54:43][INFO] GRP ECS object updated
[159737:its-clusterer]: [17:54:43][INFO] Caching in 140121210141024 ptr to GLO/GRPECS/0 (0x370ac50)
[159737:its-clusterer]: [17:54:44][INFO] cluster dictionary updated
[159737:its-clusterer]: [17:54:44][INFO] Caching in 140121210113152 ptr to ITS/CLUSDICT/0 (0x573ead0)
[159737:its-clusterer]: [17:54:44][INFO] Alpide param updated
[159737:its-clusterer]: ITSAlpideParam.roFrameLengthInBC : 198		[ CCDB ]
[159737:its-clusterer]: ITSAlpideParam.roFrameLengthTrig : 6000		[ CCDB ]
[159737:its-clusterer]: ITSAlpideParam.strobeDelay : 99.8031		[ CCDB ]
[159737:its-clusterer]: ITSAlpideParam.strobeLengthCont : -1		[ CCDB ]
[159737:its-clusterer]: ITSAlpideParam.strobeLengthTrig : 100		[ CCDB ]
[159737:its-clusterer]: ITSAlpideParam.roFrameBiasInBC : 64		[ CCDB ]
[159737:its-clusterer]: [17:54:44][INFO] Caching in 140121210143296 ptr to ITS/ALPIDEPARAM/0 (0x7f7300b46fe0)
[159737:its-clusterer]: [17:54:44][INFO] Cluster param updated
[159737:its-clusterer]: ITSClustererParam.maxRowColDiffToMask : 1		[ CCDB ]
[159737:its-clusterer]: ITSClustererParam.maxBCDiffToMaskBias : 10		[ CCDB ]
[159737:its-clusterer]: ITSClustererParam.maxBCDiffToSquashBias : -10		[ CCDB ]
[159737:its-clusterer]: ITSClustererParam.maxSOTMUS : 8		[ CCDB ]
[159737:its-clusterer]: [17:54:44][INFO] Caching in 140121210145568 ptr to ITS/CLUSPARAM/0 (0x7f7300b46fb0)
[159737:its-clusterer]: [17:54:44][INFO] Clusterizer squashes overflow pixels separated by 188 BC and <= 1 in row/col seeking down to 0 neighbour ROFs
[159737:its-clusterer]: [17:54:44][INFO] Clusterizer masks overflow pixels separated by < 208 BC and <= 1 in row/col
[159737:its-clusterer]: [17:54:44][INFO] Inclusive clusterization timing (w/o disk IO): Cpu: 0 Real: 0 s in 1 slots
[159737:its-clusterer]: [17:54:44][INFO] Threads output merging timing                : Cpu: 0 Real: 0 s in 1 slots
[159737:its-clusterer]: [17:54:44][INFO] ITSClusterer pulled 122606 digits, in 293 RO frames
[159737:its-clusterer]: [17:54:44][INFO] ITSClusterer pulled 130665 labels 
[159737:its-clusterer]: [17:54:44][INFO] ITSClusterer pushed 41382 clusters, in 293 RO frames
[159737:its-clusterer]: [17:54:44][INFO] Clusterizer squashes overflow pixels separated by 188 BC and <= 1 in row/col seeking down to 0 neighbour ROFs
[159737:its-clusterer]: [17:54:44][INFO] Clusterizer masks overflow pixels separated by < 208 BC and <= 1 in row/col
[159737:its-clusterer]: [17:54:44][INFO] Inclusive clusterization timing (w/o disk IO): Cpu: 0.02 Real: 0.018687 s in 2 slots
[159737:its-clusterer]: [17:54:44][INFO] Threads output merging timing                : Cpu: 0 Real: 0 s in 1 slots
[159737:its-clusterer]: [17:54:44][INFO] Sending end-of-stream message to channel from_its-clusterer_to_its-cluster-writer
[159737:its-clusterer]: [17:54:44][INFO] Sending end-of-stream message to channel from_its-clusterer_to_its-tracker
[159738:its-cluster-writer]: [17:54:44][INFO] ITSClusterWriter pulled 41382 clusters, in 293 RO frames
[159738:its-cluster-writer]: [17:54:44][INFO] Sending end-of-stream message to channel from_its-cluster-writer_to_its-tracker
[159739:its-tracker]: [17:54:44][INFO] GRP MagField object updated
[159739:its-tracker]: [17:54:44][INFO] MagneticField::Print: MagneticFieldMap:
[159739:its-tracker]: [17:54:44][INFO] MagneticField::Print: Solenoid (-1*)5 kG, Dipole ON (-1) 
[159739:its-tracker]: [17:54:44][INFO] MagneticField::Print: Machine B fields for p-p  beam (7000 GeV): QGrad: 22.0002 Dipole: 37.8781
[159739:its-tracker]: [17:54:44][INFO] MagneticField::Print: Uses Sol30_Dip6_Hole  of /root/alice/sw/slc8_x86-64/O2/segment-local1/share/Common/maps/mfchebKGI_sym.root
[159739:its-tracker]: Info in <TGeoGlobalMagField::SetField>: Global magnetic field set to <MagneticFieldMap>
[159739:its-tracker]: Info in <TGeoGlobalMagField::Lock>: Global magnetic field <MagneticFieldMap> is now locked
[159739:its-tracker]: [17:54:44][INFO] Caching in 140427188716736 ptr to GLO/GRPMAGFIELD/0 (0x5926d40)
[159739:its-tracker]: [17:54:44][INFO] GRP ECS object updated
[159739:its-tracker]: [17:54:44][INFO] Caching in 140427188709728 ptr to GLO/GRPECS/0 (0x4441aa0)
[159739:its-tracker]: [17:54:44][INFO] material LUT updated
[159739:its-tracker]: [17:54:44][INFO] Loaded 440 params from $(O2_ROOT)/share/Common/maps/sol5k.txt
[159739:its-tracker]: [17:54:44][INFO] Caching in 140427192313584 ptr to GLO/MATLUT/0 (0x680b8f0)
[159739:its-tracker]: Info in <TGeoManager::CloseGeometry>: Geometry loaded from file...
[159739:its-tracker]: Info in <TGeoManager::SetTopVolume>: Top volume is cave. Master volume is cave
[159739:its-tracker]: Info in <TGeoNavigator::BuildCache>: --- Maximum geometry depth set to 100
[159739:its-tracker]: Info in <TGeoManager::Voxelize>: Voxelizing...
[159739:its-tracker]: Info in <TGeoManager::CountLevels>: max level = 13, max placements = 735
[159739:its-tracker]: Info in <TGeoManager::CloseGeometry>: 5346742 nodes/ 27442 volume UID's in FAIR geometry
[159739:its-tracker]: Info in <TGeoManager::CloseGeometry>: ----------------modeler ready----------------
[159739:its-tracker]: [17:54:45][INFO] aligned geometry updated
[159739:its-tracker]: [17:54:45][INFO] Caching in 140427188717984 ptr to GLO/GEOMALIGN/0 (0x68e9160)
[159739:its-tracker]: [17:54:45][INFO] cluster dictionary updated
[159739:its-tracker]: [17:54:45][INFO] Caching in 140427188681856 ptr to ITS/CLUSDICT/0 (0x5f463e0)
[159739:its-tracker]: [17:54:45][INFO] Alpide param updated
[159739:its-tracker]: ITSAlpideParam.roFrameLengthInBC : 198		[ CCDB ]
[159739:its-tracker]: ITSAlpideParam.roFrameLengthTrig : 6000		[ CCDB ]
[159739:its-tracker]: ITSAlpideParam.strobeDelay : 99.8031		[ CCDB ]
[159739:its-tracker]: ITSAlpideParam.strobeLengthCont : -1		[ CCDB ]
[159739:its-tracker]: ITSAlpideParam.strobeLengthTrig : 100		[ CCDB ]
[159739:its-tracker]: ITSAlpideParam.roFrameBiasInBC : 64		[ CCDB ]
[159739:its-tracker]: [17:54:45][INFO] Caching in 140427188712000 ptr to ITS/ALPIDEPARAM/0 (0x7fba3e72dfe0)
[159739:its-tracker]: [17:54:45][INFO] Loading ITS T2L matrices from TGeo
[159739:its-tracker]: [17:54:46][WARN] It is faster to use 2D rotation for T2G instead of full Transform3D matrices
[159739:its-tracker]: [17:54:46][INFO] Loading ITS T2G matrices from TGeo
[159739:its-tracker]: [17:54:46][INFO] Loading ITS T2G rotation 2D matrices
[159739:its-tracker]: [17:54:46][INFO] Setting seeding vertexer with 1 threads.
[159739:its-tracker]: [17:54:46][INFO] ITSTracker pulled 41382 clusters, 293 RO frames
[159739:its-tracker]: [17:54:46][INFO] 41382 MC label objects , in 20 MC events
[159739:its-tracker]: [17:54:46][INFO] ITSTracker RO: continuous=1
[159739:its-tracker]: [17:54:46][INFO] Loading ITS L2G matrices from TGeo
[159739:its-tracker]: [17:54:46][INFO]  - Vertexer initialisation completed in: 0.778335 ms
[159739:its-tracker]: [17:54:46][INFO]  - Vertexer tracklet finding completed in: 1.26794 ms
[159739:its-tracker]: [17:54:46][INFO]  - Vertexer adjacent tracklets validation completed in: 0.443691 ms
[159739:its-tracker]: [17:54:46][INFO]  - Vertexer vertex finding completed in: 0.922574 ms
[159739:its-tracker]: [17:54:46][INFO]  - Timeframe 0 vertexing completed in: 3.412539 ms, using 1 thread(s).
[159739:its-tracker]: [17:54:46][INFO]  - rejected 0/293 ROFs: random/mult.sel:0 (seed 624), vtx.sel:0
[159739:its-tracker]: [17:54:46][INFO]  - Vertex seeding total elapsed time: 3.412539 ms for 31 vertices found in 293 ROFs
[159739:its-tracker]: [17:54:46][INFO]  - Beam position computed for the TF: -0.0041740327, 0.0003819271
[159739:its-tracker]: [17:54:46][INFO]  - Timeframe initialisation completed in: 19.0036 ms
[159739:its-tracker]: [17:54:46][INFO]  - Tracklet finding completed in: 2.25528 ms
[159739:its-tracker]: [17:54:46][INFO] 	- Number of tracklets: 2379
[159739:its-tracker]: [17:54:46][INFO]  - Cell finding completed in: 2.18827 ms
[159739:its-tracker]: [17:54:46][INFO] 	- Number of Cells: 1849
[159739:its-tracker]: [17:54:46][INFO]  - Neighbour finding completed in: 1.28125 ms
[159739:its-tracker]: [17:54:46][INFO]  - Road finding completed in: 0.314458 ms
[159739:its-tracker]: [17:54:46][INFO] 	- Number of Roads: 383
[159739:its-tracker]: [17:54:46][INFO]  - Track finding completed in: 11.3236 ms
[159739:its-tracker]: [17:54:46][INFO] 	- Number of Tracks: 201
[159739:its-tracker]: [17:54:46][INFO]  - Extending tracks completed in: 0.000349 ms
[159739:its-tracker]: [17:54:46][INFO]  - Timeframe initialisation completed in: 0.027189 ms
[159739:its-tracker]: [17:54:46][INFO]  - Tracklet finding completed in: 0.913316 ms
[159739:its-tracker]: [17:54:46][INFO] 	- Number of tracklets: 1044
[159739:its-tracker]: [17:54:46][INFO]  - Cell finding completed in: 0.25086 ms
[159739:its-tracker]: [17:54:46][INFO] 	- Number of Cells: 640
[159739:its-tracker]: [17:54:46][INFO]  - Neighbour finding completed in: 0.086172 ms
[159739:its-tracker]: [17:54:46][INFO]  - Road finding completed in: 0.001971 ms
[159739:its-tracker]: [17:54:46][INFO] 	- Number of Roads: 43
[159739:its-tracker]: [17:54:46][INFO]  - Track finding completed in: 1.49488 ms
[159739:its-tracker]: [17:54:46][INFO] 	- Number of Tracks: 227
[159739:its-tracker]: [17:54:46][INFO]  - Extending tracks completed in: 0.000288 ms
[159739:its-tracker]: [17:54:46][INFO]  - Timeframe initialisation completed in: 0.012757 ms
[159739:its-tracker]: [17:54:46][INFO]  - Tracklet finding completed in: 0.66119 ms
[159739:its-tracker]: [17:54:46][INFO] 	- Number of tracklets: 1104
[159739:its-tracker]: [17:54:46][INFO]  - Cell finding completed in: 0.268636 ms
[159739:its-tracker]: [17:54:46][INFO] 	- Number of Cells: 691
[159739:its-tracker]: [17:54:46][INFO]  - Neighbour finding completed in: 0.099964 ms
[159739:its-tracker]: [17:54:46][INFO]  - Road finding completed in: 0.008351 ms
[159739:its-tracker]: [17:54:46][INFO] 	- Number of Roads: 392
[159739:its-tracker]: [17:54:46][INFO]  - Track finding completed in: 6.85894 ms
[159739:its-tracker]: [17:54:46][INFO] 	- Number of Tracks: 342
[159739:its-tracker]: [17:54:46][INFO]  - Extending tracks completed in: 0.000178 ms
[159739:its-tracker]: [17:54:46][INFO]  - Short primaries finding completed in: 0.000178 ms
[159739:its-tracker]: [17:54:46][INFO]  - Timeframe 0 processing completed in: 47.0517ms using 1 threads.
[159739:its-tracker]: [17:54:46][INFO] ITSTracker pushed 342 tracks and 31 vertices
[159739:its-tracker]: [17:54:46][INFO] ITSTracker pushed 342 track labels
[159739:its-tracker]: [17:54:46][INFO] ITSTracker pushed 480 vertex labels
[159739:its-tracker]: [17:54:46][INFO] ITS CA-Tracker total timing: Cpu: 1.920e+00 Real: 1.945e+00 s in 1 slots
[159739:its-tracker]: [17:54:46][INFO] Sending end-of-stream message to channel from_its-tracker_to_irframe-writer-its
[159739:its-tracker]: [17:54:46][INFO] Sending end-of-stream message to channel from_its-tracker_to_its-track-writer
[159741:its-track-writer]: [17:54:46][INFO] ITSTrackWriter pulled 342 tracks, in 293 RO frames
[INFO] Quitting
[INFO] QUIT_REQUESTED
[159738:its-cluster-writer]: [17:54:46][INFO] Received device shutdown request (signal 15).
[159738:its-cluster-writer]: [17:54:46][INFO] Waiting for graceful device shutdown. Hit Ctrl-C again to abort immediately.
[159739:its-tracker]: [17:54:46][INFO] Received device shutdown request (signal 15).
[159739:its-tracker]: [17:54:46][INFO] Waiting for graceful device shutdown. Hit Ctrl-C again to abort immediately.
[159742:internal-dpl-injected-dummy-sink]: [17:54:46][INFO] Received device shutdown request (signal 15).
[159736:internal-dpl-ccdb-backend]: [17:54:46][INFO] Received device shutdown request (signal 15).
[159736:internal-dpl-ccdb-backend]: [17:54:46][INFO] Waiting for graceful device shutdown. Hit Ctrl-C again to abort immediately.
[159738:its-cluster-writer]: [17:54:46][INFO] New state requested. No timeout set, quitting immediately as per --completion-policy
[159740:irframe-writer-its]: [17:54:46][INFO] Received device shutdown request (signal 15).
[159740:irframe-writer-its]: [17:54:46][INFO] Waiting for graceful device shutdown. Hit Ctrl-C again to abort immediately.
[159742:internal-dpl-injected-dummy-sink]: [17:54:46][INFO] Waiting for graceful device shutdown. Hit Ctrl-C again to abort immediately.
[159736:internal-dpl-ccdb-backend]: [17:54:46][INFO] New state requested. No timeout set, quitting immediately as per --completion-policy
[159736:internal-dpl-ccdb-backend]: [17:54:46][INFO] CCDB cache miss/hit ratio:
[159736:internal-dpl-ccdb-backend]: [17:54:46][INFO]   GLO/Config/GRPMagField: 1/0 (1024-1024 bytes)
[159736:internal-dpl-ccdb-backend]: [17:54:46][INFO]   GLO/Config/GeometryAligned: 1/0 (1847296-1847296 bytes)
[159736:internal-dpl-ccdb-backend]: [17:54:46][INFO]   ITS/Config/ClustererParam: 1/0 (2048-2048 bytes)
[159736:internal-dpl-ccdb-backend]: [17:54:46][INFO]   ITS/Config/AlpideParam: 1/0 (2048-2048 bytes)
[159736:internal-dpl-ccdb-backend]: [17:54:46][INFO]   GLO/Config/GRPECS: 1/0 (2048-2048 bytes)
[159736:internal-dpl-ccdb-backend]: [17:54:46][INFO]   GLO/Param/MatLUT: 1/0 (9225216-9225216 bytes)
[159736:internal-dpl-ccdb-backend]: [17:54:46][INFO]   ITS/Calib/ClusterDictionary: 1/0 (27648-27648 bytes)
[159736:internal-dpl-ccdb-backend]: [17:54:46][INFO]   CTP/Calib/OrbitReset: 1/1 (1024-1024 bytes)
[159736:internal-dpl-ccdb-backend]: [17:54:46][STATE] RUNNING ---> READY
[159736:internal-dpl-ccdb-backend]: [17:54:46][STATE] READY ---> RESETTING TASK
[159739:its-tracker]: [17:54:46][INFO] New state requested. No timeout set, quitting immediately as per --completion-policy
[159739:its-tracker]: [17:54:46][STATE] RUNNING ---> READY
[159736:internal-dpl-ccdb-backend]: [17:54:46][STATE] RESETTING TASK ---> DEVICE READY
[159740:irframe-writer-its]: [17:54:46][INFO] New state requested. No timeout set, quitting immediately as per --completion-policy
[159739:its-tracker]: [17:54:46][STATE] READY ---> RESETTING TASK
[159739:its-tracker]: [17:54:46][STATE] RESETTING TASK ---> DEVICE READY
[159736:internal-dpl-ccdb-backend]: [17:54:46][STATE] DEVICE READY ---> RESETTING DEVICE
[159739:its-tracker]: [17:54:46][STATE] DEVICE READY ---> RESETTING DEVICE
[159742:internal-dpl-injected-dummy-sink]: [17:54:46][INFO] New state requested. No timeout set, quitting immediately as per --completion-policy
[159742:internal-dpl-injected-dummy-sink]: [17:54:46][STATE] RUNNING ---> READY
[159742:internal-dpl-injected-dummy-sink]: [17:54:46][STATE] READY ---> RESETTING TASK
[159742:internal-dpl-injected-dummy-sink]: [17:54:46][STATE] RESETTING TASK ---> DEVICE READY
[159742:internal-dpl-injected-dummy-sink]: [17:54:46][STATE] DEVICE READY ---> RESETTING DEVICE
[159736:internal-dpl-ccdb-backend]: [17:54:46][STATE] RESETTING DEVICE ---> IDLE
[159736:internal-dpl-ccdb-backend]: [17:54:46][STATE] IDLE ---> EXITING
[159736:internal-dpl-ccdb-backend]: [17:54:46][STATE] Exiting FairMQ state machine
[159742:internal-dpl-injected-dummy-sink]: [17:54:46][STATE] RESETTING DEVICE ---> IDLE
[159742:internal-dpl-injected-dummy-sink]: [17:54:46][STATE] IDLE ---> EXITING
[159742:internal-dpl-injected-dummy-sink]: [17:54:46][STATE] Exiting FairMQ state machine
[159739:its-tracker]: [17:54:46][STATE] RESETTING DEVICE ---> IDLE
[159739:its-tracker]: [17:54:46][STATE] IDLE ---> EXITING
[159739:its-tracker]: [17:54:46][STATE] Exiting FairMQ state machine
[159734:internal-dpl-clock]: [17:54:46][INFO] Received device shutdown request (signal 15).
[159734:internal-dpl-clock]: [17:54:46][INFO] Waiting for graceful device shutdown. Hit Ctrl-C again to abort immediately.
[159735:its-digit-reader]: [17:54:46][INFO] Received device shutdown request (signal 15).
[159735:its-digit-reader]: [17:54:46][INFO] Waiting for graceful device shutdown. Hit Ctrl-C again to abort immediately.
[159737:its-clusterer]: [17:54:46][INFO] Received device shutdown request (signal 15).
[159737:its-clusterer]: [17:54:46][INFO] Waiting for graceful device shutdown. Hit Ctrl-C again to abort immediately.
[159737:its-clusterer]: [17:54:46][INFO] New state requested. No timeout set, quitting immediately as per --completion-policy
[159737:its-clusterer]: [17:54:46][STATE] RUNNING ---> READY
[159741:its-track-writer]: [17:54:46][INFO] Received device shutdown request (signal 15).
[159741:its-track-writer]: [17:54:46][INFO] Waiting for graceful device shutdown. Hit Ctrl-C again to abort immediately.
[159741:its-track-writer]: [17:54:46][INFO] New state requested. No timeout set, quitting immediately as per --completion-policy
[159734:internal-dpl-clock]: [17:54:46][INFO] New state requested. No timeout set, quitting immediately as per --completion-policy
[159734:internal-dpl-clock]: [17:54:46][STATE] RUNNING ---> READY
[159734:internal-dpl-clock]: [17:54:46][STATE] READY ---> RESETTING TASK
[159734:internal-dpl-clock]: [17:54:46][STATE] RESETTING TASK ---> DEVICE READY
[159734:internal-dpl-clock]: [17:54:46][STATE] DEVICE READY ---> RESETTING DEVICE
[159734:internal-dpl-clock]: [17:54:46][STATE] RESETTING DEVICE ---> IDLE
[159734:internal-dpl-clock]: [17:54:46][STATE] IDLE ---> EXITING
[159734:internal-dpl-clock]: [17:54:46][STATE] Exiting FairMQ state machine
[159735:its-digit-reader]: [17:54:46][INFO] New state requested. No timeout set, quitting immediately as per --completion-policy
[159735:its-digit-reader]: [17:54:46][STATE] RUNNING ---> READY
[159735:its-digit-reader]: [17:54:46][STATE] READY ---> RESETTING TASK
[159735:its-digit-reader]: [17:54:46][STATE] RESETTING TASK ---> DEVICE READY
[159735:its-digit-reader]: [17:54:46][STATE] DEVICE READY ---> RESETTING DEVICE
[159735:its-digit-reader]: [17:54:46][STATE] RESETTING DEVICE ---> IDLE
[159735:its-digit-reader]: [17:54:46][STATE] IDLE ---> EXITING
[159735:its-digit-reader]: [17:54:46][STATE] Exiting FairMQ state machine
[159737:its-clusterer]: [17:54:46][STATE] READY ---> RESETTING TASK
[159737:its-clusterer]: [17:54:46][STATE] RESETTING TASK ---> DEVICE READY
[159737:its-clusterer]: [17:54:46][STATE] DEVICE READY ---> RESETTING DEVICE
[159737:its-clusterer]: [17:54:46][STATE] RESETTING DEVICE ---> IDLE
[159737:its-clusterer]: [17:54:46][STATE] IDLE ---> EXITING
[159737:its-clusterer]: [17:54:46][STATE] Exiting FairMQ state machine
[159738:its-cluster-writer]: [17:54:46][STATE] RUNNING ---> READY
[159738:its-cluster-writer]: [17:54:46][STATE] READY ---> RESETTING TASK
[159738:its-cluster-writer]: [17:54:46][STATE] RESETTING TASK ---> DEVICE READY
[159738:its-cluster-writer]: [17:54:46][STATE] DEVICE READY ---> RESETTING DEVICE
[159738:its-cluster-writer]: [17:54:46][STATE] RESETTING DEVICE ---> IDLE
[159738:its-cluster-writer]: [17:54:46][STATE] IDLE ---> EXITING
[159741:its-track-writer]: [17:54:46][STATE] RUNNING ---> READY
[159741:its-track-writer]: [17:54:46][STATE] READY ---> RESETTING TASK
[159741:its-track-writer]: [17:54:46][STATE] RESETTING TASK ---> DEVICE READY
[159741:its-track-writer]: [17:54:46][STATE] DEVICE READY ---> RESETTING DEVICE
[159738:its-cluster-writer]: [17:54:46][STATE] Exiting FairMQ state machine
[159741:its-track-writer]: [17:54:46][STATE] RESETTING DEVICE ---> IDLE
[159741:its-track-writer]: [17:54:46][STATE] IDLE ---> EXITING
[159741:its-track-writer]: [17:54:46][STATE] Exiting FairMQ state machine
[159740:irframe-writer-its]: [17:54:46][STATE] RUNNING ---> READY
[159740:irframe-writer-its]: [17:54:46][STATE] READY ---> RESETTING TASK
[159740:irframe-writer-its]: [17:54:46][STATE] RESETTING TASK ---> DEVICE READY
[159740:irframe-writer-its]: [17:54:46][STATE] DEVICE READY ---> RESETTING DEVICE
[159740:irframe-writer-its]: [17:54:46][INFO] Cleaning up for shared memory id 'c15a527e'...
[159740:irframe-writer-its]: [17:54:46][INFO] Found 0 unmanaged regions...
[159740:irframe-writer-its]: [17:54:46][INFO] Found 1 managed segments...
[159740:irframe-writer-its]: [17:54:46][INFO] Successfully removed 'fmq_c15a527e_m_0'.
[159740:irframe-writer-its]: [17:54:46][INFO] Successfully removed 'fmq_c15a527e_mng'.
[159740:irframe-writer-its]: [17:54:46][STATE] RESETTING DEVICE ---> IDLE
[159740:irframe-writer-its]: [17:54:46][STATE] IDLE ---> EXITING
[159740:irframe-writer-its]: [17:54:46][STATE] Exiting FairMQ state machine
[INFO] ## Processes completed. Run summary:
[INFO] ### Devices started: 9
[INFO]  - Device internal-dpl-clock: pid 159734 (exit 0)
[INFO]  - Device its-digit-reader: pid 159735 (exit 0)
[INFO]  - Device internal-dpl-ccdb-backend: pid 159736 (exit 0)
[INFO]  - Device its-clusterer: pid 159737 (exit 0)
[INFO]  - Device its-cluster-writer: pid 159738 (exit 0)
[INFO]  - Device its-tracker: pid 159739 (exit 0)
[INFO]  - Device irframe-writer-its: pid 159740 (exit 0)
[INFO]  - Device its-track-writer: pid 159741 (exit 0)
[INFO]  - Device internal-dpl-injected-dummy-sink: pid 159742 (exit 0)
[INFO] Dumping used configuration in dpl-config.json
TASK-EXIT-CODE: 0
