Running: TIME="#walltime %e" /usr/bin/time --output=mchmidMatch.log_time ./mchmidMatch.log_tmp.sh
[INFO] Initialising O2 Data Processing Layer. Driver PID: 165126.
[INFO] Driver listening on port: 23206
[INFO] Rate limiting set up at 500MB distributed over 1 readers
[INFO] O2 Data Processing Layer initialised. We brake for nobody.
[INFO] Optimised build. O2DEBUG / LOG(debug) / LOGF(debug) / assert statement will not be shown.
[INFO] Redeployment of configuration asked.
[INFO] Starting internal-dpl-clock on pid 165166
[INFO] Starting mid-track-reader on pid 165167
[INFO] Starting mch-track-reader0 on pid 165168
[INFO] Starting muon-track-matcher on pid 165169
[INFO] Starting muon-track-writer on pid 165170
[INFO] Starting internal-dpl-injected-dummy-sink on pid 165171
[INFO] Redeployment of configuration done.
[165167:mid-track-reader]: [INFO] Instrumenting crash signals
[165167:mid-track-reader]: [INFO] Spawing new device mid-track-reader in process with pid 165167
[165167:mid-track-reader]: [17:56:32][INFO] 
[165167:mid-track-reader]:       ______      _    _______  _________ 
[165167:mid-track-reader]:      / ____/___ _(_)_______   |/  /_  __ \    version 1.6.0
[165167:mid-track-reader]:     / /_  / __ `/ / ___/__  /|_/ /_  / / /    build RELWITHDEBINFO
[165167:mid-track-reader]:    / __/ / /_/ / / /    _  /  / / / /_/ /     https://github.com/FairRootGroup/FairMQ
[165167:mid-track-reader]:   /_/    \__,_/_/_/     /_/  /_/  \___\_\     LGPL-3.0  © 2012-2023 GSI
[165167:mid-track-reader]: 
[165167:mid-track-reader]: [17:56:32][STATE] Starting FairMQ state machine --> IDLE
[165166:internal-dpl-clock]: [INFO] Instrumenting crash signals
[165166:internal-dpl-clock]: [INFO] Spawing new device internal-dpl-clock in process with pid 165166
[165166:internal-dpl-clock]: [17:56:32][INFO] 
[165166:internal-dpl-clock]:       ______      _    _______  _________ 
[165166:internal-dpl-clock]:      / ____/___ _(_)_______   |/  /_  __ \    version 1.6.0
[165166:internal-dpl-clock]:     / /_  / __ `/ / ___/__  /|_/ /_  / / /    build RELWITHDEBINFO
[165166:internal-dpl-clock]:    / __/ / /_/ / / /    _  /  / / / /_/ /     https://github.com/FairRootGroup/FairMQ
[165166:internal-dpl-clock]:   /_/    \__,_/_/_/     /_/  /_/  \___\_\     LGPL-3.0  © 2012-2023 GSI
[165166:internal-dpl-clock]: 
[165166:internal-dpl-clock]: [17:56:32][STATE] Starting FairMQ state machine --> IDLE
[165171:internal-dpl-injected-dummy-sink]: [INFO] Instrumenting crash signals
[165171:internal-dpl-injected-dummy-sink]: [INFO] Spawing new device internal-dpl-injected-dummy-sink in process with pid 165171
[165171:internal-dpl-injected-dummy-sink]: [17:56:32][INFO] 
[165171:internal-dpl-injected-dummy-sink]:       ______      _    _______  _________ 
[165171:internal-dpl-injected-dummy-sink]:      / ____/___ _(_)_______   |/  /_  __ \    version 1.6.0
[165171:internal-dpl-injected-dummy-sink]:     / /_  / __ `/ / ___/__  /|_/ /_  / / /    build RELWITHDEBINFO
[165171:internal-dpl-injected-dummy-sink]:    / __/ / /_/ / / /    _  /  / / / /_/ /     https://github.com/FairRootGroup/FairMQ
[165171:internal-dpl-injected-dummy-sink]:   /_/    \__,_/_/_/     /_/  /_/  \___\_\     LGPL-3.0  © 2012-2023 GSI
[165171:internal-dpl-injected-dummy-sink]: 
[165171:internal-dpl-injected-dummy-sink]: [17:56:32][STATE] Starting FairMQ state machine --> IDLE
[165166:internal-dpl-clock]: [17:56:32][STATE] IDLE ---> INITIALIZING DEVICE
[165171:internal-dpl-injected-dummy-sink]: [17:56:32][STATE] IDLE ---> INITIALIZING DEVICE
[165166:internal-dpl-clock]: [17:56:32][STATE] INITIALIZING DEVICE ---> INITIALIZED
[165166:internal-dpl-clock]: [17:56:32][STATE] INITIALIZED ---> BINDING
[165171:internal-dpl-injected-dummy-sink]: [17:56:32][STATE] INITIALIZING DEVICE ---> INITIALIZED
[165171:internal-dpl-injected-dummy-sink]: [17:56:32][STATE] INITIALIZED ---> BINDING
[165171:internal-dpl-injected-dummy-sink]: [17:56:32][STATE] BINDING ---> BOUND
[165166:internal-dpl-clock]: [17:56:32][STATE] BINDING ---> BOUND
[165166:internal-dpl-clock]: [17:56:32][STATE] BOUND ---> CONNECTING
[165166:internal-dpl-clock]: [17:56:32][STATE] CONNECTING ---> DEVICE READY
[165166:internal-dpl-clock]: [17:56:32][STATE] DEVICE READY ---> INITIALIZING TASK
[165171:internal-dpl-injected-dummy-sink]: [17:56:32][STATE] BOUND ---> CONNECTING
[165171:internal-dpl-injected-dummy-sink]: [17:56:32][STATE] CONNECTING ---> DEVICE READY
[165166:internal-dpl-clock]: [17:56:32][STATE] INITIALIZING TASK ---> READY
[165166:internal-dpl-clock]: [17:56:32][STATE] READY ---> RUNNING
[165166:internal-dpl-clock]: [17:56:32][INFO] fair::mq::Device running...
[165166:internal-dpl-clock]: [17:56:32][INFO] LHCPeriod is not available, using current month AUG
[165171:internal-dpl-injected-dummy-sink]: [17:56:32][STATE] DEVICE READY ---> INITIALIZING TASK
[165166:internal-dpl-clock]: [17:56:32][INFO] Correctly handshaken websocket connection.
[165171:internal-dpl-injected-dummy-sink]: [17:56:32][STATE] INITIALIZING TASK ---> READY
[165171:internal-dpl-injected-dummy-sink]: [17:56:32][STATE] READY ---> RUNNING
[165171:internal-dpl-injected-dummy-sink]: [17:56:32][INFO] fair::mq::Device running...
[165171:internal-dpl-injected-dummy-sink]: [17:56:32][INFO] LHCPeriod is not available, using current month AUG
[165171:internal-dpl-injected-dummy-sink]: [17:56:32][INFO] Correctly handshaken websocket connection.
[165167:mid-track-reader]: [17:56:32][STATE] IDLE ---> INITIALIZING DEVICE
[165168:mch-track-reader0]: [INFO] Instrumenting crash signals
[165168:mch-track-reader0]: [INFO] Spawing new device mch-track-reader0 in process with pid 165168
[165168:mch-track-reader0]: [17:56:32][INFO] 
[165168:mch-track-reader0]:       ______      _    _______  _________ 
[165168:mch-track-reader0]:      / ____/___ _(_)_______   |/  /_  __ \    version 1.6.0
[165168:mch-track-reader0]:     / /_  / __ `/ / ___/__  /|_/ /_  / / /    build RELWITHDEBINFO
[165168:mch-track-reader0]:    / __/ / /_/ / / /    _  /  / / / /_/ /     https://github.com/FairRootGroup/FairMQ
[165168:mch-track-reader0]:   /_/    \__,_/_/_/     /_/  /_/  \___\_\     LGPL-3.0  © 2012-2023 GSI
[165168:mch-track-reader0]: 
[165168:mch-track-reader0]: [17:56:32][STATE] Starting FairMQ state machine --> IDLE
[165168:mch-track-reader0]: [17:56:32][STATE] IDLE ---> INITIALIZING DEVICE
[165170:muon-track-writer]: [INFO] Instrumenting crash signals
[165170:muon-track-writer]: [INFO] Spawing new device muon-track-writer in process with pid 165170
[165170:muon-track-writer]: [17:56:32][INFO] 
[165170:muon-track-writer]:       ______      _    _______  _________ 
[165170:muon-track-writer]:      / ____/___ _(_)_______   |/  /_  __ \    version 1.6.0
[165170:muon-track-writer]:     / /_  / __ `/ / ___/__  /|_/ /_  / / /    build RELWITHDEBINFO
[165170:muon-track-writer]:    / __/ / /_/ / / /    _  /  / / / /_/ /     https://github.com/FairRootGroup/FairMQ
[165170:muon-track-writer]:   /_/    \__,_/_/_/     /_/  /_/  \___\_\     LGPL-3.0  © 2012-2023 GSI
[165170:muon-track-writer]: 
[165170:muon-track-writer]: [17:56:32][STATE] Starting FairMQ state machine --> IDLE
[165170:muon-track-writer]: [17:56:32][STATE] IDLE ---> INITIALIZING DEVICE
[165170:muon-track-writer]: [17:56:32][INFO] 0: branch  tracks set up
[165170:muon-track-writer]: [17:56:32][INFO] 1: branch  tracklabels set up
[165170:muon-track-writer]: [17:56:32][STATE] INITIALIZING DEVICE ---> INITIALIZED
[165170:muon-track-writer]: [17:56:32][STATE] INITIALIZED ---> BINDING
[165170:muon-track-writer]: [17:56:32][STATE] BINDING ---> BOUND
[165170:muon-track-writer]: [17:56:32][STATE] BOUND ---> CONNECTING
[165170:muon-track-writer]: [17:56:32][STATE] CONNECTING ---> DEVICE READY
[165170:muon-track-writer]: [17:56:32][STATE] DEVICE READY ---> INITIALIZING TASK
[165170:muon-track-writer]: [17:56:32][STATE] INITIALIZING TASK ---> READY
[165170:muon-track-writer]: [17:56:32][STATE] READY ---> RUNNING
[165170:muon-track-writer]: [17:56:32][INFO] fair::mq::Device running...
[165170:muon-track-writer]: [17:56:32][INFO] LHCPeriod is not available, using current month AUG
[165170:muon-track-writer]: [17:56:32][INFO] Correctly handshaken websocket connection.
[165169:muon-track-matcher]: [INFO] Instrumenting crash signals
[165169:muon-track-matcher]: [INFO] Spawing new device muon-track-matcher in process with pid 165169
[165169:muon-track-matcher]: [17:56:32][INFO] 
[165169:muon-track-matcher]:       ______      _    _______  _________ 
[165169:muon-track-matcher]:      / ____/___ _(_)_______   |/  /_  __ \    version 1.6.0
[165169:muon-track-matcher]:     / /_  / __ `/ / ___/__  /|_/ /_  / / /    build RELWITHDEBINFO
[165169:muon-track-matcher]:    / __/ / /_/ / / /    _  /  / / / /_/ /     https://github.com/FairRootGroup/FairMQ
[165169:muon-track-matcher]:   /_/    \__,_/_/_/     /_/  /_/  \___\_\     LGPL-3.0  © 2012-2023 GSI
[165169:muon-track-matcher]: 
[165169:muon-track-matcher]: [17:56:32][STATE] Starting FairMQ state machine --> IDLE
[165169:muon-track-matcher]: [17:56:32][STATE] IDLE ---> INITIALIZING DEVICE
[165169:muon-track-matcher]: [17:56:32][INFO] initializing track matching
[165169:muon-track-matcher]: [17:56:32][STATE] INITIALIZING DEVICE ---> INITIALIZED
[165169:muon-track-matcher]: [17:56:32][STATE] INITIALIZED ---> BINDING
[165169:muon-track-matcher]: [17:56:32][STATE] BINDING ---> BOUND
[165169:muon-track-matcher]: [17:56:32][STATE] BOUND ---> CONNECTING
[165169:muon-track-matcher]: [17:56:32][STATE] CONNECTING ---> DEVICE READY
[165169:muon-track-matcher]: [17:56:32][STATE] DEVICE READY ---> INITIALIZING TASK
[165169:muon-track-matcher]: [17:56:32][STATE] INITIALIZING TASK ---> READY
[165169:muon-track-matcher]: [17:56:32][STATE] READY ---> RUNNING
[165169:muon-track-matcher]: [17:56:32][INFO] fair::mq::Device running...
[165169:muon-track-matcher]: [17:56:32][INFO] LHCPeriod is not available, using current month AUG
[165169:muon-track-matcher]: [17:56:32][INFO] Correctly handshaken websocket connection.
[165167:mid-track-reader]: [17:56:32][INFO] branch set up: MIDTrack
[165167:mid-track-reader]: [17:56:32][INFO] branch set up: MIDTrackROF
[165167:mid-track-reader]: [17:56:32][INFO] branch set up: MIDTrackCluster
[165167:mid-track-reader]: [17:56:32][INFO] branch set up: MIDTrackClusterROF
[165167:mid-track-reader]: [17:56:32][INFO] branch set up: MIDTrackLabels
[165167:mid-track-reader]: [17:56:32][INFO] branch set up: MIDTrackClusterLabels
[165167:mid-track-reader]: [17:56:32][STATE] INITIALIZING DEVICE ---> INITIALIZED
[165167:mid-track-reader]: [17:56:32][STATE] INITIALIZED ---> BINDING
[165167:mid-track-reader]: [17:56:32][STATE] BINDING ---> BOUND
[165167:mid-track-reader]: [17:56:32][STATE] BOUND ---> CONNECTING
[165167:mid-track-reader]: [17:56:32][STATE] CONNECTING ---> DEVICE READY
[165167:mid-track-reader]: [17:56:32][STATE] DEVICE READY ---> INITIALIZING TASK
[165167:mid-track-reader]: [17:56:33][STATE] INITIALIZING TASK ---> READY
[165167:mid-track-reader]: [17:56:33][STATE] READY ---> RUNNING
[165167:mid-track-reader]: [17:56:33][INFO] fair::mq::Device running...
[165167:mid-track-reader]: [17:56:33][INFO] LHCPeriod is not available, using current month AUG
[165167:mid-track-reader]: [17:56:33][INFO] MID 2 TRACKS
[165167:mid-track-reader]: [17:56:33][INFO] MID 4 TRACKROFS
[165167:mid-track-reader]: [17:56:33][INFO] MID 10 TRACKCLUSTERS
[165167:mid-track-reader]: [17:56:33][INFO] MID 4 TRCLUSROFS
[165167:mid-track-reader]: [17:56:33][INFO] MID 2 TRACKLABELS
[165167:mid-track-reader]: [17:56:33][INFO] MID 12 TRCLUSLABELS
[165167:mid-track-reader]: [17:56:33][INFO] Correctly handshaken websocket connection.
[165167:mid-track-reader]: [17:56:33][INFO] Sending end-of-stream message to channel from_mid-track-reader_to_muon-track-matcher
[165167:mid-track-reader]: [17:56:33][INFO] Sending end-of-stream message to channel from_mid-track-reader_to_internal-dpl-injected-dummy-sink
[165168:mch-track-reader0]: [17:56:33][INFO] branch set up: trackrofs
[165168:mch-track-reader0]: [17:56:33][INFO] branch set up: tracks
[165168:mch-track-reader0]: [17:56:33][INFO] branch set up: trackclusters
[165168:mch-track-reader0]: [17:56:33][INFO] branch set up: tracklabels
[165168:mch-track-reader0]: [17:56:33][STATE] INITIALIZING DEVICE ---> INITIALIZED
[165168:mch-track-reader0]: [17:56:33][STATE] INITIALIZED ---> BINDING
[165168:mch-track-reader0]: [17:56:33][STATE] BINDING ---> BOUND
[165168:mch-track-reader0]: [17:56:33][STATE] BOUND ---> CONNECTING
[165168:mch-track-reader0]: [17:56:33][STATE] CONNECTING ---> DEVICE READY
[165168:mch-track-reader0]: [17:56:33][STATE] DEVICE READY ---> INITIALIZING TASK
[165168:mch-track-reader0]: [17:56:33][STATE] INITIALIZING TASK ---> READY
[165168:mch-track-reader0]: [17:56:33][STATE] READY ---> RUNNING
[165168:mch-track-reader0]: [17:56:33][INFO] fair::mq::Device running...
[165168:mch-track-reader0]: [17:56:33][INFO] LHCPeriod is not available, using current month AUG
[165168:mch-track-reader0]: [17:56:33][INFO] MCH 4 ROFS
[165168:mch-track-reader0]: [17:56:33][INFO] MCH 0 TRACKS
[165168:mch-track-reader0]: [17:56:33][INFO] MCH 0 CLUSTERS
[165168:mch-track-reader0]: [17:56:33][INFO] MCH 0 LABELS
[165168:mch-track-reader0]: [17:56:33][INFO] Correctly handshaken websocket connection.
[165168:mch-track-reader0]: [17:56:33][INFO] Sending end-of-stream message to channel from_mch-track-reader0_to_muon-track-matcher
[165168:mch-track-reader0]: [17:56:33][INFO] Sending end-of-stream message to channel from_mch-track-reader0_to_internal-dpl-injected-dummy-sink
[165169:muon-track-matcher]: [17:56:33][INFO] Sending end-of-stream message to channel from_muon-track-matcher_to_muon-track-writer
[165170:muon-track-writer]: [17:56:33][ERROR] Some Lifetime::Timeframe data got dropped starting at 1
[INFO] Quitting
[INFO] QUIT_REQUESTED
[165168:mch-track-reader0]: [17:56:33][INFO] Received device shutdown request (signal 15).
[165168:mch-track-reader0]: [17:56:33][INFO] Waiting for graceful device shutdown. Hit Ctrl-C again to abort immediately.
[165169:muon-track-matcher]: [17:56:33][INFO] Received device shutdown request (signal 15).
[165169:muon-track-matcher]: [17:56:33][INFO] Waiting for graceful device shutdown. Hit Ctrl-C again to abort immediately.
[165169:muon-track-matcher]: [17:56:33][INFO] New state requested. No timeout set, quitting immediately as per --completion-policy
[165168:mch-track-reader0]: [17:56:33][INFO] New state requested. No timeout set, quitting immediately as per --completion-policy
[165168:mch-track-reader0]: [17:56:33][STATE] RUNNING ---> READY
[165169:muon-track-matcher]: [17:56:33][INFO] track matching duration = 5.0803e-05 s
[165169:muon-track-matcher]: [17:56:33][STATE] RUNNING ---> READY
[165169:muon-track-matcher]: [17:56:33][STATE] READY ---> RESETTING TASK
[165169:muon-track-matcher]: [17:56:33][STATE] RESETTING TASK ---> DEVICE READY
[165169:muon-track-matcher]: [17:56:33][STATE] DEVICE READY ---> RESETTING DEVICE
[165168:mch-track-reader0]: [17:56:33][STATE] READY ---> RESETTING TASK
[165168:mch-track-reader0]: [17:56:33][STATE] RESETTING TASK ---> DEVICE READY
[165168:mch-track-reader0]: [17:56:33][STATE] DEVICE READY ---> RESETTING DEVICE
[165169:muon-track-matcher]: [17:56:33][STATE] RESETTING DEVICE ---> IDLE
[165169:muon-track-matcher]: [17:56:33][STATE] IDLE ---> EXITING
[165169:muon-track-matcher]: [17:56:33][STATE] Exiting FairMQ state machine
[165168:mch-track-reader0]: [17:56:33][STATE] RESETTING DEVICE ---> IDLE
[165168:mch-track-reader0]: [17:56:33][STATE] IDLE ---> EXITING
[165168:mch-track-reader0]: [17:56:33][STATE] Exiting FairMQ state machine
[165166:internal-dpl-clock]: [17:56:33][INFO] Received device shutdown request (signal 15).
[165166:internal-dpl-clock]: [17:56:33][INFO] Waiting for graceful device shutdown. Hit Ctrl-C again to abort immediately.
[165171:internal-dpl-injected-dummy-sink]: [17:56:33][INFO] Received device shutdown request (signal 15).
[165171:internal-dpl-injected-dummy-sink]: [17:56:33][INFO] Waiting for graceful device shutdown. Hit Ctrl-C again to abort immediately.
[165167:mid-track-reader]: [17:56:33][INFO] Received device shutdown request (signal 15).
[165167:mid-track-reader]: [17:56:33][INFO] Waiting for graceful device shutdown. Hit Ctrl-C again to abort immediately.
[165166:internal-dpl-clock]: [17:56:33][INFO] New state requested. No timeout set, quitting immediately as per --completion-policy
[165166:internal-dpl-clock]: [17:56:33][STATE] RUNNING ---> READY
[165166:internal-dpl-clock]: [17:56:33][STATE] READY ---> RESETTING TASK
[165166:internal-dpl-clock]: [17:56:33][STATE] RESETTING TASK ---> DEVICE READY
[165166:internal-dpl-clock]: [17:56:33][STATE] DEVICE READY ---> RESETTING DEVICE
[165170:muon-track-writer]: [17:56:33][INFO] Received device shutdown request (signal 15).
[165170:muon-track-writer]: [17:56:33][INFO] Waiting for graceful device shutdown. Hit Ctrl-C again to abort immediately.
[165166:internal-dpl-clock]: [17:56:33][STATE] RESETTING DEVICE ---> IDLE
[165167:mid-track-reader]: [17:56:33][INFO] New state requested. No timeout set, quitting immediately as per --completion-policy
[165167:mid-track-reader]: [17:56:33][STATE] RUNNING ---> READY
[165171:internal-dpl-injected-dummy-sink]: [17:56:33][INFO] New state requested. No timeout set, quitting immediately as per --completion-policy
[165171:internal-dpl-injected-dummy-sink]: [17:56:33][STATE] RUNNING ---> READY
[165166:internal-dpl-clock]: [17:56:33][STATE] IDLE ---> EXITING
[165166:internal-dpl-clock]: [17:56:33][STATE] Exiting FairMQ state machine
[165167:mid-track-reader]: [17:56:33][STATE] READY ---> RESETTING TASK
[165167:mid-track-reader]: [17:56:33][STATE] RESETTING TASK ---> DEVICE READY
[165167:mid-track-reader]: [17:56:33][STATE] DEVICE READY ---> RESETTING DEVICE
[165171:internal-dpl-injected-dummy-sink]: [17:56:33][STATE] READY ---> RESETTING TASK
[165171:internal-dpl-injected-dummy-sink]: [17:56:33][STATE] RESETTING TASK ---> DEVICE READY
[165171:internal-dpl-injected-dummy-sink]: [17:56:33][STATE] DEVICE READY ---> RESETTING DEVICE
[165170:muon-track-writer]: [17:56:33][INFO] New state requested. No timeout set, quitting immediately as per --completion-policy
[165171:internal-dpl-injected-dummy-sink]: [17:56:33][STATE] RESETTING DEVICE ---> IDLE
[165167:mid-track-reader]: [17:56:33][STATE] RESETTING DEVICE ---> IDLE
[165171:internal-dpl-injected-dummy-sink]: [17:56:33][STATE] IDLE ---> EXITING
[165167:mid-track-reader]: [17:56:33][STATE] IDLE ---> EXITING
[165167:mid-track-reader]: [17:56:33][STATE] Exiting FairMQ state machine
[165171:internal-dpl-injected-dummy-sink]: [17:56:33][STATE] Exiting FairMQ state machine
[165170:muon-track-writer]: [17:56:33][STATE] RUNNING ---> READY
[165170:muon-track-writer]: [17:56:33][STATE] READY ---> RESETTING TASK
[165170:muon-track-writer]: [17:56:33][STATE] RESETTING TASK ---> DEVICE READY
[165170:muon-track-writer]: [17:56:33][STATE] DEVICE READY ---> RESETTING DEVICE
[165170:muon-track-writer]: [17:56:33][INFO] Cleaning up for shared memory id '8149a716'...
[165170:muon-track-writer]: [17:56:33][INFO] Found 0 unmanaged regions...
[165170:muon-track-writer]: [17:56:33][INFO] Found 1 managed segments...
[165170:muon-track-writer]: [17:56:33][INFO] Successfully removed 'fmq_8149a716_m_0'.
[165170:muon-track-writer]: [17:56:33][INFO] Successfully removed 'fmq_8149a716_mng'.
[165170:muon-track-writer]: [17:56:33][STATE] RESETTING DEVICE ---> IDLE
[165170:muon-track-writer]: [17:56:33][STATE] IDLE ---> EXITING
[165170:muon-track-writer]: [17:56:33][STATE] Exiting FairMQ state machine
[INFO] ## Processes completed. Run summary:
[INFO] ### Devices started: 6
[INFO]  - Device internal-dpl-clock: pid 165166 (exit 0)
[INFO]  - Device mid-track-reader: pid 165167 (exit 0)
[INFO]  - Device mch-track-reader0: pid 165168 (exit 0)
[INFO]  - Device muon-track-matcher: pid 165169 (exit 0)
[INFO]  - Device muon-track-writer: pid 165170 (exit 0)
[INFO]  - Device internal-dpl-injected-dummy-sink: pid 165171 (exit 0)
[INFO] Dumping used configuration in dpl-config.json
TASK-EXIT-CODE: 0
