Running: TIME="#walltime %e" /usr/bin/time --output=mchreco.log_time ./mchreco.log_tmp.sh
[INFO] Initialising O2 Data Processing Layer. Driver PID: 160854.
[INFO] Driver listening on port: 18934
[INFO] Rate limiting set up at 500MB distributed over 1 readers
[INFO] O2 Data Processing Layer initialised. We brake for nobody.
[INFO] Optimised build. O2DEBUG / LOG(debug) / LOGF(debug) / assert statement will not be shown.
[INFO] Redeployment of configuration asked.
[INFO] Starting internal-dpl-clock on pid 160893
[INFO] Starting mch-digit-reader on pid 160894
[INFO] Starting internal-dpl-ccdb-backend on pid 160895
[INFO] Starting mch-digit-filtering on pid 160896
[INFO] Starting mch-time-cluster-finder on pid 160897
[INFO] Starting mch-precluster-finder on pid 160898
[INFO] Starting mch-cluster-finder on pid 160899
[INFO] Starting mch-cluster-transformer on pid 160900
[INFO] Starting mch-track-finder on pid 160901
[INFO] Starting mch-error-merger on pid 160902
[INFO] Starting mch-track-mc-label-finder on pid 160903
[INFO] Starting mch-error-writer on pid 160904
[INFO] Starting mch-track-writer on pid 160905
[INFO] Starting internal-dpl-injected-dummy-sink on pid 160906
[INFO] Redeployment of configuration done.
[160896:mch-digit-filtering]: [INFO] Instrumenting crash signals
[160896:mch-digit-filtering]: [INFO] Spawing new device mch-digit-filtering in process with pid 160896
[160896:mch-digit-filtering]: [17:55:31][INFO] 
[160896:mch-digit-filtering]:       ______      _    _______  _________ 
[160896:mch-digit-filtering]:      / ____/___ _(_)_______   |/  /_  __ \    version 1.6.0
[160896:mch-digit-filtering]:     / /_  / __ `/ / ___/__  /|_/ /_  / / /    build RELWITHDEBINFO
[160896:mch-digit-filtering]:    / __/ / /_/ / / /    _  /  / / / /_/ /     https://github.com/FairRootGroup/FairMQ
[160896:mch-digit-filtering]:   /_/    \__,_/_/_/     /_/  /_/  \___\_\     LGPL-3.0  © 2012-2023 GSI
[160896:mch-digit-filtering]: 
[160896:mch-digit-filtering]: [17:55:31][STATE] Starting FairMQ state machine --> IDLE
[160893:internal-dpl-clock]: [INFO] Instrumenting crash signals
[160893:internal-dpl-clock]: [INFO] Spawing new device internal-dpl-clock in process with pid 160893
[160896:mch-digit-filtering]: [17:55:31][STATE] IDLE ---> INITIALIZING DEVICE
[160900:mch-cluster-transformer]: [INFO] Instrumenting crash signals
[160896:mch-digit-filtering]: [17:55:31][STATE] INITIALIZING DEVICE ---> INITIALIZED
[160900:mch-cluster-transformer]: [INFO] Spawing new device mch-cluster-transformer in process with pid 160900
[160900:mch-cluster-transformer]: [17:55:31][INFO] 
[160900:mch-cluster-transformer]:       ______      _    _______  _________ 
[160900:mch-cluster-transformer]:      / ____/___ _(_)_______   |/  /_  __ \    version 1.6.0
[160900:mch-cluster-transformer]:     / /_  / __ `/ / ___/__  /|_/ /_  / / /    build RELWITHDEBINFO
[160900:mch-cluster-transformer]:    / __/ / /_/ / / /    _  /  / / / /_/ /     https://github.com/FairRootGroup/FairMQ
[160900:mch-cluster-transformer]:   /_/    \__,_/_/_/     /_/  /_/  \___\_\     LGPL-3.0  © 2012-2023 GSI
[160900:mch-cluster-transformer]: 
[160900:mch-cluster-transformer]: [17:55:31][STATE] Starting FairMQ state machine --> IDLE
[160894:mch-digit-reader]: [INFO] Instrumenting crash signals
[160894:mch-digit-reader]: [INFO] Spawing new device mch-digit-reader in process with pid 160894
[160894:mch-digit-reader]: [17:55:31][INFO] 
[160894:mch-digit-reader]:       ______      _    _______  _________ 
[160894:mch-digit-reader]:      / ____/___ _(_)_______   |/  /_  __ \    version 1.6.0
[160894:mch-digit-reader]:     / /_  / __ `/ / ___/__  /|_/ /_  / / /    build RELWITHDEBINFO
[160894:mch-digit-reader]:    / __/ / /_/ / / /    _  /  / / / /_/ /     https://github.com/FairRootGroup/FairMQ
[160894:mch-digit-reader]:   /_/    \__,_/_/_/     /_/  /_/  \___\_\     LGPL-3.0  © 2012-2023 GSI
[160894:mch-digit-reader]: 
[160894:mch-digit-reader]: [17:55:31][STATE] Starting FairMQ state machine --> IDLE
[160896:mch-digit-filtering]: [17:55:31][STATE] INITIALIZED ---> BINDING
[160896:mch-digit-filtering]: [17:55:31][STATE] BINDING ---> BOUND
[160898:mch-precluster-finder]: [INFO] Instrumenting crash signals
[160896:mch-digit-filtering]: [17:55:31][STATE] BOUND ---> CONNECTING
[160896:mch-digit-filtering]: [17:55:31][STATE] CONNECTING ---> DEVICE READY
[160902:mch-error-merger]: [INFO] Instrumenting crash signals
[160897:mch-time-cluster-finder]: [INFO] Instrumenting crash signals
[160897:mch-time-cluster-finder]: [INFO] Spawing new device mch-time-cluster-finder in process with pid 160897
[160897:mch-time-cluster-finder]: [17:55:31][INFO] 
[160897:mch-time-cluster-finder]:       ______      _    _______  _________ 
[160897:mch-time-cluster-finder]:      / ____/___ _(_)_______   |/  /_  __ \    version 1.6.0
[160897:mch-time-cluster-finder]:     / /_  / __ `/ / ___/__  /|_/ /_  / / /    build RELWITHDEBINFO
[160897:mch-time-cluster-finder]:    / __/ / /_/ / / /    _  /  / / / /_/ /     https://github.com/FairRootGroup/FairMQ
[160897:mch-time-cluster-finder]:   /_/    \__,_/_/_/     /_/  /_/  \___\_\     LGPL-3.0  © 2012-2023 GSI
[160897:mch-time-cluster-finder]: 
[160897:mch-time-cluster-finder]: [17:55:31][STATE] Starting FairMQ state machine --> IDLE
[160899:mch-cluster-finder]: [INFO] Instrumenting crash signals
[160900:mch-cluster-transformer]: [17:55:31][STATE] IDLE ---> INITIALIZING DEVICE
[160900:mch-cluster-transformer]: [17:55:31][STATE] INITIALIZING DEVICE ---> INITIALIZED
[160900:mch-cluster-transformer]: [17:55:31][STATE] INITIALIZED ---> BINDING
[160901:mch-track-finder]: [INFO] Instrumenting crash signals
[160901:mch-track-finder]: [INFO] Spawing new device mch-track-finder in process with pid 160901
[160901:mch-track-finder]: [17:55:31][INFO] 
[160901:mch-track-finder]:       ______      _    _______  _________ 
[160901:mch-track-finder]:      / ____/___ _(_)_______   |/  /_  __ \    version 1.6.0
[160901:mch-track-finder]:     / /_  / __ `/ / ___/__  /|_/ /_  / / /    build RELWITHDEBINFO
[160901:mch-track-finder]:    / __/ / /_/ / / /    _  /  / / / /_/ /     https://github.com/FairRootGroup/FairMQ
[160901:mch-track-finder]:   /_/    \__,_/_/_/     /_/  /_/  \___\_\     LGPL-3.0  © 2012-2023 GSI
[160901:mch-track-finder]: 
[160901:mch-track-finder]: [17:55:31][STATE] Starting FairMQ state machine --> IDLE
[160896:mch-digit-filtering]: [17:55:31][STATE] DEVICE READY ---> INITIALIZING TASK
[160900:mch-cluster-transformer]: [17:55:31][STATE] BINDING ---> BOUND
[160900:mch-cluster-transformer]: [17:55:31][STATE] BOUND ---> CONNECTING
[160900:mch-cluster-transformer]: [17:55:31][STATE] CONNECTING ---> DEVICE READY
[160900:mch-cluster-transformer]: [17:55:31][STATE] DEVICE READY ---> INITIALIZING TASK
[160901:mch-track-finder]: [17:55:31][STATE] IDLE ---> INITIALIZING DEVICE
[160901:mch-track-finder]: [17:55:31][INFO] initializing track finder
[160901:mch-track-finder]: [17:55:31][STATE] INITIALIZING DEVICE ---> INITIALIZED
[160901:mch-track-finder]: [17:55:31][STATE] INITIALIZED ---> BINDING
[160898:mch-precluster-finder]: [INFO] Spawing new device mch-precluster-finder in process with pid 160898
[160901:mch-track-finder]: [17:55:31][STATE] BINDING ---> BOUND
[160901:mch-track-finder]: [17:55:31][STATE] BOUND ---> CONNECTING
[160901:mch-track-finder]: [17:55:31][STATE] CONNECTING ---> DEVICE READY
[160901:mch-track-finder]: [17:55:31][STATE] DEVICE READY ---> INITIALIZING TASK
[160898:mch-precluster-finder]: [17:55:31][INFO] 
[160898:mch-precluster-finder]:       ______      _    _______  _________ 
[160898:mch-precluster-finder]:      / ____/___ _(_)_______   |/  /_  __ \    version 1.6.0
[160898:mch-precluster-finder]:     / /_  / __ `/ / ___/__  /|_/ /_  / / /    build RELWITHDEBINFO
[160898:mch-precluster-finder]:    / __/ / /_/ / / /    _  /  / / / /_/ /     https://github.com/FairRootGroup/FairMQ
[160898:mch-precluster-finder]:   /_/    \__,_/_/_/     /_/  /_/  \___\_\     LGPL-3.0  © 2012-2023 GSI
[160898:mch-precluster-finder]: 
[160898:mch-precluster-finder]: [17:55:31][STATE] Starting FairMQ state machine --> IDLE
[160896:mch-digit-filtering]: [17:55:31][STATE] INITIALIZING TASK ---> READY
[160896:mch-digit-filtering]: [17:55:31][STATE] READY ---> RUNNING
[160896:mch-digit-filtering]: [17:55:31][INFO] fair::mq::Device running...
[160896:mch-digit-filtering]: [17:55:31][INFO] LHCPeriod is not available, using current month AUG
[160896:mch-digit-filtering]: [17:55:31][INFO] Correctly handshaken websocket connection.
[160898:mch-precluster-finder]: [17:55:31][STATE] IDLE ---> INITIALIZING DEVICE
[160900:mch-cluster-transformer]: [17:55:31][STATE] INITIALIZING TASK ---> READY
[160900:mch-cluster-transformer]: [17:55:31][STATE] READY ---> RUNNING
[160900:mch-cluster-transformer]: [17:55:31][INFO] fair::mq::Device running...
[160900:mch-cluster-transformer]: [17:55:31][INFO] LHCPeriod is not available, using current month AUG
[160897:mch-time-cluster-finder]: [17:55:31][STATE] IDLE ---> INITIALIZING DEVICE
[160900:mch-cluster-transformer]: [17:55:31][INFO] Correctly handshaken websocket connection.
[160893:internal-dpl-clock]: [17:55:31][INFO] 
[160893:internal-dpl-clock]:       ______      _    _______  _________ 
[160893:internal-dpl-clock]:      / ____/___ _(_)_______   |/  /_  __ \    version 1.6.0
[160893:internal-dpl-clock]:     / /_  / __ `/ / ___/__  /|_/ /_  / / /    build RELWITHDEBINFO
[160893:internal-dpl-clock]:    / __/ / /_/ / / /    _  /  / / / /_/ /     https://github.com/FairRootGroup/FairMQ
[160893:internal-dpl-clock]:   /_/    \__,_/_/_/     /_/  /_/  \___\_\     LGPL-3.0  © 2012-2023 GSI
[160893:internal-dpl-clock]: 
[160893:internal-dpl-clock]: [17:55:31][STATE] Starting FairMQ state machine --> IDLE
[160897:mch-time-cluster-finder]: [17:55:31][INFO] TimeClusterWidth      : 40
[160897:mch-time-cluster-finder]: [17:55:31][INFO] BinsInOneWindow       : 5 
[160897:mch-time-cluster-finder]: [17:55:31][INFO] MinDigitPerROF        : 0
[160897:mch-time-cluster-finder]: [17:55:31][INFO] OnlyTrackable         : true
[160897:mch-time-cluster-finder]: [17:55:31][INFO] PeakSearchSignalOnly  : true
[160897:mch-time-cluster-finder]: [17:55:31][INFO] IRFramesOnly          : false
[160897:mch-time-cluster-finder]: [17:55:31][INFO] ROFRejectionFraction  : 0
[160897:mch-time-cluster-finder]: [17:55:31][STATE] INITIALIZING DEVICE ---> INITIALIZED
[160897:mch-time-cluster-finder]: [17:55:31][STATE] INITIALIZED ---> BINDING
[160897:mch-time-cluster-finder]: [17:55:31][STATE] BINDING ---> BOUND
[160897:mch-time-cluster-finder]: [17:55:31][STATE] BOUND ---> CONNECTING
[160897:mch-time-cluster-finder]: [17:55:31][STATE] CONNECTING ---> DEVICE READY
[160897:mch-time-cluster-finder]: [17:55:31][STATE] DEVICE READY ---> INITIALIZING TASK
[160893:internal-dpl-clock]: [17:55:31][STATE] IDLE ---> INITIALIZING DEVICE
[160902:mch-error-merger]: [INFO] Spawing new device mch-error-merger in process with pid 160902
[160902:mch-error-merger]: [17:55:31][INFO] 
[160902:mch-error-merger]:       ______      _    _______  _________ 
[160902:mch-error-merger]:      / ____/___ _(_)_______   |/  /_  __ \    version 1.6.0
[160902:mch-error-merger]:     / /_  / __ `/ / ___/__  /|_/ /_  / / /    build RELWITHDEBINFO
[160902:mch-error-merger]:    / __/ / /_/ / / /    _  /  / / / /_/ /     https://github.com/FairRootGroup/FairMQ
[160902:mch-error-merger]:   /_/    \__,_/_/_/     /_/  /_/  \___\_\     LGPL-3.0  © 2012-2023 GSI
[160902:mch-error-merger]: 
[160902:mch-error-merger]: [17:55:31][STATE] Starting FairMQ state machine --> IDLE
[160899:mch-cluster-finder]: [INFO] Spawing new device mch-cluster-finder in process with pid 160899
[160899:mch-cluster-finder]: [17:55:31][INFO] 
[160899:mch-cluster-finder]:       ______      _    _______  _________ 
[160899:mch-cluster-finder]:      / ____/___ _(_)_______   |/  /_  __ \    version 1.6.0
[160899:mch-cluster-finder]:     / /_  / __ `/ / ___/__  /|_/ /_  / / /    build RELWITHDEBINFO
[160899:mch-cluster-finder]:    / __/ / /_/ / / /    _  /  / / / /_/ /     https://github.com/FairRootGroup/FairMQ
[160899:mch-cluster-finder]:   /_/    \__,_/_/_/     /_/  /_/  \___\_\     LGPL-3.0  © 2012-2023 GSI
[160899:mch-cluster-finder]: 
[160899:mch-cluster-finder]: [17:55:31][STATE] Starting FairMQ state machine --> IDLE
[160901:mch-track-finder]: [17:55:31][STATE] INITIALIZING TASK ---> READY
[160901:mch-track-finder]: [17:55:31][STATE] READY ---> RUNNING
[160901:mch-track-finder]: [17:55:31][INFO] fair::mq::Device running...
[160901:mch-track-finder]: [17:55:31][INFO] LHCPeriod is not available, using current month AUG
[160901:mch-track-finder]: [17:55:31][INFO] Correctly handshaken websocket connection.
[160897:mch-time-cluster-finder]: [17:55:31][STATE] INITIALIZING TASK ---> READY
[160899:mch-cluster-finder]: [17:55:31][STATE] IDLE ---> INITIALIZING DEVICE
[160897:mch-time-cluster-finder]: [17:55:31][STATE] READY ---> RUNNING
[160897:mch-time-cluster-finder]: [17:55:31][INFO] fair::mq::Device running...
[160897:mch-time-cluster-finder]: [17:55:31][INFO] LHCPeriod is not available, using current month AUG
[160897:mch-time-cluster-finder]: [17:55:31][INFO] Correctly handshaken websocket connection.
[160893:internal-dpl-clock]: [17:55:31][STATE] INITIALIZING DEVICE ---> INITIALIZED
[160894:mch-digit-reader]: [17:55:31][STATE] IDLE ---> INITIALIZING DEVICE
[160898:mch-precluster-finder]: [17:55:31][INFO] initializing preclusterizer
[160902:mch-error-merger]: [17:55:31][STATE] IDLE ---> INITIALIZING DEVICE
[160899:mch-cluster-finder]: [17:55:32][INFO] initializing cluster finder
[160893:internal-dpl-clock]: [17:55:32][STATE] INITIALIZED ---> BINDING
[160893:internal-dpl-clock]: [17:55:32][STATE] BINDING ---> BOUND
[160902:mch-error-merger]: [17:55:32][STATE] INITIALIZING DEVICE ---> INITIALIZED
[160902:mch-error-merger]: [17:55:32][STATE] INITIALIZED ---> BINDING
[160902:mch-error-merger]: [17:55:32][STATE] BINDING ---> BOUND
[160893:internal-dpl-clock]: [17:55:32][STATE] BOUND ---> CONNECTING
[160893:internal-dpl-clock]: [17:55:32][STATE] CONNECTING ---> DEVICE READY
[160902:mch-error-merger]: [17:55:32][STATE] BOUND ---> CONNECTING
[160902:mch-error-merger]: [17:55:32][STATE] CONNECTING ---> DEVICE READY
[160893:internal-dpl-clock]: [17:55:32][STATE] DEVICE READY ---> INITIALIZING TASK
[160893:internal-dpl-clock]: [17:55:32][STATE] INITIALIZING TASK ---> READY
[160902:mch-error-merger]: [17:55:32][STATE] DEVICE READY ---> INITIALIZING TASK
[160893:internal-dpl-clock]: [17:55:32][STATE] READY ---> RUNNING
[160893:internal-dpl-clock]: [17:55:32][INFO] fair::mq::Device running...
[160893:internal-dpl-clock]: [17:55:32][INFO] LHCPeriod is not available, using current month AUG
[160893:internal-dpl-clock]: [17:55:32][INFO] Correctly handshaken websocket connection.
[160895:internal-dpl-ccdb-backend]: [INFO] Instrumenting crash signals
[160895:internal-dpl-ccdb-backend]: [INFO] Spawing new device internal-dpl-ccdb-backend in process with pid 160895
[160895:internal-dpl-ccdb-backend]: [17:55:32][INFO] 
[160895:internal-dpl-ccdb-backend]:       ______      _    _______  _________ 
[160895:internal-dpl-ccdb-backend]:      / ____/___ _(_)_______   |/  /_  __ \    version 1.6.0
[160895:internal-dpl-ccdb-backend]:     / /_  / __ `/ / ___/__  /|_/ /_  / / /    build RELWITHDEBINFO
[160895:internal-dpl-ccdb-backend]:    / __/ / /_/ / / /    _  /  / / / /_/ /     https://github.com/FairRootGroup/FairMQ
[160895:internal-dpl-ccdb-backend]:   /_/    \__,_/_/_/     /_/  /_/  \___\_\     LGPL-3.0  © 2012-2023 GSI
[160895:internal-dpl-ccdb-backend]: 
[160895:internal-dpl-ccdb-backend]: [17:55:32][STATE] Starting FairMQ state machine --> IDLE
[160895:internal-dpl-ccdb-backend]: [17:55:32][STATE] IDLE ---> INITIALIZING DEVICE
[160895:internal-dpl-ccdb-backend]: [17:55:32][INFO] CCDB Backend at: http://alice-ccdb.cern.ch, validity check for every 2147483647 TF
[160895:internal-dpl-ccdb-backend]: [17:55:32][INFO] Init CcdApi with UserAgentID: localhost.localdomain-1692719732-vXPzr7, Host: http://alice-ccdb.cern.ch
[160895:internal-dpl-ccdb-backend]: [17:55:32][INFO] Initialised default CCDB host http://alice-ccdb.cern.ch
[160895:internal-dpl-ccdb-backend]: [17:55:32][INFO] The following route is a condition GLO/GEOMALIGN/0
[160895:internal-dpl-ccdb-backend]: [17:55:32][INFO] - ccdb-path: GLO/Config/GeometryAligned
[160895:internal-dpl-ccdb-backend]: [17:55:32][INFO] The following route is a condition GLO/GRPMAGFIELD/0
[160895:internal-dpl-ccdb-backend]: [17:55:32][INFO] - ccdb-path: GLO/Config/GRPMagField
[160895:internal-dpl-ccdb-backend]: [17:55:32][STATE] INITIALIZING DEVICE ---> INITIALIZED
[160895:internal-dpl-ccdb-backend]: [17:55:32][STATE] INITIALIZED ---> BINDING
[160895:internal-dpl-ccdb-backend]: [17:55:32][STATE] BINDING ---> BOUND
[160895:internal-dpl-ccdb-backend]: [17:55:32][STATE] BOUND ---> CONNECTING
[160895:internal-dpl-ccdb-backend]: [17:55:32][STATE] CONNECTING ---> DEVICE READY
[160895:internal-dpl-ccdb-backend]: [17:55:32][STATE] DEVICE READY ---> INITIALIZING TASK
[160902:mch-error-merger]: [17:55:32][STATE] INITIALIZING TASK ---> READY
[160902:mch-error-merger]: [17:55:32][STATE] READY ---> RUNNING
[160902:mch-error-merger]: [17:55:32][INFO] fair::mq::Device running...
[160902:mch-error-merger]: [17:55:32][INFO] LHCPeriod is not available, using current month AUG
[160895:internal-dpl-ccdb-backend]: [17:55:32][STATE] INITIALIZING TASK ---> READY
[160895:internal-dpl-ccdb-backend]: [17:55:32][STATE] READY ---> RUNNING
[160895:internal-dpl-ccdb-backend]: [17:55:32][INFO] fair::mq::Device running...
[160895:internal-dpl-ccdb-backend]: [17:55:32][INFO] LHCPeriod is not available, using current month AUG
[160902:mch-error-merger]: [17:55:32][INFO] Correctly handshaken websocket connection.
[160895:internal-dpl-ccdb-backend]: [17:55:32][INFO] Correctly handshaken websocket connection.
[160903:mch-track-mc-label-finder]: [INFO] Instrumenting crash signals
[160903:mch-track-mc-label-finder]: [INFO] Spawing new device mch-track-mc-label-finder in process with pid 160903
[160905:mch-track-writer]: [INFO] Instrumenting crash signals
[160903:mch-track-mc-label-finder]: [17:55:32][INFO] 
[160903:mch-track-mc-label-finder]:       ______      _    _______  _________ 
[160903:mch-track-mc-label-finder]:      / ____/___ _(_)_______   |/  /_  __ \    version 1.6.0
[160903:mch-track-mc-label-finder]:     / /_  / __ `/ / ___/__  /|_/ /_  / / /    build RELWITHDEBINFO
[160903:mch-track-mc-label-finder]:    / __/ / /_/ / / /    _  /  / / / /_/ /     https://github.com/FairRootGroup/FairMQ
[160903:mch-track-mc-label-finder]:   /_/    \__,_/_/_/     /_/  /_/  \___\_\     LGPL-3.0  © 2012-2023 GSI
[160903:mch-track-mc-label-finder]: 
[160903:mch-track-mc-label-finder]: [17:55:32][STATE] Starting FairMQ state machine --> IDLE
[160906:internal-dpl-injected-dummy-sink]: [INFO] Instrumenting crash signals
[160903:mch-track-mc-label-finder]: [17:55:32][STATE] IDLE ---> INITIALIZING DEVICE
[160903:mch-track-mc-label-finder]: [17:55:32][INFO] initializing track MC label finder
[160904:mch-error-writer]: [INFO] Instrumenting crash signals
[160904:mch-error-writer]: [INFO] Spawing new device mch-error-writer in process with pid 160904
[160904:mch-error-writer]: [17:55:32][INFO] 
[160904:mch-error-writer]:       ______      _    _______  _________ 
[160904:mch-error-writer]:      / ____/___ _(_)_______   |/  /_  __ \    version 1.6.0
[160904:mch-error-writer]:     / /_  / __ `/ / ___/__  /|_/ /_  / / /    build RELWITHDEBINFO
[160904:mch-error-writer]:    / __/ / /_/ / / /    _  /  / / / /_/ /     https://github.com/FairRootGroup/FairMQ
[160904:mch-error-writer]:   /_/    \__,_/_/_/     /_/  /_/  \___\_\     LGPL-3.0  © 2012-2023 GSI
[160904:mch-error-writer]: 
[160904:mch-error-writer]: [17:55:32][STATE] Starting FairMQ state machine --> IDLE
[160905:mch-track-writer]: [INFO] Spawing new device mch-track-writer in process with pid 160905
[160905:mch-track-writer]: [17:55:32][INFO] 
[160905:mch-track-writer]:       ______      _    _______  _________ 
[160905:mch-track-writer]:      / ____/___ _(_)_______   |/  /_  __ \    version 1.6.0
[160905:mch-track-writer]:     / /_  / __ `/ / ___/__  /|_/ /_  / / /    build RELWITHDEBINFO
[160905:mch-track-writer]:    / __/ / /_/ / / /    _  /  / / / /_/ /     https://github.com/FairRootGroup/FairMQ
[160905:mch-track-writer]:   /_/    \__,_/_/_/     /_/  /_/  \___\_\     LGPL-3.0  © 2012-2023 GSI
[160905:mch-track-writer]: 
[160905:mch-track-writer]: [17:55:32][STATE] Starting FairMQ state machine --> IDLE
[160904:mch-error-writer]: [17:55:32][STATE] IDLE ---> INITIALIZING DEVICE
[160906:internal-dpl-injected-dummy-sink]: [INFO] Spawing new device internal-dpl-injected-dummy-sink in process with pid 160906
[160906:internal-dpl-injected-dummy-sink]: [17:55:32][INFO] 
[160906:internal-dpl-injected-dummy-sink]:       ______      _    _______  _________ 
[160906:internal-dpl-injected-dummy-sink]:      / ____/___ _(_)_______   |/  /_  __ \    version 1.6.0
[160906:internal-dpl-injected-dummy-sink]:     / /_  / __ `/ / ___/__  /|_/ /_  / / /    build RELWITHDEBINFO
[160906:internal-dpl-injected-dummy-sink]:    / __/ / /_/ / / /    _  /  / / / /_/ /     https://github.com/FairRootGroup/FairMQ
[160906:internal-dpl-injected-dummy-sink]:   /_/    \__,_/_/_/     /_/  /_/  \___\_\     LGPL-3.0  © 2012-2023 GSI
[160906:internal-dpl-injected-dummy-sink]: 
[160906:internal-dpl-injected-dummy-sink]: [17:55:32][STATE] Starting FairMQ state machine --> IDLE
[160905:mch-track-writer]: [17:55:32][STATE] IDLE ---> INITIALIZING DEVICE
[160906:internal-dpl-injected-dummy-sink]: [17:55:32][STATE] IDLE ---> INITIALIZING DEVICE
[160904:mch-error-writer]: [17:55:32][INFO] 0: branch  errors set up
[160904:mch-error-writer]: [17:55:32][STATE] INITIALIZING DEVICE ---> INITIALIZED
[160904:mch-error-writer]: [17:55:32][STATE] INITIALIZED ---> BINDING
[160904:mch-error-writer]: [17:55:32][STATE] BINDING ---> BOUND
[160904:mch-error-writer]: [17:55:32][STATE] BOUND ---> CONNECTING
[160906:internal-dpl-injected-dummy-sink]: [17:55:32][STATE] INITIALIZING DEVICE ---> INITIALIZED
[160904:mch-error-writer]: [17:55:32][STATE] CONNECTING ---> DEVICE READY
[160904:mch-error-writer]: [17:55:32][STATE] DEVICE READY ---> INITIALIZING TASK
[160904:mch-error-writer]: [17:55:32][STATE] INITIALIZING TASK ---> READY
[160904:mch-error-writer]: [17:55:32][STATE] READY ---> RUNNING
[160904:mch-error-writer]: [17:55:32][INFO] fair::mq::Device running...
[160904:mch-error-writer]: [17:55:32][INFO] LHCPeriod is not available, using current month AUG
[160906:internal-dpl-injected-dummy-sink]: [17:55:32][STATE] INITIALIZED ---> BINDING
[160906:internal-dpl-injected-dummy-sink]: [17:55:32][STATE] BINDING ---> BOUND
[160904:mch-error-writer]: [17:55:32][INFO] Correctly handshaken websocket connection.
[160906:internal-dpl-injected-dummy-sink]: [17:55:32][STATE] BOUND ---> CONNECTING
[160906:internal-dpl-injected-dummy-sink]: [17:55:32][STATE] CONNECTING ---> DEVICE READY
[160906:internal-dpl-injected-dummy-sink]: [17:55:32][STATE] DEVICE READY ---> INITIALIZING TASK
[160906:internal-dpl-injected-dummy-sink]: [17:55:32][STATE] INITIALIZING TASK ---> READY
[160905:mch-track-writer]: [17:55:32][INFO] 0: branch  tracks set up
[160905:mch-track-writer]: [17:55:32][INFO] 1: branch  trackrofs set up
[160905:mch-track-writer]: [17:55:32][INFO] 2: branch  trackclusters set up
[160905:mch-track-writer]: [17:55:32][INFO] 4: branch  tracklabels set up
[160906:internal-dpl-injected-dummy-sink]: [17:55:32][STATE] READY ---> RUNNING
[160906:internal-dpl-injected-dummy-sink]: [17:55:32][INFO] fair::mq::Device running...
[160906:internal-dpl-injected-dummy-sink]: [17:55:32][INFO] LHCPeriod is not available, using current month AUG
[160905:mch-track-writer]: [17:55:32][STATE] INITIALIZING DEVICE ---> INITIALIZED
[160905:mch-track-writer]: [17:55:32][STATE] INITIALIZED ---> BINDING
[160905:mch-track-writer]: [17:55:32][STATE] BINDING ---> BOUND
[160906:internal-dpl-injected-dummy-sink]: [17:55:32][INFO] Correctly handshaken websocket connection.
[160905:mch-track-writer]: [17:55:32][STATE] BOUND ---> CONNECTING
[160905:mch-track-writer]: [17:55:32][STATE] CONNECTING ---> DEVICE READY
[160905:mch-track-writer]: [17:55:32][STATE] DEVICE READY ---> INITIALIZING TASK
[160903:mch-track-mc-label-finder]: [17:55:32][STATE] INITIALIZING DEVICE ---> INITIALIZED
[160903:mch-track-mc-label-finder]: [17:55:32][STATE] INITIALIZED ---> BINDING
[160905:mch-track-writer]: [17:55:32][STATE] INITIALIZING TASK ---> READY
[160905:mch-track-writer]: [17:55:32][STATE] READY ---> RUNNING
[160905:mch-track-writer]: [17:55:32][INFO] fair::mq::Device running...
[160905:mch-track-writer]: [17:55:32][INFO] LHCPeriod is not available, using current month AUG
[160903:mch-track-mc-label-finder]: [17:55:32][STATE] BINDING ---> BOUND
[160903:mch-track-mc-label-finder]: [17:55:32][STATE] BOUND ---> CONNECTING
[160903:mch-track-mc-label-finder]: [17:55:32][STATE] CONNECTING ---> DEVICE READY
[160903:mch-track-mc-label-finder]: [17:55:32][STATE] DEVICE READY ---> INITIALIZING TASK
[160905:mch-track-writer]: [17:55:32][INFO] Correctly handshaken websocket connection.
[160903:mch-track-mc-label-finder]: [17:55:32][STATE] INITIALIZING TASK ---> READY
[160903:mch-track-mc-label-finder]: [17:55:32][STATE] READY ---> RUNNING
[160903:mch-track-mc-label-finder]: [17:55:32][INFO] fair::mq::Device running...
[160903:mch-track-mc-label-finder]: [17:55:32][INFO] LHCPeriod is not available, using current month AUG
[160903:mch-track-mc-label-finder]: [17:55:32][INFO] Correctly handshaken websocket connection.
[160894:mch-digit-reader]: [17:55:32][INFO] branch set up: MCHDigit
[160894:mch-digit-reader]: [17:55:32][INFO] branch set up: MCHROFRecords
[160894:mch-digit-reader]: [17:55:32][INFO] branch set up: MCHMCLabels
[160894:mch-digit-reader]: [17:55:32][STATE] INITIALIZING DEVICE ---> INITIALIZED
[160894:mch-digit-reader]: [17:55:32][STATE] INITIALIZED ---> BINDING
[160894:mch-digit-reader]: [17:55:32][STATE] BINDING ---> BOUND
[160894:mch-digit-reader]: [17:55:32][STATE] BOUND ---> CONNECTING
[160894:mch-digit-reader]: [17:55:32][STATE] CONNECTING ---> DEVICE READY
[160894:mch-digit-reader]: [17:55:32][STATE] DEVICE READY ---> INITIALIZING TASK
[160894:mch-digit-reader]: [17:55:32][STATE] INITIALIZING TASK ---> READY
[160894:mch-digit-reader]: [17:55:32][STATE] READY ---> RUNNING
[160894:mch-digit-reader]: [17:55:32][INFO] fair::mq::Device running...
[160894:mch-digit-reader]: [17:55:32][INFO] LHCPeriod is not available, using current month AUG
[160894:mch-digit-reader]: [17:55:32][INFO] Correctly handshaken websocket connection.
[160894:mch-digit-reader]: [17:55:32][INFO] Sending end-of-stream message to channel from_mch-digit-reader_to_internal-dpl-ccdb-backend
[160894:mch-digit-reader]: [17:55:32][INFO] Sending end-of-stream message to channel from_mch-digit-reader_to_mch-digit-filtering
[160896:mch-digit-filtering]: [17:55:32][INFO] Kept after filtering : 1426 rofs (out of 1426) | 2054 digits (out of 2054) | 2071 labels (out of 2071)
[160896:mch-digit-filtering]: [17:55:32][INFO] Sending end-of-stream message to channel from_mch-digit-filtering_to_mch-time-cluster-finder
[160896:mch-digit-filtering]: [17:55:32][INFO] Sending end-of-stream message to channel from_mch-digit-filtering_to_mch-track-mc-label-finder
[160897:mch-time-cluster-finder]: [17:55:32][INFO] TF 0 Processed 1426 input ROFs, time-clusterized them into 886 ROFs ( 62%) and output 4 (  0%) of them
[160899:mch-cluster-finder]: [17:55:33][INFO] create mapping in: 1488.76 ms
[160899:mch-cluster-finder]: [17:55:33][STATE] INITIALIZING DEVICE ---> INITIALIZED
[160899:mch-cluster-finder]: [17:55:33][STATE] INITIALIZED ---> BINDING
[160899:mch-cluster-finder]: [17:55:33][STATE] BINDING ---> BOUND
[160899:mch-cluster-finder]: [17:55:33][STATE] BOUND ---> CONNECTING
[160899:mch-cluster-finder]: [17:55:33][STATE] CONNECTING ---> DEVICE READY
[160899:mch-cluster-finder]: [17:55:33][STATE] DEVICE READY ---> INITIALIZING TASK
[160899:mch-cluster-finder]: [17:55:33][STATE] INITIALIZING TASK ---> READY
[160899:mch-cluster-finder]: [17:55:33][STATE] READY ---> RUNNING
[160899:mch-cluster-finder]: [17:55:33][INFO] fair::mq::Device running...
[160899:mch-cluster-finder]: [17:55:33][INFO] LHCPeriod is not available, using current month AUG
[160899:mch-cluster-finder]: [17:55:33][INFO] Correctly handshaken websocket connection.
[160898:mch-precluster-finder]: [17:55:33][INFO] create mapping in: 1760.75 ms
[160898:mch-precluster-finder]: [17:55:33][STATE] INITIALIZING DEVICE ---> INITIALIZED
[160898:mch-precluster-finder]: [17:55:33][STATE] INITIALIZED ---> BINDING
[160898:mch-precluster-finder]: [17:55:33][STATE] BINDING ---> BOUND
[160898:mch-precluster-finder]: [17:55:33][STATE] BOUND ---> CONNECTING
[160898:mch-precluster-finder]: [17:55:33][STATE] CONNECTING ---> DEVICE READY
[160898:mch-precluster-finder]: [17:55:33][STATE] DEVICE READY ---> INITIALIZING TASK
[160897:mch-time-cluster-finder]: [17:55:33][INFO] Sending end-of-stream message to channel from_mch-time-cluster-finder_to_mch-precluster-finder
[160898:mch-precluster-finder]: [17:55:33][STATE] INITIALIZING TASK ---> READY
[160898:mch-precluster-finder]: [17:55:33][STATE] READY ---> RUNNING
[160898:mch-precluster-finder]: [17:55:33][INFO] fair::mq::Device running...
[160898:mch-precluster-finder]: [17:55:33][INFO] LHCPeriod is not available, using current month AUG
[160898:mch-precluster-finder]: [17:55:33][INFO] Processed 4 digit rofs with 383 digits and output 4 precluster rofs with 71 preclusters and 383 digits
[160898:mch-precluster-finder]: [17:55:33][INFO] Correctly handshaken websocket connection.
[160898:mch-precluster-finder]: [17:55:33][INFO] Sending end-of-stream message to channel from_mch-precluster-finder_to_mch-cluster-finder
[160898:mch-precluster-finder]: [17:55:33][INFO] Sending end-of-stream message to channel from_mch-precluster-finder_to_mch-error-merger
[160898:mch-precluster-finder]: [17:55:33][INFO] Sending end-of-stream message to channel from_mch-precluster-finder_to_mch-track-mc-label-finder
[160899:mch-cluster-finder]: [17:55:33][INFO] Found   66 clusters from   71 preclusters in  4 ROFs
[160899:mch-cluster-finder]: [17:55:33][INFO] Sending end-of-stream message to channel from_mch-cluster-finder_to_mch-cluster-transformer
[160899:mch-cluster-finder]: [17:55:33][INFO] Sending end-of-stream message to channel from_mch-cluster-finder_to_mch-track-finder
[160899:mch-cluster-finder]: [17:55:33][INFO] Sending end-of-stream message to channel from_mch-cluster-finder_to_mch-error-merger
[160895:internal-dpl-ccdb-backend]: Info in <TJAlienConnectionManager>: Opening connection to JCentral. Please wait
[160895:internal-dpl-ccdb-backend]: Info in <TJAlienConnectionManager>: Opening connection to 137.138.99.139
[160895:internal-dpl-ccdb-backend]: Info in <TJAlienConnectionManager>: Successfully connected to 137.138.99.139
[160895:internal-dpl-ccdb-backend]: Info in <TJAlienFile::Open>: Accessing file /alice/data/CCDB/CTP/Calib/OrbitReset/06/62200/b9f985c3-b4b0-11ec-8fd3-90ce809b24ee in SE <ALICE::CERN::EOS>
[160895:internal-dpl-ccdb-backend]: [17:55:35][INFO] ccdb reads http://alice-ccdb.cern.ch/CTP/Calib/OrbitReset/1546300800000/b9f985c3-b4b0-11ec-8fd3-90ce809b24ee for 1546300800000 (load to memory, agent_id: localhost.localdomain-1692719732-vXPzr7), 
[160895:internal-dpl-ccdb-backend]: Info in <TJAlienFile::Open>: Accessing file /alice/data/CCDB/GLO/Config/GeometryAligned/06/21224/787687c0-287a-11ed-8141-200114580202 in SE <ALICE::CERN::OCDB>
[160895:internal-dpl-ccdb-backend]: [17:55:35][INFO] ccdb reads http://alice-ccdb.cern.ch/GLO/Config/GeometryAligned/1546300800000/787687c0-287a-11ed-8141-200114580202 for 1546300800000 (load to memory, agent_id: localhost.localdomain-1692719732-vXPzr7), 
[160895:internal-dpl-ccdb-backend]: Info in <TJAlienFile::Open>: Accessing file /alice/data/CCDB/GLO/Config/GRPMagField/06/62924/01d633ab-efdf-11ec-841e-2a010e0a0b16 in SE <ALICE::CERN::OCDB>
[160895:internal-dpl-ccdb-backend]: [17:55:36][INFO] ccdb reads http://alice-ccdb.cern.ch/GLO/Config/GRPMagField/1546300800000/01d633ab-efdf-11ec-841e-2a010e0a0b16 for 1546300800000 (load to memory, agent_id: localhost.localdomain-1692719732-vXPzr7), 
[160895:internal-dpl-ccdb-backend]: [17:55:36][INFO] Sending end-of-stream message to channel from_internal-dpl-ccdb-backend_to_mch-cluster-transformer
[160895:internal-dpl-ccdb-backend]: [17:55:36][INFO] Sending end-of-stream message to channel from_internal-dpl-ccdb-backend_to_mch-track-finder
[160895:internal-dpl-ccdb-backend]: [17:55:36][INFO] Sending end-of-stream message to channel from_internal-dpl-ccdb-backend_to_internal-dpl-injected-dummy-sink
[160900:mch-cluster-transformer]: Info in <TGeoManager::CloseGeometry>: Geometry loaded from file...
[160900:mch-cluster-transformer]: Info in <TGeoManager::SetTopVolume>: Top volume is cave. Master volume is cave
[160900:mch-cluster-transformer]: Info in <TGeoNavigator::BuildCache>: --- Maximum geometry depth set to 100
[160900:mch-cluster-transformer]: Info in <TGeoManager::Voxelize>: Voxelizing...
[160900:mch-cluster-transformer]: Info in <TGeoManager::CountLevels>: max level = 13, max placements = 735
[160900:mch-cluster-transformer]: Info in <TGeoManager::CloseGeometry>: 5346742 nodes/ 27442 volume UID's in FAIR geometry
[160900:mch-cluster-transformer]: Info in <TGeoManager::CloseGeometry>: ----------------modeler ready----------------
[160900:mch-cluster-transformer]: [17:55:41][INFO] aligned geometry updated
[160900:mch-cluster-transformer]: [17:55:41][INFO] Caching in 139706900059664 ptr to GLO/GEOMALIGN/0 (0x4a07470)
[160900:mch-cluster-transformer]: [17:55:41][INFO] Sending end-of-stream message to channel from_mch-cluster-transformer_to_mch-track-finder
[160901:mch-track-finder]: [17:55:41][INFO] GRP MagField object updated
[160901:mch-track-finder]: [17:55:42][INFO] MagneticField::Print: MagneticFieldMap:
[160901:mch-track-finder]: [17:55:42][INFO] MagneticField::Print: Solenoid (-1*)5 kG, Dipole ON (-1) 
[160901:mch-track-finder]: [17:55:42][INFO] MagneticField::Print: Machine B fields for p-p  beam (7000 GeV): QGrad: 22.0002 Dipole: 37.8781
[160901:mch-track-finder]: [17:55:42][INFO] MagneticField::Print: Uses Sol30_Dip6_Hole  of /root/alice/sw/slc8_x86-64/O2/segment-local1/share/Common/maps/mfchebKGI_sym.root
[160901:mch-track-finder]: Info in <TGeoGlobalMagField::SetField>: Global magnetic field set to <MagneticFieldMap>
[160901:mch-track-finder]: Info in <TGeoGlobalMagField::Lock>: Global magnetic field <MagneticFieldMap> is now locked
[160901:mch-track-finder]: [17:55:42][INFO] Track extrapolation with magnetic field ON
[160901:mch-track-finder]: [17:55:42][INFO] Caching in 140092016222768 ptr to GLO/GRPMAGFIELD/0 (0x487e740)
[160901:mch-track-finder]: [17:55:42][INFO] Found   0 MCH tracks from   66 clusters in  4 ROFs in       21 ms
[160901:mch-track-finder]: [17:55:42][INFO] Sending end-of-stream message to channel from_mch-track-finder_to_mch-error-merger
[160901:mch-track-finder]: [17:55:42][INFO] Sending end-of-stream message to channel from_mch-track-finder_to_mch-track-mc-label-finder
[160903:mch-track-mc-label-finder]: [17:55:42][INFO] Sending end-of-stream message to channel from_mch-track-mc-label-finder_to_mch-track-writer
[160902:mch-error-merger]: [17:55:42][INFO] Sending end-of-stream message to channel from_mch-error-merger_to_mch-error-writer
[160905:mch-track-writer]: [17:55:42][ERROR] Some Lifetime::Timeframe data got dropped starting at 1
[160904:mch-error-writer]: [17:55:42][ERROR] Some Lifetime::Timeframe data got dropped starting at 1
[INFO] Quitting
[INFO] QUIT_REQUESTED
[160893:internal-dpl-clock]: [17:55:42][INFO] Received device shutdown request (signal 15).
[160893:internal-dpl-clock]: [17:55:42][INFO] Waiting for graceful device shutdown. Hit Ctrl-C again to abort immediately.
[160894:mch-digit-reader]: [17:55:42][INFO] Received device shutdown request (signal 15).
[160894:mch-digit-reader]: [17:55:42][INFO] Waiting for graceful device shutdown. Hit Ctrl-C again to abort immediately.
[160895:internal-dpl-ccdb-backend]: [17:55:42][INFO] Received device shutdown request (signal 15).
[160895:internal-dpl-ccdb-backend]: [17:55:42][INFO] Waiting for graceful device shutdown. Hit Ctrl-C again to abort immediately.
[160898:mch-precluster-finder]: [17:55:42][INFO] Received device shutdown request (signal 15).
[160898:mch-precluster-finder]: [17:55:42][INFO] Waiting for graceful device shutdown. Hit Ctrl-C again to abort immediately.
[160899:mch-cluster-finder]: [17:55:42][INFO] Received device shutdown request (signal 15).
[160899:mch-cluster-finder]: [17:55:42][INFO] Waiting for graceful device shutdown. Hit Ctrl-C again to abort immediately.
[160900:mch-cluster-transformer]: [17:55:42][INFO] Received device shutdown request (signal 15).
[160900:mch-cluster-transformer]: [17:55:42][INFO] Waiting for graceful device shutdown. Hit Ctrl-C again to abort immediately.
[160902:mch-error-merger]: [17:55:42][INFO] Received device shutdown request (signal 15).
[160902:mch-error-merger]: [17:55:42][INFO] Waiting for graceful device shutdown. Hit Ctrl-C again to abort immediately.
[160903:mch-track-mc-label-finder]: [17:55:42][INFO] Received device shutdown request (signal 15).
[160903:mch-track-mc-label-finder]: [17:55:42][INFO] Waiting for graceful device shutdown. Hit Ctrl-C again to abort immediately.
[160904:mch-error-writer]: [17:55:42][INFO] Received device shutdown request (signal 15).
[160904:mch-error-writer]: [17:55:42][INFO] Waiting for graceful device shutdown. Hit Ctrl-C again to abort immediately.
[160906:internal-dpl-injected-dummy-sink]: [17:55:42][INFO] Received device shutdown request (signal 15).
[160906:internal-dpl-injected-dummy-sink]: [17:55:42][INFO] Waiting for graceful device shutdown. Hit Ctrl-C again to abort immediately.
[160895:internal-dpl-ccdb-backend]: [17:55:42][INFO] New state requested. No timeout set, quitting immediately as per --completion-policy
[160895:internal-dpl-ccdb-backend]: [17:55:42][INFO] CCDB cache miss/hit ratio:
[160895:internal-dpl-ccdb-backend]: [17:55:42][INFO]   GLO/Config/GRPMagField: 1/0 (1024-1024 bytes)
[160895:internal-dpl-ccdb-backend]: [17:55:42][INFO]   GLO/Config/GeometryAligned: 1/0 (1847296-1847296 bytes)
[160895:internal-dpl-ccdb-backend]: [17:55:42][INFO]   CTP/Calib/OrbitReset: 1/1 (1024-1024 bytes)
[160895:internal-dpl-ccdb-backend]: [17:55:42][STATE] RUNNING ---> READY
[160896:mch-digit-filtering]: [17:55:42][INFO] Received device shutdown request (signal 15).
[160896:mch-digit-filtering]: [17:55:42][INFO] Waiting for graceful device shutdown. Hit Ctrl-C again to abort immediately.
[160897:mch-time-cluster-finder]: [17:55:42][INFO] Received device shutdown request (signal 15).
[160897:mch-time-cluster-finder]: [17:55:42][INFO] Waiting for graceful device shutdown. Hit Ctrl-C again to abort immediately.
[160901:mch-track-finder]: [17:55:42][INFO] Received device shutdown request (signal 15).
[160901:mch-track-finder]: [17:55:42][INFO] Waiting for graceful device shutdown. Hit Ctrl-C again to abort immediately.
[160903:mch-track-mc-label-finder]: [17:55:42][INFO] New state requested. No timeout set, quitting immediately as per --completion-policy
[160903:mch-track-mc-label-finder]: [17:55:42][STATE] RUNNING ---> READY
[160905:mch-track-writer]: [17:55:42][INFO] Received device shutdown request (signal 15).
[160905:mch-track-writer]: [17:55:42][INFO] Waiting for graceful device shutdown. Hit Ctrl-C again to abort immediately.
[160893:internal-dpl-clock]: [17:55:42][INFO] New state requested. No timeout set, quitting immediately as per --completion-policy
[160893:internal-dpl-clock]: [17:55:42][STATE] RUNNING ---> READY
[160898:mch-precluster-finder]: [17:55:42][INFO] New state requested. No timeout set, quitting immediately as per --completion-policy
[160898:mch-precluster-finder]: [17:55:42][INFO] reset precluster finder duration = 0.009448 ms
[160898:mch-precluster-finder]: [17:55:42][INFO] load digits duration = 0.066155 ms
[160898:mch-precluster-finder]: [17:55:42][INFO] discard high occupancy duration = 0.000896 ms
[160898:mch-precluster-finder]: [17:55:42][INFO] precluster finder duration = 0.067198 ms
[160898:mch-precluster-finder]: [17:55:42][INFO] store precluster duration = 0.015239 ms
[160898:mch-precluster-finder]: [17:55:42][INFO] deinitializing preclusterizer in: 0.089144 ms
[160898:mch-precluster-finder]: [17:55:42][STATE] RUNNING ---> READY
[160899:mch-cluster-finder]: [17:55:42][INFO] New state requested. No timeout set, quitting immediately as per --completion-policy
[160899:mch-cluster-finder]: [17:55:42][INFO] cluster finder duration = 0.0147286 s
[160902:mch-error-merger]: [17:55:42][INFO] New state requested. No timeout set, quitting immediately as per --completion-policy
[160902:mch-error-merger]: [17:55:42][STATE] RUNNING ---> READY
[160903:mch-track-mc-label-finder]: [17:55:42][STATE] READY ---> RESETTING TASK
[160903:mch-track-mc-label-finder]: [17:55:42][STATE] RESETTING TASK ---> DEVICE READY
[160904:mch-error-writer]: [17:55:42][INFO] New state requested. No timeout set, quitting immediately as per --completion-policy
[160906:internal-dpl-injected-dummy-sink]: [17:55:42][INFO] New state requested. No timeout set, quitting immediately as per --completion-policy
[160906:internal-dpl-injected-dummy-sink]: [17:55:42][STATE] RUNNING ---> READY
[160897:mch-time-cluster-finder]: [17:55:42][INFO] New state requested. No timeout set, quitting immediately as per --completion-policy
[160899:mch-cluster-finder]: [17:55:42][STATE] RUNNING ---> READY
[160899:mch-cluster-finder]: [17:55:42][STATE] READY ---> RESETTING TASK
[160899:mch-cluster-finder]: [17:55:42][STATE] RESETTING TASK ---> DEVICE READY
[160899:mch-cluster-finder]: [17:55:42][STATE] DEVICE READY ---> RESETTING DEVICE
[160902:mch-error-merger]: [17:55:42][STATE] READY ---> RESETTING TASK
[160902:mch-error-merger]: [17:55:42][STATE] RESETTING TASK ---> DEVICE READY
[160902:mch-error-merger]: [17:55:42][STATE] DEVICE READY ---> RESETTING DEVICE
[160893:internal-dpl-clock]: [17:55:42][STATE] READY ---> RESETTING TASK
[160893:internal-dpl-clock]: [17:55:42][STATE] RESETTING TASK ---> DEVICE READY
[160900:mch-cluster-transformer]: [17:55:42][INFO] New state requested. No timeout set, quitting immediately as per --completion-policy
[160900:mch-cluster-transformer]: [17:55:42][STATE] RUNNING ---> READY
[160900:mch-cluster-transformer]: [17:55:42][STATE] READY ---> RESETTING TASK
[160900:mch-cluster-transformer]: [17:55:42][STATE] RESETTING TASK ---> DEVICE READY
[160900:mch-cluster-transformer]: [17:55:42][STATE] DEVICE READY ---> RESETTING DEVICE
[160903:mch-track-mc-label-finder]: [17:55:42][STATE] DEVICE READY ---> RESETTING DEVICE
[160906:internal-dpl-injected-dummy-sink]: [17:55:42][STATE] READY ---> RESETTING TASK
[160906:internal-dpl-injected-dummy-sink]: [17:55:42][STATE] RESETTING TASK ---> DEVICE READY
[160897:mch-time-cluster-finder]: [17:55:42][INFO] duration = 1655.3690000000001 us / TF
[160897:mch-time-cluster-finder]: [17:55:42][STATE] RUNNING ---> READY
[160898:mch-precluster-finder]: [17:55:42][STATE] READY ---> RESETTING TASK
[160898:mch-precluster-finder]: [17:55:42][STATE] RESETTING TASK ---> DEVICE READY
[160893:internal-dpl-clock]: [17:55:42][STATE] DEVICE READY ---> RESETTING DEVICE
[160896:mch-digit-filtering]: [17:55:42][INFO] New state requested. No timeout set, quitting immediately as per --completion-policy
[160896:mch-digit-filtering]: [17:55:42][INFO] digit filtering duration = 1.08776 ms
[160896:mch-digit-filtering]: [17:55:42][STATE] RUNNING ---> READY
[160905:mch-track-writer]: [17:55:42][INFO] New state requested. No timeout set, quitting immediately as per --completion-policy
[160895:internal-dpl-ccdb-backend]: [17:55:42][STATE] READY ---> RESETTING TASK
[160895:internal-dpl-ccdb-backend]: [17:55:42][STATE] RESETTING TASK ---> DEVICE READY
[160906:internal-dpl-injected-dummy-sink]: [17:55:42][STATE] DEVICE READY ---> RESETTING DEVICE
[160895:internal-dpl-ccdb-backend]: [17:55:42][STATE] DEVICE READY ---> RESETTING DEVICE
[160898:mch-precluster-finder]: [17:55:42][STATE] DEVICE READY ---> RESETTING DEVICE
[160896:mch-digit-filtering]: [17:55:42][STATE] READY ---> RESETTING TASK
[160896:mch-digit-filtering]: [17:55:42][STATE] RESETTING TASK ---> DEVICE READY
[160896:mch-digit-filtering]: [17:55:42][STATE] DEVICE READY ---> RESETTING DEVICE
[160897:mch-time-cluster-finder]: [17:55:42][STATE] READY ---> RESETTING TASK
[160897:mch-time-cluster-finder]: [17:55:42][STATE] RESETTING TASK ---> DEVICE READY
[160901:mch-track-finder]: [17:55:42][INFO] New state requested. No timeout set, quitting immediately as per --completion-policy
[160901:mch-track-finder]: [17:55:42][INFO] number of candidates tracked = 1
[160901:mch-track-finder]: [17:55:42][INFO] number of times extrapToZCov() is called = 29
[160901:mch-track-finder]: [17:55:42][INFO] number of times Field() is called = 2094
[160901:mch-track-finder]: [17:55:42][INFO] number of times tryOneClusterFast() is called = 25
[160901:mch-track-finder]: [17:55:42][INFO] number of times tryOneCluster() is called = 5
[160901:mch-track-finder]: [17:55:42][INFO] findTrackCandidates duration = 0.0195761 s
[160901:mch-track-finder]: [17:55:42][INFO] findMoreTrackCandidates duration = 0 s
[160901:mch-track-finder]: [17:55:42][INFO] followTracks duration = 0.000724515 s
[160901:mch-track-finder]: [17:55:42][INFO] improveTracks duration = 4.2962e-05 s
[160901:mch-track-finder]: [17:55:42][INFO] removeConnectedTracks duration = 0.000309868 s
[160901:mch-track-finder]: [17:55:42][INFO] refineTracks duration = 2.596e-06 s
[160901:mch-track-finder]: [17:55:42][INFO] tracking duration = 0.0207436 s
[160901:mch-track-finder]: [17:55:42][STATE] RUNNING ---> READY
[160894:mch-digit-reader]: [17:55:42][INFO] New state requested. No timeout set, quitting immediately as per --completion-policy
[160894:mch-digit-reader]: [17:55:42][STATE] RUNNING ---> READY
[160894:mch-digit-reader]: [17:55:42][STATE] READY ---> RESETTING TASK
[160894:mch-digit-reader]: [17:55:42][STATE] RESETTING TASK ---> DEVICE READY
[160894:mch-digit-reader]: [17:55:42][STATE] DEVICE READY ---> RESETTING DEVICE
[160901:mch-track-finder]: [17:55:42][STATE] READY ---> RESETTING TASK
[160901:mch-track-finder]: [17:55:42][STATE] RESETTING TASK ---> DEVICE READY
[160901:mch-track-finder]: [17:55:42][STATE] DEVICE READY ---> RESETTING DEVICE
[160900:mch-cluster-transformer]: [17:55:42][STATE] RESETTING DEVICE ---> IDLE
[160895:internal-dpl-ccdb-backend]: [17:55:42][STATE] RESETTING DEVICE ---> IDLE
[160895:internal-dpl-ccdb-backend]: [17:55:42][STATE] IDLE ---> EXITING
[160899:mch-cluster-finder]: [17:55:42][STATE] RESETTING DEVICE ---> IDLE
[160900:mch-cluster-transformer]: [17:55:42][STATE] IDLE ---> EXITING
[160900:mch-cluster-transformer]: [17:55:42][STATE] Exiting FairMQ state machine
[160902:mch-error-merger]: [17:55:42][STATE] RESETTING DEVICE ---> IDLE
[160902:mch-error-merger]: [17:55:42][STATE] IDLE ---> EXITING
[160902:mch-error-merger]: [17:55:42][STATE] Exiting FairMQ state machine
[160903:mch-track-mc-label-finder]: [17:55:42][STATE] RESETTING DEVICE ---> IDLE
[160906:internal-dpl-injected-dummy-sink]: [17:55:42][STATE] RESETTING DEVICE ---> IDLE
[160897:mch-time-cluster-finder]: [17:55:42][STATE] DEVICE READY ---> RESETTING DEVICE
[160898:mch-precluster-finder]: [17:55:42][STATE] RESETTING DEVICE ---> IDLE
[160893:internal-dpl-clock]: [17:55:42][STATE] RESETTING DEVICE ---> IDLE
[160895:internal-dpl-ccdb-backend]: [17:55:42][STATE] Exiting FairMQ state machine
[160896:mch-digit-filtering]: [17:55:42][STATE] RESETTING DEVICE ---> IDLE
[160901:mch-track-finder]: [17:55:42][STATE] RESETTING DEVICE ---> IDLE
[160906:internal-dpl-injected-dummy-sink]: [17:55:42][STATE] IDLE ---> EXITING
[160899:mch-cluster-finder]: [17:55:42][STATE] IDLE ---> EXITING
[160901:mch-track-finder]: [17:55:42][STATE] IDLE ---> EXITING
[160906:internal-dpl-injected-dummy-sink]: [17:55:42][STATE] Exiting FairMQ state machine
[160898:mch-precluster-finder]: [17:55:42][STATE] IDLE ---> EXITING
[160893:internal-dpl-clock]: [17:55:42][STATE] IDLE ---> EXITING
[160901:mch-track-finder]: [17:55:42][STATE] Exiting FairMQ state machine
[160896:mch-digit-filtering]: [17:55:42][STATE] IDLE ---> EXITING
[160893:internal-dpl-clock]: [17:55:42][STATE] Exiting FairMQ state machine
[160896:mch-digit-filtering]: [17:55:42][STATE] Exiting FairMQ state machine
[160898:mch-precluster-finder]: [17:55:42][STATE] Exiting FairMQ state machine
[160903:mch-track-mc-label-finder]: [17:55:42][STATE] IDLE ---> EXITING
[160903:mch-track-mc-label-finder]: [17:55:42][STATE] Exiting FairMQ state machine
[160897:mch-time-cluster-finder]: [17:55:42][STATE] RESETTING DEVICE ---> IDLE
[160899:mch-cluster-finder]: [17:55:42][STATE] Exiting FairMQ state machine
[160894:mch-digit-reader]: [17:55:42][STATE] RESETTING DEVICE ---> IDLE
[160897:mch-time-cluster-finder]: [17:55:42][STATE] IDLE ---> EXITING
[160894:mch-digit-reader]: [17:55:42][STATE] IDLE ---> EXITING
[160894:mch-digit-reader]: [17:55:42][STATE] Exiting FairMQ state machine
[160897:mch-time-cluster-finder]: [17:55:42][STATE] Exiting FairMQ state machine
[160905:mch-track-writer]: [17:55:43][STATE] RUNNING ---> READY
[160905:mch-track-writer]: [17:55:43][STATE] READY ---> RESETTING TASK
[160905:mch-track-writer]: [17:55:43][STATE] RESETTING TASK ---> DEVICE READY
[160905:mch-track-writer]: [17:55:43][STATE] DEVICE READY ---> RESETTING DEVICE
[160905:mch-track-writer]: [17:55:43][STATE] RESETTING DEVICE ---> IDLE
[160905:mch-track-writer]: [17:55:43][STATE] IDLE ---> EXITING
[160905:mch-track-writer]: [17:55:43][STATE] Exiting FairMQ state machine
[160904:mch-error-writer]: [17:55:43][STATE] RUNNING ---> READY
[160904:mch-error-writer]: [17:55:43][STATE] READY ---> RESETTING TASK
[160904:mch-error-writer]: [17:55:43][STATE] RESETTING TASK ---> DEVICE READY
[160904:mch-error-writer]: [17:55:43][STATE] DEVICE READY ---> RESETTING DEVICE
[160904:mch-error-writer]: [17:55:43][INFO] Cleaning up for shared memory id 'a4df30a7'...
[160904:mch-error-writer]: [17:55:43][INFO] Found 0 unmanaged regions...
[160904:mch-error-writer]: [17:55:43][INFO] Found 1 managed segments...
[160904:mch-error-writer]: [17:55:43][INFO] Successfully removed 'fmq_a4df30a7_m_0'.
[160904:mch-error-writer]: [17:55:43][INFO] Successfully removed 'fmq_a4df30a7_mng'.
[160904:mch-error-writer]: [17:55:43][STATE] RESETTING DEVICE ---> IDLE
[160904:mch-error-writer]: [17:55:43][STATE] IDLE ---> EXITING
[160904:mch-error-writer]: [17:55:43][STATE] Exiting FairMQ state machine
[INFO] ## Processes completed. Run summary:
[INFO] ### Devices started: 14
[INFO]  - Device internal-dpl-clock: pid 160893 (exit 0)
[INFO]  - Device mch-digit-reader: pid 160894 (exit 0)
[INFO]  - Device internal-dpl-ccdb-backend: pid 160895 (exit 0)
[INFO]  - Device mch-digit-filtering: pid 160896 (exit 0)
[INFO]  - Device mch-time-cluster-finder: pid 160897 (exit 0)
[INFO]  - Device mch-precluster-finder: pid 160898 (exit 0)
[INFO]  - Device mch-cluster-finder: pid 160899 (exit 0)
[INFO]  - Device mch-cluster-transformer: pid 160900 (exit 0)
[INFO]  - Device mch-track-finder: pid 160901 (exit 0)
[INFO]  - Device mch-error-merger: pid 160902 (exit 0)
[INFO]  - Device mch-track-mc-label-finder: pid 160903 (exit 0)
[INFO]  - Device mch-error-writer: pid 160904 (exit 0)
[INFO]  - Device mch-track-writer: pid 160905 (exit 0)
[INFO]  - Device internal-dpl-injected-dummy-sink: pid 160906 (exit 0)
[INFO] Dumping used configuration in dpl-config.json
TASK-EXIT-CODE: 0
