Running: TIME="#walltime %e" /usr/bin/time --output=midreco.log_time ./midreco.log_tmp.sh
[INFO] Initialising O2 Data Processing Layer. Driver PID: 164374.
[INFO] Driver listening on port: 22454
[INFO] Rate limiting set up at 500MB distributed over 1 readers
[INFO] O2 Data Processing Layer initialised. We brake for nobody.
[INFO] Optimised build. O2DEBUG / LOG(debug) / LOGF(debug) / assert statement will not be shown.
[INFO] Redeployment of configuration asked.
[INFO] Starting internal-dpl-clock on pid 164428
[INFO] Starting MIDDigitsReader on pid 164429
[INFO] Starting internal-dpl-ccdb-backend on pid 164430
[INFO] Starting MIDFiltering on pid 164431
[INFO] Starting MIDClusterizer on pid 164432
[INFO] Starting MIDTracker on pid 164433
[INFO] Starting MIDRecoWriter on pid 164434
[INFO] Starting internal-dpl-injected-dummy-sink on pid 164435
[INFO] Redeployment of configuration done.
[164431:MIDFiltering]: [INFO] Instrumenting crash signals
[164431:MIDFiltering]: [INFO] Spawing new device MIDFiltering in process with pid 164431
[164431:MIDFiltering]: [17:56:20][INFO] 
[164431:MIDFiltering]:       ______      _    _______  _________ 
[164431:MIDFiltering]:      / ____/___ _(_)_______   |/  /_  __ \    version 1.6.0
[164431:MIDFiltering]:     / /_  / __ `/ / ___/__  /|_/ /_  / / /    build RELWITHDEBINFO
[164431:MIDFiltering]:    / __/ / /_/ / / /    _  /  / / / /_/ /     https://github.com/FairRootGroup/FairMQ
[164431:MIDFiltering]:   /_/    \__,_/_/_/     /_/  /_/  \___\_\     LGPL-3.0  © 2012-2023 GSI
[164431:MIDFiltering]: 
[164431:MIDFiltering]: [17:56:20][STATE] Starting FairMQ state machine --> IDLE
[164431:MIDFiltering]: [17:56:20][STATE] IDLE ---> INITIALIZING DEVICE
[164431:MIDFiltering]: [17:56:20][STATE] INITIALIZING DEVICE ---> INITIALIZED
[164431:MIDFiltering]: [17:56:20][STATE] INITIALIZED ---> BINDING
[164431:MIDFiltering]: [17:56:20][STATE] BINDING ---> BOUND
[164431:MIDFiltering]: [17:56:20][STATE] BOUND ---> CONNECTING
[164431:MIDFiltering]: [17:56:20][STATE] CONNECTING ---> DEVICE READY
[164431:MIDFiltering]: [17:56:20][STATE] DEVICE READY ---> INITIALIZING TASK
[164431:MIDFiltering]: [17:56:20][STATE] INITIALIZING TASK ---> READY
[164431:MIDFiltering]: [17:56:20][STATE] READY ---> RUNNING
[164431:MIDFiltering]: [17:56:20][INFO] fair::mq::Device running...
[164431:MIDFiltering]: [17:56:20][INFO] LHCPeriod is not available, using current month AUG
[164431:MIDFiltering]: [17:56:20][INFO] Correctly handshaken websocket connection.
[164428:internal-dpl-clock]: [INFO] Instrumenting crash signals
[164428:internal-dpl-clock]: [INFO] Spawing new device internal-dpl-clock in process with pid 164428
[164428:internal-dpl-clock]: [17:56:20][INFO] 
[164428:internal-dpl-clock]:       ______      _    _______  _________ 
[164428:internal-dpl-clock]:      / ____/___ _(_)_______   |/  /_  __ \    version 1.6.0
[164428:internal-dpl-clock]:     / /_  / __ `/ / ___/__  /|_/ /_  / / /    build RELWITHDEBINFO
[164428:internal-dpl-clock]:    / __/ / /_/ / / /    _  /  / / / /_/ /     https://github.com/FairRootGroup/FairMQ
[164428:internal-dpl-clock]:   /_/    \__,_/_/_/     /_/  /_/  \___\_\     LGPL-3.0  © 2012-2023 GSI
[164428:internal-dpl-clock]: 
[164428:internal-dpl-clock]: [17:56:20][STATE] Starting FairMQ state machine --> IDLE
[164429:MIDDigitsReader]: [INFO] Instrumenting crash signals
[164429:MIDDigitsReader]: [INFO] Spawing new device MIDDigitsReader in process with pid 164429
[164429:MIDDigitsReader]: [17:56:20][INFO] 
[164429:MIDDigitsReader]:       ______      _    _______  _________ 
[164429:MIDDigitsReader]:      / ____/___ _(_)_______   |/  /_  __ \    version 1.6.0
[164429:MIDDigitsReader]:     / /_  / __ `/ / ___/__  /|_/ /_  / / /    build RELWITHDEBINFO
[164429:MIDDigitsReader]:    / __/ / /_/ / / /    _  /  / / / /_/ /     https://github.com/FairRootGroup/FairMQ
[164429:MIDDigitsReader]:   /_/    \__,_/_/_/     /_/  /_/  \___\_\     LGPL-3.0  © 2012-2023 GSI
[164429:MIDDigitsReader]: 
[164429:MIDDigitsReader]: [17:56:20][STATE] Starting FairMQ state machine --> IDLE
[164429:MIDDigitsReader]: [17:56:20][STATE] IDLE ---> INITIALIZING DEVICE
[164428:internal-dpl-clock]: [17:56:20][STATE] IDLE ---> INITIALIZING DEVICE
[164428:internal-dpl-clock]: [17:56:20][STATE] INITIALIZING DEVICE ---> INITIALIZED
[164428:internal-dpl-clock]: [17:56:20][STATE] INITIALIZED ---> BINDING
[164428:internal-dpl-clock]: [17:56:20][STATE] BINDING ---> BOUND
[164428:internal-dpl-clock]: [17:56:20][STATE] BOUND ---> CONNECTING
[164428:internal-dpl-clock]: [17:56:20][STATE] CONNECTING ---> DEVICE READY
[164428:internal-dpl-clock]: [17:56:20][STATE] DEVICE READY ---> INITIALIZING TASK
[164428:internal-dpl-clock]: [17:56:20][STATE] INITIALIZING TASK ---> READY
[164428:internal-dpl-clock]: [17:56:20][STATE] READY ---> RUNNING
[164428:internal-dpl-clock]: [17:56:20][INFO] fair::mq::Device running...
[164428:internal-dpl-clock]: [17:56:20][INFO] LHCPeriod is not available, using current month AUG
[164428:internal-dpl-clock]: [17:56:20][INFO] Correctly handshaken websocket connection.
[164432:MIDClusterizer]: [INFO] Instrumenting crash signals
[164432:MIDClusterizer]: [INFO] Spawing new device MIDClusterizer in process with pid 164432
[164432:MIDClusterizer]: [17:56:20][INFO] 
[164432:MIDClusterizer]:       ______      _    _______  _________ 
[164432:MIDClusterizer]:      / ____/___ _(_)_______   |/  /_  __ \    version 1.6.0
[164432:MIDClusterizer]:     / /_  / __ `/ / ___/__  /|_/ /_  / / /    build RELWITHDEBINFO
[164432:MIDClusterizer]:    / __/ / /_/ / / /    _  /  / / / /_/ /     https://github.com/FairRootGroup/FairMQ
[164432:MIDClusterizer]:   /_/    \__,_/_/_/     /_/  /_/  \___\_\     LGPL-3.0  © 2012-2023 GSI
[164432:MIDClusterizer]: 
[164432:MIDClusterizer]: [17:56:20][STATE] Starting FairMQ state machine --> IDLE
[164435:internal-dpl-injected-dummy-sink]: [INFO] Instrumenting crash signals
[164435:internal-dpl-injected-dummy-sink]: [INFO] Spawing new device internal-dpl-injected-dummy-sink in process with pid 164435
[164433:MIDTracker]: [INFO] Instrumenting crash signals
[164435:internal-dpl-injected-dummy-sink]: [17:56:20][INFO] 
[164435:internal-dpl-injected-dummy-sink]:       ______      _    _______  _________ 
[164435:internal-dpl-injected-dummy-sink]:      / ____/___ _(_)_______   |/  /_  __ \    version 1.6.0
[164435:internal-dpl-injected-dummy-sink]:     / /_  / __ `/ / ___/__  /|_/ /_  / / /    build RELWITHDEBINFO
[164435:internal-dpl-injected-dummy-sink]:    / __/ / /_/ / / /    _  /  / / / /_/ /     https://github.com/FairRootGroup/FairMQ
[164435:internal-dpl-injected-dummy-sink]:   /_/    \__,_/_/_/     /_/  /_/  \___\_\     LGPL-3.0  © 2012-2023 GSI
[164435:internal-dpl-injected-dummy-sink]: 
[164435:internal-dpl-injected-dummy-sink]: [17:56:20][STATE] Starting FairMQ state machine --> IDLE
[164435:internal-dpl-injected-dummy-sink]: [17:56:20][STATE] IDLE ---> INITIALIZING DEVICE
[164435:internal-dpl-injected-dummy-sink]: [17:56:20][STATE] INITIALIZING DEVICE ---> INITIALIZED
[164432:MIDClusterizer]: [17:56:20][STATE] IDLE ---> INITIALIZING DEVICE
[164432:MIDClusterizer]: [17:56:20][STATE] INITIALIZING DEVICE ---> INITIALIZED
[164432:MIDClusterizer]: [17:56:20][STATE] INITIALIZED ---> BINDING
[164432:MIDClusterizer]: [17:56:20][STATE] BINDING ---> BOUND
[164433:MIDTracker]: [INFO] Spawing new device MIDTracker in process with pid 164433
[164432:MIDClusterizer]: [17:56:20][STATE] BOUND ---> CONNECTING
[164432:MIDClusterizer]: [17:56:20][STATE] CONNECTING ---> DEVICE READY
[164432:MIDClusterizer]: [17:56:20][STATE] DEVICE READY ---> INITIALIZING TASK
[164433:MIDTracker]: [17:56:20][INFO] 
[164433:MIDTracker]:       ______      _    _______  _________ 
[164433:MIDTracker]:      / ____/___ _(_)_______   |/  /_  __ \    version 1.6.0
[164433:MIDTracker]:     / /_  / __ `/ / ___/__  /|_/ /_  / / /    build RELWITHDEBINFO
[164433:MIDTracker]:    / __/ / /_/ / / /    _  /  / / / /_/ /     https://github.com/FairRootGroup/FairMQ
[164433:MIDTracker]:   /_/    \__,_/_/_/     /_/  /_/  \___\_\     LGPL-3.0  © 2012-2023 GSI
[164433:MIDTracker]: 
[164433:MIDTracker]: [17:56:20][STATE] Starting FairMQ state machine --> IDLE
[164435:internal-dpl-injected-dummy-sink]: [17:56:20][STATE] INITIALIZED ---> BINDING
[164435:internal-dpl-injected-dummy-sink]: [17:56:20][STATE] BINDING ---> BOUND
[164435:internal-dpl-injected-dummy-sink]: [17:56:20][STATE] BOUND ---> CONNECTING
[164435:internal-dpl-injected-dummy-sink]: [17:56:20][STATE] CONNECTING ---> DEVICE READY
[164435:internal-dpl-injected-dummy-sink]: [17:56:20][STATE] DEVICE READY ---> INITIALIZING TASK
[164432:MIDClusterizer]: [17:56:20][STATE] INITIALIZING TASK ---> READY
[164435:internal-dpl-injected-dummy-sink]: [17:56:20][STATE] INITIALIZING TASK ---> READY
[164432:MIDClusterizer]: [17:56:20][STATE] READY ---> RUNNING
[164432:MIDClusterizer]: [17:56:20][INFO] fair::mq::Device running...
[164432:MIDClusterizer]: [17:56:20][INFO] LHCPeriod is not available, using current month AUG
[164432:MIDClusterizer]: [17:56:20][INFO] Correctly handshaken websocket connection.
[164429:MIDDigitsReader]: [17:56:21][INFO] branch set up: MIDDigit
[164433:MIDTracker]: [17:56:21][STATE] IDLE ---> INITIALIZING DEVICE
[164435:internal-dpl-injected-dummy-sink]: [17:56:21][STATE] READY ---> RUNNING
[164435:internal-dpl-injected-dummy-sink]: [17:56:21][INFO] fair::mq::Device running...
[164435:internal-dpl-injected-dummy-sink]: [17:56:21][INFO] LHCPeriod is not available, using current month AUG
[164429:MIDDigitsReader]: [17:56:21][INFO] branch set up: MIDROFRecords
[164429:MIDDigitsReader]: [17:56:21][INFO] branch set up: MIDDigitMCLabels
[164429:MIDDigitsReader]: [17:56:21][STATE] INITIALIZING DEVICE ---> INITIALIZED
[164429:MIDDigitsReader]: [17:56:21][STATE] INITIALIZED ---> BINDING
[164435:internal-dpl-injected-dummy-sink]: [17:56:21][INFO] Correctly handshaken websocket connection.
[164429:MIDDigitsReader]: [17:56:21][STATE] BINDING ---> BOUND
[164429:MIDDigitsReader]: [17:56:21][STATE] BOUND ---> CONNECTING
[164429:MIDDigitsReader]: [17:56:21][STATE] CONNECTING ---> DEVICE READY
[164429:MIDDigitsReader]: [17:56:21][STATE] DEVICE READY ---> INITIALIZING TASK
[164433:MIDTracker]: [17:56:21][STATE] INITIALIZING DEVICE ---> INITIALIZED
[164429:MIDDigitsReader]: [17:56:21][STATE] INITIALIZING TASK ---> READY
[164429:MIDDigitsReader]: [17:56:21][STATE] READY ---> RUNNING
[164429:MIDDigitsReader]: [17:56:21][INFO] fair::mq::Device running...
[164429:MIDDigitsReader]: [17:56:21][INFO] LHCPeriod is not available, using current month AUG
[164433:MIDTracker]: [17:56:21][STATE] INITIALIZED ---> BINDING
[164433:MIDTracker]: [17:56:21][STATE] BINDING ---> BOUND
[164433:MIDTracker]: [17:56:21][STATE] BOUND ---> CONNECTING
[164433:MIDTracker]: [17:56:21][STATE] CONNECTING ---> DEVICE READY
[164433:MIDTracker]: [17:56:21][STATE] DEVICE READY ---> INITIALIZING TASK
[164433:MIDTracker]: [17:56:21][STATE] INITIALIZING TASK ---> READY
[164433:MIDTracker]: [17:56:21][STATE] READY ---> RUNNING
[164433:MIDTracker]: [17:56:21][INFO] fair::mq::Device running...
[164433:MIDTracker]: [17:56:21][INFO] LHCPeriod is not available, using current month AUG
[164433:MIDTracker]: [17:56:21][INFO] Correctly handshaken websocket connection.
[164434:MIDRecoWriter]: [INFO] Instrumenting crash signals
[164434:MIDRecoWriter]: [INFO] Spawing new device MIDRecoWriter in process with pid 164434
[164434:MIDRecoWriter]: [17:56:21][INFO] 
[164434:MIDRecoWriter]:       ______      _    _______  _________ 
[164434:MIDRecoWriter]:      / ____/___ _(_)_______   |/  /_  __ \    version 1.6.0
[164434:MIDRecoWriter]:     / /_  / __ `/ / ___/__  /|_/ /_  / / /    build RELWITHDEBINFO
[164434:MIDRecoWriter]:    / __/ / /_/ / / /    _  /  / / / /_/ /     https://github.com/FairRootGroup/FairMQ
[164434:MIDRecoWriter]:   /_/    \__,_/_/_/     /_/  /_/  \___\_\     LGPL-3.0  © 2012-2023 GSI
[164434:MIDRecoWriter]: 
[164434:MIDRecoWriter]: [17:56:21][STATE] Starting FairMQ state machine --> IDLE
[164434:MIDRecoWriter]: [17:56:21][STATE] IDLE ---> INITIALIZING DEVICE
[164434:MIDRecoWriter]: [17:56:21][INFO] 0: branch  MIDTrack set up
[164434:MIDRecoWriter]: [17:56:21][INFO] 1: branch  MIDTrackCluster set up
[164434:MIDRecoWriter]: [17:56:21][INFO] 2: branch  MIDTrackROF set up
[164434:MIDRecoWriter]: [17:56:21][INFO] 3: branch  MIDTrackClusterROF set up
[164434:MIDRecoWriter]: [17:56:21][INFO] 4: branch  MIDTrackLabels set up
[164434:MIDRecoWriter]: [17:56:21][INFO] 5: branch  MIDTrackClusterLabels set up
[164434:MIDRecoWriter]: [17:56:21][STATE] INITIALIZING DEVICE ---> INITIALIZED
[164434:MIDRecoWriter]: [17:56:21][STATE] INITIALIZED ---> BINDING
[164434:MIDRecoWriter]: [17:56:21][STATE] BINDING ---> BOUND
[164434:MIDRecoWriter]: [17:56:21][STATE] BOUND ---> CONNECTING
[164434:MIDRecoWriter]: [17:56:21][STATE] CONNECTING ---> DEVICE READY
[164434:MIDRecoWriter]: [17:56:21][STATE] DEVICE READY ---> INITIALIZING TASK
[164434:MIDRecoWriter]: [17:56:21][STATE] INITIALIZING TASK ---> READY
[164434:MIDRecoWriter]: [17:56:21][STATE] READY ---> RUNNING
[164434:MIDRecoWriter]: [17:56:21][INFO] fair::mq::Device running...
[164434:MIDRecoWriter]: [17:56:21][INFO] LHCPeriod is not available, using current month AUG
[164434:MIDRecoWriter]: [17:56:21][INFO] Correctly handshaken websocket connection.
[164430:internal-dpl-ccdb-backend]: [INFO] Instrumenting crash signals
[164430:internal-dpl-ccdb-backend]: [INFO] Spawing new device internal-dpl-ccdb-backend in process with pid 164430
[164430:internal-dpl-ccdb-backend]: [17:56:21][INFO] 
[164430:internal-dpl-ccdb-backend]:       ______      _    _______  _________ 
[164430:internal-dpl-ccdb-backend]:      / ____/___ _(_)_______   |/  /_  __ \    version 1.6.0
[164430:internal-dpl-ccdb-backend]:     / /_  / __ `/ / ___/__  /|_/ /_  / / /    build RELWITHDEBINFO
[164430:internal-dpl-ccdb-backend]:    / __/ / /_/ / / /    _  /  / / / /_/ /     https://github.com/FairRootGroup/FairMQ
[164430:internal-dpl-ccdb-backend]:   /_/    \__,_/_/_/     /_/  /_/  \___\_\     LGPL-3.0  © 2012-2023 GSI
[164430:internal-dpl-ccdb-backend]: 
[164430:internal-dpl-ccdb-backend]: [17:56:21][STATE] Starting FairMQ state machine --> IDLE
[164430:internal-dpl-ccdb-backend]: [17:56:21][STATE] IDLE ---> INITIALIZING DEVICE
[164430:internal-dpl-ccdb-backend]: [17:56:21][INFO] CCDB Backend at: http://alice-ccdb.cern.ch, validity check for every 2147483647 TF
[164430:internal-dpl-ccdb-backend]: [17:56:21][INFO] Init CcdApi with UserAgentID: localhost.localdomain-1692719781-Zy1wcK, Host: http://alice-ccdb.cern.ch
[164430:internal-dpl-ccdb-backend]: [17:56:21][INFO] Initialised default CCDB host http://alice-ccdb.cern.ch
[164430:internal-dpl-ccdb-backend]: [17:56:21][INFO] The following route is a condition MID/BAD_CHANNELS/0
[164430:internal-dpl-ccdb-backend]: [17:56:21][INFO] - ccdb-path: MID/Calib/BadChannels
[164430:internal-dpl-ccdb-backend]: [17:56:21][INFO] The following route is a condition MID/MASKED_CHANNELS/0
[164430:internal-dpl-ccdb-backend]: [17:56:21][INFO] - ccdb-path: MID/Calib/BadChannels
[164430:internal-dpl-ccdb-backend]: [17:56:21][INFO] The following route is a condition GLO/GEOMALIGN/0
[164430:internal-dpl-ccdb-backend]: [17:56:21][INFO] - ccdb-path: GLO/Config/GeometryAligned
[164430:internal-dpl-ccdb-backend]: [17:56:21][STATE] INITIALIZING DEVICE ---> INITIALIZED
[164430:internal-dpl-ccdb-backend]: [17:56:21][STATE] INITIALIZED ---> BINDING
[164430:internal-dpl-ccdb-backend]: [17:56:21][STATE] BINDING ---> BOUND
[164430:internal-dpl-ccdb-backend]: [17:56:21][STATE] BOUND ---> CONNECTING
[164430:internal-dpl-ccdb-backend]: [17:56:21][STATE] CONNECTING ---> DEVICE READY
[164430:internal-dpl-ccdb-backend]: [17:56:21][STATE] DEVICE READY ---> INITIALIZING TASK
[164429:MIDDigitsReader]: [17:56:21][INFO] Correctly handshaken websocket connection.
[164429:MIDDigitsReader]: [17:56:21][INFO] Sending end-of-stream message to channel from_MIDDigitsReader_to_internal-dpl-ccdb-backend
[164429:MIDDigitsReader]: [17:56:21][INFO] Sending end-of-stream message to channel from_MIDDigitsReader_to_MIDFiltering
[164430:internal-dpl-ccdb-backend]: [17:56:21][STATE] INITIALIZING TASK ---> READY
[164430:internal-dpl-ccdb-backend]: [17:56:21][STATE] READY ---> RUNNING
[164430:internal-dpl-ccdb-backend]: [17:56:21][INFO] fair::mq::Device running...
[164430:internal-dpl-ccdb-backend]: [17:56:21][INFO] LHCPeriod is not available, using current month AUG
[164430:internal-dpl-ccdb-backend]: Info in <TJAlienConnectionManager>: Opening connection to JCentral. Please wait
[164430:internal-dpl-ccdb-backend]: Info in <TJAlienConnectionManager>: Opening connection to 137.138.99.188
[164430:internal-dpl-ccdb-backend]: Info in <TJAlienConnectionManager>: Successfully connected to 137.138.99.188
[164430:internal-dpl-ccdb-backend]: Info in <TJAlienFile::Open>: Accessing file /alice/data/CCDB/CTP/Calib/OrbitReset/06/62200/b9f985c3-b4b0-11ec-8fd3-90ce809b24ee in SE <ALICE::CERN::EOS>
[164430:internal-dpl-ccdb-backend]: [17:56:22][INFO] ccdb reads http://alice-ccdb.cern.ch/CTP/Calib/OrbitReset/1546300800000/b9f985c3-b4b0-11ec-8fd3-90ce809b24ee for 1546300800000 (load to memory, agent_id: localhost.localdomain-1692719781-Zy1wcK), 
[164430:internal-dpl-ccdb-backend]: Info in <TJAlienFile::Open>: Accessing file /alice/data/CCDB/MID/Calib/BadChannels/02/17415/639eaa1c-d070-11ec-8000-0aa204881b9a in SE <ALICE::CERN::OCDB>
[164430:internal-dpl-ccdb-backend]: [17:56:22][INFO] ccdb reads http://alice-ccdb.cern.ch/MID/Calib/BadChannels/6635/639eaa1c-d070-11ec-8000-0aa204881b9a for 1546300800000 (load to memory, agent_id: localhost.localdomain-1692719781-Zy1wcK), 
[164430:internal-dpl-ccdb-backend]: Info in <TJAlienFile::Open>: Accessing file /alice/data/CCDB/GLO/Config/GeometryAligned/06/21224/787687c0-287a-11ed-8141-200114580202 in SE <ALICE::CERN::OCDB>
[164430:internal-dpl-ccdb-backend]: [17:56:22][INFO] ccdb reads http://alice-ccdb.cern.ch/GLO/Config/GeometryAligned/1546300800000/787687c0-287a-11ed-8141-200114580202 for 1546300800000 (load to memory, agent_id: localhost.localdomain-1692719781-Zy1wcK), 
[164430:internal-dpl-ccdb-backend]: [17:56:22][INFO] Correctly handshaken websocket connection.
[164430:internal-dpl-ccdb-backend]: [17:56:22][INFO] Sending end-of-stream message to channel from_internal-dpl-ccdb-backend_to_MIDFiltering
[164430:internal-dpl-ccdb-backend]: [17:56:22][INFO] Sending end-of-stream message to channel from_internal-dpl-ccdb-backend_to_MIDTracker
[164430:internal-dpl-ccdb-backend]: [17:56:22][INFO] Sending end-of-stream message to channel from_internal-dpl-ccdb-backend_to_internal-dpl-injected-dummy-sink
[164431:MIDFiltering]: [17:56:24][INFO] Update MID_BAD_CHANNELS
[164431:MIDFiltering]: [17:56:24][INFO] Caching in 139846248727392 ptr to MID/BAD_CHANNELS/0 (0x51e5830)
[164431:MIDFiltering]: [17:56:24][INFO] Sending end-of-stream message to channel from_MIDFiltering_to_MIDClusterizer
[164432:MIDClusterizer]: [17:56:24][INFO] Sending end-of-stream message to channel from_MIDClusterizer_to_MIDTracker
[164433:MIDTracker]: Info in <TGeoManager::CloseGeometry>: Geometry loaded from file...
[164433:MIDTracker]: Info in <TGeoManager::SetTopVolume>: Top volume is cave. Master volume is cave
[164433:MIDTracker]: Info in <TGeoNavigator::BuildCache>: --- Maximum geometry depth set to 100
[164433:MIDTracker]: Info in <TGeoManager::Voxelize>: Voxelizing...
[164433:MIDTracker]: Info in <TGeoManager::CountLevels>: max level = 13, max placements = 735
[164433:MIDTracker]: Info in <TGeoManager::CloseGeometry>: 5346742 nodes/ 27442 volume UID's in FAIR geometry
[164433:MIDTracker]: Info in <TGeoManager::CloseGeometry>: ----------------modeler ready----------------
[164433:MIDTracker]: [17:56:26][INFO] aligned geometry updated
[164433:MIDTracker]: [17:56:26][INFO] Caching in 139825507593472 ptr to GLO/GEOMALIGN/0 (0x4aca0d0)
[164433:MIDTracker]: [17:56:27][INFO] Update MID_MASKED_CHANNELS
[164433:MIDTracker]: [17:56:27][INFO] Caching in 139825507591008 ptr to MID/MASKED_CHANNELS/0 (0x4910d00)
[164433:MIDTracker]: [17:56:27][INFO] Sending end-of-stream message to channel from_MIDTracker_to_MIDRecoWriter
[164434:MIDRecoWriter]: [17:56:27][ERROR] Some Lifetime::Timeframe data got dropped starting at 1
[INFO] Quitting
[INFO] QUIT_REQUESTED
[164429:MIDDigitsReader]: [17:56:27][INFO] Received device shutdown request (signal 15).
[164429:MIDDigitsReader]: [17:56:27][INFO] Waiting for graceful device shutdown. Hit Ctrl-C again to abort immediately.
[164431:MIDFiltering]: [17:56:27][INFO] Received device shutdown request (signal 15).
[164431:MIDFiltering]: [17:56:27][INFO] Waiting for graceful device shutdown. Hit Ctrl-C again to abort immediately.
[164433:MIDTracker]: [17:56:27][INFO] Received device shutdown request (signal 15).
[164433:MIDTracker]: [17:56:27][INFO] Waiting for graceful device shutdown. Hit Ctrl-C again to abort immediately.
[164435:internal-dpl-injected-dummy-sink]: [17:56:27][INFO] Received device shutdown request (signal 15).
[164435:internal-dpl-injected-dummy-sink]: [17:56:27][INFO] Waiting for graceful device shutdown. Hit Ctrl-C again to abort immediately.
[164429:MIDDigitsReader]: [17:56:27][INFO] New state requested. No timeout set, quitting immediately as per --completion-policy
[164429:MIDDigitsReader]: [17:56:27][STATE] RUNNING ---> READY
[164431:MIDFiltering]: [17:56:27][INFO] New state requested. No timeout set, quitting immediately as per --completion-policy
[164431:MIDFiltering]: [17:56:27][STATE] RUNNING ---> READY
[164433:MIDTracker]: [17:56:27][INFO] New state requested. No timeout set, quitting immediately as per --completion-policy
[164433:MIDTracker]: [17:56:27][INFO] Processing time / 4 ROFs: full: 643420 us  tracking: 27.3727 us  hitMapBuilder: 1.8196e-05 us
[164433:MIDTracker]: [17:56:27][STATE] RUNNING ---> READY
[164435:internal-dpl-injected-dummy-sink]: [17:56:27][INFO] New state requested. No timeout set, quitting immediately as per --completion-policy
[164435:internal-dpl-injected-dummy-sink]: [17:56:27][STATE] RUNNING ---> READY
[164435:internal-dpl-injected-dummy-sink]: [17:56:27][STATE] READY ---> RESETTING TASK
[164435:internal-dpl-injected-dummy-sink]: [17:56:27][STATE] RESETTING TASK ---> DEVICE READY
[164433:MIDTracker]: [17:56:27][STATE] READY ---> RESETTING TASK
[164433:MIDTracker]: [17:56:27][STATE] RESETTING TASK ---> DEVICE READY
[164435:internal-dpl-injected-dummy-sink]: [17:56:27][STATE] DEVICE READY ---> RESETTING DEVICE
[164430:internal-dpl-ccdb-backend]: [17:56:27][INFO] Received device shutdown request (signal 15).
[164430:internal-dpl-ccdb-backend]: [17:56:27][INFO] Waiting for graceful device shutdown. Hit Ctrl-C again to abort immediately.
[164431:MIDFiltering]: [17:56:27][STATE] READY ---> RESETTING TASK
[164432:MIDClusterizer]: [17:56:27][INFO] Received device shutdown request (signal 15).
[164432:MIDClusterizer]: [17:56:27][INFO] Waiting for graceful device shutdown. Hit Ctrl-C again to abort immediately.
[164431:MIDFiltering]: [17:56:27][STATE] RESETTING TASK ---> DEVICE READY
[164433:MIDTracker]: [17:56:27][STATE] DEVICE READY ---> RESETTING DEVICE
[164429:MIDDigitsReader]: [17:56:27][STATE] READY ---> RESETTING TASK
[164429:MIDDigitsReader]: [17:56:27][STATE] RESETTING TASK ---> DEVICE READY
[164432:MIDClusterizer]: [17:56:27][INFO] New state requested. No timeout set, quitting immediately as per --completion-policy
[164432:MIDClusterizer]: [17:56:27][INFO] Processing time / 4 ROFs: full: 511.294 us  pre-clustering: 84.1005 us  clustering: 23.174 us
[164432:MIDClusterizer]: [17:56:27][STATE] RUNNING ---> READY
[164429:MIDDigitsReader]: [17:56:27][STATE] DEVICE READY ---> RESETTING DEVICE
[164430:internal-dpl-ccdb-backend]: [17:56:27][INFO] New state requested. No timeout set, quitting immediately as per --completion-policy
[164430:internal-dpl-ccdb-backend]: [17:56:27][INFO] CCDB cache miss/hit ratio:
[164430:internal-dpl-ccdb-backend]: [17:56:27][INFO]   GLO/Config/GeometryAligned: 1/0 (1847296-1847296 bytes)
[164430:internal-dpl-ccdb-backend]: [17:56:27][INFO]   MID/Calib/BadChannels: 1/1 (2048-2048 bytes)
[164430:internal-dpl-ccdb-backend]: [17:56:27][INFO]   CTP/Calib/OrbitReset: 1/1 (1024-1024 bytes)
[164430:internal-dpl-ccdb-backend]: [17:56:27][STATE] RUNNING ---> READY
[164432:MIDClusterizer]: [17:56:27][STATE] READY ---> RESETTING TASK
[164431:MIDFiltering]: [17:56:27][STATE] DEVICE READY ---> RESETTING DEVICE
[164432:MIDClusterizer]: [17:56:27][STATE] RESETTING TASK ---> DEVICE READY
[164432:MIDClusterizer]: [17:56:27][STATE] DEVICE READY ---> RESETTING DEVICE
[164430:internal-dpl-ccdb-backend]: [17:56:27][STATE] READY ---> RESETTING TASK
[164430:internal-dpl-ccdb-backend]: [17:56:27][STATE] RESETTING TASK ---> DEVICE READY
[164430:internal-dpl-ccdb-backend]: [17:56:27][STATE] DEVICE READY ---> RESETTING DEVICE
[164435:internal-dpl-injected-dummy-sink]: [17:56:27][STATE] RESETTING DEVICE ---> IDLE
[164435:internal-dpl-injected-dummy-sink]: [17:56:27][STATE] IDLE ---> EXITING
[164433:MIDTracker]: [17:56:27][STATE] RESETTING DEVICE ---> IDLE
[164431:MIDFiltering]: [17:56:27][STATE] RESETTING DEVICE ---> IDLE
[164433:MIDTracker]: [17:56:27][STATE] IDLE ---> EXITING
[164435:internal-dpl-injected-dummy-sink]: [17:56:27][STATE] Exiting FairMQ state machine
[164429:MIDDigitsReader]: [17:56:27][STATE] RESETTING DEVICE ---> IDLE
[164431:MIDFiltering]: [17:56:27][STATE] IDLE ---> EXITING
[164432:MIDClusterizer]: [17:56:27][STATE] RESETTING DEVICE ---> IDLE
[164431:MIDFiltering]: [17:56:27][STATE] Exiting FairMQ state machine
[164433:MIDTracker]: [17:56:27][STATE] Exiting FairMQ state machine
[164429:MIDDigitsReader]: [17:56:27][STATE] IDLE ---> EXITING
[164432:MIDClusterizer]: [17:56:27][STATE] IDLE ---> EXITING
[164430:internal-dpl-ccdb-backend]: [17:56:27][STATE] RESETTING DEVICE ---> IDLE
[164428:internal-dpl-clock]: [17:56:27][INFO] Received device shutdown request (signal 15).
[164428:internal-dpl-clock]: [17:56:27][INFO] Waiting for graceful device shutdown. Hit Ctrl-C again to abort immediately.
[164429:MIDDigitsReader]: [17:56:27][STATE] Exiting FairMQ state machine
[164430:internal-dpl-ccdb-backend]: [17:56:27][STATE] IDLE ---> EXITING
[164430:internal-dpl-ccdb-backend]: [17:56:27][STATE] Exiting FairMQ state machine
[164432:MIDClusterizer]: [17:56:27][STATE] Exiting FairMQ state machine
[164434:MIDRecoWriter]: [17:56:27][INFO] Received device shutdown request (signal 15).
[164434:MIDRecoWriter]: [17:56:27][INFO] Waiting for graceful device shutdown. Hit Ctrl-C again to abort immediately.
[164434:MIDRecoWriter]: [17:56:27][INFO] New state requested. No timeout set, quitting immediately as per --completion-policy
[164428:internal-dpl-clock]: [17:56:27][INFO] New state requested. No timeout set, quitting immediately as per --completion-policy
[164428:internal-dpl-clock]: [17:56:27][STATE] RUNNING ---> READY
[164428:internal-dpl-clock]: [17:56:27][STATE] READY ---> RESETTING TASK
[164428:internal-dpl-clock]: [17:56:27][STATE] RESETTING TASK ---> DEVICE READY
[164428:internal-dpl-clock]: [17:56:27][STATE] DEVICE READY ---> RESETTING DEVICE
[164428:internal-dpl-clock]: [17:56:27][STATE] RESETTING DEVICE ---> IDLE
[164428:internal-dpl-clock]: [17:56:27][STATE] IDLE ---> EXITING
[164428:internal-dpl-clock]: [17:56:27][STATE] Exiting FairMQ state machine
[164434:MIDRecoWriter]: [17:56:27][STATE] RUNNING ---> READY
[164434:MIDRecoWriter]: [17:56:27][STATE] READY ---> RESETTING TASK
[164434:MIDRecoWriter]: [17:56:27][STATE] RESETTING TASK ---> DEVICE READY
[164434:MIDRecoWriter]: [17:56:27][STATE] DEVICE READY ---> RESETTING DEVICE
[164434:MIDRecoWriter]: [17:56:27][INFO] Cleaning up for shared memory id 'f0d7091c'...
[164434:MIDRecoWriter]: [17:56:27][INFO] Found 0 unmanaged regions...
[164434:MIDRecoWriter]: [17:56:27][INFO] Found 1 managed segments...
[164434:MIDRecoWriter]: [17:56:27][INFO] Successfully removed 'fmq_f0d7091c_m_0'.
[164434:MIDRecoWriter]: [17:56:27][INFO] Successfully removed 'fmq_f0d7091c_mng'.
[164434:MIDRecoWriter]: [17:56:27][STATE] RESETTING DEVICE ---> IDLE
[164434:MIDRecoWriter]: [17:56:27][STATE] IDLE ---> EXITING
[164434:MIDRecoWriter]: [17:56:27][STATE] Exiting FairMQ state machine
[INFO] ## Processes completed. Run summary:
[INFO] ### Devices started: 8
[INFO]  - Device internal-dpl-clock: pid 164428 (exit 0)
[INFO]  - Device MIDDigitsReader: pid 164429 (exit 0)
[INFO]  - Device internal-dpl-ccdb-backend: pid 164430 (exit 0)
[INFO]  - Device MIDFiltering: pid 164431 (exit 0)
[INFO]  - Device MIDClusterizer: pid 164432 (exit 0)
[INFO]  - Device MIDTracker: pid 164433 (exit 0)
[INFO]  - Device MIDRecoWriter: pid 164434 (exit 0)
[INFO]  - Device internal-dpl-injected-dummy-sink: pid 164435 (exit 0)
[INFO] Dumping used configuration in dpl-config.json
TASK-EXIT-CODE: 0
