Running: TIME="#walltime %e" /usr/bin/time --output=trdMatch.log_time ./trdMatch.log_tmp.sh
[WARN] MC-truth is not supported for FT0 recpoints currently
[INFO] Initialising O2 Data Processing Layer. Driver PID: 166767.
[INFO] Driver listening on port: 24847
[INFO] Rate limiting set up at 500MB distributed over 1 readers
[INFO] O2 Data Processing Layer initialised. We brake for nobody.
[INFO] Optimised build. O2DEBUG / LOG(debug) / LOGF(debug) / assert statement will not be shown.
[INFO] Redeployment of configuration asked.
[INFO] Starting internal-dpl-clock on pid 166807
[INFO] Starting tpc-native-cluster-reader on pid 166808
[INFO] Starting its-track-reader on pid 166809
[INFO] Starting TRDTrackletReader on pid 166810
[INFO] Starting its-cluster-reader on pid 166811
[INFO] Starting itstpc-track-reader on pid 166812
[INFO] Starting tpc-track-reader on pid 166813
[INFO] Starting ft0-recpoints-reader on pid 166814
[INFO] Starting internal-dpl-ccdb-backend on pid 166815
[INFO] Starting tpc-clusters-sharing-map-producer on pid 166816
[INFO] Starting trd-globaltracking_TPC_FT0_ITS-TPC_ on pid 166817
[INFO] Starting trd-track-writer-tpc on pid 166818
[INFO] Starting trd-track-writer-tpcits on pid 166819
[INFO] Starting internal-dpl-injected-dummy-sink on pid 166820
[INFO] Redeployment of configuration done.
[166814:ft0-recpoints-reader]: [WARN] MC-truth is not supported for FT0 recpoints currently
[166815:internal-dpl-ccdb-backend]: [WARN] MC-truth is not supported for FT0 recpoints currently
[166818:trd-track-writer-tpc]: [WARN] MC-truth is not supported for FT0 recpoints currently
[166810:TRDTrackletReader]: [WARN] MC-truth is not supported for FT0 recpoints currently
[166809:its-track-reader]: [WARN] MC-truth is not supported for FT0 recpoints currently
[166809:its-track-reader]: [INFO] Instrumenting crash signals
[166809:its-track-reader]: [INFO] Spawing new device its-track-reader in process with pid 166809
[166809:its-track-reader]: [17:57:05][INFO] 
[166809:its-track-reader]:       ______      _    _______  _________ 
[166809:its-track-reader]:      / ____/___ _(_)_______   |/  /_  __ \    version 1.6.0
[166809:its-track-reader]:     / /_  / __ `/ / ___/__  /|_/ /_  / / /    build RELWITHDEBINFO
[166809:its-track-reader]:    / __/ / /_/ / / /    _  /  / / / /_/ /     https://github.com/FairRootGroup/FairMQ
[166809:its-track-reader]:   /_/    \__,_/_/_/     /_/  /_/  \___\_\     LGPL-3.0  © 2012-2023 GSI
[166809:its-track-reader]: 
[166809:its-track-reader]: [17:57:05][STATE] Starting FairMQ state machine --> IDLE
[166810:TRDTrackletReader]: [INFO] Instrumenting crash signals
[166810:TRDTrackletReader]: [INFO] Spawing new device TRDTrackletReader in process with pid 166810
[166810:TRDTrackletReader]: [17:57:05][INFO] 
[166810:TRDTrackletReader]:       ______      _    _______  _________ 
[166810:TRDTrackletReader]:      / ____/___ _(_)_______   |/  /_  __ \    version 1.6.0
[166810:TRDTrackletReader]:     / /_  / __ `/ / ___/__  /|_/ /_  / / /    build RELWITHDEBINFO
[166810:TRDTrackletReader]:    / __/ / /_/ / / /    _  /  / / / /_/ /     https://github.com/FairRootGroup/FairMQ
[166810:TRDTrackletReader]:   /_/    \__,_/_/_/     /_/  /_/  \___\_\     LGPL-3.0  © 2012-2023 GSI
[166810:TRDTrackletReader]: 
[166810:TRDTrackletReader]: [17:57:05][STATE] Starting FairMQ state machine --> IDLE
[166809:its-track-reader]: [17:57:05][STATE] IDLE ---> INITIALIZING DEVICE
[166810:TRDTrackletReader]: [17:57:05][STATE] IDLE ---> INITIALIZING DEVICE
[166810:TRDTrackletReader]: [17:57:05][INFO] Init TRD tracklet reader!
[166808:tpc-native-cluster-reader]: [WARN] MC-truth is not supported for FT0 recpoints currently
[166808:tpc-native-cluster-reader]: [INFO] Instrumenting crash signals
[166808:tpc-native-cluster-reader]: [INFO] Spawing new device tpc-native-cluster-reader in process with pid 166808
[166808:tpc-native-cluster-reader]: [17:57:06][INFO] 
[166808:tpc-native-cluster-reader]:       ______      _    _______  _________ 
[166808:tpc-native-cluster-reader]:      / ____/___ _(_)_______   |/  /_  __ \    version 1.6.0
[166808:tpc-native-cluster-reader]:     / /_  / __ `/ / ___/__  /|_/ /_  / / /    build RELWITHDEBINFO
[166808:tpc-native-cluster-reader]:    / __/ / /_/ / / /    _  /  / / / /_/ /     https://github.com/FairRootGroup/FairMQ
[166808:tpc-native-cluster-reader]:   /_/    \__,_/_/_/     /_/  /_/  \___\_\     LGPL-3.0  © 2012-2023 GSI
[166808:tpc-native-cluster-reader]: 
[166808:tpc-native-cluster-reader]: [17:57:06][STATE] Starting FairMQ state machine --> IDLE
[166808:tpc-native-cluster-reader]: [17:57:06][STATE] IDLE ---> INITIALIZING DEVICE
[166817:trd-globaltracking_TPC_FT0_ITS-TPC_]: [WARN] MC-truth is not supported for FT0 recpoints currently
[166820:internal-dpl-injected-dummy-sink]: [WARN] MC-truth is not supported for FT0 recpoints currently
[166812:itstpc-track-reader]: [WARN] MC-truth is not supported for FT0 recpoints currently
[166819:trd-track-writer-tpcits]: [WARN] MC-truth is not supported for FT0 recpoints currently
[166814:ft0-recpoints-reader]: [INFO] Instrumenting crash signals
[166814:ft0-recpoints-reader]: [INFO] Spawing new device ft0-recpoints-reader in process with pid 166814
[166814:ft0-recpoints-reader]: [17:57:09][INFO] 
[166814:ft0-recpoints-reader]:       ______      _    _______  _________ 
[166814:ft0-recpoints-reader]:      / ____/___ _(_)_______   |/  /_  __ \    version 1.6.0
[166814:ft0-recpoints-reader]:     / /_  / __ `/ / ___/__  /|_/ /_  / / /    build RELWITHDEBINFO
[166814:ft0-recpoints-reader]:    / __/ / /_/ / / /    _  /  / / / /_/ /     https://github.com/FairRootGroup/FairMQ
[166814:ft0-recpoints-reader]:   /_/    \__,_/_/_/     /_/  /_/  \___\_\     LGPL-3.0  © 2012-2023 GSI
[166814:ft0-recpoints-reader]: 
[166814:ft0-recpoints-reader]: [17:57:09][STATE] Starting FairMQ state machine --> IDLE
[166812:itstpc-track-reader]: [INFO] Instrumenting crash signals
[166812:itstpc-track-reader]: [INFO] Spawing new device itstpc-track-reader in process with pid 166812
[166812:itstpc-track-reader]: [17:57:09][INFO] 
[166812:itstpc-track-reader]:       ______      _    _______  _________ 
[166812:itstpc-track-reader]:      / ____/___ _(_)_______   |/  /_  __ \    version 1.6.0
[166812:itstpc-track-reader]:     / /_  / __ `/ / ___/__  /|_/ /_  / / /    build RELWITHDEBINFO
[166812:itstpc-track-reader]:    / __/ / /_/ / / /    _  /  / / / /_/ /     https://github.com/FairRootGroup/FairMQ
[166812:itstpc-track-reader]:   /_/    \__,_/_/_/     /_/  /_/  \___\_\     LGPL-3.0  © 2012-2023 GSI
[166812:itstpc-track-reader]: 
[166812:itstpc-track-reader]: [17:57:09][STATE] Starting FairMQ state machine --> IDLE
[166815:internal-dpl-ccdb-backend]: [INFO] Instrumenting crash signals
[166815:internal-dpl-ccdb-backend]: [INFO] Spawing new device internal-dpl-ccdb-backend in process with pid 166815
[166815:internal-dpl-ccdb-backend]: [17:57:09][INFO] 
[166815:internal-dpl-ccdb-backend]:       ______      _    _______  _________ 
[166815:internal-dpl-ccdb-backend]:      / ____/___ _(_)_______   |/  /_  __ \    version 1.6.0
[166815:internal-dpl-ccdb-backend]:     / /_  / __ `/ / ___/__  /|_/ /_  / / /    build RELWITHDEBINFO
[166815:internal-dpl-ccdb-backend]:    / __/ / /_/ / / /    _  /  / / / /_/ /     https://github.com/FairRootGroup/FairMQ
[166815:internal-dpl-ccdb-backend]:   /_/    \__,_/_/_/     /_/  /_/  \___\_\     LGPL-3.0  © 2012-2023 GSI
[166815:internal-dpl-ccdb-backend]: 
[166815:internal-dpl-ccdb-backend]: [17:57:09][STATE] Starting FairMQ state machine --> IDLE
[166815:internal-dpl-ccdb-backend]: [17:57:09][STATE] IDLE ---> INITIALIZING DEVICE
[166814:ft0-recpoints-reader]: [17:57:09][STATE] IDLE ---> INITIALIZING DEVICE
[166815:internal-dpl-ccdb-backend]: [17:57:09][INFO] CCDB Backend at: http://alice-ccdb.cern.ch, validity check for every 2147483647 TF
[166815:internal-dpl-ccdb-backend]: [17:57:09][INFO] Init CcdApi with UserAgentID: localhost.localdomain-1692719829-d9rrjz, Host: http://alice-ccdb.cern.ch
[166815:internal-dpl-ccdb-backend]: [17:57:09][INFO] Initialised default CCDB host http://alice-ccdb.cern.ch
[166815:internal-dpl-ccdb-backend]: [17:57:09][INFO] The following route is a condition TPC/CorrMapRef/0
[166815:internal-dpl-ccdb-backend]: [17:57:09][INFO] - ccdb-path: TPC/Calib/CorrectionMapRefV2
[166815:internal-dpl-ccdb-backend]: [17:57:09][INFO] The following route is a condition TPC/VDriftTgl/0
[166815:internal-dpl-ccdb-backend]: [17:57:09][INFO] - ccdb-path: TPC/Calib/VDriftTgl
[166815:internal-dpl-ccdb-backend]: [17:57:09][INFO] The following route is a condition GLO/GRPMAGFIELD/0
[166815:internal-dpl-ccdb-backend]: [17:57:09][INFO] - ccdb-path: GLO/Config/GRPMagField
[166815:internal-dpl-ccdb-backend]: [17:57:09][INFO] The following route is a condition GLO/MATLUT/0
[166815:internal-dpl-ccdb-backend]: [17:57:09][INFO] - ccdb-path: GLO/Param/MatLUT
[166815:internal-dpl-ccdb-backend]: [17:57:09][INFO] The following route is a condition ITS/CLUSDICT/0
[166815:internal-dpl-ccdb-backend]: [17:57:09][INFO] - ccdb-path: ITS/Calib/ClusterDictionary
[166815:internal-dpl-ccdb-backend]: [17:57:09][INFO] The following route is a condition ITS/ALPIDEPARAM/0
[166815:internal-dpl-ccdb-backend]: [17:57:09][INFO] - ccdb-path: ITS/Config/AlpideParam
[166815:internal-dpl-ccdb-backend]: [17:57:09][INFO] The following route is a condition TPC/CorrMap/0
[166815:internal-dpl-ccdb-backend]: [17:57:09][INFO] - ccdb-path: TPC/Calib/CorrectionMapV2
[166815:internal-dpl-ccdb-backend]: [17:57:09][INFO] The following route is a condition TPC/CalibLaserTracks/0
[166815:internal-dpl-ccdb-backend]: [17:57:09][INFO] - ccdb-path: TPC/Calib/LaserTracks
[166815:internal-dpl-ccdb-backend]: [17:57:09][INFO] The following route is a condition GLO/GEOMALIGN/0
[166815:internal-dpl-ccdb-backend]: [17:57:09][INFO] - ccdb-path: GLO/Config/GeometryAligned
[166815:internal-dpl-ccdb-backend]: [17:57:09][STATE] INITIALIZING DEVICE ---> INITIALIZED
[166815:internal-dpl-ccdb-backend]: [17:57:09][STATE] INITIALIZED ---> BINDING
[166815:internal-dpl-ccdb-backend]: [17:57:09][STATE] BINDING ---> BOUND
[166815:internal-dpl-ccdb-backend]: [17:57:09][STATE] BOUND ---> CONNECTING
[166815:internal-dpl-ccdb-backend]: [17:57:09][STATE] CONNECTING ---> DEVICE READY
[166815:internal-dpl-ccdb-backend]: [17:57:09][STATE] DEVICE READY ---> INITIALIZING TASK
[166812:itstpc-track-reader]: [17:57:09][STATE] IDLE ---> INITIALIZING DEVICE
[166808:tpc-native-cluster-reader]: [17:57:09][INFO] branch set up: TPCClusterNativeMCTruth_0
[166808:tpc-native-cluster-reader]: [17:57:09][INFO] binary branch set up: TPCClusterNative_0
[166815:internal-dpl-ccdb-backend]: [17:57:09][STATE] INITIALIZING TASK ---> READY
[166815:internal-dpl-ccdb-backend]: [17:57:09][STATE] READY ---> RUNNING
[166815:internal-dpl-ccdb-backend]: [17:57:09][INFO] fair::mq::Device running...
[166815:internal-dpl-ccdb-backend]: [17:57:09][INFO] LHCPeriod is not available, using current month AUG
[166815:internal-dpl-ccdb-backend]: [17:57:10][INFO] Correctly handshaken websocket connection.
[166807:internal-dpl-clock]: [WARN] MC-truth is not supported for FT0 recpoints currently
[166808:tpc-native-cluster-reader]: [17:57:10][INFO] branch set up: TPCClusterNativeMCTruth_1
[166808:tpc-native-cluster-reader]: [17:57:10][INFO] binary branch set up: TPCClusterNative_1
[166808:tpc-native-cluster-reader]: [17:57:10][INFO] branch set up: TPCClusterNativeMCTruth_2
[166808:tpc-native-cluster-reader]: [17:57:10][INFO] binary branch set up: TPCClusterNative_2
[166808:tpc-native-cluster-reader]: [17:57:10][INFO] branch set up: TPCClusterNativeMCTruth_3
[166808:tpc-native-cluster-reader]: [17:57:10][INFO] binary branch set up: TPCClusterNative_3
[166808:tpc-native-cluster-reader]: [17:57:10][INFO] branch set up: TPCClusterNativeMCTruth_4
[166808:tpc-native-cluster-reader]: [17:57:10][INFO] binary branch set up: TPCClusterNative_4
[166808:tpc-native-cluster-reader]: [17:57:10][INFO] branch set up: TPCClusterNativeMCTruth_5
[166808:tpc-native-cluster-reader]: [17:57:10][INFO] binary branch set up: TPCClusterNative_5
[166808:tpc-native-cluster-reader]: [17:57:10][INFO] branch set up: TPCClusterNativeMCTruth_6
[166808:tpc-native-cluster-reader]: [17:57:10][INFO] binary branch set up: TPCClusterNative_6
[166808:tpc-native-cluster-reader]: [17:57:10][INFO] branch set up: TPCClusterNativeMCTruth_7
[166808:tpc-native-cluster-reader]: [17:57:10][INFO] binary branch set up: TPCClusterNative_7
[166808:tpc-native-cluster-reader]: [17:57:10][INFO] branch set up: TPCClusterNativeMCTruth_8
[166808:tpc-native-cluster-reader]: [17:57:10][INFO] binary branch set up: TPCClusterNative_8
[166808:tpc-native-cluster-reader]: [17:57:10][INFO] branch set up: TPCClusterNativeMCTruth_9
[166808:tpc-native-cluster-reader]: [17:57:10][INFO] binary branch set up: TPCClusterNative_9
[166808:tpc-native-cluster-reader]: [17:57:10][INFO] branch set up: TPCClusterNativeMCTruth_10
[166808:tpc-native-cluster-reader]: [17:57:10][INFO] binary branch set up: TPCClusterNative_10
[166808:tpc-native-cluster-reader]: [17:57:10][INFO] branch set up: TPCClusterNativeMCTruth_11
[166808:tpc-native-cluster-reader]: [17:57:10][INFO] binary branch set up: TPCClusterNative_11
[166808:tpc-native-cluster-reader]: [17:57:10][INFO] branch set up: TPCClusterNativeMCTruth_12
[166808:tpc-native-cluster-reader]: [17:57:10][INFO] binary branch set up: TPCClusterNative_12
[166808:tpc-native-cluster-reader]: [17:57:10][INFO] branch set up: TPCClusterNativeMCTruth_13
[166808:tpc-native-cluster-reader]: [17:57:10][INFO] binary branch set up: TPCClusterNative_13
[166808:tpc-native-cluster-reader]: [17:57:10][INFO] branch set up: TPCClusterNativeMCTruth_14
[166808:tpc-native-cluster-reader]: [17:57:10][INFO] binary branch set up: TPCClusterNative_14
[166808:tpc-native-cluster-reader]: [17:57:10][INFO] branch set up: TPCClusterNativeMCTruth_15
[166808:tpc-native-cluster-reader]: [17:57:10][INFO] binary branch set up: TPCClusterNative_15
[166810:TRDTrackletReader]: [17:57:10][INFO] Loaded tree from trdtracklets.root with 1 entries
[166810:TRDTrackletReader]: [17:57:10][INFO] Loaded tree from trdcalibratedtracklets.root with 1 entries
[166810:TRDTrackletReader]: [17:57:11][STATE] INITIALIZING DEVICE ---> INITIALIZED
[166810:TRDTrackletReader]: [17:57:11][STATE] INITIALIZED ---> BINDING
[166810:TRDTrackletReader]: [17:57:11][STATE] BINDING ---> BOUND
[166808:tpc-native-cluster-reader]: [17:57:11][INFO] branch set up: TPCClusterNativeMCTruth_16
[166808:tpc-native-cluster-reader]: [17:57:11][INFO] binary branch set up: TPCClusterNative_16
[166810:TRDTrackletReader]: [17:57:11][STATE] BOUND ---> CONNECTING
[166810:TRDTrackletReader]: [17:57:11][STATE] CONNECTING ---> DEVICE READY
[166813:tpc-track-reader]: [WARN] MC-truth is not supported for FT0 recpoints currently
[166807:internal-dpl-clock]: [INFO] Instrumenting crash signals
[166807:internal-dpl-clock]: [INFO] Spawing new device internal-dpl-clock in process with pid 166807
[166807:internal-dpl-clock]: [17:57:11][INFO] 
[166807:internal-dpl-clock]:       ______      _    _______  _________ 
[166807:internal-dpl-clock]:      / ____/___ _(_)_______   |/  /_  __ \    version 1.6.0
[166807:internal-dpl-clock]:     / /_  / __ `/ / ___/__  /|_/ /_  / / /    build RELWITHDEBINFO
[166807:internal-dpl-clock]:    / __/ / /_/ / / /    _  /  / / / /_/ /     https://github.com/FairRootGroup/FairMQ
[166807:internal-dpl-clock]:   /_/    \__,_/_/_/     /_/  /_/  \___\_\     LGPL-3.0  © 2012-2023 GSI
[166807:internal-dpl-clock]: 
[166807:internal-dpl-clock]: [17:57:11][STATE] Starting FairMQ state machine --> IDLE
[166808:tpc-native-cluster-reader]: [17:57:11][INFO] branch set up: TPCClusterNativeMCTruth_17
[166808:tpc-native-cluster-reader]: [17:57:11][INFO] binary branch set up: TPCClusterNative_17
[166808:tpc-native-cluster-reader]: [17:57:11][INFO] branch set up: TPCClusterNativeMCTruth_18
[166808:tpc-native-cluster-reader]: [17:57:11][INFO] binary branch set up: TPCClusterNative_18
[166810:TRDTrackletReader]: [17:57:11][STATE] DEVICE READY ---> INITIALIZING TASK
[166808:tpc-native-cluster-reader]: [17:57:11][INFO] branch set up: TPCClusterNativeMCTruth_19
[166808:tpc-native-cluster-reader]: [17:57:11][INFO] binary branch set up: TPCClusterNative_19
[166808:tpc-native-cluster-reader]: [17:57:11][INFO] branch set up: TPCClusterNativeMCTruth_20
[166808:tpc-native-cluster-reader]: [17:57:11][INFO] binary branch set up: TPCClusterNative_20
[166818:trd-track-writer-tpc]: [INFO] Instrumenting crash signals
[166818:trd-track-writer-tpc]: [INFO] Spawing new device trd-track-writer-tpc in process with pid 166818
[166818:trd-track-writer-tpc]: [17:57:11][INFO] 
[166818:trd-track-writer-tpc]:       ______      _    _______  _________ 
[166818:trd-track-writer-tpc]:      / ____/___ _(_)_______   |/  /_  __ \    version 1.6.0
[166818:trd-track-writer-tpc]:     / /_  / __ `/ / ___/__  /|_/ /_  / / /    build RELWITHDEBINFO
[166818:trd-track-writer-tpc]:    / __/ / /_/ / / /    _  /  / / / /_/ /     https://github.com/FairRootGroup/FairMQ
[166818:trd-track-writer-tpc]:   /_/    \__,_/_/_/     /_/  /_/  \___\_\     LGPL-3.0  © 2012-2023 GSI
[166818:trd-track-writer-tpc]: 
[166818:trd-track-writer-tpc]: [17:57:11][STATE] Starting FairMQ state machine --> IDLE
[166818:trd-track-writer-tpc]: [17:57:11][STATE] IDLE ---> INITIALIZING DEVICE
[166807:internal-dpl-clock]: [17:57:11][STATE] IDLE ---> INITIALIZING DEVICE
[166810:TRDTrackletReader]: [17:57:11][STATE] INITIALIZING TASK ---> READY
[166810:TRDTrackletReader]: [17:57:11][STATE] READY ---> RUNNING
[166810:TRDTrackletReader]: [17:57:11][INFO] fair::mq::Device running...
[166810:TRDTrackletReader]: [17:57:11][INFO] LHCPeriod is not available, using current month AUG
[166817:trd-globaltracking_TPC_FT0_ITS-TPC_]: [INFO] Instrumenting crash signals
[166807:internal-dpl-clock]: [17:57:11][STATE] INITIALIZING DEVICE ---> INITIALIZED
[166820:internal-dpl-injected-dummy-sink]: [INFO] Instrumenting crash signals
[166810:TRDTrackletReader]: [17:57:11][INFO] Pushing 17 TRD trigger records at entry 0
[166810:TRDTrackletReader]: [17:57:11][INFO] Pushing 2199 uncalibrated TRD tracklets for these trigger records
[166810:TRDTrackletReader]: [17:57:11][INFO] Pushing 2199 calibrated TRD tracklets for these trigger records
[166810:TRDTrackletReader]: [17:57:11][INFO] Pushing 17 flags for the given TRD trigger records
[166807:internal-dpl-clock]: [17:57:11][STATE] INITIALIZED ---> BINDING
[166810:TRDTrackletReader]: [17:57:11][INFO] Pushing 2867 TRD tracklet labels
[166807:internal-dpl-clock]: [17:57:11][STATE] BINDING ---> BOUND
[166820:internal-dpl-injected-dummy-sink]: [INFO] Spawing new device internal-dpl-injected-dummy-sink in process with pid 166820
[166807:internal-dpl-clock]: [17:57:11][STATE] BOUND ---> CONNECTING
[166807:internal-dpl-clock]: [17:57:11][STATE] CONNECTING ---> DEVICE READY
[166817:trd-globaltracking_TPC_FT0_ITS-TPC_]: [INFO] Spawing new device trd-globaltracking_TPC_FT0_ITS-TPC_ in process with pid 166817
[166817:trd-globaltracking_TPC_FT0_ITS-TPC_]: [17:57:11][INFO] 
[166817:trd-globaltracking_TPC_FT0_ITS-TPC_]:       ______      _    _______  _________ 
[166817:trd-globaltracking_TPC_FT0_ITS-TPC_]:      / ____/___ _(_)_______   |/  /_  __ \    version 1.6.0
[166817:trd-globaltracking_TPC_FT0_ITS-TPC_]:     / /_  / __ `/ / ___/__  /|_/ /_  / / /    build RELWITHDEBINFO
[166817:trd-globaltracking_TPC_FT0_ITS-TPC_]:    / __/ / /_/ / / /    _  /  / / / /_/ /     https://github.com/FairRootGroup/FairMQ
[166817:trd-globaltracking_TPC_FT0_ITS-TPC_]:   /_/    \__,_/_/_/     /_/  /_/  \___\_\     LGPL-3.0  © 2012-2023 GSI
[166817:trd-globaltracking_TPC_FT0_ITS-TPC_]: 
[166817:trd-globaltracking_TPC_FT0_ITS-TPC_]: [17:57:11][STATE] Starting FairMQ state machine --> IDLE
[166807:internal-dpl-clock]: [17:57:11][STATE] DEVICE READY ---> INITIALIZING TASK
[166817:trd-globaltracking_TPC_FT0_ITS-TPC_]: [17:57:11][STATE] IDLE ---> INITIALIZING DEVICE
[166817:trd-globaltracking_TPC_FT0_ITS-TPC_]: [17:57:11][INFO] CTP Lumi request for TPC corr.map scaling=OFF, override values: lumiMean=0 lumiInst=0 lumiScaleMode=0
[166817:trd-globaltracking_TPC_FT0_ITS-TPC_]: [17:57:11][STATE] INITIALIZING DEVICE ---> INITIALIZED
[166817:trd-globaltracking_TPC_FT0_ITS-TPC_]: [17:57:11][STATE] INITIALIZED ---> BINDING
[166819:trd-track-writer-tpcits]: [INFO] Instrumenting crash signals
[166817:trd-globaltracking_TPC_FT0_ITS-TPC_]: [17:57:11][STATE] BINDING ---> BOUND
[166817:trd-globaltracking_TPC_FT0_ITS-TPC_]: [17:57:11][STATE] BOUND ---> CONNECTING
[166817:trd-globaltracking_TPC_FT0_ITS-TPC_]: [17:57:11][STATE] CONNECTING ---> DEVICE READY
[166817:trd-globaltracking_TPC_FT0_ITS-TPC_]: [17:57:11][STATE] DEVICE READY ---> INITIALIZING TASK
[166813:tpc-track-reader]: [INFO] Instrumenting crash signals
[166813:tpc-track-reader]: [INFO] Spawing new device tpc-track-reader in process with pid 166813
[166813:tpc-track-reader]: [17:57:11][INFO] 
[166813:tpc-track-reader]:       ______      _    _______  _________ 
[166813:tpc-track-reader]:      / ____/___ _(_)_______   |/  /_  __ \    version 1.6.0
[166813:tpc-track-reader]:     / /_  / __ `/ / ___/__  /|_/ /_  / / /    build RELWITHDEBINFO
[166813:tpc-track-reader]:    / __/ / /_/ / / /    _  /  / / / /_/ /     https://github.com/FairRootGroup/FairMQ
[166813:tpc-track-reader]:   /_/    \__,_/_/_/     /_/  /_/  \___\_\     LGPL-3.0  © 2012-2023 GSI
[166813:tpc-track-reader]: 
[166813:tpc-track-reader]: [17:57:11][STATE] Starting FairMQ state machine --> IDLE
[166819:trd-track-writer-tpcits]: [INFO] Spawing new device trd-track-writer-tpcits in process with pid 166819
[166819:trd-track-writer-tpcits]: [17:57:11][INFO] 
[166819:trd-track-writer-tpcits]:       ______      _    _______  _________ 
[166819:trd-track-writer-tpcits]:      / ____/___ _(_)_______   |/  /_  __ \    version 1.6.0
[166819:trd-track-writer-tpcits]:     / /_  / __ `/ / ___/__  /|_/ /_  / / /    build RELWITHDEBINFO
[166819:trd-track-writer-tpcits]:    / __/ / /_/ / / /    _  /  / / / /_/ /     https://github.com/FairRootGroup/FairMQ
[166819:trd-track-writer-tpcits]:   /_/    \__,_/_/_/     /_/  /_/  \___\_\     LGPL-3.0  © 2012-2023 GSI
[166819:trd-track-writer-tpcits]: 
[166819:trd-track-writer-tpcits]: [17:57:11][STATE] Starting FairMQ state machine --> IDLE
[166809:its-track-reader]: [17:57:12][INFO] Loaded tree from o2trac_its.root with 1 entries
[166809:its-track-reader]: [17:57:12][STATE] INITIALIZING DEVICE ---> INITIALIZED
[166820:internal-dpl-injected-dummy-sink]: [17:57:12][INFO] 
[166820:internal-dpl-injected-dummy-sink]:       ______      _    _______  _________ 
[166820:internal-dpl-injected-dummy-sink]:      / ____/___ _(_)_______   |/  /_  __ \    version 1.6.0
[166820:internal-dpl-injected-dummy-sink]:     / /_  / __ `/ / ___/__  /|_/ /_  / / /    build RELWITHDEBINFO
[166820:internal-dpl-injected-dummy-sink]:    / __/ / /_/ / / /    _  /  / / / /_/ /     https://github.com/FairRootGroup/FairMQ
[166820:internal-dpl-injected-dummy-sink]:   /_/    \__,_/_/_/     /_/  /_/  \___\_\     LGPL-3.0  © 2012-2023 GSI
[166820:internal-dpl-injected-dummy-sink]: 
[166820:internal-dpl-injected-dummy-sink]: [17:57:12][STATE] Starting FairMQ state machine --> IDLE
[166810:TRDTrackletReader]: [17:57:12][INFO] Sending end-of-stream message to channel from_TRDTrackletReader_to_internal-dpl-ccdb-backend
[166810:TRDTrackletReader]: [17:57:12][INFO] Sending end-of-stream message to channel from_TRDTrackletReader_to_trd-globaltracking_TPC_FT0_ITS-TPC_
[166810:TRDTrackletReader]: [17:57:12][INFO] Correctly handshaken websocket connection.
[166820:internal-dpl-injected-dummy-sink]: [17:57:12][STATE] IDLE ---> INITIALIZING DEVICE
[166820:internal-dpl-injected-dummy-sink]: [17:57:12][STATE] INITIALIZING DEVICE ---> INITIALIZED
[166820:internal-dpl-injected-dummy-sink]: [17:57:12][STATE] INITIALIZED ---> BINDING
[166820:internal-dpl-injected-dummy-sink]: [17:57:12][STATE] BINDING ---> BOUND
[166813:tpc-track-reader]: [17:57:12][STATE] IDLE ---> INITIALIZING DEVICE
[166820:internal-dpl-injected-dummy-sink]: [17:57:12][STATE] BOUND ---> CONNECTING
[166820:internal-dpl-injected-dummy-sink]: [17:57:12][STATE] CONNECTING ---> DEVICE READY
[166820:internal-dpl-injected-dummy-sink]: [17:57:12][STATE] DEVICE READY ---> INITIALIZING TASK
[166819:trd-track-writer-tpcits]: [17:57:12][STATE] IDLE ---> INITIALIZING DEVICE
[166817:trd-globaltracking_TPC_FT0_ITS-TPC_]: [17:57:12][STATE] INITIALIZING TASK ---> READY
[166817:trd-globaltracking_TPC_FT0_ITS-TPC_]: [17:57:12][STATE] READY ---> RUNNING
[166817:trd-globaltracking_TPC_FT0_ITS-TPC_]: [17:57:12][INFO] fair::mq::Device running...
[166817:trd-globaltracking_TPC_FT0_ITS-TPC_]: [17:57:12][INFO] LHCPeriod is not available, using current month AUG
[166817:trd-globaltracking_TPC_FT0_ITS-TPC_]: [17:57:12][INFO] Correctly handshaken websocket connection.
[166820:internal-dpl-injected-dummy-sink]: [17:57:12][STATE] INITIALIZING TASK ---> READY
[166820:internal-dpl-injected-dummy-sink]: [17:57:12][STATE] READY ---> RUNNING
[166820:internal-dpl-injected-dummy-sink]: [17:57:12][INFO] fair::mq::Device running...
[166820:internal-dpl-injected-dummy-sink]: [17:57:12][INFO] LHCPeriod is not available, using current month AUG
[166820:internal-dpl-injected-dummy-sink]: [17:57:12][INFO] Correctly handshaken websocket connection.
[166807:internal-dpl-clock]: [17:57:12][STATE] INITIALIZING TASK ---> READY
[166808:tpc-native-cluster-reader]: [17:57:12][INFO] branch set up: TPCClusterNativeMCTruth_21
[166808:tpc-native-cluster-reader]: [17:57:12][INFO] binary branch set up: TPCClusterNative_21
[166808:tpc-native-cluster-reader]: [17:57:12][INFO] branch set up: TPCClusterNativeMCTruth_22
[166808:tpc-native-cluster-reader]: [17:57:12][INFO] binary branch set up: TPCClusterNative_22
[166807:internal-dpl-clock]: [17:57:12][STATE] READY ---> RUNNING
[166807:internal-dpl-clock]: [17:57:12][INFO] fair::mq::Device running...
[166807:internal-dpl-clock]: [17:57:12][INFO] LHCPeriod is not available, using current month AUG
[166807:internal-dpl-clock]: [17:57:12][INFO] Correctly handshaken websocket connection.
[166808:tpc-native-cluster-reader]: [17:57:12][INFO] branch set up: TPCClusterNativeMCTruth_23
[166808:tpc-native-cluster-reader]: [17:57:12][INFO] binary branch set up: TPCClusterNative_23
[166808:tpc-native-cluster-reader]: [17:57:12][INFO] branch set up: TPCClusterNativeMCTruth_24
[166808:tpc-native-cluster-reader]: [17:57:12][INFO] binary branch set up: TPCClusterNative_24
[166808:tpc-native-cluster-reader]: [17:57:12][INFO] branch set up: TPCClusterNativeMCTruth_25
[166808:tpc-native-cluster-reader]: [17:57:12][INFO] binary branch set up: TPCClusterNative_25
[166808:tpc-native-cluster-reader]: [17:57:12][INFO] branch set up: TPCClusterNativeMCTruth_26
[166808:tpc-native-cluster-reader]: [17:57:12][INFO] binary branch set up: TPCClusterNative_26
[166808:tpc-native-cluster-reader]: [17:57:12][INFO] branch set up: TPCClusterNativeMCTruth_27
[166808:tpc-native-cluster-reader]: [17:57:12][INFO] binary branch set up: TPCClusterNative_27
[166818:trd-track-writer-tpc]: [17:57:12][INFO] 0: branch  tracks set up
[166818:trd-track-writer-tpc]: [17:57:12][INFO] 1: branch  trgrec set up
[166818:trd-track-writer-tpc]: [17:57:12][INFO] 2: branch  labelsTRD set up
[166818:trd-track-writer-tpc]: [17:57:12][INFO] 3: branch  labels set up
[166818:trd-track-writer-tpc]: [17:57:12][STATE] INITIALIZING DEVICE ---> INITIALIZED
[166811:its-cluster-reader]: [WARN] MC-truth is not supported for FT0 recpoints currently
[166819:trd-track-writer-tpcits]: [17:57:12][INFO] 0: branch  tracks set up
[166819:trd-track-writer-tpcits]: [17:57:12][INFO] 1: branch  trgrec set up
[166819:trd-track-writer-tpcits]: [17:57:12][INFO] 2: branch  labelsTRD set up
[166819:trd-track-writer-tpcits]: [17:57:12][INFO] 3: branch  labels set up
[166819:trd-track-writer-tpcits]: [17:57:12][STATE] INITIALIZING DEVICE ---> INITIALIZED
[166818:trd-track-writer-tpc]: [17:57:12][STATE] INITIALIZED ---> BINDING
[166818:trd-track-writer-tpc]: [17:57:12][STATE] BINDING ---> BOUND
[166818:trd-track-writer-tpc]: [17:57:12][STATE] BOUND ---> CONNECTING
[166818:trd-track-writer-tpc]: [17:57:12][STATE] CONNECTING ---> DEVICE READY
[166818:trd-track-writer-tpc]: [17:57:12][STATE] DEVICE READY ---> INITIALIZING TASK
[166818:trd-track-writer-tpc]: [17:57:12][STATE] INITIALIZING TASK ---> READY
[166818:trd-track-writer-tpc]: [17:57:12][STATE] READY ---> RUNNING
[166818:trd-track-writer-tpc]: [17:57:12][INFO] fair::mq::Device running...
[166818:trd-track-writer-tpc]: [17:57:12][INFO] LHCPeriod is not available, using current month AUG
[166819:trd-track-writer-tpcits]: [17:57:12][STATE] INITIALIZED ---> BINDING
[166819:trd-track-writer-tpcits]: [17:57:12][STATE] BINDING ---> BOUND
[166819:trd-track-writer-tpcits]: [17:57:12][STATE] BOUND ---> CONNECTING
[166808:tpc-native-cluster-reader]: [17:57:12][INFO] branch set up: TPCClusterNativeMCTruth_28
[166808:tpc-native-cluster-reader]: [17:57:12][INFO] binary branch set up: TPCClusterNative_28
[166808:tpc-native-cluster-reader]: [17:57:12][INFO] branch set up: TPCClusterNativeMCTruth_29
[166808:tpc-native-cluster-reader]: [17:57:12][INFO] binary branch set up: TPCClusterNative_29
[166808:tpc-native-cluster-reader]: [17:57:12][INFO] branch set up: TPCClusterNativeMCTruth_30
[166808:tpc-native-cluster-reader]: [17:57:12][INFO] binary branch set up: TPCClusterNative_30
[166808:tpc-native-cluster-reader]: [17:57:12][INFO] branch set up: TPCClusterNativeMCTruth_31
[166808:tpc-native-cluster-reader]: [17:57:12][INFO] binary branch set up: TPCClusterNative_31
[166808:tpc-native-cluster-reader]: [17:57:12][INFO] branch set up: TPCClusterNativeMCTruth_32
[166808:tpc-native-cluster-reader]: [17:57:12][INFO] binary branch set up: TPCClusterNative_32
[166808:tpc-native-cluster-reader]: [17:57:12][INFO] branch set up: TPCClusterNativeMCTruth_33
[166808:tpc-native-cluster-reader]: [17:57:12][INFO] binary branch set up: TPCClusterNative_33
[166808:tpc-native-cluster-reader]: [17:57:12][INFO] branch set up: TPCClusterNativeMCTruth_34
[166808:tpc-native-cluster-reader]: [17:57:12][INFO] binary branch set up: TPCClusterNative_34
[166808:tpc-native-cluster-reader]: [17:57:12][INFO] branch set up: TPCClusterNativeMCTruth_35
[166808:tpc-native-cluster-reader]: [17:57:12][INFO] binary branch set up: TPCClusterNative_35
[166808:tpc-native-cluster-reader]: [17:57:12][STATE] INITIALIZING DEVICE ---> INITIALIZED
[166811:its-cluster-reader]: [INFO] Instrumenting crash signals
[166818:trd-track-writer-tpc]: [17:57:12][INFO] Correctly handshaken websocket connection.
[166819:trd-track-writer-tpcits]: [17:57:12][STATE] CONNECTING ---> DEVICE READY
[166819:trd-track-writer-tpcits]: [17:57:12][STATE] DEVICE READY ---> INITIALIZING TASK
[166819:trd-track-writer-tpcits]: [17:57:12][STATE] INITIALIZING TASK ---> READY
[166819:trd-track-writer-tpcits]: [17:57:12][STATE] READY ---> RUNNING
[166819:trd-track-writer-tpcits]: [17:57:12][INFO] fair::mq::Device running...
[166819:trd-track-writer-tpcits]: [17:57:12][INFO] LHCPeriod is not available, using current month AUG
[166811:its-cluster-reader]: [INFO] Spawing new device its-cluster-reader in process with pid 166811
[166811:its-cluster-reader]: [17:57:12][INFO] 
[166811:its-cluster-reader]:       ______      _    _______  _________ 
[166811:its-cluster-reader]:      / ____/___ _(_)_______   |/  /_  __ \    version 1.6.0
[166811:its-cluster-reader]:     / /_  / __ `/ / ___/__  /|_/ /_  / / /    build RELWITHDEBINFO
[166811:its-cluster-reader]:    / __/ / /_/ / / /    _  /  / / / /_/ /     https://github.com/FairRootGroup/FairMQ
[166811:its-cluster-reader]:   /_/    \__,_/_/_/     /_/  /_/  \___\_\     LGPL-3.0  © 2012-2023 GSI
[166811:its-cluster-reader]: 
[166811:its-cluster-reader]: [17:57:12][STATE] Starting FairMQ state machine --> IDLE
[166819:trd-track-writer-tpcits]: [17:57:12][INFO] Correctly handshaken websocket connection.
[166808:tpc-native-cluster-reader]: [17:57:12][STATE] INITIALIZED ---> BINDING
[166811:its-cluster-reader]: [17:57:12][STATE] IDLE ---> INITIALIZING DEVICE
[166809:its-track-reader]: [17:57:12][STATE] INITIALIZED ---> BINDING
[166809:its-track-reader]: [17:57:12][STATE] BINDING ---> BOUND
[166809:its-track-reader]: [17:57:12][STATE] BOUND ---> CONNECTING
[166809:its-track-reader]: [17:57:12][STATE] CONNECTING ---> DEVICE READY
[166809:its-track-reader]: [17:57:12][STATE] DEVICE READY ---> INITIALIZING TASK
[166808:tpc-native-cluster-reader]: [17:57:12][STATE] BINDING ---> BOUND
[166808:tpc-native-cluster-reader]: [17:57:12][STATE] BOUND ---> CONNECTING
[166808:tpc-native-cluster-reader]: [17:57:12][STATE] CONNECTING ---> DEVICE READY
[166808:tpc-native-cluster-reader]: [17:57:12][STATE] DEVICE READY ---> INITIALIZING TASK
[166808:tpc-native-cluster-reader]: [17:57:12][STATE] INITIALIZING TASK ---> READY
[166808:tpc-native-cluster-reader]: [17:57:12][STATE] READY ---> RUNNING
[166808:tpc-native-cluster-reader]: [17:57:12][INFO] fair::mq::Device running...
[166808:tpc-native-cluster-reader]: [17:57:12][INFO] LHCPeriod is not available, using current month AUG
[166809:its-track-reader]: [17:57:12][STATE] INITIALIZING TASK ---> READY
[166809:its-track-reader]: [17:57:12][STATE] READY ---> RUNNING
[166809:its-track-reader]: [17:57:12][INFO] fair::mq::Device running...
[166809:its-track-reader]: [17:57:12][INFO] LHCPeriod is not available, using current month AUG
[166808:tpc-native-cluster-reader]: [17:57:13][INFO] branch TPCClusterNative_0: publishing binary chunk of 65964 bytes(s)
[166808:tpc-native-cluster-reader]: [17:57:13][INFO] branch TPCClusterNative_1: publishing binary chunk of 78288 bytes(s)
[166808:tpc-native-cluster-reader]: [17:57:13][INFO] branch TPCClusterNative_2: publishing binary chunk of 88296 bytes(s)
[166809:its-track-reader]: [17:57:13][INFO] Pushing 342 track in 293 ROFs at entry 0
[166809:its-track-reader]: [17:57:13][INFO] Sending end-of-stream message to channel from_its-track-reader_to_trd-globaltracking_TPC_FT0_ITS-TPC_
[166809:its-track-reader]: [17:57:13][INFO] Sending end-of-stream message to channel from_its-track-reader_to_internal-dpl-injected-dummy-sink
[166809:its-track-reader]: [17:57:13][INFO] Correctly handshaken websocket connection.
[166808:tpc-native-cluster-reader]: [17:57:13][INFO] branch TPCClusterNative_3: publishing binary chunk of 87144 bytes(s)
[166808:tpc-native-cluster-reader]: [17:57:13][INFO] branch TPCClusterNative_4: publishing binary chunk of 70812 bytes(s)
[166808:tpc-native-cluster-reader]: [17:57:13][INFO] branch TPCClusterNative_5: publishing binary chunk of 60780 bytes(s)
[166808:tpc-native-cluster-reader]: [17:57:13][INFO] branch TPCClusterNative_6: publishing binary chunk of 95976 bytes(s)
[166808:tpc-native-cluster-reader]: [17:57:13][INFO] branch TPCClusterNative_7: publishing binary chunk of 63312 bytes(s)
[166808:tpc-native-cluster-reader]: [17:57:13][INFO] branch TPCClusterNative_8: publishing binary chunk of 95448 bytes(s)
[166808:tpc-native-cluster-reader]: [17:57:13][INFO] branch TPCClusterNative_9: publishing binary chunk of 63960 bytes(s)
[166808:tpc-native-cluster-reader]: [17:57:13][INFO] branch TPCClusterNative_10: publishing binary chunk of 65112 bytes(s)
[166808:tpc-native-cluster-reader]: [17:57:13][INFO] branch TPCClusterNative_11: publishing binary chunk of 63936 bytes(s)
[166808:tpc-native-cluster-reader]: [17:57:13][INFO] branch TPCClusterNative_12: publishing binary chunk of 71784 bytes(s)
[166808:tpc-native-cluster-reader]: [17:57:13][INFO] branch TPCClusterNative_13: publishing binary chunk of 68076 bytes(s)
[166808:tpc-native-cluster-reader]: [17:57:13][INFO] branch TPCClusterNative_14: publishing binary chunk of 62928 bytes(s)
[166808:tpc-native-cluster-reader]: [17:57:13][INFO] branch TPCClusterNative_15: publishing binary chunk of 55560 bytes(s)
[166808:tpc-native-cluster-reader]: [17:57:13][INFO] branch TPCClusterNative_16: publishing binary chunk of 62820 bytes(s)
[166808:tpc-native-cluster-reader]: [17:57:13][INFO] branch TPCClusterNative_17: publishing binary chunk of 63372 bytes(s)
[166808:tpc-native-cluster-reader]: [17:57:13][INFO] branch TPCClusterNative_18: publishing binary chunk of 65424 bytes(s)
[166808:tpc-native-cluster-reader]: [17:57:13][INFO] branch TPCClusterNative_19: publishing binary chunk of 67272 bytes(s)
[166808:tpc-native-cluster-reader]: [17:57:13][INFO] branch TPCClusterNative_20: publishing binary chunk of 69240 bytes(s)
[166808:tpc-native-cluster-reader]: [17:57:13][INFO] branch TPCClusterNative_21: publishing binary chunk of 69120 bytes(s)
[166808:tpc-native-cluster-reader]: [17:57:13][INFO] branch TPCClusterNative_22: publishing binary chunk of 54252 bytes(s)
[166808:tpc-native-cluster-reader]: [17:57:13][INFO] branch TPCClusterNative_23: publishing binary chunk of 63996 bytes(s)
[166808:tpc-native-cluster-reader]: [17:57:13][INFO] branch TPCClusterNative_24: publishing binary chunk of 78192 bytes(s)
[166808:tpc-native-cluster-reader]: [17:57:13][INFO] branch TPCClusterNative_25: publishing binary chunk of 61716 bytes(s)
[166808:tpc-native-cluster-reader]: [17:57:13][INFO] branch TPCClusterNative_26: publishing binary chunk of 87324 bytes(s)
[166808:tpc-native-cluster-reader]: [17:57:14][INFO] branch TPCClusterNative_27: publishing binary chunk of 62220 bytes(s)
[166808:tpc-native-cluster-reader]: [17:57:14][INFO] branch TPCClusterNative_28: publishing binary chunk of 58128 bytes(s)
[166808:tpc-native-cluster-reader]: [17:57:14][INFO] branch TPCClusterNative_29: publishing binary chunk of 62316 bytes(s)
[166808:tpc-native-cluster-reader]: [17:57:14][INFO] branch TPCClusterNative_30: publishing binary chunk of 60336 bytes(s)
[166816:tpc-clusters-sharing-map-producer]: [WARN] MC-truth is not supported for FT0 recpoints currently
[166808:tpc-native-cluster-reader]: [17:57:14][INFO] branch TPCClusterNative_31: publishing binary chunk of 64476 bytes(s)
[166808:tpc-native-cluster-reader]: [17:57:14][INFO] branch TPCClusterNative_32: publishing binary chunk of 60108 bytes(s)
[166808:tpc-native-cluster-reader]: [17:57:14][INFO] branch TPCClusterNative_33: publishing binary chunk of 54456 bytes(s)
[166808:tpc-native-cluster-reader]: [17:57:14][INFO] branch TPCClusterNative_34: publishing binary chunk of 49548 bytes(s)
[166808:tpc-native-cluster-reader]: [17:57:14][INFO] branch TPCClusterNative_35: publishing binary chunk of 61596 bytes(s)
[166816:tpc-clusters-sharing-map-producer]: [INFO] Instrumenting crash signals
[166816:tpc-clusters-sharing-map-producer]: [INFO] Spawing new device tpc-clusters-sharing-map-producer in process with pid 166816
[166816:tpc-clusters-sharing-map-producer]: [17:57:14][INFO] 
[166816:tpc-clusters-sharing-map-producer]:       ______      _    _______  _________ 
[166816:tpc-clusters-sharing-map-producer]:      / ____/___ _(_)_______   |/  /_  __ \    version 1.6.0
[166816:tpc-clusters-sharing-map-producer]:     / /_  / __ `/ / ___/__  /|_/ /_  / / /    build RELWITHDEBINFO
[166816:tpc-clusters-sharing-map-producer]:    / __/ / /_/ / / /    _  /  / / / /_/ /     https://github.com/FairRootGroup/FairMQ
[166816:tpc-clusters-sharing-map-producer]:   /_/    \__,_/_/_/     /_/  /_/  \___\_\     LGPL-3.0  © 2012-2023 GSI
[166816:tpc-clusters-sharing-map-producer]: 
[166816:tpc-clusters-sharing-map-producer]: [17:57:14][STATE] Starting FairMQ state machine --> IDLE
[166816:tpc-clusters-sharing-map-producer]: [17:57:14][STATE] IDLE ---> INITIALIZING DEVICE
[166816:tpc-clusters-sharing-map-producer]: [17:57:14][STATE] INITIALIZING DEVICE ---> INITIALIZED
[166816:tpc-clusters-sharing-map-producer]: [17:57:14][STATE] INITIALIZED ---> BINDING
[166816:tpc-clusters-sharing-map-producer]: [17:57:14][STATE] BINDING ---> BOUND
[166816:tpc-clusters-sharing-map-producer]: [17:57:14][STATE] BOUND ---> CONNECTING
[166816:tpc-clusters-sharing-map-producer]: [17:57:14][STATE] CONNECTING ---> DEVICE READY
[166816:tpc-clusters-sharing-map-producer]: [17:57:14][STATE] DEVICE READY ---> INITIALIZING TASK
[166808:tpc-native-cluster-reader]: [17:57:14][INFO] Correctly handshaken websocket connection.
[166816:tpc-clusters-sharing-map-producer]: [17:57:14][STATE] INITIALIZING TASK ---> READY
[166816:tpc-clusters-sharing-map-producer]: [17:57:15][STATE] READY ---> RUNNING
[166816:tpc-clusters-sharing-map-producer]: [17:57:15][INFO] fair::mq::Device running...
[166816:tpc-clusters-sharing-map-producer]: [17:57:15][INFO] LHCPeriod is not available, using current month AUG
[166816:tpc-clusters-sharing-map-producer]: [17:57:15][INFO] Correctly handshaken websocket connection.
[166808:tpc-native-cluster-reader]: [17:57:15][INFO] Sending end-of-stream message to channel from_tpc-native-cluster-reader_to_tpc-clusters-sharing-map-producer
[166808:tpc-native-cluster-reader]: [17:57:15][INFO] Sending end-of-stream message to channel from_tpc-native-cluster-reader_to_internal-dpl-injected-dummy-sink
[166814:ft0-recpoints-reader]: [17:57:17][INFO] Loaded FT0 RecPoints tree from o2reco_ft0.root with 1 entries
[166814:ft0-recpoints-reader]: [17:57:17][STATE] INITIALIZING DEVICE ---> INITIALIZED
[166813:tpc-track-reader]: [17:57:17][INFO] Will use MC-truth from TPCTracksMCTruth
[166813:tpc-track-reader]: [17:57:17][INFO] Loaded tree from tpctracks.root with 1 entries
[166813:tpc-track-reader]: [17:57:17][STATE] INITIALIZING DEVICE ---> INITIALIZED
[166814:ft0-recpoints-reader]: [17:57:17][STATE] INITIALIZED ---> BINDING
[166813:tpc-track-reader]: [17:57:17][STATE] INITIALIZED ---> BINDING
[166813:tpc-track-reader]: [17:57:17][STATE] BINDING ---> BOUND
[166813:tpc-track-reader]: [17:57:17][STATE] BOUND ---> CONNECTING
[166813:tpc-track-reader]: [17:57:17][STATE] CONNECTING ---> DEVICE READY
[166813:tpc-track-reader]: [17:57:17][STATE] DEVICE READY ---> INITIALIZING TASK
[166813:tpc-track-reader]: [17:57:17][STATE] INITIALIZING TASK ---> READY
[166813:tpc-track-reader]: [17:57:17][STATE] READY ---> RUNNING
[166813:tpc-track-reader]: [17:57:17][INFO] fair::mq::Device running...
[166813:tpc-track-reader]: [17:57:17][INFO] LHCPeriod is not available, using current month AUG
[166813:tpc-track-reader]: [17:57:17][INFO] TPCTrackReader pushes 795 tracks from entries 0 : 0
[166814:ft0-recpoints-reader]: [17:57:17][STATE] BINDING ---> BOUND
[166814:ft0-recpoints-reader]: [17:57:17][STATE] BOUND ---> CONNECTING
[166814:ft0-recpoints-reader]: [17:57:17][STATE] CONNECTING ---> DEVICE READY
[166814:ft0-recpoints-reader]: [17:57:17][STATE] DEVICE READY ---> INITIALIZING TASK
[166813:tpc-track-reader]: [17:57:17][INFO] Sending end-of-stream message to channel from_tpc-track-reader_to_tpc-clusters-sharing-map-producer
[166813:tpc-track-reader]: [17:57:17][INFO] Sending end-of-stream message to channel from_tpc-track-reader_to_trd-globaltracking_TPC_FT0_ITS-TPC_
[166813:tpc-track-reader]: [17:57:17][INFO] Correctly handshaken websocket connection.
[166814:ft0-recpoints-reader]: [17:57:17][STATE] INITIALIZING TASK ---> READY
[166814:ft0-recpoints-reader]: [17:57:17][STATE] READY ---> RUNNING
[166814:ft0-recpoints-reader]: [17:57:17][INFO] fair::mq::Device running...
[166814:ft0-recpoints-reader]: [17:57:17][INFO] LHCPeriod is not available, using current month AUG
[166816:tpc-clusters-sharing-map-producer]: [17:57:17][INFO] Timing for TPC clusters sharing map creation: Cpu: 7.000e-02 Real: 6.453e-02 s
[166816:tpc-clusters-sharing-map-producer]: [17:57:17][INFO] Sending end-of-stream message to channel from_tpc-clusters-sharing-map-producer_to_trd-globaltracking_TPC_FT0_ITS-TPC_
[166812:itstpc-track-reader]: [17:57:17][INFO] Loaded tree from o2match_itstpc.root with 1 entries
[166812:itstpc-track-reader]: [17:57:17][STATE] INITIALIZING DEVICE ---> INITIALIZED
[166812:itstpc-track-reader]: [17:57:17][STATE] INITIALIZED ---> BINDING
[166812:itstpc-track-reader]: [17:57:17][STATE] BINDING ---> BOUND
[166812:itstpc-track-reader]: [17:57:17][STATE] BOUND ---> CONNECTING
[166812:itstpc-track-reader]: [17:57:17][STATE] CONNECTING ---> DEVICE READY
[166812:itstpc-track-reader]: [17:57:17][STATE] DEVICE READY ---> INITIALIZING TASK
[166812:itstpc-track-reader]: [17:57:17][STATE] INITIALIZING TASK ---> READY
[166812:itstpc-track-reader]: [17:57:17][STATE] READY ---> RUNNING
[166812:itstpc-track-reader]: [17:57:17][INFO] fair::mq::Device running...
[166812:itstpc-track-reader]: [17:57:17][INFO] LHCPeriod is not available, using current month AUG
[166814:ft0-recpoints-reader]: [17:57:17][INFO] Sending end-of-stream message to channel from_ft0-recpoints-reader_to_trd-globaltracking_TPC_FT0_ITS-TPC_
[166814:ft0-recpoints-reader]: [17:57:17][INFO] Correctly handshaken websocket connection.
[166812:itstpc-track-reader]: [17:57:17][INFO] Pushing 263 TPC-ITS matches at entry 0
[166812:itstpc-track-reader]: [17:57:17][INFO] Sending end-of-stream message to channel from_itstpc-track-reader_to_trd-globaltracking_TPC_FT0_ITS-TPC_
[166812:itstpc-track-reader]: [17:57:17][INFO] Correctly handshaken websocket connection.
[166811:its-cluster-reader]: [17:57:17][INFO] Loaded tree from o2clus_its.root with 1 entries
[166811:its-cluster-reader]: [17:57:17][STATE] INITIALIZING DEVICE ---> INITIALIZED
[166811:its-cluster-reader]: [17:57:17][STATE] INITIALIZED ---> BINDING
[166811:its-cluster-reader]: [17:57:17][STATE] BINDING ---> BOUND
[166811:its-cluster-reader]: [17:57:17][STATE] BOUND ---> CONNECTING
[166811:its-cluster-reader]: [17:57:17][STATE] CONNECTING ---> DEVICE READY
[166811:its-cluster-reader]: [17:57:17][STATE] DEVICE READY ---> INITIALIZING TASK
[166811:its-cluster-reader]: [17:57:17][STATE] INITIALIZING TASK ---> READY
[166811:its-cluster-reader]: [17:57:17][STATE] READY ---> RUNNING
[166811:its-cluster-reader]: [17:57:17][INFO] fair::mq::Device running...
[166811:its-cluster-reader]: [17:57:17][INFO] LHCPeriod is not available, using current month AUG
[166811:its-cluster-reader]: [17:57:17][INFO] ITSClusterReader pushes 293 ROFRecords,41382 compact clusters at entry 0
[166811:its-cluster-reader]: [17:57:17][INFO] Sending end-of-stream message to channel from_its-cluster-reader_to_trd-globaltracking_TPC_FT0_ITS-TPC_
[166811:its-cluster-reader]: [17:57:17][INFO] Sending end-of-stream message to channel from_its-cluster-reader_to_internal-dpl-injected-dummy-sink
[166811:its-cluster-reader]: [17:57:17][INFO] Correctly handshaken websocket connection.
[166815:internal-dpl-ccdb-backend]: Info in <TJAlienConnectionManager>: Opening connection to JCentral. Please wait
[166815:internal-dpl-ccdb-backend]: Info in <TJAlienConnectionManager>: Opening connection to 137.138.99.172
[166815:internal-dpl-ccdb-backend]: Info in <TJAlienConnectionManager>: Successfully connected to 137.138.99.172
[166815:internal-dpl-ccdb-backend]: Info in <TJAlienFile::Open>: Accessing file /alice/data/CCDB/CTP/Calib/OrbitReset/06/62200/b9f985c3-b4b0-11ec-8fd3-90ce809b24ee in SE <ALICE::CERN::EOS>
[166815:internal-dpl-ccdb-backend]: [17:57:23][INFO] ccdb reads http://alice-ccdb.cern.ch/CTP/Calib/OrbitReset/1546300800000/b9f985c3-b4b0-11ec-8fd3-90ce809b24ee for 1546300800000 (load to memory, agent_id: localhost.localdomain-1692719829-d9rrjz), 
[166815:internal-dpl-ccdb-backend]: Info in <TJAlienFile::Open>: Accessing file /alice/data/CCDB/TPC/Calib/CorrectionMapRefV2/10/16377/1f4bfb7e-3a84-11ee-a1e3-200114580202 in SE <ALICE::CERN::OCDB>
[166815:internal-dpl-ccdb-backend]: [17:57:23][INFO] ccdb reads http://alice-ccdb.cern.ch/TPC/Calib/CorrectionMapRefV2/1/1f4bfb7e-3a84-11ee-a1e3-200114580202 for 1546300800000 (load to memory, agent_id: localhost.localdomain-1692719829-d9rrjz), 
[166815:internal-dpl-ccdb-backend]: Info in <TJAlienFile::Open>: Accessing file /alice/data/CCDB/TPC/Calib/VDriftTgl/04/00148/01683855-2e90-11ed-ac0b-200114580202 in SE <ALICE::CERN::OCDB>
[166815:internal-dpl-ccdb-backend]: [17:57:23][INFO] ccdb reads http://alice-ccdb.cern.ch/TPC/Calib/VDriftTgl/1546300800000/01683855-2e90-11ed-ac0b-200114580202 for 1546300800000 (load to memory, agent_id: localhost.localdomain-1692719829-d9rrjz), 
[166815:internal-dpl-ccdb-backend]: Info in <TJAlienFile::Open>: Accessing file /alice/data/CCDB/GLO/Config/GRPMagField/06/62924/01d633ab-efdf-11ec-841e-2a010e0a0b16 in SE <ALICE::CERN::OCDB>
[166815:internal-dpl-ccdb-backend]: [17:57:23][INFO] ccdb reads http://alice-ccdb.cern.ch/GLO/Config/GRPMagField/1546300800000/01d633ab-efdf-11ec-841e-2a010e0a0b16 for 1546300800000 (load to memory, agent_id: localhost.localdomain-1692719829-d9rrjz), 
[166815:internal-dpl-ccdb-backend]: Info in <TJAlienFile::Open>: Accessing file /alice/data/CCDB/GLO/Param/MatLUT/05/24630/d5a2a33e-dba4-11ec-9e90-2a010e0a0b16 in SE <ALICE::CERN::OCDB>
[166815:internal-dpl-ccdb-backend]: [17:57:24][INFO] ccdb reads http://alice-ccdb.cern.ch/GLO/Param/MatLUT/1546300800000/d5a2a33e-dba4-11ec-9e90-2a010e0a0b16 for 1546300800000 (load to memory, agent_id: localhost.localdomain-1692719829-d9rrjz), 
[166815:internal-dpl-ccdb-backend]: Info in <TJAlienFile::Open>: Accessing file /alice/data/CCDB/ITS/Calib/ClusterDictionary/09/10449/c245a720-9fe3-11ec-975c-200114580202 in SE <ALICE::CERN::OCDB>
[166815:internal-dpl-ccdb-backend]: [17:57:24][INFO] ccdb reads http://alice-ccdb.cern.ch/ITS/Calib/ClusterDictionary/0/c245a720-9fe3-11ec-975c-200114580202 for 1546300800000 (load to memory, agent_id: localhost.localdomain-1692719829-d9rrjz), 
[166815:internal-dpl-ccdb-backend]: Info in <TJAlienFile::Open>: Accessing file /alice/data/CCDB/ITS/Config/AlpideParam/02/10715/76f24ad5-e339-11ec-9e90-200114580204 in SE <ALICE::CERN::OCDB>
[166815:internal-dpl-ccdb-backend]: [17:57:24][INFO] ccdb reads http://alice-ccdb.cern.ch/ITS/Config/AlpideParam/1546300800000/76f24ad5-e339-11ec-9e90-200114580204 for 1546300800000 (load to memory, agent_id: localhost.localdomain-1692719829-d9rrjz), 
[166815:internal-dpl-ccdb-backend]: Info in <TJAlienFile::Open>: Accessing file /alice/data/CCDB/TPC/Calib/CorrectionMapV2/04/24306/188b3306-3a84-11ee-a1e3-200114580202 in SE <ALICE::CERN::OCDB>
[166815:internal-dpl-ccdb-backend]: [17:57:24][INFO] ccdb reads http://alice-ccdb.cern.ch/TPC/Calib/CorrectionMapV2/1/188b3306-3a84-11ee-a1e3-200114580202 for 1546300800000 (load to memory, agent_id: localhost.localdomain-1692719829-d9rrjz), 
[166815:internal-dpl-ccdb-backend]: Info in <TJAlienFile::Open>: Accessing file /alice/data/CCDB/TPC/Calib/LaserTracks/14/60057/dd26d771-0929-11ed-8000-2a010e0a0b16 in SE <ALICE::CERN::OCDB>
[166815:internal-dpl-ccdb-backend]: [17:57:24][INFO] ccdb reads http://alice-ccdb.cern.ch/TPC/Calib/LaserTracks/1546300800000/dd26d771-0929-11ed-8000-2a010e0a0b16 for 1546300800000 (load to memory, agent_id: localhost.localdomain-1692719829-d9rrjz), 
[166815:internal-dpl-ccdb-backend]: Info in <TJAlienFile::Open>: Accessing file /alice/data/CCDB/GLO/Config/GeometryAligned/06/21224/787687c0-287a-11ed-8141-200114580202 in SE <ALICE::CERN::OCDB>
[166815:internal-dpl-ccdb-backend]: [17:57:25][INFO] ccdb reads http://alice-ccdb.cern.ch/GLO/Config/GeometryAligned/1546300800000/787687c0-287a-11ed-8141-200114580202 for 1546300800000 (load to memory, agent_id: localhost.localdomain-1692719829-d9rrjz), 
[166815:internal-dpl-ccdb-backend]: [17:57:25][INFO] Sending end-of-stream message to channel from_internal-dpl-ccdb-backend_to_trd-globaltracking_TPC_FT0_ITS-TPC_
[166815:internal-dpl-ccdb-backend]: [17:57:25][INFO] Sending end-of-stream message to channel from_internal-dpl-ccdb-backend_to_internal-dpl-injected-dummy-sink
[166817:trd-globaltracking_TPC_FT0_ITS-TPC_]: [17:57:31][INFO] Caching in 139871879542400 ptr to ITS/ALPIDEPARAM/0 (0x7f38f6398fe0)
[166814:ft0-recpoints-reader]: [17:57:31][INFO] Received device shutdown request (signal 2).
[166814:ft0-recpoints-reader]: [17:57:31][INFO] Waiting for graceful device shutdown. Hit Ctrl-C again to abort immediately.
[INFO] QUIT_REQUESTED
[166807:internal-dpl-clock]: [17:57:31][INFO] Received device shutdown request (signal 2).
[166807:internal-dpl-clock]: [17:57:31][INFO] Waiting for graceful device shutdown. Hit Ctrl-C again to abort immediately.
[166809:its-track-reader]: [17:57:31][INFO] Received device shutdown request (signal 2).
[166809:its-track-reader]: [17:57:31][INFO] Waiting for graceful device shutdown. Hit Ctrl-C again to abort immediately.
[166809:its-track-reader]: [17:57:31][INFO] New state requested. No timeout set, quitting immediately as per --completion-policy
[166809:its-track-reader]: [17:57:31][STATE] RUNNING ---> READY
[166809:its-track-reader]: [17:57:31][STATE] READY ---> RESETTING TASK
[166809:its-track-reader]: [17:57:31][STATE] RESETTING TASK ---> DEVICE READY
[166809:its-track-reader]: [17:57:31][STATE] DEVICE READY ---> RESETTING DEVICE
[166811:its-cluster-reader]: [17:57:31][INFO] Received device shutdown request (signal 15).
[166811:its-cluster-reader]: [17:57:31][INFO] Waiting for graceful device shutdown. Hit Ctrl-C again to abort immediately.
[166812:itstpc-track-reader]: [17:57:31][INFO] Received device shutdown request (signal 15).
[166812:itstpc-track-reader]: [17:57:31][INFO] Waiting for graceful device shutdown. Hit Ctrl-C again to abort immediately.
[166812:itstpc-track-reader]: [17:57:31][INFO] New state requested. No timeout set, quitting immediately as per --completion-policy
[166812:itstpc-track-reader]: [17:57:31][STATE] RUNNING ---> READY
[166812:itstpc-track-reader]: [17:57:31][STATE] READY ---> RESETTING TASK
[166812:itstpc-track-reader]: [17:57:31][STATE] RESETTING TASK ---> DEVICE READY
[166812:itstpc-track-reader]: [17:57:31][STATE] DEVICE READY ---> RESETTING DEVICE
[166813:tpc-track-reader]: [17:57:31][INFO] Received device shutdown request (signal 15).
[166813:tpc-track-reader]: [17:57:31][INFO] Waiting for graceful device shutdown. Hit Ctrl-C again to abort immediately.
[166813:tpc-track-reader]: [17:57:31][INFO] New state requested. No timeout set, quitting immediately as per --completion-policy
[166813:tpc-track-reader]: [17:57:31][STATE] RUNNING ---> READY
[166813:tpc-track-reader]: [17:57:31][STATE] READY ---> RESETTING TASK
[166813:tpc-track-reader]: [17:57:31][STATE] RESETTING TASK ---> DEVICE READY
[166813:tpc-track-reader]: [17:57:31][STATE] DEVICE READY ---> RESETTING DEVICE
[166814:ft0-recpoints-reader]: [17:57:31][INFO] New state requested. No timeout set, quitting immediately as per --completion-policy
[166814:ft0-recpoints-reader]: [17:57:31][STATE] RUNNING ---> READY
[166814:ft0-recpoints-reader]: [17:57:31][STATE] READY ---> RESETTING TASK
[166814:ft0-recpoints-reader]: [17:57:31][STATE] RESETTING TASK ---> DEVICE READY
[166815:internal-dpl-ccdb-backend]: [17:57:31][INFO] Received device shutdown request (signal 2).
[166815:internal-dpl-ccdb-backend]: [17:57:31][INFO] Waiting for graceful device shutdown. Hit Ctrl-C again to abort immediately.
[166815:internal-dpl-ccdb-backend]: [17:57:31][INFO] New state requested. No timeout set, quitting immediately as per --completion-policy
[166815:internal-dpl-ccdb-backend]: [17:57:31][INFO] CCDB cache miss/hit ratio:
[166815:internal-dpl-ccdb-backend]: [17:57:31][INFO]   GLO/Config/GeometryAligned: 1/0 (1847296-1847296 bytes)
[166815:internal-dpl-ccdb-backend]: [17:57:31][INFO]   TPC/Calib/LaserTracks: 1/0 (2048-2048 bytes)
[166815:internal-dpl-ccdb-backend]: [17:57:31][INFO]   ITS/Config/AlpideParam: 1/0 (2048-2048 bytes)
[166815:internal-dpl-ccdb-backend]: [17:57:31][INFO]   ITS/Calib/ClusterDictionary: 1/0 (27648-27648 bytes)
[166815:internal-dpl-ccdb-backend]: [17:57:31][INFO]   GLO/Param/MatLUT: 1/0 (9225216-9225216 bytes)
[166815:internal-dpl-ccdb-backend]: [17:57:31][INFO]   GLO/Config/GRPMagField: 1/0 (1024-1024 bytes)
[166815:internal-dpl-ccdb-backend]: [17:57:31][INFO]   TPC/Calib/CorrectionMapV2: 1/0 (9216-9216 bytes)
[166815:internal-dpl-ccdb-backend]: [17:57:31][INFO]   TPC/Calib/VDriftTgl: 1/0 (2048-2048 bytes)
[166815:internal-dpl-ccdb-backend]: [17:57:31][INFO]   TPC/Calib/CorrectionMapRefV2: 1/0 (9216-9216 bytes)
[166815:internal-dpl-ccdb-backend]: [17:57:31][INFO]   CTP/Calib/OrbitReset: 1/1 (1024-1024 bytes)
[166815:internal-dpl-ccdb-backend]: [17:57:31][STATE] RUNNING ---> READY
[166816:tpc-clusters-sharing-map-producer]: [17:57:31][INFO] Received device shutdown request (signal 15).
[166816:tpc-clusters-sharing-map-producer]: [17:57:31][INFO] Waiting for graceful device shutdown. Hit Ctrl-C again to abort immediately.
[166816:tpc-clusters-sharing-map-producer]: [17:57:31][INFO] New state requested. No timeout set, quitting immediately as per --completion-policy
[166816:tpc-clusters-sharing-map-producer]: [17:57:31][STATE] RUNNING ---> READY
[166816:tpc-clusters-sharing-map-producer]: [17:57:31][STATE] READY ---> RESETTING TASK
[166816:tpc-clusters-sharing-map-producer]: [17:57:31][STATE] RESETTING TASK ---> DEVICE READY
[166817:trd-globaltracking_TPC_FT0_ITS-TPC_]: [17:57:31][INFO] Received device shutdown request (signal 15).
[166817:trd-globaltracking_TPC_FT0_ITS-TPC_]: [17:57:31][INFO] Waiting for graceful device shutdown. Hit Ctrl-C again to abort immediately.
[166818:trd-track-writer-tpc]: [17:57:31][INFO] Received device shutdown request (signal 15).
[166818:trd-track-writer-tpc]: [17:57:31][INFO] Waiting for graceful device shutdown. Hit Ctrl-C again to abort immediately.
[166820:internal-dpl-injected-dummy-sink]: [17:57:31][INFO] Received device shutdown request (signal 2).
[166820:internal-dpl-injected-dummy-sink]: [17:57:31][INFO] Waiting for graceful device shutdown. Hit Ctrl-C again to abort immediately.
[166808:tpc-native-cluster-reader]: [17:57:31][INFO] Received device shutdown request (signal 15).
[166808:tpc-native-cluster-reader]: [17:57:31][INFO] Waiting for graceful device shutdown. Hit Ctrl-C again to abort immediately.
[166808:tpc-native-cluster-reader]: [17:57:31][INFO] New state requested. No timeout set, quitting immediately as per --completion-policy
[166808:tpc-native-cluster-reader]: [17:57:31][STATE] RUNNING ---> READY
[166810:TRDTrackletReader]: [17:57:31][INFO] Received device shutdown request (signal 15).
[166810:TRDTrackletReader]: [17:57:31][INFO] Waiting for graceful device shutdown. Hit Ctrl-C again to abort immediately.
[166810:TRDTrackletReader]: [17:57:31][INFO] New state requested. No timeout set, quitting immediately as per --completion-policy
[166810:TRDTrackletReader]: [17:57:31][STATE] RUNNING ---> READY
[166816:tpc-clusters-sharing-map-producer]: [17:57:31][STATE] DEVICE READY ---> RESETTING DEVICE
[166818:trd-track-writer-tpc]: [17:57:31][INFO] New state requested. No timeout set, quitting immediately as per --completion-policy
[166819:trd-track-writer-tpcits]: [17:57:31][INFO] Received device shutdown request (signal 15).
[166819:trd-track-writer-tpcits]: [17:57:31][INFO] Waiting for graceful device shutdown. Hit Ctrl-C again to abort immediately.
[166807:internal-dpl-clock]: [17:57:31][INFO] New state requested. No timeout set, quitting immediately as per --completion-policy
[166807:internal-dpl-clock]: [17:57:31][STATE] RUNNING ---> READY
[166807:internal-dpl-clock]: [17:57:31][STATE] READY ---> RESETTING TASK
[166807:internal-dpl-clock]: [17:57:31][STATE] RESETTING TASK ---> DEVICE READY
[166811:its-cluster-reader]: [17:57:31][INFO] New state requested. No timeout set, quitting immediately as per --completion-policy
[166811:its-cluster-reader]: [17:57:31][STATE] RUNNING ---> READY
[166813:tpc-track-reader]: [17:57:31][STATE] RESETTING DEVICE ---> IDLE
[166814:ft0-recpoints-reader]: [17:57:31][STATE] DEVICE READY ---> RESETTING DEVICE
[166815:internal-dpl-ccdb-backend]: [17:57:31][STATE] READY ---> RESETTING TASK
[166815:internal-dpl-ccdb-backend]: [17:57:31][STATE] RESETTING TASK ---> DEVICE READY
[166807:internal-dpl-clock]: [17:57:31][STATE] DEVICE READY ---> RESETTING DEVICE
[166808:tpc-native-cluster-reader]: [17:57:31][STATE] READY ---> RESETTING TASK
[166808:tpc-native-cluster-reader]: [17:57:31][STATE] RESETTING TASK ---> DEVICE READY
[166809:its-track-reader]: [17:57:31][STATE] RESETTING DEVICE ---> IDLE
[166809:its-track-reader]: [17:57:31][STATE] IDLE ---> EXITING
[166809:its-track-reader]: [17:57:31][STATE] Exiting FairMQ state machine
[166810:TRDTrackletReader]: [17:57:31][STATE] READY ---> RESETTING TASK
[166810:TRDTrackletReader]: [17:57:31][STATE] RESETTING TASK ---> DEVICE READY
[166811:its-cluster-reader]: [17:57:31][STATE] READY ---> RESETTING TASK
[166811:its-cluster-reader]: [17:57:31][STATE] RESETTING TASK ---> DEVICE READY
[166813:tpc-track-reader]: [17:57:31][STATE] IDLE ---> EXITING
[166813:tpc-track-reader]: [17:57:31][STATE] Exiting FairMQ state machine
[166815:internal-dpl-ccdb-backend]: [17:57:31][STATE] DEVICE READY ---> RESETTING DEVICE
[166816:tpc-clusters-sharing-map-producer]: [17:57:31][STATE] RESETTING DEVICE ---> IDLE
[166816:tpc-clusters-sharing-map-producer]: [17:57:31][STATE] IDLE ---> EXITING
[166820:internal-dpl-injected-dummy-sink]: [17:57:31][INFO] New state requested. No timeout set, quitting immediately as per --completion-policy
[166820:internal-dpl-injected-dummy-sink]: [17:57:31][STATE] RUNNING ---> READY
[166820:internal-dpl-injected-dummy-sink]: [17:57:31][STATE] READY ---> RESETTING TASK
[166820:internal-dpl-injected-dummy-sink]: [17:57:31][STATE] RESETTING TASK ---> DEVICE READY
[166820:internal-dpl-injected-dummy-sink]: [17:57:31][STATE] DEVICE READY ---> RESETTING DEVICE
[166817:trd-globaltracking_TPC_FT0_ITS-TPC_]: [17:57:31][INFO] cluster dictionary updated
[166817:trd-globaltracking_TPC_FT0_ITS-TPC_]: [17:57:31][INFO] Caching in 139871879514528 ptr to ITS/CLUSDICT/0 (0x7be4190)
[166819:trd-track-writer-tpcits]: [17:57:31][INFO] New state requested. No timeout set, quitting immediately as per --completion-policy
[166808:tpc-native-cluster-reader]: [17:57:31][STATE] DEVICE READY ---> RESETTING DEVICE
[166811:its-cluster-reader]: [17:57:31][STATE] DEVICE READY ---> RESETTING DEVICE
[166816:tpc-clusters-sharing-map-producer]: [17:57:31][STATE] Exiting FairMQ state machine
[166817:trd-globaltracking_TPC_FT0_ITS-TPC_]: [17:57:31][INFO] GRP MagField object updated
[166807:internal-dpl-clock]: [17:57:31][STATE] RESETTING DEVICE ---> IDLE
[166810:TRDTrackletReader]: [17:57:31][STATE] DEVICE READY ---> RESETTING DEVICE
[166814:ft0-recpoints-reader]: [17:57:31][STATE] RESETTING DEVICE ---> IDLE
[166807:internal-dpl-clock]: [17:57:31][STATE] IDLE ---> EXITING
[166812:itstpc-track-reader]: [17:57:31][STATE] RESETTING DEVICE ---> IDLE
[166814:ft0-recpoints-reader]: [17:57:31][STATE] IDLE ---> EXITING
[166815:internal-dpl-ccdb-backend]: [17:57:31][STATE] RESETTING DEVICE ---> IDLE
[166807:internal-dpl-clock]: [17:57:31][STATE] Exiting FairMQ state machine
[166815:internal-dpl-ccdb-backend]: [17:57:31][STATE] IDLE ---> EXITING
[166815:internal-dpl-ccdb-backend]: [17:57:31][STATE] Exiting FairMQ state machine
[166811:its-cluster-reader]: [17:57:31][STATE] RESETTING DEVICE ---> IDLE
[166812:itstpc-track-reader]: [17:57:31][STATE] IDLE ---> EXITING
[166814:ft0-recpoints-reader]: [17:57:31][STATE] Exiting FairMQ state machine
[166810:TRDTrackletReader]: [17:57:31][STATE] RESETTING DEVICE ---> IDLE
[166812:itstpc-track-reader]: [17:57:31][STATE] Exiting FairMQ state machine
[166810:TRDTrackletReader]: [17:57:31][STATE] IDLE ---> EXITING
[166811:its-cluster-reader]: [17:57:31][STATE] IDLE ---> EXITING
[166820:internal-dpl-injected-dummy-sink]: [17:57:31][STATE] RESETTING DEVICE ---> IDLE
[166820:internal-dpl-injected-dummy-sink]: [17:57:31][STATE] IDLE ---> EXITING
[166820:internal-dpl-injected-dummy-sink]: [17:57:31][STATE] Exiting FairMQ state machine
[166808:tpc-native-cluster-reader]: [17:57:31][STATE] RESETTING DEVICE ---> IDLE
[166810:TRDTrackletReader]: [17:57:31][STATE] Exiting FairMQ state machine
[166811:its-cluster-reader]: [17:57:31][STATE] Exiting FairMQ state machine
[166808:tpc-native-cluster-reader]: [17:57:31][STATE] IDLE ---> EXITING
[166808:tpc-native-cluster-reader]: [17:57:32][STATE] Exiting FairMQ state machine
[166817:trd-globaltracking_TPC_FT0_ITS-TPC_]: [17:57:33][INFO] MagneticField::Print: MagneticFieldMap:
[166817:trd-globaltracking_TPC_FT0_ITS-TPC_]: [17:57:33][INFO] MagneticField::Print: Solenoid (-1*)5 kG, Dipole ON (-1) 
[166817:trd-globaltracking_TPC_FT0_ITS-TPC_]: [17:57:33][INFO] MagneticField::Print: Machine B fields for p-p  beam (7000 GeV): QGrad: 22.0002 Dipole: 37.8781
[166817:trd-globaltracking_TPC_FT0_ITS-TPC_]: [17:57:33][INFO] MagneticField::Print: Uses Sol30_Dip6_Hole  of /root/alice/sw/slc8_x86-64/O2/segment-local1/share/Common/maps/mfchebKGI_sym.root
[166817:trd-globaltracking_TPC_FT0_ITS-TPC_]: Info in <TGeoGlobalMagField::SetField>: Global magnetic field set to <MagneticFieldMap>
[166817:trd-globaltracking_TPC_FT0_ITS-TPC_]: Info in <TGeoGlobalMagField::Lock>: Global magnetic field <MagneticFieldMap> is now locked
[166817:trd-globaltracking_TPC_FT0_ITS-TPC_]: [17:57:33][INFO] Caching in 139871881514560 ptr to GLO/GRPMAGFIELD/0 (0x7f60ca0)
[INFO] Forceful exit requested.
[INFO] ## Processes completed. Run summary:
[INFO] ### Devices started: 14
[INFO]  - Device internal-dpl-clock: pid 166807 (exit 0)
[INFO]  - Device tpc-native-cluster-reader: pid 166808 (exit 0)
[INFO]  - Device its-track-reader: pid 166809 (exit 0)
[INFO]  - Device TRDTrackletReader: pid 166810 (exit 0)
[INFO]  - Device its-cluster-reader: pid 166811 (exit 0)
[INFO]  - Device itstpc-track-reader: pid 166812 (exit 0)
[INFO]  - Device tpc-track-reader: pid 166813 (exit 0)
[INFO]  - Device ft0-recpoints-reader: pid 166814 (exit 0)
[INFO]  - Device internal-dpl-ccdb-backend: pid 166815 (exit 0)
[INFO]  - Device tpc-clusters-sharing-map-producer: pid 166816 (exit 0)
[ERROR]  - Device trd-globaltracking_TPC_FT0_ITS-TPC_: pid 166817 (exit 128)
[INFO]    - First error: [WARN] MC-truth is not supported for FT0 recpoints currently
[INFO]    - Last error: Info in <TGeoGlobalMagField::Lock>: Global magnetic field <MagneticFieldMap> is now locked
[ERROR]  - Device trd-track-writer-tpc: pid 166818 (exit 128)
[INFO]    - First error: [WARN] MC-truth is not supported for FT0 recpoints currently
[INFO]    - Last error: 
[ERROR]  - Device trd-track-writer-tpcits: pid 166819 (exit 128)
[INFO]    - First error: [WARN] MC-truth is not supported for FT0 recpoints currently
[INFO]    - Last error: 
[INFO]  - Device internal-dpl-injected-dummy-sink: pid 166820 (exit 0)
[INFO] Dumping used configuration in dpl-config.json
[ERROR] SEVERE: Device trd-globaltracking_TPC_FT0_ITS-TPC_ (166817) returned with 128
TASK-EXIT-CODE: 128
