Running: TIME="#walltime %e" /usr/bin/time --output=trdTrkltTransf.log_time ./trdTrkltTransf.log_tmp.sh
[INFO] Initialising O2 Data Processing Layer. Driver PID: 166230.
[INFO] Driver listening on port: 24310
[INFO] Rate limiting set up at 500MB distributed over 1 readers
[INFO] O2 Data Processing Layer initialised. We brake for nobody.
[INFO] Optimised build. O2DEBUG / LOG(debug) / LOGF(debug) / assert statement will not be shown.
[INFO] Redeployment of configuration asked.
[INFO] Starting internal-dpl-clock on pid 166270
[INFO] Starting TRDTrackletReader on pid 166271
[INFO] Starting internal-dpl-ccdb-backend on pid 166272
[INFO] Starting TRDTRACKLETTRANSFORMER on pid 166273
[INFO] Starting trd-calibrated-tracklet-writer on pid 166274
[INFO] Starting internal-dpl-injected-dummy-sink on pid 166275
[INFO] Redeployment of configuration done.
[166271:TRDTrackletReader]: [INFO] Instrumenting crash signals
[166271:TRDTrackletReader]: [INFO] Spawing new device TRDTrackletReader in process with pid 166271
[166271:TRDTrackletReader]: [17:56:54][INFO] 
[166271:TRDTrackletReader]:       ______      _    _______  _________ 
[166271:TRDTrackletReader]:      / ____/___ _(_)_______   |/  /_  __ \    version 1.6.0
[166271:TRDTrackletReader]:     / /_  / __ `/ / ___/__  /|_/ /_  / / /    build RELWITHDEBINFO
[166271:TRDTrackletReader]:    / __/ / /_/ / / /    _  /  / / / /_/ /     https://github.com/FairRootGroup/FairMQ
[166271:TRDTrackletReader]:   /_/    \__,_/_/_/     /_/  /_/  \___\_\     LGPL-3.0  © 2012-2023 GSI
[166271:TRDTrackletReader]: 
[166271:TRDTrackletReader]: [17:56:54][STATE] Starting FairMQ state machine --> IDLE
[166271:TRDTrackletReader]: [17:56:54][STATE] IDLE ---> INITIALIZING DEVICE
[166271:TRDTrackletReader]: [17:56:54][INFO] Init TRD tracklet reader!
[166272:internal-dpl-ccdb-backend]: [INFO] Instrumenting crash signals
[166272:internal-dpl-ccdb-backend]: [INFO] Spawing new device internal-dpl-ccdb-backend in process with pid 166272
[166272:internal-dpl-ccdb-backend]: [17:56:54][INFO] 
[166272:internal-dpl-ccdb-backend]:       ______      _    _______  _________ 
[166272:internal-dpl-ccdb-backend]:      / ____/___ _(_)_______   |/  /_  __ \    version 1.6.0
[166272:internal-dpl-ccdb-backend]:     / /_  / __ `/ / ___/__  /|_/ /_  / / /    build RELWITHDEBINFO
[166272:internal-dpl-ccdb-backend]:    / __/ / /_/ / / /    _  /  / / / /_/ /     https://github.com/FairRootGroup/FairMQ
[166272:internal-dpl-ccdb-backend]:   /_/    \__,_/_/_/     /_/  /_/  \___\_\     LGPL-3.0  © 2012-2023 GSI
[166272:internal-dpl-ccdb-backend]: 
[166272:internal-dpl-ccdb-backend]: [17:56:54][STATE] Starting FairMQ state machine --> IDLE
[166272:internal-dpl-ccdb-backend]: [17:56:54][STATE] IDLE ---> INITIALIZING DEVICE
[166272:internal-dpl-ccdb-backend]: [17:56:54][INFO] CCDB Backend at: http://alice-ccdb.cern.ch, validity check for every 2147483647 TF
[166272:internal-dpl-ccdb-backend]: [17:56:54][INFO] Init CcdApi with UserAgentID: localhost.localdomain-1692719814-u7WDoK, Host: http://alice-ccdb.cern.ch
[166272:internal-dpl-ccdb-backend]: [17:56:54][INFO] Initialised default CCDB host http://alice-ccdb.cern.ch
[166272:internal-dpl-ccdb-backend]: [17:56:54][INFO] The following route is a condition GLO/GEOMALIGN/0
[166272:internal-dpl-ccdb-backend]: [17:56:54][INFO] - ccdb-path: GLO/Config/GeometryAligned
[166272:internal-dpl-ccdb-backend]: [17:56:54][INFO] The following route is a condition GLO/GRPMAGFIELD/0
[166272:internal-dpl-ccdb-backend]: [17:56:54][INFO] - ccdb-path: GLO/Config/GRPMagField
[166272:internal-dpl-ccdb-backend]: [17:56:54][INFO] The following route is a condition TRD/CALVDRIFTEXB/0
[166272:internal-dpl-ccdb-backend]: [17:56:54][INFO] - ccdb-path: TRD/Calib/CalVdriftExB
[166272:internal-dpl-ccdb-backend]: [17:56:54][STATE] INITIALIZING DEVICE ---> INITIALIZED
[166272:internal-dpl-ccdb-backend]: [17:56:54][STATE] INITIALIZED ---> BINDING
[166272:internal-dpl-ccdb-backend]: [17:56:54][STATE] BINDING ---> BOUND
[166272:internal-dpl-ccdb-backend]: [17:56:54][STATE] BOUND ---> CONNECTING
[166272:internal-dpl-ccdb-backend]: [17:56:54][STATE] CONNECTING ---> DEVICE READY
[166272:internal-dpl-ccdb-backend]: [17:56:54][STATE] DEVICE READY ---> INITIALIZING TASK
[166272:internal-dpl-ccdb-backend]: [17:56:54][STATE] INITIALIZING TASK ---> READY
[166272:internal-dpl-ccdb-backend]: [17:56:54][STATE] READY ---> RUNNING
[166272:internal-dpl-ccdb-backend]: [17:56:54][INFO] fair::mq::Device running...
[166272:internal-dpl-ccdb-backend]: [17:56:54][INFO] LHCPeriod is not available, using current month AUG
[166272:internal-dpl-ccdb-backend]: [17:56:54][INFO] Correctly handshaken websocket connection.
[166270:internal-dpl-clock]: [INFO] Instrumenting crash signals
[166270:internal-dpl-clock]: [INFO] Spawing new device internal-dpl-clock in process with pid 166270
[166270:internal-dpl-clock]: [17:56:54][INFO] 
[166270:internal-dpl-clock]:       ______      _    _______  _________ 
[166270:internal-dpl-clock]:      / ____/___ _(_)_______   |/  /_  __ \    version 1.6.0
[166270:internal-dpl-clock]:     / /_  / __ `/ / ___/__  /|_/ /_  / / /    build RELWITHDEBINFO
[166270:internal-dpl-clock]:    / __/ / /_/ / / /    _  /  / / / /_/ /     https://github.com/FairRootGroup/FairMQ
[166270:internal-dpl-clock]:   /_/    \__,_/_/_/     /_/  /_/  \___\_\     LGPL-3.0  © 2012-2023 GSI
[166270:internal-dpl-clock]: 
[166270:internal-dpl-clock]: [17:56:54][STATE] Starting FairMQ state machine --> IDLE
[166270:internal-dpl-clock]: [17:56:54][STATE] IDLE ---> INITIALIZING DEVICE
[166270:internal-dpl-clock]: [17:56:54][STATE] INITIALIZING DEVICE ---> INITIALIZED
[166270:internal-dpl-clock]: [17:56:54][STATE] INITIALIZED ---> BINDING
[166270:internal-dpl-clock]: [17:56:54][STATE] BINDING ---> BOUND
[166270:internal-dpl-clock]: [17:56:54][STATE] BOUND ---> CONNECTING
[166270:internal-dpl-clock]: [17:56:54][STATE] CONNECTING ---> DEVICE READY
[166270:internal-dpl-clock]: [17:56:54][STATE] DEVICE READY ---> INITIALIZING TASK
[166270:internal-dpl-clock]: [17:56:54][STATE] INITIALIZING TASK ---> READY
[166270:internal-dpl-clock]: [17:56:54][STATE] READY ---> RUNNING
[166270:internal-dpl-clock]: [17:56:54][INFO] fair::mq::Device running...
[166270:internal-dpl-clock]: [17:56:54][INFO] LHCPeriod is not available, using current month AUG
[166270:internal-dpl-clock]: [17:56:54][INFO] Correctly handshaken websocket connection.
[166275:internal-dpl-injected-dummy-sink]: [INFO] Instrumenting crash signals
[166275:internal-dpl-injected-dummy-sink]: [INFO] Spawing new device internal-dpl-injected-dummy-sink in process with pid 166275
[166275:internal-dpl-injected-dummy-sink]: [17:56:54][INFO] 
[166275:internal-dpl-injected-dummy-sink]:       ______      _    _______  _________ 
[166275:internal-dpl-injected-dummy-sink]:      / ____/___ _(_)_______   |/  /_  __ \    version 1.6.0
[166275:internal-dpl-injected-dummy-sink]:     / /_  / __ `/ / ___/__  /|_/ /_  / / /    build RELWITHDEBINFO
[166275:internal-dpl-injected-dummy-sink]:    / __/ / /_/ / / /    _  /  / / / /_/ /     https://github.com/FairRootGroup/FairMQ
[166275:internal-dpl-injected-dummy-sink]:   /_/    \__,_/_/_/     /_/  /_/  \___\_\     LGPL-3.0  © 2012-2023 GSI
[166275:internal-dpl-injected-dummy-sink]: 
[166275:internal-dpl-injected-dummy-sink]: [17:56:54][STATE] Starting FairMQ state machine --> IDLE
[166275:internal-dpl-injected-dummy-sink]: [17:56:54][STATE] IDLE ---> INITIALIZING DEVICE
[166275:internal-dpl-injected-dummy-sink]: [17:56:54][STATE] INITIALIZING DEVICE ---> INITIALIZED
[166275:internal-dpl-injected-dummy-sink]: [17:56:54][STATE] INITIALIZED ---> BINDING
[166275:internal-dpl-injected-dummy-sink]: [17:56:54][STATE] BINDING ---> BOUND
[166275:internal-dpl-injected-dummy-sink]: [17:56:54][STATE] BOUND ---> CONNECTING
[166275:internal-dpl-injected-dummy-sink]: [17:56:54][STATE] CONNECTING ---> DEVICE READY
[166275:internal-dpl-injected-dummy-sink]: [17:56:54][STATE] DEVICE READY ---> INITIALIZING TASK
[166275:internal-dpl-injected-dummy-sink]: [17:56:54][STATE] INITIALIZING TASK ---> READY
[166275:internal-dpl-injected-dummy-sink]: [17:56:54][STATE] READY ---> RUNNING
[166275:internal-dpl-injected-dummy-sink]: [17:56:54][INFO] fair::mq::Device running...
[166275:internal-dpl-injected-dummy-sink]: [17:56:54][INFO] LHCPeriod is not available, using current month AUG
[166275:internal-dpl-injected-dummy-sink]: [17:56:54][INFO] Correctly handshaken websocket connection.
[166273:TRDTRACKLETTRANSFORMER]: [INFO] Instrumenting crash signals
[166273:TRDTRACKLETTRANSFORMER]: [INFO] Spawing new device TRDTRACKLETTRANSFORMER in process with pid 166273
[166273:TRDTRACKLETTRANSFORMER]: [17:56:54][INFO] 
[166273:TRDTRACKLETTRANSFORMER]:       ______      _    _______  _________ 
[166273:TRDTRACKLETTRANSFORMER]:      / ____/___ _(_)_______   |/  /_  __ \    version 1.6.0
[166273:TRDTRACKLETTRANSFORMER]:     / /_  / __ `/ / ___/__  /|_/ /_  / / /    build RELWITHDEBINFO
[166273:TRDTRACKLETTRANSFORMER]:    / __/ / /_/ / / /    _  /  / / / /_/ /     https://github.com/FairRootGroup/FairMQ
[166273:TRDTRACKLETTRANSFORMER]:   /_/    \__,_/_/_/     /_/  /_/  \___\_\     LGPL-3.0  © 2012-2023 GSI
[166273:TRDTRACKLETTRANSFORMER]: 
[166273:TRDTRACKLETTRANSFORMER]: [17:56:54][STATE] Starting FairMQ state machine --> IDLE
[166273:TRDTRACKLETTRANSFORMER]: [17:56:54][STATE] IDLE ---> INITIALIZING DEVICE
[166273:TRDTRACKLETTRANSFORMER]: [17:56:54][STATE] INITIALIZING DEVICE ---> INITIALIZED
[166273:TRDTRACKLETTRANSFORMER]: [17:56:54][STATE] INITIALIZED ---> BINDING
[166273:TRDTRACKLETTRANSFORMER]: [17:56:54][STATE] BINDING ---> BOUND
[166273:TRDTRACKLETTRANSFORMER]: [17:56:54][STATE] BOUND ---> CONNECTING
[166273:TRDTRACKLETTRANSFORMER]: [17:56:54][STATE] CONNECTING ---> DEVICE READY
[166273:TRDTRACKLETTRANSFORMER]: [17:56:54][STATE] DEVICE READY ---> INITIALIZING TASK
[166273:TRDTRACKLETTRANSFORMER]: [17:56:54][STATE] INITIALIZING TASK ---> READY
[166273:TRDTRACKLETTRANSFORMER]: [17:56:54][STATE] READY ---> RUNNING
[166273:TRDTRACKLETTRANSFORMER]: [17:56:54][INFO] fair::mq::Device running...
[166273:TRDTRACKLETTRANSFORMER]: [17:56:54][INFO] LHCPeriod is not available, using current month AUG
[166273:TRDTRACKLETTRANSFORMER]: [17:56:54][INFO] Correctly handshaken websocket connection.
[166274:trd-calibrated-tracklet-writer]: [INFO] Instrumenting crash signals
[166274:trd-calibrated-tracklet-writer]: [INFO] Spawing new device trd-calibrated-tracklet-writer in process with pid 166274
[166274:trd-calibrated-tracklet-writer]: [17:56:55][INFO] 
[166274:trd-calibrated-tracklet-writer]:       ______      _    _______  _________ 
[166274:trd-calibrated-tracklet-writer]:      / ____/___ _(_)_______   |/  /_  __ \    version 1.6.0
[166274:trd-calibrated-tracklet-writer]:     / /_  / __ `/ / ___/__  /|_/ /_  / / /    build RELWITHDEBINFO
[166274:trd-calibrated-tracklet-writer]:    / __/ / /_/ / / /    _  /  / / / /_/ /     https://github.com/FairRootGroup/FairMQ
[166274:trd-calibrated-tracklet-writer]:   /_/    \__,_/_/_/     /_/  /_/  \___\_\     LGPL-3.0  © 2012-2023 GSI
[166274:trd-calibrated-tracklet-writer]: 
[166274:trd-calibrated-tracklet-writer]: [17:56:55][STATE] Starting FairMQ state machine --> IDLE
[166274:trd-calibrated-tracklet-writer]: [17:56:55][STATE] IDLE ---> INITIALIZING DEVICE
[166274:trd-calibrated-tracklet-writer]: [17:56:55][INFO] 0: branch  CTracklets set up
[166274:trd-calibrated-tracklet-writer]: [17:56:55][INFO] 1: branch  TRKLabels set up
[166274:trd-calibrated-tracklet-writer]: [17:56:55][INFO] 2: branch  TrigRecMask set up
[166274:trd-calibrated-tracklet-writer]: [17:56:55][STATE] INITIALIZING DEVICE ---> INITIALIZED
[166274:trd-calibrated-tracklet-writer]: [17:56:55][STATE] INITIALIZED ---> BINDING
[166274:trd-calibrated-tracklet-writer]: [17:56:55][STATE] BINDING ---> BOUND
[166274:trd-calibrated-tracklet-writer]: [17:56:55][STATE] BOUND ---> CONNECTING
[166274:trd-calibrated-tracklet-writer]: [17:56:55][STATE] CONNECTING ---> DEVICE READY
[166274:trd-calibrated-tracklet-writer]: [17:56:55][STATE] DEVICE READY ---> INITIALIZING TASK
[166274:trd-calibrated-tracklet-writer]: [17:56:55][STATE] INITIALIZING TASK ---> READY
[166274:trd-calibrated-tracklet-writer]: [17:56:55][STATE] READY ---> RUNNING
[166274:trd-calibrated-tracklet-writer]: [17:56:55][INFO] fair::mq::Device running...
[166274:trd-calibrated-tracklet-writer]: [17:56:55][INFO] LHCPeriod is not available, using current month AUG
[166274:trd-calibrated-tracklet-writer]: [17:56:55][INFO] Correctly handshaken websocket connection.
[166271:TRDTrackletReader]: [17:56:55][INFO] Loaded tree from trdtracklets.root with 1 entries
[166271:TRDTrackletReader]: [17:56:55][STATE] INITIALIZING DEVICE ---> INITIALIZED
[166271:TRDTrackletReader]: [17:56:55][STATE] INITIALIZED ---> BINDING
[166271:TRDTrackletReader]: [17:56:55][STATE] BINDING ---> BOUND
[166271:TRDTrackletReader]: [17:56:55][STATE] BOUND ---> CONNECTING
[166271:TRDTrackletReader]: [17:56:55][STATE] CONNECTING ---> DEVICE READY
[166271:TRDTrackletReader]: [17:56:55][STATE] DEVICE READY ---> INITIALIZING TASK
[166271:TRDTrackletReader]: [17:56:55][STATE] INITIALIZING TASK ---> READY
[166271:TRDTrackletReader]: [17:56:55][STATE] READY ---> RUNNING
[166271:TRDTrackletReader]: [17:56:55][INFO] fair::mq::Device running...
[166271:TRDTrackletReader]: [17:56:55][INFO] LHCPeriod is not available, using current month AUG
[166271:TRDTrackletReader]: [17:56:55][INFO] Pushing 17 TRD trigger records at entry 0
[166271:TRDTrackletReader]: [17:56:55][INFO] Pushing 2199 uncalibrated TRD tracklets for these trigger records
[166271:TRDTrackletReader]: [17:56:55][INFO] Pushing 2867 TRD tracklet labels
[166271:TRDTrackletReader]: [17:56:55][INFO] Sending end-of-stream message to channel from_TRDTrackletReader_to_internal-dpl-ccdb-backend
[166271:TRDTrackletReader]: [17:56:55][INFO] Sending end-of-stream message to channel from_TRDTrackletReader_to_TRDTRACKLETTRANSFORMER
[166271:TRDTrackletReader]: [17:56:55][INFO] Sending end-of-stream message to channel from_TRDTrackletReader_to_trd-calibrated-tracklet-writer
[166271:TRDTrackletReader]: [17:56:55][INFO] Correctly handshaken websocket connection.
[166272:internal-dpl-ccdb-backend]: Info in <TJAlienConnectionManager>: Opening connection to JCentral. Please wait
[166272:internal-dpl-ccdb-backend]: Info in <TJAlienConnectionManager>: Opening connection to 137.138.47.222
[166272:internal-dpl-ccdb-backend]: Info in <TJAlienConnectionManager>: Successfully connected to 137.138.47.222
[166272:internal-dpl-ccdb-backend]: Info in <TJAlienFile::Open>: Accessing file /alice/data/CCDB/CTP/Calib/OrbitReset/06/62200/b9f985c3-b4b0-11ec-8fd3-90ce809b24ee in SE <ALICE::CERN::EOS>
[166272:internal-dpl-ccdb-backend]: [17:56:57][INFO] ccdb reads http://alice-ccdb.cern.ch/CTP/Calib/OrbitReset/1546300800000/b9f985c3-b4b0-11ec-8fd3-90ce809b24ee for 1546300800000 (load to memory, agent_id: localhost.localdomain-1692719814-u7WDoK), 
[166272:internal-dpl-ccdb-backend]: Info in <TJAlienFile::Open>: Accessing file /alice/data/CCDB/GLO/Config/GeometryAligned/06/21224/787687c0-287a-11ed-8141-200114580202 in SE <ALICE::CERN::OCDB>
[166272:internal-dpl-ccdb-backend]: [17:56:57][INFO] ccdb reads http://alice-ccdb.cern.ch/GLO/Config/GeometryAligned/1546300800000/787687c0-287a-11ed-8141-200114580202 for 1546300800000 (load to memory, agent_id: localhost.localdomain-1692719814-u7WDoK), 
[166272:internal-dpl-ccdb-backend]: Info in <TJAlienFile::Open>: Accessing file /alice/data/CCDB/GLO/Config/GRPMagField/06/62924/01d633ab-efdf-11ec-841e-2a010e0a0b16 in SE <ALICE::CERN::OCDB>
[166272:internal-dpl-ccdb-backend]: [17:56:57][INFO] ccdb reads http://alice-ccdb.cern.ch/GLO/Config/GRPMagField/1546300800000/01d633ab-efdf-11ec-841e-2a010e0a0b16 for 1546300800000 (load to memory, agent_id: localhost.localdomain-1692719814-u7WDoK), 
[166272:internal-dpl-ccdb-backend]: Info in <TJAlienFile::Open>: Accessing file /alice/data/CCDB/TRD/Calib/CalVdriftExB/06/10271/e6e40961-d22d-11ec-8dd8-511cc1ec24ee in SE <ALICE::CERN::OCDB>
[166272:internal-dpl-ccdb-backend]: [17:56:58][INFO] ccdb reads http://alice-ccdb.cern.ch/TRD/Calib/CalVdriftExB/1/e6e40961-d22d-11ec-8dd8-511cc1ec24ee for 1546300800000 (load to memory, agent_id: localhost.localdomain-1692719814-u7WDoK), 
[166272:internal-dpl-ccdb-backend]: [17:56:58][INFO] Sending end-of-stream message to channel from_internal-dpl-ccdb-backend_to_TRDTRACKLETTRANSFORMER
[166272:internal-dpl-ccdb-backend]: [17:56:58][INFO] Sending end-of-stream message to channel from_internal-dpl-ccdb-backend_to_internal-dpl-injected-dummy-sink
[166273:TRDTRACKLETTRANSFORMER]: [17:56:58][INFO] GRP MagField object updated
[166273:TRDTRACKLETTRANSFORMER]: [17:56:58][INFO] MagneticField::Print: MagneticFieldMap:
[166273:TRDTRACKLETTRANSFORMER]: [17:56:58][INFO] MagneticField::Print: Solenoid (-1*)5 kG, Dipole ON (-1) 
[166273:TRDTRACKLETTRANSFORMER]: [17:56:58][INFO] MagneticField::Print: Machine B fields for p-p  beam (7000 GeV): QGrad: 22.0002 Dipole: 37.8781
[166273:TRDTRACKLETTRANSFORMER]: [17:56:58][INFO] MagneticField::Print: Uses Sol30_Dip6_Hole  of /root/alice/sw/slc8_x86-64/O2/segment-local1/share/Common/maps/mfchebKGI_sym.root
[166273:TRDTRACKLETTRANSFORMER]: Info in <TGeoGlobalMagField::SetField>: Global magnetic field set to <MagneticFieldMap>
[166273:TRDTRACKLETTRANSFORMER]: Info in <TGeoGlobalMagField::Lock>: Global magnetic field <MagneticFieldMap> is now locked
[166273:TRDTRACKLETTRANSFORMER]: [17:56:58][INFO] Caching in 140080501502784 ptr to GLO/GRPMAGFIELD/0 (0x44ee870)
[166273:TRDTRACKLETTRANSFORMER]: Info in <TGeoManager::CloseGeometry>: Geometry loaded from file...
[166273:TRDTRACKLETTRANSFORMER]: Info in <TGeoManager::SetTopVolume>: Top volume is cave. Master volume is cave
[166273:TRDTRACKLETTRANSFORMER]: Info in <TGeoNavigator::BuildCache>: --- Maximum geometry depth set to 100
[166273:TRDTRACKLETTRANSFORMER]: Info in <TGeoManager::Voxelize>: Voxelizing...
[166273:TRDTRACKLETTRANSFORMER]: Info in <TGeoManager::CountLevels>: max level = 13, max placements = 735
[166273:TRDTRACKLETTRANSFORMER]: Info in <TGeoManager::CloseGeometry>: 5346742 nodes/ 27442 volume UID's in FAIR geometry
[166273:TRDTRACKLETTRANSFORMER]: Info in <TGeoManager::CloseGeometry>: ----------------modeler ready----------------
[166273:TRDTRACKLETTRANSFORMER]: [17:56:59][INFO] aligned geometry updated
[166273:TRDTRACKLETTRANSFORMER]: [17:56:59][INFO] Caching in 140080499655264 ptr to GLO/GEOMALIGN/0 (0x949ce20)
[166273:TRDTRACKLETTRANSFORMER]: [17:56:59][INFO] CalVdriftExB object has been updated
[166273:TRDTRACKLETTRANSFORMER]: [17:56:59][INFO] Caching in 140080501504032 ptr to TRD/CALVDRIFTEXB/0 (0x8897160)
[166273:TRDTRACKLETTRANSFORMER]: [17:56:59][INFO] Found 2199 tracklets in 17 trigger records. Applied filter for ITS IR frames: 0. Transformed 2199 tracklets.
[166273:TRDTRACKLETTRANSFORMER]: [17:56:59][INFO] Sending end-of-stream message to channel from_TRDTRACKLETTRANSFORMER_to_trd-calibrated-tracklet-writer
[INFO] Quitting
[INFO] QUIT_REQUESTED
[166275:internal-dpl-injected-dummy-sink]: [17:56:59][INFO] Received device shutdown request (signal 15).
[166275:internal-dpl-injected-dummy-sink]: [17:56:59][INFO] Waiting for graceful device shutdown. Hit Ctrl-C again to abort immediately.
[166275:internal-dpl-injected-dummy-sink]: [17:56:59][INFO] New state requested. No timeout set, quitting immediately as per --completion-policy
[166275:internal-dpl-injected-dummy-sink]: [17:56:59][STATE] RUNNING ---> READY
[166275:internal-dpl-injected-dummy-sink]: [17:56:59][STATE] READY ---> RESETTING TASK
[166275:internal-dpl-injected-dummy-sink]: [17:56:59][STATE] RESETTING TASK ---> DEVICE READY
[166275:internal-dpl-injected-dummy-sink]: [17:56:59][STATE] DEVICE READY ---> RESETTING DEVICE
[166275:internal-dpl-injected-dummy-sink]: [17:56:59][STATE] RESETTING DEVICE ---> IDLE
[166275:internal-dpl-injected-dummy-sink]: [17:56:59][STATE] IDLE ---> EXITING
[166275:internal-dpl-injected-dummy-sink]: [17:56:59][STATE] Exiting FairMQ state machine
[166271:TRDTrackletReader]: [17:56:59][INFO] Received device shutdown request (signal 15).
[166271:TRDTrackletReader]: [17:56:59][INFO] Waiting for graceful device shutdown. Hit Ctrl-C again to abort immediately.
[166273:TRDTRACKLETTRANSFORMER]: [17:56:59][INFO] Received device shutdown request (signal 15).
[166273:TRDTRACKLETTRANSFORMER]: [17:56:59][INFO] Waiting for graceful device shutdown. Hit Ctrl-C again to abort immediately.
[166270:internal-dpl-clock]: [17:56:59][INFO] Received device shutdown request (signal 15).
[166270:internal-dpl-clock]: [17:56:59][INFO] Waiting for graceful device shutdown. Hit Ctrl-C again to abort immediately.
[166272:internal-dpl-ccdb-backend]: [17:56:59][INFO] Received device shutdown request (signal 15).
[166272:internal-dpl-ccdb-backend]: [17:56:59][INFO] Waiting for graceful device shutdown. Hit Ctrl-C again to abort immediately.
[166272:internal-dpl-ccdb-backend]: [17:56:59][INFO] New state requested. No timeout set, quitting immediately as per --completion-policy
[166272:internal-dpl-ccdb-backend]: [17:56:59][INFO] CCDB cache miss/hit ratio:
[166272:internal-dpl-ccdb-backend]: [17:56:59][INFO]   TRD/Calib/CalVdriftExB: 1/0 (1024-1024 bytes)
[166272:internal-dpl-ccdb-backend]: [17:56:59][INFO]   GLO/Config/GRPMagField: 1/0 (1024-1024 bytes)
[166272:internal-dpl-ccdb-backend]: [17:56:59][INFO]   GLO/Config/GeometryAligned: 1/0 (1847296-1847296 bytes)
[166272:internal-dpl-ccdb-backend]: [17:56:59][INFO]   CTP/Calib/OrbitReset: 1/1 (1024-1024 bytes)
[166272:internal-dpl-ccdb-backend]: [17:56:59][STATE] RUNNING ---> READY
[166271:TRDTrackletReader]: [17:56:59][INFO] New state requested. No timeout set, quitting immediately as per --completion-policy
[166271:TRDTrackletReader]: [17:56:59][STATE] RUNNING ---> READY
[166271:TRDTrackletReader]: [17:56:59][STATE] READY ---> RESETTING TASK
[166271:TRDTrackletReader]: [17:56:59][STATE] RESETTING TASK ---> DEVICE READY
[166273:TRDTRACKLETTRANSFORMER]: [17:56:59][INFO] New state requested. No timeout set, quitting immediately as per --completion-policy
[166273:TRDTRACKLETTRANSFORMER]: [17:56:59][STATE] RUNNING ---> READY
[166270:internal-dpl-clock]: [17:56:59][INFO] New state requested. No timeout set, quitting immediately as per --completion-policy
[166271:TRDTrackletReader]: [17:56:59][STATE] DEVICE READY ---> RESETTING DEVICE
[166272:internal-dpl-ccdb-backend]: [17:56:59][STATE] READY ---> RESETTING TASK
[166272:internal-dpl-ccdb-backend]: [17:56:59][STATE] RESETTING TASK ---> DEVICE READY
[166270:internal-dpl-clock]: [17:56:59][STATE] RUNNING ---> READY
[166272:internal-dpl-ccdb-backend]: [17:56:59][STATE] DEVICE READY ---> RESETTING DEVICE
[166273:TRDTRACKLETTRANSFORMER]: [17:56:59][STATE] READY ---> RESETTING TASK
[166273:TRDTRACKLETTRANSFORMER]: [17:56:59][STATE] RESETTING TASK ---> DEVICE READY
[166270:internal-dpl-clock]: [17:56:59][STATE] READY ---> RESETTING TASK
[166270:internal-dpl-clock]: [17:56:59][STATE] RESETTING TASK ---> DEVICE READY
[166273:TRDTRACKLETTRANSFORMER]: [17:56:59][STATE] DEVICE READY ---> RESETTING DEVICE
[166270:internal-dpl-clock]: [17:56:59][STATE] DEVICE READY ---> RESETTING DEVICE
[166274:trd-calibrated-tracklet-writer]: [17:56:59][INFO] Received device shutdown request (signal 15).
[166274:trd-calibrated-tracklet-writer]: [17:56:59][INFO] Waiting for graceful device shutdown. Hit Ctrl-C again to abort immediately.
[166271:TRDTrackletReader]: [17:56:59][STATE] RESETTING DEVICE ---> IDLE
[166274:trd-calibrated-tracklet-writer]: [17:56:59][INFO] New state requested. No timeout set, quitting immediately as per --completion-policy
[166271:TRDTrackletReader]: [17:56:59][STATE] IDLE ---> EXITING
[166270:internal-dpl-clock]: [17:56:59][STATE] RESETTING DEVICE ---> IDLE
[166271:TRDTrackletReader]: [17:56:59][STATE] Exiting FairMQ state machine
[166270:internal-dpl-clock]: [17:56:59][STATE] IDLE ---> EXITING
[166270:internal-dpl-clock]: [17:56:59][STATE] Exiting FairMQ state machine
[166272:internal-dpl-ccdb-backend]: [17:56:59][STATE] RESETTING DEVICE ---> IDLE
[166272:internal-dpl-ccdb-backend]: [17:56:59][STATE] IDLE ---> EXITING
[166272:internal-dpl-ccdb-backend]: [17:56:59][STATE] Exiting FairMQ state machine
[166273:TRDTRACKLETTRANSFORMER]: [17:56:59][STATE] RESETTING DEVICE ---> IDLE
[166273:TRDTRACKLETTRANSFORMER]: [17:56:59][STATE] IDLE ---> EXITING
[166273:TRDTRACKLETTRANSFORMER]: [17:56:59][STATE] Exiting FairMQ state machine
[166274:trd-calibrated-tracklet-writer]: [17:57:00][STATE] RUNNING ---> READY
[166274:trd-calibrated-tracklet-writer]: [17:57:00][STATE] READY ---> RESETTING TASK
[166274:trd-calibrated-tracklet-writer]: [17:57:00][STATE] RESETTING TASK ---> DEVICE READY
[166274:trd-calibrated-tracklet-writer]: [17:57:00][STATE] DEVICE READY ---> RESETTING DEVICE
[166274:trd-calibrated-tracklet-writer]: [17:57:00][INFO] Cleaning up for shared memory id '59d989d2'...
[166274:trd-calibrated-tracklet-writer]: [17:57:00][INFO] Found 0 unmanaged regions...
[166274:trd-calibrated-tracklet-writer]: [17:57:00][INFO] Found 1 managed segments...
[166274:trd-calibrated-tracklet-writer]: [17:57:00][INFO] Successfully removed 'fmq_59d989d2_m_0'.
[166274:trd-calibrated-tracklet-writer]: [17:57:00][INFO] Successfully removed 'fmq_59d989d2_mng'.
[166274:trd-calibrated-tracklet-writer]: [17:57:00][STATE] RESETTING DEVICE ---> IDLE
[166274:trd-calibrated-tracklet-writer]: [17:57:00][STATE] IDLE ---> EXITING
[166274:trd-calibrated-tracklet-writer]: [17:57:00][STATE] Exiting FairMQ state machine
[INFO] ## Processes completed. Run summary:
[INFO] ### Devices started: 6
[INFO]  - Device internal-dpl-clock: pid 166270 (exit 0)
[INFO]  - Device TRDTrackletReader: pid 166271 (exit 0)
[INFO]  - Device internal-dpl-ccdb-backend: pid 166272 (exit 0)
[INFO]  - Device TRDTRACKLETTRANSFORMER: pid 166273 (exit 0)
[INFO]  - Device trd-calibrated-tracklet-writer: pid 166274 (exit 0)
[INFO]  - Device internal-dpl-injected-dummy-sink: pid 166275 (exit 0)
[INFO] Dumping used configuration in dpl-config.json
TASK-EXIT-CODE: 0
