Running: TIME="#walltime %e" /usr/bin/time --output=trdtrap.log_time ./trdtrap.log_tmp.sh
[INFO] Initialising O2 Data Processing Layer. Driver PID: 154727.
[INFO] Driver listening on port: 12807
[INFO] Rate limiting set up at 500MB distributed over 1 readers
[INFO] O2 Data Processing Layer initialised. We brake for nobody.
[INFO] Optimised build. O2DEBUG / LOG(debug) / LOGF(debug) / assert statement will not be shown.
[INFO] Redeployment of configuration asked.
[INFO] Starting internal-dpl-clock on pid 154896
[INFO] Starting TRDDIGITREADER on pid 154897
[INFO] Starting TRAP on pid 154898
[INFO] Starting TRD-tracklet-writer on pid 154899
[INFO] Starting internal-dpl-injected-dummy-sink on pid 154900
[INFO] Redeployment of configuration done.
[154898:TRAP]: [INFO] Instrumenting crash signals
[154898:TRAP]: [INFO] Spawing new device TRAP in process with pid 154898
[154898:TRAP]: [17:53:56][INFO] 
[154898:TRAP]:       ______      _    _______  _________ 
[154898:TRAP]:      / ____/___ _(_)_______   |/  /_  __ \    version 1.6.0
[154898:TRAP]:     / /_  / __ `/ / ___/__  /|_/ /_  / / /    build RELWITHDEBINFO
[154898:TRAP]:    / __/ / /_/ / / /    _  /  / / / /_/ /     https://github.com/FairRootGroup/FairMQ
[154898:TRAP]:   /_/    \__,_/_/_/     /_/  /_/  \___\_\     LGPL-3.0  © 2012-2023 GSI
[154898:TRAP]: 
[154898:TRAP]: [17:53:56][STATE] Starting FairMQ state machine --> IDLE
[154898:TRAP]: [17:53:56][STATE] IDLE ---> INITIALIZING DEVICE
[154898:TRAP]: [17:53:56][INFO] Tracklet charges will be calculated using a fixed multiplier
[154898:TRAP]: [17:53:56][INFO] Trap simulation running with 4 threads 
[154898:TRAP]: [17:53:56][STATE] INITIALIZING DEVICE ---> INITIALIZED
[154898:TRAP]: [17:53:56][STATE] INITIALIZED ---> BINDING
[154898:TRAP]: [17:53:56][STATE] BINDING ---> BOUND
[154898:TRAP]: [17:53:56][STATE] BOUND ---> CONNECTING
[154898:TRAP]: [17:53:56][STATE] CONNECTING ---> DEVICE READY
[154898:TRAP]: [17:53:56][STATE] DEVICE READY ---> INITIALIZING TASK
[154896:internal-dpl-clock]: [INFO] Instrumenting crash signals
[154896:internal-dpl-clock]: [INFO] Spawing new device internal-dpl-clock in process with pid 154896
[154896:internal-dpl-clock]: [17:53:56][INFO] 
[154896:internal-dpl-clock]:       ______      _    _______  _________ 
[154896:internal-dpl-clock]:      / ____/___ _(_)_______   |/  /_  __ \    version 1.6.0
[154896:internal-dpl-clock]:     / /_  / __ `/ / ___/__  /|_/ /_  / / /    build RELWITHDEBINFO
[154896:internal-dpl-clock]:    / __/ / /_/ / / /    _  /  / / / /_/ /     https://github.com/FairRootGroup/FairMQ
[154896:internal-dpl-clock]:   /_/    \__,_/_/_/     /_/  /_/  \___\_\     LGPL-3.0  © 2012-2023 GSI
[154896:internal-dpl-clock]: 
[154896:internal-dpl-clock]: [17:53:56][STATE] Starting FairMQ state machine --> IDLE
[154898:TRAP]: [17:53:56][STATE] INITIALIZING TASK ---> READY
[154898:TRAP]: [17:53:56][STATE] READY ---> RUNNING
[154898:TRAP]: [17:53:56][INFO] fair::mq::Device running...
[154898:TRAP]: [17:53:56][INFO] LHCPeriod is not available, using current month AUG
[154898:TRAP]: [17:53:56][INFO] Correctly handshaken websocket connection.
[154896:internal-dpl-clock]: [17:53:56][STATE] IDLE ---> INITIALIZING DEVICE
[154896:internal-dpl-clock]: [17:53:56][STATE] INITIALIZING DEVICE ---> INITIALIZED
[154896:internal-dpl-clock]: [17:53:56][STATE] INITIALIZED ---> BINDING
[154896:internal-dpl-clock]: [17:53:56][STATE] BINDING ---> BOUND
[154896:internal-dpl-clock]: [17:53:56][STATE] BOUND ---> CONNECTING
[154896:internal-dpl-clock]: [17:53:56][STATE] CONNECTING ---> DEVICE READY
[154896:internal-dpl-clock]: [17:53:56][STATE] DEVICE READY ---> INITIALIZING TASK
[154896:internal-dpl-clock]: [17:53:56][STATE] INITIALIZING TASK ---> READY
[154896:internal-dpl-clock]: [17:53:56][STATE] READY ---> RUNNING
[154896:internal-dpl-clock]: [17:53:56][INFO] fair::mq::Device running...
[154896:internal-dpl-clock]: [17:53:56][INFO] LHCPeriod is not available, using current month AUG
[154896:internal-dpl-clock]: [17:53:56][INFO] Correctly handshaken websocket connection.
[154899:TRD-tracklet-writer]: [INFO] Instrumenting crash signals
[154899:TRD-tracklet-writer]: [INFO] Spawing new device TRD-tracklet-writer in process with pid 154899
[154899:TRD-tracklet-writer]: [17:53:56][INFO] 
[154899:TRD-tracklet-writer]:       ______      _    _______  _________ 
[154899:TRD-tracklet-writer]:      / ____/___ _(_)_______   |/  /_  __ \    version 1.6.0
[154899:TRD-tracklet-writer]:     / /_  / __ `/ / ___/__  /|_/ /_  / / /    build RELWITHDEBINFO
[154899:TRD-tracklet-writer]:    / __/ / /_/ / / /    _  /  / / / /_/ /     https://github.com/FairRootGroup/FairMQ
[154899:TRD-tracklet-writer]:   /_/    \__,_/_/_/     /_/  /_/  \___\_\     LGPL-3.0  © 2012-2023 GSI
[154899:TRD-tracklet-writer]: 
[154899:TRD-tracklet-writer]: [17:53:56][STATE] Starting FairMQ state machine --> IDLE
[154899:TRD-tracklet-writer]: [17:53:56][STATE] IDLE ---> INITIALIZING DEVICE
[154899:TRD-tracklet-writer]: [17:53:56][INFO] 0: branch  Tracklet set up
[154899:TRD-tracklet-writer]: [17:53:56][INFO] 1: branch  TRKLabels set up
[154899:TRD-tracklet-writer]: [17:53:56][INFO] 2: branch  TrackTrg set up
[154899:TRD-tracklet-writer]: [17:53:56][STATE] INITIALIZING DEVICE ---> INITIALIZED
[154899:TRD-tracklet-writer]: [17:53:56][STATE] INITIALIZED ---> BINDING
[154899:TRD-tracklet-writer]: [17:53:56][STATE] BINDING ---> BOUND
[154899:TRD-tracklet-writer]: [17:53:56][STATE] BOUND ---> CONNECTING
[154899:TRD-tracklet-writer]: [17:53:56][STATE] CONNECTING ---> DEVICE READY
[154899:TRD-tracklet-writer]: [17:53:56][STATE] DEVICE READY ---> INITIALIZING TASK
[154899:TRD-tracklet-writer]: [17:53:56][STATE] INITIALIZING TASK ---> READY
[154899:TRD-tracklet-writer]: [17:53:56][STATE] READY ---> RUNNING
[154899:TRD-tracklet-writer]: [17:53:56][INFO] fair::mq::Device running...
[154899:TRD-tracklet-writer]: [17:53:56][INFO] LHCPeriod is not available, using current month AUG
[154899:TRD-tracklet-writer]: [17:53:56][INFO] Correctly handshaken websocket connection.
[154900:internal-dpl-injected-dummy-sink]: [INFO] Instrumenting crash signals
[154900:internal-dpl-injected-dummy-sink]: [INFO] Spawing new device internal-dpl-injected-dummy-sink in process with pid 154900
[154900:internal-dpl-injected-dummy-sink]: [17:53:56][INFO] 
[154900:internal-dpl-injected-dummy-sink]:       ______      _    _______  _________ 
[154900:internal-dpl-injected-dummy-sink]:      / ____/___ _(_)_______   |/  /_  __ \    version 1.6.0
[154900:internal-dpl-injected-dummy-sink]:     / /_  / __ `/ / ___/__  /|_/ /_  / / /    build RELWITHDEBINFO
[154900:internal-dpl-injected-dummy-sink]:    / __/ / /_/ / / /    _  /  / / / /_/ /     https://github.com/FairRootGroup/FairMQ
[154900:internal-dpl-injected-dummy-sink]:   /_/    \__,_/_/_/     /_/  /_/  \___\_\     LGPL-3.0  © 2012-2023 GSI
[154900:internal-dpl-injected-dummy-sink]: 
[154900:internal-dpl-injected-dummy-sink]: [17:53:56][STATE] Starting FairMQ state machine --> IDLE
[154900:internal-dpl-injected-dummy-sink]: [17:53:56][STATE] IDLE ---> INITIALIZING DEVICE
[154900:internal-dpl-injected-dummy-sink]: [17:53:56][STATE] INITIALIZING DEVICE ---> INITIALIZED
[154900:internal-dpl-injected-dummy-sink]: [17:53:56][STATE] INITIALIZED ---> BINDING
[154900:internal-dpl-injected-dummy-sink]: [17:53:56][STATE] BINDING ---> BOUND
[154900:internal-dpl-injected-dummy-sink]: [17:53:56][STATE] BOUND ---> CONNECTING
[154900:internal-dpl-injected-dummy-sink]: [17:53:56][STATE] CONNECTING ---> DEVICE READY
[154900:internal-dpl-injected-dummy-sink]: [17:53:56][STATE] DEVICE READY ---> INITIALIZING TASK
[154900:internal-dpl-injected-dummy-sink]: [17:53:56][STATE] INITIALIZING TASK ---> READY
[154900:internal-dpl-injected-dummy-sink]: [17:53:56][STATE] READY ---> RUNNING
[154900:internal-dpl-injected-dummy-sink]: [17:53:56][INFO] fair::mq::Device running...
[154900:internal-dpl-injected-dummy-sink]: [17:53:56][INFO] LHCPeriod is not available, using current month AUG
[154900:internal-dpl-injected-dummy-sink]: [17:53:56][INFO] Correctly handshaken websocket connection.
[154897:TRDDIGITREADER]: [INFO] Instrumenting crash signals
[154897:TRDDIGITREADER]: [INFO] Spawing new device TRDDIGITREADER in process with pid 154897
[154897:TRDDIGITREADER]: [17:53:57][INFO] 
[154897:TRDDIGITREADER]:       ______      _    _______  _________ 
[154897:TRDDIGITREADER]:      / ____/___ _(_)_______   |/  /_  __ \    version 1.6.0
[154897:TRDDIGITREADER]:     / /_  / __ `/ / ___/__  /|_/ /_  / / /    build RELWITHDEBINFO
[154897:TRDDIGITREADER]:    / __/ / /_/ / / /    _  /  / / / /_/ /     https://github.com/FairRootGroup/FairMQ
[154897:TRDDIGITREADER]:   /_/    \__,_/_/_/     /_/  /_/  \___\_\     LGPL-3.0  © 2012-2023 GSI
[154897:TRDDIGITREADER]: 
[154897:TRDDIGITREADER]: [17:53:57][STATE] Starting FairMQ state machine --> IDLE
[154897:TRDDIGITREADER]: [17:53:57][STATE] IDLE ---> INITIALIZING DEVICE
[154897:TRDDIGITREADER]: [17:53:59][INFO] Loaded tree from trddigits.root with 1 entries
[154897:TRDDIGITREADER]: [17:53:59][STATE] INITIALIZING DEVICE ---> INITIALIZED
[154897:TRDDIGITREADER]: [17:53:59][STATE] INITIALIZED ---> BINDING
[154897:TRDDIGITREADER]: [17:53:59][STATE] BINDING ---> BOUND
[154897:TRDDIGITREADER]: [17:53:59][STATE] BOUND ---> CONNECTING
[154897:TRDDIGITREADER]: [17:53:59][STATE] CONNECTING ---> DEVICE READY
[154897:TRDDIGITREADER]: [17:53:59][STATE] DEVICE READY ---> INITIALIZING TASK
[154897:TRDDIGITREADER]: [17:53:59][STATE] INITIALIZING TASK ---> READY
[154897:TRDDIGITREADER]: [17:53:59][STATE] READY ---> RUNNING
[154897:TRDDIGITREADER]: [17:53:59][INFO] fair::mq::Device running...
[154897:TRDDIGITREADER]: [17:53:59][INFO] LHCPeriod is not available, using current month AUG
[154897:TRDDIGITREADER]: [17:53:59][INFO] Pushing 17 TRD trigger records at entry 0
[154897:TRDDIGITREADER]: [17:53:59][INFO] Pushing 17754 digits for these trigger records
[154897:TRDDIGITREADER]: [17:53:59][INFO] Sending end-of-stream message to channel from_TRDDIGITREADER_to_TRAP
[154897:TRDDIGITREADER]: [17:53:59][INFO] Correctly handshaken websocket connection.
[154898:TRAP]: [17:53:59][INFO] TRD Trap Simulator Device running over incoming message
[154898:TRAP]: [17:53:59][INFO] Init CcdApi with UserAgentID: localhost.localdomain-1692719639-xQ1sMY, Host: http://alice-ccdb.cern.ch/
[154898:TRAP]: Info in <TJAlienConnectionManager>: Opening connection to JCentral. Please wait
[154898:TRAP]: Info in <TJAlienConnectionManager>: Opening connection to 137.138.99.189
[154898:TRAP]: Info in <TJAlienConnectionManager>: Successfully connected to 137.138.99.189
[154898:TRAP]: Info in <TJAlienFile::Open>: Accessing file /alice/data/CCDB/TRD/Calib/ChamberCalibrations/07/05389/e704b36a-d22d-11ec-8dd8-511cc1ec24ee in SE <ALICE::CERN::OCDB>
[154898:TRAP]: [17:54:08][INFO] ccdb reads http://alice-ccdb.cern.ch/TRD/Calib/ChamberCalibrations/1/e704b36a-d22d-11ec-8dd8-511cc1ec24ee for 1546300800000 (retrieve, agent_id: localhost.localdomain-1692719639-xQ1sMY), 
[154898:TRAP]: Info in <TJAlienFile::Open>: Accessing file /alice/data/CCDB/TRD/Calib/LocalGainFactor/15/61343/100756ad-4ec7-11ed-bee3-200114580202 in SE <ALICE::CERN::OCDB>
[154898:TRAP]: [17:54:10][INFO] ccdb reads http://alice-ccdb.cern.ch/TRD/Calib/LocalGainFactor/1/100756ad-4ec7-11ed-bee3-200114580202 for 1546300800000 (retrieve, agent_id: localhost.localdomain-1692719639-xQ1sMY), 
[154898:TRAP]: Info in <TJAlienFile::Open>: Accessing file /alice/data/CCDB/TRD/Calib/PadNoise/15/62708/e81c639a-d22d-11ec-8dd8-511cc1ec24ee in SE <ALICE::CERN::OCDB>
[154898:TRAP]: [17:54:10][INFO] ccdb reads http://alice-ccdb.cern.ch/TRD/Calib/PadNoise/1/e81c639a-d22d-11ec-8dd8-511cc1ec24ee for 1546300800000 (retrieve, agent_id: localhost.localdomain-1692719639-xQ1sMY), 
[154898:TRAP]: Info in <TJAlienFile::Open>: Accessing file /alice/data/CCDB/TRD/Calib/ChamberStatus/13/46772/e724d29a-d22d-11ec-8dd8-511cc1ec24ee in SE <ALICE::CERN::OCDB>
[154898:TRAP]: [17:54:10][INFO] ccdb reads http://alice-ccdb.cern.ch/TRD/Calib/ChamberStatus/1/e724d29a-d22d-11ec-8dd8-511cc1ec24ee for 1546300800000 (retrieve, agent_id: localhost.localdomain-1692719639-xQ1sMY), 
[154898:TRAP]: Info in <TJAlienFile::Open>: Accessing file /alice/data/CCDB/TRD/Calib/PadStatus/01/08482/e8418bc7-d22d-11ec-8dd8-511cc1ec24ee in SE <ALICE::CERN::OCDB>
[154898:TRAP]: [17:54:10][INFO] ccdb reads http://alice-ccdb.cern.ch/TRD/Calib/PadStatus/1/e8418bc7-d22d-11ec-8dd8-511cc1ec24ee for 1546300800000 (retrieve, agent_id: localhost.localdomain-1692719639-xQ1sMY), 
[154898:TRAP]: Info in <TJAlienFile::Open>: Accessing file /alice/data/CCDB/TRD/TrapConfig/cf_pg-fpnp32_zs-s16-deh_tb30_trkl-b5n-fs1e24-ht200-qs0e24s24e23-pidlinear-pt100_ptrg.r5549/15/64250/e6c280c9-d22d-11ec-8dd8-511cc1ec24ee in SE <ALICE::CERN::OCDB>
[154898:TRAP]: [17:54:17][INFO] ccdb reads http://alice-ccdb.cern.ch/TRD/TrapConfig/cf_pg-fpnp32_zs-s16-deh_tb30_trkl-b5n-fs1e24-ht200-qs0e24s24e23-pidlinear-pt100_ptrg.r5549/1/e6c280c9-d22d-11ec-8dd8-511cc1ec24ee for 1546300800000 (retrieve, agent_id: localhost.localdomain-1692719639-xQ1sMY), 
[154898:TRAP]: [17:54:17][INFO] using TRAPconfig: cf_pg-fpnp32_zs-s16-deh_tb30_trkl-b5n-fs1e24-ht200-qs0e24s24e23-pidlinear-pt100_ptrg.r5549
[154898:TRAP]: [17:54:17][WARN] you have asked to not use online gain calibrations but the selected trap config does have FGBY enabled. Gain calibrations will be 1, i.e. no effect
[154898:TRAP]: [17:54:17][INFO] Trap simulator found 2199 tracklets from 17754 Digits.
[154898:TRAP]: [17:54:17][INFO] In total 0 digits were rejected due to digit downscaling factor of 1
[154898:TRAP]: [17:54:17][INFO] In total 2867 MC labels are associated to the 2199 tracklets
[154898:TRAP]: [17:54:17][INFO] Total processing time : 97ms
[154898:TRAP]: [17:54:17][INFO] Digit Sorting took: 0ms
[154898:TRAP]: [17:54:17][INFO] Processing time for parallel region: 95ms
[154898:TRAP]: [17:54:17][INFO] Sending end-of-stream message to channel from_TRAP_to_TRD-tracklet-writer
[154898:TRAP]: [17:54:17][INFO] Sending end-of-stream message to channel from_TRAP_to_internal-dpl-injected-dummy-sink
[INFO] Quitting
[INFO] QUIT_REQUESTED
[154896:internal-dpl-clock]: [17:54:17][INFO] Received device shutdown request (signal 15).
[154896:internal-dpl-clock]: [17:54:17][INFO] Waiting for graceful device shutdown. Hit Ctrl-C again to abort immediately.
[154897:TRDDIGITREADER]: [17:54:17][INFO] Received device shutdown request (signal 15).
[154897:TRDDIGITREADER]: [17:54:17][INFO] Waiting for graceful device shutdown. Hit Ctrl-C again to abort immediately.
[154897:TRDDIGITREADER]: [17:54:17][INFO] New state requested. No timeout set, quitting immediately as per --completion-policy
[154897:TRDDIGITREADER]: [17:54:17][STATE] RUNNING ---> READY
[154898:TRAP]: [17:54:17][INFO] Received device shutdown request (signal 15).
[154898:TRAP]: [17:54:17][INFO] Waiting for graceful device shutdown. Hit Ctrl-C again to abort immediately.
[154899:TRD-tracklet-writer]: [17:54:17][INFO] Received device shutdown request (signal 15).
[154899:TRD-tracklet-writer]: [17:54:17][INFO] Waiting for graceful device shutdown. Hit Ctrl-C again to abort immediately.
[154900:internal-dpl-injected-dummy-sink]: [17:54:17][INFO] Received device shutdown request (signal 15).
[154900:internal-dpl-injected-dummy-sink]: [17:54:17][INFO] Waiting for graceful device shutdown. Hit Ctrl-C again to abort immediately.
[154900:internal-dpl-injected-dummy-sink]: [17:54:17][INFO] New state requested. No timeout set, quitting immediately as per --completion-policy
[154896:internal-dpl-clock]: [17:54:17][INFO] New state requested. No timeout set, quitting immediately as per --completion-policy
[154900:internal-dpl-injected-dummy-sink]: [17:54:17][STATE] RUNNING ---> READY
[154896:internal-dpl-clock]: [17:54:17][STATE] RUNNING ---> READY
[154898:TRAP]: [17:54:17][INFO] New state requested. No timeout set, quitting immediately as per --completion-policy
[154898:TRAP]: [17:54:17][STATE] RUNNING ---> READY
[154899:TRD-tracklet-writer]: [17:54:17][INFO] New state requested. No timeout set, quitting immediately as per --completion-policy
[154900:internal-dpl-injected-dummy-sink]: [17:54:17][STATE] READY ---> RESETTING TASK
[154900:internal-dpl-injected-dummy-sink]: [17:54:17][STATE] RESETTING TASK ---> DEVICE READY
[154900:internal-dpl-injected-dummy-sink]: [17:54:17][STATE] DEVICE READY ---> RESETTING DEVICE
[154897:TRDDIGITREADER]: [17:54:17][STATE] READY ---> RESETTING TASK
[154897:TRDDIGITREADER]: [17:54:17][STATE] RESETTING TASK ---> DEVICE READY
[154896:internal-dpl-clock]: [17:54:17][STATE] READY ---> RESETTING TASK
[154896:internal-dpl-clock]: [17:54:17][STATE] RESETTING TASK ---> DEVICE READY
[154898:TRAP]: [17:54:17][STATE] READY ---> RESETTING TASK
[154898:TRAP]: [17:54:17][STATE] RESETTING TASK ---> DEVICE READY
[154897:TRDDIGITREADER]: [17:54:17][STATE] DEVICE READY ---> RESETTING DEVICE
[154896:internal-dpl-clock]: [17:54:17][STATE] DEVICE READY ---> RESETTING DEVICE
[154898:TRAP]: [17:54:17][STATE] DEVICE READY ---> RESETTING DEVICE
[154900:internal-dpl-injected-dummy-sink]: [17:54:17][STATE] RESETTING DEVICE ---> IDLE
[154900:internal-dpl-injected-dummy-sink]: [17:54:17][STATE] IDLE ---> EXITING
[154900:internal-dpl-injected-dummy-sink]: [17:54:17][STATE] Exiting FairMQ state machine
[154897:TRDDIGITREADER]: [17:54:17][STATE] RESETTING DEVICE ---> IDLE
[154897:TRDDIGITREADER]: [17:54:17][STATE] IDLE ---> EXITING
[154897:TRDDIGITREADER]: [17:54:17][STATE] Exiting FairMQ state machine
[154898:TRAP]: [17:54:17][STATE] RESETTING DEVICE ---> IDLE
[154898:TRAP]: [17:54:17][STATE] IDLE ---> EXITING
[154898:TRAP]: [17:54:17][STATE] Exiting FairMQ state machine
[154896:internal-dpl-clock]: [17:54:17][STATE] RESETTING DEVICE ---> IDLE
[154896:internal-dpl-clock]: [17:54:17][STATE] IDLE ---> EXITING
[154896:internal-dpl-clock]: [17:54:17][STATE] Exiting FairMQ state machine
[154899:TRD-tracklet-writer]: [17:54:19][STATE] RUNNING ---> READY
[154899:TRD-tracklet-writer]: [17:54:19][STATE] READY ---> RESETTING TASK
[154899:TRD-tracklet-writer]: [17:54:19][STATE] RESETTING TASK ---> DEVICE READY
[154899:TRD-tracklet-writer]: [17:54:19][STATE] DEVICE READY ---> RESETTING DEVICE
[154899:TRD-tracklet-writer]: [17:54:19][INFO] Cleaning up for shared memory id 'f3446245'...
[154899:TRD-tracklet-writer]: [17:54:19][INFO] Found 0 unmanaged regions...
[154899:TRD-tracklet-writer]: [17:54:19][INFO] Found 1 managed segments...
[154899:TRD-tracklet-writer]: [17:54:19][INFO] Successfully removed 'fmq_f3446245_m_0'.
[154899:TRD-tracklet-writer]: [17:54:19][INFO] Successfully removed 'fmq_f3446245_mng'.
[154899:TRD-tracklet-writer]: [17:54:19][STATE] RESETTING DEVICE ---> IDLE
[154899:TRD-tracklet-writer]: [17:54:19][STATE] IDLE ---> EXITING
[154899:TRD-tracklet-writer]: [17:54:19][STATE] Exiting FairMQ state machine
[INFO] ## Processes completed. Run summary:
[INFO] ### Devices started: 5
[INFO]  - Device internal-dpl-clock: pid 154896 (exit 0)
[INFO]  - Device TRDDIGITREADER: pid 154897 (exit 0)
[INFO]  - Device TRAP: pid 154898 (exit 0)
[INFO]  - Device TRD-tracklet-writer: pid 154899 (exit 0)
[INFO]  - Device internal-dpl-injected-dummy-sink: pid 154900 (exit 0)
[INFO] Dumping used configuration in dpl-config.json
TASK-EXIT-CODE: 0
