Running: TIME="#walltime %e" /usr/bin/time --output=cpvreco.log_time ./cpvreco.log_tmp.sh
[INFO] Initialising O2 Data Processing Layer. Driver PID: 22877.
[INFO] Driver listening on port: 30957
[INFO] Rate limiting set up at 500MB distributed over 1 readers
[INFO] O2 Data Processing Layer initialised. We brake for nobody.
[INFO] Optimised build. O2DEBUG / LOG(debug) / LOGF(debug) / assert statement will not be shown.
[INFO] Redeployment of configuration asked.
[INFO] Starting internal-dpl-clock on pid 22917
[INFO] Starting cpv-digit-reader on pid 22918
[INFO] Starting internal-dpl-ccdb-backend on pid 22919
[INFO] Starting CPVClusterizerSpec on pid 22920
[INFO] Starting cpv-cluster-writer on pid 22921
[INFO] Starting internal-dpl-injected-dummy-sink on pid 22922
[INFO] Redeployment of configuration done.
[22917:internal-dpl-clock]: [INFO] Instrumenting crash signals
[22917:internal-dpl-clock]: [INFO] Spawing new device internal-dpl-clock in process with pid 22917
[22917:internal-dpl-clock]: [17:41:24][INFO] 
[22917:internal-dpl-clock]:       ______      _    _______  _________ 
[22917:internal-dpl-clock]:      / ____/___ _(_)_______   |/  /_  __ \    version 1.6.0
[22917:internal-dpl-clock]:     / /_  / __ `/ / ___/__  /|_/ /_  / / /    build RELWITHDEBINFO
[22917:internal-dpl-clock]:    / __/ / /_/ / / /    _  /  / / / /_/ /     https://github.com/FairRootGroup/FairMQ
[22917:internal-dpl-clock]:   /_/    \__,_/_/_/     /_/  /_/  \___\_\     LGPL-3.0  © 2012-2023 GSI
[22917:internal-dpl-clock]: 
[22917:internal-dpl-clock]: [17:41:24][STATE] Starting FairMQ state machine --> IDLE
[22917:internal-dpl-clock]: [17:41:24][STATE] IDLE ---> INITIALIZING DEVICE
[22921:cpv-cluster-writer]: [INFO] Instrumenting crash signals
[22917:internal-dpl-clock]: [17:41:24][STATE] INITIALIZING DEVICE ---> INITIALIZED
[22921:cpv-cluster-writer]: [INFO] Spawing new device cpv-cluster-writer in process with pid 22921
[22921:cpv-cluster-writer]: [17:41:24][INFO] 
[22921:cpv-cluster-writer]:       ______      _    _______  _________ 
[22921:cpv-cluster-writer]:      / ____/___ _(_)_______   |/  /_  __ \    version 1.6.0
[22921:cpv-cluster-writer]:     / /_  / __ `/ / ___/__  /|_/ /_  / / /    build RELWITHDEBINFO
[22921:cpv-cluster-writer]:    / __/ / /_/ / / /    _  /  / / / /_/ /     https://github.com/FairRootGroup/FairMQ
[22921:cpv-cluster-writer]:   /_/    \__,_/_/_/     /_/  /_/  \___\_\     LGPL-3.0  © 2012-2023 GSI
[22921:cpv-cluster-writer]: 
[22921:cpv-cluster-writer]: [17:41:24][STATE] Starting FairMQ state machine --> IDLE
[22917:internal-dpl-clock]: [17:41:24][STATE] INITIALIZED ---> BINDING
[22917:internal-dpl-clock]: [17:41:24][STATE] BINDING ---> BOUND
[22917:internal-dpl-clock]: [17:41:24][STATE] BOUND ---> CONNECTING
[22917:internal-dpl-clock]: [17:41:24][STATE] CONNECTING ---> DEVICE READY
[22917:internal-dpl-clock]: [17:41:24][STATE] DEVICE READY ---> INITIALIZING TASK
[22917:internal-dpl-clock]: [17:41:24][STATE] INITIALIZING TASK ---> READY
[22917:internal-dpl-clock]: [17:41:24][STATE] READY ---> RUNNING
[22917:internal-dpl-clock]: [17:41:24][INFO] fair::mq::Device running...
[22917:internal-dpl-clock]: [17:41:24][INFO] LHCPeriod is not available, using current month SEP
[22917:internal-dpl-clock]: [17:41:24][INFO] Correctly handshaken websocket connection.
[22921:cpv-cluster-writer]: [17:41:24][STATE] IDLE ---> INITIALIZING DEVICE
[22921:cpv-cluster-writer]: [17:41:24][INFO] 0: branch  CPVCluster set up
[22921:cpv-cluster-writer]: [17:41:24][INFO] 1: branch  CPVClusterTrigRec set up
[22921:cpv-cluster-writer]: [17:41:24][INFO] 2: branch  CPVClusterTrueMC set up
[22921:cpv-cluster-writer]: [17:41:24][STATE] INITIALIZING DEVICE ---> INITIALIZED
[22918:cpv-digit-reader]: [INFO] Instrumenting crash signals
[22921:cpv-cluster-writer]: [17:41:24][STATE] INITIALIZED ---> BINDING
[22921:cpv-cluster-writer]: [17:41:24][STATE] BINDING ---> BOUND
[22921:cpv-cluster-writer]: [17:41:24][STATE] BOUND ---> CONNECTING
[22921:cpv-cluster-writer]: [17:41:24][STATE] CONNECTING ---> DEVICE READY
[22921:cpv-cluster-writer]: [17:41:24][STATE] DEVICE READY ---> INITIALIZING TASK
[22921:cpv-cluster-writer]: [17:41:24][STATE] INITIALIZING TASK ---> READY
[22921:cpv-cluster-writer]: [17:41:24][STATE] READY ---> RUNNING
[22921:cpv-cluster-writer]: [17:41:24][INFO] fair::mq::Device running...
[22921:cpv-cluster-writer]: [17:41:24][INFO] LHCPeriod is not available, using current month SEP
[22921:cpv-cluster-writer]: [17:41:24][INFO] Correctly handshaken websocket connection.
[22918:cpv-digit-reader]: [INFO] Spawing new device cpv-digit-reader in process with pid 22918
[22918:cpv-digit-reader]: [17:41:24][INFO] 
[22918:cpv-digit-reader]:       ______      _    _______  _________ 
[22918:cpv-digit-reader]:      / ____/___ _(_)_______   |/  /_  __ \    version 1.6.0
[22918:cpv-digit-reader]:     / /_  / __ `/ / ___/__  /|_/ /_  / / /    build RELWITHDEBINFO
[22918:cpv-digit-reader]:    / __/ / /_/ / / /    _  /  / / / /_/ /     https://github.com/FairRootGroup/FairMQ
[22918:cpv-digit-reader]:   /_/    \__,_/_/_/     /_/  /_/  \___\_\     LGPL-3.0  © 2012-2023 GSI
[22918:cpv-digit-reader]: 
[22918:cpv-digit-reader]: [17:41:24][STATE] Starting FairMQ state machine --> IDLE
[22918:cpv-digit-reader]: [17:41:24][STATE] IDLE ---> INITIALIZING DEVICE
[22922:internal-dpl-injected-dummy-sink]: [INFO] Instrumenting crash signals
[22922:internal-dpl-injected-dummy-sink]: [INFO] Spawing new device internal-dpl-injected-dummy-sink in process with pid 22922
[22922:internal-dpl-injected-dummy-sink]: [17:41:24][INFO] 
[22922:internal-dpl-injected-dummy-sink]:       ______      _    _______  _________ 
[22922:internal-dpl-injected-dummy-sink]:      / ____/___ _(_)_______   |/  /_  __ \    version 1.6.0
[22922:internal-dpl-injected-dummy-sink]:     / /_  / __ `/ / ___/__  /|_/ /_  / / /    build RELWITHDEBINFO
[22922:internal-dpl-injected-dummy-sink]:    / __/ / /_/ / / /    _  /  / / / /_/ /     https://github.com/FairRootGroup/FairMQ
[22922:internal-dpl-injected-dummy-sink]:   /_/    \__,_/_/_/     /_/  /_/  \___\_\     LGPL-3.0  © 2012-2023 GSI
[22922:internal-dpl-injected-dummy-sink]: 
[22922:internal-dpl-injected-dummy-sink]: [17:41:24][STATE] Starting FairMQ state machine --> IDLE
[22922:internal-dpl-injected-dummy-sink]: [17:41:24][STATE] IDLE ---> INITIALIZING DEVICE
[22922:internal-dpl-injected-dummy-sink]: [17:41:24][STATE] INITIALIZING DEVICE ---> INITIALIZED
[22922:internal-dpl-injected-dummy-sink]: [17:41:24][STATE] INITIALIZED ---> BINDING
[22922:internal-dpl-injected-dummy-sink]: [17:41:24][STATE] BINDING ---> BOUND
[22922:internal-dpl-injected-dummy-sink]: [17:41:24][STATE] BOUND ---> CONNECTING
[22922:internal-dpl-injected-dummy-sink]: [17:41:24][STATE] CONNECTING ---> DEVICE READY
[22922:internal-dpl-injected-dummy-sink]: [17:41:24][STATE] DEVICE READY ---> INITIALIZING TASK
[22922:internal-dpl-injected-dummy-sink]: [17:41:24][STATE] INITIALIZING TASK ---> READY
[22922:internal-dpl-injected-dummy-sink]: [17:41:24][STATE] READY ---> RUNNING
[22922:internal-dpl-injected-dummy-sink]: [17:41:24][INFO] fair::mq::Device running...
[22922:internal-dpl-injected-dummy-sink]: [17:41:24][INFO] LHCPeriod is not available, using current month SEP
[22922:internal-dpl-injected-dummy-sink]: [17:41:24][INFO] Correctly handshaken websocket connection.
[22919:internal-dpl-ccdb-backend]: [INFO] Instrumenting crash signals
[22919:internal-dpl-ccdb-backend]: [INFO] Spawing new device internal-dpl-ccdb-backend in process with pid 22919
[22919:internal-dpl-ccdb-backend]: [17:41:24][INFO] 
[22919:internal-dpl-ccdb-backend]:       ______      _    _______  _________ 
[22919:internal-dpl-ccdb-backend]:      / ____/___ _(_)_______   |/  /_  __ \    version 1.6.0
[22919:internal-dpl-ccdb-backend]:     / /_  / __ `/ / ___/__  /|_/ /_  / / /    build RELWITHDEBINFO
[22919:internal-dpl-ccdb-backend]:    / __/ / /_/ / / /    _  /  / / / /_/ /     https://github.com/FairRootGroup/FairMQ
[22919:internal-dpl-ccdb-backend]:   /_/    \__,_/_/_/     /_/  /_/  \___\_\     LGPL-3.0  © 2012-2023 GSI
[22919:internal-dpl-ccdb-backend]: 
[22919:internal-dpl-ccdb-backend]: [17:41:24][STATE] Starting FairMQ state machine --> IDLE
[22919:internal-dpl-ccdb-backend]: [17:41:24][STATE] IDLE ---> INITIALIZING DEVICE
[22919:internal-dpl-ccdb-backend]: [17:41:24][INFO] CCDB Backend at: http://alice-ccdb.cern.ch, validity check for every 2147483647 TF
[22919:internal-dpl-ccdb-backend]: [17:41:24][INFO] Init CcdApi with UserAgentID: localhost.localdomain-1694014884-V97VLj, Host: http://alice-ccdb.cern.ch
[22919:internal-dpl-ccdb-backend]: [17:41:24][INFO] Initialised default CCDB host http://alice-ccdb.cern.ch
[22919:internal-dpl-ccdb-backend]: [17:41:24][INFO] The following route is a condition CPV/CPV_SimPars/0
[22919:internal-dpl-ccdb-backend]: [17:41:24][INFO] - ccdb-path: CPV/Config/CPVSimParams
[22919:internal-dpl-ccdb-backend]: [17:41:24][STATE] INITIALIZING DEVICE ---> INITIALIZED
[22919:internal-dpl-ccdb-backend]: [17:41:24][STATE] INITIALIZED ---> BINDING
[22919:internal-dpl-ccdb-backend]: [17:41:24][STATE] BINDING ---> BOUND
[22919:internal-dpl-ccdb-backend]: [17:41:24][STATE] BOUND ---> CONNECTING
[22919:internal-dpl-ccdb-backend]: [17:41:24][STATE] CONNECTING ---> DEVICE READY
[22919:internal-dpl-ccdb-backend]: [17:41:24][STATE] DEVICE READY ---> INITIALIZING TASK
[22919:internal-dpl-ccdb-backend]: [17:41:24][STATE] INITIALIZING TASK ---> READY
[22919:internal-dpl-ccdb-backend]: [17:41:24][STATE] READY ---> RUNNING
[22919:internal-dpl-ccdb-backend]: [17:41:24][INFO] fair::mq::Device running...
[22919:internal-dpl-ccdb-backend]: [17:41:24][INFO] LHCPeriod is not available, using current month SEP
[22919:internal-dpl-ccdb-backend]: [17:41:24][INFO] Correctly handshaken websocket connection.
[22920:CPVClusterizerSpec]: [INFO] Instrumenting crash signals
[22920:CPVClusterizerSpec]: [INFO] Spawing new device CPVClusterizerSpec in process with pid 22920
[22920:CPVClusterizerSpec]: [17:41:25][INFO] 
[22920:CPVClusterizerSpec]:       ______      _    _______  _________ 
[22920:CPVClusterizerSpec]:      / ____/___ _(_)_______   |/  /_  __ \    version 1.6.0
[22920:CPVClusterizerSpec]:     / /_  / __ `/ / ___/__  /|_/ /_  / / /    build RELWITHDEBINFO
[22920:CPVClusterizerSpec]:    / __/ / /_/ / / /    _  /  / / / /_/ /     https://github.com/FairRootGroup/FairMQ
[22920:CPVClusterizerSpec]:   /_/    \__,_/_/_/     /_/  /_/  \___\_\     LGPL-3.0  © 2012-2023 GSI
[22920:CPVClusterizerSpec]: 
[22920:CPVClusterizerSpec]: [17:41:25][STATE] Starting FairMQ state machine --> IDLE
[22918:cpv-digit-reader]: [17:41:25][INFO] branch set up: CPVDigit
[22918:cpv-digit-reader]: [17:41:25][INFO] branch set up: CPVDigitTrigRecords
[22918:cpv-digit-reader]: [17:41:25][INFO] branch set up: CPVDigitMCTruth
[22918:cpv-digit-reader]: [17:41:25][STATE] INITIALIZING DEVICE ---> INITIALIZED
[22918:cpv-digit-reader]: [17:41:25][STATE] INITIALIZED ---> BINDING
[22920:CPVClusterizerSpec]: [17:41:25][STATE] IDLE ---> INITIALIZING DEVICE
[22918:cpv-digit-reader]: [17:41:25][STATE] BINDING ---> BOUND
[22918:cpv-digit-reader]: [17:41:25][STATE] BOUND ---> CONNECTING
[22918:cpv-digit-reader]: [17:41:25][STATE] CONNECTING ---> DEVICE READY
[22920:CPVClusterizerSpec]: [17:41:25][STATE] INITIALIZING DEVICE ---> INITIALIZED
[22918:cpv-digit-reader]: [17:41:25][STATE] DEVICE READY ---> INITIALIZING TASK
[22918:cpv-digit-reader]: [17:41:25][STATE] INITIALIZING TASK ---> READY
[22920:CPVClusterizerSpec]: [17:41:25][STATE] INITIALIZED ---> BINDING
[22918:cpv-digit-reader]: [17:41:25][STATE] READY ---> RUNNING
[22918:cpv-digit-reader]: [17:41:25][INFO] fair::mq::Device running...
[22918:cpv-digit-reader]: [17:41:25][INFO] LHCPeriod is not available, using current month SEP
[22920:CPVClusterizerSpec]: [17:41:25][STATE] BINDING ---> BOUND
[22920:CPVClusterizerSpec]: [17:41:25][STATE] BOUND ---> CONNECTING
[22920:CPVClusterizerSpec]: [17:41:25][STATE] CONNECTING ---> DEVICE READY
[22920:CPVClusterizerSpec]: [17:41:25][STATE] DEVICE READY ---> INITIALIZING TASK
[22920:CPVClusterizerSpec]: [17:41:25][STATE] INITIALIZING TASK ---> READY
[22920:CPVClusterizerSpec]: [17:41:25][STATE] READY ---> RUNNING
[22920:CPVClusterizerSpec]: [17:41:25][INFO] fair::mq::Device running...
[22920:CPVClusterizerSpec]: [17:41:25][INFO] LHCPeriod is not available, using current month SEP
[22920:CPVClusterizerSpec]: [17:41:25][INFO] Correctly handshaken websocket connection.
[22918:cpv-digit-reader]: [17:41:25][INFO] Correctly handshaken websocket connection.
[22918:cpv-digit-reader]: [17:41:25][INFO] Sending end-of-stream message to channel from_cpv-digit-reader_to_internal-dpl-ccdb-backend
[22918:cpv-digit-reader]: [17:41:25][INFO] Sending end-of-stream message to channel from_cpv-digit-reader_to_CPVClusterizerSpec
[22919:internal-dpl-ccdb-backend]: Info in <TJAlienConnectionManager>: Opening connection to JCentral. Please wait
[22919:internal-dpl-ccdb-backend]: Info in <TJAlienConnectionManager>: Opening connection to 137.138.99.168
[22919:internal-dpl-ccdb-backend]: Info in <TJAlienConnectionManager>: Successfully connected to 137.138.99.168
[22919:internal-dpl-ccdb-backend]: Info in <TJAlienFile::Open>: Accessing file /alice/data/CCDB/CTP/Calib/OrbitReset/06/62200/b9f985c3-b4b0-11ec-8fd3-90ce809b24ee in SE <ALICE::CERN::EOS>
[22919:internal-dpl-ccdb-backend]: [17:41:27][INFO] ccdb reads http://alice-ccdb.cern.ch/CTP/Calib/OrbitReset/1546300800000/b9f985c3-b4b0-11ec-8fd3-90ce809b24ee for 1546300800000 (load to memory, agent_id: localhost.localdomain-1694014884-V97VLj), 
[22919:internal-dpl-ccdb-backend]: Info in <TJAlienFile::Open>: Accessing file /alice/data/CCDB/CPV/Config/CPVSimParams/02/18202/5ce9988b-d60c-11ec-8000-0aa202a21b9a in SE <ALICE::CERN::EOS>
[22919:internal-dpl-ccdb-backend]: [17:41:28][INFO] ccdb reads http://alice-ccdb.cern.ch/CPV/Config/CPVSimParams/946684800000/5ce9988b-d60c-11ec-8000-0aa202a21b9a for 1546300800000 (load to memory, agent_id: localhost.localdomain-1694014884-V97VLj), 
[22919:internal-dpl-ccdb-backend]: [17:41:28][INFO] Sending end-of-stream message to channel from_internal-dpl-ccdb-backend_to_CPVClusterizerSpec
[22919:internal-dpl-ccdb-backend]: [17:41:28][INFO] Sending end-of-stream message to channel from_internal-dpl-ccdb-backend_to_internal-dpl-injected-dummy-sink
[22920:CPVClusterizerSpec]: [17:41:28][INFO] Starting ClusterizerSpec::run() 
[22920:CPVClusterizerSpec]: [17:41:28][INFO] ClusterizerSpec::run() : fetching o2::cpv::CPVSimParams from CCDB
[22920:CPVClusterizerSpec]: [17:41:28][INFO] Caching in 139915534611984 ptr to CPV/CPV_SimPars/0 (0x7f4317a58420)
[22920:CPVClusterizerSpec]: [17:41:28][INFO] ClusterizerSpec::run() : o2::cpv::CPVSimParams::Instance() now is following:
[22920:CPVClusterizerSpec]: CPVSimParams.mnCellX : 128		[ CCDB ]
[22920:CPVClusterizerSpec]: CPVSimParams.mnCellZ : 60		[ CCDB ]
[22920:CPVClusterizerSpec]: CPVSimParams.mPadSizeX : 1.13		[ CCDB ]
[22920:CPVClusterizerSpec]: CPVSimParams.mPadSizeZ : 2.1093		[ CCDB ]
[22920:CPVClusterizerSpec]: CPVSimParams.mDetR : 0.1		[ CCDB ]
[22920:CPVClusterizerSpec]: CPVSimParams.mdEdx : 400		[ CCDB ]
[22920:CPVClusterizerSpec]: CPVSimParams.mNgamz : 5		[ CCDB ]
[22920:CPVClusterizerSpec]: CPVSimParams.mNgamx : 9		[ CCDB ]
[22920:CPVClusterizerSpec]: CPVSimParams.mCPVGasThickness : 1.3		[ CCDB ]
[22920:CPVClusterizerSpec]: CPVSimParams.mA : 1		[ CCDB ]
[22920:CPVClusterizerSpec]: CPVSimParams.mB : 0.7		[ CCDB ]
[22920:CPVClusterizerSpec]: CPVSimParams.mReadoutTime : 5		[ CCDB ]
[22920:CPVClusterizerSpec]: CPVSimParams.mDeadTime : 20		[ CCDB ]
[22920:CPVClusterizerSpec]: CPVSimParams.mReadoutTimePU : 2000		[ CCDB ]
[22920:CPVClusterizerSpec]: CPVSimParams.mDeadTimePU : 30000		[ CCDB ]
[22920:CPVClusterizerSpec]: CPVSimParams.mApplyDigitization : true		[ CCDB ]
[22920:CPVClusterizerSpec]: CPVSimParams.mZSnSigmas : 3		[ CCDB ]
[22920:CPVClusterizerSpec]: CPVSimParams.mSortingDelta : 0.1		[ CCDB ]
[22920:CPVClusterizerSpec]: CPVSimParams.mDigitMinEnergy : 5		[ CCDB ]
[22920:CPVClusterizerSpec]: CPVSimParams.mClusteringThreshold : 10		[ CCDB ]
[22920:CPVClusterizerSpec]: CPVSimParams.mUnfogingEAccuracy : 0.001		[ CCDB ]
[22920:CPVClusterizerSpec]: CPVSimParams.mUnfogingXZAccuracy : 0.1		[ CCDB ]
[22920:CPVClusterizerSpec]: CPVSimParams.mLocalMaximumCut : 0.03		[ CCDB ]
[22920:CPVClusterizerSpec]: CPVSimParams.mLogWeight : 4.5		[ CCDB ]
[22920:CPVClusterizerSpec]: CPVSimParams.mNMaxIterations : 10		[ CCDB ]
[22920:CPVClusterizerSpec]: CPVSimParams.mUnfoldClusters : false		[ CCDB ]
[22920:CPVClusterizerSpec]: [17:41:28][INFO] Finished, wrote  0 clusters, 6TR and 0 Labels
[22920:CPVClusterizerSpec]: [17:41:28][INFO] Starting ClusterizerSpec::run() 
[22920:CPVClusterizerSpec]: [17:41:28][INFO] ClusterizerSpec::run() : no digits; moving on
[22920:CPVClusterizerSpec]: [17:41:28][INFO] Sending end-of-stream message to channel from_CPVClusterizerSpec_to_cpv-cluster-writer
[22920:CPVClusterizerSpec]: [17:41:28][INFO] Sending end-of-stream message to channel from_CPVClusterizerSpec_to_internal-dpl-injected-dummy-sink
[INFO] Quitting
[INFO] QUIT_REQUESTED
[22919:internal-dpl-ccdb-backend]: [17:41:28][INFO] Received device shutdown request (signal 15).
[22919:internal-dpl-ccdb-backend]: [17:41:28][INFO] Waiting for graceful device shutdown. Hit Ctrl-C again to abort immediately.
[22921:cpv-cluster-writer]: [17:41:28][INFO] Received device shutdown request (signal 15).
[22921:cpv-cluster-writer]: [17:41:28][INFO] Waiting for graceful device shutdown. Hit Ctrl-C again to abort immediately.
[22919:internal-dpl-ccdb-backend]: [17:41:28][INFO] New state requested. No timeout set, quitting immediately as per --completion-policy
[22919:internal-dpl-ccdb-backend]: [17:41:28][INFO] CCDB cache miss/hit ratio:
[22919:internal-dpl-ccdb-backend]: [17:41:28][INFO]   CPV/Config/CPVSimParams: 1/1 (3072-3072 bytes)
[22919:internal-dpl-ccdb-backend]: [17:41:28][INFO]   CTP/Calib/OrbitReset: 1/2 (1024-1024 bytes)
[22919:internal-dpl-ccdb-backend]: [17:41:28][STATE] RUNNING ---> READY
[22919:internal-dpl-ccdb-backend]: [17:41:28][STATE] READY ---> RESETTING TASK
[22919:internal-dpl-ccdb-backend]: [17:41:28][STATE] RESETTING TASK ---> DEVICE READY
[22919:internal-dpl-ccdb-backend]: [17:41:28][STATE] DEVICE READY ---> RESETTING DEVICE
[22921:cpv-cluster-writer]: [17:41:28][INFO] New state requested. No timeout set, quitting immediately as per --completion-policy
[22919:internal-dpl-ccdb-backend]: [17:41:28][STATE] RESETTING DEVICE ---> IDLE
[22919:internal-dpl-ccdb-backend]: [17:41:28][STATE] IDLE ---> EXITING
[22919:internal-dpl-ccdb-backend]: [17:41:28][STATE] Exiting FairMQ state machine
[22922:internal-dpl-injected-dummy-sink]: [17:41:28][INFO] Received device shutdown request (signal 15).
[22922:internal-dpl-injected-dummy-sink]: [17:41:28][INFO] Waiting for graceful device shutdown. Hit Ctrl-C again to abort immediately.
[22922:internal-dpl-injected-dummy-sink]: [17:41:28][INFO] New state requested. No timeout set, quitting immediately as per --completion-policy
[22918:cpv-digit-reader]: [17:41:28][INFO] Received device shutdown request (signal 15).
[22918:cpv-digit-reader]: [17:41:28][INFO] Waiting for graceful device shutdown. Hit Ctrl-C again to abort immediately.
[22922:internal-dpl-injected-dummy-sink]: [17:41:28][STATE] RUNNING ---> READY
[22918:cpv-digit-reader]: [17:41:28][INFO] New state requested. No timeout set, quitting immediately as per --completion-policy
[22922:internal-dpl-injected-dummy-sink]: [17:41:28][STATE] READY ---> RESETTING TASK
[22922:internal-dpl-injected-dummy-sink]: [17:41:28][STATE] RESETTING TASK ---> DEVICE READY
[22922:internal-dpl-injected-dummy-sink]: [17:41:28][STATE] DEVICE READY ---> RESETTING DEVICE
[22918:cpv-digit-reader]: [17:41:28][STATE] RUNNING ---> READY
[22918:cpv-digit-reader]: [17:41:28][STATE] READY ---> RESETTING TASK
[22918:cpv-digit-reader]: [17:41:28][STATE] RESETTING TASK ---> DEVICE READY
[22918:cpv-digit-reader]: [17:41:28][STATE] DEVICE READY ---> RESETTING DEVICE
[22922:internal-dpl-injected-dummy-sink]: [17:41:28][STATE] RESETTING DEVICE ---> IDLE
[22922:internal-dpl-injected-dummy-sink]: [17:41:28][STATE] IDLE ---> EXITING
[22922:internal-dpl-injected-dummy-sink]: [17:41:28][STATE] Exiting FairMQ state machine
[22918:cpv-digit-reader]: [17:41:28][STATE] RESETTING DEVICE ---> IDLE
[22918:cpv-digit-reader]: [17:41:28][STATE] IDLE ---> EXITING
[22918:cpv-digit-reader]: [17:41:28][STATE] Exiting FairMQ state machine
[22917:internal-dpl-clock]: [17:41:28][INFO] Received device shutdown request (signal 15).
[22917:internal-dpl-clock]: [17:41:28][INFO] Waiting for graceful device shutdown. Hit Ctrl-C again to abort immediately.
[22920:CPVClusterizerSpec]: [17:41:28][INFO] Received device shutdown request (signal 15).
[22920:CPVClusterizerSpec]: [17:41:28][INFO] Waiting for graceful device shutdown. Hit Ctrl-C again to abort immediately.
[22920:CPVClusterizerSpec]: [17:41:28][INFO] New state requested. No timeout set, quitting immediately as per --completion-policy
[22917:internal-dpl-clock]: [17:41:28][INFO] New state requested. No timeout set, quitting immediately as per --completion-policy
[22920:CPVClusterizerSpec]: [17:41:28][STATE] RUNNING ---> READY
[22920:CPVClusterizerSpec]: [17:41:28][STATE] READY ---> RESETTING TASK
[22920:CPVClusterizerSpec]: [17:41:28][STATE] RESETTING TASK ---> DEVICE READY
[22920:CPVClusterizerSpec]: [17:41:28][STATE] DEVICE READY ---> RESETTING DEVICE
[22920:CPVClusterizerSpec]: [17:41:28][STATE] RESETTING DEVICE ---> IDLE
[22920:CPVClusterizerSpec]: [17:41:28][STATE] IDLE ---> EXITING
[22920:CPVClusterizerSpec]: [17:41:28][STATE] Exiting FairMQ state machine
[22921:cpv-cluster-writer]: [17:41:28][STATE] RUNNING ---> READY
[22921:cpv-cluster-writer]: [17:41:28][STATE] READY ---> RESETTING TASK
[22921:cpv-cluster-writer]: [17:41:28][STATE] RESETTING TASK ---> DEVICE READY
[22921:cpv-cluster-writer]: [17:41:28][STATE] DEVICE READY ---> RESETTING DEVICE
[22921:cpv-cluster-writer]: [17:41:28][STATE] RESETTING DEVICE ---> IDLE
[22921:cpv-cluster-writer]: [17:41:28][STATE] IDLE ---> EXITING
[22921:cpv-cluster-writer]: [17:41:28][STATE] Exiting FairMQ state machine
[22917:internal-dpl-clock]: [17:41:28][INFO] Sending end-of-stream message to channel from_internal-dpl-clock_to_cpv-digit-reader
[22917:internal-dpl-clock]: [17:41:28][STATE] RUNNING ---> READY
[22917:internal-dpl-clock]: [17:41:28][STATE] READY ---> RESETTING TASK
[22917:internal-dpl-clock]: [17:41:28][STATE] RESETTING TASK ---> DEVICE READY
[22917:internal-dpl-clock]: [17:41:28][STATE] DEVICE READY ---> RESETTING DEVICE
[22917:internal-dpl-clock]: [17:41:28][INFO] Cleaning up for shared memory id 'db814d44'...
[22917:internal-dpl-clock]: [17:41:28][INFO] Found 0 unmanaged regions...
[22917:internal-dpl-clock]: [17:41:28][INFO] Found 1 managed segments...
[22917:internal-dpl-clock]: [17:41:28][INFO] Successfully removed 'fmq_db814d44_m_0'.
[22917:internal-dpl-clock]: [17:41:28][INFO] Successfully removed 'fmq_db814d44_mng'.
[22917:internal-dpl-clock]: [17:41:28][STATE] RESETTING DEVICE ---> IDLE
[22917:internal-dpl-clock]: [17:41:28][STATE] IDLE ---> EXITING
[22917:internal-dpl-clock]: [17:41:28][STATE] Exiting FairMQ state machine
[INFO] ## Processes completed. Run summary:
[INFO] ### Devices started: 6
[INFO]  - Device internal-dpl-clock: pid 22917 (exit 0)
[INFO]  - Device cpv-digit-reader: pid 22918 (exit 0)
[INFO]  - Device internal-dpl-ccdb-backend: pid 22919 (exit 0)
[INFO]  - Device CPVClusterizerSpec: pid 22920 (exit 0)
[INFO]  - Device cpv-cluster-writer: pid 22921 (exit 0)
[INFO]  - Device internal-dpl-injected-dummy-sink: pid 22922 (exit 0)
[INFO] Dumping used configuration in dpl-config.json
TASK-EXIT-CODE: 0
