Running: TIME="#walltime %e" /usr/bin/time --output=ft0reco.log_time ./ft0reco.log_tmp.sh
[INFO] WorkflowSpec defineDataProcessing
[INFO] WorkflowSpec getRecoWorkflow useMC 1 CCDB  http://alice-ccdb.cern.ch/
[INFO] Currently Reconstruction does not consume and provide MC truth
[INFO] Initialising O2 Data Processing Layer. Driver PID: 14516.
[INFO] Driver listening on port: 22596
[INFO] Rate limiting set up at 500MB distributed over 1 readers
[INFO] O2 Data Processing Layer initialised. We brake for nobody.
[INFO] Optimised build. O2DEBUG / LOG(debug) / LOGF(debug) / assert statement will not be shown.
[INFO] Redeployment of configuration asked.
[INFO] Starting internal-dpl-clock on pid 14556
[INFO] Starting ft0-digit-reader on pid 14557
[INFO] Starting internal-dpl-ccdb-backend on pid 14558
[INFO] Starting ft0-reconstructor on pid 14559
[INFO] Starting ft0-recpoint-writer on pid 14560
[INFO] Starting internal-dpl-injected-dummy-sink on pid 14561
[INFO] Redeployment of configuration done.
[14559:ft0-reconstructor]: [INFO] WorkflowSpec defineDataProcessing
[14557:ft0-digit-reader]: [INFO] WorkflowSpec defineDataProcessing
[14558:internal-dpl-ccdb-backend]: [INFO] WorkflowSpec defineDataProcessing
[14560:ft0-recpoint-writer]: [INFO] WorkflowSpec defineDataProcessing
[14561:internal-dpl-injected-dummy-sink]: [INFO] WorkflowSpec defineDataProcessing
[14556:internal-dpl-clock]: [INFO] WorkflowSpec defineDataProcessing
[14557:ft0-digit-reader]: [INFO] WorkflowSpec getRecoWorkflow useMC 1 CCDB  http://alice-ccdb.cern.ch/
[14557:ft0-digit-reader]: [INFO] Currently Reconstruction does not consume and provide MC truth
[14558:internal-dpl-ccdb-backend]: [INFO] WorkflowSpec getRecoWorkflow useMC 1 CCDB  http://alice-ccdb.cern.ch/
[14558:internal-dpl-ccdb-backend]: [INFO] Currently Reconstruction does not consume and provide MC truth
[14560:ft0-recpoint-writer]: [INFO] WorkflowSpec getRecoWorkflow useMC 1 CCDB  http://alice-ccdb.cern.ch/
[14560:ft0-recpoint-writer]: [INFO] Currently Reconstruction does not consume and provide MC truth
[14561:internal-dpl-injected-dummy-sink]: [INFO] WorkflowSpec getRecoWorkflow useMC 1 CCDB  http://alice-ccdb.cern.ch/
[14561:internal-dpl-injected-dummy-sink]: [INFO] Currently Reconstruction does not consume and provide MC truth
[14557:ft0-digit-reader]: [INFO] Instrumenting crash signals
[14558:internal-dpl-ccdb-backend]: [INFO] Instrumenting crash signals
[14558:internal-dpl-ccdb-backend]: [INFO] Spawing new device internal-dpl-ccdb-backend in process with pid 14558
[14558:internal-dpl-ccdb-backend]: [17:39:51][INFO] 
[14558:internal-dpl-ccdb-backend]:       ______      _    _______  _________ 
[14558:internal-dpl-ccdb-backend]:      / ____/___ _(_)_______   |/  /_  __ \    version 1.6.0
[14558:internal-dpl-ccdb-backend]:     / /_  / __ `/ / ___/__  /|_/ /_  / / /    build RELWITHDEBINFO
[14558:internal-dpl-ccdb-backend]:    / __/ / /_/ / / /    _  /  / / / /_/ /     https://github.com/FairRootGroup/FairMQ
[14558:internal-dpl-ccdb-backend]:   /_/    \__,_/_/_/     /_/  /_/  \___\_\     LGPL-3.0  © 2012-2023 GSI
[14558:internal-dpl-ccdb-backend]: 
[14558:internal-dpl-ccdb-backend]: [17:39:51][STATE] Starting FairMQ state machine --> IDLE
[14561:internal-dpl-injected-dummy-sink]: [INFO] Instrumenting crash signals
[14557:ft0-digit-reader]: [INFO] Spawing new device ft0-digit-reader in process with pid 14557
[14557:ft0-digit-reader]: [17:39:51][INFO] 
[14557:ft0-digit-reader]:       ______      _    _______  _________ 
[14557:ft0-digit-reader]:      / ____/___ _(_)_______   |/  /_  __ \    version 1.6.0
[14557:ft0-digit-reader]:     / /_  / __ `/ / ___/__  /|_/ /_  / / /    build RELWITHDEBINFO
[14557:ft0-digit-reader]:    / __/ / /_/ / / /    _  /  / / / /_/ /     https://github.com/FairRootGroup/FairMQ
[14557:ft0-digit-reader]:   /_/    \__,_/_/_/     /_/  /_/  \___\_\     LGPL-3.0  © 2012-2023 GSI
[14557:ft0-digit-reader]: 
[14557:ft0-digit-reader]: [17:39:51][STATE] Starting FairMQ state machine --> IDLE
[14559:ft0-reconstructor]: [INFO] WorkflowSpec getRecoWorkflow useMC 1 CCDB  http://alice-ccdb.cern.ch/
[14559:ft0-reconstructor]: [INFO] Currently Reconstruction does not consume and provide MC truth
[14561:internal-dpl-injected-dummy-sink]: [INFO] Spawing new device internal-dpl-injected-dummy-sink in process with pid 14561
[14561:internal-dpl-injected-dummy-sink]: [17:39:51][INFO] 
[14561:internal-dpl-injected-dummy-sink]:       ______      _    _______  _________ 
[14561:internal-dpl-injected-dummy-sink]:      / ____/___ _(_)_______   |/  /_  __ \    version 1.6.0
[14561:internal-dpl-injected-dummy-sink]:     / /_  / __ `/ / ___/__  /|_/ /_  / / /    build RELWITHDEBINFO
[14561:internal-dpl-injected-dummy-sink]:    / __/ / /_/ / / /    _  /  / / / /_/ /     https://github.com/FairRootGroup/FairMQ
[14561:internal-dpl-injected-dummy-sink]:   /_/    \__,_/_/_/     /_/  /_/  \___\_\     LGPL-3.0  © 2012-2023 GSI
[14561:internal-dpl-injected-dummy-sink]: 
[14561:internal-dpl-injected-dummy-sink]: [17:39:51][STATE] Starting FairMQ state machine --> IDLE
[14557:ft0-digit-reader]: [17:39:51][STATE] IDLE ---> INITIALIZING DEVICE
[14558:internal-dpl-ccdb-backend]: [17:39:51][STATE] IDLE ---> INITIALIZING DEVICE
[14558:internal-dpl-ccdb-backend]: [17:39:51][INFO] CCDB Backend at: http://alice-ccdb.cern.ch, validity check for every 2147483647 TF
[14558:internal-dpl-ccdb-backend]: [17:39:51][INFO] Init CcdApi with UserAgentID: localhost.localdomain-1694014791-eWEHwi, Host: http://alice-ccdb.cern.ch
[14558:internal-dpl-ccdb-backend]: [17:39:51][INFO] Initialised default CCDB host http://alice-ccdb.cern.ch
[14558:internal-dpl-ccdb-backend]: [17:39:51][INFO] The following route is a condition FT0/TimeSpectraInfo/0
[14558:internal-dpl-ccdb-backend]: [17:39:51][INFO] - ccdb-path: FT0/Calib/TimeSpectraInfo
[14558:internal-dpl-ccdb-backend]: [17:39:51][STATE] INITIALIZING DEVICE ---> INITIALIZED
[14558:internal-dpl-ccdb-backend]: [17:39:51][STATE] INITIALIZED ---> BINDING
[14558:internal-dpl-ccdb-backend]: [17:39:51][STATE] BINDING ---> BOUND
[14558:internal-dpl-ccdb-backend]: [17:39:51][STATE] BOUND ---> CONNECTING
[14558:internal-dpl-ccdb-backend]: [17:39:51][STATE] CONNECTING ---> DEVICE READY
[14558:internal-dpl-ccdb-backend]: [17:39:51][STATE] DEVICE READY ---> INITIALIZING TASK
[14558:internal-dpl-ccdb-backend]: [17:39:51][STATE] INITIALIZING TASK ---> READY
[14558:internal-dpl-ccdb-backend]: [17:39:51][STATE] READY ---> RUNNING
[14558:internal-dpl-ccdb-backend]: [17:39:51][INFO] fair::mq::Device running...
[14558:internal-dpl-ccdb-backend]: [17:39:51][INFO] LHCPeriod is not available, using current month SEP
[14560:ft0-recpoint-writer]: [INFO] Instrumenting crash signals
[14560:ft0-recpoint-writer]: [INFO] Spawing new device ft0-recpoint-writer in process with pid 14560
[14560:ft0-recpoint-writer]: [17:39:51][INFO] 
[14560:ft0-recpoint-writer]:       ______      _    _______  _________ 
[14560:ft0-recpoint-writer]:      / ____/___ _(_)_______   |/  /_  __ \    version 1.6.0
[14560:ft0-recpoint-writer]:     / /_  / __ `/ / ___/__  /|_/ /_  / / /    build RELWITHDEBINFO
[14560:ft0-recpoint-writer]:    / __/ / /_/ / / /    _  /  / / / /_/ /     https://github.com/FairRootGroup/FairMQ
[14560:ft0-recpoint-writer]:   /_/    \__,_/_/_/     /_/  /_/  \___\_\     LGPL-3.0  © 2012-2023 GSI
[14560:ft0-recpoint-writer]: 
[14560:ft0-recpoint-writer]: [17:39:51][STATE] Starting FairMQ state machine --> IDLE
[14561:internal-dpl-injected-dummy-sink]: [17:39:51][STATE] IDLE ---> INITIALIZING DEVICE
[14561:internal-dpl-injected-dummy-sink]: [17:39:51][STATE] INITIALIZING DEVICE ---> INITIALIZED
[14561:internal-dpl-injected-dummy-sink]: [17:39:51][STATE] INITIALIZED ---> BINDING
[14561:internal-dpl-injected-dummy-sink]: [17:39:51][STATE] BINDING ---> BOUND
[14561:internal-dpl-injected-dummy-sink]: [17:39:51][STATE] BOUND ---> CONNECTING
[14561:internal-dpl-injected-dummy-sink]: [17:39:51][STATE] CONNECTING ---> DEVICE READY
[14558:internal-dpl-ccdb-backend]: [17:39:51][INFO] Correctly handshaken websocket connection.
[14561:internal-dpl-injected-dummy-sink]: [17:39:51][STATE] DEVICE READY ---> INITIALIZING TASK
[14561:internal-dpl-injected-dummy-sink]: [17:39:51][STATE] INITIALIZING TASK ---> READY
[14560:ft0-recpoint-writer]: [17:39:51][STATE] IDLE ---> INITIALIZING DEVICE
[14561:internal-dpl-injected-dummy-sink]: [17:39:51][STATE] READY ---> RUNNING
[14561:internal-dpl-injected-dummy-sink]: [17:39:51][INFO] fair::mq::Device running...
[14561:internal-dpl-injected-dummy-sink]: [17:39:51][INFO] LHCPeriod is not available, using current month SEP
[14561:internal-dpl-injected-dummy-sink]: [17:39:51][INFO] Correctly handshaken websocket connection.
[14559:ft0-reconstructor]: [INFO] Instrumenting crash signals
[14559:ft0-reconstructor]: [INFO] Spawing new device ft0-reconstructor in process with pid 14559
[14559:ft0-reconstructor]: [17:39:51][INFO] 
[14559:ft0-reconstructor]:       ______      _    _______  _________ 
[14559:ft0-reconstructor]:      / ____/___ _(_)_______   |/  /_  __ \    version 1.6.0
[14559:ft0-reconstructor]:     / /_  / __ `/ / ___/__  /|_/ /_  / / /    build RELWITHDEBINFO
[14559:ft0-reconstructor]:    / __/ / /_/ / / /    _  /  / / / /_/ /     https://github.com/FairRootGroup/FairMQ
[14559:ft0-reconstructor]:   /_/    \__,_/_/_/     /_/  /_/  \___\_\     LGPL-3.0  © 2012-2023 GSI
[14559:ft0-reconstructor]: 
[14559:ft0-reconstructor]: [17:39:51][STATE] Starting FairMQ state machine --> IDLE
[14559:ft0-reconstructor]: [17:39:51][STATE] IDLE ---> INITIALIZING DEVICE
[14559:ft0-reconstructor]: FT0ChannelFilterParam.mAmpUpper : 4200		[ CODE ]
[14559:ft0-reconstructor]: FT0ChannelFilterParam.mAmpLower : -4200		[ CODE ]
[14559:ft0-reconstructor]: FT0ChannelFilterParam.mTimeUpper : 2050		[ CODE ]
[14559:ft0-reconstructor]: FT0ChannelFilterParam.mTimeLower : -2050		[ CODE ]
[14559:ft0-reconstructor]: FT0ChannelFilterParam.mPMbitsGood : 0		[ CODE ]
[14559:ft0-reconstructor]: FT0ChannelFilterParam.mPMbitsBad : 0		[ CODE ]
[14559:ft0-reconstructor]: FT0ChannelFilterParam.mPMbitsToCheck : 0		[ CODE ]
[14559:ft0-reconstructor]: FT0ChannelFilterParam.mTrgBitsGood : 0		[ CODE ]
[14559:ft0-reconstructor]: FT0ChannelFilterParam.mTrgBitsBad : 0		[ CODE ]
[14559:ft0-reconstructor]: FT0ChannelFilterParam.mTrgBitsToCheck : 0		[ CODE ]
[14559:ft0-reconstructor]: FT0TimeFilterParam.mAmpUpper : 4200		[ CODE ]
[14559:ft0-reconstructor]: FT0TimeFilterParam.mAmpLower : 10		[ CODE ]
[14559:ft0-reconstructor]: FT0TimeFilterParam.mTimeUpper : 153		[ CODE ]
[14559:ft0-reconstructor]: FT0TimeFilterParam.mTimeLower : -153		[ CODE ]
[14559:ft0-reconstructor]: FT0TimeFilterParam.mPMbitsGood : 0		[ CODE ]
[14559:ft0-reconstructor]: FT0TimeFilterParam.mPMbitsBad : 132		[ CODE ]
[14559:ft0-reconstructor]: FT0TimeFilterParam.mPMbitsToCheck : 132		[ CODE ]
[14559:ft0-reconstructor]: [17:39:51][INFO] FT0 param mMinEntriesThreshold: 500
[14559:ft0-reconstructor]: [17:39:51][INFO] FT0 param mMaxEntriesThreshold:1000
[14559:ft0-reconstructor]: [17:39:51][INFO] FT0 param mMinRMS: 3
[14559:ft0-reconstructor]: [17:39:51][INFO] FT0 param mMaxSigma: 32
[14559:ft0-reconstructor]: [17:39:51][INFO] FT0 param mMaxDiffMean: 5
[14559:ft0-reconstructor]: [17:39:51][STATE] INITIALIZING DEVICE ---> INITIALIZED
[14559:ft0-reconstructor]: [17:39:51][STATE] INITIALIZED ---> BINDING
[14559:ft0-reconstructor]: [17:39:51][STATE] BINDING ---> BOUND
[14559:ft0-reconstructor]: [17:39:51][STATE] BOUND ---> CONNECTING
[14559:ft0-reconstructor]: [17:39:51][STATE] CONNECTING ---> DEVICE READY
[14559:ft0-reconstructor]: [17:39:51][STATE] DEVICE READY ---> INITIALIZING TASK
[14559:ft0-reconstructor]: [17:39:51][STATE] INITIALIZING TASK ---> READY
[14559:ft0-reconstructor]: [17:39:51][STATE] READY ---> RUNNING
[14559:ft0-reconstructor]: [17:39:51][INFO] fair::mq::Device running...
[14559:ft0-reconstructor]: [17:39:51][INFO] LHCPeriod is not available, using current month SEP
[14559:ft0-reconstructor]: [17:39:51][INFO] Correctly handshaken websocket connection.
[14560:ft0-recpoint-writer]: [17:39:51][INFO] 0: branch  FT0Cluster set up
[14560:ft0-recpoint-writer]: [17:39:51][INFO] 1: branch  FT0RecChData set up
[14560:ft0-recpoint-writer]: [17:39:51][STATE] INITIALIZING DEVICE ---> INITIALIZED
[14560:ft0-recpoint-writer]: [17:39:51][STATE] INITIALIZED ---> BINDING
[14560:ft0-recpoint-writer]: [17:39:51][STATE] BINDING ---> BOUND
[14560:ft0-recpoint-writer]: [17:39:51][STATE] BOUND ---> CONNECTING
[14560:ft0-recpoint-writer]: [17:39:51][STATE] CONNECTING ---> DEVICE READY
[14560:ft0-recpoint-writer]: [17:39:51][STATE] DEVICE READY ---> INITIALIZING TASK
[14560:ft0-recpoint-writer]: [17:39:51][STATE] INITIALIZING TASK ---> READY
[14560:ft0-recpoint-writer]: [17:39:51][STATE] READY ---> RUNNING
[14560:ft0-recpoint-writer]: [17:39:51][INFO] fair::mq::Device running...
[14560:ft0-recpoint-writer]: [17:39:51][INFO] LHCPeriod is not available, using current month SEP
[14560:ft0-recpoint-writer]: [17:39:51][INFO] Correctly handshaken websocket connection.
[14556:internal-dpl-clock]: [INFO] WorkflowSpec getRecoWorkflow useMC 1 CCDB  http://alice-ccdb.cern.ch/
[14556:internal-dpl-clock]: [INFO] Currently Reconstruction does not consume and provide MC truth
[14556:internal-dpl-clock]: [INFO] Instrumenting crash signals
[14556:internal-dpl-clock]: [INFO] Spawing new device internal-dpl-clock in process with pid 14556
[14556:internal-dpl-clock]: [17:39:52][INFO] 
[14556:internal-dpl-clock]:       ______      _    _______  _________ 
[14556:internal-dpl-clock]:      / ____/___ _(_)_______   |/  /_  __ \    version 1.6.0
[14556:internal-dpl-clock]:     / /_  / __ `/ / ___/__  /|_/ /_  / / /    build RELWITHDEBINFO
[14556:internal-dpl-clock]:    / __/ / /_/ / / /    _  /  / / / /_/ /     https://github.com/FairRootGroup/FairMQ
[14556:internal-dpl-clock]:   /_/    \__,_/_/_/     /_/  /_/  \___\_\     LGPL-3.0  © 2012-2023 GSI
[14556:internal-dpl-clock]: 
[14556:internal-dpl-clock]: [17:39:52][STATE] Starting FairMQ state machine --> IDLE
[14556:internal-dpl-clock]: [17:39:52][STATE] IDLE ---> INITIALIZING DEVICE
[14556:internal-dpl-clock]: [17:39:52][STATE] INITIALIZING DEVICE ---> INITIALIZED
[14556:internal-dpl-clock]: [17:39:52][STATE] INITIALIZED ---> BINDING
[14556:internal-dpl-clock]: [17:39:52][STATE] BINDING ---> BOUND
[14556:internal-dpl-clock]: [17:39:52][STATE] BOUND ---> CONNECTING
[14556:internal-dpl-clock]: [17:39:52][STATE] CONNECTING ---> DEVICE READY
[14556:internal-dpl-clock]: [17:39:52][STATE] DEVICE READY ---> INITIALIZING TASK
[14556:internal-dpl-clock]: [17:39:52][STATE] INITIALIZING TASK ---> READY
[14556:internal-dpl-clock]: [17:39:52][STATE] READY ---> RUNNING
[14556:internal-dpl-clock]: [17:39:52][INFO] fair::mq::Device running...
[14556:internal-dpl-clock]: [17:39:52][INFO] LHCPeriod is not available, using current month SEP
[14556:internal-dpl-clock]: [17:39:52][INFO] Correctly handshaken websocket connection.
[14557:ft0-digit-reader]: [17:39:52][STATE] INITIALIZING DEVICE ---> INITIALIZED
[14557:ft0-digit-reader]: [17:39:52][STATE] INITIALIZED ---> BINDING
[14557:ft0-digit-reader]: [17:39:52][STATE] BINDING ---> BOUND
[14557:ft0-digit-reader]: [17:39:52][STATE] BOUND ---> CONNECTING
[14557:ft0-digit-reader]: [17:39:52][STATE] CONNECTING ---> DEVICE READY
[14557:ft0-digit-reader]: [17:39:52][STATE] DEVICE READY ---> INITIALIZING TASK
[14557:ft0-digit-reader]: [17:39:52][STATE] INITIALIZING TASK ---> READY
[14557:ft0-digit-reader]: [17:39:52][STATE] READY ---> RUNNING
[14557:ft0-digit-reader]: [17:39:52][INFO] fair::mq::Device running...
[14557:ft0-digit-reader]: [17:39:52][INFO] LHCPeriod is not available, using current month SEP
[14557:ft0-digit-reader]: [17:39:52][INFO] Sending end-of-stream message to channel from_ft0-digit-reader_to_internal-dpl-ccdb-backend
[14557:ft0-digit-reader]: [17:39:52][INFO] Sending end-of-stream message to channel from_ft0-digit-reader_to_ft0-reconstructor
[14557:ft0-digit-reader]: [17:39:52][INFO] Sending end-of-stream message to channel from_ft0-digit-reader_to_internal-dpl-injected-dummy-sink
[14557:ft0-digit-reader]: [17:39:52][INFO] Correctly handshaken websocket connection.
[14558:internal-dpl-ccdb-backend]: Info in <TJAlienConnectionManager>: Opening connection to JCentral. Please wait
[14558:internal-dpl-ccdb-backend]: Info in <TJAlienConnectionManager>: Opening connection to 137.138.99.140
[14558:internal-dpl-ccdb-backend]: Info in <TJAlienConnectionManager>: Successfully connected to 137.138.99.140
[14558:internal-dpl-ccdb-backend]: Info in <TJAlienFile::Open>: Accessing file /alice/data/CCDB/CTP/Calib/OrbitReset/06/62200/b9f985c3-b4b0-11ec-8fd3-90ce809b24ee in SE <ALICE::CERN::EOS>
[14558:internal-dpl-ccdb-backend]: [17:39:53][INFO] ccdb reads http://alice-ccdb.cern.ch/CTP/Calib/OrbitReset/1546300800000/b9f985c3-b4b0-11ec-8fd3-90ce809b24ee for 1546300800000 (load to memory, agent_id: localhost.localdomain-1694014791-eWEHwi), 
[14558:internal-dpl-ccdb-backend]: Info in <TJAlienFile::Open>: Accessing file /alice/data/CCDB/FT0/Calib/TimeSpectraInfo/00/03533/0f44968f-7af8-11ed-b86c-200114580202 in SE <ALICE::CERN::OCDB>
[14558:internal-dpl-ccdb-backend]: [17:39:53][INFO] ccdb reads http://alice-ccdb.cern.ch/FT0/Calib/TimeSpectraInfo/1546300800000/0f44968f-7af8-11ed-b86c-200114580202 for 1546300800000 (load to memory, agent_id: localhost.localdomain-1694014791-eWEHwi), 
[14559:ft0-reconstructor]: [17:39:53][INFO] Ignoring MC info
[14558:internal-dpl-ccdb-backend]: [17:39:53][INFO] Sending end-of-stream message to channel from_internal-dpl-ccdb-backend_to_ft0-reconstructor
[14558:internal-dpl-ccdb-backend]: [17:39:53][INFO] Sending end-of-stream message to channel from_internal-dpl-ccdb-backend_to_internal-dpl-injected-dummy-sink
[14559:ft0-reconstructor]: [17:39:55][INFO] Caching in 140001669967712 ptr to FT0/TimeSpectraInfo/0 (0x42165b0)
[14559:ft0-reconstructor]: [17:39:55][INFO] FT0 reconstruction total timing: Cpu: 2.100e+00 Real: 2.099e+00 s in 1 slots
[14559:ft0-reconstructor]: [17:39:55][INFO] Sending end-of-stream message to channel from_ft0-reconstructor_to_ft0-recpoint-writer
[INFO] Quitting
[INFO] QUIT_REQUESTED
[14560:ft0-recpoint-writer]: [17:39:56][INFO] Received device shutdown request (signal 15).
[14560:ft0-recpoint-writer]: [17:39:56][INFO] Waiting for graceful device shutdown. Hit Ctrl-C again to abort immediately.
[14560:ft0-recpoint-writer]: [17:39:56][INFO] New state requested. No timeout set, quitting immediately as per --completion-policy
[14557:ft0-digit-reader]: [17:39:56][INFO] Received device shutdown request (signal 15).
[14557:ft0-digit-reader]: [17:39:56][INFO] Waiting for graceful device shutdown. Hit Ctrl-C again to abort immediately.
[14558:internal-dpl-ccdb-backend]: [17:39:56][INFO] Received device shutdown request (signal 15).
[14558:internal-dpl-ccdb-backend]: [17:39:56][INFO] Waiting for graceful device shutdown. Hit Ctrl-C again to abort immediately.
[14559:ft0-reconstructor]: [17:39:56][INFO] Received device shutdown request (signal 15).
[14559:ft0-reconstructor]: [17:39:56][INFO] Waiting for graceful device shutdown. Hit Ctrl-C again to abort immediately.
[14561:internal-dpl-injected-dummy-sink]: [17:39:56][INFO] Received device shutdown request (signal 15).
[14561:internal-dpl-injected-dummy-sink]: [17:39:56][INFO] Waiting for graceful device shutdown. Hit Ctrl-C again to abort immediately.
[14556:internal-dpl-clock]: [17:39:56][INFO] Received device shutdown request (signal 15).
[14556:internal-dpl-clock]: [17:39:56][INFO] Waiting for graceful device shutdown. Hit Ctrl-C again to abort immediately.
[14559:ft0-reconstructor]: [17:39:56][INFO] New state requested. No timeout set, quitting immediately as per --completion-policy
[14559:ft0-reconstructor]: [17:39:56][STATE] RUNNING ---> READY
[14559:ft0-reconstructor]: [17:39:56][STATE] READY ---> RESETTING TASK
[14559:ft0-reconstructor]: [17:39:56][STATE] RESETTING TASK ---> DEVICE READY
[14559:ft0-reconstructor]: [17:39:56][STATE] DEVICE READY ---> RESETTING DEVICE
[14556:internal-dpl-clock]: [17:39:56][INFO] New state requested. No timeout set, quitting immediately as per --completion-policy
[14558:internal-dpl-ccdb-backend]: [17:39:56][INFO] New state requested. No timeout set, quitting immediately as per --completion-policy
[14558:internal-dpl-ccdb-backend]: [17:39:56][INFO] CCDB cache miss/hit ratio:
[14558:internal-dpl-ccdb-backend]: [17:39:56][INFO]   FT0/Calib/TimeSpectraInfo: 1/0 (2048-2048 bytes)
[14558:internal-dpl-ccdb-backend]: [17:39:56][INFO]   CTP/Calib/OrbitReset: 1/1 (1024-1024 bytes)
[14558:internal-dpl-ccdb-backend]: [17:39:56][STATE] RUNNING ---> READY
[14557:ft0-digit-reader]: [17:39:56][INFO] New state requested. No timeout set, quitting immediately as per --completion-policy
[14557:ft0-digit-reader]: [17:39:56][STATE] RUNNING ---> READY
[14557:ft0-digit-reader]: [17:39:56][STATE] READY ---> RESETTING TASK
[14557:ft0-digit-reader]: [17:39:56][STATE] RESETTING TASK ---> DEVICE READY
[14557:ft0-digit-reader]: [17:39:56][STATE] DEVICE READY ---> RESETTING DEVICE
[14561:internal-dpl-injected-dummy-sink]: [17:39:56][INFO] New state requested. No timeout set, quitting immediately as per --completion-policy
[14561:internal-dpl-injected-dummy-sink]: [17:39:56][STATE] RUNNING ---> READY
[14561:internal-dpl-injected-dummy-sink]: [17:39:56][STATE] READY ---> RESETTING TASK
[14561:internal-dpl-injected-dummy-sink]: [17:39:56][STATE] RESETTING TASK ---> DEVICE READY
[14556:internal-dpl-clock]: [17:39:56][INFO] Sending end-of-stream message to channel from_internal-dpl-clock_to_ft0-digit-reader
[14556:internal-dpl-clock]: [17:39:56][STATE] RUNNING ---> READY
[14561:internal-dpl-injected-dummy-sink]: [17:39:56][STATE] DEVICE READY ---> RESETTING DEVICE
[14556:internal-dpl-clock]: [17:39:56][STATE] READY ---> RESETTING TASK
[14558:internal-dpl-ccdb-backend]: [17:39:56][STATE] READY ---> RESETTING TASK
[14558:internal-dpl-ccdb-backend]: [17:39:56][STATE] RESETTING TASK ---> DEVICE READY
[14556:internal-dpl-clock]: [17:39:56][STATE] RESETTING TASK ---> DEVICE READY
[14558:internal-dpl-ccdb-backend]: [17:39:56][STATE] DEVICE READY ---> RESETTING DEVICE
[14556:internal-dpl-clock]: [17:39:56][STATE] DEVICE READY ---> RESETTING DEVICE
[14559:ft0-reconstructor]: [17:39:56][STATE] RESETTING DEVICE ---> IDLE
[14557:ft0-digit-reader]: [17:39:56][STATE] RESETTING DEVICE ---> IDLE
[14559:ft0-reconstructor]: [17:39:56][STATE] IDLE ---> EXITING
[14561:internal-dpl-injected-dummy-sink]: [17:39:56][STATE] RESETTING DEVICE ---> IDLE
[14561:internal-dpl-injected-dummy-sink]: [17:39:56][STATE] IDLE ---> EXITING
[14558:internal-dpl-ccdb-backend]: [17:39:56][STATE] RESETTING DEVICE ---> IDLE
[14557:ft0-digit-reader]: [17:39:56][STATE] IDLE ---> EXITING
[14559:ft0-reconstructor]: [17:39:56][STATE] Exiting FairMQ state machine
[14561:internal-dpl-injected-dummy-sink]: [17:39:56][STATE] Exiting FairMQ state machine
[14558:internal-dpl-ccdb-backend]: [17:39:56][STATE] IDLE ---> EXITING
[14558:internal-dpl-ccdb-backend]: [17:39:56][STATE] Exiting FairMQ state machine
[14556:internal-dpl-clock]: [17:39:56][STATE] RESETTING DEVICE ---> IDLE
[14557:ft0-digit-reader]: [17:39:56][STATE] Exiting FairMQ state machine
[14556:internal-dpl-clock]: [17:39:56][STATE] IDLE ---> EXITING
[14556:internal-dpl-clock]: [17:39:56][STATE] Exiting FairMQ state machine
[14560:ft0-recpoint-writer]: [17:39:56][STATE] RUNNING ---> READY
[14560:ft0-recpoint-writer]: [17:39:56][STATE] READY ---> RESETTING TASK
[14560:ft0-recpoint-writer]: [17:39:56][STATE] RESETTING TASK ---> DEVICE READY
[14560:ft0-recpoint-writer]: [17:39:56][STATE] DEVICE READY ---> RESETTING DEVICE
[14560:ft0-recpoint-writer]: [17:39:56][INFO] Cleaning up for shared memory id '634e7c78'...
[14560:ft0-recpoint-writer]: [17:39:56][INFO] Found 0 unmanaged regions...
[14560:ft0-recpoint-writer]: [17:39:56][INFO] Found 1 managed segments...
[14560:ft0-recpoint-writer]: [17:39:56][INFO] Successfully removed 'fmq_634e7c78_m_0'.
[14560:ft0-recpoint-writer]: [17:39:56][INFO] Successfully removed 'fmq_634e7c78_mng'.
[14560:ft0-recpoint-writer]: [17:39:56][STATE] RESETTING DEVICE ---> IDLE
[14560:ft0-recpoint-writer]: [17:39:56][STATE] IDLE ---> EXITING
[14560:ft0-recpoint-writer]: [17:39:56][STATE] Exiting FairMQ state machine
[INFO] ## Processes completed. Run summary:
[INFO] ### Devices started: 6
[INFO]  - Device internal-dpl-clock: pid 14556 (exit 0)
[INFO]  - Device ft0-digit-reader: pid 14557 (exit 0)
[INFO]  - Device internal-dpl-ccdb-backend: pid 14558 (exit 0)
[INFO]  - Device ft0-reconstructor: pid 14559 (exit 0)
[INFO]  - Device ft0-recpoint-writer: pid 14560 (exit 0)
[INFO]  - Device internal-dpl-injected-dummy-sink: pid 14561 (exit 0)
[INFO] Dumping used configuration in dpl-config.json
TASK-EXIT-CODE: 0
