Running: TIME="#walltime %e" /usr/bin/time --output=itstpcMatch.log_time ./itstpcMatch.log_tmp.sh
[WARN] MC-truth is not supported for FT0 recpoints currently
[INFO] Initialising O2 Data Processing Layer. Driver PID: 17135.
[INFO] Driver listening on port: 25215
[INFO] Rate limiting set up at 500MB distributed over 1 readers
[INFO] O2 Data Processing Layer initialised. We brake for nobody.
[INFO] Optimised build. O2DEBUG / LOG(debug) / LOGF(debug) / assert statement will not be shown.
[INFO] Redeployment of configuration asked.
[INFO] Starting internal-dpl-clock on pid 17175
[INFO] Starting tpc-native-cluster-reader on pid 17176
[INFO] Starting its-track-reader on pid 17177
[INFO] Starting its-cluster-reader on pid 17178
[INFO] Starting ft0-recpoints-reader on pid 17179
[INFO] Starting tpc-track-reader on pid 17180
[INFO] Starting internal-dpl-ccdb-backend on pid 17181
[INFO] Starting tpc-clusters-sharing-map-producer on pid 17182
[INFO] Starting itstpc-track-matcher on pid 17183
[INFO] Starting itstpc-track-writer on pid 17184
[INFO] Starting internal-dpl-injected-dummy-sink on pid 17185
[INFO] Redeployment of configuration done.
[17178:its-cluster-reader]: [WARN] MC-truth is not supported for FT0 recpoints currently
[17180:tpc-track-reader]: [WARN] MC-truth is not supported for FT0 recpoints currently
[17183:itstpc-track-matcher]: [WARN] MC-truth is not supported for FT0 recpoints currently
[17181:internal-dpl-ccdb-backend]: [WARN] MC-truth is not supported for FT0 recpoints currently
[17178:its-cluster-reader]: [INFO] Instrumenting crash signals
[17178:its-cluster-reader]: [INFO] Spawing new device its-cluster-reader in process with pid 17178
[17178:its-cluster-reader]: [17:40:18][INFO] 
[17178:its-cluster-reader]:       ______      _    _______  _________ 
[17178:its-cluster-reader]:      / ____/___ _(_)_______   |/  /_  __ \    version 1.6.0
[17178:its-cluster-reader]:     / /_  / __ `/ / ___/__  /|_/ /_  / / /    build RELWITHDEBINFO
[17178:its-cluster-reader]:    / __/ / /_/ / / /    _  /  / / / /_/ /     https://github.com/FairRootGroup/FairMQ
[17178:its-cluster-reader]:   /_/    \__,_/_/_/     /_/  /_/  \___\_\     LGPL-3.0  © 2012-2023 GSI
[17178:its-cluster-reader]: 
[17178:its-cluster-reader]: [17:40:18][STATE] Starting FairMQ state machine --> IDLE
[17178:its-cluster-reader]: [17:40:18][STATE] IDLE ---> INITIALIZING DEVICE
[17179:ft0-recpoints-reader]: [WARN] MC-truth is not supported for FT0 recpoints currently
[17184:itstpc-track-writer]: [WARN] MC-truth is not supported for FT0 recpoints currently
[17185:internal-dpl-injected-dummy-sink]: [WARN] MC-truth is not supported for FT0 recpoints currently
[17182:tpc-clusters-sharing-map-producer]: [WARN] MC-truth is not supported for FT0 recpoints currently
[17177:its-track-reader]: [WARN] MC-truth is not supported for FT0 recpoints currently
[17179:ft0-recpoints-reader]: [INFO] Instrumenting crash signals
[17176:tpc-native-cluster-reader]: [WARN] MC-truth is not supported for FT0 recpoints currently
[17179:ft0-recpoints-reader]: [INFO] Spawing new device ft0-recpoints-reader in process with pid 17179
[17179:ft0-recpoints-reader]: [17:40:18][INFO] 
[17179:ft0-recpoints-reader]:       ______      _    _______  _________ 
[17179:ft0-recpoints-reader]:      / ____/___ _(_)_______   |/  /_  __ \    version 1.6.0
[17179:ft0-recpoints-reader]:     / /_  / __ `/ / ___/__  /|_/ /_  / / /    build RELWITHDEBINFO
[17179:ft0-recpoints-reader]:    / __/ / /_/ / / /    _  /  / / / /_/ /     https://github.com/FairRootGroup/FairMQ
[17179:ft0-recpoints-reader]:   /_/    \__,_/_/_/     /_/  /_/  \___\_\     LGPL-3.0  © 2012-2023 GSI
[17179:ft0-recpoints-reader]: 
[17175:internal-dpl-clock]: [WARN] MC-truth is not supported for FT0 recpoints currently
[17179:ft0-recpoints-reader]: [17:40:18][STATE] Starting FairMQ state machine --> IDLE
[17179:ft0-recpoints-reader]: [17:40:18][STATE] IDLE ---> INITIALIZING DEVICE
[17181:internal-dpl-ccdb-backend]: [INFO] Instrumenting crash signals
[17181:internal-dpl-ccdb-backend]: [INFO] Spawing new device internal-dpl-ccdb-backend in process with pid 17181
[17181:internal-dpl-ccdb-backend]: [17:40:18][INFO] 
[17181:internal-dpl-ccdb-backend]:       ______      _    _______  _________ 
[17181:internal-dpl-ccdb-backend]:      / ____/___ _(_)_______   |/  /_  __ \    version 1.6.0
[17181:internal-dpl-ccdb-backend]:     / /_  / __ `/ / ___/__  /|_/ /_  / / /    build RELWITHDEBINFO
[17181:internal-dpl-ccdb-backend]:    / __/ / /_/ / / /    _  /  / / / /_/ /     https://github.com/FairRootGroup/FairMQ
[17181:internal-dpl-ccdb-backend]:   /_/    \__,_/_/_/     /_/  /_/  \___\_\     LGPL-3.0  © 2012-2023 GSI
[17181:internal-dpl-ccdb-backend]: 
[17181:internal-dpl-ccdb-backend]: [17:40:18][STATE] Starting FairMQ state machine --> IDLE
[17181:internal-dpl-ccdb-backend]: [17:40:18][STATE] IDLE ---> INITIALIZING DEVICE
[17181:internal-dpl-ccdb-backend]: [17:40:18][INFO] CCDB Backend at: http://alice-ccdb.cern.ch, validity check for every 2147483647 TF
[17181:internal-dpl-ccdb-backend]: [17:40:18][INFO] Init CcdApi with UserAgentID: localhost.localdomain-1694014818-DJ77hN, Host: http://alice-ccdb.cern.ch
[17181:internal-dpl-ccdb-backend]: [17:40:18][INFO] Initialised default CCDB host http://alice-ccdb.cern.ch
[17181:internal-dpl-ccdb-backend]: [17:40:18][INFO] The following route is a condition GLO/MATLUT/0
[17181:internal-dpl-ccdb-backend]: [17:40:18][INFO] - ccdb-path: GLO/Param/MatLUT
[17181:internal-dpl-ccdb-backend]: [17:40:18][INFO] The following route is a condition CTP/ORBITRESET/0
[17181:internal-dpl-ccdb-backend]: [17:40:18][INFO] - ccdb-path: CTP/Calib/OrbitReset
[17181:internal-dpl-ccdb-backend]: [17:40:18][INFO] The following route is a condition ITS/CLUSDICT/0
[17181:internal-dpl-ccdb-backend]: [17:40:18][INFO] - ccdb-path: ITS/Calib/ClusterDictionary
[17181:internal-dpl-ccdb-backend]: [17:40:18][INFO] The following route is a condition ITS/ALPIDEPARAM/0
[17181:internal-dpl-ccdb-backend]: [17:40:18][INFO] - ccdb-path: ITS/Config/AlpideParam
[17181:internal-dpl-ccdb-backend]: [17:40:18][INFO] The following route is a condition GLO/GEOMALIGN/0
[17181:internal-dpl-ccdb-backend]: [17:40:18][INFO] - ccdb-path: GLO/Config/GeometryAligned
[17181:internal-dpl-ccdb-backend]: [17:40:18][INFO] The following route is a condition TPC/CalibLaserTracks/0
[17181:internal-dpl-ccdb-backend]: [17:40:18][INFO] - ccdb-path: TPC/Calib/LaserTracks
[17181:internal-dpl-ccdb-backend]: [17:40:18][INFO] The following route is a condition TPC/CorrMap/0
[17181:internal-dpl-ccdb-backend]: [17:40:18][INFO] - ccdb-path: TPC/Calib/CorrectionMapV2
[17181:internal-dpl-ccdb-backend]: [17:40:18][INFO] The following route is a condition TPC/CorrMapRef/0
[17181:internal-dpl-ccdb-backend]: [17:40:18][INFO] - ccdb-path: TPC/Calib/CorrectionMapRefV2
[17181:internal-dpl-ccdb-backend]: [17:40:18][INFO] The following route is a condition GLO/GRPECS/0
[17181:internal-dpl-ccdb-backend]: [17:40:18][INFO] - ccdb-path: GLO/Config/GRPECS
[17181:internal-dpl-ccdb-backend]: [17:40:18][INFO] The following route is a condition TPC/VDriftTgl/0
[17181:internal-dpl-ccdb-backend]: [17:40:18][INFO] - ccdb-path: TPC/Calib/VDriftTgl
[17181:internal-dpl-ccdb-backend]: [17:40:18][INFO] The following route is a condition GLO/GRPLHCIF/0
[17181:internal-dpl-ccdb-backend]: [17:40:18][INFO] - ccdb-path: GLO/Config/GRPLHCIF
[17181:internal-dpl-ccdb-backend]: [17:40:18][INFO] The following route is a condition GLO/GRPMAGFIELD/0
[17181:internal-dpl-ccdb-backend]: [17:40:18][INFO] - ccdb-path: GLO/Config/GRPMagField
[17181:internal-dpl-ccdb-backend]: [17:40:18][STATE] INITIALIZING DEVICE ---> INITIALIZED
[17181:internal-dpl-ccdb-backend]: [17:40:18][STATE] INITIALIZED ---> BINDING
[17181:internal-dpl-ccdb-backend]: [17:40:18][STATE] BINDING ---> BOUND
[17181:internal-dpl-ccdb-backend]: [17:40:18][STATE] BOUND ---> CONNECTING
[17181:internal-dpl-ccdb-backend]: [17:40:18][STATE] CONNECTING ---> DEVICE READY
[17181:internal-dpl-ccdb-backend]: [17:40:18][STATE] DEVICE READY ---> INITIALIZING TASK
[17180:tpc-track-reader]: [INFO] Instrumenting crash signals
[17177:its-track-reader]: [INFO] Instrumenting crash signals
[17182:tpc-clusters-sharing-map-producer]: [INFO] Instrumenting crash signals
[17175:internal-dpl-clock]: [INFO] Instrumenting crash signals
[17180:tpc-track-reader]: [INFO] Spawing new device tpc-track-reader in process with pid 17180
[17175:internal-dpl-clock]: [INFO] Spawing new device internal-dpl-clock in process with pid 17175
[17175:internal-dpl-clock]: [17:40:18][INFO] 
[17175:internal-dpl-clock]:       ______      _    _______  _________ 
[17175:internal-dpl-clock]:      / ____/___ _(_)_______   |/  /_  __ \    version 1.6.0
[17175:internal-dpl-clock]:     / /_  / __ `/ / ___/__  /|_/ /_  / / /    build RELWITHDEBINFO
[17175:internal-dpl-clock]:    / __/ / /_/ / / /    _  /  / / / /_/ /     https://github.com/FairRootGroup/FairMQ
[17175:internal-dpl-clock]:   /_/    \__,_/_/_/     /_/  /_/  \___\_\     LGPL-3.0  © 2012-2023 GSI
[17175:internal-dpl-clock]: 
[17175:internal-dpl-clock]: [17:40:18][STATE] Starting FairMQ state machine --> IDLE
[17177:its-track-reader]: [INFO] Spawing new device its-track-reader in process with pid 17177
[17177:its-track-reader]: [17:40:18][INFO] 
[17177:its-track-reader]:       ______      _    _______  _________ 
[17177:its-track-reader]:      / ____/___ _(_)_______   |/  /_  __ \    version 1.6.0
[17177:its-track-reader]:     / /_  / __ `/ / ___/__  /|_/ /_  / / /    build RELWITHDEBINFO
[17177:its-track-reader]:    / __/ / /_/ / / /    _  /  / / / /_/ /     https://github.com/FairRootGroup/FairMQ
[17177:its-track-reader]:   /_/    \__,_/_/_/     /_/  /_/  \___\_\     LGPL-3.0  © 2012-2023 GSI
[17177:its-track-reader]: 
[17177:its-track-reader]: [17:40:18][STATE] Starting FairMQ state machine --> IDLE
[17185:internal-dpl-injected-dummy-sink]: [INFO] Instrumenting crash signals
[17183:itstpc-track-matcher]: [INFO] Instrumenting crash signals
[17185:internal-dpl-injected-dummy-sink]: [INFO] Spawing new device internal-dpl-injected-dummy-sink in process with pid 17185
[17185:internal-dpl-injected-dummy-sink]: [17:40:18][INFO] 
[17185:internal-dpl-injected-dummy-sink]:       ______      _    _______  _________ 
[17185:internal-dpl-injected-dummy-sink]:      / ____/___ _(_)_______   |/  /_  __ \    version 1.6.0
[17185:internal-dpl-injected-dummy-sink]:     / /_  / __ `/ / ___/__  /|_/ /_  / / /    build RELWITHDEBINFO
[17185:internal-dpl-injected-dummy-sink]:    / __/ / /_/ / / /    _  /  / / / /_/ /     https://github.com/FairRootGroup/FairMQ
[17185:internal-dpl-injected-dummy-sink]:   /_/    \__,_/_/_/     /_/  /_/  \___\_\     LGPL-3.0  © 2012-2023 GSI
[17185:internal-dpl-injected-dummy-sink]: 
[17185:internal-dpl-injected-dummy-sink]: [17:40:18][STATE] Starting FairMQ state machine --> IDLE
[17182:tpc-clusters-sharing-map-producer]: [INFO] Spawing new device tpc-clusters-sharing-map-producer in process with pid 17182
[17181:internal-dpl-ccdb-backend]: [17:40:18][STATE] INITIALIZING TASK ---> READY
[17181:internal-dpl-ccdb-backend]: [17:40:18][STATE] READY ---> RUNNING
[17181:internal-dpl-ccdb-backend]: [17:40:18][INFO] fair::mq::Device running...
[17181:internal-dpl-ccdb-backend]: [17:40:18][INFO] LHCPeriod is not available, using current month SEP
[17181:internal-dpl-ccdb-backend]: [17:40:18][INFO] Correctly handshaken websocket connection.
[17182:tpc-clusters-sharing-map-producer]: [17:40:18][INFO] 
[17182:tpc-clusters-sharing-map-producer]:       ______      _    _______  _________ 
[17182:tpc-clusters-sharing-map-producer]:      / ____/___ _(_)_______   |/  /_  __ \    version 1.6.0
[17182:tpc-clusters-sharing-map-producer]:     / /_  / __ `/ / ___/__  /|_/ /_  / / /    build RELWITHDEBINFO
[17182:tpc-clusters-sharing-map-producer]:    / __/ / /_/ / / /    _  /  / / / /_/ /     https://github.com/FairRootGroup/FairMQ
[17182:tpc-clusters-sharing-map-producer]:   /_/    \__,_/_/_/     /_/  /_/  \___\_\     LGPL-3.0  © 2012-2023 GSI
[17182:tpc-clusters-sharing-map-producer]: 
[17182:tpc-clusters-sharing-map-producer]: [17:40:18][STATE] Starting FairMQ state machine --> IDLE
[17185:internal-dpl-injected-dummy-sink]: [17:40:18][STATE] IDLE ---> INITIALIZING DEVICE
[17176:tpc-native-cluster-reader]: [INFO] Instrumenting crash signals
[17185:internal-dpl-injected-dummy-sink]: [17:40:18][STATE] INITIALIZING DEVICE ---> INITIALIZED
[17182:tpc-clusters-sharing-map-producer]: [17:40:18][STATE] IDLE ---> INITIALIZING DEVICE
[17185:internal-dpl-injected-dummy-sink]: [17:40:18][STATE] INITIALIZED ---> BINDING
[17185:internal-dpl-injected-dummy-sink]: [17:40:18][STATE] BINDING ---> BOUND
[17185:internal-dpl-injected-dummy-sink]: [17:40:18][STATE] BOUND ---> CONNECTING
[17185:internal-dpl-injected-dummy-sink]: [17:40:18][STATE] CONNECTING ---> DEVICE READY
[17185:internal-dpl-injected-dummy-sink]: [17:40:18][STATE] DEVICE READY ---> INITIALIZING TASK
[17176:tpc-native-cluster-reader]: [INFO] Spawing new device tpc-native-cluster-reader in process with pid 17176
[17180:tpc-track-reader]: [17:40:18][INFO] 
[17180:tpc-track-reader]:       ______      _    _______  _________ 
[17180:tpc-track-reader]:      / ____/___ _(_)_______   |/  /_  __ \    version 1.6.0
[17180:tpc-track-reader]:     / /_  / __ `/ / ___/__  /|_/ /_  / / /    build RELWITHDEBINFO
[17180:tpc-track-reader]:    / __/ / /_/ / / /    _  /  / / / /_/ /     https://github.com/FairRootGroup/FairMQ
[17180:tpc-track-reader]:   /_/    \__,_/_/_/     /_/  /_/  \___\_\     LGPL-3.0  © 2012-2023 GSI
[17180:tpc-track-reader]: 
[17185:internal-dpl-injected-dummy-sink]: [17:40:18][STATE] INITIALIZING TASK ---> READY
[17180:tpc-track-reader]: [17:40:18][STATE] Starting FairMQ state machine --> IDLE
[17185:internal-dpl-injected-dummy-sink]: [17:40:18][STATE] READY ---> RUNNING
[17185:internal-dpl-injected-dummy-sink]: [17:40:18][INFO] fair::mq::Device running...
[17185:internal-dpl-injected-dummy-sink]: [17:40:18][INFO] LHCPeriod is not available, using current month SEP
[17183:itstpc-track-matcher]: [INFO] Spawing new device itstpc-track-matcher in process with pid 17183
[17185:internal-dpl-injected-dummy-sink]: [17:40:18][INFO] Correctly handshaken websocket connection.
[17183:itstpc-track-matcher]: [17:40:18][INFO] 
[17183:itstpc-track-matcher]:       ______      _    _______  _________ 
[17183:itstpc-track-matcher]:      / ____/___ _(_)_______   |/  /_  __ \    version 1.6.0
[17183:itstpc-track-matcher]:     / /_  / __ `/ / ___/__  /|_/ /_  / / /    build RELWITHDEBINFO
[17183:itstpc-track-matcher]:    / __/ / /_/ / / /    _  /  / / / /_/ /     https://github.com/FairRootGroup/FairMQ
[17183:itstpc-track-matcher]:   /_/    \__,_/_/_/     /_/  /_/  \___\_\     LGPL-3.0  © 2012-2023 GSI
[17183:itstpc-track-matcher]: 
[17183:itstpc-track-matcher]: [17:40:18][STATE] Starting FairMQ state machine --> IDLE
[17177:its-track-reader]: [17:40:18][STATE] IDLE ---> INITIALIZING DEVICE
[17180:tpc-track-reader]: [17:40:18][STATE] IDLE ---> INITIALIZING DEVICE
[17175:internal-dpl-clock]: [17:40:18][STATE] IDLE ---> INITIALIZING DEVICE
[17176:tpc-native-cluster-reader]: [17:40:18][INFO] 
[17176:tpc-native-cluster-reader]:       ______      _    _______  _________ 
[17176:tpc-native-cluster-reader]:      / ____/___ _(_)_______   |/  /_  __ \    version 1.6.0
[17176:tpc-native-cluster-reader]:     / /_  / __ `/ / ___/__  /|_/ /_  / / /    build RELWITHDEBINFO
[17176:tpc-native-cluster-reader]:    / __/ / /_/ / / /    _  /  / / / /_/ /     https://github.com/FairRootGroup/FairMQ
[17176:tpc-native-cluster-reader]:   /_/    \__,_/_/_/     /_/  /_/  \___\_\     LGPL-3.0  © 2012-2023 GSI
[17176:tpc-native-cluster-reader]: 
[17176:tpc-native-cluster-reader]: [17:40:18][STATE] Starting FairMQ state machine --> IDLE
[17182:tpc-clusters-sharing-map-producer]: [17:40:18][STATE] INITIALIZING DEVICE ---> INITIALIZED
[17182:tpc-clusters-sharing-map-producer]: [17:40:18][STATE] INITIALIZED ---> BINDING
[17183:itstpc-track-matcher]: [17:40:18][STATE] IDLE ---> INITIALIZING DEVICE
[17182:tpc-clusters-sharing-map-producer]: [17:40:18][STATE] BINDING ---> BOUND
[17183:itstpc-track-matcher]: [17:40:18][INFO] CTP Lumi request for TPC corr.map scaling=OFF, override values: lumiMean=0 lumiInst=0 lumiScaleMode=0
[17182:tpc-clusters-sharing-map-producer]: [17:40:18][STATE] BOUND ---> CONNECTING
[17183:itstpc-track-matcher]: [17:40:18][STATE] INITIALIZING DEVICE ---> INITIALIZED
[17182:tpc-clusters-sharing-map-producer]: [17:40:18][STATE] CONNECTING ---> DEVICE READY
[17183:itstpc-track-matcher]: [17:40:18][STATE] INITIALIZED ---> BINDING
[17182:tpc-clusters-sharing-map-producer]: [17:40:18][STATE] DEVICE READY ---> INITIALIZING TASK
[17183:itstpc-track-matcher]: [17:40:18][STATE] BINDING ---> BOUND
[17183:itstpc-track-matcher]: [17:40:18][STATE] BOUND ---> CONNECTING
[17183:itstpc-track-matcher]: [17:40:18][STATE] CONNECTING ---> DEVICE READY
[17183:itstpc-track-matcher]: [17:40:18][STATE] DEVICE READY ---> INITIALIZING TASK
[17175:internal-dpl-clock]: [17:40:18][STATE] INITIALIZING DEVICE ---> INITIALIZED
[17182:tpc-clusters-sharing-map-producer]: [17:40:18][STATE] INITIALIZING TASK ---> READY
[17182:tpc-clusters-sharing-map-producer]: [17:40:18][STATE] READY ---> RUNNING
[17182:tpc-clusters-sharing-map-producer]: [17:40:18][INFO] fair::mq::Device running...
[17182:tpc-clusters-sharing-map-producer]: [17:40:18][INFO] LHCPeriod is not available, using current month SEP
[17183:itstpc-track-matcher]: [17:40:18][STATE] INITIALIZING TASK ---> READY
[17183:itstpc-track-matcher]: [17:40:18][STATE] READY ---> RUNNING
[17183:itstpc-track-matcher]: [17:40:18][INFO] fair::mq::Device running...
[17183:itstpc-track-matcher]: [17:40:18][INFO] LHCPeriod is not available, using current month SEP
[17183:itstpc-track-matcher]: [17:40:18][INFO] Correctly handshaken websocket connection.
[17182:tpc-clusters-sharing-map-producer]: [17:40:18][INFO] Correctly handshaken websocket connection.
[17184:itstpc-track-writer]: [INFO] Instrumenting crash signals
[17184:itstpc-track-writer]: [INFO] Spawing new device itstpc-track-writer in process with pid 17184
[17175:internal-dpl-clock]: [17:40:18][STATE] INITIALIZED ---> BINDING
[17176:tpc-native-cluster-reader]: [17:40:18][STATE] IDLE ---> INITIALIZING DEVICE
[17175:internal-dpl-clock]: [17:40:18][STATE] BINDING ---> BOUND
[17184:itstpc-track-writer]: [17:40:18][INFO] 
[17184:itstpc-track-writer]:       ______      _    _______  _________ 
[17184:itstpc-track-writer]:      / ____/___ _(_)_______   |/  /_  __ \    version 1.6.0
[17184:itstpc-track-writer]:     / /_  / __ `/ / ___/__  /|_/ /_  / / /    build RELWITHDEBINFO
[17184:itstpc-track-writer]:    / __/ / /_/ / / /    _  /  / / / /_/ /     https://github.com/FairRootGroup/FairMQ
[17184:itstpc-track-writer]:   /_/    \__,_/_/_/     /_/  /_/  \___\_\     LGPL-3.0  © 2012-2023 GSI
[17184:itstpc-track-writer]: 
[17184:itstpc-track-writer]: [17:40:18][STATE] Starting FairMQ state machine --> IDLE
[17175:internal-dpl-clock]: [17:40:18][STATE] BOUND ---> CONNECTING
[17175:internal-dpl-clock]: [17:40:18][STATE] CONNECTING ---> DEVICE READY
[17184:itstpc-track-writer]: [17:40:18][STATE] IDLE ---> INITIALIZING DEVICE
[17175:internal-dpl-clock]: [17:40:18][STATE] DEVICE READY ---> INITIALIZING TASK
[17184:itstpc-track-writer]: [17:40:18][INFO] 0: branch  TPCITS set up
[17184:itstpc-track-writer]: [17:40:18][INFO] 1: branch  TPCITSABRefs set up
[17184:itstpc-track-writer]: [17:40:18][INFO] 2: branch  TPCITSABCLID set up
[17184:itstpc-track-writer]: [17:40:18][INFO] 3: branch  MatchMCTruth set up
[17184:itstpc-track-writer]: [17:40:18][INFO] 4: branch  MatchABMCTruth set up
[17184:itstpc-track-writer]: [17:40:18][STATE] INITIALIZING DEVICE ---> INITIALIZED
[17184:itstpc-track-writer]: [17:40:18][STATE] INITIALIZED ---> BINDING
[17184:itstpc-track-writer]: [17:40:18][STATE] BINDING ---> BOUND
[17184:itstpc-track-writer]: [17:40:18][STATE] BOUND ---> CONNECTING
[17184:itstpc-track-writer]: [17:40:18][STATE] CONNECTING ---> DEVICE READY
[17184:itstpc-track-writer]: [17:40:18][STATE] DEVICE READY ---> INITIALIZING TASK
[17184:itstpc-track-writer]: [17:40:18][STATE] INITIALIZING TASK ---> READY
[17184:itstpc-track-writer]: [17:40:18][STATE] READY ---> RUNNING
[17184:itstpc-track-writer]: [17:40:18][INFO] fair::mq::Device running...
[17184:itstpc-track-writer]: [17:40:18][INFO] LHCPeriod is not available, using current month SEP
[17184:itstpc-track-writer]: [17:40:18][INFO] Correctly handshaken websocket connection.
[17175:internal-dpl-clock]: [17:40:18][STATE] INITIALIZING TASK ---> READY
[17175:internal-dpl-clock]: [17:40:18][STATE] READY ---> RUNNING
[17175:internal-dpl-clock]: [17:40:18][INFO] fair::mq::Device running...
[17175:internal-dpl-clock]: [17:40:18][INFO] LHCPeriod is not available, using current month SEP
[17175:internal-dpl-clock]: [17:40:18][INFO] Correctly handshaken websocket connection.
[17178:its-cluster-reader]: [17:40:19][INFO] Loaded tree from o2clus_its.root with 1 entries
[17178:its-cluster-reader]: [17:40:19][STATE] INITIALIZING DEVICE ---> INITIALIZED
[17178:its-cluster-reader]: [17:40:19][STATE] INITIALIZED ---> BINDING
[17178:its-cluster-reader]: [17:40:19][STATE] BINDING ---> BOUND
[17178:its-cluster-reader]: [17:40:19][STATE] BOUND ---> CONNECTING
[17178:its-cluster-reader]: [17:40:19][STATE] CONNECTING ---> DEVICE READY
[17178:its-cluster-reader]: [17:40:19][STATE] DEVICE READY ---> INITIALIZING TASK
[17178:its-cluster-reader]: [17:40:19][STATE] INITIALIZING TASK ---> READY
[17180:tpc-track-reader]: [17:40:19][INFO] Will use MC-truth from TPCTracksMCTruth
[17180:tpc-track-reader]: [17:40:19][INFO] Loaded tree from tpctracks.root with 1 entries
[17178:its-cluster-reader]: [17:40:19][STATE] READY ---> RUNNING
[17178:its-cluster-reader]: [17:40:19][INFO] fair::mq::Device running...
[17178:its-cluster-reader]: [17:40:19][INFO] LHCPeriod is not available, using current month SEP
[17180:tpc-track-reader]: [17:40:19][STATE] INITIALIZING DEVICE ---> INITIALIZED
[17178:its-cluster-reader]: [17:40:19][INFO] ITSClusterReader pushes 49 ROFRecords,8501 compact clusters at entry 0
[17180:tpc-track-reader]: [17:40:19][STATE] INITIALIZED ---> BINDING
[17180:tpc-track-reader]: [17:40:19][STATE] BINDING ---> BOUND
[17180:tpc-track-reader]: [17:40:19][STATE] BOUND ---> CONNECTING
[17180:tpc-track-reader]: [17:40:19][STATE] CONNECTING ---> DEVICE READY
[17180:tpc-track-reader]: [17:40:19][STATE] DEVICE READY ---> INITIALIZING TASK
[17180:tpc-track-reader]: [17:40:19][STATE] INITIALIZING TASK ---> READY
[17180:tpc-track-reader]: [17:40:19][STATE] READY ---> RUNNING
[17180:tpc-track-reader]: [17:40:19][INFO] fair::mq::Device running...
[17180:tpc-track-reader]: [17:40:19][INFO] LHCPeriod is not available, using current month SEP
[17180:tpc-track-reader]: [17:40:19][INFO] TPCTrackReader pushes 392 tracks from entries 0 : 0
[17179:ft0-recpoints-reader]: [17:40:19][INFO] Loaded FT0 RecPoints tree from o2reco_ft0.root with 1 entries
[17176:tpc-native-cluster-reader]: [17:40:19][INFO] binary branch set up: TPCClusterNative_0
[17176:tpc-native-cluster-reader]: [17:40:19][INFO] binary branch set up: TPCClusterNative_1
[17176:tpc-native-cluster-reader]: [17:40:19][INFO] binary branch set up: TPCClusterNative_2
[17176:tpc-native-cluster-reader]: [17:40:19][INFO] binary branch set up: TPCClusterNative_3
[17176:tpc-native-cluster-reader]: [17:40:19][INFO] binary branch set up: TPCClusterNative_4
[17176:tpc-native-cluster-reader]: [17:40:20][INFO] binary branch set up: TPCClusterNative_5
[17176:tpc-native-cluster-reader]: [17:40:20][INFO] binary branch set up: TPCClusterNative_6
[17176:tpc-native-cluster-reader]: [17:40:20][INFO] binary branch set up: TPCClusterNative_7
[17176:tpc-native-cluster-reader]: [17:40:20][INFO] binary branch set up: TPCClusterNative_8
[17176:tpc-native-cluster-reader]: [17:40:20][INFO] binary branch set up: TPCClusterNative_9
[17176:tpc-native-cluster-reader]: [17:40:20][INFO] binary branch set up: TPCClusterNative_10
[17176:tpc-native-cluster-reader]: [17:40:20][INFO] binary branch set up: TPCClusterNative_11
[17176:tpc-native-cluster-reader]: [17:40:20][INFO] binary branch set up: TPCClusterNative_12
[17176:tpc-native-cluster-reader]: [17:40:20][INFO] binary branch set up: TPCClusterNative_13
[17176:tpc-native-cluster-reader]: [17:40:20][INFO] binary branch set up: TPCClusterNative_14
[17176:tpc-native-cluster-reader]: [17:40:20][INFO] binary branch set up: TPCClusterNative_15
[17176:tpc-native-cluster-reader]: [17:40:20][INFO] binary branch set up: TPCClusterNative_16
[17176:tpc-native-cluster-reader]: [17:40:20][INFO] binary branch set up: TPCClusterNative_17
[17176:tpc-native-cluster-reader]: [17:40:20][INFO] binary branch set up: TPCClusterNative_18
[17177:its-track-reader]: [17:40:20][INFO] Loaded tree from o2trac_its.root with 1 entries
[17177:its-track-reader]: [17:40:20][STATE] INITIALIZING DEVICE ---> INITIALIZED
[17177:its-track-reader]: [17:40:20][STATE] INITIALIZED ---> BINDING
[17177:its-track-reader]: [17:40:20][STATE] BINDING ---> BOUND
[17179:ft0-recpoints-reader]: [17:40:19][STATE] INITIALIZING DEVICE ---> INITIALIZED
[17179:ft0-recpoints-reader]: [17:40:19][STATE] INITIALIZED ---> BINDING
[17179:ft0-recpoints-reader]: [17:40:19][STATE] BINDING ---> BOUND
[17179:ft0-recpoints-reader]: [17:40:19][STATE] BOUND ---> CONNECTING
[17179:ft0-recpoints-reader]: [17:40:19][STATE] CONNECTING ---> DEVICE READY
[17179:ft0-recpoints-reader]: [17:40:19][STATE] DEVICE READY ---> INITIALIZING TASK
[17179:ft0-recpoints-reader]: [17:40:19][STATE] INITIALIZING TASK ---> READY
[17179:ft0-recpoints-reader]: [17:40:19][STATE] READY ---> RUNNING
[17179:ft0-recpoints-reader]: [17:40:19][INFO] fair::mq::Device running...
[17179:ft0-recpoints-reader]: [17:40:19][INFO] LHCPeriod is not available, using current month SEP
[17180:tpc-track-reader]: [17:40:19][INFO] Sending end-of-stream message to channel from_tpc-track-reader_to_tpc-clusters-sharing-map-producer
[17180:tpc-track-reader]: [17:40:19][INFO] Sending end-of-stream message to channel from_tpc-track-reader_to_itstpc-track-matcher
[17180:tpc-track-reader]: [17:40:19][INFO] Correctly handshaken websocket connection.
[17177:its-track-reader]: [17:40:20][STATE] BOUND ---> CONNECTING
[17177:its-track-reader]: [17:40:20][STATE] CONNECTING ---> DEVICE READY
[17177:its-track-reader]: [17:40:20][STATE] DEVICE READY ---> INITIALIZING TASK
[17176:tpc-native-cluster-reader]: [17:40:20][INFO] binary branch set up: TPCClusterNative_19
[17177:its-track-reader]: [17:40:20][STATE] INITIALIZING TASK ---> READY
[17177:its-track-reader]: [17:40:20][STATE] READY ---> RUNNING
[17177:its-track-reader]: [17:40:20][INFO] fair::mq::Device running...
[17177:its-track-reader]: [17:40:20][INFO] LHCPeriod is not available, using current month SEP
[17178:its-cluster-reader]: [17:40:20][INFO] Sending end-of-stream message to channel from_its-cluster-reader_to_itstpc-track-matcher
[17178:its-cluster-reader]: [17:40:20][INFO] Sending end-of-stream message to channel from_its-cluster-reader_to_internal-dpl-injected-dummy-sink
[17178:its-cluster-reader]: [17:40:20][INFO] Correctly handshaken websocket connection.
[17176:tpc-native-cluster-reader]: [17:40:20][INFO] binary branch set up: TPCClusterNative_20
[17177:its-track-reader]: [17:40:20][INFO] Pushing 291 track in 49 ROFs at entry 0
[17176:tpc-native-cluster-reader]: [17:40:20][INFO] binary branch set up: TPCClusterNative_21
[17177:its-track-reader]: [17:40:20][INFO] Sending end-of-stream message to channel from_its-track-reader_to_itstpc-track-matcher
[17177:its-track-reader]: [17:40:20][INFO] Sending end-of-stream message to channel from_its-track-reader_to_internal-dpl-injected-dummy-sink
[17177:its-track-reader]: [17:40:20][INFO] Correctly handshaken websocket connection.
[17176:tpc-native-cluster-reader]: [17:40:20][INFO] binary branch set up: TPCClusterNative_22
[17176:tpc-native-cluster-reader]: [17:40:20][INFO] binary branch set up: TPCClusterNative_23
[17176:tpc-native-cluster-reader]: [17:40:20][INFO] binary branch set up: TPCClusterNative_24
[17176:tpc-native-cluster-reader]: [17:40:20][INFO] binary branch set up: TPCClusterNative_25
[17176:tpc-native-cluster-reader]: [17:40:20][INFO] binary branch set up: TPCClusterNative_26
[17176:tpc-native-cluster-reader]: [17:40:20][INFO] binary branch set up: TPCClusterNative_27
[17176:tpc-native-cluster-reader]: [17:40:20][INFO] binary branch set up: TPCClusterNative_28
[17176:tpc-native-cluster-reader]: [17:40:20][INFO] binary branch set up: TPCClusterNative_29
[17176:tpc-native-cluster-reader]: [17:40:20][INFO] binary branch set up: TPCClusterNative_30
[17176:tpc-native-cluster-reader]: [17:40:20][INFO] binary branch set up: TPCClusterNative_31
[17176:tpc-native-cluster-reader]: [17:40:20][INFO] binary branch set up: TPCClusterNative_32
[17176:tpc-native-cluster-reader]: [17:40:20][INFO] binary branch set up: TPCClusterNative_33
[17176:tpc-native-cluster-reader]: [17:40:20][INFO] binary branch set up: TPCClusterNative_34
[17176:tpc-native-cluster-reader]: [17:40:20][INFO] binary branch set up: TPCClusterNative_35
[17176:tpc-native-cluster-reader]: [17:40:20][STATE] INITIALIZING DEVICE ---> INITIALIZED
[17176:tpc-native-cluster-reader]: [17:40:20][STATE] INITIALIZED ---> BINDING
[17176:tpc-native-cluster-reader]: [17:40:20][STATE] BINDING ---> BOUND
[17176:tpc-native-cluster-reader]: [17:40:20][STATE] BOUND ---> CONNECTING
[17176:tpc-native-cluster-reader]: [17:40:20][STATE] CONNECTING ---> DEVICE READY
[17176:tpc-native-cluster-reader]: [17:40:20][STATE] DEVICE READY ---> INITIALIZING TASK
[17176:tpc-native-cluster-reader]: [17:40:20][STATE] INITIALIZING TASK ---> READY
[17176:tpc-native-cluster-reader]: [17:40:20][STATE] READY ---> RUNNING
[17176:tpc-native-cluster-reader]: [17:40:20][INFO] fair::mq::Device running...
[17176:tpc-native-cluster-reader]: [17:40:20][INFO] LHCPeriod is not available, using current month SEP
[17179:ft0-recpoints-reader]: [17:40:20][INFO] Sending end-of-stream message to channel from_ft0-recpoints-reader_to_internal-dpl-ccdb-backend
[17179:ft0-recpoints-reader]: [17:40:20][INFO] Sending end-of-stream message to channel from_ft0-recpoints-reader_to_itstpc-track-matcher
[17179:ft0-recpoints-reader]: [17:40:20][INFO] Correctly handshaken websocket connection.
[17176:tpc-native-cluster-reader]: [17:40:20][INFO] branch TPCClusterNative_0: publishing binary chunk of 129108 bytes(s)
[17176:tpc-native-cluster-reader]: [17:40:20][INFO] branch TPCClusterNative_1: publishing binary chunk of 119316 bytes(s)
[17176:tpc-native-cluster-reader]: [17:40:20][INFO] branch TPCClusterNative_2: publishing binary chunk of 112944 bytes(s)
[17176:tpc-native-cluster-reader]: [17:40:20][INFO] branch TPCClusterNative_3: publishing binary chunk of 37404 bytes(s)
[17176:tpc-native-cluster-reader]: [17:40:20][INFO] branch TPCClusterNative_4: publishing binary chunk of 24396 bytes(s)
[17176:tpc-native-cluster-reader]: [17:40:20][INFO] branch TPCClusterNative_5: publishing binary chunk of 24888 bytes(s)
[17176:tpc-native-cluster-reader]: [17:40:20][INFO] branch TPCClusterNative_6: publishing binary chunk of 23592 bytes(s)
[17176:tpc-native-cluster-reader]: [17:40:20][INFO] branch TPCClusterNative_7: publishing binary chunk of 23856 bytes(s)
[17176:tpc-native-cluster-reader]: [17:40:20][INFO] branch TPCClusterNative_8: publishing binary chunk of 23004 bytes(s)
[17176:tpc-native-cluster-reader]: [17:40:20][INFO] branch TPCClusterNative_9: publishing binary chunk of 23412 bytes(s)
[17176:tpc-native-cluster-reader]: [17:40:20][INFO] branch TPCClusterNative_10: publishing binary chunk of 23532 bytes(s)
[17176:tpc-native-cluster-reader]: [17:40:20][INFO] branch TPCClusterNative_11: publishing binary chunk of 23616 bytes(s)
[17176:tpc-native-cluster-reader]: [17:40:20][INFO] branch TPCClusterNative_12: publishing binary chunk of 24780 bytes(s)
[17176:tpc-native-cluster-reader]: [17:40:20][INFO] branch TPCClusterNative_13: publishing binary chunk of 25512 bytes(s)
[17176:tpc-native-cluster-reader]: [17:40:20][INFO] branch TPCClusterNative_14: publishing binary chunk of 25500 bytes(s)
[17176:tpc-native-cluster-reader]: [17:40:20][INFO] branch TPCClusterNative_15: publishing binary chunk of 27312 bytes(s)
[17176:tpc-native-cluster-reader]: [17:40:20][INFO] branch TPCClusterNative_16: publishing binary chunk of 23928 bytes(s)
[17176:tpc-native-cluster-reader]: [17:40:20][INFO] branch TPCClusterNative_17: publishing binary chunk of 40476 bytes(s)
[17176:tpc-native-cluster-reader]: [17:40:20][INFO] branch TPCClusterNative_18: publishing binary chunk of 127872 bytes(s)
[17176:tpc-native-cluster-reader]: [17:40:20][INFO] branch TPCClusterNative_19: publishing binary chunk of 142092 bytes(s)
[17176:tpc-native-cluster-reader]: [17:40:20][INFO] branch TPCClusterNative_20: publishing binary chunk of 118764 bytes(s)
[17176:tpc-native-cluster-reader]: [17:40:20][INFO] branch TPCClusterNative_21: publishing binary chunk of 37560 bytes(s)
[17176:tpc-native-cluster-reader]: [17:40:20][INFO] branch TPCClusterNative_22: publishing binary chunk of 25836 bytes(s)
[17176:tpc-native-cluster-reader]: [17:40:20][INFO] branch TPCClusterNative_23: publishing binary chunk of 24300 bytes(s)
[17176:tpc-native-cluster-reader]: [17:40:20][INFO] branch TPCClusterNative_24: publishing binary chunk of 22452 bytes(s)
[17176:tpc-native-cluster-reader]: [17:40:20][INFO] branch TPCClusterNative_25: publishing binary chunk of 22284 bytes(s)
[17176:tpc-native-cluster-reader]: [17:40:20][INFO] branch TPCClusterNative_26: publishing binary chunk of 22596 bytes(s)
[17176:tpc-native-cluster-reader]: [17:40:20][INFO] branch TPCClusterNative_27: publishing binary chunk of 21888 bytes(s)
[17176:tpc-native-cluster-reader]: [17:40:20][INFO] branch TPCClusterNative_28: publishing binary chunk of 21888 bytes(s)
[17176:tpc-native-cluster-reader]: [17:40:20][INFO] branch TPCClusterNative_29: publishing binary chunk of 21888 bytes(s)
[17176:tpc-native-cluster-reader]: [17:40:20][INFO] branch TPCClusterNative_30: publishing binary chunk of 21888 bytes(s)
[17176:tpc-native-cluster-reader]: [17:40:20][INFO] branch TPCClusterNative_31: publishing binary chunk of 21888 bytes(s)
[17176:tpc-native-cluster-reader]: [17:40:20][INFO] branch TPCClusterNative_32: publishing binary chunk of 23760 bytes(s)
[17176:tpc-native-cluster-reader]: [17:40:20][INFO] branch TPCClusterNative_33: publishing binary chunk of 21972 bytes(s)
[17176:tpc-native-cluster-reader]: [17:40:20][INFO] branch TPCClusterNative_34: publishing binary chunk of 23268 bytes(s)
[17176:tpc-native-cluster-reader]: [17:40:20][INFO] branch TPCClusterNative_35: publishing binary chunk of 32448 bytes(s)
[17176:tpc-native-cluster-reader]: [17:40:20][INFO] Correctly handshaken websocket connection.
[17182:tpc-clusters-sharing-map-producer]: [17:40:20][INFO] Timing for TPC clusters sharing map creation: Cpu: 0.000e+00 Real: 8.318e-04 s
[17176:tpc-native-cluster-reader]: [17:40:20][INFO] Sending end-of-stream message to channel from_tpc-native-cluster-reader_to_tpc-clusters-sharing-map-producer
[17182:tpc-clusters-sharing-map-producer]: [17:40:20][INFO] Sending end-of-stream message to channel from_tpc-clusters-sharing-map-producer_to_itstpc-track-matcher
[17181:internal-dpl-ccdb-backend]: Info in <TJAlienConnectionManager>: Opening connection to JCentral. Please wait
[17181:internal-dpl-ccdb-backend]: Info in <TJAlienConnectionManager>: Opening connection to 137.138.99.139
[17181:internal-dpl-ccdb-backend]: Info in <TJAlienConnectionManager>: Successfully connected to 137.138.99.139
[17181:internal-dpl-ccdb-backend]: Info in <TJAlienFile::Open>: Accessing file /alice/data/CCDB/CTP/Calib/OrbitReset/06/62200/b9f985c3-b4b0-11ec-8fd3-90ce809b24ee in SE <ALICE::CERN::EOS>
[17181:internal-dpl-ccdb-backend]: [17:40:21][INFO] ccdb reads http://alice-ccdb.cern.ch/CTP/Calib/OrbitReset/1546300800000/b9f985c3-b4b0-11ec-8fd3-90ce809b24ee for 1546300800000 (load to memory, agent_id: localhost.localdomain-1694014818-DJ77hN), 
[17181:internal-dpl-ccdb-backend]: Info in <TJAlienFile::Open>: Accessing file /alice/data/CCDB/GLO/Param/MatLUT/05/24630/d5a2a33e-dba4-11ec-9e90-2a010e0a0b16 in SE <ALICE::CERN::OCDB>
[17181:internal-dpl-ccdb-backend]: [17:40:21][INFO] ccdb reads http://alice-ccdb.cern.ch/GLO/Param/MatLUT/1546300800000/d5a2a33e-dba4-11ec-9e90-2a010e0a0b16 for 1546300800000 (load to memory, agent_id: localhost.localdomain-1694014818-DJ77hN), 
[17181:internal-dpl-ccdb-backend]: Info in <TJAlienFile::Open>: Accessing file /alice/data/CCDB/ITS/Calib/ClusterDictionary/09/10449/c245a720-9fe3-11ec-975c-200114580202 in SE <ALICE::CERN::OCDB>
[17181:internal-dpl-ccdb-backend]: [17:40:21][INFO] ccdb reads http://alice-ccdb.cern.ch/ITS/Calib/ClusterDictionary/0/c245a720-9fe3-11ec-975c-200114580202 for 1546300800000 (load to memory, agent_id: localhost.localdomain-1694014818-DJ77hN), 
[17181:internal-dpl-ccdb-backend]: Info in <TJAlienFile::Open>: Accessing file /alice/data/CCDB/ITS/Config/AlpideParam/02/10715/76f24ad5-e339-11ec-9e90-200114580204 in SE <ALICE::CERN::OCDB>
[17181:internal-dpl-ccdb-backend]: [17:40:21][INFO] ccdb reads http://alice-ccdb.cern.ch/ITS/Config/AlpideParam/1546300800000/76f24ad5-e339-11ec-9e90-200114580204 for 1546300800000 (load to memory, agent_id: localhost.localdomain-1694014818-DJ77hN), 
[17181:internal-dpl-ccdb-backend]: Info in <TJAlienFile::Open>: Accessing file /alice/data/CCDB/GLO/Config/GeometryAligned/06/21224/787687c0-287a-11ed-8141-200114580202 in SE <ALICE::CERN::OCDB>
[17181:internal-dpl-ccdb-backend]: [17:40:21][INFO] ccdb reads http://alice-ccdb.cern.ch/GLO/Config/GeometryAligned/1546300800000/787687c0-287a-11ed-8141-200114580202 for 1546300800000 (load to memory, agent_id: localhost.localdomain-1694014818-DJ77hN), 
[17181:internal-dpl-ccdb-backend]: Info in <TJAlienFile::Open>: Accessing file /alice/data/CCDB/TPC/Calib/LaserTracks/14/60057/dd26d771-0929-11ed-8000-2a010e0a0b16 in SE <ALICE::CERN::OCDB>
[17181:internal-dpl-ccdb-backend]: [17:40:21][INFO] ccdb reads http://alice-ccdb.cern.ch/TPC/Calib/LaserTracks/1546300800000/dd26d771-0929-11ed-8000-2a010e0a0b16 for 1546300800000 (load to memory, agent_id: localhost.localdomain-1694014818-DJ77hN), 
[17181:internal-dpl-ccdb-backend]: Info in <TJAlienFile::Open>: Accessing file /alice/data/CCDB/TPC/Calib/CorrectionMapV2/04/24306/188b3306-3a84-11ee-a1e3-200114580202 in SE <ALICE::CERN::OCDB>
[17181:internal-dpl-ccdb-backend]: [17:40:21][INFO] ccdb reads http://alice-ccdb.cern.ch/TPC/Calib/CorrectionMapV2/1/188b3306-3a84-11ee-a1e3-200114580202 for 1546300800000 (load to memory, agent_id: localhost.localdomain-1694014818-DJ77hN), 
[17181:internal-dpl-ccdb-backend]: Info in <TJAlienFile::Open>: Accessing file /alice/data/CCDB/TPC/Calib/CorrectionMapRefV2/10/16377/1f4bfb7e-3a84-11ee-a1e3-200114580202 in SE <ALICE::CERN::OCDB>
[17181:internal-dpl-ccdb-backend]: [17:40:22][INFO] ccdb reads http://alice-ccdb.cern.ch/TPC/Calib/CorrectionMapRefV2/1/1f4bfb7e-3a84-11ee-a1e3-200114580202 for 1546300800000 (load to memory, agent_id: localhost.localdomain-1694014818-DJ77hN), 
[17181:internal-dpl-ccdb-backend]: Info in <TJAlienFile::Open>: Accessing file /alice/data/CCDB/GLO/Config/GRPECS/03/07584/646e9be2-0210-11ed-8000-200114580202 in SE <ALICE::CERN::OCDB>
[17181:internal-dpl-ccdb-backend]: [17:40:22][INFO] ccdb reads http://alice-ccdb.cern.ch/GLO/Config/GRPECS/1546300800000/646e9be2-0210-11ed-8000-200114580202 for 1546300800000 (load to memory, agent_id: localhost.localdomain-1694014818-DJ77hN), 
[17181:internal-dpl-ccdb-backend]: Info in <TJAlienFile::Open>: Accessing file /alice/data/CCDB/TPC/Calib/VDriftTgl/04/00148/01683855-2e90-11ed-ac0b-200114580202 in SE <ALICE::CERN::OCDB>
[17181:internal-dpl-ccdb-backend]: [17:40:22][INFO] ccdb reads http://alice-ccdb.cern.ch/TPC/Calib/VDriftTgl/1546300800000/01683855-2e90-11ed-ac0b-200114580202 for 1546300800000 (load to memory, agent_id: localhost.localdomain-1694014818-DJ77hN), 
[17181:internal-dpl-ccdb-backend]: Info in <TJAlienFile::Open>: Accessing file /alice/data/CCDB/GLO/Config/GRPLHCIF/04/60609/b3296373-efea-11ec-b9c0-2a010e0a0b16 in SE <ALICE::CERN::OCDB>
[17181:internal-dpl-ccdb-backend]: [17:40:22][INFO] ccdb reads http://alice-ccdb.cern.ch/GLO/Config/GRPLHCIF/1546300800000/b3296373-efea-11ec-b9c0-2a010e0a0b16 for 1546300800000 (load to memory, agent_id: localhost.localdomain-1694014818-DJ77hN), 
[17181:internal-dpl-ccdb-backend]: Info in <TJAlienFile::Open>: Accessing file /alice/data/CCDB/GLO/Config/GRPMagField/06/62924/01d633ab-efdf-11ec-841e-2a010e0a0b16 in SE <ALICE::CERN::OCDB>
[17181:internal-dpl-ccdb-backend]: [17:40:22][INFO] ccdb reads http://alice-ccdb.cern.ch/GLO/Config/GRPMagField/1546300800000/01d633ab-efdf-11ec-841e-2a010e0a0b16 for 1546300800000 (load to memory, agent_id: localhost.localdomain-1694014818-DJ77hN), 
[17181:internal-dpl-ccdb-backend]: [17:40:22][INFO] Sending end-of-stream message to channel from_internal-dpl-ccdb-backend_to_itstpc-track-matcher
[17181:internal-dpl-ccdb-backend]: [17:40:22][INFO] Sending end-of-stream message to channel from_internal-dpl-ccdb-backend_to_internal-dpl-injected-dummy-sink
[17183:itstpc-track-matcher]: [17:40:22][INFO] ITS Alpide param updated
[17183:itstpc-track-matcher]: ITSAlpideParam.roFrameLengthInBC : 198		[ CCDB ]
[17183:itstpc-track-matcher]: ITSAlpideParam.roFrameLengthTrig : 6000		[ CCDB ]
[17183:itstpc-track-matcher]: ITSAlpideParam.strobeDelay : 99.8031		[ CCDB ]
[17183:itstpc-track-matcher]: ITSAlpideParam.strobeLengthCont : -1		[ CCDB ]
[17183:itstpc-track-matcher]: ITSAlpideParam.strobeLengthTrig : 100		[ CCDB ]
[17183:itstpc-track-matcher]: ITSAlpideParam.roFrameBiasInBC : 64		[ CCDB ]
[17183:itstpc-track-matcher]: [17:40:22][INFO] Caching in 140245945522672 ptr to ITS/ALPIDEPARAM/0 (0x7f900e0222c0)
[17183:itstpc-track-matcher]: [17:40:22][INFO] cluster dictionary updated
[17183:itstpc-track-matcher]: [17:40:22][INFO] Caching in 140245945494800 ptr to ITS/CLUSDICT/0 (0x6870fb0)
[17183:itstpc-track-matcher]: [17:40:22][INFO] GRP MagField object updated
[17183:itstpc-track-matcher]: [17:40:22][INFO] MagneticField::Print: MagneticFieldMap:
[17183:itstpc-track-matcher]: [17:40:22][INFO] MagneticField::Print: Solenoid (-1*)5 kG, Dipole ON (-1) 
[17183:itstpc-track-matcher]: [17:40:22][INFO] MagneticField::Print: Machine B fields for p-p  beam (7000 GeV): QGrad: 22.0002 Dipole: 37.8781
[17183:itstpc-track-matcher]: [17:40:22][INFO] MagneticField::Print: Uses Sol30_Dip6_Hole  of /root/alice/sw/slc8_x86-64/O2/segment-local1/share/Common/maps/mfchebKGI_sym.root
[17183:itstpc-track-matcher]: Info in <TGeoGlobalMagField::SetField>: Global magnetic field set to <MagneticFieldMap>
[17183:itstpc-track-matcher]: Info in <TGeoGlobalMagField::Lock>: Global magnetic field <MagneticFieldMap> is now locked
[17183:itstpc-track-matcher]: [17:40:22][INFO] Caching in 140245947400432 ptr to GLO/GRPMAGFIELD/0 (0x6becb80)
[17183:itstpc-track-matcher]: [17:40:22][INFO] GRP LHCIF object updated
[17183:itstpc-track-matcher]: [17:40:22][INFO] Caching in 140245947398160 ptr to GLO/GRPLHCIF/0 (0x787f6b0)
[17183:itstpc-track-matcher]: [17:40:22][INFO] GRP ECS object updated
[17183:itstpc-track-matcher]: [17:40:22][INFO] Caching in 140245947393616 ptr to GLO/GRPECS/0 (0x48e5240)
[17183:itstpc-track-matcher]: [17:40:23][INFO] orbit reset time updated to 1546300800000
[17183:itstpc-track-matcher]: [17:40:23][INFO] Caching in 140245936267920 ptr to CTP/ORBITRESET/0 (0x7883140)
[17183:itstpc-track-matcher]: [17:40:23][INFO] material LUT updated
[17183:itstpc-track-matcher]: [17:40:23][INFO] Loaded 440 params from $(O2_ROOT)/share/Common/maps/sol5k.txt
[17183:itstpc-track-matcher]: [17:40:23][INFO] Caching in 140245936269168 ptr to GLO/MATLUT/0 (0x7909520)
[17183:itstpc-track-matcher]: Info in <TGeoManager::CloseGeometry>: Geometry loaded from file...
[17183:itstpc-track-matcher]: Info in <TGeoManager::SetTopVolume>: Top volume is cave. Master volume is cave
[17183:itstpc-track-matcher]: Info in <TGeoNavigator::BuildCache>: --- Maximum geometry depth set to 100
[17183:itstpc-track-matcher]: Info in <TGeoManager::Voxelize>: Voxelizing...
[17183:itstpc-track-matcher]: Info in <TGeoManager::CountLevels>: max level = 13, max placements = 735
[17183:itstpc-track-matcher]: Info in <TGeoManager::CloseGeometry>: 5346742 nodes/ 27442 volume UID's in FAIR geometry
[17183:itstpc-track-matcher]: Info in <TGeoManager::CloseGeometry>: ----------------modeler ready----------------
[17183:itstpc-track-matcher]: [17:40:23][INFO] aligned geometry updated
[17183:itstpc-track-matcher]: [17:40:23][INFO] Caching in 140245945524944 ptr to GLO/GEOMALIGN/0 (0x7071b90)
[17183:itstpc-track-matcher]: [17:40:23][INFO] accountLaserCalibration 1 t 10 vs 0
[17183:itstpc-track-matcher]: [17:40:23][INFO] Caching in 140245947372464 ptr to TPC/CalibLaserTracks/0 (0x504d920)
[17183:itstpc-track-matcher]: [17:40:23][INFO] accountDriftCorrectionITSTPCTgl 1 t 0 vs 0
[17183:itstpc-track-matcher]: [17:40:23][INFO] Caching in 140245947395888 ptr to TPC/VDriftTgl/0 (0x6ebb040)
[17183:itstpc-track-matcher]: [17:40:23][INFO] Will prefer TPC Drift from Laser with time 10 to TPCITSTgl with time 0
[17183:itstpc-track-matcher]: [17:40:23][INFO] InstLumiOverride=0, UseCTPLumi=false -> instLumi=0, meanLumi=1 -> LumiScale=0, lumiScaleMode=0
[17183:itstpc-track-matcher]: [17:40:23][INFO] Caching in 140245947374736 ptr to TPC/CorrMap/0 (0x6d052f0)
[17183:itstpc-track-matcher]: [17:40:23][INFO] Caching in 140245947384176 ptr to TPC/CorrMapRef/0 (0x6d07530)
[17183:itstpc-track-matcher]: tpcitsMatch.runAfterBurner : true		[ CODE ]
[17183:itstpc-track-matcher]: tpcitsMatch.validateMatchByFIT : Prefer		[ CODE ]
[17183:itstpc-track-matcher]: tpcitsMatch.crudeAbsDiffCut[0] : 2		[ CODE ]
[17183:itstpc-track-matcher]: tpcitsMatch.crudeAbsDiffCut[1] : 2		[ CODE ]
[17183:itstpc-track-matcher]: tpcitsMatch.crudeAbsDiffCut[2] : 0.2		[ CODE ]
[17183:itstpc-track-matcher]: tpcitsMatch.crudeAbsDiffCut[3] : 0.2		[ CODE ]
[17183:itstpc-track-matcher]: tpcitsMatch.crudeAbsDiffCut[4] : 4		[ CODE ]
[17183:itstpc-track-matcher]: tpcitsMatch.crudeNSigma2Cut[0] : 49		[ CODE ]
[17183:itstpc-track-matcher]: tpcitsMatch.crudeNSigma2Cut[1] : 49		[ CODE ]
[17183:itstpc-track-matcher]: tpcitsMatch.crudeNSigma2Cut[2] : 49		[ CODE ]
[17183:itstpc-track-matcher]: tpcitsMatch.crudeNSigma2Cut[3] : 49		[ CODE ]
[17183:itstpc-track-matcher]: tpcitsMatch.crudeNSigma2Cut[4] : 49		[ CODE ]
[17183:itstpc-track-matcher]: tpcitsMatch.XMatchingRef : 70		[ CODE ]
[17183:itstpc-track-matcher]: tpcitsMatch.minTPCTrackR : 50		[ CODE ]
[17183:itstpc-track-matcher]: tpcitsMatch.minITSTrackR : 50		[ CODE ]
[17183:itstpc-track-matcher]: tpcitsMatch.minTPCClusters : 25		[ CODE ]
[17183:itstpc-track-matcher]: tpcitsMatch.askMinTPCRow : 15		[ CODE ]
[17183:itstpc-track-matcher]: tpcitsMatch.cutMatchingChi2 : 30		[ CODE ]
[17183:itstpc-track-matcher]: tpcitsMatch.maxMatchCandidates : 5		[ CODE ]
[17183:itstpc-track-matcher]: tpcitsMatch.safeMarginTimeCorrErr : 0		[ CODE ]
[17183:itstpc-track-matcher]: tpcitsMatch.safeMarginTPCITSTimeBin : 1		[ CODE ]
[17183:itstpc-track-matcher]: tpcitsMatch.safeMarginTPCTimeEdge : 20		[ CODE ]
[17183:itstpc-track-matcher]: tpcitsMatch.tpcTimeICMatchingNSigma : 4		[ CODE ]
[17183:itstpc-track-matcher]: tpcitsMatch.tpcExtConstrainedNSigma : 4		[ CODE ]
[17183:itstpc-track-matcher]: tpcitsMatch.tfEdgeTimeToleranceMUS : 1		[ CODE ]
[17183:itstpc-track-matcher]: tpcitsMatch.maxVDriftUncertainty : 0.02		[ CODE ]
[17183:itstpc-track-matcher]: tpcitsMatch.maxVDriftTrackQ2Pt : 1		[ CODE ]
[17183:itstpc-track-matcher]: tpcitsMatch.maxVDritTimeOffset : 5		[ CODE ]
[17183:itstpc-track-matcher]: tpcitsMatch.globalTimeBiasMUS : 0		[ CODE ]
[17183:itstpc-track-matcher]: tpcitsMatch.globalTimeExtraErrorMUS : 0		[ CODE ]
[17183:itstpc-track-matcher]: tpcitsMatch.requireToReachLayerAB : 5		[ CODE ]
[17183:itstpc-track-matcher]: tpcitsMatch.lowestLayerAB : 3		[ CODE ]
[17183:itstpc-track-matcher]: tpcitsMatch.minContributingLayersAB : 2		[ CODE ]
[17183:itstpc-track-matcher]: tpcitsMatch.maxABLinksOnLayer : 10		[ CODE ]
[17183:itstpc-track-matcher]: tpcitsMatch.maxABFinalHyp : 20		[ CODE ]
[17183:itstpc-track-matcher]: tpcitsMatch.cutABTrack2ClChi2 : 30		[ CODE ]
[17183:itstpc-track-matcher]: tpcitsMatch.nABSigmaY : 4		[ CODE ]
[17183:itstpc-track-matcher]: tpcitsMatch.nABSigmaZ : 4		[ CODE ]
[17183:itstpc-track-matcher]: tpcitsMatch.err2ABExtraY : 0.01		[ CODE ]
[17183:itstpc-track-matcher]: tpcitsMatch.err2ABExtraZ : 0.01		[ CODE ]
[17183:itstpc-track-matcher]: tpcitsMatch.verbosity : 0		[ CODE ]
[17183:itstpc-track-matcher]: tpcitsMatch.matCorr : 2		[ CODE ]
[17183:itstpc-track-matcher]: [17:40:23][INFO] Loading ITS T2L matrices from TGeo
[17183:itstpc-track-matcher]: [17:40:23][INFO] Loading ITS T2G rotation 2D matrices
[17183:itstpc-track-matcher]: 
[17183:itstpc-track-matcher]: ******************** TPC-ITS matching component ********************
[17183:itstpc-track-matcher]: MC truth: on
[17183:itstpc-track-matcher]: Matching reference X: 70.000
[17183:itstpc-track-matcher]: Account Z dimension: off
[17183:itstpc-track-matcher]: Cut on matching chi2: 30.000
[17183:itstpc-track-matcher]: Max number ITS candidates per TPC track: 5
[17183:itstpc-track-matcher]: Crude cut on track params:  2.000e+00 2.000e+00 2.000e-01 2.000e-01 4.000e+00
[17183:itstpc-track-matcher]: NSigma^2 cut on track params:   49.00  49.00  49.00  49.00  49.00
[17183:itstpc-track-matcher]: TPC Z->time(bins) bracketing safety margin:  20.00
[17183:itstpc-track-matcher]: Output debug tree (off) file: dbg_TPCITSmatch.root
[17183:itstpc-track-matcher]: **********************************************************************
[17183:itstpc-track-matcher]: [17:40:23][INFO] Updating TPC fast transform map with new VDrift factor of 1 wrt reference 2.58 and DriftTimeOffset correction 0 wrt 0 from source Laser
[17183:itstpc-track-matcher]: [17:40:23][INFO] RecoContainer::createTracks took 0.001013 CPU s.
[17183:itstpc-track-matcher]: [17:40:23][INFO] Validated 232 matches out of 233 for 313 TPC and 339 ITS tracks in 2 iterations
[17183:itstpc-track-matcher]: [17:40:23][INFO] AfterBurner will check 0 seeds from 73 TPC tracks and 0 interaction candidates with 1 threads
[17184:itstpc-track-writer]: [17:40:23][INFO] Writing 232 TPC-ITS matches
[17183:itstpc-track-matcher]: [17:40:23][INFO] TPC-ITS matching total timing: Cpu: 1.630e+00 Real: 1.689e+00 s in 1 slots
[17183:itstpc-track-matcher]: [17:40:23][INFO] Sending end-of-stream message to channel from_itstpc-track-matcher_to_itstpc-track-writer
[INFO] Quitting
[INFO] QUIT_REQUESTED
[17179:ft0-recpoints-reader]: [17:40:23][INFO] Received device shutdown request (signal 15).
[17179:ft0-recpoints-reader]: [17:40:23][INFO] Waiting for graceful device shutdown. Hit Ctrl-C again to abort immediately.
[17179:ft0-recpoints-reader]: [17:40:23][INFO] New state requested. No timeout set, quitting immediately as per --completion-policy
[17179:ft0-recpoints-reader]: [17:40:23][STATE] RUNNING ---> READY
[17179:ft0-recpoints-reader]: [17:40:23][STATE] READY ---> RESETTING TASK
[17179:ft0-recpoints-reader]: [17:40:23][STATE] RESETTING TASK ---> DEVICE READY
[17179:ft0-recpoints-reader]: [17:40:23][STATE] DEVICE READY ---> RESETTING DEVICE
[17179:ft0-recpoints-reader]: [17:40:23][STATE] RESETTING DEVICE ---> IDLE
[17179:ft0-recpoints-reader]: [17:40:23][STATE] IDLE ---> EXITING
[17179:ft0-recpoints-reader]: [17:40:23][STATE] Exiting FairMQ state machine
[17176:tpc-native-cluster-reader]: [17:40:24][INFO] Received device shutdown request (signal 15).
[17176:tpc-native-cluster-reader]: [17:40:24][INFO] Waiting for graceful device shutdown. Hit Ctrl-C again to abort immediately.
[17181:internal-dpl-ccdb-backend]: [17:40:24][INFO] Received device shutdown request (signal 15).
[17181:internal-dpl-ccdb-backend]: [17:40:24][INFO] Waiting for graceful device shutdown. Hit Ctrl-C again to abort immediately.
[17180:tpc-track-reader]: [17:40:24][INFO] Received device shutdown request (signal 15).
[17180:tpc-track-reader]: [17:40:24][INFO] Waiting for graceful device shutdown. Hit Ctrl-C again to abort immediately.
[17175:internal-dpl-clock]: [17:40:24][INFO] Received device shutdown request (signal 15).
[17175:internal-dpl-clock]: [17:40:24][INFO] Waiting for graceful device shutdown. Hit Ctrl-C again to abort immediately.
[17177:its-track-reader]: [17:40:24][INFO] Received device shutdown request (signal 15).
[17177:its-track-reader]: [17:40:24][INFO] Waiting for graceful device shutdown. Hit Ctrl-C again to abort immediately.
[17182:tpc-clusters-sharing-map-producer]: [17:40:24][INFO] Received device shutdown request (signal 15).
[17182:tpc-clusters-sharing-map-producer]: [17:40:24][INFO] Waiting for graceful device shutdown. Hit Ctrl-C again to abort immediately.
[17183:itstpc-track-matcher]: [17:40:24][INFO] Received device shutdown request (signal 15).
[17183:itstpc-track-matcher]: [17:40:24][INFO] Waiting for graceful device shutdown. Hit Ctrl-C again to abort immediately.
[17184:itstpc-track-writer]: [17:40:24][INFO] Received device shutdown request (signal 15).
[17184:itstpc-track-writer]: [17:40:24][INFO] Waiting for graceful device shutdown. Hit Ctrl-C again to abort immediately.
[17185:internal-dpl-injected-dummy-sink]: [17:40:24][INFO] Received device shutdown request (signal 15).
[17185:internal-dpl-injected-dummy-sink]: [17:40:24][INFO] Waiting for graceful device shutdown. Hit Ctrl-C again to abort immediately.
[17178:its-cluster-reader]: [17:40:24][INFO] Received device shutdown request (signal 15).
[17178:its-cluster-reader]: [17:40:24][INFO] Waiting for graceful device shutdown. Hit Ctrl-C again to abort immediately.
[17185:internal-dpl-injected-dummy-sink]: [17:40:24][INFO] New state requested. No timeout set, quitting immediately as per --completion-policy
[17185:internal-dpl-injected-dummy-sink]: [17:40:24][STATE] RUNNING ---> READY
[17185:internal-dpl-injected-dummy-sink]: [17:40:24][STATE] READY ---> RESETTING TASK
[17185:internal-dpl-injected-dummy-sink]: [17:40:24][STATE] RESETTING TASK ---> DEVICE READY
[17185:internal-dpl-injected-dummy-sink]: [17:40:24][STATE] DEVICE READY ---> RESETTING DEVICE
[17180:tpc-track-reader]: [17:40:24][INFO] New state requested. No timeout set, quitting immediately as per --completion-policy
[17180:tpc-track-reader]: [17:40:24][STATE] RUNNING ---> READY
[17181:internal-dpl-ccdb-backend]: [17:40:24][INFO] New state requested. No timeout set, quitting immediately as per --completion-policy
[17181:internal-dpl-ccdb-backend]: [17:40:24][INFO] CCDB cache miss/hit ratio:
[17181:internal-dpl-ccdb-backend]: [17:40:24][INFO]   GLO/Config/GRPMagField: 1/0 (1024-1024 bytes)
[17181:internal-dpl-ccdb-backend]: [17:40:24][INFO]   GLO/Config/GRPLHCIF: 1/0 (2048-2048 bytes)
[17181:internal-dpl-ccdb-backend]: [17:40:24][INFO]   TPC/Calib/CorrectionMapRefV2: 1/0 (9216-9216 bytes)
[17181:internal-dpl-ccdb-backend]: [17:40:24][INFO]   TPC/Calib/VDriftTgl: 1/0 (2048-2048 bytes)
[17181:internal-dpl-ccdb-backend]: [17:40:24][INFO]   GLO/Config/GRPECS: 1/0 (2048-2048 bytes)
[17181:internal-dpl-ccdb-backend]: [17:40:24][INFO]   TPC/Calib/CorrectionMapV2: 1/0 (9216-9216 bytes)
[17181:internal-dpl-ccdb-backend]: [17:40:24][INFO]   TPC/Calib/LaserTracks: 1/0 (2048-2048 bytes)
[17181:internal-dpl-ccdb-backend]: [17:40:24][INFO]   GLO/Config/GeometryAligned: 1/0 (1847296-1847296 bytes)
[17181:internal-dpl-ccdb-backend]: [17:40:24][INFO]   ITS/Config/AlpideParam: 1/0 (2048-2048 bytes)
[17181:internal-dpl-ccdb-backend]: [17:40:24][INFO]   ITS/Calib/ClusterDictionary: 1/0 (27648-27648 bytes)
[17181:internal-dpl-ccdb-backend]: [17:40:24][INFO]   GLO/Param/MatLUT: 1/0 (9225216-9225216 bytes)
[17181:internal-dpl-ccdb-backend]: [17:40:24][INFO]   CTP/Calib/OrbitReset: 1/2 (1024-1024 bytes)
[17181:internal-dpl-ccdb-backend]: [17:40:24][STATE] RUNNING ---> READY
[17181:internal-dpl-ccdb-backend]: [17:40:24][STATE] READY ---> RESETTING TASK
[17180:tpc-track-reader]: [17:40:24][STATE] READY ---> RESETTING TASK
[17180:tpc-track-reader]: [17:40:24][STATE] RESETTING TASK ---> DEVICE READY
[17181:internal-dpl-ccdb-backend]: [17:40:24][STATE] RESETTING TASK ---> DEVICE READY
[17175:internal-dpl-clock]: [17:40:24][INFO] New state requested. No timeout set, quitting immediately as per --completion-policy
[17176:tpc-native-cluster-reader]: [17:40:24][INFO] New state requested. No timeout set, quitting immediately as per --completion-policy
[17176:tpc-native-cluster-reader]: [17:40:24][STATE] RUNNING ---> READY
[17175:internal-dpl-clock]: [17:40:24][INFO] Sending end-of-stream message to channel from_internal-dpl-clock_to_tpc-native-cluster-reader
[17175:internal-dpl-clock]: [17:40:24][INFO] Sending end-of-stream message to channel from_internal-dpl-clock_to_its-track-reader
[17175:internal-dpl-clock]: [17:40:24][INFO] Sending end-of-stream message to channel from_internal-dpl-clock_to_its-cluster-reader
[17178:its-cluster-reader]: [17:40:24][INFO] New state requested. No timeout set, quitting immediately as per --completion-policy
[17178:its-cluster-reader]: [17:40:24][STATE] RUNNING ---> READY
[17177:its-track-reader]: [17:40:24][INFO] New state requested. No timeout set, quitting immediately as per --completion-policy
[17177:its-track-reader]: [17:40:24][STATE] RUNNING ---> READY
[17177:its-track-reader]: [17:40:24][STATE] READY ---> RESETTING TASK
[17177:its-track-reader]: [17:40:24][STATE] RESETTING TASK ---> DEVICE READY
[17177:its-track-reader]: [17:40:24][STATE] DEVICE READY ---> RESETTING DEVICE
[17183:itstpc-track-matcher]: [17:40:24][INFO] New state requested. No timeout set, quitting immediately as per --completion-policy
[17183:itstpc-track-matcher]: [17:40:24][STATE] RUNNING ---> READY
[17184:itstpc-track-writer]: [17:40:24][INFO] New state requested. No timeout set, quitting immediately as per --completion-policy
[17181:internal-dpl-ccdb-backend]: [17:40:24][STATE] DEVICE READY ---> RESETTING DEVICE
[17176:tpc-native-cluster-reader]: [17:40:24][STATE] READY ---> RESETTING TASK
[17178:its-cluster-reader]: [17:40:24][STATE] READY ---> RESETTING TASK
[17183:itstpc-track-matcher]: [17:40:24][STATE] READY ---> RESETTING TASK
[17183:itstpc-track-matcher]: [17:40:24][STATE] RESETTING TASK ---> DEVICE READY
[17178:its-cluster-reader]: [17:40:24][STATE] RESETTING TASK ---> DEVICE READY
[17180:tpc-track-reader]: [17:40:24][STATE] DEVICE READY ---> RESETTING DEVICE
[17176:tpc-native-cluster-reader]: [17:40:24][STATE] RESETTING TASK ---> DEVICE READY
[17176:tpc-native-cluster-reader]: [17:40:24][STATE] DEVICE READY ---> RESETTING DEVICE
[17178:its-cluster-reader]: [17:40:24][STATE] DEVICE READY ---> RESETTING DEVICE
[17183:itstpc-track-matcher]: [17:40:24][STATE] DEVICE READY ---> RESETTING DEVICE
[17182:tpc-clusters-sharing-map-producer]: [17:40:24][INFO] New state requested. No timeout set, quitting immediately as per --completion-policy
[17182:tpc-clusters-sharing-map-producer]: [17:40:24][STATE] RUNNING ---> READY
[17177:its-track-reader]: [17:40:24][STATE] RESETTING DEVICE ---> IDLE
[17177:its-track-reader]: [17:40:24][STATE] IDLE ---> EXITING
[17177:its-track-reader]: [17:40:24][STATE] Exiting FairMQ state machine
[17182:tpc-clusters-sharing-map-producer]: [17:40:24][STATE] READY ---> RESETTING TASK
[17182:tpc-clusters-sharing-map-producer]: [17:40:24][STATE] RESETTING TASK ---> DEVICE READY
[17182:tpc-clusters-sharing-map-producer]: [17:40:24][STATE] DEVICE READY ---> RESETTING DEVICE
[17185:internal-dpl-injected-dummy-sink]: [17:40:24][STATE] RESETTING DEVICE ---> IDLE
[17185:internal-dpl-injected-dummy-sink]: [17:40:24][STATE] IDLE ---> EXITING
[17175:internal-dpl-clock]: [17:40:24][INFO] Sending end-of-stream message to channel from_internal-dpl-clock_to_ft0-recpoints-reader
[17183:itstpc-track-matcher]: [17:40:24][STATE] RESETTING DEVICE ---> IDLE
[17178:its-cluster-reader]: [17:40:24][STATE] RESETTING DEVICE ---> IDLE
[17183:itstpc-track-matcher]: [17:40:24][STATE] IDLE ---> EXITING
[17178:its-cluster-reader]: [17:40:24][STATE] IDLE ---> EXITING
[17180:tpc-track-reader]: [17:40:24][STATE] RESETTING DEVICE ---> IDLE
[17185:internal-dpl-injected-dummy-sink]: [17:40:24][STATE] Exiting FairMQ state machine
[17178:its-cluster-reader]: [17:40:24][STATE] Exiting FairMQ state machine
[17183:itstpc-track-matcher]: [17:40:24][STATE] Exiting FairMQ state machine
[17176:tpc-native-cluster-reader]: [17:40:24][STATE] RESETTING DEVICE ---> IDLE
[17180:tpc-track-reader]: [17:40:24][STATE] IDLE ---> EXITING
[17181:internal-dpl-ccdb-backend]: [17:40:24][STATE] RESETTING DEVICE ---> IDLE
[17176:tpc-native-cluster-reader]: [17:40:24][STATE] IDLE ---> EXITING
[17181:internal-dpl-ccdb-backend]: [17:40:24][STATE] IDLE ---> EXITING
[17181:internal-dpl-ccdb-backend]: [17:40:24][STATE] Exiting FairMQ state machine
[17176:tpc-native-cluster-reader]: [17:40:24][STATE] Exiting FairMQ state machine
[17180:tpc-track-reader]: [17:40:24][STATE] Exiting FairMQ state machine
[17182:tpc-clusters-sharing-map-producer]: [17:40:24][STATE] RESETTING DEVICE ---> IDLE
[17182:tpc-clusters-sharing-map-producer]: [17:40:24][STATE] IDLE ---> EXITING
[17182:tpc-clusters-sharing-map-producer]: [17:40:24][STATE] Exiting FairMQ state machine
[17175:internal-dpl-clock]: [17:40:24][INFO] Sending end-of-stream message to channel from_internal-dpl-clock_to_tpc-track-reader
[17175:internal-dpl-clock]: [17:40:24][STATE] RUNNING ---> READY
[17175:internal-dpl-clock]: [17:40:24][STATE] READY ---> RESETTING TASK
[17175:internal-dpl-clock]: [17:40:24][STATE] RESETTING TASK ---> DEVICE READY
[17175:internal-dpl-clock]: [17:40:24][STATE] DEVICE READY ---> RESETTING DEVICE
[17175:internal-dpl-clock]: [17:40:24][STATE] RESETTING DEVICE ---> IDLE
[17175:internal-dpl-clock]: [17:40:24][STATE] IDLE ---> EXITING
[17175:internal-dpl-clock]: [17:40:24][STATE] Exiting FairMQ state machine
[17184:itstpc-track-writer]: [17:40:25][STATE] RUNNING ---> READY
[17184:itstpc-track-writer]: [17:40:25][STATE] READY ---> RESETTING TASK
[17184:itstpc-track-writer]: [17:40:25][STATE] RESETTING TASK ---> DEVICE READY
[17184:itstpc-track-writer]: [17:40:25][STATE] DEVICE READY ---> RESETTING DEVICE
[17184:itstpc-track-writer]: [17:40:25][INFO] Cleaning up for shared memory id 'f5a5fd9d'...
[17184:itstpc-track-writer]: [17:40:25][INFO] Found 0 unmanaged regions...
[17184:itstpc-track-writer]: [17:40:25][INFO] Found 1 managed segments...
[17184:itstpc-track-writer]: [17:40:25][INFO] Successfully removed 'fmq_f5a5fd9d_m_0'.
[17184:itstpc-track-writer]: [17:40:25][INFO] Successfully removed 'fmq_f5a5fd9d_mng'.
[17184:itstpc-track-writer]: [17:40:25][STATE] RESETTING DEVICE ---> IDLE
[17184:itstpc-track-writer]: [17:40:25][STATE] IDLE ---> EXITING
[17184:itstpc-track-writer]: [17:40:25][STATE] Exiting FairMQ state machine
[INFO] ## Processes completed. Run summary:
[INFO] ### Devices started: 11
[INFO]  - Device internal-dpl-clock: pid 17175 (exit 0)
[INFO]  - Device tpc-native-cluster-reader: pid 17176 (exit 0)
[INFO]  - Device its-track-reader: pid 17177 (exit 0)
[INFO]  - Device its-cluster-reader: pid 17178 (exit 0)
[INFO]  - Device ft0-recpoints-reader: pid 17179 (exit 0)
[INFO]  - Device tpc-track-reader: pid 17180 (exit 0)
[INFO]  - Device internal-dpl-ccdb-backend: pid 17181 (exit 0)
[INFO]  - Device tpc-clusters-sharing-map-producer: pid 17182 (exit 0)
[INFO]  - Device itstpc-track-matcher: pid 17183 (exit 0)
[INFO]  - Device itstpc-track-writer: pid 17184 (exit 0)
[INFO]  - Device internal-dpl-injected-dummy-sink: pid 17185 (exit 0)
[INFO] Dumping used configuration in dpl-config.json
TASK-EXIT-CODE: 0
