Running: TIME="#walltime %e" /usr/bin/time --output=mchmidMatch.log_time ./mchmidMatch.log_tmp.sh
[INFO] Initialising O2 Data Processing Layer. Driver PID: 16888.
[INFO] Driver listening on port: 24968
[INFO] Rate limiting set up at 500MB distributed over 1 readers
[INFO] O2 Data Processing Layer initialised. We brake for nobody.
[INFO] Optimised build. O2DEBUG / LOG(debug) / LOGF(debug) / assert statement will not be shown.
[INFO] Redeployment of configuration asked.
[INFO] Starting internal-dpl-clock on pid 16928
[INFO] Starting mid-track-reader on pid 16929
[INFO] Starting mch-track-reader0 on pid 16930
[INFO] Starting muon-track-matcher on pid 16931
[INFO] Starting muon-track-writer on pid 16932
[INFO] Starting internal-dpl-injected-dummy-sink on pid 16933
[INFO] Redeployment of configuration done.
[16930:mch-track-reader0]: [INFO] Instrumenting crash signals
[16930:mch-track-reader0]: [INFO] Spawing new device mch-track-reader0 in process with pid 16930
[16930:mch-track-reader0]: [17:40:14][INFO] 
[16930:mch-track-reader0]:       ______      _    _______  _________ 
[16930:mch-track-reader0]:      / ____/___ _(_)_______   |/  /_  __ \    version 1.6.0
[16930:mch-track-reader0]:     / /_  / __ `/ / ___/__  /|_/ /_  / / /    build RELWITHDEBINFO
[16930:mch-track-reader0]:    / __/ / /_/ / / /    _  /  / / / /_/ /     https://github.com/FairRootGroup/FairMQ
[16930:mch-track-reader0]:   /_/    \__,_/_/_/     /_/  /_/  \___\_\     LGPL-3.0  © 2012-2023 GSI
[16930:mch-track-reader0]: 
[16930:mch-track-reader0]: [17:40:14][STATE] Starting FairMQ state machine --> IDLE
[16931:muon-track-matcher]: [INFO] Instrumenting crash signals
[16931:muon-track-matcher]: [INFO] Spawing new device muon-track-matcher in process with pid 16931
[16931:muon-track-matcher]: [17:40:14][INFO] 
[16931:muon-track-matcher]:       ______      _    _______  _________ 
[16931:muon-track-matcher]:      / ____/___ _(_)_______   |/  /_  __ \    version 1.6.0
[16931:muon-track-matcher]:     / /_  / __ `/ / ___/__  /|_/ /_  / / /    build RELWITHDEBINFO
[16931:muon-track-matcher]:    / __/ / /_/ / / /    _  /  / / / /_/ /     https://github.com/FairRootGroup/FairMQ
[16931:muon-track-matcher]:   /_/    \__,_/_/_/     /_/  /_/  \___\_\     LGPL-3.0  © 2012-2023 GSI
[16931:muon-track-matcher]: 
[16931:muon-track-matcher]: [17:40:14][STATE] Starting FairMQ state machine --> IDLE
[16931:muon-track-matcher]: [17:40:14][STATE] IDLE ---> INITIALIZING DEVICE
[16931:muon-track-matcher]: [17:40:14][INFO] initializing track matching
[16930:mch-track-reader0]: [17:40:14][STATE] IDLE ---> INITIALIZING DEVICE
[16931:muon-track-matcher]: [17:40:14][STATE] INITIALIZING DEVICE ---> INITIALIZED
[16931:muon-track-matcher]: [17:40:14][STATE] INITIALIZED ---> BINDING
[16931:muon-track-matcher]: [17:40:14][STATE] BINDING ---> BOUND
[16931:muon-track-matcher]: [17:40:14][STATE] BOUND ---> CONNECTING
[16931:muon-track-matcher]: [17:40:14][STATE] CONNECTING ---> DEVICE READY
[16931:muon-track-matcher]: [17:40:14][STATE] DEVICE READY ---> INITIALIZING TASK
[16931:muon-track-matcher]: [17:40:14][STATE] INITIALIZING TASK ---> READY
[16931:muon-track-matcher]: [17:40:14][STATE] READY ---> RUNNING
[16931:muon-track-matcher]: [17:40:14][INFO] fair::mq::Device running...
[16931:muon-track-matcher]: [17:40:14][INFO] LHCPeriod is not available, using current month SEP
[16931:muon-track-matcher]: [17:40:14][INFO] Correctly handshaken websocket connection.
[16933:internal-dpl-injected-dummy-sink]: [INFO] Instrumenting crash signals
[16933:internal-dpl-injected-dummy-sink]: [INFO] Spawing new device internal-dpl-injected-dummy-sink in process with pid 16933
[16933:internal-dpl-injected-dummy-sink]: [17:40:14][INFO] 
[16933:internal-dpl-injected-dummy-sink]:       ______      _    _______  _________ 
[16933:internal-dpl-injected-dummy-sink]:      / ____/___ _(_)_______   |/  /_  __ \    version 1.6.0
[16933:internal-dpl-injected-dummy-sink]:     / /_  / __ `/ / ___/__  /|_/ /_  / / /    build RELWITHDEBINFO
[16933:internal-dpl-injected-dummy-sink]:    / __/ / /_/ / / /    _  /  / / / /_/ /     https://github.com/FairRootGroup/FairMQ
[16933:internal-dpl-injected-dummy-sink]:   /_/    \__,_/_/_/     /_/  /_/  \___\_\     LGPL-3.0  © 2012-2023 GSI
[16933:internal-dpl-injected-dummy-sink]: 
[16933:internal-dpl-injected-dummy-sink]: [17:40:14][STATE] Starting FairMQ state machine --> IDLE
[16933:internal-dpl-injected-dummy-sink]: [17:40:14][STATE] IDLE ---> INITIALIZING DEVICE
[16933:internal-dpl-injected-dummy-sink]: [17:40:14][STATE] INITIALIZING DEVICE ---> INITIALIZED
[16933:internal-dpl-injected-dummy-sink]: [17:40:14][STATE] INITIALIZED ---> BINDING
[16933:internal-dpl-injected-dummy-sink]: [17:40:14][STATE] BINDING ---> BOUND
[16933:internal-dpl-injected-dummy-sink]: [17:40:14][STATE] BOUND ---> CONNECTING
[16933:internal-dpl-injected-dummy-sink]: [17:40:14][STATE] CONNECTING ---> DEVICE READY
[16933:internal-dpl-injected-dummy-sink]: [17:40:14][STATE] DEVICE READY ---> INITIALIZING TASK
[16928:internal-dpl-clock]: [INFO] Instrumenting crash signals
[16933:internal-dpl-injected-dummy-sink]: [17:40:14][STATE] INITIALIZING TASK ---> READY
[16933:internal-dpl-injected-dummy-sink]: [17:40:14][STATE] READY ---> RUNNING
[16933:internal-dpl-injected-dummy-sink]: [17:40:14][INFO] fair::mq::Device running...
[16933:internal-dpl-injected-dummy-sink]: [17:40:14][INFO] LHCPeriod is not available, using current month SEP
[16933:internal-dpl-injected-dummy-sink]: [17:40:14][INFO] Correctly handshaken websocket connection.
[16932:muon-track-writer]: [INFO] Instrumenting crash signals
[16928:internal-dpl-clock]: [INFO] Spawing new device internal-dpl-clock in process with pid 16928
[16928:internal-dpl-clock]: [17:40:14][INFO] 
[16928:internal-dpl-clock]:       ______      _    _______  _________ 
[16928:internal-dpl-clock]:      / ____/___ _(_)_______   |/  /_  __ \    version 1.6.0
[16928:internal-dpl-clock]:     / /_  / __ `/ / ___/__  /|_/ /_  / / /    build RELWITHDEBINFO
[16928:internal-dpl-clock]:    / __/ / /_/ / / /    _  /  / / / /_/ /     https://github.com/FairRootGroup/FairMQ
[16928:internal-dpl-clock]:   /_/    \__,_/_/_/     /_/  /_/  \___\_\     LGPL-3.0  © 2012-2023 GSI
[16928:internal-dpl-clock]: 
[16928:internal-dpl-clock]: [17:40:14][STATE] Starting FairMQ state machine --> IDLE
[16932:muon-track-writer]: [INFO] Spawing new device muon-track-writer in process with pid 16932
[16932:muon-track-writer]: [17:40:14][INFO] 
[16932:muon-track-writer]:       ______      _    _______  _________ 
[16932:muon-track-writer]:      / ____/___ _(_)_______   |/  /_  __ \    version 1.6.0
[16932:muon-track-writer]:     / /_  / __ `/ / ___/__  /|_/ /_  / / /    build RELWITHDEBINFO
[16932:muon-track-writer]:    / __/ / /_/ / / /    _  /  / / / /_/ /     https://github.com/FairRootGroup/FairMQ
[16932:muon-track-writer]:   /_/    \__,_/_/_/     /_/  /_/  \___\_\     LGPL-3.0  © 2012-2023 GSI
[16932:muon-track-writer]: 
[16932:muon-track-writer]: [17:40:14][STATE] Starting FairMQ state machine --> IDLE
[16928:internal-dpl-clock]: [17:40:14][STATE] IDLE ---> INITIALIZING DEVICE
[16928:internal-dpl-clock]: [17:40:14][STATE] INITIALIZING DEVICE ---> INITIALIZED
[16929:mid-track-reader]: [INFO] Instrumenting crash signals
[16928:internal-dpl-clock]: [17:40:14][STATE] INITIALIZED ---> BINDING
[16928:internal-dpl-clock]: [17:40:14][STATE] BINDING ---> BOUND
[16932:muon-track-writer]: [17:40:14][STATE] IDLE ---> INITIALIZING DEVICE
[16928:internal-dpl-clock]: [17:40:14][STATE] BOUND ---> CONNECTING
[16928:internal-dpl-clock]: [17:40:14][STATE] CONNECTING ---> DEVICE READY
[16928:internal-dpl-clock]: [17:40:14][STATE] DEVICE READY ---> INITIALIZING TASK
[16928:internal-dpl-clock]: [17:40:14][STATE] INITIALIZING TASK ---> READY
[16928:internal-dpl-clock]: [17:40:14][STATE] READY ---> RUNNING
[16928:internal-dpl-clock]: [17:40:14][INFO] fair::mq::Device running...
[16928:internal-dpl-clock]: [17:40:14][INFO] LHCPeriod is not available, using current month SEP
[16929:mid-track-reader]: [INFO] Spawing new device mid-track-reader in process with pid 16929
[16928:internal-dpl-clock]: [17:40:14][INFO] Correctly handshaken websocket connection.
[16929:mid-track-reader]: [17:40:14][INFO] 
[16929:mid-track-reader]:       ______      _    _______  _________ 
[16929:mid-track-reader]:      / ____/___ _(_)_______   |/  /_  __ \    version 1.6.0
[16929:mid-track-reader]:     / /_  / __ `/ / ___/__  /|_/ /_  / / /    build RELWITHDEBINFO
[16929:mid-track-reader]:    / __/ / /_/ / / /    _  /  / / / /_/ /     https://github.com/FairRootGroup/FairMQ
[16929:mid-track-reader]:   /_/    \__,_/_/_/     /_/  /_/  \___\_\     LGPL-3.0  © 2012-2023 GSI
[16929:mid-track-reader]: 
[16929:mid-track-reader]: [17:40:14][STATE] Starting FairMQ state machine --> IDLE
[16929:mid-track-reader]: [17:40:14][STATE] IDLE ---> INITIALIZING DEVICE
[16932:muon-track-writer]: [17:40:14][INFO] 0: branch  tracks set up
[16932:muon-track-writer]: [17:40:14][INFO] 1: branch  tracklabels set up
[16932:muon-track-writer]: [17:40:14][STATE] INITIALIZING DEVICE ---> INITIALIZED
[16932:muon-track-writer]: [17:40:14][STATE] INITIALIZED ---> BINDING
[16932:muon-track-writer]: [17:40:14][STATE] BINDING ---> BOUND
[16932:muon-track-writer]: [17:40:14][STATE] BOUND ---> CONNECTING
[16932:muon-track-writer]: [17:40:14][STATE] CONNECTING ---> DEVICE READY
[16932:muon-track-writer]: [17:40:14][STATE] DEVICE READY ---> INITIALIZING TASK
[16932:muon-track-writer]: [17:40:14][STATE] INITIALIZING TASK ---> READY
[16932:muon-track-writer]: [17:40:14][STATE] READY ---> RUNNING
[16932:muon-track-writer]: [17:40:14][INFO] fair::mq::Device running...
[16932:muon-track-writer]: [17:40:14][INFO] LHCPeriod is not available, using current month SEP
[16932:muon-track-writer]: [17:40:14][INFO] Correctly handshaken websocket connection.
[16930:mch-track-reader0]: [17:40:15][INFO] branch set up: trackrofs
[16930:mch-track-reader0]: [17:40:15][INFO] branch set up: tracks
[16930:mch-track-reader0]: [17:40:15][INFO] branch set up: trackclusters
[16930:mch-track-reader0]: [17:40:15][INFO] branch set up: tracklabels
[16930:mch-track-reader0]: [17:40:15][STATE] INITIALIZING DEVICE ---> INITIALIZED
[16930:mch-track-reader0]: [17:40:15][STATE] INITIALIZED ---> BINDING
[16930:mch-track-reader0]: [17:40:15][STATE] BINDING ---> BOUND
[16930:mch-track-reader0]: [17:40:15][STATE] BOUND ---> CONNECTING
[16930:mch-track-reader0]: [17:40:15][STATE] CONNECTING ---> DEVICE READY
[16930:mch-track-reader0]: [17:40:15][STATE] DEVICE READY ---> INITIALIZING TASK
[16930:mch-track-reader0]: [17:40:15][STATE] INITIALIZING TASK ---> READY
[16930:mch-track-reader0]: [17:40:15][STATE] READY ---> RUNNING
[16930:mch-track-reader0]: [17:40:15][INFO] fair::mq::Device running...
[16930:mch-track-reader0]: [17:40:15][INFO] LHCPeriod is not available, using current month SEP
[16930:mch-track-reader0]: [17:40:15][INFO] MCH 0 ROFS
[16930:mch-track-reader0]: [17:40:15][INFO] MCH 0 TRACKS
[16930:mch-track-reader0]: [17:40:15][INFO] MCH 0 CLUSTERS
[16930:mch-track-reader0]: [17:40:15][INFO] MCH 0 LABELS
[16929:mid-track-reader]: [17:40:15][INFO] branch set up: MIDTrack
[16929:mid-track-reader]: [17:40:15][INFO] branch set up: MIDTrackROF
[16929:mid-track-reader]: [17:40:15][INFO] branch set up: MIDTrackCluster
[16929:mid-track-reader]: [17:40:15][INFO] branch set up: MIDTrackClusterROF
[16929:mid-track-reader]: [17:40:15][INFO] branch set up: MIDTrackLabels
[16929:mid-track-reader]: [17:40:15][INFO] branch set up: MIDTrackClusterLabels
[16929:mid-track-reader]: [17:40:15][STATE] INITIALIZING DEVICE ---> INITIALIZED
[16929:mid-track-reader]: [17:40:15][STATE] INITIALIZED ---> BINDING
[16929:mid-track-reader]: [17:40:15][STATE] BINDING ---> BOUND
[16929:mid-track-reader]: [17:40:15][STATE] BOUND ---> CONNECTING
[16929:mid-track-reader]: [17:40:15][STATE] CONNECTING ---> DEVICE READY
[16929:mid-track-reader]: [17:40:15][STATE] DEVICE READY ---> INITIALIZING TASK
[16929:mid-track-reader]: [17:40:15][STATE] INITIALIZING TASK ---> READY
[16929:mid-track-reader]: [17:40:15][STATE] READY ---> RUNNING
[16929:mid-track-reader]: [17:40:15][INFO] fair::mq::Device running...
[16929:mid-track-reader]: [17:40:15][INFO] LHCPeriod is not available, using current month SEP
[16929:mid-track-reader]: [17:40:15][INFO] MID 0 TRACKS
[16929:mid-track-reader]: [17:40:15][INFO] MID 0 TRACKROFS
[16929:mid-track-reader]: [17:40:15][INFO] MID 0 TRACKCLUSTERS
[16929:mid-track-reader]: [17:40:15][INFO] MID 0 TRCLUSROFS
[16929:mid-track-reader]: [17:40:15][INFO] MID 0 TRACKLABELS
[16929:mid-track-reader]: [17:40:15][INFO] MID 0 TRCLUSLABELS
[16929:mid-track-reader]: [17:40:15][INFO] Correctly handshaken websocket connection.
[16929:mid-track-reader]: [17:40:15][INFO] Sending end-of-stream message to channel from_mid-track-reader_to_muon-track-matcher
[16929:mid-track-reader]: [17:40:15][INFO] Sending end-of-stream message to channel from_mid-track-reader_to_internal-dpl-injected-dummy-sink
[16930:mch-track-reader0]: [17:40:15][INFO] Correctly handshaken websocket connection.
[16930:mch-track-reader0]: [17:40:15][INFO] Sending end-of-stream message to channel from_mch-track-reader0_to_muon-track-matcher
[16930:mch-track-reader0]: [17:40:15][INFO] Sending end-of-stream message to channel from_mch-track-reader0_to_internal-dpl-injected-dummy-sink
[16931:muon-track-matcher]: [17:40:15][INFO] Sending end-of-stream message to channel from_muon-track-matcher_to_muon-track-writer
[16932:muon-track-writer]: [17:40:15][ERROR] Some Lifetime::Timeframe data got dropped starting at 1
[INFO] Quitting
[INFO] QUIT_REQUESTED
[16930:mch-track-reader0]: [17:40:15][INFO] Received device shutdown request (signal 15).
[16930:mch-track-reader0]: [17:40:15][INFO] Waiting for graceful device shutdown. Hit Ctrl-C again to abort immediately.
[16930:mch-track-reader0]: [17:40:15][INFO] New state requested. No timeout set, quitting immediately as per --completion-policy
[16930:mch-track-reader0]: [17:40:15][STATE] RUNNING ---> READY
[16928:internal-dpl-clock]: [17:40:15][INFO] Received device shutdown request (signal 15).
[16929:mid-track-reader]: [17:40:15][INFO] Received device shutdown request (signal 15).
[16928:internal-dpl-clock]: [17:40:15][INFO] Waiting for graceful device shutdown. Hit Ctrl-C again to abort immediately.
[16929:mid-track-reader]: [17:40:15][INFO] Waiting for graceful device shutdown. Hit Ctrl-C again to abort immediately.
[16931:muon-track-matcher]: [17:40:15][INFO] Received device shutdown request (signal 15).
[16931:muon-track-matcher]: [17:40:15][INFO] Waiting for graceful device shutdown. Hit Ctrl-C again to abort immediately.
[16933:internal-dpl-injected-dummy-sink]: [17:40:15][INFO] Received device shutdown request (signal 15).
[16933:internal-dpl-injected-dummy-sink]: [17:40:15][INFO] Waiting for graceful device shutdown. Hit Ctrl-C again to abort immediately.
[16928:internal-dpl-clock]: [17:40:15][INFO] New state requested. No timeout set, quitting immediately as per --completion-policy
[16928:internal-dpl-clock]: [17:40:15][INFO] Sending end-of-stream message to channel from_internal-dpl-clock_to_mid-track-reader
[16928:internal-dpl-clock]: [17:40:15][INFO] Sending end-of-stream message to channel from_internal-dpl-clock_to_mch-track-reader0
[16928:internal-dpl-clock]: [17:40:15][STATE] RUNNING ---> READY
[16929:mid-track-reader]: [17:40:15][INFO] New state requested. No timeout set, quitting immediately as per --completion-policy
[16929:mid-track-reader]: [17:40:15][STATE] RUNNING ---> READY
[16929:mid-track-reader]: [17:40:15][STATE] READY ---> RESETTING TASK
[16929:mid-track-reader]: [17:40:15][STATE] RESETTING TASK ---> DEVICE READY
[16929:mid-track-reader]: [17:40:15][STATE] DEVICE READY ---> RESETTING DEVICE
[16930:mch-track-reader0]: [17:40:15][STATE] READY ---> RESETTING TASK
[16930:mch-track-reader0]: [17:40:15][STATE] RESETTING TASK ---> DEVICE READY
[16930:mch-track-reader0]: [17:40:15][STATE] DEVICE READY ---> RESETTING DEVICE
[16931:muon-track-matcher]: [17:40:15][INFO] New state requested. No timeout set, quitting immediately as per --completion-policy
[16931:muon-track-matcher]: [17:40:15][INFO] track matching duration = 4.2837e-05 s
[16931:muon-track-matcher]: [17:40:15][STATE] RUNNING ---> READY
[16931:muon-track-matcher]: [17:40:15][STATE] READY ---> RESETTING TASK
[16931:muon-track-matcher]: [17:40:15][STATE] RESETTING TASK ---> DEVICE READY
[16932:muon-track-writer]: [17:40:15][INFO] Received device shutdown request (signal 15).
[16932:muon-track-writer]: [17:40:15][INFO] Waiting for graceful device shutdown. Hit Ctrl-C again to abort immediately.
[16932:muon-track-writer]: [17:40:15][INFO] New state requested. No timeout set, quitting immediately as per --completion-policy
[16933:internal-dpl-injected-dummy-sink]: [17:40:15][INFO] New state requested. No timeout set, quitting immediately as per --completion-policy
[16933:internal-dpl-injected-dummy-sink]: [17:40:15][STATE] RUNNING ---> READY
[16933:internal-dpl-injected-dummy-sink]: [17:40:15][STATE] READY ---> RESETTING TASK
[16933:internal-dpl-injected-dummy-sink]: [17:40:15][STATE] RESETTING TASK ---> DEVICE READY
[16933:internal-dpl-injected-dummy-sink]: [17:40:15][STATE] DEVICE READY ---> RESETTING DEVICE
[16931:muon-track-matcher]: [17:40:15][STATE] DEVICE READY ---> RESETTING DEVICE
[16928:internal-dpl-clock]: [17:40:15][STATE] READY ---> RESETTING TASK
[16928:internal-dpl-clock]: [17:40:15][STATE] RESETTING TASK ---> DEVICE READY
[16928:internal-dpl-clock]: [17:40:15][STATE] DEVICE READY ---> RESETTING DEVICE
[16930:mch-track-reader0]: [17:40:15][STATE] RESETTING DEVICE ---> IDLE
[16930:mch-track-reader0]: [17:40:15][STATE] IDLE ---> EXITING
[16930:mch-track-reader0]: [17:40:15][STATE] Exiting FairMQ state machine
[16931:muon-track-matcher]: [17:40:15][STATE] RESETTING DEVICE ---> IDLE
[16931:muon-track-matcher]: [17:40:15][STATE] IDLE ---> EXITING
[16929:mid-track-reader]: [17:40:15][STATE] RESETTING DEVICE ---> IDLE
[16931:muon-track-matcher]: [17:40:15][STATE] Exiting FairMQ state machine
[16928:internal-dpl-clock]: [17:40:15][STATE] RESETTING DEVICE ---> IDLE
[16929:mid-track-reader]: [17:40:15][STATE] IDLE ---> EXITING
[16928:internal-dpl-clock]: [17:40:15][STATE] IDLE ---> EXITING
[16928:internal-dpl-clock]: [17:40:15][STATE] Exiting FairMQ state machine
[16929:mid-track-reader]: [17:40:15][STATE] Exiting FairMQ state machine
[16933:internal-dpl-injected-dummy-sink]: [17:40:15][STATE] RESETTING DEVICE ---> IDLE
[16933:internal-dpl-injected-dummy-sink]: [17:40:15][STATE] IDLE ---> EXITING
[16933:internal-dpl-injected-dummy-sink]: [17:40:15][STATE] Exiting FairMQ state machine
[16932:muon-track-writer]: [17:40:15][STATE] RUNNING ---> READY
[16932:muon-track-writer]: [17:40:15][STATE] READY ---> RESETTING TASK
[16932:muon-track-writer]: [17:40:15][STATE] RESETTING TASK ---> DEVICE READY
[16932:muon-track-writer]: [17:40:15][STATE] DEVICE READY ---> RESETTING DEVICE
[16932:muon-track-writer]: [17:40:15][INFO] Cleaning up for shared memory id '6a757140'...
[16932:muon-track-writer]: [17:40:15][INFO] Found 0 unmanaged regions...
[16932:muon-track-writer]: [17:40:15][INFO] Found 1 managed segments...
[16932:muon-track-writer]: [17:40:15][INFO] Successfully removed 'fmq_6a757140_m_0'.
[16932:muon-track-writer]: [17:40:15][INFO] Successfully removed 'fmq_6a757140_mng'.
[16932:muon-track-writer]: [17:40:15][STATE] RESETTING DEVICE ---> IDLE
[16932:muon-track-writer]: [17:40:15][STATE] IDLE ---> EXITING
[16932:muon-track-writer]: [17:40:15][STATE] Exiting FairMQ state machine
[INFO] ## Processes completed. Run summary:
[INFO] ### Devices started: 6
[INFO]  - Device internal-dpl-clock: pid 16928 (exit 0)
[INFO]  - Device mid-track-reader: pid 16929 (exit 0)
[INFO]  - Device mch-track-reader0: pid 16930 (exit 0)
[INFO]  - Device muon-track-matcher: pid 16931 (exit 0)
[INFO]  - Device muon-track-writer: pid 16932 (exit 0)
[INFO]  - Device internal-dpl-injected-dummy-sink: pid 16933 (exit 0)
[INFO] Dumping used configuration in dpl-config.json
TASK-EXIT-CODE: 0
