Running: TIME="#walltime %e" /usr/bin/time --output=phsreco.log_time ./phsreco.log_tmp.sh
[INFO] Initialising O2 Data Processing Layer. Driver PID: 22605.
[INFO] Driver listening on port: 30685
[INFO] Rate limiting set up at 500MB distributed over 1 readers
[INFO] O2 Data Processing Layer initialised. We brake for nobody.
[INFO] Optimised build. O2DEBUG / LOG(debug) / LOGF(debug) / assert statement will not be shown.
[INFO] Redeployment of configuration asked.
[INFO] Starting internal-dpl-clock on pid 22645
[INFO] Starting phos-digit-reader on pid 22646
[INFO] Starting internal-dpl-ccdb-backend on pid 22647
[INFO] Starting PHOSCellConverterSpec on pid 22648
[INFO] Starting phos-cell-writer on pid 22649
[INFO] Starting internal-dpl-injected-dummy-sink on pid 22650
[INFO] Redeployment of configuration done.
[22646:phos-digit-reader]: [INFO] Instrumenting crash signals
[22646:phos-digit-reader]: [INFO] Spawing new device phos-digit-reader in process with pid 22646
[22646:phos-digit-reader]: [17:41:22][INFO] 
[22646:phos-digit-reader]:       ______      _    _______  _________ 
[22646:phos-digit-reader]:      / ____/___ _(_)_______   |/  /_  __ \    version 1.6.0
[22646:phos-digit-reader]:     / /_  / __ `/ / ___/__  /|_/ /_  / / /    build RELWITHDEBINFO
[22646:phos-digit-reader]:    / __/ / /_/ / / /    _  /  / / / /_/ /     https://github.com/FairRootGroup/FairMQ
[22646:phos-digit-reader]:   /_/    \__,_/_/_/     /_/  /_/  \___\_\     LGPL-3.0  © 2012-2023 GSI
[22646:phos-digit-reader]: 
[22646:phos-digit-reader]: [17:41:22][STATE] Starting FairMQ state machine --> IDLE
[22646:phos-digit-reader]: [17:41:22][STATE] IDLE ---> INITIALIZING DEVICE
[22645:internal-dpl-clock]: [INFO] Instrumenting crash signals
[22645:internal-dpl-clock]: [INFO] Spawing new device internal-dpl-clock in process with pid 22645
[22645:internal-dpl-clock]: [17:41:22][INFO] 
[22645:internal-dpl-clock]:       ______      _    _______  _________ 
[22645:internal-dpl-clock]:      / ____/___ _(_)_______   |/  /_  __ \    version 1.6.0
[22645:internal-dpl-clock]:     / /_  / __ `/ / ___/__  /|_/ /_  / / /    build RELWITHDEBINFO
[22645:internal-dpl-clock]:    / __/ / /_/ / / /    _  /  / / / /_/ /     https://github.com/FairRootGroup/FairMQ
[22645:internal-dpl-clock]:   /_/    \__,_/_/_/     /_/  /_/  \___\_\     LGPL-3.0  © 2012-2023 GSI
[22645:internal-dpl-clock]: 
[22645:internal-dpl-clock]: [17:41:22][STATE] Starting FairMQ state machine --> IDLE
[22647:internal-dpl-ccdb-backend]: [INFO] Instrumenting crash signals
[22645:internal-dpl-clock]: [17:41:22][STATE] IDLE ---> INITIALIZING DEVICE
[22645:internal-dpl-clock]: [17:41:22][STATE] INITIALIZING DEVICE ---> INITIALIZED
[22645:internal-dpl-clock]: [17:41:22][STATE] INITIALIZED ---> BINDING
[22645:internal-dpl-clock]: [17:41:22][STATE] BINDING ---> BOUND
[22645:internal-dpl-clock]: [17:41:22][STATE] BOUND ---> CONNECTING
[22645:internal-dpl-clock]: [17:41:22][STATE] CONNECTING ---> DEVICE READY
[22645:internal-dpl-clock]: [17:41:22][STATE] DEVICE READY ---> INITIALIZING TASK
[22645:internal-dpl-clock]: [17:41:22][STATE] INITIALIZING TASK ---> READY
[22645:internal-dpl-clock]: [17:41:22][STATE] READY ---> RUNNING
[22645:internal-dpl-clock]: [17:41:22][INFO] fair::mq::Device running...
[22645:internal-dpl-clock]: [17:41:22][INFO] LHCPeriod is not available, using current month SEP
[22647:internal-dpl-ccdb-backend]: [INFO] Spawing new device internal-dpl-ccdb-backend in process with pid 22647
[22647:internal-dpl-ccdb-backend]: [17:41:22][INFO] 
[22647:internal-dpl-ccdb-backend]:       ______      _    _______  _________ 
[22647:internal-dpl-ccdb-backend]:      / ____/___ _(_)_______   |/  /_  __ \    version 1.6.0
[22647:internal-dpl-ccdb-backend]:     / /_  / __ `/ / ___/__  /|_/ /_  / / /    build RELWITHDEBINFO
[22647:internal-dpl-ccdb-backend]:    / __/ / /_/ / / /    _  /  / / / /_/ /     https://github.com/FairRootGroup/FairMQ
[22647:internal-dpl-ccdb-backend]:   /_/    \__,_/_/_/     /_/  /_/  \___\_\     LGPL-3.0  © 2012-2023 GSI
[22647:internal-dpl-ccdb-backend]: 
[22647:internal-dpl-ccdb-backend]: [17:41:22][STATE] Starting FairMQ state machine --> IDLE
[22647:internal-dpl-ccdb-backend]: [17:41:22][STATE] IDLE ---> INITIALIZING DEVICE
[22647:internal-dpl-ccdb-backend]: [17:41:22][INFO] CCDB Backend at: http://alice-ccdb.cern.ch, validity check for every 2147483647 TF
[22647:internal-dpl-ccdb-backend]: [17:41:22][INFO] Init CcdApi with UserAgentID: localhost.localdomain-1694014882-tTV7Lh, Host: http://alice-ccdb.cern.ch
[22647:internal-dpl-ccdb-backend]: [17:41:22][INFO] Initialised default CCDB host http://alice-ccdb.cern.ch
[22647:internal-dpl-ccdb-backend]: [17:41:22][INFO] The following route is a condition PHS/PHS_Calib_BadMap/0
[22647:internal-dpl-ccdb-backend]: [17:41:22][INFO] - ccdb-path: PHS/Calib/BadMap
[22647:internal-dpl-ccdb-backend]: [17:41:22][INFO] The following route is a condition PHS/PHS_RecoParams/0
[22647:internal-dpl-ccdb-backend]: [17:41:22][INFO] - ccdb-path: PHS/Config/RecoParams
[22645:internal-dpl-clock]: [17:41:22][INFO] Correctly handshaken websocket connection.
[22647:internal-dpl-ccdb-backend]: [17:41:22][STATE] INITIALIZING DEVICE ---> INITIALIZED
[22647:internal-dpl-ccdb-backend]: [17:41:22][STATE] INITIALIZED ---> BINDING
[22647:internal-dpl-ccdb-backend]: [17:41:22][STATE] BINDING ---> BOUND
[22647:internal-dpl-ccdb-backend]: [17:41:22][STATE] BOUND ---> CONNECTING
[22647:internal-dpl-ccdb-backend]: [17:41:22][STATE] CONNECTING ---> DEVICE READY
[22647:internal-dpl-ccdb-backend]: [17:41:22][STATE] DEVICE READY ---> INITIALIZING TASK
[22647:internal-dpl-ccdb-backend]: [17:41:22][STATE] INITIALIZING TASK ---> READY
[22647:internal-dpl-ccdb-backend]: [17:41:22][STATE] READY ---> RUNNING
[22647:internal-dpl-ccdb-backend]: [17:41:22][INFO] fair::mq::Device running...
[22647:internal-dpl-ccdb-backend]: [17:41:22][INFO] LHCPeriod is not available, using current month SEP
[22648:PHOSCellConverterSpec]: [INFO] Instrumenting crash signals
[22648:PHOSCellConverterSpec]: [INFO] Spawing new device PHOSCellConverterSpec in process with pid 22648
[22648:PHOSCellConverterSpec]: [17:41:22][INFO] 
[22648:PHOSCellConverterSpec]:       ______      _    _______  _________ 
[22648:PHOSCellConverterSpec]:      / ____/___ _(_)_______   |/  /_  __ \    version 1.6.0
[22648:PHOSCellConverterSpec]:     / /_  / __ `/ / ___/__  /|_/ /_  / / /    build RELWITHDEBINFO
[22648:PHOSCellConverterSpec]:    / __/ / /_/ / / /    _  /  / / / /_/ /     https://github.com/FairRootGroup/FairMQ
[22648:PHOSCellConverterSpec]:   /_/    \__,_/_/_/     /_/  /_/  \___\_\     LGPL-3.0  © 2012-2023 GSI
[22648:PHOSCellConverterSpec]: 
[22648:PHOSCellConverterSpec]: [17:41:22][STATE] Starting FairMQ state machine --> IDLE
[22648:PHOSCellConverterSpec]: [17:41:22][STATE] IDLE ---> INITIALIZING DEVICE
[22648:PHOSCellConverterSpec]: [17:41:22][INFO] [PHOSCellConverter - init] Initialize converter with MC truth container
[22648:PHOSCellConverterSpec]: [17:41:22][STATE] INITIALIZING DEVICE ---> INITIALIZED
[22648:PHOSCellConverterSpec]: [17:41:22][STATE] INITIALIZED ---> BINDING
[22648:PHOSCellConverterSpec]: [17:41:22][STATE] BINDING ---> BOUND
[22648:PHOSCellConverterSpec]: [17:41:22][STATE] BOUND ---> CONNECTING
[22648:PHOSCellConverterSpec]: [17:41:22][STATE] CONNECTING ---> DEVICE READY
[22648:PHOSCellConverterSpec]: [17:41:22][STATE] DEVICE READY ---> INITIALIZING TASK
[22648:PHOSCellConverterSpec]: [17:41:22][STATE] INITIALIZING TASK ---> READY
[22648:PHOSCellConverterSpec]: [17:41:22][STATE] READY ---> RUNNING
[22648:PHOSCellConverterSpec]: [17:41:22][INFO] fair::mq::Device running...
[22648:PHOSCellConverterSpec]: [17:41:22][INFO] LHCPeriod is not available, using current month SEP
[22649:phos-cell-writer]: [INFO] Instrumenting crash signals
[22649:phos-cell-writer]: [INFO] Spawing new device phos-cell-writer in process with pid 22649
[22649:phos-cell-writer]: [17:41:22][INFO] 
[22649:phos-cell-writer]:       ______      _    _______  _________ 
[22649:phos-cell-writer]:      / ____/___ _(_)_______   |/  /_  __ \    version 1.6.0
[22649:phos-cell-writer]:     / /_  / __ `/ / ___/__  /|_/ /_  / / /    build RELWITHDEBINFO
[22649:phos-cell-writer]:    / __/ / /_/ / / /    _  /  / / / /_/ /     https://github.com/FairRootGroup/FairMQ
[22649:phos-cell-writer]:   /_/    \__,_/_/_/     /_/  /_/  \___\_\     LGPL-3.0  © 2012-2023 GSI
[22649:phos-cell-writer]: 
[22649:phos-cell-writer]: [17:41:22][STATE] Starting FairMQ state machine --> IDLE
[22649:phos-cell-writer]: [17:41:22][STATE] IDLE ---> INITIALIZING DEVICE
[22649:phos-cell-writer]: [17:41:22][INFO] 0: branch  PHOSCell set up
[22649:phos-cell-writer]: [17:41:22][INFO] 1: branch  PHOSCellTrigRec set up
[22649:phos-cell-writer]: [17:41:22][INFO] 2: branch  PHOSCellTrueMC set up
[22649:phos-cell-writer]: [17:41:22][STATE] INITIALIZING DEVICE ---> INITIALIZED
[22649:phos-cell-writer]: [17:41:22][STATE] INITIALIZED ---> BINDING
[22649:phos-cell-writer]: [17:41:22][STATE] BINDING ---> BOUND
[22649:phos-cell-writer]: [17:41:22][STATE] BOUND ---> CONNECTING
[22647:internal-dpl-ccdb-backend]: [17:41:22][INFO] Correctly handshaken websocket connection.
[22648:PHOSCellConverterSpec]: [17:41:22][INFO] Correctly handshaken websocket connection.
[22649:phos-cell-writer]: [17:41:22][STATE] CONNECTING ---> DEVICE READY
[22649:phos-cell-writer]: [17:41:22][STATE] DEVICE READY ---> INITIALIZING TASK
[22649:phos-cell-writer]: [17:41:22][STATE] INITIALIZING TASK ---> READY
[22649:phos-cell-writer]: [17:41:22][STATE] READY ---> RUNNING
[22649:phos-cell-writer]: [17:41:22][INFO] fair::mq::Device running...
[22649:phos-cell-writer]: [17:41:22][INFO] LHCPeriod is not available, using current month SEP
[22649:phos-cell-writer]: [17:41:22][INFO] Correctly handshaken websocket connection.
[22650:internal-dpl-injected-dummy-sink]: [INFO] Instrumenting crash signals
[22650:internal-dpl-injected-dummy-sink]: [INFO] Spawing new device internal-dpl-injected-dummy-sink in process with pid 22650
[22650:internal-dpl-injected-dummy-sink]: [17:41:22][INFO] 
[22650:internal-dpl-injected-dummy-sink]:       ______      _    _______  _________ 
[22650:internal-dpl-injected-dummy-sink]:      / ____/___ _(_)_______   |/  /_  __ \    version 1.6.0
[22650:internal-dpl-injected-dummy-sink]:     / /_  / __ `/ / ___/__  /|_/ /_  / / /    build RELWITHDEBINFO
[22650:internal-dpl-injected-dummy-sink]:    / __/ / /_/ / / /    _  /  / / / /_/ /     https://github.com/FairRootGroup/FairMQ
[22650:internal-dpl-injected-dummy-sink]:   /_/    \__,_/_/_/     /_/  /_/  \___\_\     LGPL-3.0  © 2012-2023 GSI
[22650:internal-dpl-injected-dummy-sink]: 
[22650:internal-dpl-injected-dummy-sink]: [17:41:22][STATE] Starting FairMQ state machine --> IDLE
[22650:internal-dpl-injected-dummy-sink]: [17:41:22][STATE] IDLE ---> INITIALIZING DEVICE
[22650:internal-dpl-injected-dummy-sink]: [17:41:22][STATE] INITIALIZING DEVICE ---> INITIALIZED
[22646:phos-digit-reader]: [17:41:22][INFO] branch set up: PHOSDigit
[22646:phos-digit-reader]: [17:41:22][INFO] branch set up: PHOSDigitTrigRecords
[22646:phos-digit-reader]: [17:41:22][INFO] branch set up: PHOSDigitMCTruth
[22650:internal-dpl-injected-dummy-sink]: [17:41:22][STATE] INITIALIZED ---> BINDING
[22650:internal-dpl-injected-dummy-sink]: [17:41:22][STATE] BINDING ---> BOUND
[22650:internal-dpl-injected-dummy-sink]: [17:41:22][STATE] BOUND ---> CONNECTING
[22646:phos-digit-reader]: [17:41:22][STATE] INITIALIZING DEVICE ---> INITIALIZED
[22646:phos-digit-reader]: [17:41:22][STATE] INITIALIZED ---> BINDING
[22650:internal-dpl-injected-dummy-sink]: [17:41:22][STATE] CONNECTING ---> DEVICE READY
[22650:internal-dpl-injected-dummy-sink]: [17:41:22][STATE] DEVICE READY ---> INITIALIZING TASK
[22650:internal-dpl-injected-dummy-sink]: [17:41:22][STATE] INITIALIZING TASK ---> READY
[22650:internal-dpl-injected-dummy-sink]: [17:41:22][STATE] READY ---> RUNNING
[22650:internal-dpl-injected-dummy-sink]: [17:41:22][INFO] fair::mq::Device running...
[22650:internal-dpl-injected-dummy-sink]: [17:41:22][INFO] LHCPeriod is not available, using current month SEP
[22650:internal-dpl-injected-dummy-sink]: [17:41:22][INFO] Correctly handshaken websocket connection.
[22646:phos-digit-reader]: [17:41:22][STATE] BINDING ---> BOUND
[22646:phos-digit-reader]: [17:41:22][STATE] BOUND ---> CONNECTING
[22646:phos-digit-reader]: [17:41:22][STATE] CONNECTING ---> DEVICE READY
[22646:phos-digit-reader]: [17:41:22][STATE] DEVICE READY ---> INITIALIZING TASK
[22646:phos-digit-reader]: [17:41:22][STATE] INITIALIZING TASK ---> READY
[22646:phos-digit-reader]: [17:41:22][STATE] READY ---> RUNNING
[22646:phos-digit-reader]: [17:41:22][INFO] fair::mq::Device running...
[22646:phos-digit-reader]: [17:41:22][INFO] LHCPeriod is not available, using current month SEP
[22646:phos-digit-reader]: [17:41:22][INFO] Correctly handshaken websocket connection.
[22646:phos-digit-reader]: [17:41:22][INFO] Sending end-of-stream message to channel from_phos-digit-reader_to_internal-dpl-ccdb-backend
[22646:phos-digit-reader]: [17:41:22][INFO] Sending end-of-stream message to channel from_phos-digit-reader_to_PHOSCellConverterSpec
[22647:internal-dpl-ccdb-backend]: Info in <TJAlienConnectionManager>: Opening connection to JCentral. Please wait
[22647:internal-dpl-ccdb-backend]: Info in <TJAlienConnectionManager>: Opening connection to 137.138.47.221
[22647:internal-dpl-ccdb-backend]: Info in <TJAlienConnectionManager>: Successfully connected to 137.138.47.221
[22647:internal-dpl-ccdb-backend]: Info in <TJAlienFile::Open>: Accessing file /alice/data/CCDB/CTP/Calib/OrbitReset/06/62200/b9f985c3-b4b0-11ec-8fd3-90ce809b24ee in SE <ALICE::CERN::EOS>
[22647:internal-dpl-ccdb-backend]: [17:41:23][INFO] ccdb reads http://alice-ccdb.cern.ch/CTP/Calib/OrbitReset/1546300800000/b9f985c3-b4b0-11ec-8fd3-90ce809b24ee for 1546300800000 (load to memory, agent_id: localhost.localdomain-1694014882-tTV7Lh), 
[22647:internal-dpl-ccdb-backend]: Info in <TJAlienFile::Open>: Accessing file /alice/data/CCDB/PHS/Calib/BadMap/10/40794/45929b61-dd0a-11ec-8000-0aa202a21b9a in SE <ALICE::CERN::EOS>
[22647:internal-dpl-ccdb-backend]: [17:41:23][INFO] ccdb reads http://alice-ccdb.cern.ch/PHS/Calib/BadMap/1546300800000/45929b61-dd0a-11ec-8000-0aa202a21b9a for 1546300800000 (load to memory, agent_id: localhost.localdomain-1694014882-tTV7Lh), 
[22647:internal-dpl-ccdb-backend]: Info in <TJAlienFile::Open>: Accessing file /alice/data/CCDB/PHS/Config/RecoParams/09/61096/abd15e1e-0613-11ed-8002-0aa202a21b9a in SE <ALICE::CERN::OCDB>
[22647:internal-dpl-ccdb-backend]: [17:41:23][INFO] ccdb reads http://alice-ccdb.cern.ch/PHS/Config/RecoParams/1/abd15e1e-0613-11ed-8002-0aa202a21b9a for 1546300800000 (load to memory, agent_id: localhost.localdomain-1694014882-tTV7Lh), 
[22647:internal-dpl-ccdb-backend]: [17:41:23][INFO] Sending end-of-stream message to channel from_internal-dpl-ccdb-backend_to_PHOSCellConverterSpec
[22647:internal-dpl-ccdb-backend]: [17:41:23][INFO] Sending end-of-stream message to channel from_internal-dpl-ccdb-backend_to_internal-dpl-injected-dummy-sink
[22648:PHOSCellConverterSpec]: [17:41:23][INFO] Caching in 139950419593424 ptr to PHS/PHS_RecoParams/0 (0x7f4b36ff86a0)
[22648:PHOSCellConverterSpec]: [17:41:23][INFO] [PHOSCellConverter - run]  Received 110 digits and 6 TriggerRecords3 MC labels
[22648:PHOSCellConverterSpec]: [17:41:23][INFO] Caching in 139950419591152 ptr to PHS/PHS_Calib_BadMap/0 (0x477c4f0)
[22648:PHOSCellConverterSpec]: [17:41:23][INFO] [PHOSCellConverter - run] Writing 109 cells, 6 Trig Records 109 PHOS labels 
[22648:PHOSCellConverterSpec]: [17:41:23][INFO] Sending end-of-stream message to channel from_PHOSCellConverterSpec_to_phos-cell-writer
[INFO] Quitting
[INFO] QUIT_REQUESTED
[22645:internal-dpl-clock]: [17:41:23][INFO] Received device shutdown request (signal 15).
[22645:internal-dpl-clock]: [17:41:23][INFO] Waiting for graceful device shutdown. Hit Ctrl-C again to abort immediately.
[22646:phos-digit-reader]: [17:41:23][INFO] Received device shutdown request (signal 15).
[22646:phos-digit-reader]: [17:41:23][INFO] Waiting for graceful device shutdown. Hit Ctrl-C again to abort immediately.
[22647:internal-dpl-ccdb-backend]: [17:41:23][INFO] Received device shutdown request (signal 15).
[22647:internal-dpl-ccdb-backend]: [17:41:23][INFO] Waiting for graceful device shutdown. Hit Ctrl-C again to abort immediately.
[22648:PHOSCellConverterSpec]: [17:41:23][INFO] Received device shutdown request (signal 15).
[22648:PHOSCellConverterSpec]: [17:41:23][INFO] Waiting for graceful device shutdown. Hit Ctrl-C again to abort immediately.
[22650:internal-dpl-injected-dummy-sink]: [17:41:23][INFO] Received device shutdown request (signal 15).
[22650:internal-dpl-injected-dummy-sink]: [17:41:23][INFO] Waiting for graceful device shutdown. Hit Ctrl-C again to abort immediately.
[22649:phos-cell-writer]: [17:41:23][INFO] Received device shutdown request (signal 15).
[22649:phos-cell-writer]: [17:41:23][INFO] Waiting for graceful device shutdown. Hit Ctrl-C again to abort immediately.
[22650:internal-dpl-injected-dummy-sink]: [17:41:23][INFO] New state requested. No timeout set, quitting immediately as per --completion-policy
[22650:internal-dpl-injected-dummy-sink]: [17:41:23][STATE] RUNNING ---> READY
[22650:internal-dpl-injected-dummy-sink]: [17:41:23][STATE] READY ---> RESETTING TASK
[22645:internal-dpl-clock]: [17:41:23][INFO] New state requested. No timeout set, quitting immediately as per --completion-policy
[22647:internal-dpl-ccdb-backend]: [17:41:23][INFO] New state requested. No timeout set, quitting immediately as per --completion-policy
[22647:internal-dpl-ccdb-backend]: [17:41:23][INFO] CCDB cache miss/hit ratio:
[22647:internal-dpl-ccdb-backend]: [17:41:23][INFO]   PHS/Config/RecoParams: 1/1 (3072-3072 bytes)
[22647:internal-dpl-ccdb-backend]: [17:41:23][INFO]   PHS/Calib/BadMap: 1/1 (2048-2048 bytes)
[22647:internal-dpl-ccdb-backend]: [17:41:23][INFO]   CTP/Calib/OrbitReset: 1/2 (1024-1024 bytes)
[22647:internal-dpl-ccdb-backend]: [17:41:23][STATE] RUNNING ---> READY
[22648:PHOSCellConverterSpec]: [17:41:23][INFO] New state requested. No timeout set, quitting immediately as per --completion-policy
[22648:PHOSCellConverterSpec]: [17:41:23][STATE] RUNNING ---> READY
[22649:phos-cell-writer]: [17:41:23][INFO] New state requested. No timeout set, quitting immediately as per --completion-policy
[22650:internal-dpl-injected-dummy-sink]: [17:41:23][STATE] RESETTING TASK ---> DEVICE READY
[22648:PHOSCellConverterSpec]: [17:41:23][STATE] READY ---> RESETTING TASK
[22645:internal-dpl-clock]: [17:41:23][INFO] Sending end-of-stream message to channel from_internal-dpl-clock_to_phos-digit-reader
[22645:internal-dpl-clock]: [17:41:23][STATE] RUNNING ---> READY
[22648:PHOSCellConverterSpec]: [17:41:23][STATE] RESETTING TASK ---> DEVICE READY
[22650:internal-dpl-injected-dummy-sink]: [17:41:23][STATE] DEVICE READY ---> RESETTING DEVICE
[22646:phos-digit-reader]: [17:41:23][INFO] New state requested. No timeout set, quitting immediately as per --completion-policy
[22646:phos-digit-reader]: [17:41:23][STATE] RUNNING ---> READY
[22646:phos-digit-reader]: [17:41:23][STATE] READY ---> RESETTING TASK
[22646:phos-digit-reader]: [17:41:23][STATE] RESETTING TASK ---> DEVICE READY
[22646:phos-digit-reader]: [17:41:23][STATE] DEVICE READY ---> RESETTING DEVICE
[22647:internal-dpl-ccdb-backend]: [17:41:23][STATE] READY ---> RESETTING TASK
[22647:internal-dpl-ccdb-backend]: [17:41:23][STATE] RESETTING TASK ---> DEVICE READY
[22648:PHOSCellConverterSpec]: [17:41:23][STATE] DEVICE READY ---> RESETTING DEVICE
[22645:internal-dpl-clock]: [17:41:23][STATE] READY ---> RESETTING TASK
[22645:internal-dpl-clock]: [17:41:23][STATE] RESETTING TASK ---> DEVICE READY
[22645:internal-dpl-clock]: [17:41:23][STATE] DEVICE READY ---> RESETTING DEVICE
[22647:internal-dpl-ccdb-backend]: [17:41:23][STATE] DEVICE READY ---> RESETTING DEVICE
[22650:internal-dpl-injected-dummy-sink]: [17:41:23][STATE] RESETTING DEVICE ---> IDLE
[22648:PHOSCellConverterSpec]: [17:41:23][STATE] RESETTING DEVICE ---> IDLE
[22648:PHOSCellConverterSpec]: [17:41:23][STATE] IDLE ---> EXITING
[22650:internal-dpl-injected-dummy-sink]: [17:41:23][STATE] IDLE ---> EXITING
[22645:internal-dpl-clock]: [17:41:23][STATE] RESETTING DEVICE ---> IDLE
[22645:internal-dpl-clock]: [17:41:23][STATE] IDLE ---> EXITING
[22648:PHOSCellConverterSpec]: [17:41:23][STATE] Exiting FairMQ state machine
[22647:internal-dpl-ccdb-backend]: [17:41:23][STATE] RESETTING DEVICE ---> IDLE
[22645:internal-dpl-clock]: [17:41:23][STATE] Exiting FairMQ state machine
[22646:phos-digit-reader]: [17:41:23][STATE] RESETTING DEVICE ---> IDLE
[22646:phos-digit-reader]: [17:41:23][STATE] IDLE ---> EXITING
[22646:phos-digit-reader]: [17:41:23][STATE] Exiting FairMQ state machine
[22647:internal-dpl-ccdb-backend]: [17:41:23][STATE] IDLE ---> EXITING
[22647:internal-dpl-ccdb-backend]: [17:41:23][STATE] Exiting FairMQ state machine
[22650:internal-dpl-injected-dummy-sink]: [17:41:23][STATE] Exiting FairMQ state machine
[22649:phos-cell-writer]: [17:41:23][STATE] RUNNING ---> READY
[22649:phos-cell-writer]: [17:41:23][STATE] READY ---> RESETTING TASK
[22649:phos-cell-writer]: [17:41:23][STATE] RESETTING TASK ---> DEVICE READY
[22649:phos-cell-writer]: [17:41:23][STATE] DEVICE READY ---> RESETTING DEVICE
[22649:phos-cell-writer]: [17:41:23][INFO] Cleaning up for shared memory id '062a84a9'...
[22649:phos-cell-writer]: [17:41:23][INFO] Found 0 unmanaged regions...
[22649:phos-cell-writer]: [17:41:23][INFO] Found 1 managed segments...
[22649:phos-cell-writer]: [17:41:23][INFO] Successfully removed 'fmq_062a84a9_m_0'.
[22649:phos-cell-writer]: [17:41:23][INFO] Successfully removed 'fmq_062a84a9_mng'.
[22649:phos-cell-writer]: [17:41:23][STATE] RESETTING DEVICE ---> IDLE
[22649:phos-cell-writer]: [17:41:23][STATE] IDLE ---> EXITING
[22649:phos-cell-writer]: [17:41:23][STATE] Exiting FairMQ state machine
[INFO] ## Processes completed. Run summary:
[INFO] ### Devices started: 6
[INFO]  - Device internal-dpl-clock: pid 22645 (exit 0)
[INFO]  - Device phos-digit-reader: pid 22646 (exit 0)
[INFO]  - Device internal-dpl-ccdb-backend: pid 22647 (exit 0)
[INFO]  - Device PHOSCellConverterSpec: pid 22648 (exit 0)
[INFO]  - Device phos-cell-writer: pid 22649 (exit 0)
[INFO]  - Device internal-dpl-injected-dummy-sink: pid 22650 (exit 0)
[INFO] Dumping used configuration in dpl-config.json
TASK-EXIT-CODE: 0
