Running: TIME="#walltime %e" /usr/bin/time --output=tofReco.log_time ./tofReco.log_tmp.sh
[INFO] Initialising O2 Data Processing Layer. Driver PID: 19492.
[INFO] Driver listening on port: 27572
[INFO] Rate limiting set up at 500MB distributed over 1 readers
[INFO] O2 Data Processing Layer initialised. We brake for nobody.
[INFO] Optimised build. O2DEBUG / LOG(debug) / LOGF(debug) / assert statement will not be shown.
[INFO] Redeployment of configuration asked.
[INFO] Starting internal-dpl-clock on pid 19534
[INFO] Starting tof-digit-reader on pid 19535
[INFO] Starting internal-dpl-ccdb-backend on pid 19536
[INFO] Starting TOFClusterer on pid 19537
[INFO] Starting TOFClusterWriter on pid 19538
[INFO] Starting internal-dpl-injected-dummy-sink on pid 19539
[INFO] Redeployment of configuration done.
[19537:TOFClusterer]: [INFO] Instrumenting crash signals
[19537:TOFClusterer]: [INFO] Spawing new device TOFClusterer in process with pid 19537
[19537:TOFClusterer]: [17:40:50][INFO] 
[19537:TOFClusterer]:       ______      _    _______  _________ 
[19537:TOFClusterer]:      / ____/___ _(_)_______   |/  /_  __ \    version 1.6.0
[19537:TOFClusterer]:     / /_  / __ `/ / ___/__  /|_/ /_  / / /    build RELWITHDEBINFO
[19537:TOFClusterer]:    / __/ / /_/ / / /    _  /  / / / /_/ /     https://github.com/FairRootGroup/FairMQ
[19537:TOFClusterer]:   /_/    \__,_/_/_/     /_/  /_/  \___\_\     LGPL-3.0  © 2012-2023 GSI
[19537:TOFClusterer]: 
[19537:TOFClusterer]: [17:40:50][STATE] Starting FairMQ state machine --> IDLE
[19534:internal-dpl-clock]: [INFO] Instrumenting crash signals
[19534:internal-dpl-clock]: [INFO] Spawing new device internal-dpl-clock in process with pid 19534
[19534:internal-dpl-clock]: [17:40:50][INFO] 
[19534:internal-dpl-clock]:       ______      _    _______  _________ 
[19534:internal-dpl-clock]:      / ____/___ _(_)_______   |/  /_  __ \    version 1.6.0
[19534:internal-dpl-clock]:     / /_  / __ `/ / ___/__  /|_/ /_  / / /    build RELWITHDEBINFO
[19534:internal-dpl-clock]:    / __/ / /_/ / / /    _  /  / / / /_/ /     https://github.com/FairRootGroup/FairMQ
[19534:internal-dpl-clock]:   /_/    \__,_/_/_/     /_/  /_/  \___\_\     LGPL-3.0  © 2012-2023 GSI
[19534:internal-dpl-clock]: 
[19534:internal-dpl-clock]: [17:40:50][STATE] Starting FairMQ state machine --> IDLE
[19534:internal-dpl-clock]: [17:40:50][STATE] IDLE ---> INITIALIZING DEVICE
[19537:TOFClusterer]: [17:40:50][STATE] IDLE ---> INITIALIZING DEVICE
[19534:internal-dpl-clock]: [17:40:50][STATE] INITIALIZING DEVICE ---> INITIALIZED
[19534:internal-dpl-clock]: [17:40:50][STATE] INITIALIZED ---> BINDING
[19534:internal-dpl-clock]: [17:40:50][STATE] BINDING ---> BOUND
[19534:internal-dpl-clock]: [17:40:50][STATE] BOUND ---> CONNECTING
[19534:internal-dpl-clock]: [17:40:50][STATE] CONNECTING ---> DEVICE READY
[19534:internal-dpl-clock]: [17:40:50][STATE] DEVICE READY ---> INITIALIZING TASK
[19534:internal-dpl-clock]: [17:40:50][STATE] INITIALIZING TASK ---> READY
[19534:internal-dpl-clock]: [17:40:50][STATE] READY ---> RUNNING
[19534:internal-dpl-clock]: [17:40:50][INFO] fair::mq::Device running...
[19534:internal-dpl-clock]: [17:40:50][INFO] LHCPeriod is not available, using current month SEP
[19536:internal-dpl-ccdb-backend]: [INFO] Instrumenting crash signals
[19534:internal-dpl-clock]: [17:40:50][INFO] Correctly handshaken websocket connection.
[19537:TOFClusterer]: [17:40:50][STATE] INITIALIZING DEVICE ---> INITIALIZED
[19537:TOFClusterer]: [17:40:50][STATE] INITIALIZED ---> BINDING
[19536:internal-dpl-ccdb-backend]: [INFO] Spawing new device internal-dpl-ccdb-backend in process with pid 19536
[19536:internal-dpl-ccdb-backend]: [17:40:50][INFO] 
[19536:internal-dpl-ccdb-backend]:       ______      _    _______  _________ 
[19536:internal-dpl-ccdb-backend]:      / ____/___ _(_)_______   |/  /_  __ \    version 1.6.0
[19536:internal-dpl-ccdb-backend]:     / /_  / __ `/ / ___/__  /|_/ /_  / / /    build RELWITHDEBINFO
[19536:internal-dpl-ccdb-backend]:    / __/ / /_/ / / /    _  /  / / / /_/ /     https://github.com/FairRootGroup/FairMQ
[19536:internal-dpl-ccdb-backend]:   /_/    \__,_/_/_/     /_/  /_/  \___\_\     LGPL-3.0  © 2012-2023 GSI
[19536:internal-dpl-ccdb-backend]: 
[19536:internal-dpl-ccdb-backend]: [17:40:50][STATE] Starting FairMQ state machine --> IDLE
[19536:internal-dpl-ccdb-backend]: [17:40:50][STATE] IDLE ---> INITIALIZING DEVICE
[19536:internal-dpl-ccdb-backend]: [17:40:50][INFO] CCDB Backend at: http://alice-ccdb.cern.ch, validity check for every 2147483647 TF
[19536:internal-dpl-ccdb-backend]: [17:40:50][INFO] Init CcdApi with UserAgentID: localhost.localdomain-1694014850-WZBNZP, Host: http://alice-ccdb.cern.ch
[19536:internal-dpl-ccdb-backend]: [17:40:50][INFO] Initialised default CCDB host http://alice-ccdb.cern.ch
[19536:internal-dpl-ccdb-backend]: [17:40:50][INFO] The following route is a condition GLO/GEOMALIGN/0
[19536:internal-dpl-ccdb-backend]: [17:40:50][INFO] - ccdb-path: GLO/Config/GeometryAligned
[19536:internal-dpl-ccdb-backend]: [17:40:50][INFO] The following route is a condition GLO/GRPECS/0
[19536:internal-dpl-ccdb-backend]: [17:40:50][INFO] - ccdb-path: GLO/Config/GRPECS
[19536:internal-dpl-ccdb-backend]: [17:40:50][INFO] The following route is a condition GLO/GRPLHCIF/0
[19536:internal-dpl-ccdb-backend]: [17:40:50][INFO] - ccdb-path: GLO/Config/GRPLHCIF
[19537:TOFClusterer]: [17:40:50][STATE] BINDING ---> BOUND
[19537:TOFClusterer]: [17:40:50][STATE] BOUND ---> CONNECTING
[19537:TOFClusterer]: [17:40:50][STATE] CONNECTING ---> DEVICE READY
[19537:TOFClusterer]: [17:40:50][STATE] DEVICE READY ---> INITIALIZING TASK
[19537:TOFClusterer]: [17:40:50][STATE] INITIALIZING TASK ---> READY
[19537:TOFClusterer]: [17:40:50][STATE] READY ---> RUNNING
[19537:TOFClusterer]: [17:40:50][INFO] fair::mq::Device running...
[19537:TOFClusterer]: [17:40:50][INFO] LHCPeriod is not available, using current month SEP
[19537:TOFClusterer]: [17:40:50][INFO] Correctly handshaken websocket connection.
[19536:internal-dpl-ccdb-backend]: [17:40:50][STATE] INITIALIZING DEVICE ---> INITIALIZED
[19536:internal-dpl-ccdb-backend]: [17:40:50][STATE] INITIALIZED ---> BINDING
[19536:internal-dpl-ccdb-backend]: [17:40:50][STATE] BINDING ---> BOUND
[19536:internal-dpl-ccdb-backend]: [17:40:50][STATE] BOUND ---> CONNECTING
[19536:internal-dpl-ccdb-backend]: [17:40:50][STATE] CONNECTING ---> DEVICE READY
[19536:internal-dpl-ccdb-backend]: [17:40:50][STATE] DEVICE READY ---> INITIALIZING TASK
[19536:internal-dpl-ccdb-backend]: [17:40:50][STATE] INITIALIZING TASK ---> READY
[19536:internal-dpl-ccdb-backend]: [17:40:50][STATE] READY ---> RUNNING
[19536:internal-dpl-ccdb-backend]: [17:40:50][INFO] fair::mq::Device running...
[19536:internal-dpl-ccdb-backend]: [17:40:50][INFO] LHCPeriod is not available, using current month SEP
[19536:internal-dpl-ccdb-backend]: [17:40:50][INFO] Correctly handshaken websocket connection.
[19538:TOFClusterWriter]: [INFO] Instrumenting crash signals
[19539:internal-dpl-injected-dummy-sink]: [INFO] Instrumenting crash signals
[19538:TOFClusterWriter]: [INFO] Spawing new device TOFClusterWriter in process with pid 19538
[19538:TOFClusterWriter]: [17:40:50][INFO] 
[19538:TOFClusterWriter]:       ______      _    _______  _________ 
[19538:TOFClusterWriter]:      / ____/___ _(_)_______   |/  /_  __ \    version 1.6.0
[19538:TOFClusterWriter]:     / /_  / __ `/ / ___/__  /|_/ /_  / / /    build RELWITHDEBINFO
[19538:TOFClusterWriter]:    / __/ / /_/ / / /    _  /  / / / /_/ /     https://github.com/FairRootGroup/FairMQ
[19538:TOFClusterWriter]:   /_/    \__,_/_/_/     /_/  /_/  \___\_\     LGPL-3.0  © 2012-2023 GSI
[19538:TOFClusterWriter]: 
[19538:TOFClusterWriter]: [17:40:50][STATE] Starting FairMQ state machine --> IDLE
[19539:internal-dpl-injected-dummy-sink]: [INFO] Spawing new device internal-dpl-injected-dummy-sink in process with pid 19539
[19539:internal-dpl-injected-dummy-sink]: [17:40:50][INFO] 
[19539:internal-dpl-injected-dummy-sink]:       ______      _    _______  _________ 
[19539:internal-dpl-injected-dummy-sink]:      / ____/___ _(_)_______   |/  /_  __ \    version 1.6.0
[19539:internal-dpl-injected-dummy-sink]:     / /_  / __ `/ / ___/__  /|_/ /_  / / /    build RELWITHDEBINFO
[19539:internal-dpl-injected-dummy-sink]:    / __/ / /_/ / / /    _  /  / / / /_/ /     https://github.com/FairRootGroup/FairMQ
[19539:internal-dpl-injected-dummy-sink]:   /_/    \__,_/_/_/     /_/  /_/  \___\_\     LGPL-3.0  © 2012-2023 GSI
[19539:internal-dpl-injected-dummy-sink]: 
[19539:internal-dpl-injected-dummy-sink]: [17:40:50][STATE] Starting FairMQ state machine --> IDLE
[19538:TOFClusterWriter]: [17:40:50][STATE] IDLE ---> INITIALIZING DEVICE
[19539:internal-dpl-injected-dummy-sink]: [17:40:50][STATE] IDLE ---> INITIALIZING DEVICE
[19539:internal-dpl-injected-dummy-sink]: [17:40:50][STATE] INITIALIZING DEVICE ---> INITIALIZED
[19539:internal-dpl-injected-dummy-sink]: [17:40:50][STATE] INITIALIZED ---> BINDING
[19539:internal-dpl-injected-dummy-sink]: [17:40:50][STATE] BINDING ---> BOUND
[19539:internal-dpl-injected-dummy-sink]: [17:40:50][STATE] BOUND ---> CONNECTING
[19539:internal-dpl-injected-dummy-sink]: [17:40:50][STATE] CONNECTING ---> DEVICE READY
[19539:internal-dpl-injected-dummy-sink]: [17:40:50][STATE] DEVICE READY ---> INITIALIZING TASK
[19539:internal-dpl-injected-dummy-sink]: [17:40:50][STATE] INITIALIZING TASK ---> READY
[19539:internal-dpl-injected-dummy-sink]: [17:40:50][STATE] READY ---> RUNNING
[19539:internal-dpl-injected-dummy-sink]: [17:40:50][INFO] fair::mq::Device running...
[19539:internal-dpl-injected-dummy-sink]: [17:40:50][INFO] LHCPeriod is not available, using current month SEP
[19539:internal-dpl-injected-dummy-sink]: [17:40:50][INFO] Correctly handshaken websocket connection.
[19538:TOFClusterWriter]: [17:40:50][INFO] 0: branch  TOFCluster set up
[19538:TOFClusterWriter]: [17:40:50][INFO] 1: branch  TOFClusterMult set up
[19538:TOFClusterWriter]: [17:40:50][INFO] 2: branch  TOFClusterMCTruth set up
[19538:TOFClusterWriter]: [17:40:50][STATE] INITIALIZING DEVICE ---> INITIALIZED
[19538:TOFClusterWriter]: [17:40:50][STATE] INITIALIZED ---> BINDING
[19538:TOFClusterWriter]: [17:40:50][STATE] BINDING ---> BOUND
[19538:TOFClusterWriter]: [17:40:50][STATE] BOUND ---> CONNECTING
[19538:TOFClusterWriter]: [17:40:50][STATE] CONNECTING ---> DEVICE READY
[19538:TOFClusterWriter]: [17:40:50][STATE] DEVICE READY ---> INITIALIZING TASK
[19538:TOFClusterWriter]: [17:40:50][STATE] INITIALIZING TASK ---> READY
[19538:TOFClusterWriter]: [17:40:50][STATE] READY ---> RUNNING
[19538:TOFClusterWriter]: [17:40:50][INFO] fair::mq::Device running...
[19538:TOFClusterWriter]: [17:40:50][INFO] LHCPeriod is not available, using current month SEP
[19538:TOFClusterWriter]: [17:40:50][INFO] Correctly handshaken websocket connection.
[19535:tof-digit-reader]: [INFO] Instrumenting crash signals
[19535:tof-digit-reader]: [INFO] Spawing new device tof-digit-reader in process with pid 19535
[19535:tof-digit-reader]: [17:40:50][INFO] 
[19535:tof-digit-reader]:       ______      _    _______  _________ 
[19535:tof-digit-reader]:      / ____/___ _(_)_______   |/  /_  __ \    version 1.6.0
[19535:tof-digit-reader]:     / /_  / __ `/ / ___/__  /|_/ /_  / / /    build RELWITHDEBINFO
[19535:tof-digit-reader]:    / __/ / /_/ / / /    _  /  / / / /_/ /     https://github.com/FairRootGroup/FairMQ
[19535:tof-digit-reader]:   /_/    \__,_/_/_/     /_/  /_/  \___\_\     LGPL-3.0  © 2012-2023 GSI
[19535:tof-digit-reader]: 
[19535:tof-digit-reader]: [17:40:50][STATE] Starting FairMQ state machine --> IDLE
[19535:tof-digit-reader]: [17:40:50][STATE] IDLE ---> INITIALIZING DEVICE
[19535:tof-digit-reader]: [17:40:50][STATE] INITIALIZING DEVICE ---> INITIALIZED
[19535:tof-digit-reader]: [17:40:50][STATE] INITIALIZED ---> BINDING
[19535:tof-digit-reader]: [17:40:50][STATE] BINDING ---> BOUND
[19535:tof-digit-reader]: [17:40:50][STATE] BOUND ---> CONNECTING
[19535:tof-digit-reader]: [17:40:50][STATE] CONNECTING ---> DEVICE READY
[19535:tof-digit-reader]: [17:40:50][STATE] DEVICE READY ---> INITIALIZING TASK
[19535:tof-digit-reader]: [17:40:50][STATE] INITIALIZING TASK ---> READY
[19535:tof-digit-reader]: [17:40:50][STATE] READY ---> RUNNING
[19535:tof-digit-reader]: [17:40:50][INFO] fair::mq::Device running...
[19535:tof-digit-reader]: [17:40:50][INFO] LHCPeriod is not available, using current month SEP
[19535:tof-digit-reader]: [17:40:50][INFO] Sending end-of-stream message to channel from_tof-digit-reader_to_internal-dpl-ccdb-backend
[19535:tof-digit-reader]: [17:40:50][INFO] Sending end-of-stream message to channel from_tof-digit-reader_to_TOFClusterer
[19535:tof-digit-reader]: [17:40:50][INFO] Sending end-of-stream message to channel from_tof-digit-reader_to_internal-dpl-injected-dummy-sink
[19535:tof-digit-reader]: [17:40:50][INFO] Correctly handshaken websocket connection.
[19536:internal-dpl-ccdb-backend]: Info in <TJAlienConnectionManager>: Opening connection to JCentral. Please wait
[19536:internal-dpl-ccdb-backend]: Info in <TJAlienConnectionManager>: Opening connection to 137.138.99.189
[19536:internal-dpl-ccdb-backend]: Info in <TJAlienConnectionManager>: Successfully connected to 137.138.99.189
[19536:internal-dpl-ccdb-backend]: Info in <TJAlienFile::Open>: Accessing file /alice/data/CCDB/CTP/Calib/OrbitReset/06/62200/b9f985c3-b4b0-11ec-8fd3-90ce809b24ee in SE <ALICE::CERN::EOS>
[19536:internal-dpl-ccdb-backend]: [17:40:51][INFO] ccdb reads http://alice-ccdb.cern.ch/CTP/Calib/OrbitReset/1546300800000/b9f985c3-b4b0-11ec-8fd3-90ce809b24ee for 1546300800000 (load to memory, agent_id: localhost.localdomain-1694014850-WZBNZP), 
[19536:internal-dpl-ccdb-backend]: Info in <TJAlienFile::Open>: Accessing file /alice/data/CCDB/GLO/Config/GeometryAligned/06/21224/787687c0-287a-11ed-8141-200114580202 in SE <ALICE::CERN::OCDB>
[19536:internal-dpl-ccdb-backend]: [17:40:51][INFO] ccdb reads http://alice-ccdb.cern.ch/GLO/Config/GeometryAligned/1546300800000/787687c0-287a-11ed-8141-200114580202 for 1546300800000 (load to memory, agent_id: localhost.localdomain-1694014850-WZBNZP), 
[19536:internal-dpl-ccdb-backend]: Info in <TJAlienFile::Open>: Accessing file /alice/data/CCDB/GLO/Config/GRPECS/03/07584/646e9be2-0210-11ed-8000-200114580202 in SE <ALICE::CERN::OCDB>
[19536:internal-dpl-ccdb-backend]: [17:40:51][INFO] ccdb reads http://alice-ccdb.cern.ch/GLO/Config/GRPECS/1546300800000/646e9be2-0210-11ed-8000-200114580202 for 1546300800000 (load to memory, agent_id: localhost.localdomain-1694014850-WZBNZP), 
[19536:internal-dpl-ccdb-backend]: Info in <TJAlienFile::Open>: Accessing file /alice/data/CCDB/GLO/Config/GRPLHCIF/04/60609/b3296373-efea-11ec-b9c0-2a010e0a0b16 in SE <ALICE::CERN::OCDB>
[19536:internal-dpl-ccdb-backend]: [17:40:51][INFO] ccdb reads http://alice-ccdb.cern.ch/GLO/Config/GRPLHCIF/1546300800000/b3296373-efea-11ec-b9c0-2a010e0a0b16 for 1546300800000 (load to memory, agent_id: localhost.localdomain-1694014850-WZBNZP), 
[19536:internal-dpl-ccdb-backend]: [17:40:51][INFO] Sending end-of-stream message to channel from_internal-dpl-ccdb-backend_to_TOFClusterer
[19536:internal-dpl-ccdb-backend]: [17:40:51][INFO] Sending end-of-stream message to channel from_internal-dpl-ccdb-backend_to_internal-dpl-injected-dummy-sink
[19537:TOFClusterer]: [17:40:51][INFO] GRP LHCIF object updated
[19537:TOFClusterer]: [17:40:51][INFO] Caching in 140503654898720 ptr to GLO/GRPLHCIF/0 (0x480a4f0)
[19537:TOFClusterer]: [17:40:51][INFO] GRP ECS object updated
[19537:TOFClusterer]: [17:40:51][INFO] Caching in 140503654896448 ptr to GLO/GRPECS/0 (0x356c790)
[19537:TOFClusterer]: Info in <TGeoManager::CloseGeometry>: Geometry loaded from file...
[19537:TOFClusterer]: Info in <TGeoManager::SetTopVolume>: Top volume is cave. Master volume is cave
[19537:TOFClusterer]: Info in <TGeoNavigator::BuildCache>: --- Maximum geometry depth set to 100
[19537:TOFClusterer]: Info in <TGeoManager::Voxelize>: Voxelizing...
[19537:TOFClusterer]: Info in <TGeoManager::CountLevels>: max level = 13, max placements = 735
[19537:TOFClusterer]: Info in <TGeoManager::CloseGeometry>: 5346742 nodes/ 27442 volume UID's in FAIR geometry
[19537:TOFClusterer]: Info in <TGeoManager::CloseGeometry>: ----------------modeler ready----------------
[19537:TOFClusterer]: [17:40:52][INFO] aligned geometry updated
[19537:TOFClusterer]: [17:40:52][INFO] Caching in 140503653048928 ptr to GLO/GEOMALIGN/0 (0x4e3d2e0)
[19537:TOFClusterer]: [17:40:52][INFO] tof::Geo: Initialization of TOF rotation parameters
[19537:TOFClusterer]: [17:40:52][INFO] Sending end-of-stream message to channel from_TOFClusterer_to_TOFClusterWriter
[INFO] Quitting
[INFO] QUIT_REQUESTED
[19537:TOFClusterer]: [17:40:52][INFO] Received device shutdown request (signal 15).
[19537:TOFClusterer]: [17:40:52][INFO] Waiting for graceful device shutdown. Hit Ctrl-C again to abort immediately.
[19537:TOFClusterer]: [17:40:52][INFO] New state requested. No timeout set, quitting immediately as per --completion-policy
[19537:TOFClusterer]: [17:40:52][STATE] RUNNING ---> READY
[19537:TOFClusterer]: [17:40:52][STATE] READY ---> RESETTING TASK
[19537:TOFClusterer]: [17:40:52][STATE] RESETTING TASK ---> DEVICE READY
[19537:TOFClusterer]: [17:40:52][STATE] DEVICE READY ---> RESETTING DEVICE
[19537:TOFClusterer]: [17:40:52][STATE] RESETTING DEVICE ---> IDLE
[19537:TOFClusterer]: [17:40:52][STATE] IDLE ---> EXITING
[19537:TOFClusterer]: [17:40:52][STATE] Exiting FairMQ state machine
[19539:internal-dpl-injected-dummy-sink]: [17:40:52][INFO] Received device shutdown request (signal 15).
[19539:internal-dpl-injected-dummy-sink]: [17:40:52][INFO] Waiting for graceful device shutdown. Hit Ctrl-C again to abort immediately.
[19536:internal-dpl-ccdb-backend]: [17:40:52][INFO] Received device shutdown request (signal 15).
[19536:internal-dpl-ccdb-backend]: [17:40:52][INFO] Waiting for graceful device shutdown. Hit Ctrl-C again to abort immediately.
[19534:internal-dpl-clock]: [17:40:52][INFO] Received device shutdown request (signal 15).
[19534:internal-dpl-clock]: [17:40:52][INFO] Waiting for graceful device shutdown. Hit Ctrl-C again to abort immediately.
[19538:TOFClusterWriter]: [17:40:52][INFO] Received device shutdown request (signal 15).
[19538:TOFClusterWriter]: [17:40:52][INFO] Waiting for graceful device shutdown. Hit Ctrl-C again to abort immediately.
[19535:tof-digit-reader]: [17:40:52][INFO] Received device shutdown request (signal 15).
[19535:tof-digit-reader]: [17:40:52][INFO] Waiting for graceful device shutdown. Hit Ctrl-C again to abort immediately.
[19539:internal-dpl-injected-dummy-sink]: [17:40:52][INFO] New state requested. No timeout set, quitting immediately as per --completion-policy
[19539:internal-dpl-injected-dummy-sink]: [17:40:52][STATE] RUNNING ---> READY
[19535:tof-digit-reader]: [17:40:52][INFO] New state requested. No timeout set, quitting immediately as per --completion-policy
[19535:tof-digit-reader]: [17:40:52][STATE] RUNNING ---> READY
[19538:TOFClusterWriter]: [17:40:52][INFO] New state requested. No timeout set, quitting immediately as per --completion-policy
[19539:internal-dpl-injected-dummy-sink]: [17:40:52][STATE] READY ---> RESETTING TASK
[19539:internal-dpl-injected-dummy-sink]: [17:40:52][STATE] RESETTING TASK ---> DEVICE READY
[19539:internal-dpl-injected-dummy-sink]: [17:40:52][STATE] DEVICE READY ---> RESETTING DEVICE
[19534:internal-dpl-clock]: [17:40:52][INFO] New state requested. No timeout set, quitting immediately as per --completion-policy
[19534:internal-dpl-clock]: [17:40:52][INFO] Sending end-of-stream message to channel from_internal-dpl-clock_to_tof-digit-reader
[19534:internal-dpl-clock]: [17:40:52][STATE] RUNNING ---> READY
[19536:internal-dpl-ccdb-backend]: [17:40:52][INFO] New state requested. No timeout set, quitting immediately as per --completion-policy
[19536:internal-dpl-ccdb-backend]: [17:40:52][INFO] CCDB cache miss/hit ratio:
[19536:internal-dpl-ccdb-backend]: [17:40:52][INFO]   GLO/Config/GRPLHCIF: 1/0 (2048-2048 bytes)
[19536:internal-dpl-ccdb-backend]: [17:40:52][INFO]   GLO/Config/GRPECS: 1/0 (2048-2048 bytes)
[19536:internal-dpl-ccdb-backend]: [17:40:52][INFO]   GLO/Config/GeometryAligned: 1/0 (1847296-1847296 bytes)
[19536:internal-dpl-ccdb-backend]: [17:40:52][INFO]   CTP/Calib/OrbitReset: 1/1 (1024-1024 bytes)
[19536:internal-dpl-ccdb-backend]: [17:40:52][STATE] RUNNING ---> READY
[19535:tof-digit-reader]: [17:40:52][STATE] READY ---> RESETTING TASK
[19535:tof-digit-reader]: [17:40:52][STATE] RESETTING TASK ---> DEVICE READY
[19534:internal-dpl-clock]: [17:40:52][STATE] READY ---> RESETTING TASK
[19534:internal-dpl-clock]: [17:40:52][STATE] RESETTING TASK ---> DEVICE READY
[19534:internal-dpl-clock]: [17:40:52][STATE] DEVICE READY ---> RESETTING DEVICE
[19535:tof-digit-reader]: [17:40:52][STATE] DEVICE READY ---> RESETTING DEVICE
[19536:internal-dpl-ccdb-backend]: [17:40:52][STATE] READY ---> RESETTING TASK
[19536:internal-dpl-ccdb-backend]: [17:40:52][STATE] RESETTING TASK ---> DEVICE READY
[19536:internal-dpl-ccdb-backend]: [17:40:52][STATE] DEVICE READY ---> RESETTING DEVICE
[19539:internal-dpl-injected-dummy-sink]: [17:40:52][STATE] RESETTING DEVICE ---> IDLE
[19535:tof-digit-reader]: [17:40:52][STATE] RESETTING DEVICE ---> IDLE
[19539:internal-dpl-injected-dummy-sink]: [17:40:52][STATE] IDLE ---> EXITING
[19539:internal-dpl-injected-dummy-sink]: [17:40:52][STATE] Exiting FairMQ state machine
[19534:internal-dpl-clock]: [17:40:52][STATE] RESETTING DEVICE ---> IDLE
[19535:tof-digit-reader]: [17:40:52][STATE] IDLE ---> EXITING
[19536:internal-dpl-ccdb-backend]: [17:40:52][STATE] RESETTING DEVICE ---> IDLE
[19534:internal-dpl-clock]: [17:40:52][STATE] IDLE ---> EXITING
[19534:internal-dpl-clock]: [17:40:52][STATE] Exiting FairMQ state machine
[19535:tof-digit-reader]: [17:40:52][STATE] Exiting FairMQ state machine
[19536:internal-dpl-ccdb-backend]: [17:40:52][STATE] IDLE ---> EXITING
[19536:internal-dpl-ccdb-backend]: [17:40:52][STATE] Exiting FairMQ state machine
[19538:TOFClusterWriter]: [17:40:52][STATE] RUNNING ---> READY
[19538:TOFClusterWriter]: [17:40:52][STATE] READY ---> RESETTING TASK
[19538:TOFClusterWriter]: [17:40:52][STATE] RESETTING TASK ---> DEVICE READY
[19538:TOFClusterWriter]: [17:40:52][STATE] DEVICE READY ---> RESETTING DEVICE
[19538:TOFClusterWriter]: [17:40:52][INFO] Cleaning up for shared memory id '7c1b5b0c'...
[19538:TOFClusterWriter]: [17:40:52][INFO] Found 0 unmanaged regions...
[19538:TOFClusterWriter]: [17:40:52][INFO] Found 1 managed segments...
[19538:TOFClusterWriter]: [17:40:52][INFO] Successfully removed 'fmq_7c1b5b0c_m_0'.
[19538:TOFClusterWriter]: [17:40:52][INFO] Successfully removed 'fmq_7c1b5b0c_mng'.
[19538:TOFClusterWriter]: [17:40:52][STATE] RESETTING DEVICE ---> IDLE
[19538:TOFClusterWriter]: [17:40:52][STATE] IDLE ---> EXITING
[19538:TOFClusterWriter]: [17:40:52][STATE] Exiting FairMQ state machine
[INFO] ## Processes completed. Run summary:
[INFO] ### Devices started: 6
[INFO]  - Device internal-dpl-clock: pid 19534 (exit 0)
[INFO]  - Device tof-digit-reader: pid 19535 (exit 0)
[INFO]  - Device internal-dpl-ccdb-backend: pid 19536 (exit 0)
[INFO]  - Device TOFClusterer: pid 19537 (exit 0)
[INFO]  - Device TOFClusterWriter: pid 19538 (exit 0)
[INFO]  - Device internal-dpl-injected-dummy-sink: pid 19539 (exit 0)
[INFO] Dumping used configuration in dpl-config.json
TASK-EXIT-CODE: 0
