Running: TIME="#walltime %e" /usr/bin/time --output=trdTrkltTransf.log_time ./trdTrkltTransf.log_tmp.sh
[INFO] Initialising O2 Data Processing Layer. Driver PID: 17790.
[INFO] Driver listening on port: 25870
[INFO] Rate limiting set up at 500MB distributed over 1 readers
[INFO] O2 Data Processing Layer initialised. We brake for nobody.
[INFO] Optimised build. O2DEBUG / LOG(debug) / LOGF(debug) / assert statement will not be shown.
[INFO] Redeployment of configuration asked.
[INFO] Starting internal-dpl-clock on pid 17830
[INFO] Starting TRDTrackletReader on pid 17831
[INFO] Starting internal-dpl-ccdb-backend on pid 17832
[INFO] Starting TRDTRACKLETTRANSFORMER on pid 17833
[INFO] Starting trd-calibrated-tracklet-writer on pid 17834
[INFO] Starting internal-dpl-injected-dummy-sink on pid 17835
[INFO] Redeployment of configuration done.
[17830:internal-dpl-clock]: [INFO] Instrumenting crash signals
[17830:internal-dpl-clock]: [INFO] Spawing new device internal-dpl-clock in process with pid 17830
[17830:internal-dpl-clock]: [17:40:27][INFO] 
[17830:internal-dpl-clock]:       ______      _    _______  _________ 
[17830:internal-dpl-clock]:      / ____/___ _(_)_______   |/  /_  __ \    version 1.6.0
[17830:internal-dpl-clock]:     / /_  / __ `/ / ___/__  /|_/ /_  / / /    build RELWITHDEBINFO
[17830:internal-dpl-clock]:    / __/ / /_/ / / /    _  /  / / / /_/ /     https://github.com/FairRootGroup/FairMQ
[17830:internal-dpl-clock]:   /_/    \__,_/_/_/     /_/  /_/  \___\_\     LGPL-3.0  © 2012-2023 GSI
[17830:internal-dpl-clock]: 
[17830:internal-dpl-clock]: [17:40:27][STATE] Starting FairMQ state machine --> IDLE
[17830:internal-dpl-clock]: [17:40:27][STATE] IDLE ---> INITIALIZING DEVICE
[17830:internal-dpl-clock]: [17:40:27][STATE] INITIALIZING DEVICE ---> INITIALIZED
[17830:internal-dpl-clock]: [17:40:27][STATE] INITIALIZED ---> BINDING
[17830:internal-dpl-clock]: [17:40:27][STATE] BINDING ---> BOUND
[17830:internal-dpl-clock]: [17:40:27][STATE] BOUND ---> CONNECTING
[17830:internal-dpl-clock]: [17:40:27][STATE] CONNECTING ---> DEVICE READY
[17830:internal-dpl-clock]: [17:40:27][STATE] DEVICE READY ---> INITIALIZING TASK
[17830:internal-dpl-clock]: [17:40:27][STATE] INITIALIZING TASK ---> READY
[17830:internal-dpl-clock]: [17:40:27][STATE] READY ---> RUNNING
[17830:internal-dpl-clock]: [17:40:27][INFO] fair::mq::Device running...
[17830:internal-dpl-clock]: [17:40:27][INFO] LHCPeriod is not available, using current month SEP
[17830:internal-dpl-clock]: [17:40:27][INFO] Correctly handshaken websocket connection.
[17831:TRDTrackletReader]: [INFO] Instrumenting crash signals
[17831:TRDTrackletReader]: [INFO] Spawing new device TRDTrackletReader in process with pid 17831
[17831:TRDTrackletReader]: [17:40:27][INFO] 
[17831:TRDTrackletReader]:       ______      _    _______  _________ 
[17831:TRDTrackletReader]:      / ____/___ _(_)_______   |/  /_  __ \    version 1.6.0
[17831:TRDTrackletReader]:     / /_  / __ `/ / ___/__  /|_/ /_  / / /    build RELWITHDEBINFO
[17831:TRDTrackletReader]:    / __/ / /_/ / / /    _  /  / / / /_/ /     https://github.com/FairRootGroup/FairMQ
[17831:TRDTrackletReader]:   /_/    \__,_/_/_/     /_/  /_/  \___\_\     LGPL-3.0  © 2012-2023 GSI
[17831:TRDTrackletReader]: 
[17831:TRDTrackletReader]: [17:40:27][STATE] Starting FairMQ state machine --> IDLE
[17831:TRDTrackletReader]: [17:40:27][STATE] IDLE ---> INITIALIZING DEVICE
[17831:TRDTrackletReader]: [17:40:27][INFO] Init TRD tracklet reader!
[17832:internal-dpl-ccdb-backend]: [INFO] Instrumenting crash signals
[17832:internal-dpl-ccdb-backend]: [INFO] Spawing new device internal-dpl-ccdb-backend in process with pid 17832
[17832:internal-dpl-ccdb-backend]: [17:40:27][INFO] 
[17832:internal-dpl-ccdb-backend]:       ______      _    _______  _________ 
[17832:internal-dpl-ccdb-backend]:      / ____/___ _(_)_______   |/  /_  __ \    version 1.6.0
[17832:internal-dpl-ccdb-backend]:     / /_  / __ `/ / ___/__  /|_/ /_  / / /    build RELWITHDEBINFO
[17832:internal-dpl-ccdb-backend]:    / __/ / /_/ / / /    _  /  / / / /_/ /     https://github.com/FairRootGroup/FairMQ
[17832:internal-dpl-ccdb-backend]:   /_/    \__,_/_/_/     /_/  /_/  \___\_\     LGPL-3.0  © 2012-2023 GSI
[17832:internal-dpl-ccdb-backend]: 
[17832:internal-dpl-ccdb-backend]: [17:40:27][STATE] Starting FairMQ state machine --> IDLE
[17832:internal-dpl-ccdb-backend]: [17:40:27][STATE] IDLE ---> INITIALIZING DEVICE
[17832:internal-dpl-ccdb-backend]: [17:40:27][INFO] CCDB Backend at: http://alice-ccdb.cern.ch, validity check for every 2147483647 TF
[17832:internal-dpl-ccdb-backend]: [17:40:27][INFO] Init CcdApi with UserAgentID: localhost.localdomain-1694014827-cavuEV, Host: http://alice-ccdb.cern.ch
[17832:internal-dpl-ccdb-backend]: [17:40:27][INFO] Initialised default CCDB host http://alice-ccdb.cern.ch
[17832:internal-dpl-ccdb-backend]: [17:40:27][INFO] The following route is a condition GLO/GEOMALIGN/0
[17832:internal-dpl-ccdb-backend]: [17:40:27][INFO] - ccdb-path: GLO/Config/GeometryAligned
[17832:internal-dpl-ccdb-backend]: [17:40:27][INFO] The following route is a condition GLO/GRPMAGFIELD/0
[17832:internal-dpl-ccdb-backend]: [17:40:27][INFO] - ccdb-path: GLO/Config/GRPMagField
[17832:internal-dpl-ccdb-backend]: [17:40:27][INFO] The following route is a condition TRD/CALVDRIFTEXB/0
[17832:internal-dpl-ccdb-backend]: [17:40:27][INFO] - ccdb-path: TRD/Calib/CalVdriftExB
[17832:internal-dpl-ccdb-backend]: [17:40:27][STATE] INITIALIZING DEVICE ---> INITIALIZED
[17833:TRDTRACKLETTRANSFORMER]: [INFO] Instrumenting crash signals
[17833:TRDTRACKLETTRANSFORMER]: [INFO] Spawing new device TRDTRACKLETTRANSFORMER in process with pid 17833
[17833:TRDTRACKLETTRANSFORMER]: [17:40:27][INFO] 
[17833:TRDTRACKLETTRANSFORMER]:       ______      _    _______  _________ 
[17833:TRDTRACKLETTRANSFORMER]:      / ____/___ _(_)_______   |/  /_  __ \    version 1.6.0
[17833:TRDTRACKLETTRANSFORMER]:     / /_  / __ `/ / ___/__  /|_/ /_  / / /    build RELWITHDEBINFO
[17833:TRDTRACKLETTRANSFORMER]:    / __/ / /_/ / / /    _  /  / / / /_/ /     https://github.com/FairRootGroup/FairMQ
[17833:TRDTRACKLETTRANSFORMER]:   /_/    \__,_/_/_/     /_/  /_/  \___\_\     LGPL-3.0  © 2012-2023 GSI
[17833:TRDTRACKLETTRANSFORMER]: 
[17833:TRDTRACKLETTRANSFORMER]: [17:40:27][STATE] Starting FairMQ state machine --> IDLE
[17834:trd-calibrated-tracklet-writer]: [INFO] Instrumenting crash signals
[17834:trd-calibrated-tracklet-writer]: [INFO] Spawing new device trd-calibrated-tracklet-writer in process with pid 17834
[17834:trd-calibrated-tracklet-writer]: [17:40:27][INFO] 
[17834:trd-calibrated-tracklet-writer]:       ______      _    _______  _________ 
[17834:trd-calibrated-tracklet-writer]:      / ____/___ _(_)_______   |/  /_  __ \    version 1.6.0
[17834:trd-calibrated-tracklet-writer]:     / /_  / __ `/ / ___/__  /|_/ /_  / / /    build RELWITHDEBINFO
[17834:trd-calibrated-tracklet-writer]:    / __/ / /_/ / / /    _  /  / / / /_/ /     https://github.com/FairRootGroup/FairMQ
[17834:trd-calibrated-tracklet-writer]:   /_/    \__,_/_/_/     /_/  /_/  \___\_\     LGPL-3.0  © 2012-2023 GSI
[17834:trd-calibrated-tracklet-writer]: 
[17834:trd-calibrated-tracklet-writer]: [17:40:27][STATE] Starting FairMQ state machine --> IDLE
[17832:internal-dpl-ccdb-backend]: [17:40:27][STATE] INITIALIZED ---> BINDING
[17832:internal-dpl-ccdb-backend]: [17:40:27][STATE] BINDING ---> BOUND
[17833:TRDTRACKLETTRANSFORMER]: [17:40:27][STATE] IDLE ---> INITIALIZING DEVICE
[17834:trd-calibrated-tracklet-writer]: [17:40:27][STATE] IDLE ---> INITIALIZING DEVICE
[17832:internal-dpl-ccdb-backend]: [17:40:27][STATE] BOUND ---> CONNECTING
[17832:internal-dpl-ccdb-backend]: [17:40:27][STATE] CONNECTING ---> DEVICE READY
[17833:TRDTRACKLETTRANSFORMER]: [17:40:27][STATE] INITIALIZING DEVICE ---> INITIALIZED
[17833:TRDTRACKLETTRANSFORMER]: [17:40:27][STATE] INITIALIZED ---> BINDING
[17833:TRDTRACKLETTRANSFORMER]: [17:40:27][STATE] BINDING ---> BOUND
[17833:TRDTRACKLETTRANSFORMER]: [17:40:27][STATE] BOUND ---> CONNECTING
[17833:TRDTRACKLETTRANSFORMER]: [17:40:27][STATE] CONNECTING ---> DEVICE READY
[17833:TRDTRACKLETTRANSFORMER]: [17:40:27][STATE] DEVICE READY ---> INITIALIZING TASK
[17832:internal-dpl-ccdb-backend]: [17:40:27][STATE] DEVICE READY ---> INITIALIZING TASK
[17832:internal-dpl-ccdb-backend]: [17:40:27][STATE] INITIALIZING TASK ---> READY
[17833:TRDTRACKLETTRANSFORMER]: [17:40:27][STATE] INITIALIZING TASK ---> READY
[17832:internal-dpl-ccdb-backend]: [17:40:27][STATE] READY ---> RUNNING
[17832:internal-dpl-ccdb-backend]: [17:40:27][INFO] fair::mq::Device running...
[17832:internal-dpl-ccdb-backend]: [17:40:27][INFO] LHCPeriod is not available, using current month SEP
[17833:TRDTRACKLETTRANSFORMER]: [17:40:27][STATE] READY ---> RUNNING
[17833:TRDTRACKLETTRANSFORMER]: [17:40:27][INFO] fair::mq::Device running...
[17833:TRDTRACKLETTRANSFORMER]: [17:40:27][INFO] LHCPeriod is not available, using current month SEP
[17834:trd-calibrated-tracklet-writer]: [17:40:27][INFO] 0: branch  CTracklets set up
[17834:trd-calibrated-tracklet-writer]: [17:40:27][INFO] 1: branch  TRKLabels set up
[17834:trd-calibrated-tracklet-writer]: [17:40:27][INFO] 2: branch  TrigRecMask set up
[17832:internal-dpl-ccdb-backend]: [17:40:27][INFO] Correctly handshaken websocket connection.
[17833:TRDTRACKLETTRANSFORMER]: [17:40:27][INFO] Correctly handshaken websocket connection.
[17834:trd-calibrated-tracklet-writer]: [17:40:27][STATE] INITIALIZING DEVICE ---> INITIALIZED
[17834:trd-calibrated-tracklet-writer]: [17:40:27][STATE] INITIALIZED ---> BINDING
[17834:trd-calibrated-tracklet-writer]: [17:40:27][STATE] BINDING ---> BOUND
[17834:trd-calibrated-tracklet-writer]: [17:40:27][STATE] BOUND ---> CONNECTING
[17834:trd-calibrated-tracklet-writer]: [17:40:27][STATE] CONNECTING ---> DEVICE READY
[17834:trd-calibrated-tracklet-writer]: [17:40:27][STATE] DEVICE READY ---> INITIALIZING TASK
[17834:trd-calibrated-tracklet-writer]: [17:40:27][STATE] INITIALIZING TASK ---> READY
[17834:trd-calibrated-tracklet-writer]: [17:40:27][STATE] READY ---> RUNNING
[17834:trd-calibrated-tracklet-writer]: [17:40:27][INFO] fair::mq::Device running...
[17834:trd-calibrated-tracklet-writer]: [17:40:27][INFO] LHCPeriod is not available, using current month SEP
[17834:trd-calibrated-tracklet-writer]: [17:40:27][INFO] Correctly handshaken websocket connection.
[17835:internal-dpl-injected-dummy-sink]: [INFO] Instrumenting crash signals
[17835:internal-dpl-injected-dummy-sink]: [INFO] Spawing new device internal-dpl-injected-dummy-sink in process with pid 17835
[17835:internal-dpl-injected-dummy-sink]: [17:40:27][INFO] 
[17835:internal-dpl-injected-dummy-sink]:       ______      _    _______  _________ 
[17835:internal-dpl-injected-dummy-sink]:      / ____/___ _(_)_______   |/  /_  __ \    version 1.6.0
[17835:internal-dpl-injected-dummy-sink]:     / /_  / __ `/ / ___/__  /|_/ /_  / / /    build RELWITHDEBINFO
[17835:internal-dpl-injected-dummy-sink]:    / __/ / /_/ / / /    _  /  / / / /_/ /     https://github.com/FairRootGroup/FairMQ
[17835:internal-dpl-injected-dummy-sink]:   /_/    \__,_/_/_/     /_/  /_/  \___\_\     LGPL-3.0  © 2012-2023 GSI
[17835:internal-dpl-injected-dummy-sink]: 
[17835:internal-dpl-injected-dummy-sink]: [17:40:27][STATE] Starting FairMQ state machine --> IDLE
[17835:internal-dpl-injected-dummy-sink]: [17:40:27][STATE] IDLE ---> INITIALIZING DEVICE
[17835:internal-dpl-injected-dummy-sink]: [17:40:27][STATE] INITIALIZING DEVICE ---> INITIALIZED
[17835:internal-dpl-injected-dummy-sink]: [17:40:27][STATE] INITIALIZED ---> BINDING
[17835:internal-dpl-injected-dummy-sink]: [17:40:27][STATE] BINDING ---> BOUND
[17835:internal-dpl-injected-dummy-sink]: [17:40:27][STATE] BOUND ---> CONNECTING
[17835:internal-dpl-injected-dummy-sink]: [17:40:27][STATE] CONNECTING ---> DEVICE READY
[17835:internal-dpl-injected-dummy-sink]: [17:40:27][STATE] DEVICE READY ---> INITIALIZING TASK
[17835:internal-dpl-injected-dummy-sink]: [17:40:27][STATE] INITIALIZING TASK ---> READY
[17835:internal-dpl-injected-dummy-sink]: [17:40:27][STATE] READY ---> RUNNING
[17835:internal-dpl-injected-dummy-sink]: [17:40:27][INFO] fair::mq::Device running...
[17835:internal-dpl-injected-dummy-sink]: [17:40:27][INFO] LHCPeriod is not available, using current month SEP
[17835:internal-dpl-injected-dummy-sink]: [17:40:27][INFO] Correctly handshaken websocket connection.
[17831:TRDTrackletReader]: [17:40:28][INFO] Loaded tree from trdtracklets.root with 1 entries
[17831:TRDTrackletReader]: [17:40:28][STATE] INITIALIZING DEVICE ---> INITIALIZED
[17831:TRDTrackletReader]: [17:40:28][STATE] INITIALIZED ---> BINDING
[17831:TRDTrackletReader]: [17:40:28][STATE] BINDING ---> BOUND
[17831:TRDTrackletReader]: [17:40:28][STATE] BOUND ---> CONNECTING
[17831:TRDTrackletReader]: [17:40:28][STATE] CONNECTING ---> DEVICE READY
[17831:TRDTrackletReader]: [17:40:28][STATE] DEVICE READY ---> INITIALIZING TASK
[17831:TRDTrackletReader]: [17:40:28][STATE] INITIALIZING TASK ---> READY
[17831:TRDTrackletReader]: [17:40:28][STATE] READY ---> RUNNING
[17831:TRDTrackletReader]: [17:40:28][INFO] fair::mq::Device running...
[17831:TRDTrackletReader]: [17:40:28][INFO] LHCPeriod is not available, using current month SEP
[17831:TRDTrackletReader]: [17:40:28][INFO] Pushing 12 TRD trigger records at entry 0
[17831:TRDTrackletReader]: [17:40:28][INFO] Pushing 507 uncalibrated TRD tracklets for these trigger records
[17831:TRDTrackletReader]: [17:40:28][INFO] Pushing 605 TRD tracklet labels
[17831:TRDTrackletReader]: [17:40:28][INFO] Sending end-of-stream message to channel from_TRDTrackletReader_to_internal-dpl-ccdb-backend
[17831:TRDTrackletReader]: [17:40:28][INFO] Sending end-of-stream message to channel from_TRDTrackletReader_to_TRDTRACKLETTRANSFORMER
[17831:TRDTrackletReader]: [17:40:28][INFO] Sending end-of-stream message to channel from_TRDTrackletReader_to_trd-calibrated-tracklet-writer
[17831:TRDTrackletReader]: [17:40:28][INFO] Correctly handshaken websocket connection.
[17832:internal-dpl-ccdb-backend]: Info in <TJAlienConnectionManager>: Opening connection to JCentral. Please wait
[17832:internal-dpl-ccdb-backend]: Info in <TJAlienConnectionManager>: Opening connection to 137.138.99.172
[17832:internal-dpl-ccdb-backend]: Info in <TJAlienConnectionManager>: Successfully connected to 137.138.99.172
[17832:internal-dpl-ccdb-backend]: Info in <TJAlienFile::Open>: Accessing file /alice/data/CCDB/CTP/Calib/OrbitReset/06/62200/b9f985c3-b4b0-11ec-8fd3-90ce809b24ee in SE <ALICE::CERN::EOS>
[17832:internal-dpl-ccdb-backend]: [17:40:29][INFO] ccdb reads http://alice-ccdb.cern.ch/CTP/Calib/OrbitReset/1546300800000/b9f985c3-b4b0-11ec-8fd3-90ce809b24ee for 1546300800000 (load to memory, agent_id: localhost.localdomain-1694014827-cavuEV), 
[17832:internal-dpl-ccdb-backend]: Info in <TJAlienFile::Open>: Accessing file /alice/data/CCDB/GLO/Config/GeometryAligned/06/21224/787687c0-287a-11ed-8141-200114580202 in SE <ALICE::CERN::OCDB>
[17832:internal-dpl-ccdb-backend]: [17:40:29][INFO] ccdb reads http://alice-ccdb.cern.ch/GLO/Config/GeometryAligned/1546300800000/787687c0-287a-11ed-8141-200114580202 for 1546300800000 (load to memory, agent_id: localhost.localdomain-1694014827-cavuEV), 
[17832:internal-dpl-ccdb-backend]: Info in <TJAlienFile::Open>: Accessing file /alice/data/CCDB/GLO/Config/GRPMagField/06/62924/01d633ab-efdf-11ec-841e-2a010e0a0b16 in SE <ALICE::CERN::OCDB>
[17832:internal-dpl-ccdb-backend]: [17:40:29][INFO] ccdb reads http://alice-ccdb.cern.ch/GLO/Config/GRPMagField/1546300800000/01d633ab-efdf-11ec-841e-2a010e0a0b16 for 1546300800000 (load to memory, agent_id: localhost.localdomain-1694014827-cavuEV), 
[17832:internal-dpl-ccdb-backend]: Info in <TJAlienFile::Open>: Accessing file /alice/data/CCDB/TRD/Calib/CalVdriftExB/06/10271/e6e40961-d22d-11ec-8dd8-511cc1ec24ee in SE <ALICE::CERN::OCDB>
[17832:internal-dpl-ccdb-backend]: [17:40:29][INFO] ccdb reads http://alice-ccdb.cern.ch/TRD/Calib/CalVdriftExB/1/e6e40961-d22d-11ec-8dd8-511cc1ec24ee for 1546300800000 (load to memory, agent_id: localhost.localdomain-1694014827-cavuEV), 
[17832:internal-dpl-ccdb-backend]: [17:40:29][INFO] Sending end-of-stream message to channel from_internal-dpl-ccdb-backend_to_TRDTRACKLETTRANSFORMER
[17832:internal-dpl-ccdb-backend]: [17:40:29][INFO] Sending end-of-stream message to channel from_internal-dpl-ccdb-backend_to_internal-dpl-injected-dummy-sink
[17833:TRDTRACKLETTRANSFORMER]: [17:40:29][INFO] GRP MagField object updated
[17833:TRDTRACKLETTRANSFORMER]: [17:40:30][INFO] MagneticField::Print: MagneticFieldMap:
[17833:TRDTRACKLETTRANSFORMER]: [17:40:30][INFO] MagneticField::Print: Solenoid (-1*)5 kG, Dipole ON (-1) 
[17833:TRDTRACKLETTRANSFORMER]: [17:40:30][INFO] MagneticField::Print: Machine B fields for p-p  beam (7000 GeV): QGrad: 22.0002 Dipole: 37.8781
[17833:TRDTRACKLETTRANSFORMER]: [17:40:30][INFO] MagneticField::Print: Uses Sol30_Dip6_Hole  of /root/alice/sw/slc8_x86-64/O2/segment-local1/share/Common/maps/mfchebKGI_sym.root
[17833:TRDTRACKLETTRANSFORMER]: Info in <TGeoGlobalMagField::SetField>: Global magnetic field set to <MagneticFieldMap>
[17833:TRDTRACKLETTRANSFORMER]: Info in <TGeoGlobalMagField::Lock>: Global magnetic field <MagneticFieldMap> is now locked
[17833:TRDTRACKLETTRANSFORMER]: [17:40:30][INFO] Caching in 140107569654976 ptr to GLO/GRPMAGFIELD/0 (0x7965860)
[17833:TRDTRACKLETTRANSFORMER]: Info in <TGeoManager::CloseGeometry>: Geometry loaded from file...
[17833:TRDTRACKLETTRANSFORMER]: Info in <TGeoManager::SetTopVolume>: Top volume is cave. Master volume is cave
[17833:TRDTRACKLETTRANSFORMER]: Info in <TGeoNavigator::BuildCache>: --- Maximum geometry depth set to 100
[17833:TRDTRACKLETTRANSFORMER]: Info in <TGeoManager::Voxelize>: Voxelizing...
[17833:TRDTRACKLETTRANSFORMER]: Info in <TGeoManager::CountLevels>: max level = 13, max placements = 735
[17833:TRDTRACKLETTRANSFORMER]: Info in <TGeoManager::CloseGeometry>: 5346742 nodes/ 27442 volume UID's in FAIR geometry
[17833:TRDTRACKLETTRANSFORMER]: Info in <TGeoManager::CloseGeometry>: ----------------modeler ready----------------
[17833:TRDTRACKLETTRANSFORMER]: [17:40:31][INFO] aligned geometry updated
[17833:TRDTRACKLETTRANSFORMER]: [17:40:31][INFO] Caching in 140107567807456 ptr to GLO/GEOMALIGN/0 (0x94972d0)
[17833:TRDTRACKLETTRANSFORMER]: [17:40:31][INFO] CalVdriftExB object has been updated
[17833:TRDTRACKLETTRANSFORMER]: [17:40:31][INFO] Caching in 140107569656224 ptr to TRD/CALVDRIFTEXB/0 (0x8890cc0)
[17833:TRDTRACKLETTRANSFORMER]: [17:40:31][INFO] Found 507 tracklets in 12 trigger records. Applied filter for ITS IR frames: 0. Transformed 507 tracklets.
[17833:TRDTRACKLETTRANSFORMER]: [17:40:31][INFO] Sending end-of-stream message to channel from_TRDTRACKLETTRANSFORMER_to_trd-calibrated-tracklet-writer
[INFO] Quitting
[INFO] QUIT_REQUESTED
[17830:internal-dpl-clock]: [17:40:31][INFO] Received device shutdown request (signal 15).
[17830:internal-dpl-clock]: [17:40:31][INFO] Waiting for graceful device shutdown. Hit Ctrl-C again to abort immediately.
[17830:internal-dpl-clock]: [17:40:31][INFO] New state requested. No timeout set, quitting immediately as per --completion-policy
[17830:internal-dpl-clock]: [17:40:31][INFO] Sending end-of-stream message to channel from_internal-dpl-clock_to_TRDTrackletReader
[17830:internal-dpl-clock]: [17:40:31][STATE] RUNNING ---> READY
[17830:internal-dpl-clock]: [17:40:31][STATE] READY ---> RESETTING TASK
[17830:internal-dpl-clock]: [17:40:31][STATE] RESETTING TASK ---> DEVICE READY
[17832:internal-dpl-ccdb-backend]: [17:40:31][INFO] Received device shutdown request (signal 15).
[17832:internal-dpl-ccdb-backend]: [17:40:31][INFO] Waiting for graceful device shutdown. Hit Ctrl-C again to abort immediately.
[17830:internal-dpl-clock]: [17:40:31][STATE] DEVICE READY ---> RESETTING DEVICE
[17832:internal-dpl-ccdb-backend]: [17:40:31][INFO] New state requested. No timeout set, quitting immediately as per --completion-policy
[17832:internal-dpl-ccdb-backend]: [17:40:31][INFO] CCDB cache miss/hit ratio:
[17832:internal-dpl-ccdb-backend]: [17:40:31][INFO]   TRD/Calib/CalVdriftExB: 1/0 (1024-1024 bytes)
[17832:internal-dpl-ccdb-backend]: [17:40:31][INFO]   GLO/Config/GRPMagField: 1/0 (1024-1024 bytes)
[17832:internal-dpl-ccdb-backend]: [17:40:31][INFO]   GLO/Config/GeometryAligned: 1/0 (1847296-1847296 bytes)
[17832:internal-dpl-ccdb-backend]: [17:40:31][INFO]   CTP/Calib/OrbitReset: 1/1 (1024-1024 bytes)
[17832:internal-dpl-ccdb-backend]: [17:40:31][STATE] RUNNING ---> READY
[17832:internal-dpl-ccdb-backend]: [17:40:31][STATE] READY ---> RESETTING TASK
[17832:internal-dpl-ccdb-backend]: [17:40:31][STATE] RESETTING TASK ---> DEVICE READY
[17832:internal-dpl-ccdb-backend]: [17:40:31][STATE] DEVICE READY ---> RESETTING DEVICE
[17835:internal-dpl-injected-dummy-sink]: [17:40:31][INFO] Received device shutdown request (signal 15).
[17835:internal-dpl-injected-dummy-sink]: [17:40:31][INFO] Waiting for graceful device shutdown. Hit Ctrl-C again to abort immediately.
[17830:internal-dpl-clock]: [17:40:31][STATE] RESETTING DEVICE ---> IDLE
[17830:internal-dpl-clock]: [17:40:31][STATE] IDLE ---> EXITING
[17830:internal-dpl-clock]: [17:40:31][STATE] Exiting FairMQ state machine
[17835:internal-dpl-injected-dummy-sink]: [17:40:31][INFO] New state requested. No timeout set, quitting immediately as per --completion-policy
[17835:internal-dpl-injected-dummy-sink]: [17:40:31][STATE] RUNNING ---> READY
[17835:internal-dpl-injected-dummy-sink]: [17:40:31][STATE] READY ---> RESETTING TASK
[17835:internal-dpl-injected-dummy-sink]: [17:40:31][STATE] RESETTING TASK ---> DEVICE READY
[17835:internal-dpl-injected-dummy-sink]: [17:40:31][STATE] DEVICE READY ---> RESETTING DEVICE
[17832:internal-dpl-ccdb-backend]: [17:40:31][STATE] RESETTING DEVICE ---> IDLE
[17834:trd-calibrated-tracklet-writer]: [17:40:31][INFO] Received device shutdown request (signal 15).
[17834:trd-calibrated-tracklet-writer]: [17:40:31][INFO] Waiting for graceful device shutdown. Hit Ctrl-C again to abort immediately.
[17831:TRDTrackletReader]: [17:40:31][INFO] Received device shutdown request (signal 15).
[17831:TRDTrackletReader]: [17:40:31][INFO] Waiting for graceful device shutdown. Hit Ctrl-C again to abort immediately.
[17832:internal-dpl-ccdb-backend]: [17:40:31][STATE] IDLE ---> EXITING
[17833:TRDTRACKLETTRANSFORMER]: [17:40:31][INFO] Received device shutdown request (signal 15).
[17833:TRDTRACKLETTRANSFORMER]: [17:40:31][INFO] Waiting for graceful device shutdown. Hit Ctrl-C again to abort immediately.
[17835:internal-dpl-injected-dummy-sink]: [17:40:31][STATE] RESETTING DEVICE ---> IDLE
[17832:internal-dpl-ccdb-backend]: [17:40:31][STATE] Exiting FairMQ state machine
[17831:TRDTrackletReader]: [17:40:31][INFO] New state requested. No timeout set, quitting immediately as per --completion-policy
[17831:TRDTrackletReader]: [17:40:31][STATE] RUNNING ---> READY
[17831:TRDTrackletReader]: [17:40:31][STATE] READY ---> RESETTING TASK
[17831:TRDTrackletReader]: [17:40:31][STATE] RESETTING TASK ---> DEVICE READY
[17831:TRDTrackletReader]: [17:40:31][STATE] DEVICE READY ---> RESETTING DEVICE
[17833:TRDTRACKLETTRANSFORMER]: [17:40:31][INFO] New state requested. No timeout set, quitting immediately as per --completion-policy
[17833:TRDTRACKLETTRANSFORMER]: [17:40:31][STATE] RUNNING ---> READY
[17833:TRDTRACKLETTRANSFORMER]: [17:40:31][STATE] READY ---> RESETTING TASK
[17833:TRDTRACKLETTRANSFORMER]: [17:40:31][STATE] RESETTING TASK ---> DEVICE READY
[17834:trd-calibrated-tracklet-writer]: [17:40:31][INFO] New state requested. No timeout set, quitting immediately as per --completion-policy
[17835:internal-dpl-injected-dummy-sink]: [17:40:31][STATE] IDLE ---> EXITING
[17835:internal-dpl-injected-dummy-sink]: [17:40:31][STATE] Exiting FairMQ state machine
[17833:TRDTRACKLETTRANSFORMER]: [17:40:31][STATE] DEVICE READY ---> RESETTING DEVICE
[17833:TRDTRACKLETTRANSFORMER]: [17:40:31][STATE] RESETTING DEVICE ---> IDLE
[17833:TRDTRACKLETTRANSFORMER]: [17:40:31][STATE] IDLE ---> EXITING
[17833:TRDTRACKLETTRANSFORMER]: [17:40:31][STATE] Exiting FairMQ state machine
[17831:TRDTrackletReader]: [17:40:31][STATE] RESETTING DEVICE ---> IDLE
[17831:TRDTrackletReader]: [17:40:31][STATE] IDLE ---> EXITING
[17831:TRDTrackletReader]: [17:40:31][STATE] Exiting FairMQ state machine
[17834:trd-calibrated-tracklet-writer]: [17:40:32][STATE] RUNNING ---> READY
[17834:trd-calibrated-tracklet-writer]: [17:40:32][STATE] READY ---> RESETTING TASK
[17834:trd-calibrated-tracklet-writer]: [17:40:32][STATE] RESETTING TASK ---> DEVICE READY
[17834:trd-calibrated-tracklet-writer]: [17:40:32][STATE] DEVICE READY ---> RESETTING DEVICE
[17834:trd-calibrated-tracklet-writer]: [17:40:32][INFO] Cleaning up for shared memory id '8a3bbb87'...
[17834:trd-calibrated-tracklet-writer]: [17:40:32][INFO] Found 0 unmanaged regions...
[17834:trd-calibrated-tracklet-writer]: [17:40:32][INFO] Found 1 managed segments...
[17834:trd-calibrated-tracklet-writer]: [17:40:32][INFO] Successfully removed 'fmq_8a3bbb87_m_0'.
[17834:trd-calibrated-tracklet-writer]: [17:40:32][INFO] Successfully removed 'fmq_8a3bbb87_mng'.
[17834:trd-calibrated-tracklet-writer]: [17:40:32][STATE] RESETTING DEVICE ---> IDLE
[17834:trd-calibrated-tracklet-writer]: [17:40:32][STATE] IDLE ---> EXITING
[17834:trd-calibrated-tracklet-writer]: [17:40:32][STATE] Exiting FairMQ state machine
[INFO] ## Processes completed. Run summary:
[INFO] ### Devices started: 6
[INFO]  - Device internal-dpl-clock: pid 17830 (exit 0)
[INFO]  - Device TRDTrackletReader: pid 17831 (exit 0)
[INFO]  - Device internal-dpl-ccdb-backend: pid 17832 (exit 0)
[INFO]  - Device TRDTRACKLETTRANSFORMER: pid 17833 (exit 0)
[INFO]  - Device trd-calibrated-tracklet-writer: pid 17834 (exit 0)
[INFO]  - Device internal-dpl-injected-dummy-sink: pid 17835 (exit 0)
[INFO] Dumping used configuration in dpl-config.json
TASK-EXIT-CODE: 0
